#                                                                            --- full sequence --- -------------- this domain -------------   hmm coord   ali coord   env coord
# target name        accession   tlen query name           accession   qlen   E-value  score  bias   #  of  c-Evalue  i-Evalue  score  bias  from    to  from    to  from    to  acc description of target
#------------------- ---------- ----- -------------------- ---------- ----- --------- ------ ----- --- --- --------- --------- ------ ----- ----- ----- ----- ----- ----- ----- ---- ---------------------
ACNH67_005139-T1     -           1668 10182                -            906  2.4e-147  490.8   0.0   1   5     3e-20   1.1e-17   61.8   0.2     6    79   376   449   373   458 0.93 ACNH67_005139
ACNH67_005139-T1     -           1668 10182                -            906  2.4e-147  490.8   0.0   2   5   2.7e-09   9.5e-07   25.5   0.0   203   329   659   793   535   816 0.73 ACNH67_005139
ACNH67_005139-T1     -           1668 10182                -            906  2.4e-147  490.8   0.0   3   5   0.00051      0.18    8.1   0.0   384   440   920   986   887   993 0.74 ACNH67_005139
ACNH67_005139-T1     -           1668 10182                -            906  2.4e-147  490.8   0.0   4   5   2.5e-62   8.7e-60  201.1   0.0   423   665  1017  1266  1016  1284 0.87 ACNH67_005139
ACNH67_005139-T1     -           1668 10182                -            906  2.4e-147  490.8   0.0   5   5   7.8e-58   2.8e-55  186.2   0.0   677   902  1381  1639  1365  1643 0.81 ACNH67_005139
ACNH67_002075-T1     -            662 10182                -            906   1.4e-22   77.9   1.0   1   4   2.6e-10   9.1e-08   28.9   0.0   176   253    80   148    70   167 0.80 ACNH67_002075
ACNH67_002075-T1     -            662 10182                -            906   1.4e-22   77.9   1.0   2   4   4.6e-07   0.00016   18.2   0.0   126   185   195   252   177   254 0.53 ACNH67_002075
ACNH67_002075-T1     -            662 10182                -            906   1.4e-22   77.9   1.0   3   4   4.7e-11   1.7e-08   31.4   0.1   127   272   246   377   239   383 0.80 ACNH67_002075
ACNH67_002075-T1     -            662 10182                -            906   1.4e-22   77.9   1.0   4   4   8.1e-07   0.00029   17.3   0.1   128   231   296   395   294   421 0.88 ACNH67_002075
ACNH67_005368-T1     -            824 10182                -            906   5.9e-18   62.6   0.3   1   3   2.9e-10     1e-07   28.7   0.0   227   312    14    92     7   107 0.84 ACNH67_005368
ACNH67_005368-T1     -            824 10182                -            906   5.9e-18   62.6   0.3   2   3   7.7e-11   2.7e-08   30.7   0.0   168   315   118   266   112   276 0.80 ACNH67_005368
ACNH67_005368-T1     -            824 10182                -            906   5.9e-18   62.6   0.3   3   3      0.64   2.2e+02   -2.2   0.0   290   320   288   317   283   320 0.80 ACNH67_005368
ACNH67_004598-T1     -            590 10182                -            906   1.9e-17   61.0   4.5   1   4   3.7e-09   1.3e-06   25.1   0.3   249   337    78   164    70   167 0.84 ACNH67_004598
ACNH67_004598-T1     -            590 10182                -            906   1.9e-17   61.0   4.5   2   4   3.2e-06    0.0011   15.4   0.1   250   298   134   181   131   184 0.92 ACNH67_004598
ACNH67_004598-T1     -            590 10182                -            906   1.9e-17   61.0   4.5   3   4   9.7e-10   3.4e-07   27.0   0.1   248   332   184   273   177   288 0.81 ACNH67_004598
ACNH67_004598-T1     -            590 10182                -            906   1.9e-17   61.0   4.5   4   4    0.0021      0.76    6.0   0.1   203   337   328   460   303   482 0.65 ACNH67_004598
ACNH67_002837-T1     -            581 10182                -            906   2.7e-14   50.5   7.2   1   3   7.8e-09   2.8e-06   24.0   0.4   248   334   216   292   208   304 0.81 ACNH67_002837
ACNH67_002837-T1     -            581 10182                -            906   2.7e-14   50.5   7.2   2   3   1.9e-06   0.00068   16.1   0.5   250   310   269   329   269   363 0.80 ACNH67_002837
ACNH67_002837-T1     -            581 10182                -            906   2.7e-14   50.5   7.2   3   3     4e-10   1.4e-07   28.3   0.9   172   313   304   451   301   462 0.79 ACNH67_002837
ACNH67_002306-T1     -           1270 10182                -            906   6.2e-13   46.0   0.0   1   4    0.0012      0.44    6.8   0.0   166   225    19    74     9    81 0.81 ACNH67_002306
ACNH67_002306-T1     -           1270 10182                -            906   6.2e-13   46.0   0.0   2   4      0.01       3.6    3.8   0.0   125   146    82   103    75   110 0.86 ACNH67_002306
ACNH67_002306-T1     -           1270 10182                -            906   6.2e-13   46.0   0.0   3   4   2.8e-10   9.8e-08   28.8   0.0   203   314   129   242   115   250 0.84 ACNH67_002306
ACNH67_002306-T1     -           1270 10182                -            906   6.2e-13   46.0   0.0   4   4    0.0026       0.9    5.8   0.0   138   222   231   313   228   327 0.78 ACNH67_002306
ACNH67_004622-T1     -            801 10182                -            906   6.6e-13   45.9   0.5   1   3     8e-06    0.0028   14.0   0.0   245   330    73   160    67   184 0.75 ACNH67_004622
ACNH67_004622-T1     -            801 10182                -            906   6.6e-13   45.9   0.5   2   3    0.0014       0.5    6.6   0.1   244   286   228   267   211   274 0.80 ACNH67_004622
ACNH67_004622-T1     -            801 10182                -            906   6.6e-13   45.9   0.5   3   3   4.2e-08   1.5e-05   21.6   0.0   122   258   278   408   273   415 0.81 ACNH67_004622
ACNH67_004480-T1     -            760 10182                -            906   1.3e-10   38.3   0.1   1   1   1.3e-12   4.8e-10   36.5   0.1   134   325    98   283    92   297 0.80 ACNH67_004480
ACNH67_002859-T1     -            673 10182                -            906   1.3e-07   28.4   0.3   1   2   1.2e-08   4.2e-06   23.4   0.1   126   309   236   431   224   460 0.73 ACNH67_002859
ACNH67_002859-T1     -            673 10182                -            906   1.3e-07   28.4   0.3   2   2      0.15        52   -0.1   0.0   290   312   470   492   441   501 0.71 ACNH67_002859
ACNH67_000531-T1     -            559 10182                -            906   1.6e-07   28.1   0.7   1   2   4.5e-05     0.016   11.6   0.0   125   221    95   191    80   203 0.79 ACNH67_000531
ACNH67_000531-T1     -            559 10182                -            906   1.6e-07   28.1   0.7   2   2   2.2e-05    0.0077   12.6   0.1   248   337   261   346   237   358 0.81 ACNH67_000531
ACNH67_004396-T1     -            512 10182                -            906     6e-05   19.6   0.0   1   3    0.0023      0.81    5.9   0.0   193   234   226   267   213   277 0.90 ACNH67_004396
ACNH67_004396-T1     -            512 10182                -            906     6e-05   19.6   0.0   2   3    0.0068       2.4    4.4   0.0   196   232   324   360   318   381 0.84 ACNH67_004396
ACNH67_004396-T1     -            512 10182                -            906     6e-05   19.6   0.0   3   3    0.0038       1.3    5.2   0.0   138   237   370   462   362   475 0.75 ACNH67_004396
ACNH67_004348-T1     -            256 10182                -            906   0.00013   18.5   0.0   1   2   6.6e-06    0.0023   14.3   0.0   248   314    89   162    71   173 0.77 ACNH67_004348
ACNH67_004348-T1     -            256 10182                -            906   0.00013   18.5   0.0   2   2   0.00046      0.16    8.2   0.0   129   238   140   255   139   256 0.78 ACNH67_004348
ACNH67_003468-T1     -            623 10182                -            906   0.00015   18.2   0.0   1   1   6.3e-07   0.00022   17.7   0.0   136   275    44   172     3   177 0.75 ACNH67_003468
ACNH67_002627-T1     -            598 10182                -            906     0.036   10.4   0.0   1   1   0.00014     0.048   10.0   0.0   472   530    29    83    14   116 0.83 ACNH67_002627
ACNH67_002326-T1     -            281 10182                -            906     0.055    9.8   0.0   1   1    0.0002     0.069    9.5   0.0   554   593     6    45     1    59 0.86 ACNH67_002326
ACNH67_002327-T1     -            281 10182                -            906     0.055    9.8   0.0   1   1    0.0002     0.069    9.5   0.0   554   593     6    45     1    59 0.86 ACNH67_002327
#
# Program:         hmmsearch
# Version:         3.1b2 (February 2015)
# Pipeline mode:   SEARCH
# Query file:      /home/edouard/GregarineStuff/Lgryllorum_Genome_analysis/Funannotate/Run_v3/species_train/annotate_results/busco_downloads/lineages/apicomplexa_odb12/hmms/10182at5794.hmm
# Target file:     /home/edouard/GregarineStuff/Lgryllorum_Genome_analysis/Funannotate/Run_v3/species_train/annotate_results/Leidyana_gryllorum.proteins.fa
# Option settings: hmmsearch --domtblout /home/edouard/GregarineStuff/Lgryllorum_Genome_analysis/Funannotate/Run_v3/species_train/annotate_results/busco/run_apicomplexa_odb12/hmmer_output/initial_run_results/10182at5794.out --cpu 1 /home/edouard/GregarineStuff/Lgryllorum_Genome_analysis/Funannotate/Run_v3/species_train/annotate_results/busco_downloads/lineages/apicomplexa_odb12/hmms/10182at5794.hmm /home/edouard/GregarineStuff/Lgryllorum_Genome_analysis/Funannotate/Run_v3/species_train/annotate_results/Leidyana_gryllorum.proteins.fa 
# Current dir:     /home/edouard/GregarineStuff/Lgryllorum_Genome_analysis/Funannotate/Run_v3/species_train/annotate_results
# Date:            Tue Apr  1 17:36:07 2025
# [ok]
