#                                                                            --- full sequence --- -------------- this domain -------------   hmm coord   ali coord   env coord
# target name        accession   tlen query name           accession   qlen   E-value  score  bias   #  of  c-Evalue  i-Evalue  score  bias  from    to  from    to  from    to  acc description of target
#------------------- ---------- ----- -------------------- ---------- ----- --------- ------ ----- --- --- --------- --------- ------ ----- ----- ----- ----- ----- ----- ----- ---- ---------------------
ACNH67_004186-T1     -           1606 10285                -            364   2.1e-67  225.6   0.0   1   1   7.8e-70   1.1e-66  223.3   0.0    22   363  1208  1581  1195  1582 0.81 ACNH67_004186
ACNH67_003428-T1     -            631 10285                -            364   5.9e-14   49.8   0.0   1   2   1.1e-14   1.5e-11   41.8   0.0    28   205   288   464   269   484 0.81 ACNH67_003428
ACNH67_003428-T1     -            631 10285                -            364   5.9e-14   49.8   0.0   2   2    0.0014         2    5.2   0.0   318   362   571   618   556   620 0.72 ACNH67_003428
ACNH67_001214-T1     -            635 10285                -            364   6.2e-05   20.1   0.1   1   2   3.8e-07   0.00054   17.0   0.1    29   206   254   443   234   463 0.66 ACNH67_001214
ACNH67_001214-T1     -            635 10285                -            364   6.2e-05   20.1   0.1   2   2      0.17   2.4e+02   -1.6   0.0   321   346   582   607   577   620 0.80 ACNH67_001214
ACNH67_000214-T1     -            671 10285                -            364   0.00035   17.6   0.1   1   3   3.2e-05     0.045   10.7   0.0    28    55   237   264   216   279 0.85 ACNH67_000214
ACNH67_000214-T1     -            671 10285                -            364   0.00035   17.6   0.1   2   3      0.72     1e+03   -3.6   0.0   179   217   417   457   376   461 0.67 ACNH67_000214
ACNH67_000214-T1     -            671 10285                -            364   0.00035   17.6   0.1   3   3    0.0031       4.3    4.2   0.0   319   362   613   658   603   660 0.77 ACNH67_000214
#
# Program:         hmmsearch
# Version:         3.1b2 (February 2015)
# Pipeline mode:   SEARCH
# Query file:      /home/edouard/GregarineStuff/Lgryllorum_Genome_analysis/Funannotate/Run_v3/species_train/annotate_results/busco_downloads/lineages/apicomplexa_odb12/hmms/10285at5794.hmm
# Target file:     /home/edouard/GregarineStuff/Lgryllorum_Genome_analysis/Funannotate/Run_v3/species_train/annotate_results/Leidyana_gryllorum.proteins.fa
# Option settings: hmmsearch --domtblout /home/edouard/GregarineStuff/Lgryllorum_Genome_analysis/Funannotate/Run_v3/species_train/annotate_results/busco/run_apicomplexa_odb12/hmmer_output/initial_run_results/10285at5794.out --cpu 1 /home/edouard/GregarineStuff/Lgryllorum_Genome_analysis/Funannotate/Run_v3/species_train/annotate_results/busco_downloads/lineages/apicomplexa_odb12/hmms/10285at5794.hmm /home/edouard/GregarineStuff/Lgryllorum_Genome_analysis/Funannotate/Run_v3/species_train/annotate_results/Leidyana_gryllorum.proteins.fa 
# Current dir:     /home/edouard/GregarineStuff/Lgryllorum_Genome_analysis/Funannotate/Run_v3/species_train/annotate_results
# Date:            Tue Apr  1 17:36:07 2025
# [ok]
