#                                                                            --- full sequence --- -------------- this domain -------------   hmm coord   ali coord   env coord
# target name        accession   tlen query name           accession   qlen   E-value  score  bias   #  of  c-Evalue  i-Evalue  score  bias  from    to  from    to  from    to  acc description of target
#------------------- ---------- ----- -------------------- ---------- ----- --------- ------ ----- --- --- --------- --------- ------ ----- ----- ----- ----- ----- ----- ----- ---- ---------------------
ACNH67_000818-T1     -            729 10332                -            578   1.9e-69  232.9   0.9   1   5   0.00019      0.36    7.5   0.3     2    31    12    42    11    52 0.78 ACNH67_000818
ACNH67_000818-T1     -            729 10332                -            578   1.9e-69  232.9   0.9   2   5   3.7e-07    0.0007   16.4   0.2    10    69    57   116    48   132 0.78 ACNH67_000818
ACNH67_000818-T1     -            729 10332                -            578   1.9e-69  232.9   0.9   3   5   6.2e-09   1.2e-05   22.3   0.0    85   139   178   233   167   241 0.86 ACNH67_000818
ACNH67_000818-T1     -            729 10332                -            578   1.9e-69  232.9   0.9   4   5   4.2e-17     8e-14   49.2   0.0   165   243   301   385   248   406 0.87 ACNH67_000818
ACNH67_000818-T1     -            729 10332                -            578   1.9e-69  232.9   0.9   5   5   2.6e-41   4.9e-38  129.2   0.0   262   479   462   704   449   711 0.80 ACNH67_000818
ACNH67_002493-T1     -           1156 10332                -            578   1.6e-39  134.1   0.0   1   2   1.5e-17   2.8e-14   50.8   0.0    36   242    72   313    42   332 0.67 ACNH67_002493
ACNH67_002493-T1     -           1156 10332                -            578   1.6e-39  134.1   0.0   2   2   1.8e-26   3.4e-23   80.2   0.1   379   566   789   986   758   995 0.85 ACNH67_002493
ACNH67_000819-T1     -            186 10332                -            578   2.4e-39  133.5   0.1   1   1   1.6e-42     3e-39  133.2   0.1   474   560    24   110     5   112 0.94 ACNH67_000819
#
# Program:         hmmsearch
# Version:         3.1b2 (February 2015)
# Pipeline mode:   SEARCH
# Query file:      /home/edouard/GregarineStuff/Lgryllorum_Genome_analysis/Funannotate/Run_v3/species_train/annotate_results/busco_downloads/lineages/apicomplexa_odb12/hmms/10332at5794.hmm
# Target file:     /home/edouard/GregarineStuff/Lgryllorum_Genome_analysis/Funannotate/Run_v3/species_train/annotate_results/Leidyana_gryllorum.proteins.fa
# Option settings: hmmsearch --domtblout /home/edouard/GregarineStuff/Lgryllorum_Genome_analysis/Funannotate/Run_v3/species_train/annotate_results/busco/run_apicomplexa_odb12/hmmer_output/initial_run_results/10332at5794.out --cpu 1 /home/edouard/GregarineStuff/Lgryllorum_Genome_analysis/Funannotate/Run_v3/species_train/annotate_results/busco_downloads/lineages/apicomplexa_odb12/hmms/10332at5794.hmm /home/edouard/GregarineStuff/Lgryllorum_Genome_analysis/Funannotate/Run_v3/species_train/annotate_results/Leidyana_gryllorum.proteins.fa 
# Current dir:     /home/edouard/GregarineStuff/Lgryllorum_Genome_analysis/Funannotate/Run_v3/species_train/annotate_results
# Date:            Tue Apr  1 17:36:08 2025
# [ok]
