#                                                                            --- full sequence --- -------------- this domain -------------   hmm coord   ali coord   env coord
# target name        accession   tlen query name           accession   qlen   E-value  score  bias   #  of  c-Evalue  i-Evalue  score  bias  from    to  from    to  from    to  acc description of target
#------------------- ---------- ----- -------------------- ---------- ----- --------- ------ ----- --- --- --------- --------- ------ ----- ----- ----- ----- ----- ----- ----- ---- ---------------------
ACNH67_003122-T1     -            985 10486                -            524  1.1e-150  501.1   0.0   1   3      0.52   1.5e+02   -0.9   0.0    47    77   118   148    84   162 0.68 ACNH67_003122
ACNH67_003122-T1     -            985 10486                -            524  1.1e-150  501.1   0.0   2   3  5.8e-124  1.7e-121  404.8   0.0    11   437   275   734   266   744 0.83 ACNH67_003122
ACNH67_003122-T1     -            985 10486                -            524  1.1e-150  501.1   0.0   3   3   2.7e-29   8.2e-27   92.4   0.0   434   517   762   846   757   852 0.92 ACNH67_003122
ACNH67_001175-T1     -           1826 10486                -            524   8.1e-11   39.6   0.0   1   5   3.2e-05    0.0095   13.0   0.0    14    78   298   363   291   368 0.88 ACNH67_001175
ACNH67_001175-T1     -           1826 10486                -            524   8.1e-11   39.6   0.0   2   5    0.0026      0.76    6.7   0.0    24    65   374   416   369   494 0.63 ACNH67_001175
ACNH67_001175-T1     -           1826 10486                -            524   8.1e-11   39.6   0.0   3   5      0.29        87   -0.1   0.0    20    56   505   542   484   567 0.72 ACNH67_001175
ACNH67_001175-T1     -           1826 10486                -            524   8.1e-11   39.6   0.0   4   5   0.00016     0.048   10.7   0.0    13    76  1174  1238  1164  1242 0.83 ACNH67_001175
ACNH67_001175-T1     -           1826 10486                -            524   8.1e-11   39.6   0.0   5   5       0.1        30    1.5   0.0    13    48  1241  1276  1238  1287 0.88 ACNH67_001175
ACNH67_000404-T1     -           1175 10486                -            524   1.1e-09   35.9   0.0   1   3      0.14        42    1.0   0.0    26    77   340   392   320   402 0.83 ACNH67_000404
ACNH67_000404-T1     -           1175 10486                -            524   1.1e-09   35.9   0.0   2   3   0.00024     0.071   10.1   0.0    24   143   407   528   401   562 0.77 ACNH67_000404
ACNH67_000404-T1     -           1175 10486                -            524   1.1e-09   35.9   0.0   3   3   2.1e-07   6.3e-05   20.2   0.0    17   104   814   902   803   914 0.85 ACNH67_000404
ACNH67_001872-T1     -            191 10486                -            524   6.4e-09   33.4   0.2   1   2     6e-08   1.8e-05   22.0   0.1    11    79    42   111    34   114 0.88 ACNH67_001872
ACNH67_001872-T1     -            191 10486                -            524   6.4e-09   33.4   0.2   2   2   0.00011     0.031   11.3   0.0    10    59   109   160   106   188 0.81 ACNH67_001872
ACNH67_004518-T1     -            553 10486                -            524   2.2e-08   31.6   0.0   1   6      0.61   1.8e+02   -1.1   0.0    14    68    14    70     5    80 0.71 ACNH67_004518
ACNH67_004518-T1     -            553 10486                -            524   2.2e-08   31.6   0.0   2   6   5.7e-06    0.0017   15.5   0.0    14    75    82   145    72   155 0.85 ACNH67_004518
ACNH67_004518-T1     -            553 10486                -            524   2.2e-08   31.6   0.0   3   6      0.17        50    0.7   0.0    14    64   150   200   143   208 0.86 ACNH67_004518
ACNH67_004518-T1     -            553 10486                -            524   2.2e-08   31.6   0.0   4   6      0.31        91   -0.1   0.0    20    65   224   271   213   306 0.76 ACNH67_004518
ACNH67_004518-T1     -            553 10486                -            524   2.2e-08   31.6   0.0   5   6      0.72   2.1e+02   -1.3   0.0    13    53   338   378   332   410 0.71 ACNH67_004518
ACNH67_004518-T1     -            553 10486                -            524   2.2e-08   31.6   0.0   6   6    0.0032      0.96    6.4   0.0    17    73   410   468   399   477 0.86 ACNH67_004518
ACNH67_001729-T1     -            495 10486                -            524   5.7e-07   26.9   2.1   1   3   0.00048      0.14    9.1   0.0   210   298    54   142    41   148 0.80 ACNH67_001729
ACNH67_001729-T1     -            495 10486                -            524   5.7e-07   26.9   2.1   2   3   1.8e-05    0.0053   13.9   0.4   331   372   161   199   153   202 0.86 ACNH67_001729
ACNH67_001729-T1     -            495 10486                -            524   5.7e-07   26.9   2.1   3   3     0.096        29    1.5   0.2   404   440   206   247   203   255 0.65 ACNH67_001729
ACNH67_004162-T1     -            468 10486                -            524   3.9e-06   24.2   0.0   1   2   1.7e-06    0.0005   17.2   0.0    14    76    47   111    35   123 0.83 ACNH67_004162
ACNH67_004162-T1     -            468 10486                -            524   3.9e-06   24.2   0.0   2   2      0.01         3    4.8   0.0    12    52   233   273   223   310 0.71 ACNH67_004162
ACNH67_004511-T1     -            247 10486                -            524   8.3e-06   23.1   0.0   1   2    0.0023      0.68    6.9   0.0    19   106     6    96     2   103 0.74 ACNH67_004511
ACNH67_004511-T1     -            247 10486                -            524   8.3e-06   23.1   0.0   2   2   8.6e-06    0.0026   14.9   0.0     9   143   100   239    92   243 0.77 ACNH67_004511
ACNH67_001584-T1     -            167 10486                -            524   9.9e-06   22.8   0.1   1   2   0.00014     0.041   10.9   0.0    19    78    29    89    12    96 0.77 ACNH67_001584
ACNH67_001584-T1     -            167 10486                -            524   9.9e-06   22.8   0.1   2   2   0.00038      0.11    9.5   0.0    15    67    91   144    87   165 0.75 ACNH67_001584
ACNH67_002231-T1     -            238 10486                -            524   1.1e-05   22.7   0.0   1   1   9.8e-08   2.9e-05   21.3   0.0    13    85    67   140    58   155 0.85 ACNH67_002231
ACNH67_003364-T1     -            729 10486                -            524   2.1e-05   21.8   0.0   1   2       1.7     5e+02   -2.6   0.0    23    48   583   608   580   617 0.85 ACNH67_003364
ACNH67_003364-T1     -            729 10486                -            524   2.1e-05   21.8   0.0   2   2   1.8e-07   5.4e-05   20.4   0.0     7    72   639   706   634   716 0.85 ACNH67_003364
ACNH67_003202-T1     -            168 10486                -            524   4.9e-05   20.6   0.0   1   1   1.9e-07   5.6e-05   20.4   0.0    12    73    76   138    66   159 0.86 ACNH67_003202
ACNH67_002537-T1     -            460 10486                -            524   7.6e-05   19.9   0.0   1   2     0.021       6.4    3.7   0.0    17    53    72   108    56   132 0.82 ACNH67_002537
ACNH67_002537-T1     -            460 10486                -            524   7.6e-05   19.9   0.0   2   2   1.2e-05    0.0037   14.4   0.0     7    77   129   199   123   210 0.84 ACNH67_002537
ACNH67_000389-T1     -            499 10486                -            524   0.00029   18.0   5.2   1   2   2.1e-06   0.00062   16.9   1.4   331   372   167   205    47   208 0.73 ACNH67_000389
ACNH67_000389-T1     -            499 10486                -            524   0.00029   18.0   5.2   2   2      0.29        88   -0.1   0.1   404   423   212   230   209   252 0.81 ACNH67_000389
ACNH67_005090-T1     -            190 10486                -            524   0.00052   17.2   0.0   1   1   3.9e-06    0.0012   16.0   0.0    12   106    58   155    51   164 0.80 ACNH67_005090
ACNH67_000365-T1     -            633 10486                -            524    0.0014   15.7   0.0   1   2   0.00015     0.044   10.8   0.0    14    75    42   104    33   109 0.86 ACNH67_000365
ACNH67_000365-T1     -            633 10486                -            524    0.0014   15.7   0.0   2   2    0.0001      0.03   11.3   0.0    13    58    74   119    70   179 0.86 ACNH67_000365
ACNH67_000930-T1     -            817 10486                -            524     0.007   13.4   0.1   1   1   3.4e-05      0.01   12.9   0.1    12   114   102   203    92   218 0.79 ACNH67_000930
ACNH67_004937-T1     -           1061 10486                -            524     0.055   10.5   0.0   1   2     0.023       6.7    3.6   0.0    13    60    30    78    16   109 0.77 ACNH67_004937
ACNH67_004937-T1     -           1061 10486                -            524     0.055   10.5   0.0   2   2     0.012       3.7    4.5   0.0    14    96   212   295   177   345 0.81 ACNH67_004937
ACNH67_004791-T1     -           2009 10486                -            524     0.088    9.8   0.0   1   1   0.00045      0.13    9.2   0.0     7    90  1281  1365  1261  1380 0.69 ACNH67_004791
#
# Program:         hmmsearch
# Version:         3.1b2 (February 2015)
# Pipeline mode:   SEARCH
# Query file:      /home/edouard/GregarineStuff/Lgryllorum_Genome_analysis/Funannotate/Run_v3/species_train/annotate_results/busco_downloads/lineages/apicomplexa_odb12/hmms/10486at5794.hmm
# Target file:     /home/edouard/GregarineStuff/Lgryllorum_Genome_analysis/Funannotate/Run_v3/species_train/annotate_results/Leidyana_gryllorum.proteins.fa
# Option settings: hmmsearch --domtblout /home/edouard/GregarineStuff/Lgryllorum_Genome_analysis/Funannotate/Run_v3/species_train/annotate_results/busco/run_apicomplexa_odb12/hmmer_output/initial_run_results/10486at5794.out --cpu 1 /home/edouard/GregarineStuff/Lgryllorum_Genome_analysis/Funannotate/Run_v3/species_train/annotate_results/busco_downloads/lineages/apicomplexa_odb12/hmms/10486at5794.hmm /home/edouard/GregarineStuff/Lgryllorum_Genome_analysis/Funannotate/Run_v3/species_train/annotate_results/Leidyana_gryllorum.proteins.fa 
# Current dir:     /home/edouard/GregarineStuff/Lgryllorum_Genome_analysis/Funannotate/Run_v3/species_train/annotate_results
# Date:            Tue Apr  1 17:36:09 2025
# [ok]
