#                                                                            --- full sequence --- -------------- this domain -------------   hmm coord   ali coord   env coord
# target name        accession   tlen query name           accession   qlen   E-value  score  bias   #  of  c-Evalue  i-Evalue  score  bias  from    to  from    to  from    to  acc description of target
#------------------- ---------- ----- -------------------- ---------- ----- --------- ------ ----- --- --- --------- --------- ------ ----- ----- ----- ----- ----- ----- ----- ---- ---------------------
ACNH67_005460-T1     -            779 10895                -            485   2.2e-83  279.0   0.0   1   2   5.7e-33   7.1e-31  105.9   0.0     1   162     1   174     1   184 0.87 ACNH67_005460
ACNH67_005460-T1     -            779 10895                -            485   2.2e-83  279.0   0.0   2   2   1.1e-52   1.4e-50  170.9   0.2   225   480   292   572   249   577 0.84 ACNH67_005460
ACNH67_005263-T1     -            643 10895                -            485   5.3e-21   73.3   0.7   1   3   3.7e-17   4.5e-15   53.8   0.0    39   158    51   183    17   188 0.78 ACNH67_005263
ACNH67_005263-T1     -            643 10895                -            485   5.3e-21   73.3   0.7   2   3     0.074       9.1    3.3   0.0   224   287   319   389   301   400 0.77 ACNH67_005263
ACNH67_005263-T1     -            643 10895                -            485   5.3e-21   73.3   0.7   3   3   0.00012     0.015   12.5   0.0   406   480   490   567   486   571 0.84 ACNH67_005263
ACNH67_000631-T1     -            977 10895                -            485   4.1e-11   40.7   1.7   1   5      0.77        95   -0.1   0.0   424   455   352   383   345   411 0.80 ACNH67_000631
ACNH67_000631-T1     -            977 10895                -            485   4.1e-11   40.7   1.7   2   5   6.7e-05    0.0082   13.3   0.2   363   482   486   614   479   617 0.80 ACNH67_000631
ACNH67_000631-T1     -            977 10895                -            485   4.1e-11   40.7   1.7   3   5    0.0021      0.26    8.4   0.0   412   462   621   671   614   690 0.85 ACNH67_000631
ACNH67_000631-T1     -            977 10895                -            485   4.1e-11   40.7   1.7   4   5   0.00028     0.035   11.2   0.0   365   472   683   800   668   811 0.80 ACNH67_000631
ACNH67_000631-T1     -            977 10895                -            485   4.1e-11   40.7   1.7   5   5      0.19        23    2.0   0.0   317   362   875   922   854   942 0.85 ACNH67_000631
ACNH67_003806-T1     -            484 10895                -            485   8.8e-11   39.6   0.0   1   1   1.3e-12   1.6e-10   38.7   0.0    50   200   191   349   174   355 0.71 ACNH67_003806
ACNH67_003730-T1     -            286 10895                -            485   1.1e-09   36.0   0.0   1   1   1.3e-11   1.6e-09   35.5   0.0    62   202    45   194    11   224 0.74 ACNH67_003730
ACNH67_000126-T1     -            665 10895                -            485   9.3e-09   32.9   0.2   1   1   1.2e-10   1.5e-08   32.3   0.2    59   142   245   340   234   524 0.81 ACNH67_000126
ACNH67_002523-T1     -            677 10895                -            485   3.5e-08   31.0   0.0   1   1   4.5e-10   5.5e-08   30.4   0.0    76   168   421   521   382   549 0.84 ACNH67_002523
ACNH67_003675-T1     -            596 10895                -            485   9.7e-08   29.6   0.3   1   1   1.5e-09   1.9e-07   28.6   0.3    58   142   192   288   182   346 0.76 ACNH67_003675
ACNH67_002685-T1     -            740 10895                -            485   3.4e-07   27.8   0.1   1   1   4.1e-09     5e-07   27.2   0.1    59   175   448   572   434   588 0.80 ACNH67_002685
ACNH67_001150-T1     -            290 10895                -            485   4.7e-06   24.0   0.0   1   1   5.7e-08     7e-06   23.5   0.0    51   139    17   113     3   179 0.76 ACNH67_001150
ACNH67_004412-T1     -            387 10895                -            485   6.6e-06   23.5   0.0   1   1   1.4e-07   1.8e-05   22.1   0.0    57   199    10   164     4   183 0.71 ACNH67_004412
ACNH67_004049-T1     -            914 10895                -            485     8e-06   23.3   0.0   1   1   1.1e-07   1.3e-05   22.5   0.0    49   157   350   465   336   472 0.85 ACNH67_004049
ACNH67_003146-T1     -            655 10895                -            485     9e-06   23.1   0.1   1   1   1.2e-07   1.5e-05   22.3   0.1    73   143   371   448   346   453 0.79 ACNH67_003146
ACNH67_004409-T1     -           2132 10895                -            485   1.9e-05   22.0   0.1   1   1   2.4e-07     3e-05   21.4   0.1    66   144  1678  1764  1647  1776 0.80 ACNH67_004409
ACNH67_002049-T1     -            352 10895                -            485   2.2e-05   21.8   0.0   1   1   2.5e-07   3.1e-05   21.3   0.0    44   200   134   295   106   310 0.78 ACNH67_002049
ACNH67_003858-T1     -            525 10895                -            485   2.3e-05   21.8   0.0   1   1   2.6e-07   3.2e-05   21.3   0.0   113   199   115   208    49   239 0.81 ACNH67_003858
ACNH67_005582-T1     -            631 10895                -            485   3.3e-05   21.2   0.0   1   1   4.9e-07     6e-05   20.4   0.0    60   100   208   248   200   307 0.81 ACNH67_005582
ACNH67_003262-T1     -           1267 10895                -            485   4.2e-05   20.9   0.0   1   1   6.6e-07   8.2e-05   19.9   0.0   107   200   117   210    71   217 0.80 ACNH67_003262
ACNH67_004277-T1     -            378 10895                -            485   4.7e-05   20.7   0.1   1   1   5.2e-07   6.4e-05   20.3   0.1    69   163   118   221   111   252 0.85 ACNH67_004277
ACNH67_001409-T1     -            502 10895                -            485   5.4e-05   20.5   0.1   1   1   2.4e-06   0.00029   18.1   0.1    57   144    76   178    60   181 0.73 ACNH67_001409
ACNH67_004527-T1     -            526 10895                -            485   5.4e-05   20.5   0.0   1   1   6.5e-07   7.9e-05   20.0   0.0    39   153     3   126     1   135 0.83 ACNH67_004527
ACNH67_004293-T1     -            322 10895                -            485   0.00011   19.5   0.0   1   1   1.3e-06   0.00016   19.0   0.0    61   200    91   241    80   267 0.74 ACNH67_004293
ACNH67_001062-T1     -           1824 10895                -            485   0.00016   18.9   0.1   1   1     2e-06   0.00025   18.3   0.1    30   144  1253  1375  1229  1435 0.82 ACNH67_001062
ACNH67_005347-T1     -            346 10895                -            485   0.00018   18.8   0.0   1   1   2.3e-06   0.00028   18.1   0.0    45   200    68   228    59   248 0.81 ACNH67_005347
ACNH67_005579-T1     -            415 10895                -            485   0.00025   18.3   0.0   1   1   3.4e-06   0.00041   17.6   0.0    66    99   210   243   195   253 0.88 ACNH67_005579
ACNH67_002687-T1     -            638 10895                -            485   0.00026   18.2   0.2   1   1   6.6e-06   0.00082   16.6   0.2    58   142   211   308   202   345 0.71 ACNH67_002687
ACNH67_004244-T1     -            846 10895                -            485   0.00028   18.2   0.0   1   2      0.26        32    1.5   0.0    61    90   100   129    92   133 0.79 ACNH67_004244
ACNH67_004244-T1     -            846 10895                -            485   0.00028   18.2   0.0   2   2   3.5e-05    0.0044   14.2   0.0   109   205   222   316   216   340 0.76 ACNH67_004244
ACNH67_003062-T1     -            577 10895                -            485    0.0004   17.7   0.0   1   1   4.7e-06   0.00058   17.1   0.0    59   148   108   205    98   220 0.75 ACNH67_003062
ACNH67_004661-T1     -            883 10895                -            485    0.0004   17.6   0.0   1   1   4.8e-06    0.0006   17.1   0.0    50   140   148   246   137   310 0.76 ACNH67_004661
ACNH67_001045-T1     -            528 10895                -            485   0.00064   17.0   0.0   1   1   7.7e-06   0.00094   16.4   0.0   108   145   234   271   228   296 0.90 ACNH67_001045
ACNH67_001470-T1     -            477 10895                -            485   0.00083   16.6   0.0   1   1   1.1e-05    0.0013   15.9   0.0    71   146   351   438   333   440 0.75 ACNH67_001470
ACNH67_000353-T1     -            981 10895                -            485    0.0009   16.5   0.0   1   1   1.2e-05    0.0015   15.7   0.0    49   200   702   858   697   862 0.79 ACNH67_000353
ACNH67_001032-T1     -            605 10895                -            485    0.0012   16.1   0.1   1   1   1.4e-05    0.0017   15.6   0.1    63   132   183   260   160   281 0.75 ACNH67_001032
ACNH67_002756-T1     -            373 10895                -            485    0.0012   16.1   0.0   1   1   1.3e-05    0.0016   15.6   0.0    63   145    90   180    82   237 0.75 ACNH67_002756
ACNH67_004098-T1     -            363 10895                -            485    0.0015   15.8   0.0   1   1   1.5e-05    0.0019   15.4   0.0    81   164   233   324   191   338 0.78 ACNH67_004098
ACNH67_002171-T1     -            365 10895                -            485    0.0015   15.8   0.0   1   1   1.9e-05    0.0023   15.1   0.0   115   204   182   277   175   284 0.74 ACNH67_002171
ACNH67_004964-T1     -            442 10895                -            485    0.0024   15.1   1.3   1   3     0.057         7    3.7   0.2   245   300    55   110    52   127 0.82 ACNH67_004964
ACNH67_004964-T1     -            442 10895                -            485    0.0024   15.1   1.3   2   3   0.00076     0.094    9.8   0.0   115   161   140   186   128   193 0.91 ACNH67_004964
ACNH67_004964-T1     -            442 10895                -            485    0.0024   15.1   1.3   3   3       6.8   8.4e+02   -3.2   0.0   185   206   237   258   234   261 0.76 ACNH67_004964
ACNH67_002990-T1     -           2741 10895                -            485    0.0026   14.9   0.9   1   4       8.2     1e+03   -3.5   0.0   264   311  1120  1167  1119  1168 0.89 ACNH67_002990
ACNH67_002990-T1     -           2741 10895                -            485    0.0026   14.9   0.9   2   4      0.13        16    2.5   0.0   324   460  1550  1695  1546  1707 0.74 ACNH67_002990
ACNH67_002990-T1     -           2741 10895                -            485    0.0026   14.9   0.9   3   4    0.0088       1.1    6.3   0.0   408   481  1895  1968  1891  1972 0.91 ACNH67_002990
ACNH67_002990-T1     -           2741 10895                -            485    0.0026   14.9   0.9   4   4       0.3        37    1.3   0.1   427   479  2111  2165  2104  2171 0.82 ACNH67_002990
ACNH67_005221-T1     -            316 10895                -            485    0.0029   14.8   0.0   1   1   2.6e-05    0.0032   14.7   0.0   115   200   147   236    38   281 0.81 ACNH67_005221
ACNH67_004888-T1     -            151 10895                -            485    0.0062   13.7   0.0   1   1   7.7e-05    0.0095   13.1   0.0   348   402    77   128    61   132 0.90 ACNH67_004888
ACNH67_002957-T1     -            477 10895                -            485    0.0064   13.7   0.0   1   1   0.00013     0.016   12.3   0.0   107   163   118   174    64   213 0.70 ACNH67_002957
ACNH67_004832-T1     -            867 10895                -            485    0.0065   13.7   0.0   1   1     9e-05     0.011   12.9   0.0   116   207   663   755   636   768 0.73 ACNH67_004832
ACNH67_002903-T1     -            600 10895                -            485     0.008   13.4   0.0   1   1   9.5e-05     0.012   12.8   0.0    76   142   214   288   205   292 0.83 ACNH67_002903
ACNH67_002165-T1     -           1516 10895                -            485    0.0083   13.3   0.0   1   1   0.00013     0.016   12.4   0.0    58    97   829   868   821   894 0.85 ACNH67_002165
ACNH67_005244-T1     -            386 10895                -            485     0.047   10.8   0.2   1   2      0.03       3.7    4.6   0.0    59    89    57    87    51    99 0.75 ACNH67_005244
ACNH67_005244-T1     -            386 10895                -            485     0.047   10.8   0.2   2   2     0.041         5    4.1   0.0   116   172   141   201   134   229 0.66 ACNH67_005244
ACNH67_003188-T1     -            329 10895                -            485     0.055   10.6   0.0   1   1   0.00079     0.098    9.8   0.0    80   155    17   100    15   122 0.79 ACNH67_003188
#
# Program:         hmmsearch
# Version:         3.1b2 (February 2015)
# Pipeline mode:   SEARCH
# Query file:      /home/edouard/GregarineStuff/Lgryllorum_Genome_analysis/Funannotate/Run_v3/species_train/annotate_results/busco_downloads/lineages/apicomplexa_odb12/hmms/10895at5794.hmm
# Target file:     /home/edouard/GregarineStuff/Lgryllorum_Genome_analysis/Funannotate/Run_v3/species_train/annotate_results/Leidyana_gryllorum.proteins.fa
# Option settings: hmmsearch --domtblout /home/edouard/GregarineStuff/Lgryllorum_Genome_analysis/Funannotate/Run_v3/species_train/annotate_results/busco/run_apicomplexa_odb12/hmmer_output/initial_run_results/10895at5794.out --cpu 1 /home/edouard/GregarineStuff/Lgryllorum_Genome_analysis/Funannotate/Run_v3/species_train/annotate_results/busco_downloads/lineages/apicomplexa_odb12/hmms/10895at5794.hmm /home/edouard/GregarineStuff/Lgryllorum_Genome_analysis/Funannotate/Run_v3/species_train/annotate_results/Leidyana_gryllorum.proteins.fa 
# Current dir:     /home/edouard/GregarineStuff/Lgryllorum_Genome_analysis/Funannotate/Run_v3/species_train/annotate_results
# Date:            Tue Apr  1 17:36:09 2025
# [ok]
