#                                                                            --- full sequence --- -------------- this domain -------------   hmm coord   ali coord   env coord
# target name        accession   tlen query name           accession   qlen   E-value  score  bias   #  of  c-Evalue  i-Evalue  score  bias  from    to  from    to  from    to  acc description of target
#------------------- ---------- ----- -------------------- ---------- ----- --------- ------ ----- --- --- --------- --------- ------ ----- ----- ----- ----- ----- ----- ----- ---- ---------------------
ACNH67_004093-T1     -            518 11080                -            389   3.1e-89  298.0   0.0   1   1   2.2e-91   4.4e-89  297.5   0.0     1   388    98   516    98   517 0.82 ACNH67_004093
ACNH67_001323-T1     -            521 11080                -            389   5.5e-10   37.1   0.0   1   3   7.6e-06    0.0015   15.9   0.0   115   197   125   203   111   225 0.82 ACNH67_001323
ACNH67_001323-T1     -            521 11080                -            389   5.5e-10   37.1   0.0   2   3      0.19        38    1.4   0.0   138   177   248   286   218   326 0.60 ACNH67_001323
ACNH67_001323-T1     -            521 11080                -            389   5.5e-10   37.1   0.0   3   3   8.1e-06    0.0016   15.8   0.0    90   199   375   481   359   489 0.82 ACNH67_001323
ACNH67_001408-T1     -            960 11080                -            389   1.7e-08   32.2   0.4   1   3    0.0023      0.46    7.8   0.0   103   197   174   270   147   281 0.79 ACNH67_001408
ACNH67_001408-T1     -            960 11080                -            389   1.7e-08   32.2   0.4   2   3       4.5     9e+02   -3.1   0.0   129   150   382   403   355   420 0.60 ACNH67_001408
ACNH67_001408-T1     -            960 11080                -            389   1.7e-08   32.2   0.4   3   3   2.4e-07   4.8e-05   20.9   0.0    88   219   640   771   627   785 0.81 ACNH67_001408
ACNH67_004907-T1     -            362 11080                -            389   3.3e-08   31.3   0.0   1   2   7.4e-06    0.0015   15.9   0.0    99   170   115   189    76   199 0.74 ACNH67_004907
ACNH67_004907-T1     -            362 11080                -            389   3.3e-08   31.3   0.0   2   2   5.7e-05     0.012   13.0   0.0    93   140   280   328   266   333 0.76 ACNH67_004907
ACNH67_001061-T1     -            496 11080                -            389   3.8e-08   31.1   0.0   1   1     5e-10     1e-07   29.7   0.0    42   230   265   464   251   468 0.72 ACNH67_001061
ACNH67_003831-T1     -           1286 11080                -            389   1.1e-07   29.6   0.0   1   4   0.00032     0.065   10.6   0.0    99   200     3   100     1   103 0.87 ACNH67_003831
ACNH67_003831-T1     -           1286 11080                -            389   1.1e-07   29.6   0.0   2   4   7.7e-05     0.015   12.6   0.0    87   154    75   142    65   157 0.86 ACNH67_003831
ACNH67_003831-T1     -           1286 11080                -            389   1.1e-07   29.6   0.0   3   4      0.05        10    3.3   0.0   169   202   184   217   180   245 0.85 ACNH67_003831
ACNH67_003831-T1     -           1286 11080                -            389   1.1e-07   29.6   0.0   4   4     0.014       2.8    5.2   0.0    93   157   240   304   218   316 0.80 ACNH67_003831
ACNH67_003156-T1     -            490 11080                -            389   1.2e-07   29.4   0.0   1   2   4.4e-07   8.9e-05   20.0   0.0    65   215   199   351   181   367 0.73 ACNH67_003156
ACNH67_003156-T1     -            490 11080                -            389   1.2e-07   29.4   0.0   2   2    0.0044      0.88    6.8   0.0   132   198   396   466   386   475 0.67 ACNH67_003156
ACNH67_005283-T1     -           1266 11080                -            389   1.3e-07   29.3   0.0   1   4     0.002      0.41    7.9   0.0    96   153   275   332   256   359 0.81 ACNH67_005283
ACNH67_005283-T1     -           1266 11080                -            389   1.3e-07   29.3   0.0   2   4      0.19        38    1.4   0.0    87   153   363   431   341   440 0.73 ACNH67_005283
ACNH67_005283-T1     -           1266 11080                -            389   1.3e-07   29.3   0.0   3   4    0.0091       1.8    5.8   0.0    59   166   715   822   682   832 0.67 ACNH67_005283
ACNH67_005283-T1     -           1266 11080                -            389   1.3e-07   29.3   0.0   4   4    0.0017      0.33    8.2   0.0    93   200   926  1035   865  1047 0.77 ACNH67_005283
ACNH67_004094-T1     -           1385 11080                -            389   1.4e-07   29.2   0.1   1   5     0.017       3.5    4.9   0.0   120   194   474   547   443   551 0.73 ACNH67_004094
ACNH67_004094-T1     -           1385 11080                -            389   1.4e-07   29.2   0.1   2   5     0.023       4.7    4.4   0.0   122   148   690   716   676   722 0.90 ACNH67_004094
ACNH67_004094-T1     -           1385 11080                -            389   1.4e-07   29.2   0.1   3   5   0.00033     0.067   10.5   0.0    88   158   809   880   797   917 0.80 ACNH67_004094
ACNH67_004094-T1     -           1385 11080                -            389   1.4e-07   29.2   0.1   4   5     0.084        17    2.6   0.0    96   149   910   966   884   989 0.75 ACNH67_004094
ACNH67_004094-T1     -           1385 11080                -            389   1.4e-07   29.2   0.1   5   5       0.1        21    2.3   0.0    79   159   938  1022   909  1045 0.53 ACNH67_004094
ACNH67_004666-T1     -            620 11080                -            389   1.2e-06   26.2   0.0   1   2   3.2e-07   6.4e-05   20.4   0.0    99   173   297   373   291   404 0.79 ACNH67_004666
ACNH67_004666-T1     -            620 11080                -            389   1.2e-06   26.2   0.0   2   2     0.069        14    2.9   0.0   103   174   519   592   507   604 0.79 ACNH67_004666
ACNH67_003296-T1     -            565 11080                -            389   1.3e-06   26.0   0.1   1   4   0.00087      0.18    9.1   0.0   114   176   104   167    74   199 0.78 ACNH67_003296
ACNH67_003296-T1     -            565 11080                -            389   1.3e-06   26.0   0.1   2   4   8.4e-05     0.017   12.5   0.0    84   199   203   322   194   333 0.72 ACNH67_003296
ACNH67_003296-T1     -            565 11080                -            389   1.3e-06   26.0   0.1   3   4       1.3   2.6e+02   -1.3   0.0   116   150   331   363   317   386 0.77 ACNH67_003296
ACNH67_003296-T1     -            565 11080                -            389   1.3e-06   26.0   0.1   4   4       1.9   3.7e+02   -1.8   0.0    32    62   425   455   411   462 0.73 ACNH67_003296
ACNH67_001215-T1     -            442 11080                -            389   1.4e-06   26.0   0.1   1   2      0.33        66    0.6   0.0   121   161    74   122    64   127 0.72 ACNH67_001215
ACNH67_001215-T1     -            442 11080                -            389   1.4e-06   26.0   0.1   2   2   8.2e-08   1.7e-05   22.4   0.1    43   194   164   320   159   381 0.73 ACNH67_001215
ACNH67_004652-T1     -            353 11080                -            389   6.5e-06   23.7   0.0   1   3       1.4   2.8e+02   -1.4   0.0   177   200   126   150   119   169 0.75 ACNH67_004652
ACNH67_004652-T1     -            353 11080                -            389   6.5e-06   23.7   0.0   2   3   1.2e-06   0.00024   18.5   0.0    90   206   173   283   159   294 0.88 ACNH67_004652
ACNH67_004652-T1     -            353 11080                -            389   6.5e-06   23.7   0.0   3   3      0.15        31    1.7   0.0   124   150   325   351   319   353 0.91 ACNH67_004652
ACNH67_001450-T1     -            491 11080                -            389   5.9e-05   20.6   0.0   1   4   2.9e-05    0.0058   14.0   0.0   114   202    82   171    78   178 0.79 ACNH67_001450
ACNH67_001450-T1     -            491 11080                -            389   5.9e-05   20.6   0.0   2   4         5     1e+03   -3.3   0.0   122   149   191   219   184   222 0.69 ACNH67_001450
ACNH67_001450-T1     -            491 11080                -            389   5.9e-05   20.6   0.0   3   4     0.063        13    3.0   0.0   122   154   251   282   235   308 0.81 ACNH67_001450
ACNH67_001450-T1     -            491 11080                -            389   5.9e-05   20.6   0.0   4   4       2.5   5.1e+02   -2.3   0.0   104   144   371   412   366   414 0.76 ACNH67_001450
ACNH67_002373-T1     -            845 11080                -            389   7.8e-05   20.2   0.0   1   2    0.0024      0.48    7.7   0.0   121   200   482   564   470   573 0.79 ACNH67_002373
ACNH67_002373-T1     -            845 11080                -            389   7.8e-05   20.2   0.0   2   2    0.0004     0.081   10.2   0.0   118   163   632   677   623   733 0.80 ACNH67_002373
ACNH67_000310-T1     -            401 11080                -            389    0.0001   19.8   0.0   1   1   9.4e-07   0.00019   18.9   0.0    29   157   149   279   131   292 0.77 ACNH67_000310
ACNH67_003323-T1     -           1057 11080                -            389   0.00014   19.3   0.1   1   1   2.8e-06   0.00057   17.3   0.0    58   202   201   346   190   375 0.76 ACNH67_003323
ACNH67_005088-T1     -            673 11080                -            389   0.00019   18.9   0.1   1   2   3.4e-05    0.0069   13.8   0.0    46   169   206   335   203   395 0.68 ACNH67_005088
ACNH67_005088-T1     -            673 11080                -            389   0.00019   18.9   0.1   2   2      0.43        88    0.2   0.1   122   143   423   444   420   447 0.91 ACNH67_005088
ACNH67_000829-T1     -            430 11080                -            389   0.00069   17.0   0.0   1   2    0.0029      0.59    7.4   0.0   113   150    92   129    89   179 0.87 ACNH67_000829
ACNH67_000829-T1     -            430 11080                -            389   0.00069   17.0   0.0   2   2     0.003      0.61    7.3   0.0    98   151   322   376   261   380 0.73 ACNH67_000829
ACNH67_003255-T1     -            761 11080                -            389   0.00083   16.8   0.0   1   3      0.18        37    1.5   0.0   119   152    63    96    22   139 0.77 ACNH67_003255
ACNH67_003255-T1     -            761 11080                -            389   0.00083   16.8   0.0   2   3    0.0025       0.5    7.6   0.0    92   195   171   271   158   281 0.79 ACNH67_003255
ACNH67_003255-T1     -            761 11080                -            389   0.00083   16.8   0.0   3   3     0.055        11    3.2   0.0   107   166   669   727   638   754 0.56 ACNH67_003255
ACNH67_001778-T1     -            572 11080                -            389     0.003   14.9   0.0   1   1   3.1e-05    0.0063   13.9   0.0    50   159   374   490   365   532 0.66 ACNH67_001778
ACNH67_001808-T1     -            441 11080                -            389    0.0032   14.9   0.0   1   1   5.2e-05     0.011   13.1   0.0    69   200   272   419   263   434 0.65 ACNH67_001808
ACNH67_000780-T1     -            335 11080                -            389    0.0038   14.6   0.0   1   2   0.00063      0.13    9.6   0.0   135   170   106   141    60   148 0.78 ACNH67_000780
ACNH67_000780-T1     -            335 11080                -            389    0.0038   14.6   0.0   2   2     0.079        16    2.7   0.0    95   149   150   207   142   231 0.75 ACNH67_000780
ACNH67_002641-T1     -            638 11080                -            389    0.0045   14.4   0.0   1   1   6.3e-05     0.013   12.9   0.0   100   172   491   563   480   590 0.78 ACNH67_002641
ACNH67_004557-T1     -            555 11080                -            389    0.0086   13.4   0.0   1   3       2.8   5.7e+02   -2.4   0.0    69   101    66   100    58   181 0.63 ACNH67_004557
ACNH67_004557-T1     -            555 11080                -            389    0.0086   13.4   0.0   2   3     0.049       9.8    3.4   0.0   114   147   242   275   236   286 0.87 ACNH67_004557
ACNH67_004557-T1     -            555 11080                -            389    0.0086   13.4   0.0   3   3    0.0039       0.8    7.0   0.0   123   191   308   372   297   396 0.78 ACNH67_004557
ACNH67_005019-T1     -            391 11080                -            389     0.023   12.0   0.0   1   2     0.017       3.4    4.9   0.0   175   243   142   211    89   219 0.68 ACNH67_005019
ACNH67_005019-T1     -            391 11080                -            389     0.023   12.0   0.0   2   2     0.018       3.6    4.8   0.0    91   139   300   348   278   353 0.85 ACNH67_005019
ACNH67_004486-T1     -            363 11080                -            389     0.042   11.2   0.1   1   3       3.8   7.8e+02   -2.9   0.0   113   146     6    39     5    47 0.75 ACNH67_004486
ACNH67_004486-T1     -            363 11080                -            389     0.042   11.2   0.1   2   3      0.27        56    0.9   0.0   121   177    74   127    60   166 0.60 ACNH67_004486
ACNH67_004486-T1     -            363 11080                -            389     0.042   11.2   0.1   3   3    0.0031      0.62    7.3   0.0    92   154   190   251   168   262 0.84 ACNH67_004486
ACNH67_004728-T1     -            394 11080                -            389     0.069   10.5   0.0   1   3    0.0055       1.1    6.5   0.0   100   159   100   162    26   177 0.82 ACNH67_004728
ACNH67_004728-T1     -            394 11080                -            389     0.069   10.5   0.0   2   3      0.32        65    0.7   0.0   121   154   179   212   167   247 0.80 ACNH67_004728
ACNH67_004728-T1     -            394 11080                -            389     0.069   10.5   0.0   3   3       1.9   3.9e+02   -1.9   0.0    43    92   231   284   226   289 0.80 ACNH67_004728
#
# Program:         hmmsearch
# Version:         3.1b2 (February 2015)
# Pipeline mode:   SEARCH
# Query file:      /home/edouard/GregarineStuff/Lgryllorum_Genome_analysis/Funannotate/Run_v3/species_train/annotate_results/busco_downloads/lineages/apicomplexa_odb12/hmms/11080at5794.hmm
# Target file:     /home/edouard/GregarineStuff/Lgryllorum_Genome_analysis/Funannotate/Run_v3/species_train/annotate_results/Leidyana_gryllorum.proteins.fa
# Option settings: hmmsearch --domtblout /home/edouard/GregarineStuff/Lgryllorum_Genome_analysis/Funannotate/Run_v3/species_train/annotate_results/busco/run_apicomplexa_odb12/hmmer_output/initial_run_results/11080at5794.out --cpu 1 /home/edouard/GregarineStuff/Lgryllorum_Genome_analysis/Funannotate/Run_v3/species_train/annotate_results/busco_downloads/lineages/apicomplexa_odb12/hmms/11080at5794.hmm /home/edouard/GregarineStuff/Lgryllorum_Genome_analysis/Funannotate/Run_v3/species_train/annotate_results/Leidyana_gryllorum.proteins.fa 
# Current dir:     /home/edouard/GregarineStuff/Lgryllorum_Genome_analysis/Funannotate/Run_v3/species_train/annotate_results
# Date:            Tue Apr  1 17:36:10 2025
# [ok]
