#                                                                            --- full sequence --- -------------- this domain -------------   hmm coord   ali coord   env coord
# target name        accession   tlen query name           accession   qlen   E-value  score  bias   #  of  c-Evalue  i-Evalue  score  bias  from    to  from    to  from    to  acc description of target
#------------------- ---------- ----- -------------------- ---------- ----- --------- ------ ----- --- --- --------- --------- ------ ----- ----- ----- ----- ----- ----- ----- ---- ---------------------
ACNH67_000779-T1     -            607 11330                -            440   1.5e-75  252.9   0.0   1   3   2.7e-33   4.3e-31  106.4   0.0    18   207    50   291    35   298 0.72 ACNH67_000779
ACNH67_000779-T1     -            607 11330                -            440   1.5e-75  252.9   0.0   2   3   7.2e-21   1.2e-18   65.5   0.0   213   301   326   414   309   417 0.93 ACNH67_000779
ACNH67_000779-T1     -            607 11330                -            440   1.5e-75  252.9   0.0   3   3   7.2e-24   1.2e-21   75.3   0.0   297   437   443   602   441   605 0.75 ACNH67_000779
ACNH67_003972-T1     -            469 11330                -            440   5.8e-69  231.2   0.0   1   1   4.4e-71   7.1e-69  230.9   0.0     8   360    56   418    49   458 0.86 ACNH67_003972
ACNH67_004323-T1     -            965 11330                -            440   9.9e-68  227.2   0.2   1   1   9.4e-70   1.5e-67  226.6   0.2     3   352    24   388    22   395 0.87 ACNH67_004323
ACNH67_004869-T1     -            791 11330                -            440     1e-64  217.3   0.0   1   1     9e-67   1.5e-64  216.7   0.0    25   350   102   439    90   445 0.85 ACNH67_004869
ACNH67_003305-T1     -            505 11330                -            440     2e-61  206.4   0.1   1   1   1.8e-63   2.9e-61  205.9   0.1    12   346    62   412    51   434 0.83 ACNH67_003305
ACNH67_000088-T1     -            466 11330                -            440   8.5e-60  201.0   0.2   1   1   7.7e-62   1.2e-59  200.5   0.2    12   351    93   439    84   452 0.88 ACNH67_000088
ACNH67_001796-T1     -            394 11330                -            440   1.5e-58  196.9   0.5   1   1   1.4e-60   2.3e-58  196.3   0.5     9   354    21   376    15   388 0.82 ACNH67_001796
ACNH67_003103-T1     -            777 11330                -            440   1.8e-57  193.4   0.0   1   1   2.4e-59   3.8e-57  192.3   0.0    30   369    38   396    10   403 0.83 ACNH67_003103
ACNH67_002835-T1     -            524 11330                -            440   1.9e-55  186.7   0.0   1   1   1.1e-56   1.8e-54  183.5   0.0    18   362    52   438    40   486 0.76 ACNH67_002835
ACNH67_004945-T1     -            439 11330                -            440   4.5e-55  185.4   0.9   1   1     7e-57   1.1e-54  184.1   0.9    11   367    53   425    47   431 0.83 ACNH67_004945
ACNH67_002442-T1     -            669 11330                -            440   5.7e-55  185.1   0.0   1   1   5.4e-57   8.7e-55  184.5   0.0    28   354   211   559   191   574 0.84 ACNH67_002442
ACNH67_001998-T1     -            861 11330                -            440   2.5e-52  176.4   0.0   1   2       9.6   1.6e+03   -4.2   0.8   381   416   142   177   141   185 0.80 ACNH67_001998
ACNH67_001998-T1     -            861 11330                -            440   2.5e-52  176.4   0.0   2   2   1.9e-52     3e-50  169.5   0.0    11   351   428   807   423   823 0.82 ACNH67_001998
ACNH67_000205-T1     -            668 11330                -            440   7.8e-50  168.2   0.0   1   1   7.3e-51   1.2e-48  164.3   0.0    11   353   210   574   205   584 0.81 ACNH67_000205
ACNH67_001782-T1     -            672 11330                -            440   3.8e-49  165.9   0.0   1   1   3.8e-51   6.1e-49  165.3   0.0    39   354     2   334     1   352 0.83 ACNH67_001782
ACNH67_001663-T1     -           1000 11330                -            440   2.1e-44  150.3   0.1   1   4   1.7e-25   2.8e-23   80.7   0.0    11   170    87   287    79   291 0.71 ACNH67_001663
ACNH67_001663-T1     -           1000 11330                -            440   2.1e-44  150.3   0.1   2   4   4.3e-05    0.0069   13.5   0.0   174   222   506   553   497   558 0.86 ACNH67_001663
ACNH67_001663-T1     -           1000 11330                -            440   2.1e-44  150.3   0.1   3   4     0.045       7.2    3.5   0.0   212   258   585   633   580   641 0.78 ACNH67_001663
ACNH67_001663-T1     -           1000 11330                -            440   2.1e-44  150.3   0.1   4   4   3.8e-14   6.1e-12   43.3   0.0   293   350   738   792   707   801 0.81 ACNH67_001663
ACNH67_002293-T1     -           1575 11330                -            440   2.6e-41  140.1   0.0   1   1   2.5e-43   4.1e-41  139.5   0.0    13   353   517   876   507   891 0.79 ACNH67_002293
ACNH67_001597-T1     -            490 11330                -            440   3.6e-39  133.1   0.4   1   1   1.9e-40   3.1e-38  130.0   0.4     9   360    73   462    65   483 0.79 ACNH67_001597
ACNH67_005515-T1     -            447 11330                -            440   5.8e-38  129.1   0.0   1   1   4.8e-40   7.7e-38  128.7   0.0    17   363     4   376     1   442 0.79 ACNH67_005515
ACNH67_004375-T1     -            229 11330                -            440   2.6e-34  117.0   0.1   1   1   1.9e-36     3e-34  116.8   0.1   142   354     1   207     1   225 0.88 ACNH67_004375
ACNH67_003408-T1     -            846 11330                -            440   3.8e-34  116.5   0.0   1   3   2.6e-15   4.2e-13   47.1   0.0    30   106    33   125    26   137 0.75 ACNH67_003408
ACNH67_003408-T1     -            846 11330                -            440   3.8e-34  116.5   0.0   2   3   3.5e-08   5.7e-06   23.6   0.0   137   208   206   274   190   289 0.86 ACNH67_003408
ACNH67_003408-T1     -            846 11330                -            440   3.8e-34  116.5   0.0   3   3   3.8e-13   6.2e-11   40.0   0.0   301   361   444   504   423   511 0.88 ACNH67_003408
ACNH67_005174-T1     -            778 11330                -            440   4.2e-32  109.8   0.2   1   3   2.7e-24   4.3e-22   76.8   0.1    18   185   123   326   109   339 0.73 ACNH67_005174
ACNH67_005174-T1     -            778 11330                -            440   4.2e-32  109.8   0.2   2   3       2.2   3.5e+02   -2.0   0.0   239   256   423   440   395   447 0.71 ACNH67_005174
ACNH67_005174-T1     -            778 11330                -            440   4.2e-32  109.8   0.2   3   3   1.8e-09   2.9e-07   27.9   0.0   274   339   574   637   559   654 0.76 ACNH67_005174
ACNH67_000687-T1     -            732 11330                -            440   6.1e-30  102.6   0.0   1   3   1.1e-08   1.8e-06   25.3   0.0    31    79    23    70     1    78 0.83 ACNH67_000687
ACNH67_000687-T1     -            732 11330                -            440   6.1e-30  102.6   0.0   2   3   1.9e-10     3e-08   31.1   0.0    77   209   271   423   261   443 0.71 ACNH67_000687
ACNH67_000687-T1     -            732 11330                -            440   6.1e-30  102.6   0.0   3   3   1.6e-13   2.5e-11   41.3   0.0   265   352   534   618   469   627 0.89 ACNH67_000687
ACNH67_003764-T1     -           1625 11330                -            440   3.9e-27   93.4   0.1   1   4   7.3e-07   0.00012   19.3   0.0    27    72    22    67     6    79 0.84 ACNH67_003764
ACNH67_003764-T1     -           1625 11330                -            440   3.9e-27   93.4   0.1   2   4     0.025       4.1    4.4   0.1    79   102    93   116    89   171 0.72 ACNH67_003764
ACNH67_003764-T1     -           1625 11330                -            440   3.9e-27   93.4   0.1   3   4   0.00051     0.083    9.9   0.0   140   195   196   250   189   259 0.89 ACNH67_003764
ACNH67_003764-T1     -           1625 11330                -            440   3.9e-27   93.4   0.1   4   4   2.6e-17   4.2e-15   53.7   0.0   238   351   606   716   592   727 0.90 ACNH67_003764
ACNH67_000490-T1     -            401 11330                -            440   1.4e-26   91.6   0.0   1   1   1.2e-28     2e-26   91.1   0.0    14   206   126   333   120   369 0.76 ACNH67_000490
ACNH67_004331-T1     -            690 11330                -            440   1.2e-20   72.0   0.2   1   3    0.0064         1    6.3   0.0    82   101     6    25     3    36 0.85 ACNH67_004331
ACNH67_004331-T1     -            690 11330                -            440   1.2e-20   72.0   0.2   2   3    0.0018       0.3    8.1   0.0   135   165    98   128    92   137 0.82 ACNH67_004331
ACNH67_004331-T1     -            690 11330                -            440   1.2e-20   72.0   0.2   3   3   2.6e-17   4.2e-15   53.8   0.0   178   338   190   354   180   373 0.84 ACNH67_004331
ACNH67_000489-T1     -            616 11330                -            440   8.2e-19   66.0   0.0   1   1   7.3e-21   1.2e-18   65.4   0.0   277   353    13    86     9    98 0.92 ACNH67_000489
ACNH67_004374-T1     -            167 11330                -            440   7.2e-18   62.9   0.1   1   1   5.4e-20   8.8e-18   62.6   0.1    10   104    24   117    17   127 0.89 ACNH67_004374
ACNH67_000695-T1     -           1616 11330                -            440   3.3e-05   21.1   0.1   1   1   5.4e-07   8.7e-05   19.7   0.1   231   374  1301  1446  1286  1450 0.78 ACNH67_000695
ACNH67_004637-T1     -           2175 11330                -            440   4.9e-05   20.6   0.0   1   3    0.0029      0.47    7.4   0.0    34   100   350   423   340   431 0.75 ACNH67_004637
ACNH67_004637-T1     -           2175 11330                -            440   4.9e-05   20.6   0.0   2   3       8.4   1.4e+03   -4.0   0.0   331   367   729   767   728   771 0.81 ACNH67_004637
ACNH67_004637-T1     -           2175 11330                -            440   4.9e-05   20.6   0.0   3   3   0.00049     0.079   10.0   0.0    18    66  1239  1288  1233  1385 0.74 ACNH67_004637
ACNH67_002880-T1     -           1241 11330                -            440   8.4e-05   19.8   0.1   1   2   2.5e-06   0.00041   17.5   0.1    32    99   263   325   249   378 0.81 ACNH67_002880
ACNH67_002880-T1     -           1241 11330                -            440   8.4e-05   19.8   0.1   2   2      0.81   1.3e+02   -0.6   0.0   120   150   375   403   366   445 0.68 ACNH67_002880
ACNH67_004064-T1     -           1659 11330                -            440   0.00065   16.9   0.0   1   1   6.4e-06     0.001   16.2   0.0   240   299  1508  1567  1505  1634 0.76 ACNH67_004064
ACNH67_000124-T1     -           1224 11330                -            440    0.0028   14.8   0.0   1   2       8.2   1.3e+03   -3.9   2.9   347   408   377   441   359   452 0.69 ACNH67_000124
ACNH67_000124-T1     -           1224 11330                -            440    0.0028   14.8   0.0   2   2   1.7e-05    0.0028   14.8   0.0   234   340   838   944   823  1025 0.83 ACNH67_000124
ACNH67_003944-T1     -           1814 11330                -            440      0.01   12.9   0.1   1   2       2.8   4.6e+02   -2.4   0.0   133   186   760   814   738   823 0.63 ACNH67_003944
ACNH67_003944-T1     -           1814 11330                -            440      0.01   12.9   0.1   2   2   0.00022     0.036   11.1   0.1   278   344   949  1012   943  1042 0.75 ACNH67_003944
ACNH67_004061-T1     -           1059 11330                -            440     0.018   12.1   0.0   1   1   0.00017     0.028   11.5   0.0    27    65   110   148   105   154 0.87 ACNH67_004061
ACNH67_000681-T1     -           2074 11330                -            440     0.032   11.3   0.0   1   1   0.00036     0.058   10.4   0.0    33   104  1048  1116  1042  1204 0.62 ACNH67_000681
#
# Program:         hmmsearch
# Version:         3.1b2 (February 2015)
# Pipeline mode:   SEARCH
# Query file:      /home/edouard/GregarineStuff/Lgryllorum_Genome_analysis/Funannotate/Run_v3/species_train/annotate_results/busco_downloads/lineages/apicomplexa_odb12/hmms/11330at5794.hmm
# Target file:     /home/edouard/GregarineStuff/Lgryllorum_Genome_analysis/Funannotate/Run_v3/species_train/annotate_results/Leidyana_gryllorum.proteins.fa
# Option settings: hmmsearch --domtblout /home/edouard/GregarineStuff/Lgryllorum_Genome_analysis/Funannotate/Run_v3/species_train/annotate_results/busco/run_apicomplexa_odb12/hmmer_output/initial_run_results/11330at5794.out --cpu 1 /home/edouard/GregarineStuff/Lgryllorum_Genome_analysis/Funannotate/Run_v3/species_train/annotate_results/busco_downloads/lineages/apicomplexa_odb12/hmms/11330at5794.hmm /home/edouard/GregarineStuff/Lgryllorum_Genome_analysis/Funannotate/Run_v3/species_train/annotate_results/Leidyana_gryllorum.proteins.fa 
# Current dir:     /home/edouard/GregarineStuff/Lgryllorum_Genome_analysis/Funannotate/Run_v3/species_train/annotate_results
# Date:            Tue Apr  1 17:36:11 2025
# [ok]
