#                                                                            --- full sequence --- -------------- this domain -------------   hmm coord   ali coord   env coord
# target name        accession   tlen query name           accession   qlen   E-value  score  bias   #  of  c-Evalue  i-Evalue  score  bias  from    to  from    to  from    to  acc description of target
#------------------- ---------- ----- -------------------- ---------- ----- --------- ------ ----- --- --- --------- --------- ------ ----- ----- ----- ----- ----- ----- ----- ---- ---------------------
ACNH67_001641-T1     -            276 11416                -            261   5.5e-57  191.7   0.7   1   1   4.3e-59   7.7e-57  191.2   0.7     6   259    10   270     8   272 0.84 ACNH67_001641
ACNH67_002393-T1     -            683 11416                -            261   3.1e-26   90.9   3.4   1   4   3.4e-07   6.1e-05   21.1   0.0   181   234    13    66     5    67 0.92 ACNH67_002393
ACNH67_002393-T1     -            683 11416                -            261   3.1e-26   90.9   3.4   2   4   3.7e-06   0.00066   17.7   0.1   182   242   146   205   131   214 0.92 ACNH67_002393
ACNH67_002393-T1     -            683 11416                -            261   3.1e-26   90.9   3.4   3   4   7.6e-06    0.0013   16.7   0.0   179   242   233   293   210   296 0.85 ACNH67_002393
ACNH67_002393-T1     -            683 11416                -            261   3.1e-26   90.9   3.4   4   4   4.9e-10   8.7e-08   30.4   2.7   178   255   394   470   294   476 0.67 ACNH67_002393
ACNH67_004592-T1     -            718 11416                -            261   1.2e-24   85.7  12.7   1   5     5e-05    0.0088   14.0   0.1   177   255     9    89     2    93 0.90 ACNH67_004592
ACNH67_004592-T1     -            718 11416                -            261   1.2e-24   85.7  12.7   2   5     3e-09   5.3e-07   27.9   0.1   130   258   150   284   134   287 0.79 ACNH67_004592
ACNH67_004592-T1     -            718 11416                -            261   1.2e-24   85.7  12.7   3   5    0.0051      0.91    7.4   0.0   179   255   409   479   381   483 0.87 ACNH67_004592
ACNH67_004592-T1     -            718 11416                -            261   1.2e-24   85.7  12.7   4   5   0.00068      0.12   10.3   0.9   172   240   510   590   486   601 0.70 ACNH67_004592
ACNH67_004592-T1     -            718 11416                -            261   1.2e-24   85.7  12.7   5   5   6.5e-10   1.1e-07   30.0   0.2   144   241   605   699   595   702 0.84 ACNH67_004592
ACNH67_004487-T1     -            380 11416                -            261   5.2e-20   70.5   0.2   1   3      0.36        63    1.4   0.1   220   241     3    24     1    26 0.93 ACNH67_004487
ACNH67_004487-T1     -            380 11416                -            261   5.2e-20   70.5   0.2   2   3   2.5e-12   4.4e-10   38.0   0.0   176   241    59   124    37   126 0.91 ACNH67_004487
ACNH67_004487-T1     -            380 11416                -            261   5.2e-20   70.5   0.2   3   3   3.8e-09   6.7e-07   27.5   0.0   180   242   233   295   206   309 0.87 ACNH67_004487
ACNH67_004134-T1     -            621 11416                -            261   1.6e-15   55.8   0.0   1   3   8.4e-05     0.015   13.3   0.0   199   244   175   219   168   236 0.80 ACNH67_004134
ACNH67_004134-T1     -            621 11416                -            261   1.6e-15   55.8   0.0   2   3   6.8e-08   1.2e-05   23.4   0.0   162   252   243   332   223   340 0.82 ACNH67_004134
ACNH67_004134-T1     -            621 11416                -            261   1.6e-15   55.8   0.0   3   3   1.9e-05    0.0034   15.4   0.0   195   242   391   437   389   447 0.92 ACNH67_004134
ACNH67_004797-T1     -            396 11416                -            261   1.7e-14   52.4   0.0   1   2   4.4e-08   7.8e-06   24.0   0.0   157   233     4    77     1    90 0.85 ACNH67_004797
ACNH67_004797-T1     -            396 11416                -            261   1.7e-14   52.4   0.0   2   2   6.7e-09   1.2e-06   26.7   0.0   148   242    96   188    75   201 0.77 ACNH67_004797
ACNH67_002500-T1     -            211 11416                -            261     2e-14   52.2   0.0   1   2   6.5e-09   1.2e-06   26.8   0.0   175   238    18    81    14    84 0.95 ACNH67_002500
ACNH67_002500-T1     -            211 11416                -            261     2e-14   52.2   0.0   2   2   6.9e-08   1.2e-05   23.4   0.0   174   243   103   173    81   190 0.80 ACNH67_002500
ACNH67_004386-T1     -            133 11416                -            261   4.1e-12   44.6   0.0   1   1   2.8e-14   4.9e-12   44.4   0.0   173   255    28   110     6   114 0.88 ACNH67_004386
ACNH67_004646-T1     -            221 11416                -            261   1.1e-11   43.2   0.0   1   2   1.8e-05    0.0032   15.5   0.0   176   241    19    84     3    90 0.82 ACNH67_004646
ACNH67_004646-T1     -            221 11416                -            261   1.1e-11   43.2   0.0   2   2   1.1e-08   1.9e-06   26.0   0.0   174   244   131   200    89   212 0.81 ACNH67_004646
ACNH67_003464-T1     -           1814 11416                -            261   4.8e-09   34.6   0.1   1   3   0.00012     0.021   12.8   0.2   152   236  1369  1454  1286  1462 0.83 ACNH67_003464
ACNH67_003464-T1     -           1814 11416                -            261   4.8e-09   34.6   0.1   2   3      0.96   1.7e+02   -0.0   0.0   176   205  1480  1509  1476  1525 0.89 ACNH67_003464
ACNH67_003464-T1     -           1814 11416                -            261   4.8e-09   34.6   0.1   3   3   6.3e-06    0.0011   17.0   0.0   156   245  1650  1740  1639  1753 0.83 ACNH67_003464
ACNH67_002655-T1     -            421 11416                -            261   7.9e-09   33.8   0.0   1   2   2.9e-05    0.0052   14.8   0.0   169   246    24   102     9   109 0.87 ACNH67_002655
ACNH67_002655-T1     -            421 11416                -            261   7.9e-09   33.8   0.0   2   2     1e-05    0.0018   16.3   0.0   177   259   248   324   230   326 0.89 ACNH67_002655
ACNH67_003758-T1     -            409 11416                -            261   2.9e-08   32.0   0.3   1   2       5.7     1e+03   -2.5   0.3    59    89    81   111    69   147 0.55 ACNH67_003758
ACNH67_003758-T1     -            409 11416                -            261   2.9e-08   32.0   0.3   2   2   4.1e-10   7.3e-08   30.7   0.0   179   247   189   257   186   270 0.89 ACNH67_003758
ACNH67_002845-T1     -            567 11416                -            261   3.2e-08   31.9   0.0   1   2   0.00012     0.022   12.7   0.0   175   229   185   239   163   245 0.85 ACNH67_002845
ACNH67_002845-T1     -            567 11416                -            261   3.2e-08   31.9   0.0   2   2   6.5e-06    0.0011   16.9   0.0   180   235   283   338   260   342 0.91 ACNH67_002845
ACNH67_004179-T1     -            426 11416                -            261   6.1e-08   30.9   0.0   1   2    0.0017       0.3    9.0   0.0   172   231   106   164    66   172 0.80 ACNH67_004179
ACNH67_004179-T1     -            426 11416                -            261   6.1e-08   30.9   0.0   2   2   8.7e-07   0.00015   19.8   0.0   179   236   246   302   235   322 0.90 ACNH67_004179
ACNH67_004698-T1     -            460 11416                -            261   4.2e-07   28.2   0.3   1   2   2.4e-07   4.2e-05   21.6   0.1   168   229    93   154     5   160 0.72 ACNH67_004698
ACNH67_004698-T1     -            460 11416                -            261   4.2e-07   28.2   0.3   2   2     0.048       8.5    4.3   0.0   183   231   207   255   198   278 0.86 ACNH67_004698
ACNH67_004319-T1     -            163 11416                -            261   1.3e-06   26.6   0.0   1   1   8.9e-09   1.6e-06   26.3   0.0   184   255    75   146    31   151 0.91 ACNH67_004319
ACNH67_000421-T1     -            851 11416                -            261   1.4e-06   26.5   0.0   1   2   2.7e-08   4.7e-06   24.8   0.0   171   241    35   105    16   122 0.90 ACNH67_000421
ACNH67_000421-T1     -            851 11416                -            261   1.4e-06   26.5   0.0   2   2       4.2   7.5e+02   -2.1   0.1   102   137   141   174   112   233 0.55 ACNH67_000421
ACNH67_000045-T1     -            253 11416                -            261     2e-06   26.0   0.0   1   1   1.6e-08   2.8e-06   25.5   0.0   152   237    85   170    43   175 0.78 ACNH67_000045
ACNH67_004212-T1     -            275 11416                -            261   2.1e-05   22.7   0.0   1   1   1.4e-07   2.6e-05   22.4   0.0   196   255    95   154    37   160 0.82 ACNH67_004212
ACNH67_002310-T1     -            271 11416                -            261   2.5e-05   22.4   0.0   1   1     2e-07   3.5e-05   21.9   0.0   181   229    54   102    42   108 0.91 ACNH67_002310
ACNH67_002556-T1     -           1967 11416                -            261   5.4e-05   21.3   0.0   1   2       0.1        18    3.2   0.0   182   242  1532  1591  1497  1598 0.79 ACNH67_002556
ACNH67_002556-T1     -           1967 11416                -            261   5.4e-05   21.3   0.0   2   2   2.3e-05    0.0041   15.1   0.0   178   243  1838  1902  1826  1916 0.89 ACNH67_002556
ACNH67_004681-T2     -           1826 11416                -            261   0.00013   20.1   0.0   1   1   7.2e-07   0.00013   20.1   0.0   157   242     9    93     1   101 0.85 ACNH67_004681
ACNH67_002995-T1     -            211 11416                -            261   0.00017   19.6   1.1   1   2   1.2e-06   0.00021   19.3   0.1   183   243    67   127    24   145 0.90 ACNH67_002995
ACNH67_002995-T1     -            211 11416                -            261   0.00017   19.6   1.1   2   2       2.9   5.1e+02   -1.6   0.1   135   151   169   185   134   197 0.51 ACNH67_002995
ACNH67_004355-T1     -            423 11416                -            261   0.00035   18.6   0.0   1   1   3.2e-06   0.00056   18.0   0.0   183   238   172   234   158   239 0.78 ACNH67_004355
ACNH67_004707-T1     -            185 11416                -            261   0.00094   17.2   0.0   1   1   6.2e-06    0.0011   17.0   0.0   171   241    85   154    35   168 0.81 ACNH67_004707
ACNH67_002129-T1     -            163 11416                -            261     0.002   16.1   0.0   1   1   1.5e-05    0.0027   15.7   0.0   149   241    46   137    24   141 0.80 ACNH67_002129
ACNH67_005452-T1     -            524 11416                -            261    0.0023   15.9   0.0   1   1   2.1e-05    0.0038   15.2   0.0   186   242   120   176   110   192 0.91 ACNH67_005452
ACNH67_005285-T1     -           1266 11416                -            261    0.0055   14.7   0.0   1   1   6.2e-05     0.011   13.7   0.0   173   243    80   153    27   170 0.68 ACNH67_005285
ACNH67_001826-T1     -            103 11416                -            261    0.0064   14.5   0.0   1   1   3.9e-05    0.0069   14.4   0.0   175   223     6    54     1    70 0.85 ACNH67_001826
ACNH67_001540-T1     -            330 11416                -            261     0.017   13.1   0.0   1   1   0.00015     0.026   12.5   0.0   139   231    64   151    45   164 0.75 ACNH67_001540
ACNH67_000813-T1     -            561 11416                -            261     0.025   12.6   0.0   1   1   0.00021     0.038   12.0   0.0   184   241    59   113    30   119 0.84 ACNH67_000813
ACNH67_001548-T1     -            189 11416                -            261     0.084   10.8   0.0   1   1   0.00063      0.11   10.4   0.0   200   235     2    37     1    47 0.91 ACNH67_001548
#
# Program:         hmmsearch
# Version:         3.1b2 (February 2015)
# Pipeline mode:   SEARCH
# Query file:      /home/edouard/GregarineStuff/Lgryllorum_Genome_analysis/Funannotate/Run_v3/species_train/annotate_results/busco_downloads/lineages/apicomplexa_odb12/hmms/11416at5794.hmm
# Target file:     /home/edouard/GregarineStuff/Lgryllorum_Genome_analysis/Funannotate/Run_v3/species_train/annotate_results/Leidyana_gryllorum.proteins.fa
# Option settings: hmmsearch --domtblout /home/edouard/GregarineStuff/Lgryllorum_Genome_analysis/Funannotate/Run_v3/species_train/annotate_results/busco/run_apicomplexa_odb12/hmmer_output/initial_run_results/11416at5794.out --cpu 1 /home/edouard/GregarineStuff/Lgryllorum_Genome_analysis/Funannotate/Run_v3/species_train/annotate_results/busco_downloads/lineages/apicomplexa_odb12/hmms/11416at5794.hmm /home/edouard/GregarineStuff/Lgryllorum_Genome_analysis/Funannotate/Run_v3/species_train/annotate_results/Leidyana_gryllorum.proteins.fa 
# Current dir:     /home/edouard/GregarineStuff/Lgryllorum_Genome_analysis/Funannotate/Run_v3/species_train/annotate_results
# Date:            Tue Apr  1 17:36:12 2025
# [ok]
