#                                                                            --- full sequence --- -------------- this domain -------------   hmm coord   ali coord   env coord
# target name        accession   tlen query name           accession   qlen   E-value  score  bias   #  of  c-Evalue  i-Evalue  score  bias  from    to  from    to  from    to  acc description of target
#------------------- ---------- ----- -------------------- ---------- ----- --------- ------ ----- --- --- --------- --------- ------ ----- ----- ----- ----- ----- ----- ----- ---- ---------------------
ACNH67_002835-T1     -            524 11519                -            453  5.1e-155  514.8   0.4   1   1  5.2e-157  9.5e-155  513.9   0.4     1   428    47   500    47   524 0.91 ACNH67_002835
ACNH67_003972-T1     -            469 11519                -            453   6.4e-91  303.5   0.0   1   1   4.3e-93   7.8e-91  303.2   0.0     4   371    64   423    61   468 0.90 ACNH67_003972
ACNH67_003305-T1     -            505 11519                -            453   2.8e-89  298.1   0.3   1   1   1.9e-91   3.5e-89  297.8   0.3     3   378    65   437    63   463 0.91 ACNH67_003305
ACNH67_001796-T1     -            394 11519                -            453   8.5e-87  289.9   0.9   1   1   5.8e-89   1.1e-86  289.6   0.9     4   363    28   379    25   387 0.97 ACNH67_001796
ACNH67_004323-T1     -            965 11519                -            453   1.1e-85  286.2   0.5   1   1   6.3e-88   1.1e-85  286.2   0.5     2   370    35   400    34   433 0.92 ACNH67_004323
ACNH67_000205-T1     -            668 11519                -            453   1.2e-85  286.1   0.1   1   1   8.7e-88   1.6e-85  285.7   0.1     3   358   214   573   212   599 0.88 ACNH67_000205
ACNH67_002442-T1     -            669 11519                -            453   7.3e-85  283.5   0.0   1   1   5.4e-87   9.8e-85  283.1   0.0    15   373   208   572   200   583 0.91 ACNH67_002442
ACNH67_000088-T1     -            466 11519                -            453   2.4e-80  268.6   0.2   1   1   1.6e-82   2.9e-80  268.3   0.2     4   368    97   450    94   462 0.94 ACNH67_000088
ACNH67_001998-T1     -            861 11519                -            453   1.1e-79  266.4   0.0   1   2   1.7e-44   3.1e-42  143.0   0.0     1   179   430   607   430   613 0.96 ACNH67_001998
ACNH67_001998-T1     -            861 11519                -            453   1.1e-79  266.4   0.0   2   2   1.2e-40   2.3e-38  130.3   0.0   158   364   615   817   612   835 0.90 ACNH67_001998
ACNH67_004945-T1     -            439 11519                -            453   2.4e-77  258.7   0.9   1   1   1.6e-79   2.9e-77  258.5   0.9     3   360    57   412    55   434 0.92 ACNH67_004945
ACNH67_002293-T1     -           1575 11519                -            453   1.7e-72  242.7   0.0   1   1   2.4e-74   4.3e-72  241.4   0.0    10   383   525   900   518   904 0.92 ACNH67_002293
ACNH67_003103-T1     -            777 11519                -            453   1.4e-71  239.7   0.0   1   2   7.6e-74   1.4e-71  239.7   0.0     2   366    20   387    19   403 0.87 ACNH67_003103
ACNH67_003103-T1     -            777 11519                -            453   1.4e-71  239.7   0.0   2   2       1.9   3.5e+02   -2.2   2.4   383   414   697   728   682   744 0.61 ACNH67_003103
ACNH67_001782-T1     -            672 11519                -            453   5.4e-69  231.2   0.0   1   1   4.3e-71   7.9e-69  230.7   0.0    29   375     2   349     1   374 0.92 ACNH67_001782
ACNH67_004869-T1     -            791 11519                -            453   9.5e-68  227.1   0.0   1   1   8.6e-70   1.6e-67  226.4   0.0     6   446    92   527    89   533 0.85 ACNH67_004869
ACNH67_001663-T1     -           1000 11519                -            453   1.7e-67  226.2   0.5   1   4   1.1e-39   1.9e-37  127.2   0.1    10   181    99   286    93   293 0.86 ACNH67_001663
ACNH67_001663-T1     -           1000 11519                -            453   1.7e-67  226.2   0.5   2   4    0.0017       0.3    7.9   0.0   184   214   508   537   504   557 0.78 ACNH67_001663
ACNH67_001663-T1     -           1000 11519                -            453   1.7e-67  226.2   0.5   3   4     0.023       4.2    4.1   0.0   216   255   580   621   575   627 0.84 ACNH67_001663
ACNH67_001663-T1     -           1000 11519                -            453   1.7e-67  226.2   0.5   4   4     1e-25   1.9e-23   81.1   0.0   270   363   705   799   697   834 0.87 ACNH67_001663
ACNH67_005515-T1     -            447 11519                -            453   7.8e-56  187.8   0.0   1   1   5.3e-58   9.7e-56  187.5   0.0    11   354    10   361     2   416 0.88 ACNH67_005515
ACNH67_000687-T1     -            732 11519                -            453   2.7e-53  179.4   0.0   1   3   1.2e-13   2.1e-11   41.4   0.0     3    72     5    71     3    82 0.86 ACNH67_000687
ACNH67_000687-T1     -            732 11519                -            453   2.7e-53  179.4   0.0   2   3   8.3e-22   1.5e-19   68.2   0.0    78   230   277   436   262   442 0.86 ACNH67_000687
ACNH67_000687-T1     -            732 11519                -            453   2.7e-53  179.4   0.0   3   3   4.2e-21   7.7e-19   65.9   0.0   274   353   534   613   474   623 0.93 ACNH67_000687
ACNH67_004375-T1     -            229 11519                -            453   2.8e-48  162.9   0.0   1   1   1.7e-50   3.1e-48  162.8   0.0   155   359     2   206     1   226 0.95 ACNH67_004375
ACNH67_005174-T1     -            778 11519                -            453   9.4e-48  161.2   0.2   1   3   2.1e-32   3.8e-30  103.1   0.0     5   184   122   310   119   344 0.82 ACNH67_005174
ACNH67_005174-T1     -            778 11519                -            453   9.4e-48  161.2   0.2   2   3       0.4        72    0.0   0.0   231   292   406   466   364   478 0.68 ACNH67_005174
ACNH67_005174-T1     -            778 11519                -            453   9.4e-48  161.2   0.2   3   3   1.7e-17   3.1e-15   54.0   0.0   269   351   560   644   548   664 0.84 ACNH67_005174
ACNH67_003408-T1     -            846 11519                -            453   1.6e-45  153.8   2.0   1   5   9.7e-15   1.8e-12   44.9   0.0     7   105    20   129    15   157 0.80 ACNH67_003408
ACNH67_003408-T1     -            846 11519                -            453   1.6e-45  153.8   2.0   2   5   5.3e-14   9.7e-12   42.5   0.0   147   219   204   277   174   294 0.85 ACNH67_003408
ACNH67_003408-T1     -            846 11519                -            453   1.6e-45  153.8   2.0   3   5      0.21        38    1.0   0.0   216   270   311   364   302   377 0.81 ACNH67_003408
ACNH67_003408-T1     -            846 11519                -            453   1.6e-45  153.8   2.0   4   5   1.7e-19   3.2e-17   60.6   0.0   275   364   407   501   404   517 0.87 ACNH67_003408
ACNH67_003408-T1     -            846 11519                -            453   1.6e-45  153.8   2.0   5   5       6.5   1.2e+03   -4.0   2.0   394   442   667   702   634   719 0.51 ACNH67_003408
ACNH67_000490-T1     -            401 11519                -            453   7.5e-45  151.6   0.0   1   1   5.1e-47   9.3e-45  151.3   0.0     9   229   133   348   125   367 0.88 ACNH67_000490
ACNH67_003764-T1     -           1625 11519                -            453   4.1e-43  145.9   0.0   1   2   9.9e-24   1.8e-21   74.5   0.0    10   200    15   247     8   271 0.74 ACNH67_003764
ACNH67_003764-T1     -           1625 11519                -            453   4.1e-43  145.9   0.0   2   2   7.8e-21   1.4e-18   65.0   0.0   251   356   610   715   600   730 0.89 ACNH67_003764
ACNH67_001597-T1     -            490 11519                -            453   5.2e-39  132.4   1.8   1   1   1.9e-40   3.5e-38  129.7   1.8     2   363    78   460    77   486 0.80 ACNH67_001597
ACNH67_000779-T1     -            607 11519                -            453   1.7e-35  120.8   0.1   1   4   2.7e-19   4.9e-17   59.9   0.0     7   177    51   235    46   241 0.78 ACNH67_000779
ACNH67_000779-T1     -            607 11519                -            453   1.7e-35  120.8   0.1   2   4    0.0044      0.81    6.5   0.0   182   210   258   286   245   295 0.86 ACNH67_000779
ACNH67_000779-T1     -            607 11519                -            453   1.7e-35  120.8   0.1   3   4   2.9e-05    0.0053   13.7   0.0   240   306   346   410   325   415 0.88 ACNH67_000779
ACNH67_000779-T1     -            607 11519                -            453   1.7e-35  120.8   0.1   4   4   8.2e-12   1.5e-09   35.3   0.0   308   426   448   567   443   592 0.81 ACNH67_000779
ACNH67_000489-T1     -            616 11519                -            453   2.2e-25   87.4   0.0   1   1   1.6e-27   2.9e-25   87.0   0.0   278   371     5    98     1   108 0.92 ACNH67_000489
ACNH67_004331-T1     -            690 11519                -            453   3.7e-24   83.4   0.7   1   3    0.0096       1.8    5.4   0.0    78   112     7    41     3    59 0.74 ACNH67_004331
ACNH67_004331-T1     -            690 11519                -            453   3.7e-24   83.4   0.7   2   3       0.1        19    1.9   0.0   153   165   104   116    95   133 0.81 ACNH67_004331
ACNH67_004331-T1     -            690 11519                -            453   3.7e-24   83.4   0.7   3   3   3.9e-23   7.1e-21   72.6   0.3   186   371   190   378   182   416 0.83 ACNH67_004331
ACNH67_004374-T1     -            167 11519                -            453   4.2e-21   73.3   0.1   1   1   2.8e-23   5.1e-21   73.1   0.1     5   141    31   159    27   163 0.91 ACNH67_004374
ACNH67_003944-T1     -           1814 11519                -            453     2e-05   21.6   0.0   1   2       2.4   4.3e+02   -2.5   0.0   152   196   767   816   745   821 0.81 ACNH67_003944
ACNH67_003944-T1     -           1814 11519                -            453     2e-05   21.6   0.0   2   2   3.9e-07   7.1e-05   19.8   0.0   277   342   939  1004   900  1014 0.91 ACNH67_003944
ACNH67_003550-T1     -           1888 11519                -            453     0.002   15.0   0.0   1   1   2.2e-05     0.004   14.1   0.0   246   360  1061  1177  1043  1199 0.82 ACNH67_003550
ACNH67_000734-T1     -           1033 11519                -            453     0.018   12.0   0.0   1   1   0.00017     0.032   11.1   0.0   266   345   832   913   798   921 0.83 ACNH67_000734
ACNH67_002880-T1     -           1241 11519                -            453     0.021   11.7   0.0   1   1   0.00019     0.035   11.0   0.0    27    67   267   307   261   350 0.84 ACNH67_002880
#
# Program:         hmmsearch
# Version:         3.1b2 (February 2015)
# Pipeline mode:   SEARCH
# Query file:      /home/edouard/GregarineStuff/Lgryllorum_Genome_analysis/Funannotate/Run_v3/species_train/annotate_results/busco_downloads/lineages/apicomplexa_odb12/hmms/11519at5794.hmm
# Target file:     /home/edouard/GregarineStuff/Lgryllorum_Genome_analysis/Funannotate/Run_v3/species_train/annotate_results/Leidyana_gryllorum.proteins.fa
# Option settings: hmmsearch --domtblout /home/edouard/GregarineStuff/Lgryllorum_Genome_analysis/Funannotate/Run_v3/species_train/annotate_results/busco/run_apicomplexa_odb12/hmmer_output/initial_run_results/11519at5794.out --cpu 1 /home/edouard/GregarineStuff/Lgryllorum_Genome_analysis/Funannotate/Run_v3/species_train/annotate_results/busco_downloads/lineages/apicomplexa_odb12/hmms/11519at5794.hmm /home/edouard/GregarineStuff/Lgryllorum_Genome_analysis/Funannotate/Run_v3/species_train/annotate_results/Leidyana_gryllorum.proteins.fa 
# Current dir:     /home/edouard/GregarineStuff/Lgryllorum_Genome_analysis/Funannotate/Run_v3/species_train/annotate_results
# Date:            Tue Apr  1 17:36:14 2025
# [ok]
