#                                                                            --- full sequence --- -------------- this domain -------------   hmm coord   ali coord   env coord
# target name        accession   tlen query name           accession   qlen   E-value  score  bias   #  of  c-Evalue  i-Evalue  score  bias  from    to  from    to  from    to  acc description of target
#------------------- ---------- ----- -------------------- ---------- ----- --------- ------ ----- --- --- --------- --------- ------ ----- ----- ----- ----- ----- ----- ----- ---- ---------------------
ACNH67_000124-T1     -           1224 11563                -            807  5.6e-178  591.8   7.4   1   2  1.6e-180  5.6e-178  591.8   7.4    23   494   498   984   486   987 0.94 ACNH67_000124
ACNH67_000124-T1     -           1224 11563                -            807  5.6e-178  591.8   7.4   2   2         3   1.1e+03   -4.5   0.4   562   608  1002  1050   994  1059 0.60 ACNH67_000124
ACNH67_003550-T1     -           1888 11563                -            807  1.3e-143  478.1  12.6   1   3     2e-30   7.2e-28   95.3   0.0    36   163   699   828   690   836 0.90 ACNH67_003550
ACNH67_003550-T1     -           1888 11563                -            807  1.3e-143  478.1  12.6   2   3  1.2e-116  4.2e-114  380.5   9.9   123   535   825  1279   822  1337 0.81 ACNH67_003550
ACNH67_003550-T1     -           1888 11563                -            807  1.3e-143  478.1  12.6   3   3      0.49   1.7e+02   -1.9   0.0   708   771  1551  1618  1546  1646 0.74 ACNH67_003550
ACNH67_000695-T1     -           1616 11563                -            807  1.3e-137  458.3   4.9   1   2   2.5e-92   8.8e-90  300.1   0.2    19   319   621   945   603   953 0.85 ACNH67_000695
ACNH67_000695-T1     -           1616 11563                -            807  1.3e-137  458.3   4.9   2   2   5.9e-53   2.1e-50  169.8   0.9   334   494  1290  1449  1284  1460 0.96 ACNH67_000695
ACNH67_002542-T1     -           2517 11563                -            807  5.8e-128  426.4   2.5   1   2   4.1e-75   1.5e-72  243.1   0.3    22   353   447   818   429   823 0.78 ACNH67_002542
ACNH67_002542-T1     -           2517 11563                -            807  5.8e-128  426.4   2.5   2   2     3e-56   1.1e-53  180.7   0.1   355   488  1202  1335  1198  1341 0.98 ACNH67_002542
ACNH67_004776-T1     -           1470 11563                -            807   3.5e-97  324.6   0.0   1   1   1.5e-99   5.3e-97  324.0   0.0    28   486    37   534    17   542 0.81 ACNH67_004776
ACNH67_005157-T1     -            978 11563                -            807     3e-89  298.3  13.5   1   6   4.2e-29   1.5e-26   91.0   0.0    37   133   153   249   123   255 0.92 ACNH67_005157
ACNH67_005157-T1     -            978 11563                -            807     3e-89  298.3  13.5   2   6   1.3e-15   4.5e-13   46.4   0.1   136   213   337   418   329   425 0.87 ACNH67_005157
ACNH67_005157-T1     -            978 11563                -            807     3e-89  298.3  13.5   3   6   1.8e-06   0.00064   16.1   0.2   241   284   493   536   484   552 0.87 ACNH67_005157
ACNH67_005157-T1     -            978 11563                -            807     3e-89  298.3  13.5   4   6     0.062        22    1.1   0.0   303   321   579   597   570   610 0.81 ACNH67_005157
ACNH67_005157-T1     -            978 11563                -            807     3e-89  298.3  13.5   5   6   1.1e-46   3.8e-44  149.1   0.0   337   484   662   812   658   823 0.93 ACNH67_005157
ACNH67_005157-T1     -            978 11563                -            807     3e-89  298.3  13.5   6   6       4.6   1.6e+03   -5.1   1.2   542   592   856   906   851   924 0.76 ACNH67_005157
ACNH67_001516-T1     -           1203 11563                -            807   1.5e-84  282.8   0.0   1   3   5.4e-14   1.9e-11   41.0   0.0    18    80   182   244   171   249 0.90 ACNH67_001516
ACNH67_001516-T1     -           1203 11563                -            807   1.5e-84  282.8   0.0   2   3   3.1e-30   1.1e-27   94.7   0.0    90   290   305   540   288   553 0.78 ACNH67_001516
ACNH67_001516-T1     -           1203 11563                -            807   1.5e-84  282.8   0.0   3   3   9.5e-44   3.4e-41  139.4   0.0   307   487   580   760   560   779 0.91 ACNH67_001516
ACNH67_000734-T1     -           1033 11563                -            807   1.9e-78  262.6   1.0   1   3   2.6e-42   9.3e-40  134.6   0.0    38   263   391   627   375   631 0.87 ACNH67_000734
ACNH67_000734-T1     -           1033 11563                -            807   1.9e-78  262.6   1.0   2   3     0.029        10    2.2   0.8   260   317   668   719   663   721 0.83 ACNH67_000734
ACNH67_000734-T1     -           1033 11563                -            807   1.9e-78  262.6   1.0   3   3   1.7e-38   6.2e-36  122.0   0.0   332   486   792   946   782   966 0.91 ACNH67_000734
ACNH67_004541-T1     -            807 11563                -            807     1e-77  260.1   0.0   1   2   9.8e-41   3.5e-38  129.4   0.0    59   317   145   417   139   426 0.81 ACNH67_004541
ACNH67_004541-T1     -            807 11563                -            807     1e-77  260.1   0.0   2   2   1.9e-40   6.6e-38  128.5   0.0   323   489   487   654   483   670 0.91 ACNH67_004541
ACNH67_004655-T1     -           2298 11563                -            807   1.1e-62  210.4   0.4   1   4   1.1e-33     4e-31  106.1   0.0    58   317   398   687   393   699 0.80 ACNH67_004655
ACNH67_004655-T1     -           2298 11563                -            807   1.1e-62  210.4   0.4   2   4   1.7e-11     6e-09   32.7   0.0   336   402   863   929   860   933 0.96 ACNH67_004655
ACNH67_004655-T1     -           2298 11563                -            807   1.1e-62  210.4   0.4   3   4   5.9e-22   2.1e-19   67.3   0.0   405   478   982  1055   967  1069 0.91 ACNH67_004655
ACNH67_004655-T1     -           2298 11563                -            807   1.1e-62  210.4   0.4   4   4         3   1.1e+03   -4.5   1.2   523   573  1140  1190  1134  1201 0.76 ACNH67_004655
ACNH67_004064-T1     -           1659 11563                -            807   2.1e-57  193.0   0.1   1   5     4e-13   1.4e-10   38.1   0.0    14    78   384   449   375   462 0.81 ACNH67_004064
ACNH67_004064-T1     -           1659 11563                -            807   2.1e-57  193.0   0.1   2   5   1.5e-05    0.0053   13.0   0.0    85   150   492   555   487   567 0.83 ACNH67_004064
ACNH67_004064-T1     -           1659 11563                -            807   2.1e-57  193.0   0.1   3   5   1.1e-11   3.8e-09   33.4   0.0   151   211  1081  1142  1061  1148 0.87 ACNH67_004064
ACNH67_004064-T1     -           1659 11563                -            807   2.1e-57  193.0   0.1   4   5   6.2e-05     0.022   11.0   0.0   234   318  1205  1297  1196  1318 0.81 ACNH67_004064
ACNH67_004064-T1     -           1659 11563                -            807   2.1e-57  193.0   0.1   5   5   8.6e-29   3.1e-26   89.9   0.0   336   478  1488  1631  1484  1644 0.86 ACNH67_004064
ACNH67_000948-T1     -           1402 11563                -            807   1.7e-50  170.1   2.4   1   4   4.7e-06    0.0017   14.7   0.0    59    76   695   712   683   730 0.87 ACNH67_000948
ACNH67_000948-T1     -           1402 11563                -            807   1.7e-50  170.1   2.4   2   4   1.3e-19   4.7e-17   59.5   0.1    89   253   769   945   763   953 0.80 ACNH67_000948
ACNH67_000948-T1     -           1402 11563                -            807   1.7e-50  170.1   2.4   3   4       1.8   6.4e+02   -3.8   0.0   259   313  1018  1073  1016  1074 0.80 ACNH67_000948
ACNH67_000948-T1     -           1402 11563                -            807   1.7e-50  170.1   2.4   4   4   6.4e-30   2.3e-27   93.7   0.0   335   492  1207  1368  1191  1376 0.91 ACNH67_000948
ACNH67_000873-T1     -            891 11563                -            807   4.3e-37  125.8   0.0   1   2   2.1e-23   7.6e-21   72.1   0.0    33   273   375   615   343   636 0.76 ACNH67_000873
ACNH67_000873-T1     -            891 11563                -            807   4.3e-37  125.8   0.0   2   2   3.6e-17   1.3e-14   51.5   0.0   347   471   682   806   672   813 0.91 ACNH67_000873
ACNH67_000211-T1     -            136 11563                -            807   1.2e-05   21.8   0.0   1   1   3.7e-08   1.3e-05   21.7   0.0   362   475    19   132     6   135 0.81 ACNH67_000211
ACNH67_002442-T1     -            669 11563                -            807   0.00024   17.5   0.0   1   2     0.021       7.6    2.6   0.0    90   170   276   359   266   371 0.81 ACNH67_002442
ACNH67_002442-T1     -            669 11563                -            807   0.00024   17.5   0.0   2   2   1.9e-05    0.0069   12.7   0.0   344   408   438   502   434   542 0.85 ACNH67_002442
ACNH67_001663-T1     -           1000 11563                -            807    0.0041   13.4   0.0   1   1   1.8e-05    0.0063   12.8   0.0   379   454   709   776   703   792 0.85 ACNH67_001663
#
# Program:         hmmsearch
# Version:         3.1b2 (February 2015)
# Pipeline mode:   SEARCH
# Query file:      /home/edouard/GregarineStuff/Lgryllorum_Genome_analysis/Funannotate/Run_v3/species_train/annotate_results/busco_downloads/lineages/apicomplexa_odb12/hmms/11563at5794.hmm
# Target file:     /home/edouard/GregarineStuff/Lgryllorum_Genome_analysis/Funannotate/Run_v3/species_train/annotate_results/Leidyana_gryllorum.proteins.fa
# Option settings: hmmsearch --domtblout /home/edouard/GregarineStuff/Lgryllorum_Genome_analysis/Funannotate/Run_v3/species_train/annotate_results/busco/run_apicomplexa_odb12/hmmer_output/initial_run_results/11563at5794.out --cpu 1 /home/edouard/GregarineStuff/Lgryllorum_Genome_analysis/Funannotate/Run_v3/species_train/annotate_results/busco_downloads/lineages/apicomplexa_odb12/hmms/11563at5794.hmm /home/edouard/GregarineStuff/Lgryllorum_Genome_analysis/Funannotate/Run_v3/species_train/annotate_results/Leidyana_gryllorum.proteins.fa 
# Current dir:     /home/edouard/GregarineStuff/Lgryllorum_Genome_analysis/Funannotate/Run_v3/species_train/annotate_results
# Date:            Tue Apr  1 17:36:16 2025
# [ok]
