#                                                                            --- full sequence --- -------------- this domain -------------   hmm coord   ali coord   env coord
# target name        accession   tlen query name           accession   qlen   E-value  score  bias   #  of  c-Evalue  i-Evalue  score  bias  from    to  from    to  from    to  acc description of target
#------------------- ---------- ----- -------------------- ---------- ----- --------- ------ ----- --- --- --------- --------- ------ ----- ----- ----- ----- ----- ----- ----- ---- ---------------------
ACNH67_004791-T1     -           2009 11750                -            938  1.5e-134  448.2   8.7   1   5   3.4e-95   5.5e-93  310.7   4.0    87   590   511  1057   498  1079 0.85 ACNH67_004791
ACNH67_004791-T1     -           2009 11750                -            938  1.5e-134  448.2   8.7   2   5   1.3e-05    0.0022   14.1   0.0   649   699  1138  1190  1111  1227 0.75 ACNH67_004791
ACNH67_004791-T1     -           2009 11750                -            938  1.5e-134  448.2   8.7   3   5   6.1e-38   9.8e-36  121.2   0.0   731   860  1250  1381  1240  1391 0.94 ACNH67_004791
ACNH67_004791-T1     -           2009 11750                -            938  1.5e-134  448.2   8.7   4   5      0.47        77   -0.9   0.0   859   892  1428  1461  1425  1483 0.87 ACNH67_004791
ACNH67_004791-T1     -           2009 11750                -            938  1.5e-134  448.2   8.7   5   5      0.44        70   -0.8   0.0   892   919  1493  1520  1485  1526 0.82 ACNH67_004791
ACNH67_001175-T1     -           1826 11750                -            938   6.4e-28   95.3   2.9   1   4     0.011       1.8    4.5   0.0   767   813   296   342   288   347 0.81 ACNH67_001175
ACNH67_001175-T1     -           1826 11750                -            938   6.4e-28   95.3   2.9   2   4   2.1e-10   3.5e-08   30.0   0.0   745   828   373   462   347   482 0.83 ACNH67_001175
ACNH67_001175-T1     -           1826 11750                -            938   6.4e-28   95.3   2.9   3   4   8.4e-07   0.00014   18.1   0.0   745   800   508   561   504   574 0.93 ACNH67_001175
ACNH67_001175-T1     -           1826 11750                -            938   6.4e-28   95.3   2.9   4   4   3.1e-13   4.9e-11   39.4   0.4   746   835  1185  1275  1181  1282 0.94 ACNH67_001175
ACNH67_001584-T1     -            167 11750                -            938   5.1e-25   85.7   0.7   1   1   3.8e-27   6.2e-25   85.4   0.7   726   838    14   126     5   136 0.93 ACNH67_001584
ACNH67_004518-T1     -            553 11750                -            938   5.9e-23   78.9   7.3   1   5    0.0015      0.25    7.3   0.0   775   829    20    75    10    81 0.80 ACNH67_004518
ACNH67_004518-T1     -            553 11750                -            938   5.9e-23   78.9   7.3   2   5   8.6e-11   1.4e-08   31.3   0.0   778   851    91   167    82   175 0.81 ACNH67_004518
ACNH67_004518-T1     -            553 11750                -            938   5.9e-23   78.9   7.3   3   5   1.3e-06   0.00022   17.4   0.1   777   831   226   281   216   296 0.86 ACNH67_004518
ACNH67_004518-T1     -            553 11750                -            938   5.9e-23   78.9   7.3   4   5   3.7e-06    0.0006   16.0   0.1   778   833   348   404   334   414 0.86 ACNH67_004518
ACNH67_004518-T1     -            553 11750                -            938   5.9e-23   78.9   7.3   5   5    0.0025      0.41    6.6   0.1   776   847   414   486   408   494 0.73 ACNH67_004518
ACNH67_001872-T1     -            191 11750                -            938   4.7e-20   69.3   0.3   1   2   2.8e-13   4.5e-11   39.6   0.1   750   838    20   114    19   120 0.82 ACNH67_001872
ACNH67_001872-T1     -            191 11750                -            938   4.7e-20   69.3   0.3   2   2   7.1e-10   1.1e-07   28.3   0.0   775   821   120   166   114   173 0.92 ACNH67_001872
ACNH67_000566-T1     -            513 11750                -            938   8.4e-19   65.1   0.9   1   2     0.003      0.48    6.4   0.0    97   125   107   135    96   154 0.86 ACNH67_000566
ACNH67_000566-T1     -            513 11750                -            938   8.4e-19   65.1   0.9   2   2   1.7e-18   2.7e-16   56.9   0.7   293   553   231   485   225   504 0.78 ACNH67_000566
ACNH67_000404-T1     -           1175 11750                -            938   3.6e-16   56.4   0.0   1   5     0.067        11    1.9   0.0   779   817   289   327   283   332 0.91 ACNH67_000404
ACNH67_000404-T1     -           1175 11750                -            938   3.6e-16   56.4   0.0   2   5     0.018       2.9    3.8   0.0   620   676   338   394   327   400 0.85 ACNH67_000404
ACNH67_000404-T1     -           1175 11750                -            938   3.6e-16   56.4   0.0   3   5    0.0036      0.57    6.1   0.0   750   816   375   445   365   452 0.65 ACNH67_000404
ACNH67_000404-T1     -           1175 11750                -            938   3.6e-16   56.4   0.0   4   5   1.7e-13   2.7e-11   40.3   0.0   743   830   818   906   802   915 0.90 ACNH67_000404
ACNH67_000404-T1     -           1175 11750                -            938   3.6e-16   56.4   0.0   5   5       3.3   5.3e+02   -3.7   0.0   744   772   935   963   932   986 0.78 ACNH67_000404
ACNH67_002537-T1     -            460 11750                -            938   2.4e-12   43.8   0.0   1   1   2.1e-14   3.4e-12   43.3   0.0   743   849    76   183    70   205 0.95 ACNH67_002537
ACNH67_001922-T1     -            320 11750                -            938   7.1e-12   42.2   0.2   1   2   2.9e-06   0.00046   16.4   0.0   775   832   100   158    89   163 0.86 ACNH67_001922
ACNH67_001922-T1     -            320 11750                -            938   7.1e-12   42.2   0.2   2   2   1.3e-08   2.2e-06   24.1   0.1   768   832   165   230   162   239 0.84 ACNH67_001922
ACNH67_000609-T1     -            959 11750                -            938   2.1e-11   40.7   0.1   1   2    0.0025       0.4    6.6   0.0    85   126   310   350   273   357 0.77 ACNH67_000609
ACNH67_000609-T1     -            959 11750                -            938   2.1e-11   40.7   0.1   2   2   5.5e-11   8.9e-09   32.0   0.0   304   400   533   633   515   640 0.87 ACNH67_000609
ACNH67_004511-T1     -            247 11750                -            938   1.1e-10   38.2   0.7   1   2   9.6e-06    0.0016   14.6   0.0   743   811     8    78     2    81 0.88 ACNH67_004511
ACNH67_004511-T1     -            247 11750                -            938   1.1e-10   38.2   0.7   2   2   5.5e-08     9e-06   22.0   0.4   747   817    81   155    76   241 0.84 ACNH67_004511
ACNH67_005090-T1     -            190 11750                -            938   1.2e-10   38.2   0.1   1   1   9.3e-13   1.5e-10   37.8   0.1   743   825    67   152    56   162 0.84 ACNH67_005090
ACNH67_002231-T1     -            238 11750                -            938   1.9e-10   37.5   1.3   1   2   2.6e-12   4.1e-10   36.4   1.2   745   847    77   185    74   189 0.83 ACNH67_002231
ACNH67_002231-T1     -            238 11750                -            938   1.9e-10   37.5   1.3   2   2      0.17        27    0.6   0.0   754   806   156   209   152   218 0.73 ACNH67_002231
ACNH67_000930-T1     -            817 11750                -            938   3.1e-10   36.8   0.0   1   1     3e-12   4.9e-10   36.1   0.0   742   841    76   176    57   182 0.75 ACNH67_000930
ACNH67_004937-T1     -           1061 11750                -            938   4.3e-10   36.3   0.0   1   2   4.8e-06   0.00078   15.6   0.0   762   818    22    80     6   124 0.81 ACNH67_004937
ACNH67_004937-T1     -           1061 11750                -            938   4.3e-10   36.3   0.0   2   2   6.7e-07   0.00011   18.5   0.0   742   817   174   260    96   285 0.80 ACNH67_004937
ACNH67_004162-T1     -            468 11750                -            938   6.3e-10   35.8   0.1   1   2   1.6e-08   2.6e-06   23.8   0.0   745   818    56   135    32   145 0.85 ACNH67_004162
ACNH67_004162-T1     -            468 11750                -            938   6.3e-10   35.8   0.1   2   2    0.0003     0.049    9.7   0.0   757   816   221   285   210   300 0.79 ACNH67_004162
ACNH67_003554-T1     -            802 11750                -            938   8.8e-10   35.3   0.9   1   4   2.9e-08   4.6e-06   23.0   0.3   739   848   116   227   111   254 0.81 ACNH67_003554
ACNH67_003554-T1     -            802 11750                -            938   8.8e-10   35.3   0.9   2   4     0.001      0.17    7.9   0.0   743   818   223   300   214   313 0.82 ACNH67_003554
ACNH67_003554-T1     -            802 11750                -            938   8.8e-10   35.3   0.9   3   4     0.021       3.4    3.6   0.0   736   830   285   382   283   388 0.77 ACNH67_003554
ACNH67_003554-T1     -            802 11750                -            938   8.8e-10   35.3   0.9   4   4      0.16        25    0.7   0.0   633   669   598   634   559   648 0.53 ACNH67_003554
ACNH67_005056-T1     -           1095 11750                -            938   1.8e-09   34.3   5.3   1   3      0.05       8.2    2.3   0.0   104   127    21    44     8    49 0.88 ACNH67_005056
ACNH67_005056-T1     -           1095 11750                -            938   1.8e-09   34.3   5.3   2   3   4.9e-11     8e-09   32.1   1.8   299   380   120   202   114   204 0.94 ACNH67_005056
ACNH67_005056-T1     -           1095 11750                -            938   1.8e-09   34.3   5.3   3   3       1.2   1.9e+02   -2.2   0.0   393   443   237   289   232   319 0.70 ACNH67_005056
ACNH67_005330-T1     -            598 11750                -            938   3.8e-09   33.2   0.2   1   1   3.2e-11   5.1e-09   32.8   0.2   295   377   382   462   369   464 0.85 ACNH67_005330
ACNH67_003364-T1     -            729 11750                -            938   7.6e-09   32.2   0.0   1   1     1e-10   1.6e-08   31.1   0.0   739   838   577   682   572   694 0.83 ACNH67_003364
ACNH67_000522-T1     -            743 11750                -            938     1e-08   31.7   0.2   1   2   1.6e-08   2.5e-06   23.9   0.1   743   839    47   144    22   149 0.88 ACNH67_000522
ACNH67_000522-T1     -            743 11750                -            938     1e-08   31.7   0.2   2   2   0.00088      0.14    8.1   0.1   763   830   134   202   118   213 0.82 ACNH67_000522
ACNH67_003202-T1     -            168 11750                -            938   1.1e-07   28.4   0.0   1   1   7.4e-10   1.2e-07   28.2   0.0   769   817    78   126    54   138 0.88 ACNH67_003202
ACNH67_004512-T1     -            302 11750                -            938   5.5e-07   26.0   0.1   1   1   4.7e-09   7.6e-07   25.6   0.1   745   844    95   199    91   221 0.86 ACNH67_004512
ACNH67_003463-T1     -           1569 11750                -            938   6.7e-07   25.8   0.3   1   2      0.15        24    0.7   0.3    98   141   680   724   670   751 0.80 ACNH67_003463
ACNH67_003463-T1     -           1569 11750                -            938   6.7e-07   25.8   0.3   2   2   4.1e-08   6.7e-06   22.4   0.0   291   368   895   974   888   977 0.89 ACNH67_003463
ACNH67_003781-T1     -           1696 11750                -            938   1.9e-06   24.3   0.0   1   2      0.17        28    0.5   0.0   749   851   521   625   515   627 0.60 ACNH67_003781
ACNH67_003781-T1     -           1696 11750                -            938   1.9e-06   24.3   0.0   2   2   1.2e-07     2e-05   20.9   0.0   745   830   670   757   664   763 0.85 ACNH67_003781
ACNH67_000365-T1     -            633 11750                -            938   7.7e-06   22.2   0.0   1   1     8e-08   1.3e-05   21.5   0.0   743   832    49   105    29   115 0.55 ACNH67_000365
ACNH67_004749-T1     -            490 11750                -            938   4.7e-05   19.6   0.3   1   1   4.8e-07   7.8e-05   18.9   0.3   297   390   224   326   215   368 0.79 ACNH67_004749
ACNH67_001084-T1     -            409 11750                -            938   6.7e-05   19.1   0.5   1   2     7e-07   0.00011   18.4   0.0   279   369    99   187    88   191 0.79 ACNH67_001084
ACNH67_001084-T1     -            409 11750                -            938   6.7e-05   19.1   0.5   2   2       2.1   3.5e+02   -3.1   0.1   812   834   306   328   291   332 0.87 ACNH67_001084
ACNH67_000344-T1     -            795 11750                -            938   0.00027   17.1   0.0   1   2      0.32        52   -0.4   0.0   780   829   204   253   196   262 0.78 ACNH67_000344
ACNH67_000344-T1     -            795 11750                -            938   0.00027   17.1   0.0   2   2   7.2e-06    0.0012   15.0   0.0   770   834   260   324   233   339 0.87 ACNH67_000344
ACNH67_004876-T1     -            499 11750                -            938    0.0005   16.3   0.1   1   1   4.8e-06   0.00078   15.6   0.1   303   368   197   260   188   264 0.78 ACNH67_004876
ACNH67_001035-T1     -            284 11750                -            938     0.004   13.3   0.0   1   1   3.3e-05    0.0053   12.9   0.0   744   779    91   126    63   141 0.63 ACNH67_001035
ACNH67_000334-T1     -            561 11750                -            938      0.02   11.0   4.3   1   3     0.017       2.7    3.9   0.0     4    61    17    74    14    81 0.91 ACNH67_000334
ACNH67_000334-T1     -            561 11750                -            938      0.02   11.0   4.3   2   3      0.04       6.5    2.6   0.2    22    59   310   347   284   359 0.77 ACNH67_000334
ACNH67_000334-T1     -            561 11750                -            938      0.02   11.0   4.3   3   3     0.012         2    4.4   0.1     4    72   386   454   383   495 0.80 ACNH67_000334
ACNH67_004191-T1     -            338 11750                -            938     0.034   10.2   0.0   1   1   0.00036     0.058    9.4   0.0   777   852   143   226    88   238 0.70 ACNH67_004191
ACNH67_001040-T1     -           1128 11750                -            938     0.081    8.9   0.0   1   1   0.00075      0.12    8.4   0.0   777   816  1039  1078  1021  1105 0.81 ACNH67_001040
ACNH67_004039-T1     -            878 11750                -            938       0.1    8.6   0.4   1   2       2.6   4.2e+02   -3.4   0.0   756   848   200   227   192   242 0.49 ACNH67_004039
ACNH67_004039-T1     -            878 11750                -            938       0.1    8.6   0.4   2   2    0.0012       0.2    7.6   0.2   744   777   327   360   324   378 0.73 ACNH67_004039
#
# Program:         hmmsearch
# Version:         3.1b2 (February 2015)
# Pipeline mode:   SEARCH
# Query file:      /home/edouard/GregarineStuff/Lgryllorum_Genome_analysis/Funannotate/Run_v3/species_train/annotate_results/busco_downloads/lineages/apicomplexa_odb12/hmms/11750at5794.hmm
# Target file:     /home/edouard/GregarineStuff/Lgryllorum_Genome_analysis/Funannotate/Run_v3/species_train/annotate_results/Leidyana_gryllorum.proteins.fa
# Option settings: hmmsearch --domtblout /home/edouard/GregarineStuff/Lgryllorum_Genome_analysis/Funannotate/Run_v3/species_train/annotate_results/busco/run_apicomplexa_odb12/hmmer_output/initial_run_results/11750at5794.out --cpu 1 /home/edouard/GregarineStuff/Lgryllorum_Genome_analysis/Funannotate/Run_v3/species_train/annotate_results/busco_downloads/lineages/apicomplexa_odb12/hmms/11750at5794.hmm /home/edouard/GregarineStuff/Lgryllorum_Genome_analysis/Funannotate/Run_v3/species_train/annotate_results/Leidyana_gryllorum.proteins.fa 
# Current dir:     /home/edouard/GregarineStuff/Lgryllorum_Genome_analysis/Funannotate/Run_v3/species_train/annotate_results
# Date:            Tue Apr  1 17:36:17 2025
# [ok]
