#                                                                            --- full sequence --- -------------- this domain -------------   hmm coord   ali coord   env coord
# target name        accession   tlen query name           accession   qlen   E-value  score  bias   #  of  c-Evalue  i-Evalue  score  bias  from    to  from    to  from    to  acc description of target
#------------------- ---------- ----- -------------------- ---------- ----- --------- ------ ----- --- --- --------- --------- ------ ----- ----- ----- ----- ----- ----- ----- ---- ---------------------
ACNH67_000554-T1     -            304 11788                -            290   3.3e-47  159.5   1.4   1   4      0.74   1.4e+03   -3.4   0.0    30    38    38    46    11    62 0.71 ACNH67_000554
ACNH67_000554-T1     -            304 11788                -            290   3.3e-47  159.5   1.4   2   4   1.5e-06    0.0029   15.3   0.0   145   198    89   143    84   147 0.83 ACNH67_000554
ACNH67_000554-T1     -            304 11788                -            290   3.3e-47  159.5   1.4   3   4   7.6e-08   0.00014   19.6   0.0   125   192   119   188   115   192 0.85 ACNH67_000554
ACNH67_000554-T1     -            304 11788                -            290   3.3e-47  159.5   1.4   4   4   9.3e-43   1.7e-39  134.2   1.3   121   257   167   301   164   303 0.88 ACNH67_000554
ACNH67_004254-T1     -            740 11788                -            290     5e-44  149.1   2.0   1   3   1.2e-09   2.2e-06   25.5   0.0   137   205    91   159    75   167 0.89 ACNH67_004254
ACNH67_004254-T1     -            740 11788                -            290     5e-44  149.1   2.0   2   3   2.6e-06    0.0049   14.6   0.0   143   186   148   191   141   196 0.90 ACNH67_004254
ACNH67_004254-T1     -            740 11788                -            290     5e-44  149.1   2.0   3   3   9.2e-39   1.7e-35  121.1   0.9   119   279   174   340   167   343 0.85 ACNH67_004254
ACNH67_000032-T1     -            417 11788                -            290     4e-33  113.3   0.0   1   2      0.13   2.5e+02   -0.9   0.0   118   136   197   215   193   224 0.84 ACNH67_000032
ACNH67_000032-T1     -            417 11788                -            290     4e-33  113.3   0.0   2   2   1.1e-35   2.1e-32  111.0   0.0   145   284   246   397   239   402 0.82 ACNH67_000032
#
# Program:         hmmsearch
# Version:         3.1b2 (February 2015)
# Pipeline mode:   SEARCH
# Query file:      /home/edouard/GregarineStuff/Lgryllorum_Genome_analysis/Funannotate/Run_v3/species_train/annotate_results/busco_downloads/lineages/apicomplexa_odb12/hmms/11788at5794.hmm
# Target file:     /home/edouard/GregarineStuff/Lgryllorum_Genome_analysis/Funannotate/Run_v3/species_train/annotate_results/Leidyana_gryllorum.proteins.fa
# Option settings: hmmsearch --domtblout /home/edouard/GregarineStuff/Lgryllorum_Genome_analysis/Funannotate/Run_v3/species_train/annotate_results/busco/run_apicomplexa_odb12/hmmer_output/initial_run_results/11788at5794.out --cpu 1 /home/edouard/GregarineStuff/Lgryllorum_Genome_analysis/Funannotate/Run_v3/species_train/annotate_results/busco_downloads/lineages/apicomplexa_odb12/hmms/11788at5794.hmm /home/edouard/GregarineStuff/Lgryllorum_Genome_analysis/Funannotate/Run_v3/species_train/annotate_results/Leidyana_gryllorum.proteins.fa 
# Current dir:     /home/edouard/GregarineStuff/Lgryllorum_Genome_analysis/Funannotate/Run_v3/species_train/annotate_results
# Date:            Tue Apr  1 17:36:17 2025
# [ok]
