#                                                                            --- full sequence --- -------------- this domain -------------   hmm coord   ali coord   env coord
# target name        accession   tlen query name           accession   qlen   E-value  score  bias   #  of  c-Evalue  i-Evalue  score  bias  from    to  from    to  from    to  acc description of target
#------------------- ---------- ----- -------------------- ---------- ----- --------- ------ ----- --- --- --------- --------- ------ ----- ----- ----- ----- ----- ----- ----- ---- ---------------------
ACNH67_001454-T1     -            807 12214                -            219   8.2e-35  118.3   3.1   1   1   2.4e-35   2.5e-33  113.4   3.1    16   216   136   383   130   386 0.76 ACNH67_001454
ACNH67_003156-T1     -            490 12214                -            219   4.4e-23   79.9   2.4   1   3   7.6e-11   8.1e-09   33.3   0.0    53   117   179   250   163   254 0.84 ACNH67_003156
ACNH67_003156-T1     -            490 12214                -            219   4.4e-23   79.9   2.4   2   3   3.7e-11     4e-09   34.3   0.2    54   116   264   333   255   441 0.64 ACNH67_003156
ACNH67_003156-T1     -            490 12214                -            219   4.4e-23   79.9   2.4   3   3     0.095        10    3.6   0.0    56    76   443   463   426   467 0.77 ACNH67_003156
ACNH67_001323-T1     -            521 12214                -            219   1.6e-21   74.9  11.7   1   5   2.6e-05    0.0028   15.2   0.1   123   176   146   201   106   203 0.64 ACNH67_001323
ACNH67_001323-T1     -            521 12214                -            219   1.6e-21   74.9  11.7   2   5   1.5e-06   0.00016   19.2   1.2    18   113   138   261   136   274 0.68 ACNH67_001323
ACNH67_001323-T1     -            521 12214                -            219   1.6e-21   74.9  11.7   3   5    0.0024      0.26    8.8   0.1    62    97   245   283   239   292 0.70 ACNH67_001323
ACNH67_001323-T1     -            521 12214                -            219   1.6e-21   74.9  11.7   4   5   1.2e-05    0.0013   16.3   0.2    20   114   293   395   287   403 0.77 ACNH67_001323
ACNH67_001323-T1     -            521 12214                -            219   1.6e-21   74.9  11.7   5   5   1.3e-11   1.4e-09   35.8   0.2    11   110   403   520   397   521 0.80 ACNH67_001323
ACNH67_004652-T1     -            353 12214                -            219     1e-17   62.4  11.1   1   4     0.046       4.9    4.6   0.0    96   119    36    59    33    66 0.83 ACNH67_004652
ACNH67_004652-T1     -            353 12214                -            219     1e-17   62.4  11.1   2   4   8.2e-05    0.0087   13.6   0.1    79   113    67   105    64   111 0.78 ACNH67_004652
ACNH67_004652-T1     -            353 12214                -            219     1e-17   62.4  11.1   3   4     2e-12   2.1e-10   38.5   4.3    55   186   124   282   122   293 0.78 ACNH67_004652
ACNH67_004652-T1     -            353 12214                -            219     1e-17   62.4  11.1   4   4      0.57        61    1.0   0.0   194   216   329   351   292   353 0.76 ACNH67_004652
ACNH67_003831-T1     -           1286 12214                -            219   1.4e-17   61.9   6.4   1   3   1.2e-08   1.3e-06   26.1   0.4    55   118    32   102    21   104 0.85 ACNH67_003831
ACNH67_003831-T1     -           1286 12214                -            219   1.4e-17   61.9   6.4   2   3     0.001      0.11   10.0   0.0    82   112   104   138   101   142 0.82 ACNH67_003831
ACNH67_003831-T1     -           1286 12214                -            219   1.4e-17   61.9   6.4   3   3     7e-09   7.5e-07   26.9   0.6    54   119   188   262   178   265 0.83 ACNH67_003831
ACNH67_001408-T1     -            960 12214                -            219   1.4e-15   55.4  20.5   1   7      0.82        87    0.5   0.1    48    77    86   115    21   122 0.79 ACNH67_001408
ACNH67_001408-T1     -            960 12214                -            219   1.4e-15   55.4  20.5   2   7         1   1.1e+02    0.2   0.0   124   142   163   181   148   235 0.59 ACNH67_001408
ACNH67_001408-T1     -            960 12214                -            219   1.4e-15   55.4  20.5   3   7      0.06       6.4    4.2   0.6    94   113   251   270   245   278 0.85 ACNH67_001408
ACNH67_001408-T1     -            960 12214                -            219   1.4e-15   55.4  20.5   4   7      0.13        14    3.1   0.1    55    76   381   402   375   450 0.73 ACNH67_001408
ACNH67_001408-T1     -            960 12214                -            219   1.4e-15   55.4  20.5   5   7      0.13        13    3.2   0.1    61    94   595   629   572   637 0.63 ACNH67_001408
ACNH67_001408-T1     -            960 12214                -            219   1.4e-15   55.4  20.5   6   7   2.6e-14   2.8e-12   44.6   1.2    54   144   638   752   626   760 0.72 ACNH67_001408
ACNH67_001408-T1     -            960 12214                -            219   1.4e-15   55.4  20.5   7   7   6.1e-05    0.0065   14.0   0.3    56   109   724   785   718   796 0.62 ACNH67_001408
ACNH67_002641-T1     -            638 12214                -            219   1.3e-14   52.3   1.5   1   4     0.084         9    3.7   0.0   159   183   334   358   327   365 0.74 ACNH67_002641
ACNH67_002641-T1     -            638 12214                -            219   1.3e-14   52.3   1.5   2   4    0.0034      0.36    8.3   0.1    82   119   423   464   395   471 0.69 ACNH67_002641
ACNH67_002641-T1     -            638 12214                -            219   1.3e-14   52.3   1.5   3   4     2e-09   2.1e-07   28.7   1.1    22   117   439   547   436   550 0.78 ACNH67_002641
ACNH67_002641-T1     -            638 12214                -            219   1.3e-14   52.3   1.5   4   4   1.8e-10   1.9e-08   32.1   0.1    21   117   480   590   478   630 0.80 ACNH67_002641
ACNH67_002121-T1     -           1538 12214                -            219   6.3e-14   50.0   5.6   1   5    0.0012      0.13    9.7   0.0   159   195   463   500   440   507 0.75 ACNH67_002121
ACNH67_002121-T1     -           1538 12214                -            219   6.3e-14   50.0   5.6   2   5     0.046       4.9    4.6   0.0    97   113   540   556   534   561 0.88 ACNH67_002121
ACNH67_002121-T1     -           1538 12214                -            219   6.3e-14   50.0   5.6   3   5   0.00069     0.073   10.6   0.0    52    93   827   869   808   874 0.86 ACNH67_002121
ACNH67_002121-T1     -           1538 12214                -            219   6.3e-14   50.0   5.6   4   5   2.5e-05    0.0027   15.3   0.1    58   111   900   958   886   968 0.52 ACNH67_002121
ACNH67_002121-T1     -           1538 12214                -            219   6.3e-14   50.0   5.6   5   5    0.0061      0.66    7.4   0.1    51    78   989  1016   979  1023 0.58 ACNH67_002121
ACNH67_005283-T1     -           1266 12214                -            219   6.8e-14   49.9   6.0   1   7   3.9e-05    0.0041   14.6   0.0    60   114   270   331   252   337 0.77 ACNH67_005283
ACNH67_005283-T1     -           1266 12214                -            219   6.8e-14   49.9   6.0   2   7   0.00088     0.094   10.2   0.0   163   216   371   428   366   465 0.61 ACNH67_005283
ACNH67_005283-T1     -           1266 12214                -            219   6.8e-14   49.9   6.0   3   7       7.3   7.8e+02   -2.6   0.0    54    78   736   759   733   762 0.75 ACNH67_005283
ACNH67_005283-T1     -           1266 12214                -            219   6.8e-14   49.9   6.0   4   7      0.34        36    1.7   0.0   159   198   788   828   781   848 0.66 ACNH67_005283
ACNH67_005283-T1     -           1266 12214                -            219   6.8e-14   49.9   6.0   5   7    0.0013      0.14    9.6   0.1    84   118   910   948   887   994 0.64 ACNH67_005283
ACNH67_005283-T1     -           1266 12214                -            219   6.8e-14   49.9   6.0   6   7    0.0022      0.23    8.9   0.0    21    78   966  1032   952  1038 0.73 ACNH67_005283
ACNH67_005283-T1     -           1266 12214                -            219   6.8e-14   49.9   6.0   7   7    0.0053      0.57    7.6   0.0   120   147  1014  1041  1009  1054 0.72 ACNH67_005283
ACNH67_001061-T1     -            496 12214                -            219   6.9e-14   49.9   0.5   1   3     0.085       9.1    3.7   0.0     9    56   204   251   197   255 0.77 ACNH67_001061
ACNH67_001061-T1     -            496 12214                -            219   6.9e-14   49.9   0.5   2   3   8.1e-10   8.7e-08   29.9   0.1    59   118   275   344   272   348 0.86 ACNH67_001061
ACNH67_001061-T1     -            496 12214                -            219   6.9e-14   49.9   0.5   3   3   0.00022     0.023   12.2   0.0    58   115   364   430   351   436 0.81 ACNH67_001061
ACNH67_005169-T1     -            638 12214                -            219   1.3e-13   49.0   0.2   1   3     0.015       1.6    6.2   0.1   115   140    60    85    57    96 0.88 ACNH67_005169
ACNH67_005169-T1     -            638 12214                -            219   1.3e-13   49.0   0.2   2   3   2.3e-07   2.5e-05   21.9   0.0    57   115   253   318   244   324 0.79 ACNH67_005169
ACNH67_005169-T1     -            638 12214                -            219   1.3e-13   49.0   0.2   3   3   7.2e-06   0.00077   17.0   0.0    20    82   342   408   339   417 0.83 ACNH67_005169
ACNH67_004370-T1     -            954 12214                -            219   1.9e-13   48.5   5.5   1   3       3.6   3.8e+02   -1.6   0.0    40    78     6    46     3    61 0.75 ACNH67_004370
ACNH67_004370-T1     -            954 12214                -            219   1.9e-13   48.5   5.5   2   3   1.3e-05    0.0014   16.2   0.2    58   111    68   128    37   133 0.82 ACNH67_004370
ACNH67_004370-T1     -            954 12214                -            219   1.9e-13   48.5   5.5   3   3   4.1e-09   4.4e-07   27.6   0.7    79   216   135   268   130   271 0.79 ACNH67_004370
ACNH67_000131-T1     -            297 12214                -            219   6.8e-12   43.3   0.0   1   3    0.0024      0.26    8.8   0.0    59    96     9    49     3    53 0.81 ACNH67_000131
ACNH67_000131-T1     -            297 12214                -            219   6.8e-12   43.3   0.0   2   3   1.2e-05    0.0012   16.4   0.0    61   119   129   197   119   203 0.80 ACNH67_000131
ACNH67_000131-T1     -            297 12214                -            219   6.8e-12   43.3   0.0   3   3   6.4e-05    0.0069   13.9   0.0    61   111   239   293   215   297 0.78 ACNH67_000131
ACNH67_004907-T1     -            362 12214                -            219     1e-11   42.8   0.0   1   3   1.3e-08   1.4e-06   26.0   0.0   120   217    25   125    22   127 0.86 ACNH67_004907
ACNH67_004907-T1     -            362 12214                -            219     1e-11   42.8   0.0   2   3   6.4e-05    0.0068   13.9   0.1   122   211   109   207   108   215 0.75 ACNH67_004907
ACNH67_004907-T1     -            362 12214                -            219     1e-11   42.8   0.0   3   3      0.02       2.1    5.8   0.0   161   182   279   300   266   319 0.59 ACNH67_004907
ACNH67_000155-T1     -            566 12214                -            219   1.1e-11   42.7   4.1   1   4   1.5e-08   1.7e-06   25.7   0.2    57   117   286   354   263   358 0.79 ACNH67_000155
ACNH67_000155-T1     -            566 12214                -            219   1.1e-11   42.7   4.1   2   4    0.0054      0.58    7.6   0.1    59   112   375   435   366   443 0.69 ACNH67_000155
ACNH67_000155-T1     -            566 12214                -            219   1.1e-11   42.7   4.1   3   4       7.2   7.7e+02   -2.6   0.0    55    78   456   479   453   489 0.78 ACNH67_000155
ACNH67_000155-T1     -            566 12214                -            219   1.1e-11   42.7   4.1   4   4    0.0036      0.38    8.2   0.1    59   110   507   566   501   566 0.79 ACNH67_000155
ACNH67_001808-T1     -            441 12214                -            219   4.3e-11   40.8   3.7   1   3     0.039       4.2    4.8   0.1    79   113   170   209   158   215 0.75 ACNH67_001808
ACNH67_001808-T1     -            441 12214                -            219   4.3e-11   40.8   3.7   2   3   3.8e-11     4e-09   34.3   0.3    21   112   248   359   228   363 0.72 ACNH67_001808
ACNH67_001808-T1     -            441 12214                -            219   4.3e-11   40.8   3.7   3   3       1.2   1.3e+02   -0.0   0.0    96   118   399   421   382   435 0.62 ACNH67_001808
ACNH67_002774-T1     -           1020 12214                -            219   1.6e-10   38.9   0.6   1   2       2.3   2.4e+02   -1.0   0.0    97   119   138   160   135   167 0.77 ACNH67_002774
ACNH67_002774-T1     -           1020 12214                -            219   1.6e-10   38.9   0.6   2   2   1.1e-11   1.1e-09   36.1   0.3    16   117   173   283   165   288 0.81 ACNH67_002774
ACNH67_004094-T1     -           1385 12214                -            219   3.1e-10   37.9   5.1   1   4    0.0052      0.55    7.7   0.1    82   177   515   549   487   596 0.58 ACNH67_004094
ACNH67_004094-T1     -           1385 12214                -            219   3.1e-10   37.9   5.1   2   4   6.3e-07   6.7e-05   20.5   0.0    57   115   810   875   791   881 0.80 ACNH67_004094
ACNH67_004094-T1     -           1385 12214                -            219   3.1e-10   37.9   5.1   3   4    0.0041      0.43    8.0   0.1    22    76   902   966   894   970 0.68 ACNH67_004094
ACNH67_004094-T1     -           1385 12214                -            219   3.1e-10   37.9   5.1   4   4       9.7     1e+03   -3.0   0.0   104   117  1005  1018   995  1022 0.63 ACNH67_004094
ACNH67_001450-T1     -            491 12214                -            219   3.3e-10   37.8   1.4   1   3    0.0049      0.52    7.8   0.0    54    79    95   120    84   131 0.70 ACNH67_001450
ACNH67_001450-T1     -            491 12214                -            219   3.3e-10   37.8   1.4   2   3     1e-05    0.0011   16.5   0.0    76   112   179   220   140   224 0.72 ACNH67_001450
ACNH67_001450-T1     -            491 12214                -            219   3.3e-10   37.8   1.4   3   3   0.00071     0.075   10.5   0.2     5    52   243   290   239   307 0.85 ACNH67_001450
ACNH67_003296-T1     -            565 12214                -            219   4.5e-10   37.4   1.3   1   3   1.1e-06   0.00012   19.6   0.2    19   113   119   229   112   239 0.72 ACNH67_003296
ACNH67_003296-T1     -            565 12214                -            219   4.5e-10   37.4   1.3   2   3   0.00045     0.048   11.2   0.0    50   114   246   321   234   339 0.76 ACNH67_003296
ACNH67_003296-T1     -            565 12214                -            219   4.5e-10   37.4   1.3   3   3    0.0054      0.57    7.6   0.0   122   176   304   364   303   371 0.65 ACNH67_003296
ACNH67_003819-T1     -            843 12214                -            219   1.1e-09   36.2   1.0   1   3       1.2   1.3e+02   -0.1   0.0    24    42    29    47    20    55 0.77 ACNH67_003819
ACNH67_003819-T1     -            843 12214                -            219   1.1e-09   36.2   1.0   2   3   4.2e-05    0.0045   14.5   0.1    54   118    75   144    70   148 0.80 ACNH67_003819
ACNH67_003819-T1     -            843 12214                -            219   1.1e-09   36.2   1.0   3   3   1.2e-09   1.3e-07   29.3   0.1   117   215   118   220   111   223 0.83 ACNH67_003819
ACNH67_003323-T1     -           1057 12214                -            219   2.9e-09   34.7   0.0   1   4     0.001      0.11   10.0   0.0    72   117    52   102    39   106 0.77 ACNH67_003323
ACNH67_003323-T1     -           1057 12214                -            219   2.9e-09   34.7   0.0   2   4     0.058       6.2    4.3   0.0    85   113   109   141   102   149 0.70 ACNH67_003323
ACNH67_003323-T1     -           1057 12214                -            219   2.9e-09   34.7   0.0   3   4       2.7   2.8e+02   -1.2   0.0   122   178   240   298   230   317 0.68 ACNH67_003323
ACNH67_003323-T1     -           1057 12214                -            219   2.9e-09   34.7   0.0   4   4   2.1e-05    0.0023   15.5   0.0   127   216   287   383   274   386 0.70 ACNH67_003323
ACNH67_002373-T1     -            845 12214                -            219   1.1e-08   32.8   0.1   1   3     0.017       1.8    6.0   0.0   180   217   475   512   470   514 0.86 ACNH67_002373
ACNH67_002373-T1     -            845 12214                -            219   1.1e-08   32.8   0.1   2   3   6.7e-05    0.0071   13.9   0.0    82   121   524   569   517   572 0.83 ACNH67_002373
ACNH67_002373-T1     -            845 12214                -            219   1.1e-08   32.8   0.1   3   3    0.0024      0.26    8.8   0.0    33   115   668   759   653   764 0.83 ACNH67_002373
ACNH67_001215-T1     -            442 12214                -            219   1.9e-08   32.1   0.4   1   3   0.00024     0.026   12.1   0.1    79   113   153   191   149   197 0.78 ACNH67_001215
ACNH67_001215-T1     -            442 12214                -            219   1.9e-08   32.1   0.4   2   3   1.3e-08   1.3e-06   26.0   0.0   122   218   175   275   164   276 0.85 ACNH67_001215
ACNH67_001215-T1     -            442 12214                -            219   1.9e-08   32.1   0.4   3   3       0.3        32    1.9   0.0    47    76   391   422   349   434 0.47 ACNH67_001215
ACNH67_004196-T1     -            656 12214                -            219   7.5e-08   30.1   2.2   1   3   0.00037     0.039   11.4   0.0    81   112    76   112    42   116 0.77 ACNH67_004196
ACNH67_004196-T1     -            656 12214                -            219   7.5e-08   30.1   2.2   2   3   6.3e-05    0.0068   13.9   0.2     9    47   127   170   120   217 0.53 ACNH67_004196
ACNH67_004196-T1     -            656 12214                -            219   7.5e-08   30.1   2.2   3   3      0.42        44    1.5   0.1    98   115   242   259   236   275 0.76 ACNH67_004196
ACNH67_003547-T1     -            160 12214                -            219     6e-07   27.2   1.5   1   1   4.7e-08     5e-06   24.2   1.4    18   114    30   141    26   153 0.62 ACNH67_003547
ACNH67_005019-T1     -            391 12214                -            219   1.5e-06   25.9   1.4   1   3    0.0078      0.83    7.1   0.0    98   122    45    69    41    71 0.88 ACNH67_005019
ACNH67_005019-T1     -            391 12214                -            219   1.5e-06   25.9   1.4   2   3   0.00011     0.011   13.2   0.6    15    83    98   169    88   202 0.71 ACNH67_005019
ACNH67_005019-T1     -            391 12214                -            219   1.5e-06   25.9   1.4   3   3      0.38        41    1.6   0.0    95   115   300   320   277   330 0.65 ACNH67_005019
ACNH67_004486-T1     -            363 12214                -            219   1.7e-06   25.7   0.0   1   2    0.0058      0.62    7.5   0.0   187   217    12    44     2    48 0.70 ACNH67_004486
ACNH67_004486-T1     -            363 12214                -            219   1.7e-06   25.7   0.0   2   2   2.5e-05    0.0026   15.3   0.0   160   215   189   246   164   257 0.62 ACNH67_004486
ACNH67_003255-T1     -            761 12214                -            219   1.4e-05   22.7   3.3   1   6      0.51        54    1.2   0.0   194   214    72    92    57   109 0.63 ACNH67_003255
ACNH67_003255-T1     -            761 12214                -            219   1.4e-05   22.7   3.3   2   6      0.22        23    2.4   0.0    23    81   170   233   150   239 0.72 ACNH67_003255
ACNH67_003255-T1     -            761 12214                -            219   1.4e-05   22.7   3.3   3   6       7.1   7.6e+02   -2.6   0.0    61    77   256   272   249   279 0.50 ACNH67_003255
ACNH67_003255-T1     -            761 12214                -            219   1.4e-05   22.7   3.3   4   6      0.52        55    1.2   0.0   154   179   438   463   424   476 0.77 ACNH67_003255
ACNH67_003255-T1     -            761 12214                -            219   1.4e-05   22.7   3.3   5   6   0.00069     0.073   10.6   0.3    53   127   644   726   636   733 0.76 ACNH67_003255
ACNH67_003255-T1     -            761 12214                -            219   1.4e-05   22.7   3.3   6   6      0.28        30    2.0   0.0   114   137   730   753   715   757 0.73 ACNH67_003255
ACNH67_000780-T1     -            335 12214                -            219   1.5e-05   22.7   0.0   1   2   3.6e-05    0.0038   14.8   0.0   145   183    89   127    77   134 0.85 ACNH67_000780
ACNH67_000780-T1     -            335 12214                -            219   1.5e-05   22.7   0.0   2   2     0.025       2.7    5.4   0.0   140   214   168   248   130   253 0.63 ACNH67_000780
ACNH67_001763-T1     -            450 12214                -            219   2.7e-05   21.8   2.1   1   3       6.4   6.8e+02   -2.4   0.0   190   215   201   226   195   228 0.79 ACNH67_001763
ACNH67_001763-T1     -            450 12214                -            219   2.7e-05   21.8   2.1   2   3     0.013       1.4    6.4   0.0    97   111   290   304   266   321 0.74 ACNH67_001763
ACNH67_001763-T1     -            450 12214                -            219   2.7e-05   21.8   2.1   3   3     0.053       5.7    4.4   0.2    78   114   364   400   349   409 0.80 ACNH67_001763
ACNH67_005513-T1     -           1050 12214                -            219   4.8e-05   21.0   0.1   1   2   6.3e-05    0.0068   13.9   0.1   123   214   795   890   790   933 0.60 ACNH67_005513
ACNH67_005513-T1     -           1050 12214                -            219   4.8e-05   21.0   0.1   2   2      0.55        58    1.1   0.0   161   215   918   977   911   981 0.65 ACNH67_005513
ACNH67_000423-T1     -            216 12214                -            219   0.00013   19.5   0.1   1   2   0.00063     0.067   10.7   0.0    76   114    44    86     5   100 0.57 ACNH67_000423
ACNH67_000423-T1     -            216 12214                -            219   0.00013   19.5   0.1   2   2     0.016       1.7    6.1   0.0   122   164   114   158   105   172 0.67 ACNH67_000423
ACNH67_001222-T1     -            444 12214                -            219   0.00015   19.3   0.7   1   3      0.36        38    1.7   0.0    56    81   174   199   168   202 0.85 ACNH67_001222
ACNH67_001222-T1     -            444 12214                -            219   0.00015   19.3   0.7   2   3    0.0021      0.22    9.0   0.1    26    77   235   292   211   295 0.51 ACNH67_001222
ACNH67_001222-T1     -            444 12214                -            219   0.00015   19.3   0.7   3   3      0.13        14    3.1   0.0    97   113   369   385   361   403 0.69 ACNH67_001222
ACNH67_003284-T1     -           1082 12214                -            219    0.0002   19.0   1.3   1   3     0.036       3.9    4.9   0.0    97   115   277   295   273   338 0.80 ACNH67_003284
ACNH67_003284-T1     -           1082 12214                -            219    0.0002   19.0   1.3   2   3    0.0042      0.45    8.0   0.0   133   186   444   497   429   510 0.80 ACNH67_003284
ACNH67_003284-T1     -           1082 12214                -            219    0.0002   19.0   1.3   3   3      0.28        29    2.0   0.0    84   114   564   594   541   605 0.67 ACNH67_003284
ACNH67_001778-T1     -            572 12214                -            219   0.00023   18.7   0.0   1   3    0.0011      0.12    9.9   0.0    78   137   251   315   226   322 0.63 ACNH67_001778
ACNH67_001778-T1     -            572 12214                -            219   0.00023   18.7   0.0   2   3      0.16        17    2.8   0.0   147   214   406   479   400   483 0.61 ACNH67_001778
ACNH67_001778-T1     -            572 12214                -            219   0.00023   18.7   0.0   3   3      0.27        28    2.1   0.0    96   119   465   488   449   495 0.75 ACNH67_001778
ACNH67_004555-T1     -            472 12214                -            219   0.00035   18.1   0.0   1   2    0.0064      0.68    7.4   0.0    53    78   149   174   132   182 0.71 ACNH67_004555
ACNH67_004555-T1     -            472 12214                -            219   0.00035   18.1   0.0   2   2    0.0064      0.69    7.4   0.0    97   112   254   269   230   276 0.62 ACNH67_004555
ACNH67_005089-T1     -            618 12214                -            219   0.00062   17.3   0.6   1   1   2.6e-05    0.0028   15.2   0.6    58   149   275   357   262   361 0.68 ACNH67_005089
ACNH67_004557-T1     -            555 12214                -            219    0.0013   16.3   0.0   1   3     0.075       8.1    3.9   0.0   195   217   257   279   236   284 0.69 ACNH67_004557
ACNH67_004557-T1     -            555 12214                -            219    0.0013   16.3   0.0   2   3    0.0025      0.26    8.8   0.0    59   108   316   373   301   381 0.72 ACNH67_004557
ACNH67_004557-T1     -            555 12214                -            219    0.0013   16.3   0.0   3   3       4.1   4.4e+02   -1.8   0.0   162   177   407   422   401   432 0.49 ACNH67_004557
ACNH67_000310-T1     -            401 12214                -            219     0.002   15.7   0.0   1   2       1.1   1.2e+02    0.1   0.0    54    77    86   109    83   129 0.82 ACNH67_000310
ACNH67_000310-T1     -            401 12214                -            219     0.002   15.7   0.0   2   2    0.0002     0.022   12.3   0.0   161   212   216   268   166   282 0.73 ACNH67_000310
ACNH67_003729-T1     -            288 12214                -            219     0.002   15.6   1.6   1   3      0.13        14    3.1   0.0    22    38    36    52    15    63 0.74 ACNH67_003729
ACNH67_003729-T1     -            288 12214                -            219     0.002   15.6   1.6   2   3       4.2   4.5e+02   -1.8   0.0    96   111   103   118    98   133 0.76 ACNH67_003729
ACNH67_003729-T1     -            288 12214                -            219     0.002   15.6   1.6   3   3     0.098        10    3.5   0.0    95   110   164   179   161   185 0.79 ACNH67_003729
ACNH67_005026-T1     -            455 12214                -            219    0.0023   15.5   0.0   1   3     0.042       4.5    4.7   0.0    24    40    89   105    83   110 0.84 ACNH67_005026
ACNH67_005026-T1     -            455 12214                -            219    0.0023   15.5   0.0   2   3     0.078       8.3    3.8   0.0   183   211   156   184   147   192 0.86 ACNH67_005026
ACNH67_005026-T1     -            455 12214                -            219    0.0023   15.5   0.0   3   3       3.8   4.1e+02   -1.7   0.0   191   216   414   439   398   442 0.70 ACNH67_005026
ACNH67_005480-T1     -           1211 12214                -            219    0.0034   14.9   0.2   1   1   6.3e-05    0.0068   13.9   0.2    55   112   895   957   848   967 0.81 ACNH67_005480
ACNH67_001948-T1     -            667 12214                -            219    0.0043   14.6   0.0   1   1     7e-05    0.0075   13.8   0.0    76   119   187   234   163   237 0.87 ACNH67_001948
ACNH67_005605-T1     -           2036 12214                -            219    0.0048   14.4   1.0   1   3     0.082       8.7    3.8   0.3    63    93  1610  1640  1599  1666 0.79 ACNH67_005605
ACNH67_005605-T1     -           2036 12214                -            219    0.0048   14.4   1.0   2   3     0.084       8.9    3.7   0.1    69   114  1632  1680  1626  1682 0.82 ACNH67_005605
ACNH67_005605-T1     -           2036 12214                -            219    0.0048   14.4   1.0   3   3     0.072       7.7    3.9   0.0   117   138  1724  1745  1718  1760 0.70 ACNH67_005605
ACNH67_003904-T1     -            389 12214                -            219    0.0067   13.9   0.1   1   3      0.98   1.1e+02    0.2   0.0    92   108    71    87    19   132 0.77 ACNH67_003904
ACNH67_003904-T1     -            389 12214                -            219    0.0067   13.9   0.1   2   3      0.11        12    3.3   0.0   151   173   180   202   171   210 0.52 ACNH67_003904
ACNH67_003904-T1     -            389 12214                -            219    0.0067   13.9   0.1   3   3     0.014       1.5    6.2   0.0   187   214   342   369   304   376 0.64 ACNH67_003904
ACNH67_001006-T1     -            849 12214                -            219    0.0086   13.6   0.0   1   2      0.16        17    2.8   0.0    59    95    80   119    26   125 0.86 ACNH67_001006
ACNH67_001006-T1     -            849 12214                -            219    0.0086   13.6   0.0   2   2    0.0063      0.67    7.4   0.0    50   100   278   331   269   344 0.84 ACNH67_001006
ACNH67_004666-T1     -            620 12214                -            219    0.0092   13.5   1.5   1   2     0.018       1.9    5.9   0.0   128   177   297   349   293   388 0.48 ACNH67_004666
ACNH67_004666-T1     -            620 12214                -            219    0.0092   13.5   1.5   2   2     0.044       4.7    4.7   0.5    96   110   508   522   445   532 0.79 ACNH67_004666
ACNH67_005180-T1     -            581 12214                -            219     0.011   13.3   0.0   1   3       1.5   1.6e+02   -0.4   0.0   190   213   142   167   109   172 0.73 ACNH67_005180
ACNH67_005180-T1     -            581 12214                -            219     0.011   13.3   0.0   2   3    0.0095         1    6.8   0.0    60   113   238   309   227   314 0.60 ACNH67_005180
ACNH67_005180-T1     -            581 12214                -            219     0.011   13.3   0.0   3   3       3.1   3.3e+02   -1.4   0.0   159   175   390   406   385   412 0.64 ACNH67_005180
ACNH67_000829-T1     -            430 12214                -            219      0.02   12.4   3.8   1   2     0.011       1.2    6.6   1.2    16   114   105   229    89   239 0.60 ACNH67_000829
ACNH67_000829-T1     -            430 12214                -            219      0.02   12.4   3.8   2   2      0.35        37    1.7   0.0    80   112   338   375   263   379 0.67 ACNH67_000829
ACNH67_003501-T1     -            322 12214                -            219     0.023   12.2   0.4   1   1   0.00034     0.036   11.6   0.4    61   112   218   275   200   285 0.76 ACNH67_003501
ACNH67_001309-T1     -            376 12214                -            219     0.032   11.7   0.0   1   3      0.32        34    1.8   0.1    89   191    38    76    28   111 0.52 ACNH67_001309
ACNH67_001309-T1     -            376 12214                -            219     0.032   11.7   0.0   2   3     0.014       1.5    6.3   0.0   182   215   204   237   141   241 0.76 ACNH67_001309
ACNH67_001309-T1     -            376 12214                -            219     0.032   11.7   0.0   3   3       7.1   7.5e+02   -2.6   0.0   188   216   271   299   262   301 0.78 ACNH67_001309
ACNH67_004093-T1     -            518 12214                -            219     0.063   10.8   0.1   1   3     0.018         2    5.9   0.1    51    83   183   214   176   239 0.73 ACNH67_004093
ACNH67_004093-T1     -            518 12214                -            219     0.063   10.8   0.1   2   3      0.92        98    0.3   0.0   161   184   249   272   237   314 0.65 ACNH67_004093
ACNH67_004093-T1     -            518 12214                -            219     0.063   10.8   0.1   3   3      0.81        87    0.5   0.0    48    81   285   317   271   326 0.78 ACNH67_004093
#
# Program:         hmmsearch
# Version:         3.1b2 (February 2015)
# Pipeline mode:   SEARCH
# Query file:      /home/edouard/GregarineStuff/Lgryllorum_Genome_analysis/Funannotate/Run_v3/species_train/annotate_results/busco_downloads/lineages/apicomplexa_odb12/hmms/12214at5794.hmm
# Target file:     /home/edouard/GregarineStuff/Lgryllorum_Genome_analysis/Funannotate/Run_v3/species_train/annotate_results/Leidyana_gryllorum.proteins.fa
# Option settings: hmmsearch --domtblout /home/edouard/GregarineStuff/Lgryllorum_Genome_analysis/Funannotate/Run_v3/species_train/annotate_results/busco/run_apicomplexa_odb12/hmmer_output/initial_run_results/12214at5794.out --cpu 1 /home/edouard/GregarineStuff/Lgryllorum_Genome_analysis/Funannotate/Run_v3/species_train/annotate_results/busco_downloads/lineages/apicomplexa_odb12/hmms/12214at5794.hmm /home/edouard/GregarineStuff/Lgryllorum_Genome_analysis/Funannotate/Run_v3/species_train/annotate_results/Leidyana_gryllorum.proteins.fa 
# Current dir:     /home/edouard/GregarineStuff/Lgryllorum_Genome_analysis/Funannotate/Run_v3/species_train/annotate_results
# Date:            Tue Apr  1 17:36:18 2025
# [ok]
