#                                                                            --- full sequence --- -------------- this domain -------------   hmm coord   ali coord   env coord
# target name        accession   tlen query name           accession   qlen   E-value  score  bias   #  of  c-Evalue  i-Evalue  score  bias  from    to  from    to  from    to  acc description of target
#------------------- ---------- ----- -------------------- ---------- ----- --------- ------ ----- --- --- --------- --------- ------ ----- ----- ----- ----- ----- ----- ----- ---- ---------------------
ACNH67_003685-T1     -            581 12280                -            331   8.6e-90  299.3   0.0   1   2   4.5e-11   9.7e-09   32.9   0.0    71    99     1    29     1    37 0.90 ACNH67_003685
ACNH67_003685-T1     -            581 12280                -            331   8.6e-90  299.3   0.0   2   2   1.8e-81   3.8e-79  264.3   0.0   102   327   146   371   142   375 0.98 ACNH67_003685
ACNH67_003643-T1     -            323 12280                -            331   4.4e-72  241.1   1.1   1   2   4.2e-25   9.2e-23   79.0   0.0    31   103     3    76     1    97 0.88 ACNH67_003643
ACNH67_003643-T1     -            323 12280                -            331   4.4e-72  241.1   1.1   2   2   7.1e-50   1.5e-47  160.4   1.2   102   316    98   312    86   320 0.92 ACNH67_003643
ACNH67_004725-T1     -           1708 12280                -            331     5e-62  208.1   0.0   1   1   3.7e-64   8.1e-62  207.4   0.0    32   284  1417  1663  1409  1676 0.93 ACNH67_004725
ACNH67_001850-T1     -            352 12280                -            331   2.8e-34  116.9   1.1   1   2   5.2e-17   1.1e-14   52.4   0.0     7    70     2    65     1    79 0.93 ACNH67_001850
ACNH67_001850-T1     -            352 12280                -            331   2.8e-34  116.9   1.1   2   2   3.2e-20     7e-18   63.0   0.6    78   212    99   234    76   246 0.83 ACNH67_001850
ACNH67_001506-T1     -            691 12280                -            331   4.5e-18   63.6   0.0   1   1     3e-20   6.6e-18   63.1   0.0     4   216   159   372   156   393 0.83 ACNH67_001506
ACNH67_003933-T1     -            772 12280                -            331   2.4e-05   21.8   0.0   1   2   3.2e-07     7e-05   20.2   0.0    42   120   279   357   267   362 0.75 ACNH67_003933
ACNH67_003933-T1     -            772 12280                -            331   2.4e-05   21.8   0.0   2   2       5.9   1.3e+03   -3.6   0.0    39    60   554   575   548   577 0.80 ACNH67_003933
ACNH67_003666-T1     -           1061 12280                -            331   8.1e-05   20.0   0.3   1   2   7.6e-07   0.00017   19.0   0.1    40    64   217   241   209   251 0.86 ACNH67_003666
ACNH67_003666-T1     -           1061 12280                -            331   8.1e-05   20.0   0.3   2   2       9.5   2.1e+03   -4.3   0.0    47    65   961   979   959   981 0.89 ACNH67_003666
ACNH67_000848-T1     -            553 12280                -            331   0.00013   19.4   0.1   1   2       7.1   1.5e+03   -3.9   0.9   177   228   121   175   113   211 0.58 ACNH67_000848
ACNH67_000848-T1     -            553 12280                -            331   0.00013   19.4   0.1   2   2   5.9e-07   0.00013   19.4   0.1    37    61   316   342   307   345 0.82 ACNH67_000848
ACNH67_001959-T1     -            956 12280                -            331   0.00026   18.4   0.0   1   1   2.1e-06   0.00045   17.6   0.0    40    73   403   436   396   467 0.74 ACNH67_001959
ACNH67_001661-T1     -            467 12280                -            331   0.00042   17.7   0.3   1   2   6.6e-06    0.0014   15.9   0.0    42    63    77    98    63   102 0.90 ACNH67_001661
ACNH67_001661-T1     -            467 12280                -            331   0.00042   17.7   0.3   2   2       1.1   2.4e+02   -1.2   0.0   175   215   386   428   372   448 0.67 ACNH67_001661
ACNH67_002432-T1     -           4929 12280                -            331   0.00072   16.9   0.6   1   5     0.044       9.5    3.4   0.0    34    61   358   383   337   407 0.74 ACNH67_002432
ACNH67_002432-T1     -           4929 12280                -            331   0.00072   16.9   0.6   2   5       4.3   9.4e+02   -3.2   0.0   168   212   646   690   638   695 0.86 ACNH67_002432
ACNH67_002432-T1     -           4929 12280                -            331   0.00072   16.9   0.6   3   5       0.2        44    1.2   0.0    36    59   823   846   808   856 0.78 ACNH67_002432
ACNH67_002432-T1     -           4929 12280                -            331   0.00072   16.9   0.6   4   5      0.47     1e+02   -0.0   0.0    43    67  1132  1156  1120  1174 0.80 ACNH67_002432
ACNH67_002432-T1     -           4929 12280                -            331   0.00072   16.9   0.6   5   5     0.012       2.7    5.2   0.0    42    60  1575  1593  1566  1602 0.89 ACNH67_002432
ACNH67_004898-T1     -            637 12280                -            331    0.0011   16.4   0.0   1   2   0.00058      0.13    9.5   0.0    42    68   306   332   301   396 0.79 ACNH67_004898
ACNH67_004898-T1     -            637 12280                -            331    0.0011   16.4   0.0   2   2     0.022       4.7    4.4   0.0    42    61   587   606   582   612 0.90 ACNH67_004898
ACNH67_003508-T1     -            351 12280                -            331    0.0011   16.3   0.0   1   1   8.3e-06    0.0018   15.6   0.0    32    61   147   180   129   190 0.78 ACNH67_003508
ACNH67_004083-T1     -            458 12280                -            331    0.0015   15.8   0.1   1   2   0.00027     0.059   10.6   0.0    33    64    58    91    49   102 0.79 ACNH67_004083
ACNH67_004083-T1     -            458 12280                -            331    0.0015   15.8   0.1   2   2     0.081        18    2.5   0.0   164   217   356   410   339   436 0.79 ACNH67_004083
ACNH67_004998-T1     -            924 12280                -            331    0.0033   14.7   0.0   1   1   3.4e-05    0.0073   13.6   0.0    36    88   441   493   429   515 0.83 ACNH67_004998
ACNH67_001960-T1     -            982 12280                -            331     0.005   14.1   0.1   1   1   4.4e-05    0.0095   13.2   0.1    41    60   258   277   253   295 0.72 ACNH67_001960
ACNH67_005194-T1     -            584 12280                -            331    0.0076   13.5   0.2   1   1   6.1e-05     0.013   12.8   0.2    23    66   159   200   151   213 0.75 ACNH67_005194
ACNH67_002025-T1     -            396 12280                -            331    0.0096   13.2   0.0   1   1   7.2e-05     0.016   12.5   0.0    42    63   179   200   174   249 0.90 ACNH67_002025
ACNH67_004298-T1     -            986 12280                -            331     0.013   12.8   0.0   1   1   0.00013     0.028   11.7   0.0    44    69   403   428   386   440 0.83 ACNH67_004298
ACNH67_003757-T1     -           2866 12280                -            331     0.013   12.8   0.1   1   1    0.0001     0.022   12.0   0.1    43    66  1649  1672  1641  1678 0.89 ACNH67_003757
ACNH67_005214-T1     -            349 12280                -            331     0.013   12.8   0.0   1   1    0.0001     0.023   12.0   0.0    42    61   195   214   180   218 0.83 ACNH67_005214
ACNH67_001812-T1     -            393 12280                -            331     0.014   12.7   0.5   1   2       1.2   2.7e+02   -1.4   0.1    83   193    30    53    10    68 0.57 ACNH67_001812
ACNH67_001812-T1     -            393 12280                -            331     0.014   12.7   0.5   2   2    0.0002     0.044   11.0   0.0    42    67   174   199   166   208 0.86 ACNH67_001812
ACNH67_002875-T1     -            780 12280                -            331     0.023   12.0   0.0   1   2      0.34        75    0.4   0.0    42    62   186   206   182   222 0.83 ACNH67_002875
ACNH67_002875-T1     -            780 12280                -            331     0.023   12.0   0.0   2   2    0.0012      0.26    8.5   0.0    34    61   530   557   509   565 0.71 ACNH67_002875
ACNH67_001883-T1     -            573 12280                -            331     0.023   11.9   0.2   1   3       6.6   1.4e+03   -3.8   0.0    48    60    19    31    15    33 0.88 ACNH67_001883
ACNH67_001883-T1     -            573 12280                -            331     0.023   11.9   0.2   2   3       1.7   3.8e+02   -1.9   0.0   118   152    49    83    46    85 0.85 ACNH67_001883
ACNH67_001883-T1     -            573 12280                -            331     0.023   11.9   0.2   3   3   0.00049      0.11    9.8   0.0    42    62   286   306   268   315 0.85 ACNH67_001883
ACNH67_000479-T1     -            398 12280                -            331      0.03   11.6   0.1   1   1   0.00028      0.06   10.6   0.1    42    62   177   197   167   209 0.90 ACNH67_000479
ACNH67_005201-T1     -            116 12280                -            331     0.054   10.7   0.1   1   1   0.00032      0.07   10.4   0.1    37    56    43    62    40    71 0.89 ACNH67_005201
#
# Program:         hmmsearch
# Version:         3.1b2 (February 2015)
# Pipeline mode:   SEARCH
# Query file:      /home/edouard/GregarineStuff/Lgryllorum_Genome_analysis/Funannotate/Run_v3/species_train/annotate_results/busco_downloads/lineages/apicomplexa_odb12/hmms/12280at5794.hmm
# Target file:     /home/edouard/GregarineStuff/Lgryllorum_Genome_analysis/Funannotate/Run_v3/species_train/annotate_results/Leidyana_gryllorum.proteins.fa
# Option settings: hmmsearch --domtblout /home/edouard/GregarineStuff/Lgryllorum_Genome_analysis/Funannotate/Run_v3/species_train/annotate_results/busco/run_apicomplexa_odb12/hmmer_output/initial_run_results/12280at5794.out --cpu 1 /home/edouard/GregarineStuff/Lgryllorum_Genome_analysis/Funannotate/Run_v3/species_train/annotate_results/busco_downloads/lineages/apicomplexa_odb12/hmms/12280at5794.hmm /home/edouard/GregarineStuff/Lgryllorum_Genome_analysis/Funannotate/Run_v3/species_train/annotate_results/Leidyana_gryllorum.proteins.fa 
# Current dir:     /home/edouard/GregarineStuff/Lgryllorum_Genome_analysis/Funannotate/Run_v3/species_train/annotate_results
# Date:            Tue Apr  1 17:36:19 2025
# [ok]
