#                                                                            --- full sequence --- -------------- this domain -------------   hmm coord   ali coord   env coord
# target name        accession   tlen query name           accession   qlen   E-value  score  bias   #  of  c-Evalue  i-Evalue  score  bias  from    to  from    to  from    to  acc description of target
#------------------- ---------- ----- -------------------- ---------- ----- --------- ------ ----- --- --- --------- --------- ------ ----- ----- ----- ----- ----- ----- ----- ---- ---------------------
ACNH67_005243-T1     -            807 13731                -            257   1.3e-68  229.3  26.1   1   4   0.00059       1.1    6.8   0.9    15   103    26   111    20   128 0.80 ACNH67_005243
ACNH67_005243-T1     -            807 13731                -            257   1.3e-68  229.3  26.1   2   4      0.45   8.6e+02   -2.7   1.5   106   133   203   230   132   285 0.57 ACNH67_005243
ACNH67_005243-T1     -            807 13731                -            257   1.3e-68  229.3  26.1   3   4   1.7e-37   3.3e-34  116.7   1.2    16   161   523   673   495   679 0.92 ACNH67_005243
ACNH67_005243-T1     -            807 13731                -            257   1.3e-68  229.3  26.1   4   4   1.8e-39   3.4e-36  123.1   0.9   155   257   702   806   695   806 0.93 ACNH67_005243
ACNH67_003289-T1     -            320 13731                -            257   5.1e-12   43.9   9.5   1   1   3.7e-15     7e-12   43.5   9.5    23   230    68   279    51   303 0.79 ACNH67_003289
ACNH67_001794-T1     -            258 13731                -            257    0.0043   14.7   2.4   1   2     0.048        90    0.5   0.0    28    82    54   108    26   144 0.69 ACNH67_001794
ACNH67_001794-T1     -            258 13731                -            257    0.0043   14.7   2.4   2   2   4.1e-06    0.0078   13.8   0.8   169   255   168   256   145   258 0.80 ACNH67_001794
#
# Program:         hmmsearch
# Version:         3.1b2 (February 2015)
# Pipeline mode:   SEARCH
# Query file:      /home/edouard/GregarineStuff/Lgryllorum_Genome_analysis/Funannotate/Run_v3/species_train/annotate_results/busco_downloads/lineages/apicomplexa_odb12/hmms/13731at5794.hmm
# Target file:     /home/edouard/GregarineStuff/Lgryllorum_Genome_analysis/Funannotate/Run_v3/species_train/annotate_results/Leidyana_gryllorum.proteins.fa
# Option settings: hmmsearch --domtblout /home/edouard/GregarineStuff/Lgryllorum_Genome_analysis/Funannotate/Run_v3/species_train/annotate_results/busco/run_apicomplexa_odb12/hmmer_output/initial_run_results/13731at5794.out --cpu 1 /home/edouard/GregarineStuff/Lgryllorum_Genome_analysis/Funannotate/Run_v3/species_train/annotate_results/busco_downloads/lineages/apicomplexa_odb12/hmms/13731at5794.hmm /home/edouard/GregarineStuff/Lgryllorum_Genome_analysis/Funannotate/Run_v3/species_train/annotate_results/Leidyana_gryllorum.proteins.fa 
# Current dir:     /home/edouard/GregarineStuff/Lgryllorum_Genome_analysis/Funannotate/Run_v3/species_train/annotate_results
# Date:            Tue Apr  1 17:36:23 2025
# [ok]
