#                                                                            --- full sequence --- -------------- this domain -------------   hmm coord   ali coord   env coord
# target name        accession   tlen query name           accession   qlen   E-value  score  bias   #  of  c-Evalue  i-Evalue  score  bias  from    to  from    to  from    to  acc description of target
#------------------- ---------- ----- -------------------- ---------- ----- --------- ------ ----- --- --- --------- --------- ------ ----- ----- ----- ----- ----- ----- ----- ---- ---------------------
ACNH67_003390-T1     -           1870 13921                -            416   1.5e-81  272.4   1.8   1   1   1.5e-83   1.4e-80  269.2   1.8    42   406  1266  1689  1250  1698 0.81 ACNH67_003390
ACNH67_002026-T1     -            739 13921                -            416     1e-28   98.4   0.0   1   1   1.6e-31   1.5e-28   97.8   0.0    48   394   333   698   313   710 0.85 ACNH67_002026
ACNH67_001653-T1     -            775 13921                -            416     3e-21   73.8   0.0   1   1     6e-24   5.7e-21   72.8   0.0    48   325   389   679   367   741 0.75 ACNH67_001653
ACNH67_001525-T1     -            651 13921                -            416   1.7e-15   54.8   0.0   1   2    0.0034       3.2    4.5   0.0    74   115   254   299   251   320 0.78 ACNH67_001525
ACNH67_001525-T1     -            651 13921                -            416   1.7e-15   54.8   0.0   2   2   2.3e-16   2.2e-13   47.9   0.0   139   378   339   593   326   605 0.75 ACNH67_001525
ACNH67_001107-T1     -           1098 13921                -            416   3.3e-10   37.4   4.0   1   2   0.00068      0.64    6.8   0.1    73   133   338   402   326   409 0.67 ACNH67_001107
ACNH67_001107-T1     -           1098 13921                -            416   3.3e-10   37.4   4.0   2   2   3.7e-11   3.5e-08   30.7   0.7   163   390   464   704   429   708 0.75 ACNH67_001107
ACNH67_000752-T1     -            851 13921                -            416      0.01   12.7   0.0   1   1   1.9e-05     0.018   11.9   0.0   162   239   292   369   283   400 0.88 ACNH67_000752
#
# Program:         hmmsearch
# Version:         3.1b2 (February 2015)
# Pipeline mode:   SEARCH
# Query file:      /home/edouard/GregarineStuff/Lgryllorum_Genome_analysis/Funannotate/Run_v3/species_train/annotate_results/busco_downloads/lineages/apicomplexa_odb12/hmms/13921at5794.hmm
# Target file:     /home/edouard/GregarineStuff/Lgryllorum_Genome_analysis/Funannotate/Run_v3/species_train/annotate_results/Leidyana_gryllorum.proteins.fa
# Option settings: hmmsearch --domtblout /home/edouard/GregarineStuff/Lgryllorum_Genome_analysis/Funannotate/Run_v3/species_train/annotate_results/busco/run_apicomplexa_odb12/hmmer_output/initial_run_results/13921at5794.out --cpu 1 /home/edouard/GregarineStuff/Lgryllorum_Genome_analysis/Funannotate/Run_v3/species_train/annotate_results/busco_downloads/lineages/apicomplexa_odb12/hmms/13921at5794.hmm /home/edouard/GregarineStuff/Lgryllorum_Genome_analysis/Funannotate/Run_v3/species_train/annotate_results/Leidyana_gryllorum.proteins.fa 
# Current dir:     /home/edouard/GregarineStuff/Lgryllorum_Genome_analysis/Funannotate/Run_v3/species_train/annotate_results
# Date:            Tue Apr  1 17:36:24 2025
# [ok]
