#                                                                            --- full sequence --- -------------- this domain -------------   hmm coord   ali coord   env coord
# target name        accession   tlen query name           accession   qlen   E-value  score  bias   #  of  c-Evalue  i-Evalue  score  bias  from    to  from    to  from    to  acc description of target
#------------------- ---------- ----- -------------------- ---------- ----- --------- ------ ----- --- --- --------- --------- ------ ----- ----- ----- ----- ----- ----- ----- ---- ---------------------
ACNH67_000126-T1     -            665 14108                -            251     3e-21   74.2   1.7   1   4   1.5e-07   3.1e-05   21.8   0.2    92   160    94   166    90   168 0.84 ACNH67_000126
ACNH67_000126-T1     -            665 14108                -            251     3e-21   74.2   1.7   2   4   7.6e-07   0.00016   19.4   0.0    98   159   513   571   506   583 0.91 ACNH67_000126
ACNH67_000126-T1     -            665 14108                -            251     3e-21   74.2   1.7   3   4   0.00011     0.023   12.4   0.1    65   100   586   621   573   630 0.76 ACNH67_000126
ACNH67_000126-T1     -            665 14108                -            251     3e-21   74.2   1.7   4   4   4.9e-08     1e-05   23.3   0.7   104   163   588   662   586   665 0.70 ACNH67_000126
ACNH67_003675-T1     -            596 14108                -            251   1.1e-19   69.1   2.4   1   3   0.00022     0.046   11.4   0.1    92   126    43    77    38    82 0.91 ACNH67_003675
ACNH67_003675-T1     -            596 14108                -            251   1.1e-19   69.1   2.4   2   3   1.5e-06   0.00031   18.5   0.0    98   159   459   517   454   529 0.86 ACNH67_003675
ACNH67_003675-T1     -            596 14108                -            251   1.1e-19   69.1   2.4   3   3   3.7e-12   7.7e-10   36.9   0.5   103   160   533   591   524   596 0.90 ACNH67_003675
ACNH67_004988-T1     -            177 14108                -            251   1.8e-17   61.9   3.3   1   1   1.1e-19   2.3e-17   61.5   3.3     6   160    10   163     6   171 0.83 ACNH67_004988
ACNH67_001409-T1     -            502 14108                -            251   9.8e-17   59.5   5.0   1   1   8.5e-19   1.8e-16   58.6   5.0    17   160   346   494   331   500 0.83 ACNH67_001409
ACNH67_003589-T1     -            106 14108                -            251   2.6e-14   51.5   0.8   1   1   1.5e-16   3.2e-14   51.2   0.8    26   115    12   101     3   104 0.94 ACNH67_003589
ACNH67_003624-T1     -            145 14108                -            251   9.1e-14   49.7   6.3   1   1   4.7e-16   9.9e-14   49.6   6.3    17   160     4   141     1   145 0.92 ACNH67_003624
ACNH67_003062-T1     -            577 14108                -            251   1.2e-13   49.4   0.1   1   1   8.9e-16   1.9e-13   48.7   0.1    25   159   381   521   358   528 0.83 ACNH67_003062
ACNH67_004113-T1     -            168 14108                -            251   1.5e-13   49.0   0.2   1   1   9.7e-16     2e-13   48.6   0.2    25   160    19   158     6   165 0.91 ACNH67_004113
ACNH67_004075-T1     -            655 14108                -            251     3e-13   48.0   7.3   1   1   2.1e-15   4.4e-13   47.5   7.3    16   166   480   628   464   634 0.86 ACNH67_004075
ACNH67_002686-T1     -            701 14108                -            251   3.6e-12   44.5   8.3   1   3    0.0098       2.1    6.0   0.1   168   190    82   104    72   127 0.54 ACNH67_002686
ACNH67_002686-T1     -            701 14108                -            251   3.6e-12   44.5   8.3   2   3   3.6e-05    0.0076   13.9   0.3    63   104   559   599   545   614 0.62 ACNH67_002686
ACNH67_002686-T1     -            701 14108                -            251   3.6e-12   44.5   8.3   3   3     2e-09   4.2e-07   27.9   0.4    58   127   625   695   605   699 0.87 ACNH67_002686
ACNH67_004279-T1     -            168 14108                -            251   2.1e-08   32.2   3.0   1   1   3.3e-10     7e-08   30.4   3.0    21   160    16   156     8   165 0.82 ACNH67_004279
ACNH67_005582-T1     -            631 14108                -            251   4.1e-08   31.2   0.4   1   3     0.046       9.6    3.8   0.0    59    88    60    89    49   130 0.68 ACNH67_005582
ACNH67_005582-T1     -            631 14108                -            251   4.1e-08   31.2   0.4   2   3   3.8e-06   0.00081   17.1   0.0    94   188   473   572   455   583 0.80 ACNH67_005582
ACNH67_005582-T1     -            631 14108                -            251   4.1e-08   31.2   0.4   3   3    0.0075       1.6    6.4   0.2    64    84   605   625   596   630 0.59 ACNH67_005582
ACNH67_005193-T1     -            100 14108                -            251   4.4e-08   31.1   5.0   1   1   2.4e-10     5e-08   30.9   5.0    72   160     7    94     2    99 0.92 ACNH67_005193
ACNH67_003626-T1     -            138 14108                -            251   8.5e-07   26.9   0.0   1   2     0.016       3.4    5.3   0.0   166   188     8    30     2    44 0.71 ACNH67_003626
ACNH67_003626-T1     -            138 14108                -            251   8.5e-07   26.9   0.0   2   2   6.1e-07   0.00013   19.8   0.0    22   155    71   130    64   137 0.53 ACNH67_003626
ACNH67_000269-T1     -            227 14108                -            251   1.9e-06   25.7   7.8   1   2     2e-07   4.2e-05   21.3   2.8    21   111    39   129    28   132 0.93 ACNH67_000269
ACNH67_000269-T1     -            227 14108                -            251   1.9e-06   25.7   7.8   2   2     0.004      0.84    7.3   0.2    50    85   184   219   174   225 0.57 ACNH67_000269
ACNH67_001865-T1     -           1020 14108                -            251   3.6e-06   24.8   0.5   1   2   4.1e-08   8.6e-06   23.6   0.1    86   158   439   508   437   514 0.80 ACNH67_001865
ACNH67_001865-T1     -           1020 14108                -            251   3.6e-06   24.8   0.5   2   2       4.8     1e+03   -2.8   0.1   117   160   880   925   875   929 0.70 ACNH67_001865
ACNH67_004409-T1     -           2132 14108                -            251   7.2e-06   23.8   9.7   1   2   0.00047     0.098   10.3   4.5    95   156  1936  2007  1927  2025 0.66 ACNH67_004409
ACNH67_004409-T1     -           2132 14108                -            251   7.2e-06   23.8   9.7   2   2   2.3e-05    0.0048   14.6   0.2    99   159  2063  2118  2050  2122 0.78 ACNH67_004409
ACNH67_001032-T1     -            605 14108                -            251   1.8e-05   22.5   0.3   1   1   1.7e-07   3.5e-05   21.6   0.3    65   163   446   541   433   577 0.59 ACNH67_001032
ACNH67_004661-T1     -            883 14108                -            251   3.5e-05   21.6   0.0   1   3     0.004      0.84    7.2   0.0    27    49   534   556   514   568 0.60 ACNH67_004661
ACNH67_004661-T1     -            883 14108                -            251   3.5e-05   21.6   0.0   2   3    0.0041      0.86    7.2   0.0    22    86   584   648   575   654 0.75 ACNH67_004661
ACNH67_004661-T1     -            883 14108                -            251   3.5e-05   21.6   0.0   3   3     0.081        17    3.0   0.1    96   115   733   752   727   759 0.82 ACNH67_004661
ACNH67_003394-T1     -            537 14108                -            251     6e-05   20.8   0.0   1   1   5.1e-07   0.00011   20.0   0.0    22   160   395   527   383   534 0.87 ACNH67_003394
ACNH67_002687-T1     -            638 14108                -            251     9e-05   20.3   1.5   1   2     0.016       3.3    5.3   0.2   168   189    81   102    73   119 0.54 ACNH67_002687
ACNH67_002687-T1     -            638 14108                -            251     9e-05   20.3   1.5   2   2   4.3e-05     0.009   13.7   0.1    62   104   537   578   514   593 0.71 ACNH67_002687
ACNH67_004632-T1     -            140 14108                -            251   0.00028   18.7   0.0   1   1   1.5e-05    0.0031   15.2   0.0    33   124    14   104     3   117 0.79 ACNH67_004632
ACNH67_005194-T1     -            584 14108                -            251    0.0055   14.4   0.0   1   1   5.1e-05     0.011   13.5   0.0    78   160    63   146    61   171 0.73 ACNH67_005194
ACNH67_002165-T1     -           1516 14108                -            251     0.011   13.5   0.0   1   1   0.00011     0.022   12.4   0.0    30    84   226   280   223   289 0.49 ACNH67_002165
ACNH67_002187-T1     -            141 14108                -            251     0.015   12.9   0.0   1   1   9.8e-05     0.021   12.5   0.0    95   158    73   134    62   140 0.76 ACNH67_002187
ACNH67_001018-T1     -            810 14108                -            251     0.046   11.4   0.4   1   1   0.00037     0.079   10.6   0.4    68   127   219   280   205   325 0.54 ACNH67_001018
ACNH67_001062-T1     -           1824 14108                -            251     0.071   10.8   0.0   1   2    0.0011      0.22    9.1   0.0    23    54   594   625   582   631 0.88 ACNH67_001062
ACNH67_001062-T1     -           1824 14108                -            251     0.071   10.8   0.0   2   2       3.3     7e+02   -2.3   0.0   136   161   830   855   813   865 0.76 ACNH67_001062
#
# Program:         hmmsearch
# Version:         3.1b2 (February 2015)
# Pipeline mode:   SEARCH
# Query file:      /home/edouard/GregarineStuff/Lgryllorum_Genome_analysis/Funannotate/Run_v3/species_train/annotate_results/busco_downloads/lineages/apicomplexa_odb12/hmms/14108at5794.hmm
# Target file:     /home/edouard/GregarineStuff/Lgryllorum_Genome_analysis/Funannotate/Run_v3/species_train/annotate_results/Leidyana_gryllorum.proteins.fa
# Option settings: hmmsearch --domtblout /home/edouard/GregarineStuff/Lgryllorum_Genome_analysis/Funannotate/Run_v3/species_train/annotate_results/busco/run_apicomplexa_odb12/hmmer_output/initial_run_results/14108at5794.out --cpu 1 /home/edouard/GregarineStuff/Lgryllorum_Genome_analysis/Funannotate/Run_v3/species_train/annotate_results/busco_downloads/lineages/apicomplexa_odb12/hmms/14108at5794.hmm /home/edouard/GregarineStuff/Lgryllorum_Genome_analysis/Funannotate/Run_v3/species_train/annotate_results/Leidyana_gryllorum.proteins.fa 
# Current dir:     /home/edouard/GregarineStuff/Lgryllorum_Genome_analysis/Funannotate/Run_v3/species_train/annotate_results
# Date:            Tue Apr  1 17:36:26 2025
# [ok]
