#                                                                            --- full sequence --- -------------- this domain -------------   hmm coord   ali coord   env coord
# target name        accession   tlen query name           accession   qlen   E-value  score  bias   #  of  c-Evalue  i-Evalue  score  bias  from    to  from    to  from    to  acc description of target
#------------------- ---------- ----- -------------------- ---------- ----- --------- ------ ----- --- --- --------- --------- ------ ----- ----- ----- ----- ----- ----- ----- ---- ---------------------
ACNH67_003145-T1     -            222 14250                -            175   1.5e-70  234.3   0.5   1   1   2.3e-73   1.9e-70  234.0   0.5     1   167     1   167     1   175 0.97 ACNH67_003145
ACNH67_005624-T1     -            739 14250                -            175   5.9e-19   66.3  18.8   1   4   3.4e-06    0.0028   15.3   1.0    53   112   465   525   463   527 0.81 ACNH67_005624
ACNH67_005624-T1     -            739 14250                -            175   5.9e-19   66.3  18.8   2   4   1.7e-11   1.4e-08   32.5   4.9    24   125   506   601   505   604 0.86 ACNH67_005624
ACNH67_005624-T1     -            739 14250                -            175   5.9e-19   66.3  18.8   3   4   3.4e-07   0.00028   18.5   0.3    51   132   598   676   593   678 0.90 ACNH67_005624
ACNH67_005624-T1     -            739 14250                -            175   5.9e-19   66.3  18.8   4   4     1e-07   8.1e-05   20.3   2.8    42   124   657   715   647   737 0.55 ACNH67_005624
ACNH67_003354-T1     -            289 14250                -            175   4.9e-07   27.5   0.4   1   2   0.00039      0.31    8.6   0.0    79   128    39    90    18    92 0.79 ACNH67_003354
ACNH67_003354-T1     -            289 14250                -            175   4.9e-07   27.5   0.4   2   2   6.5e-09   5.2e-06   24.1   0.5    49   148    55   160    48   171 0.80 ACNH67_003354
ACNH67_002128-T1     -           1313 14250                -            175   9.2e-07   26.6   0.0   1   1   2.6e-09   2.1e-06   25.4   0.0    43   147   116   227    89   247 0.83 ACNH67_002128
ACNH67_005593-T1     -            313 14250                -            175    0.0014   16.2   1.3   1   3       2.4   1.9e+03   -3.8   0.0    46    66    84   104    83   115 0.72 ACNH67_005593
ACNH67_005593-T1     -            313 14250                -            175    0.0014   16.2   1.3   2   3   2.7e-05     0.022   12.4   0.6    46   126   144   232   129   247 0.85 ACNH67_005593
ACNH67_005593-T1     -            313 14250                -            175    0.0014   16.2   1.3   3   3     0.049        40    1.7   0.0    85   112   240   267   237   282 0.74 ACNH67_005593
ACNH67_001175-T1     -           1826 14250                -            175     0.021   12.4   0.4   1   1   6.4e-05     0.052   11.1   0.4    65   128    73   134    56   197 0.80 ACNH67_001175
ACNH67_004339-T1     -           1215 14250                -            175     0.059   11.0   1.0   1   2   0.00021      0.17    9.4   1.1    55   129    82   158    76   177 0.79 ACNH67_004339
ACNH67_004339-T1     -           1215 14250                -            175     0.059   11.0   1.0   2   2      0.78   6.3e+02   -2.2   0.0    82    95   164   177   158   186 0.81 ACNH67_004339
#
# Program:         hmmsearch
# Version:         3.1b2 (February 2015)
# Pipeline mode:   SEARCH
# Query file:      /home/edouard/GregarineStuff/Lgryllorum_Genome_analysis/Funannotate/Run_v3/species_train/annotate_results/busco_downloads/lineages/apicomplexa_odb12/hmms/14250at5794.hmm
# Target file:     /home/edouard/GregarineStuff/Lgryllorum_Genome_analysis/Funannotate/Run_v3/species_train/annotate_results/Leidyana_gryllorum.proteins.fa
# Option settings: hmmsearch --domtblout /home/edouard/GregarineStuff/Lgryllorum_Genome_analysis/Funannotate/Run_v3/species_train/annotate_results/busco/run_apicomplexa_odb12/hmmer_output/initial_run_results/14250at5794.out --cpu 1 /home/edouard/GregarineStuff/Lgryllorum_Genome_analysis/Funannotate/Run_v3/species_train/annotate_results/busco_downloads/lineages/apicomplexa_odb12/hmms/14250at5794.hmm /home/edouard/GregarineStuff/Lgryllorum_Genome_analysis/Funannotate/Run_v3/species_train/annotate_results/Leidyana_gryllorum.proteins.fa 
# Current dir:     /home/edouard/GregarineStuff/Lgryllorum_Genome_analysis/Funannotate/Run_v3/species_train/annotate_results
# Date:            Tue Apr  1 17:36:27 2025
# [ok]
