#                                                                            --- full sequence --- -------------- this domain -------------   hmm coord   ali coord   env coord
# target name        accession   tlen query name           accession   qlen   E-value  score  bias   #  of  c-Evalue  i-Evalue  score  bias  from    to  from    to  from    to  acc description of target
#------------------- ---------- ----- -------------------- ---------- ----- --------- ------ ----- --- --- --------- --------- ------ ----- ----- ----- ----- ----- ----- ----- ---- ---------------------
ACNH67_005043-T1     -            499 14579                -            422   6.8e-82  273.7   0.1   1   1   7.8e-83   3.1e-80  268.2   0.1     4   418    24   484    21   486 0.76 ACNH67_005043
ACNH67_001871-T1     -           1418 14579                -            422     2e-13   48.1   1.8   1   2   3.5e-13   1.4e-10   38.8   0.0    81   290  1061  1273  1036  1281 0.71 ACNH67_001871
ACNH67_001871-T1     -           1418 14579                -            422     2e-13   48.1   1.8   2   2   0.00054      0.22    8.5   0.9   346   370  1289  1313  1270  1319 0.71 ACNH67_001871
ACNH67_002203-T1     -            463 14579                -            422   2.5e-12   44.6   0.1   1   3   4.8e-08   1.9e-05   21.8   0.0    85   112    14    41     4    88 0.87 ACNH67_002203
ACNH67_002203-T1     -            463 14579                -            422   2.5e-12   44.6   0.1   2   3     0.007       2.8    4.8   0.0   232   285   222   280   214   289 0.67 ACNH67_002203
ACNH67_002203-T1     -            463 14579                -            422   2.5e-12   44.6   0.1   3   3   1.2e-05    0.0047   14.0   0.0   328   394   292   360   281   364 0.77 ACNH67_002203
ACNH67_001509-T1     -           1504 14579                -            422   2.7e-11   41.1   0.3   1   3   2.1e-11   8.7e-09   32.9   0.0    80   193   566   678   556   684 0.74 ACNH67_001509
ACNH67_001509-T1     -           1504 14579                -            422   2.7e-11   41.1   0.3   2   3     0.033        13    2.6   0.0   259   314  1372  1422  1345  1424 0.76 ACNH67_001509
ACNH67_001509-T1     -           1504 14579                -            422   2.7e-11   41.1   0.3   3   3     0.018       7.1    3.5   0.1   336   394  1411  1479  1392  1498 0.71 ACNH67_001509
ACNH67_001117-T1     -            501 14579                -            422   2.1e-09   34.9   0.3   1   3   5.2e-12   2.1e-09   34.9   0.3    86   226   140   284   136   318 0.73 ACNH67_001117
ACNH67_001117-T1     -            501 14579                -            422   2.1e-09   34.9   0.3   2   3       0.3   1.2e+02   -0.6   0.0   273   314   374   414   285   417 0.74 ACNH67_001117
ACNH67_001117-T1     -            501 14579                -            422   2.1e-09   34.9   0.3   3   3       3.3   1.3e+03   -4.0   0.2   380   393   457   470   451   472 0.82 ACNH67_001117
ACNH67_003416-T1     -            472 14579                -            422   3.6e-09   34.1   0.6   1   2    0.0016      0.66    6.9   0.0    95   117   127   149   104   226 0.86 ACNH67_003416
ACNH67_003416-T1     -            472 14579                -            422   3.6e-09   34.1   0.6   2   2   5.3e-09   2.2e-06   25.0   0.3   348   403   382   435   353   443 0.82 ACNH67_003416
ACNH67_001410-T1     -            800 14579                -            422   4.8e-09   33.7   3.2   1   4   7.6e-06    0.0031   14.6   0.0    88   111   336   359   305   371 0.87 ACNH67_001410
ACNH67_001410-T1     -            800 14579                -            422   4.8e-09   33.7   3.2   2   4     0.025        10    3.0   0.2   101   190   395   488   389   496 0.60 ACNH67_001410
ACNH67_001410-T1     -            800 14579                -            422   4.8e-09   33.7   3.2   3   4       1.4   5.7e+02   -2.8   0.0   257   283   556   582   549   606 0.79 ACNH67_001410
ACNH67_001410-T1     -            800 14579                -            422   4.8e-09   33.7   3.2   4   4   8.4e-06    0.0034   14.4   0.1   343   394   734   782   725   791 0.82 ACNH67_001410
ACNH67_005304-T1     -           1745 14579                -            422   8.6e-09   32.9   0.7   1   3   2.6e-06     0.001   16.1   0.0    81   121   303   343   295   352 0.82 ACNH67_005304
ACNH67_005304-T1     -           1745 14579                -            422   8.6e-09   32.9   0.7   2   3   3.4e-05     0.014   12.4   0.1   170   313   505   654   496   657 0.70 ACNH67_005304
ACNH67_005304-T1     -           1745 14579                -            422   8.6e-09   32.9   0.7   3   3      0.12        50    0.7   0.1   349   399   657   708   655   717 0.71 ACNH67_005304
ACNH67_000639-T1     -            592 14579                -            422   1.4e-07   28.9   0.0   1   2     3e-07   0.00012   19.2   0.0    85   190    77   184    66   187 0.88 ACNH67_000639
ACNH67_000639-T1     -            592 14579                -            422   1.4e-07   28.9   0.0   2   2    0.0011      0.46    7.4   0.0   351   397   344   387   330   396 0.83 ACNH67_000639
ACNH67_003572-T1     -           1131 14579                -            422   3.8e-07   27.5   0.0   1   2     9e-09   3.6e-06   24.2   0.0    88   210   362   492   355   509 0.69 ACNH67_003572
ACNH67_003572-T1     -           1131 14579                -            422   3.8e-07   27.5   0.0   2   2      0.13        51    0.7   0.0   264   286  1108  1130  1093  1131 0.83 ACNH67_003572
ACNH67_001711-T1     -            599 14579                -            422   1.6e-05   22.1   0.0   1   2   0.00074       0.3    8.0   0.0   270   331   291   348   287   373 0.71 ACNH67_001711
ACNH67_001711-T1     -            599 14579                -            422   1.6e-05   22.1   0.0   2   2   5.6e-05     0.023   11.7   0.0   334   370   424   460   415   468 0.86 ACNH67_001711
ACNH67_001505-T1     -            990 14579                -            422   1.7e-05   22.0   0.0   1   3     0.004       1.6    5.6   0.0    88   113   356   381   337   394 0.80 ACNH67_001505
ACNH67_001505-T1     -            990 14579                -            422   1.7e-05   22.0   0.0   2   3      0.49     2e+02   -1.3   0.0   255   291   818   854   806   863 0.75 ACNH67_001505
ACNH67_001505-T1     -            990 14579                -            422   1.7e-05   22.0   0.0   3   3   2.5e-05      0.01   12.9   0.0   351   399   887   945   871   965 0.75 ACNH67_001505
ACNH67_002194-T1     -            454 14579                -            422    0.0074   13.3   0.1   1   2     0.034        14    2.6   0.0   144   192    42    84     8    87 0.68 ACNH67_002194
ACNH67_002194-T1     -            454 14579                -            422    0.0074   13.3   0.1   2   2   0.00089      0.36    7.8   0.1   264   377   265   385   252   450 0.73 ACNH67_002194
ACNH67_001063-T1     -            496 14579                -            422      0.02   11.9   2.8   1   3      0.01       4.2    4.2   0.0    95   163   198   265   170   294 0.70 ACNH67_001063
ACNH67_001063-T1     -            496 14579                -            422      0.02   11.9   2.8   2   3    0.0026         1    6.3   0.2   265   284   386   405   378   431 0.86 ACNH67_001063
ACNH67_001063-T1     -            496 14579                -            422      0.02   11.9   2.8   3   3      0.23        91   -0.1   0.1   346   370   438   461   411   470 0.84 ACNH67_001063
#
# Program:         hmmsearch
# Version:         3.1b2 (February 2015)
# Pipeline mode:   SEARCH
# Query file:      /home/edouard/GregarineStuff/Lgryllorum_Genome_analysis/Funannotate/Run_v3/species_train/annotate_results/busco_downloads/lineages/apicomplexa_odb12/hmms/14579at5794.hmm
# Target file:     /home/edouard/GregarineStuff/Lgryllorum_Genome_analysis/Funannotate/Run_v3/species_train/annotate_results/Leidyana_gryllorum.proteins.fa
# Option settings: hmmsearch --domtblout /home/edouard/GregarineStuff/Lgryllorum_Genome_analysis/Funannotate/Run_v3/species_train/annotate_results/busco/run_apicomplexa_odb12/hmmer_output/initial_run_results/14579at5794.out --cpu 1 /home/edouard/GregarineStuff/Lgryllorum_Genome_analysis/Funannotate/Run_v3/species_train/annotate_results/busco_downloads/lineages/apicomplexa_odb12/hmms/14579at5794.hmm /home/edouard/GregarineStuff/Lgryllorum_Genome_analysis/Funannotate/Run_v3/species_train/annotate_results/Leidyana_gryllorum.proteins.fa 
# Current dir:     /home/edouard/GregarineStuff/Lgryllorum_Genome_analysis/Funannotate/Run_v3/species_train/annotate_results
# Date:            Tue Apr  1 17:36:29 2025
# [ok]
