#                                                                            --- full sequence --- -------------- this domain -------------   hmm coord   ali coord   env coord
# target name        accession   tlen query name           accession   qlen   E-value  score  bias   #  of  c-Evalue  i-Evalue  score  bias  from    to  from    to  from    to  acc description of target
#------------------- ---------- ----- -------------------- ---------- ----- --------- ------ ----- --- --- --------- --------- ------ ----- ----- ----- ----- ----- ----- ----- ---- ---------------------
ACNH67_003103-T1     -            777 15169                -            537    3e-152  506.1  20.4   1   3  2.8e-151  4.4e-149  495.6   0.0     4   434     9   470     6   484 0.91 ACNH67_003103
ACNH67_003103-T1     -            777 15169                -            537    3e-152  506.1  20.4   2   3   0.00041     0.064    9.9   2.6   433   487   510   568   505   584 0.65 ACNH67_003103
ACNH67_003103-T1     -            777 15169                -            537    3e-152  506.1  20.4   3   3    0.0015      0.23    8.1   0.0   466   520   618   672   606   683 0.79 ACNH67_003103
ACNH67_003305-T1     -            505 15169                -            537  1.9e-115  384.6   0.5   1   1  2.2e-117  3.5e-115  383.7   0.5     3   431    52   504    50   505 0.90 ACNH67_003305
ACNH67_003972-T1     -            469 15169                -            537   7.2e-84  280.4   0.2   1   1   1.3e-85   2.1e-83  278.9   0.2    11   355    58   417    48   431 0.88 ACNH67_003972
ACNH67_000088-T1     -            466 15169                -            537   4.9e-75  251.2   0.8   1   1   4.7e-77   7.4e-75  250.6   0.8    12   351    92   443    81   458 0.86 ACNH67_000088
ACNH67_004323-T1     -            965 15169                -            537   9.2e-74  247.0   2.3   1   1   5.9e-76   9.2e-74  247.0   2.3    15   353    35   393    22   413 0.85 ACNH67_004323
ACNH67_001663-T1     -           1000 15169                -            537   1.3e-73  246.5   0.0   1   4   9.9e-38   1.6e-35  120.9   0.1     6   185    81   288    76   316 0.78 ACNH67_001663
ACNH67_001663-T1     -           1000 15169                -            537   1.3e-73  246.5   0.0   2   4   0.00023     0.037   10.7   0.0   207   259   583   638   576   666 0.84 ACNH67_001663
ACNH67_001663-T1     -           1000 15169                -            537   1.3e-73  246.5   0.0   3   4   1.8e-33   2.8e-31  106.8   0.0   259   360   705   806   700   872 0.82 ACNH67_001663
ACNH67_001663-T1     -           1000 15169                -            537   1.3e-73  246.5   0.0   4   4      0.74   1.2e+02   -0.8   0.0   376   411   854   889   839   911 0.77 ACNH67_001663
ACNH67_002835-T1     -            524 15169                -            537   2.2e-71  239.2   0.0   1   1   1.1e-71   1.7e-69  232.9   0.0     9   379    42   464    37   497 0.75 ACNH67_002835
ACNH67_004945-T1     -            439 15169                -            537     1e-69  233.7   2.1   1   1   1.9e-71     3e-69  232.1   2.1     9   363    50   427    44   439 0.85 ACNH67_004945
ACNH67_003408-T1     -            846 15169                -            537   1.4e-69  233.2   0.1   1   4   2.3e-33   3.7e-31  106.4   0.0    10   204     5   260     1   274 0.71 ACNH67_003408
ACNH67_003408-T1     -            846 15169                -            537   1.4e-69  233.2   0.1   2   4   5.8e-07   9.1e-05   19.3   0.0   203   259   310   366   300   372 0.88 ACNH67_003408
ACNH67_003408-T1     -            846 15169                -            537   1.4e-69  233.2   0.1   3   4     1e-30   1.6e-28   97.7   0.0   256   363   399   510   395   524 0.90 ACNH67_003408
ACNH67_003408-T1     -            846 15169                -            537   1.4e-69  233.2   0.1   4   4      0.35        56    0.2   0.4   449   496   664   711   566   724 0.49 ACNH67_003408
ACNH67_002442-T1     -            669 15169                -            537   1.9e-69  232.8   0.0   1   1   2.6e-71     4e-69  231.7   0.0    31   354   211   563   198   575 0.84 ACNH67_002442
ACNH67_001796-T1     -            394 15169                -            537   3.4e-69  231.9   2.1   1   1   4.1e-71   6.5e-69  231.0   2.1    13   354    24   380    14   388 0.87 ACNH67_001796
ACNH67_000205-T1     -            668 15169                -            537     1e-62  210.5   0.1   1   2       5.8   9.1e+02   -3.8   0.8   436   465    26    57    20    66 0.48 ACNH67_000205
ACNH67_000205-T1     -            668 15169                -            537     1e-62  210.5   0.1   2   2   6.6e-65     1e-62  210.5   0.1    14   349   212   574   208   586 0.83 ACNH67_000205
ACNH67_001998-T1     -            861 15169                -            537   1.4e-61  206.9   0.0   1   2   3.3e-39   5.2e-37  125.7   0.0    21   184   437   610   428   614 0.88 ACNH67_001998
ACNH67_001998-T1     -            861 15169                -            537   1.4e-61  206.9   0.0   2   2     9e-28   1.4e-25   88.0   0.0   188   364   638   824   612   835 0.82 ACNH67_001998
ACNH67_002293-T1     -           1575 15169                -            537   1.5e-61  206.7   0.0   1   1   4.7e-63   7.4e-61  204.4   0.0    30   356   532   883   525   902 0.87 ACNH67_002293
ACNH67_001782-T1     -            672 15169                -            537     6e-60  201.4   0.0   1   1   7.2e-62   1.1e-59  200.5   0.0    42   348     2   332     1   374 0.84 ACNH67_001782
ACNH67_005515-T1     -            447 15169                -            537   4.5e-57  191.9   0.0   1   1   3.1e-58   4.9e-56  188.5   0.0    18   345     4   362     1   381 0.83 ACNH67_005515
ACNH67_004869-T1     -            791 15169                -            537   1.5e-53  180.3   0.2   1   1   2.3e-55   3.7e-53  179.0   0.2    32   366   106   463    82   504 0.76 ACNH67_004869
ACNH67_005174-T1     -            778 15169                -            537   8.3e-49  164.7   0.3   1   2   1.9e-29     3e-27   93.5   0.1    18   187   122   311   119   332 0.80 ACNH67_005174
ACNH67_005174-T1     -            778 15169                -            537   8.3e-49  164.7   0.3   2   2   9.7e-22   1.5e-19   68.1   0.0   260   346   562   649   558   659 0.91 ACNH67_005174
ACNH67_000490-T1     -            401 15169                -            537   2.2e-44  150.1   0.0   1   1   1.9e-46   2.9e-44  149.7   0.0    14   207   125   323   123   345 0.89 ACNH67_000490
ACNH67_003764-T1     -           1625 15169                -            537   6.6e-43  145.2   1.0   1   3   4.1e-23   6.5e-21   72.6   0.2    25   153    17   169     4   176 0.79 ACNH67_003764
ACNH67_003764-T1     -           1625 15169                -            537   6.6e-43  145.2   1.0   2   3   3.1e-05    0.0049   13.6   0.0   156   205   198   250   182   257 0.84 ACNH67_003764
ACNH67_003764-T1     -           1625 15169                -            537   6.6e-43  145.2   1.0   3   3   3.3e-17   5.3e-15   53.1   0.0   260   348   630   716   617   745 0.85 ACNH67_003764
ACNH67_000687-T1     -            732 15169                -            537   2.5e-40  136.7   0.0   1   3   2.4e-10   3.8e-08   30.5   0.0    14    77     3    65     1    79 0.89 ACNH67_000687
ACNH67_000687-T1     -            732 15169                -            537   2.5e-40  136.7   0.0   2   3     1e-15   1.6e-13   48.2   0.0    87   198   277   401   266   419 0.79 ACNH67_000687
ACNH67_000687-T1     -            732 15169                -            537   2.5e-40  136.7   0.0   3   3   1.5e-17   2.4e-15   54.2   0.0   265   348   536   618   531   637 0.90 ACNH67_000687
ACNH67_001597-T1     -            490 15169                -            537   6.1e-40  135.4   0.8   1   1   2.5e-41   3.9e-39  132.8   0.8     3   378    66   486    64   489 0.76 ACNH67_001597
ACNH67_004375-T1     -            229 15169                -            537   1.3e-38  131.1   0.1   1   1   1.9e-40   2.9e-38  129.9   0.1   157   355     2   212     1   227 0.86 ACNH67_004375
ACNH67_000779-T1     -            607 15169                -            537   1.9e-29  100.8   0.3   1   5   3.8e-19     6e-17   59.5   0.0    26   110    57   147    47   155 0.87 ACNH67_000779
ACNH67_000779-T1     -            607 15169                -            537   1.9e-29  100.8   0.3   2   5      0.51        80   -0.3   0.0   154   182   209   238   204   242 0.80 ACNH67_000779
ACNH67_000779-T1     -            607 15169                -            537   1.9e-29  100.8   0.3   3   5       7.4   1.2e+03   -4.1   0.0   184   202   258   276   254   280 0.82 ACNH67_000779
ACNH67_000779-T1     -            607 15169                -            537   1.9e-29  100.8   0.3   4   5     0.021       3.4    4.3   0.0   223   286   339   401   316   411 0.80 ACNH67_000779
ACNH67_000779-T1     -            607 15169                -            537   1.9e-29  100.8   0.3   5   5   1.5e-10   2.4e-08   31.2   0.0   299   370   449   528   445   559 0.69 ACNH67_000779
ACNH67_004374-T1     -            167 15169                -            537   6.9e-27   92.3   0.2   1   1   4.9e-29   7.7e-27   92.2   0.2    13   154    26   164    17   167 0.91 ACNH67_004374
ACNH67_004331-T1     -            690 15169                -            537   1.8e-23   81.1   0.1   1   2     6e-06   0.00095   16.0   0.0    85   132     5    53     3   126 0.68 ACNH67_004331
ACNH67_004331-T1     -            690 15169                -            537   1.8e-23   81.1   0.1   2   2   2.5e-19   3.9e-17   60.2   0.0   198   335   214   355   211   407 0.82 ACNH67_004331
ACNH67_000489-T1     -            616 15169                -            537   1.6e-21   74.6   0.0   1   1   1.3e-23   2.1e-21   74.2   0.0   265   354     3    91     1   108 0.90 ACNH67_000489
ACNH67_005157-T1     -            978 15169                -            537   3.1e-05   20.9   0.0   1   3       2.1   3.2e+02   -2.3   0.0   255   278   222   243   219   253 0.77 ACNH67_005157
ACNH67_005157-T1     -            978 15169                -            537   3.1e-05   20.9   0.0   2   3     2e-07   3.1e-05   20.9   0.0   222   329   666   781   646   787 0.82 ACNH67_005157
ACNH67_005157-T1     -            978 15169                -            537   3.1e-05   20.9   0.0   3   3       8.2   1.3e+03   -4.3   6.0   438   508   868   938   832   950 0.63 ACNH67_005157
ACNH67_004637-T1     -           2175 15169                -            537   8.5e-05   19.4   0.2   1   3    0.0028      0.43    7.2   0.0    35   116   348   435   340   460 0.79 ACNH67_004637
ACNH67_004637-T1     -           2175 15169                -            537   8.5e-05   19.4   0.2   2   3    0.0013      0.21    8.2   0.0    33    66  1251  1285  1235  1302 0.80 ACNH67_004637
ACNH67_004637-T1     -           2175 15169                -            537   8.5e-05   19.4   0.2   3   3      0.99   1.6e+02   -1.2   0.0   228   253  1474  1499  1469  1506 0.83 ACNH67_004637
ACNH67_003944-T1     -           1814 15169                -            537   0.00046   17.0   0.0   1   1   8.3e-06    0.0013   15.5   0.0   285   334   957  1006   876  1058 0.83 ACNH67_003944
ACNH67_003036-T1     -           3230 15169                -            537    0.0014   15.4   0.0   1   1   8.7e-06    0.0014   15.4   0.0   272   330  1362  1421  1359  1438 0.89 ACNH67_003036
ACNH67_002880-T1     -           1241 15169                -            537     0.006   13.3   0.1   1   2   0.00055     0.087    9.5   0.0    39    99   266   321   257   341 0.83 ACNH67_002880
ACNH67_002880-T1     -           1241 15169                -            537     0.006   13.3   0.1   2   2      0.17        27    1.2   0.0   210   313   570   676   560   681 0.70 ACNH67_002880
ACNH67_000948-T1     -           1402 15169                -            537    0.0064   13.2   0.0   1   1   6.8e-05     0.011   12.5   0.0   234   306  1229  1300  1217  1333 0.79 ACNH67_000948
ACNH67_000734-T1     -           1033 15169                -            537     0.035   10.8   0.0   1   1   0.00033     0.052   10.2   0.0   259   315   836   893   794  1022 0.81 ACNH67_000734
ACNH67_004061-T1     -           1059 15169                -            537     0.061   10.0   0.0   1   1   0.00061     0.096    9.4   0.0    39    71   119   151   111   163 0.86 ACNH67_004061
ACNH67_004026-T1     -            477 15169                -            537       1.4    5.5  11.7   1   1     0.015       2.3    4.8  11.7   410   478   112   180   106   189 0.81 ACNH67_004026
#
# Program:         hmmsearch
# Version:         3.1b2 (February 2015)
# Pipeline mode:   SEARCH
# Query file:      /home/edouard/GregarineStuff/Lgryllorum_Genome_analysis/Funannotate/Run_v3/species_train/annotate_results/busco_downloads/lineages/apicomplexa_odb12/hmms/15169at5794.hmm
# Target file:     /home/edouard/GregarineStuff/Lgryllorum_Genome_analysis/Funannotate/Run_v3/species_train/annotate_results/Leidyana_gryllorum.proteins.fa
# Option settings: hmmsearch --domtblout /home/edouard/GregarineStuff/Lgryllorum_Genome_analysis/Funannotate/Run_v3/species_train/annotate_results/busco/run_apicomplexa_odb12/hmmer_output/initial_run_results/15169at5794.out --cpu 1 /home/edouard/GregarineStuff/Lgryllorum_Genome_analysis/Funannotate/Run_v3/species_train/annotate_results/busco_downloads/lineages/apicomplexa_odb12/hmms/15169at5794.hmm /home/edouard/GregarineStuff/Lgryllorum_Genome_analysis/Funannotate/Run_v3/species_train/annotate_results/Leidyana_gryllorum.proteins.fa 
# Current dir:     /home/edouard/GregarineStuff/Lgryllorum_Genome_analysis/Funannotate/Run_v3/species_train/annotate_results
# Date:            Tue Apr  1 17:36:32 2025
# [ok]
