#                                                                            --- full sequence --- -------------- this domain -------------   hmm coord   ali coord   env coord
# target name        accession   tlen query name           accession   qlen   E-value  score  bias   #  of  c-Evalue  i-Evalue  score  bias  from    to  from    to  from    to  acc description of target
#------------------- ---------- ----- -------------------- ---------- ----- --------- ------ ----- --- --- --------- --------- ------ ----- ----- ----- ----- ----- ----- ----- ---- ---------------------
ACNH67_001515-T1     -            229 15301                -            302     5e-25   86.7   1.7   1   2      0.63   1.7e+02   -0.4   0.6    97   123    29    55    16    61 0.61 ACNH67_001515
ACNH67_001515-T1     -            229 15301                -            302     5e-25   86.7   1.7   2   2   4.1e-27   1.1e-24   85.6   0.0   131   201   111   182    90   189 0.87 ACNH67_001515
ACNH67_001424-T1     -            296 15301                -            302   1.3e-10   39.3   2.5   1   1   7.2e-13   1.9e-10   38.8   2.5   231   296    58   126    42   131 0.85 ACNH67_001424
ACNH67_003375-T1     -            445 15301                -            302   2.5e-08   31.8   1.0   1   2   9.2e-11   2.5e-08   31.8   1.0   228   281    79   132    70   148 0.89 ACNH67_003375
ACNH67_003375-T1     -            445 15301                -            302   2.5e-08   31.8   1.0   2   2       8.7   2.3e+03   -4.2   1.7    78   110   241   273   226   291 0.52 ACNH67_003375
ACNH67_005398-T1     -           1068 15301                -            302   7.6e-08   30.3   2.9   1   1   4.1e-10   1.1e-07   29.7   2.9   229   296   198   262   175   267 0.85 ACNH67_005398
ACNH67_002379-T1     -            267 15301                -            302   1.8e-05   22.5   2.8   1   1   9.4e-08   2.5e-05   22.0   2.8   231   280    98   146    90   151 0.87 ACNH67_002379
ACNH67_003789-T1     -            229 15301                -            302   0.00017   19.3   2.3   1   1   7.8e-07   0.00021   19.0   2.3   203   280    64   143    35   159 0.77 ACNH67_003789
ACNH67_000122-T1     -            392 15301                -            302   0.00097   16.8   1.1   1   1   5.5e-06    0.0015   16.2   1.1   219   257    67   105    61   117 0.91 ACNH67_000122
ACNH67_000177-T1     -            305 15301                -            302    0.0012   16.5   0.4   1   1   6.5e-06    0.0017   15.9   0.4   129   164   242   277   233   285 0.86 ACNH67_000177
ACNH67_000572-T1     -            305 15301                -            302    0.0014   16.3   0.6   1   1   7.9e-06    0.0021   15.7   0.6   129   164   242   277   235   285 0.86 ACNH67_000572
ACNH67_000661-T1     -            305 15301                -            302    0.0044   14.6   1.3   1   1   2.5e-05    0.0068   14.0   1.3   134   164   247   277   234   285 0.83 ACNH67_000661
ACNH67_001938-T1     -            259 15301                -            302    0.0045   14.6   4.9   1   1   2.5e-05    0.0068   14.0   4.9   233   284   129   188   118   192 0.79 ACNH67_001938
ACNH67_000210-T1     -            601 15301                -            302     0.012   13.1   0.2   1   1     7e-05     0.019   12.5   0.2   230   298   484   550   475   554 0.78 ACNH67_000210
ACNH67_000807-T1     -           1268 15301                -            302     0.015   12.8   6.5   1   1   8.9e-05     0.024   12.2   6.5   218   285   524   591   518   607 0.81 ACNH67_000807
ACNH67_002678-T1     -            299 15301                -            302      0.02   12.5   1.6   1   3   9.8e-05     0.027   12.1   0.2   234   269    42    76    27    96 0.81 ACNH67_002678
ACNH67_002678-T1     -            299 15301                -            302      0.02   12.5   1.6   2   3         2   5.3e+02   -2.1   0.1   104   124   132   152    81   168 0.57 ACNH67_002678
ACNH67_002678-T1     -            299 15301                -            302      0.02   12.5   1.6   3   3       3.3   8.9e+02   -2.8   0.0   261   284   194   217   188   222 0.79 ACNH67_002678
ACNH67_000014-T1     -            162 15301                -            302     0.022   12.3   0.6   1   1   9.1e-05     0.025   12.2   0.6   133   161    99   127    50   139 0.83 ACNH67_000014
ACNH67_001303-T1     -            171 15301                -            302     0.052   11.1   2.3   1   1   0.00031     0.083   10.4   2.3   234   275     6    54     3    63 0.70 ACNH67_001303
ACNH67_000665-T1     -            325 15301                -            302     0.054   11.0   1.3   1   1   0.00028     0.075   10.6   1.3   133   161   260   288   248   300 0.82 ACNH67_000665
ACNH67_000063-T1     -            227 15301                -            302      0.07   10.7   1.9   1   1   0.00035     0.095   10.2   1.9   250   279   184   212   151   219 0.86 ACNH67_000063
ACNH67_001285-T1     -           1208 15301                -            302     0.093   10.3  10.3   1   2      0.33        90    0.5   0.0    49    94    64   109    57   116 0.86 ACNH67_001285
ACNH67_001285-T1     -           1208 15301                -            302     0.093   10.3  10.3   2   2     0.002      0.55    7.7   9.6   231   283   128   182   118   197 0.83 ACNH67_001285
ACNH67_000660-T1     -            328 15301                -            302      0.14    9.7   2.7   1   2      0.76     2e+02   -0.7   0.0    14    78    27    91    13    98 0.81 ACNH67_000660
ACNH67_000660-T1     -            328 15301                -            302      0.14    9.7   2.7   2   2    0.0006      0.16    9.5   0.8   138   168   274   304   244   313 0.78 ACNH67_000660
ACNH67_005341-T1     -            831 15301                -            302       1.2    6.6   5.3   1   1    0.0085       2.3    5.7   5.3   234   277    16    62     7    70 0.82 ACNH67_005341
#
# Program:         hmmsearch
# Version:         3.1b2 (February 2015)
# Pipeline mode:   SEARCH
# Query file:      /home/edouard/GregarineStuff/Lgryllorum_Genome_analysis/Funannotate/Run_v3/species_train/annotate_results/busco_downloads/lineages/apicomplexa_odb12/hmms/15301at5794.hmm
# Target file:     /home/edouard/GregarineStuff/Lgryllorum_Genome_analysis/Funannotate/Run_v3/species_train/annotate_results/Leidyana_gryllorum.proteins.fa
# Option settings: hmmsearch --domtblout /home/edouard/GregarineStuff/Lgryllorum_Genome_analysis/Funannotate/Run_v3/species_train/annotate_results/busco/run_apicomplexa_odb12/hmmer_output/initial_run_results/15301at5794.out --cpu 1 /home/edouard/GregarineStuff/Lgryllorum_Genome_analysis/Funannotate/Run_v3/species_train/annotate_results/busco_downloads/lineages/apicomplexa_odb12/hmms/15301at5794.hmm /home/edouard/GregarineStuff/Lgryllorum_Genome_analysis/Funannotate/Run_v3/species_train/annotate_results/Leidyana_gryllorum.proteins.fa 
# Current dir:     /home/edouard/GregarineStuff/Lgryllorum_Genome_analysis/Funannotate/Run_v3/species_train/annotate_results
# Date:            Tue Apr  1 17:36:32 2025
# [ok]
