#                                                                            --- full sequence --- -------------- this domain -------------   hmm coord   ali coord   env coord
# target name        accession   tlen query name           accession   qlen   E-value  score  bias   #  of  c-Evalue  i-Evalue  score  bias  from    to  from    to  from    to  acc description of target
#------------------- ---------- ----- -------------------- ---------- ----- --------- ------ ----- --- --- --------- --------- ------ ----- ----- ----- ----- ----- ----- ----- ---- ---------------------
ACNH67_004298-T1     -            986 15389                -            660  3.1e-222  737.6   0.0   1   3     1e-11   5.2e-09   33.0   0.0     8    88    64   155    57   188 0.74 ACNH67_004298
ACNH67_004298-T1     -            986 15389                -            660  3.1e-222  737.6   0.0   2   3   1.3e-30   6.7e-28   95.4   0.1   144   232   360   450   279   462 0.83 ACNH67_004298
ACNH67_004298-T1     -            986 15389                -            660  3.1e-222  737.6   0.0   3   3  7.4e-185  3.8e-182  605.1   0.0   239   657   504   944   477   947 0.90 ACNH67_004298
ACNH67_001467-T1     -            894 15389                -            660  8.4e-133  442.0   0.0   1   3      0.26   1.3e+02   -1.4   0.0    10    45   117   152   113   185 0.74 ACNH67_001467
ACNH67_001467-T1     -            894 15389                -            660  8.4e-133  442.0   0.0   2   3   1.9e-15   9.9e-13   45.3   0.0   134   208   297   371   273   375 0.80 ACNH67_001467
ACNH67_001467-T1     -            894 15389                -            660  8.4e-133  442.0   0.0   3   3  2.8e-120  1.5e-117  391.7   0.0   244   645   445   874   435   883 0.86 ACNH67_001467
ACNH67_003757-T1     -           2866 15389                -            660  2.6e-109  364.4  10.3   1   6      0.32   1.7e+02   -1.7   0.0    11    44  1361  1394  1355  1419 0.73 ACNH67_003757
ACNH67_003757-T1     -           2866 15389                -            660  2.6e-109  364.4  10.3   2   6   2.4e-12   1.2e-09   35.1   0.3   166   210  1628  1673  1611  1681 0.88 ACNH67_003757
ACNH67_003757-T1     -           2866 15389                -            660  2.6e-109  364.4  10.3   3   6   7.3e-12   3.8e-09   33.5   0.1   245   325  1685  1770  1679  1774 0.86 ACNH67_003757
ACNH67_003757-T1     -           2866 15389                -            660  2.6e-109  364.4  10.3   4   6   2.5e-60   1.3e-57  193.6   0.1   303   496  1827  2024  1821  2031 0.88 ACNH67_003757
ACNH67_003757-T1     -           2866 15389                -            660  2.6e-109  364.4  10.3   5   6   2.2e-16   1.1e-13   48.4   0.1   506   565  2058  2118  2050  2125 0.87 ACNH67_003757
ACNH67_003757-T1     -           2866 15389                -            660  2.6e-109  364.4  10.3   6   6   1.8e-18   9.3e-16   55.3   0.0   572   622  2156  2206  2150  2213 0.91 ACNH67_003757
ACNH67_004998-T1     -            924 15389                -            660   2.7e-85  285.1   0.0   1   3      0.29   1.5e+02   -1.6   0.0     6    36   236   266   232   311 0.77 ACNH67_004998
ACNH67_004998-T1     -            924 15389                -            660   2.7e-85  285.1   0.0   2   3   4.1e-18   2.1e-15   54.1   0.0   152   269   415   533   376   536 0.78 ACNH67_004998
ACNH67_004998-T1     -            924 15389                -            660   2.7e-85  285.1   0.0   3   3   1.2e-70   6.3e-68  227.7   0.0   308   624   592   906   578   914 0.89 ACNH67_004998
ACNH67_003666-T1     -           1061 15389                -            660   1.1e-67  226.8   0.0   1   4   2.1e-11   1.1e-08   31.9   0.0   157   206   191   240   150   245 0.81 ACNH67_003666
ACNH67_003666-T1     -           1061 15389                -            660   1.1e-67  226.8   0.0   2   4   0.00011     0.055    9.8   0.2   247   265   245   263   241   267 0.92 ACNH67_003666
ACNH67_003666-T1     -           1061 15389                -            660   1.1e-67  226.8   0.0   3   4     1e-28   5.2e-26   89.2   0.0   307   450   356   500   349   509 0.91 ACNH67_003666
ACNH67_003666-T1     -           1061 15389                -            660   1.1e-67  226.8   0.0   4   4   4.2e-29   2.1e-26   90.4   0.0   473   602   544   662   538   667 0.89 ACNH67_003666
ACNH67_001959-T1     -            956 15389                -            660   1.1e-56  190.5   3.6   1   3   1.3e-08   6.6e-06   22.7   0.2   169   208   389   428   381   432 0.89 ACNH67_001959
ACNH67_001959-T1     -            956 15389                -            660   1.1e-56  190.5   3.6   2   3   0.00042      0.22    7.8   0.1   244   265   430   451   425   458 0.83 ACNH67_001959
ACNH67_001959-T1     -            956 15389                -            660   1.1e-56  190.5   3.6   3   3   3.5e-49   1.8e-46  156.8   0.0   308   625   572   893   556   913 0.79 ACNH67_001959
ACNH67_001960-T1     -            982 15389                -            660   5.9e-56  188.1   3.9   1   3     5e-08   2.6e-05   20.8   0.3   169   209   243   284   212   288 0.86 ACNH67_001960
ACNH67_001960-T1     -            982 15389                -            660   5.9e-56  188.1   3.9   2   3   6.5e-05     0.033   10.5   0.2   246   268   286   308   281   312 0.89 ACNH67_001960
ACNH67_001960-T1     -            982 15389                -            660   5.9e-56  188.1   3.9   3   3     1e-48   5.3e-46  155.2   0.0   311   639   395   727   387   730 0.78 ACNH67_001960
ACNH67_002998-T1     -           1539 15389                -            660   6.6e-42  141.7   0.1   1   2   2.7e-10   1.4e-07   28.3   0.0   137   213   775   849   757   871 0.82 ACNH67_002998
ACNH67_002998-T1     -           1539 15389                -            660   6.6e-42  141.7   0.1   2   2   2.9e-35   1.5e-32  110.8   0.0   339   609  1228  1495  1201  1505 0.86 ACNH67_002998
ACNH67_001962-T1     -            777 15389                -            660   6.2e-40  135.2   0.0   1   3   0.00065      0.33    7.2   0.0   171   212   292   333   286   335 0.84 ACNH67_001962
ACNH67_001962-T1     -            777 15389                -            660   6.2e-40  135.2   0.0   2   3   0.00047      0.24    7.6   0.1   244   266   331   353   329   362 0.83 ACNH67_001962
ACNH67_001962-T1     -            777 15389                -            660   6.2e-40  135.2   0.0   3   3   7.8e-37     4e-34  116.0   0.0   321   625   435   743   422   763 0.80 ACNH67_001962
ACNH67_001961-T1     -            915 15389                -            660   3.1e-09   33.7   0.2   1   3    0.0017      0.87    5.8   0.0   168   199   348   379   337   390 0.82 ACNH67_001961
ACNH67_001961-T1     -            915 15389                -            660   3.1e-09   33.7   0.2   2   3    0.0085       4.4    3.5   0.0   246   275   391   420   381   429 0.84 ACNH67_001961
ACNH67_001961-T1     -            915 15389                -            660   3.1e-09   33.7   0.2   3   3   4.9e-07   0.00025   17.5   0.0   302   637   481   815   475   830 0.70 ACNH67_001961
ACNH67_002013-T1     -            789 15389                -            660     0.038   10.3   0.0   1   1   0.00011     0.057    9.7   0.0   167   201     4    38     1    56 0.84 ACNH67_002013
#
# Program:         hmmsearch
# Version:         3.1b2 (February 2015)
# Pipeline mode:   SEARCH
# Query file:      /home/edouard/GregarineStuff/Lgryllorum_Genome_analysis/Funannotate/Run_v3/species_train/annotate_results/busco_downloads/lineages/apicomplexa_odb12/hmms/15389at5794.hmm
# Target file:     /home/edouard/GregarineStuff/Lgryllorum_Genome_analysis/Funannotate/Run_v3/species_train/annotate_results/Leidyana_gryllorum.proteins.fa
# Option settings: hmmsearch --domtblout /home/edouard/GregarineStuff/Lgryllorum_Genome_analysis/Funannotate/Run_v3/species_train/annotate_results/busco/run_apicomplexa_odb12/hmmer_output/initial_run_results/15389at5794.out --cpu 1 /home/edouard/GregarineStuff/Lgryllorum_Genome_analysis/Funannotate/Run_v3/species_train/annotate_results/busco_downloads/lineages/apicomplexa_odb12/hmms/15389at5794.hmm /home/edouard/GregarineStuff/Lgryllorum_Genome_analysis/Funannotate/Run_v3/species_train/annotate_results/Leidyana_gryllorum.proteins.fa 
# Current dir:     /home/edouard/GregarineStuff/Lgryllorum_Genome_analysis/Funannotate/Run_v3/species_train/annotate_results
# Date:            Tue Apr  1 17:36:34 2025
# [ok]
