#                                                                            --- full sequence --- -------------- this domain -------------   hmm coord   ali coord   env coord
# target name        accession   tlen query name           accession   qlen   E-value  score  bias   #  of  c-Evalue  i-Evalue  score  bias  from    to  from    to  from    to  acc description of target
#------------------- ---------- ----- -------------------- ---------- ----- --------- ------ ----- --- --- --------- --------- ------ ----- ----- ----- ----- ----- ----- ----- ---- ---------------------
ACNH67_002779-T1     -            107 15911                -            104   6.7e-27   92.2  12.5   1   1   6.4e-29   7.3e-26   88.9  12.5     1   104     1   107     1   107 0.83 ACNH67_002779
ACNH67_002355-T1     -            112 15911                -            104   6.4e-13   47.3   3.5   1   1   9.8e-16   1.1e-12   46.5   3.5    16   104    23   112     9   112 0.73 ACNH67_002355
ACNH67_005630-T1     -            312 15911                -            104   7.9e-09   34.1   1.0   1   1   1.3e-11   1.4e-08   33.3   1.0    63   104   271   312   235   312 0.75 ACNH67_005630
ACNH67_004614-T1     -            295 15911                -            104         6    5.6   9.8   1   2      0.17     2e+02    0.7   0.7    78    99    69    90    46    92 0.68 ACNH67_004614
ACNH67_004614-T1     -            295 15911                -            104         6    5.6   9.8   2   2   0.00033      0.38    9.5   0.9    29   100   207   282   198   286 0.74 ACNH67_004614
ACNH67_001051-T1     -            693 15911                -            104       9.5    4.9  15.9   1   2    0.0019       2.2    7.0   7.2    69    97   412   440   404   445 0.61 ACNH67_001051
ACNH67_001051-T1     -            693 15911                -            104       9.5    4.9  15.9   2   2     0.065        74    2.1   0.4    69    95   599   625   591   630 0.45 ACNH67_001051
#
# Program:         hmmsearch
# Version:         3.1b2 (February 2015)
# Pipeline mode:   SEARCH
# Query file:      /home/edouard/GregarineStuff/Lgryllorum_Genome_analysis/Funannotate/Run_v3/species_train/annotate_results/busco_downloads/lineages/apicomplexa_odb12/hmms/15911at5794.hmm
# Target file:     /home/edouard/GregarineStuff/Lgryllorum_Genome_analysis/Funannotate/Run_v3/species_train/annotate_results/Leidyana_gryllorum.proteins.fa
# Option settings: hmmsearch --domtblout /home/edouard/GregarineStuff/Lgryllorum_Genome_analysis/Funannotate/Run_v3/species_train/annotate_results/busco/run_apicomplexa_odb12/hmmer_output/initial_run_results/15911at5794.out --cpu 1 /home/edouard/GregarineStuff/Lgryllorum_Genome_analysis/Funannotate/Run_v3/species_train/annotate_results/busco_downloads/lineages/apicomplexa_odb12/hmms/15911at5794.hmm /home/edouard/GregarineStuff/Lgryllorum_Genome_analysis/Funannotate/Run_v3/species_train/annotate_results/Leidyana_gryllorum.proteins.fa 
# Current dir:     /home/edouard/GregarineStuff/Lgryllorum_Genome_analysis/Funannotate/Run_v3/species_train/annotate_results
# Date:            Tue Apr  1 17:36:35 2025
# [ok]
