#                                                                            --- full sequence --- -------------- this domain -------------   hmm coord   ali coord   env coord
# target name        accession   tlen query name           accession   qlen   E-value  score  bias   #  of  c-Evalue  i-Evalue  score  bias  from    to  from    to  from    to  acc description of target
#------------------- ---------- ----- -------------------- ---------- ----- --------- ------ ----- --- --- --------- --------- ------ ----- ----- ----- ----- ----- ----- ----- ---- ---------------------
ACNH67_000045-T1     -            253 16211                -            124   2.9e-50  167.3   0.1   1   1   3.9e-52   6.3e-50  166.2   0.1    21   122    98   199    65   201 0.92 ACNH67_000045
ACNH67_004592-T1     -            718 16211                -            124   1.5e-24   84.3   7.7   1   5   5.7e-06   0.00093   17.1   0.0    50   107    26    86     8    90 0.86 ACNH67_004592
ACNH67_004592-T1     -            718 16211                -            124   1.5e-24   84.3   7.7   2   5   0.00021     0.034   12.1   0.1    16   108   185   279   162   295 0.77 ACNH67_004592
ACNH67_004592-T1     -            718 16211                -            124   1.5e-24   84.3   7.7   3   5    0.0024      0.38    8.7   0.0    45    93   419   461   415   470 0.84 ACNH67_004592
ACNH67_004592-T1     -            718 16211                -            124   1.5e-24   84.3   7.7   4   5   1.1e-06   0.00018   19.4   0.4    16    92   498   586   487   606 0.72 ACNH67_004592
ACNH67_004592-T1     -            718 16211                -            124   1.5e-24   84.3   7.7   5   5   8.9e-09   1.4e-06   26.2   0.0    16   106   619   709   603   716 0.74 ACNH67_004592
ACNH67_002500-T1     -            211 16211                -            124   1.4e-22   77.9   0.0   1   2   4.7e-13   7.7e-11   40.0   0.0    36    95    23    82    15   104 0.89 ACNH67_002500
ACNH67_002500-T1     -            211 16211                -            124   1.4e-22   77.9   0.0   2   2   8.6e-12   1.4e-09   35.9   0.0    36   110   110   185    94   198 0.86 ACNH67_002500
ACNH67_004646-T1     -            221 16211                -            124   1.7e-22   77.6   0.0   1   2   5.8e-15   9.4e-13   46.2   0.0    32   121    20   111     2   114 0.79 ACNH67_004646
ACNH67_004646-T1     -            221 16211                -            124   1.7e-22   77.6   0.0   2   2   7.4e-10   1.2e-07   29.7   0.0    23   107   124   208   118   220 0.88 ACNH67_004646
ACNH67_004487-T1     -            380 16211                -            124   2.3e-22   77.2   0.0   1   2   1.1e-12   1.8e-10   38.8   0.0    20    94    47   121    26   127 0.82 ACNH67_004487
ACNH67_004487-T1     -            380 16211                -            124   2.3e-22   77.2   0.0   2   2   7.6e-12   1.2e-09   36.1   0.0    37   112   234   310   214   315 0.89 ACNH67_004487
ACNH67_004179-T1     -            426 16211                -            124   5.6e-19   66.3   0.0   1   2   6.9e-09   1.1e-06   26.6   0.0    33    94   111   171    94   188 0.85 ACNH67_004179
ACNH67_004179-T1     -            426 16211                -            124   5.6e-19   66.3   0.0   2   2   2.8e-12   4.6e-10   37.5   0.0    28   109   239   319   229   332 0.89 ACNH67_004179
ACNH67_002393-T1     -            683 16211                -            124     7e-19   66.0   5.7   1   5   6.8e-09   1.1e-06   26.6   0.0    35    85    11    61     6    74 0.92 ACNH67_002393
ACNH67_002393-T1     -            683 16211                -            124     7e-19   66.0   5.7   2   5   6.4e-07    0.0001   20.2   0.0    37    94   145   201   131   226 0.90 ACNH67_002393
ACNH67_002393-T1     -            683 16211                -            124     7e-19   66.0   5.7   3   5      0.71   1.2e+02    0.7   0.0    37    94   235   289   230   296 0.78 ACNH67_002393
ACNH67_002393-T1     -            683 16211                -            124     7e-19   66.0   5.7   4   5   7.7e-06    0.0012   16.7   0.1    48    94   408   453   400   463 0.89 ACNH67_002393
ACNH67_002393-T1     -            683 16211                -            124     7e-19   66.0   5.7   5   5       4.4   7.2e+02   -1.9   0.0    34    60   462   489   454   494 0.73 ACNH67_002393
ACNH67_004698-T1     -            460 16211                -            124   1.5e-18   64.9   1.1   1   2   6.8e-12   1.1e-09   36.3   0.0    33    93   102   162    92   166 0.94 ACNH67_004698
ACNH67_004698-T1     -            460 16211                -            124   1.5e-18   64.9   1.1   2   2   5.8e-09   9.3e-07   26.8   0.1    36    93   204   261   200   278 0.92 ACNH67_004698
ACNH67_004797-T1     -            396 16211                -            124   2.8e-17   60.8   0.0   1   3   6.7e-11   1.1e-08   33.1   0.0    36   110    23    98    11   107 0.87 ACNH67_004797
ACNH67_004797-T1     -            396 16211                -            124   2.8e-17   60.8   0.0   2   3   1.2e-08   1.9e-06   25.8   0.0    18    94   102   184    93   211 0.72 ACNH67_004797
ACNH67_004797-T1     -            396 16211                -            124   2.8e-17   60.8   0.0   3   3       9.7   1.6e+03   -3.0   0.0    77    92   352   367   351   370 0.82 ACNH67_004797
ACNH67_002845-T1     -            567 16211                -            124   1.6e-14   51.9   0.0   1   2     6e-08   9.6e-06   23.5   0.0    27    94   181   248   172   253 0.88 ACNH67_002845
ACNH67_002845-T1     -            567 16211                -            124   1.6e-14   51.9   0.0   2   2   1.1e-08   1.8e-06   25.9   0.0    37    89   284   336   274   343 0.92 ACNH67_002845
ACNH67_003464-T1     -           1814 16211                -            124   1.2e-12   45.8   0.0   1   2   3.5e-06   0.00056   17.8   0.0    32   103  1393  1461  1367  1474 0.73 ACNH67_003464
ACNH67_003464-T1     -           1814 16211                -            124   1.2e-12   45.8   0.0   2   2   3.4e-08   5.5e-06   24.3   0.0    31   119  1669  1759  1642  1762 0.89 ACNH67_003464
ACNH67_004386-T1     -            133 16211                -            124   9.1e-12   43.0   0.0   1   1   6.4e-14     1e-11   42.8   0.0    32   106    31   106     3   117 0.85 ACNH67_004386
ACNH67_004134-T1     -            621 16211                -            124   1.4e-10   39.2   0.0   1   3     0.099        16    3.4   0.0    68   112   187   232   172   240 0.84 ACNH67_004134
ACNH67_004134-T1     -            621 16211                -            124   1.4e-10   39.2   0.0   2   3   0.00023     0.037   12.0   0.0    35   111   260   336   234   342 0.79 ACNH67_004134
ACNH67_004134-T1     -            621 16211                -            124   1.4e-10   39.2   0.0   3   3   7.8e-07   0.00013   19.9   0.0    52   120   392   460   384   463 0.91 ACNH67_004134
ACNH67_003758-T1     -            409 16211                -            124   2.2e-10   38.5   0.0   1   3     0.027       4.3    5.3   0.1    17    55    65   103    49   112 0.83 ACNH67_003758
ACNH67_003758-T1     -            409 16211                -            124   2.2e-10   38.5   0.0   2   3       8.5   1.4e+03   -2.8   0.0    73   103   140   170   133   174 0.78 ACNH67_003758
ACNH67_003758-T1     -            409 16211                -            124   2.2e-10   38.5   0.0   3   3   6.1e-10   9.8e-08   30.0   0.0    36    94   190   248   187   270 0.88 ACNH67_003758
ACNH67_001540-T1     -            330 16211                -            124   3.4e-10   37.9   0.1   1   1   3.2e-12   5.1e-10   37.3   0.1    31   109    96   174    66   182 0.77 ACNH67_001540
ACNH67_004212-T1     -            275 16211                -            124   7.7e-10   36.8   0.0   1   1   6.9e-12   1.1e-09   36.2   0.0    22   122    65   168    56   170 0.86 ACNH67_004212
ACNH67_002655-T1     -            421 16211                -            124   1.7e-09   35.6   0.0   1   2   1.4e-06   0.00022   19.1   0.0    37    94    36    94     5    98 0.80 ACNH67_002655
ACNH67_002655-T1     -            421 16211                -            124   1.7e-09   35.6   0.0   2   2   8.6e-05     0.014   13.3   0.0    48   119   263   329   258   334 0.85 ACNH67_002655
ACNH67_002995-T1     -            211 16211                -            124   9.8e-09   33.2   0.3   1   2   1.4e-10   2.3e-08   32.0   0.0    36   118    64   147    55   153 0.88 ACNH67_002995
ACNH67_002995-T1     -            211 16211                -            124   9.8e-09   33.2   0.3   2   2       4.9   7.9e+02   -2.0   0.1   103   120   169   186   162   190 0.73 ACNH67_002995
ACNH67_001641-T1     -            276 16211                -            124   1.1e-08   33.0   0.1   1   1   1.7e-10   2.7e-08   31.8   0.1    25   112   180   269   161   273 0.86 ACNH67_001641
ACNH67_004319-T1     -            163 16211                -            124   2.9e-08   31.7   0.0   1   1   2.6e-10   4.2e-08   31.2   0.0    44   111    79   147    71   160 0.83 ACNH67_004319
ACNH67_000830-T1     -            367 16211                -            124   2.3e-07   28.8   0.1   1   2   6.7e-07   0.00011   20.1   0.0    14   117    78   183    66   189 0.77 ACNH67_000830
ACNH67_000830-T1     -            367 16211                -            124   2.3e-07   28.8   0.1   2   2     0.012       1.9    6.4   0.0    75   108   329   363   305   367 0.86 ACNH67_000830
ACNH67_003649-T1     -            129 16211                -            124   2.9e-07   28.4   0.0   1   2   1.3e-08   2.1e-06   25.7   0.0    38   108     5    73     2    83 0.93 ACNH67_003649
ACNH67_003649-T1     -            129 16211                -            124   2.9e-07   28.4   0.0   2   2      0.81   1.3e+02    0.5   0.0    48    60   112   124   107   126 0.85 ACNH67_003649
ACNH67_002495-T1     -            856 16211                -            124   7.5e-07   27.1   0.0   1   1   9.2e-09   1.5e-06   26.2   0.0    42   107   687   753   679   760 0.91 ACNH67_002495
ACNH67_002310-T1     -            271 16211                -            124   9.1e-07   26.8   0.0   1   2   2.5e-08   4.1e-06   24.7   0.0    37    93    54   110    42   124 0.93 ACNH67_002310
ACNH67_002310-T1     -            271 16211                -            124   9.1e-07   26.8   0.0   2   2         2   3.2e+02   -0.8   0.0    30    41   248   259   241   265 0.83 ACNH67_002310
ACNH67_005602-T1     -            390 16211                -            124   4.1e-06   24.7   0.1   1   1   2.5e-08   4.1e-06   24.7   0.1    16   111   176   266   146   270 0.83 ACNH67_005602
ACNH67_001390-T1     -            542 16211                -            124   1.3e-05   23.1   0.1   1   1     4e-07   6.4e-05   20.9   0.0    36    96    43   103    38   121 0.92 ACNH67_001390
ACNH67_000421-T1     -            851 16211                -            124   0.00012   19.9   0.0   1   1   2.6e-06   0.00043   18.2   0.0    30   106    38   115    14   122 0.73 ACNH67_000421
ACNH67_001826-T1     -            103 16211                -            124   0.00017   19.5   0.0   1   1   1.3e-06   0.00021   19.2   0.0    45    87    20    62     1    71 0.79 ACNH67_001826
ACNH67_005452-T1     -            524 16211                -            124   0.00054   17.9   0.0   1   1   5.8e-06   0.00094   17.1   0.0    37   113   115   192   113   204 0.86 ACNH67_005452
ACNH67_004355-T1     -            423 16211                -            124    0.0033   15.4   0.0   1   1   5.6e-05     0.009   13.9   0.0    39    94   172   234   159   256 0.86 ACNH67_004355
ACNH67_005285-T1     -           1266 16211                -            124    0.0045   14.9   0.0   1   2   0.00067      0.11   10.5   0.0     8    68    59   119    53   150 0.80 ACNH67_005285
ACNH67_005285-T1     -           1266 16211                -            124    0.0045   14.9   0.0   2   2      0.49        80    1.2   0.0    47    70   859   882   854   894 0.85 ACNH67_005285
ACNH67_002311-T1     -            298 16211                -            124     0.016   13.2   0.1   1   2   0.00031      0.05   11.5   0.0    66   107     2    43     1    50 0.88 ACNH67_002311
ACNH67_002311-T1     -            298 16211                -            124     0.016   13.2   0.1   2   2       3.2   5.1e+02   -1.4   0.1    14    36    51    73    39    74 0.69 ACNH67_002311
ACNH67_001422-T1     -            642 16211                -            124     0.025   12.5   0.0   1   1   0.00027     0.044   11.7   0.0    15   108   165   261   151   274 0.77 ACNH67_001422
ACNH67_004681-T2     -           1826 16211                -            124     0.027   12.4   0.0   1   1   0.00088      0.14   10.1   0.0    45   107    41   102     7   114 0.82 ACNH67_004681
ACNH67_001306-T1     -            377 16211                -            124     0.046   11.7   0.0   1   4       3.6   5.8e+02   -1.6   0.0    37    56     9    32     2    34 0.72 ACNH67_001306
ACNH67_001306-T1     -            377 16211                -            124     0.046   11.7   0.0   2   4       0.1        17    3.4   0.0    75   108    71   104    62   108 0.89 ACNH67_001306
ACNH67_001306-T1     -            377 16211                -            124     0.046   11.7   0.0   3   4      0.59        95    0.9   0.0    53    70   175   192   147   206 0.85 ACNH67_001306
ACNH67_001306-T1     -            377 16211                -            124     0.046   11.7   0.0   4   4      0.28        46    2.0   0.0    77   105   328   357   320   360 0.81 ACNH67_001306
#
# Program:         hmmsearch
# Version:         3.1b2 (February 2015)
# Pipeline mode:   SEARCH
# Query file:      /home/edouard/GregarineStuff/Lgryllorum_Genome_analysis/Funannotate/Run_v3/species_train/annotate_results/busco_downloads/lineages/apicomplexa_odb12/hmms/16211at5794.hmm
# Target file:     /home/edouard/GregarineStuff/Lgryllorum_Genome_analysis/Funannotate/Run_v3/species_train/annotate_results/Leidyana_gryllorum.proteins.fa
# Option settings: hmmsearch --domtblout /home/edouard/GregarineStuff/Lgryllorum_Genome_analysis/Funannotate/Run_v3/species_train/annotate_results/busco/run_apicomplexa_odb12/hmmer_output/initial_run_results/16211at5794.out --cpu 1 /home/edouard/GregarineStuff/Lgryllorum_Genome_analysis/Funannotate/Run_v3/species_train/annotate_results/busco_downloads/lineages/apicomplexa_odb12/hmms/16211at5794.hmm /home/edouard/GregarineStuff/Lgryllorum_Genome_analysis/Funannotate/Run_v3/species_train/annotate_results/Leidyana_gryllorum.proteins.fa 
# Current dir:     /home/edouard/GregarineStuff/Lgryllorum_Genome_analysis/Funannotate/Run_v3/species_train/annotate_results
# Date:            Tue Apr  1 17:36:36 2025
# [ok]
