#                                                                            --- full sequence --- -------------- this domain -------------   hmm coord   ali coord   env coord
# target name        accession   tlen query name           accession   qlen   E-value  score  bias   #  of  c-Evalue  i-Evalue  score  bias  from    to  from    to  from    to  acc description of target
#------------------- ---------- ----- -------------------- ---------- ----- --------- ------ ----- --- --- --------- --------- ------ ----- ----- ----- ----- ----- ----- ----- ---- ---------------------
ACNH67_005193-T1     -            100 18026                -            158   8.1e-42  141.3   4.8   1   1   4.7e-44   8.9e-42  141.1   4.8    59   158     1   100     1   100 0.99 ACNH67_005193
ACNH67_000269-T1     -            227 18026                -            158     1e-38  131.1   3.5   1   2     3e-25   5.6e-23   80.0   0.9     7   105    32   130    28   144 0.96 ACNH67_000269
ACNH67_000269-T1     -            227 18026                -            158     1e-38  131.1   3.5   2   2   1.6e-16     3e-14   51.7   0.1   106   155   174   223   172   225 0.96 ACNH67_000269
ACNH67_003624-T1     -            145 18026                -            158   2.2e-33  113.8   6.0   1   1   1.3e-35   2.5e-33  113.7   6.0    10   155     3   144     1   145 0.96 ACNH67_003624
ACNH67_004113-T1     -            168 18026                -            158   4.6e-31  106.3   0.3   1   1     3e-33   5.6e-31  106.0   0.3    12   157    13   163     5   164 0.92 ACNH67_004113
ACNH67_004279-T1     -            168 18026                -            158   1.3e-26   91.9   0.5   1   1   8.4e-29   1.6e-26   91.6   0.5    11   155    13   159     4   162 0.88 ACNH67_004279
ACNH67_003589-T1     -            106 18026                -            158   1.6e-22   78.5   0.5   1   1   1.1e-24     2e-22   78.2   0.5    11   108     4   101     2   105 0.97 ACNH67_003589
ACNH67_005194-T1     -            584 18026                -            158   3.1e-19   67.9   0.0   1   1   3.8e-21   7.2e-19   66.7   0.0    12   154     2   148     1   151 0.93 ACNH67_005194
ACNH67_004184-T1     -            112 18026                -            158   4.3e-17   60.9   0.0   1   1   2.6e-19   4.9e-17   60.7   0.0    19   117    14   111     6   112 0.96 ACNH67_004184
ACNH67_002686-T1     -            701 18026                -            158   9.9e-17   59.7   3.6   1   2    0.0051      0.96    7.8   0.0    64   105    86   126    76   132 0.71 ACNH67_002686
ACNH67_002686-T1     -            701 18026                -            158   9.9e-17   59.7   3.6   2   2   1.5e-16   2.8e-14   51.8   1.4    11   156   550   695   541   697 0.91 ACNH67_002686
ACNH67_003626-T1     -            138 18026                -            158   2.8e-16   58.3   0.0   1   1   1.9e-18   3.6e-16   57.9   0.0    20   149     6   132     3   137 0.95 ACNH67_003626
ACNH67_001032-T1     -            605 18026                -            158   3.4e-16   58.0   0.1   1   1   3.1e-18   5.9e-16   57.2   0.1    11   154   435   573   426   576 0.90 ACNH67_001032
ACNH67_004988-T1     -            177 18026                -            158   1.6e-15   55.8   3.1   1   1   1.1e-17   2.1e-15   55.4   3.1     4   155    14   166    11   169 0.90 ACNH67_004988
ACNH67_003062-T1     -            577 18026                -            158   1.9e-15   55.6   0.5   1   1   1.9e-17   3.5e-15   54.7   0.5    11   155   374   525   366   527 0.85 ACNH67_003062
ACNH67_003675-T1     -            596 18026                -            158   4.8e-14   51.0   2.5   1   2   0.00039     0.073   11.4   0.1    96   152    54   115    32   120 0.83 ACNH67_003675
ACNH67_003675-T1     -            596 18026                -            158   4.8e-14   51.0   2.5   2   2   1.5e-12   2.9e-10   38.7   0.2    15   151   456   590   445   594 0.86 ACNH67_003675
ACNH67_004075-T1     -            655 18026                -            158   6.2e-14   50.6   4.6   1   1   5.5e-16     1e-13   49.9   4.6    11   153   481   623   471   629 0.90 ACNH67_004075
ACNH67_000126-T1     -            665 18026                -            158   6.8e-14   50.5   2.5   1   3   9.6e-06    0.0018   16.6   0.1    93   151   102   165    82   171 0.82 ACNH67_000126
ACNH67_000126-T1     -            665 18026                -            158   6.8e-14   50.5   2.5   2   3   6.3e-05     0.012   14.0   0.0    80   150   501   570   477   575 0.56 ACNH67_000126
ACNH67_000126-T1     -            665 18026                -            158   6.8e-14   50.5   2.5   3   3   2.8e-09   5.2e-07   28.1   0.3    12   153   507   660   497   663 0.76 ACNH67_000126
ACNH67_004632-T1     -            140 18026                -            158   7.5e-12   43.9   0.0   1   1   5.1e-14   9.5e-12   43.5   0.0    19   132     7   119     4   128 0.93 ACNH67_004632
ACNH67_001409-T1     -            502 18026                -            158   1.5e-11   42.9   4.2   1   3     0.002      0.37    9.1   0.0    13    49   349   385   340   390 0.88 ACNH67_001409
ACNH67_001409-T1     -            502 18026                -            158   1.5e-11   42.9   4.2   2   3    0.0013      0.25    9.7   0.2   114   149   386   421   383   425 0.86 ACNH67_001409
ACNH67_001409-T1     -            502 18026                -            158   1.5e-11   42.9   4.2   3   3   2.6e-08     5e-06   25.0   0.2    20    78   437   493   424   499 0.88 ACNH67_001409
ACNH67_003431-T1     -            151 18026                -            158   3.1e-11   41.9   0.1   1   1   2.5e-13   4.8e-11   41.3   0.1    18   131    18   129     4   148 0.88 ACNH67_003431
ACNH67_004409-T1     -           2132 18026                -            158     2e-10   39.2   1.8   1   2    0.0035      0.67    8.3   0.2    13    76  1934  1997  1924  2038 0.81 ACNH67_004409
ACNH67_004409-T1     -           2132 18026                -            158     2e-10   39.2   1.8   2   2     1e-09   1.9e-07   29.6   0.1    20    81  2064  2121  2046  2128 0.84 ACNH67_004409
ACNH67_003394-T1     -            537 18026                -            158   1.2e-09   36.7   0.1   1   1   1.2e-11   2.4e-09   35.8   0.1    11   153   390   528   383   532 0.93 ACNH67_003394
ACNH67_005582-T1     -            631 18026                -            158   1.2e-08   33.5   2.0   1   4     0.013       2.4    6.5   0.1    91   151    62   127    46   132 0.76 ACNH67_005582
ACNH67_005582-T1     -            631 18026                -            158   1.2e-08   33.5   2.0   2   4       2.9   5.5e+02   -1.2   0.0    91   106   225   240   201   255 0.80 ACNH67_005582
ACNH67_005582-T1     -            631 18026                -            158   1.2e-08   33.5   2.0   3   4   2.9e-05    0.0055   15.1   0.0     8    80   467   537   462   572 0.89 ACNH67_005582
ACNH67_005582-T1     -            631 18026                -            158   1.2e-08   33.5   2.0   4   4    0.0054         1    7.7   0.1   126   152   600   627   591   631 0.82 ACNH67_005582
ACNH67_002687-T1     -            638 18026                -            158   3.5e-08   32.0   0.3   1   2    0.0024      0.45    8.9   0.1    64   119    85   140    75   146 0.72 ACNH67_002687
ACNH67_002687-T1     -            638 18026                -            158   3.5e-08   32.0   0.3   2   2   4.5e-07   8.4e-05   21.0   0.0    80   153   526   597   517   616 0.60 ACNH67_002687
ACNH67_004661-T1     -            883 18026                -            158   5.5e-06   24.8   0.1   1   4   0.00035     0.067   11.5   0.0    15    47   529   561   519   567 0.86 ACNH67_004661
ACNH67_004661-T1     -            883 18026                -            158   5.5e-06   24.8   0.1   2   4       4.5   8.5e+02   -1.8   0.0    19    44   588   613   581   624 0.75 ACNH67_004661
ACNH67_004661-T1     -            883 18026                -            158   5.5e-06   24.8   0.1   3   4    0.0022      0.42    9.0   0.0    21    44   626   649   617   654 0.92 ACNH67_004661
ACNH67_004661-T1     -            883 18026                -            158   5.5e-06   24.8   0.1   4   4       5.1   9.5e+02   -2.0   0.0   128   148   736   756   728   759 0.78 ACNH67_004661
ACNH67_000538-T1     -            208 18026                -            158   1.1e-05   23.9   0.2   1   1   9.4e-08   1.8e-05   23.2   0.2    75   134   127   185   106   199 0.77 ACNH67_000538
ACNH67_002187-T1     -            141 18026                -            158   1.8e-05   23.1   0.0   1   2       8.1   1.5e+03   -2.6   0.0   112   135    24    47    18    61 0.66 ACNH67_002187
ACNH67_002187-T1     -            141 18026                -            158   1.8e-05   23.1   0.0   2   2   1.8e-07   3.4e-05   22.3   0.0    92   156    77   140    59   141 0.88 ACNH67_002187
ACNH67_004650-T1     -            365 18026                -            158   0.00017   20.0   0.1   1   1   1.5e-06   0.00028   19.3   0.1    71   151   199   277   189   283 0.88 ACNH67_004650
ACNH67_003410-T1     -           1316 18026                -            158    0.0033   15.8   0.0   1   1   4.8e-05    0.0091   14.4   0.0    88   155   616   683   609   685 0.93 ACNH67_003410
ACNH67_005579-T1     -            415 18026                -            158     0.042   12.2   0.3   1   2    0.0019      0.36    9.2   0.0    90   151    61   122    44   129 0.83 ACNH67_005579
ACNH67_005579-T1     -            415 18026                -            158     0.042   12.2   0.3   2   2       1.8   3.5e+02   -0.5   0.0    90   106   220   236   205   251 0.77 ACNH67_005579
ACNH67_002444-T1     -            340 18026                -            158      0.06   11.7   0.0   1   1   0.00047     0.089   11.1   0.0    12    72   156   215   147   231 0.86 ACNH67_002444
#
# Program:         hmmsearch
# Version:         3.1b2 (February 2015)
# Pipeline mode:   SEARCH
# Query file:      /home/edouard/GregarineStuff/Lgryllorum_Genome_analysis/Funannotate/Run_v3/species_train/annotate_results/busco_downloads/lineages/apicomplexa_odb12/hmms/18026at5794.hmm
# Target file:     /home/edouard/GregarineStuff/Lgryllorum_Genome_analysis/Funannotate/Run_v3/species_train/annotate_results/Leidyana_gryllorum.proteins.fa
# Option settings: hmmsearch --domtblout /home/edouard/GregarineStuff/Lgryllorum_Genome_analysis/Funannotate/Run_v3/species_train/annotate_results/busco/run_apicomplexa_odb12/hmmer_output/initial_run_results/18026at5794.out --cpu 1 /home/edouard/GregarineStuff/Lgryllorum_Genome_analysis/Funannotate/Run_v3/species_train/annotate_results/busco_downloads/lineages/apicomplexa_odb12/hmms/18026at5794.hmm /home/edouard/GregarineStuff/Lgryllorum_Genome_analysis/Funannotate/Run_v3/species_train/annotate_results/Leidyana_gryllorum.proteins.fa 
# Current dir:     /home/edouard/GregarineStuff/Lgryllorum_Genome_analysis/Funannotate/Run_v3/species_train/annotate_results
# Date:            Tue Apr  1 17:36:38 2025
# [ok]
