#                                                                            --- full sequence --- -------------- this domain -------------   hmm coord   ali coord   env coord
# target name        accession   tlen query name           accession   qlen   E-value  score  bias   #  of  c-Evalue  i-Evalue  score  bias  from    to  from    to  from    to  acc description of target
#------------------- ---------- ----- -------------------- ---------- ----- --------- ------ ----- --- --- --------- --------- ------ ----- ----- ----- ----- ----- ----- ----- ---- ---------------------
ACNH67_004206-T1     -            955 18178                -            177   1.7e-80  267.2   0.1   1   5   1.3e-16   5.7e-14   50.5   0.0    36   116    40   124    28   132 0.87 ACNH67_004206
ACNH67_004206-T1     -            955 18178                -            177   1.7e-80  267.2   0.1   2   5   4.6e-19     2e-16   58.5   0.0    35   116   380   465   377   470 0.90 ACNH67_004206
ACNH67_004206-T1     -            955 18178                -            177   1.7e-80  267.2   0.1   3   5   4.7e-23     2e-20   71.5   0.0     6   116   508   615   503   662 0.89 ACNH67_004206
ACNH67_004206-T1     -            955 18178                -            177   1.7e-80  267.2   0.1   4   5   4.9e-05     0.021   12.8   0.0    33   117   728   812   724   845 0.81 ACNH67_004206
ACNH67_004206-T1     -            955 18178                -            177   1.7e-80  267.2   0.1   5   5   1.7e-21   7.5e-19   66.4   0.0    35   117   853   939   850   944 0.90 ACNH67_004206
ACNH67_003896-T1     -            214 18178                -            177   2.5e-53  178.7   0.0   1   1   7.5e-56   3.3e-53  178.3   0.0     7   168    16   178    11   185 0.93 ACNH67_003896
ACNH67_003897-T1     -            157 18178                -            177   5.1e-39  132.1   0.0   1   1   1.5e-41   6.4e-39  131.8   0.0     9   131    16   142    12   154 0.90 ACNH67_003897
ACNH67_000825-T1     -            412 18178                -            177   1.4e-29  101.4   0.0   1   2   9.9e-32   4.3e-29   99.7   0.0     5   116   145   258   141   278 0.89 ACNH67_000825
ACNH67_000825-T1     -            412 18178                -            177   1.4e-29  101.4   0.0   2   2       2.8   1.2e+03   -2.7   0.0    86   130   341   388   337   393 0.72 ACNH67_000825
ACNH67_004740-T1     -            594 18178                -            177   9.9e-15   53.0   0.2   1   2    0.0006      0.26    9.3   0.1    37   132    43   152    39   175 0.68 ACNH67_004740
ACNH67_004740-T1     -            594 18178                -            177   9.9e-15   53.0   0.2   2   2   1.8e-13     8e-11   40.2   0.0    30    93   471   536   456   547 0.86 ACNH67_004740
ACNH67_003686-T1     -            531 18178                -            177   6.8e-12   43.7   0.0   1   1   3.1e-14   1.3e-11   42.8   0.0    37   145    79   193    76   210 0.83 ACNH67_003686
ACNH67_001149-T1     -            355 18178                -            177     3e-11   41.6   0.0   1   1   1.1e-13   4.9e-11   40.9   0.0    29    95   239   307   220   313 0.90 ACNH67_001149
ACNH67_004209-T1     -            131 18178                -            177   1.7e-10   39.2   0.0   1   1   4.7e-13     2e-10   38.9   0.0    32   116    21   112     6   122 0.82 ACNH67_004209
ACNH67_001088-T1     -            110 18178                -            177   1.5e-08   32.9   0.0   1   1   4.4e-11   1.9e-08   32.5   0.0    37    97    24    85    18    89 0.92 ACNH67_001088
ACNH67_000618-T1     -            547 18178                -            177   1.6e-08   32.7   0.0   1   2   0.00044      0.19    9.7   0.0    41    94    74   132    69   136 0.83 ACNH67_000618
ACNH67_000618-T1     -            547 18178                -            177   1.6e-08   32.7   0.0   2   2   2.1e-07   9.1e-05   20.5   0.0    37   118   453   545   450   547 0.78 ACNH67_000618
ACNH67_001156-T1     -            438 18178                -            177     0.001   17.1   0.1   1   2    0.0081       3.5    5.6   0.0    37    76    49    88    18    94 0.87 ACNH67_001156
ACNH67_001156-T1     -            438 18178                -            177     0.001   17.1   0.1   2   2   0.00062      0.27    9.2   0.0    50    98   172   220   165   240 0.91 ACNH67_001156
ACNH67_005604-T1     -            744 18178                -            177      0.04   11.9   0.1   1   1   0.00018     0.078   11.0   0.1    35    62    59    86    54    92 0.89 ACNH67_005604
ACNH67_002354-T1     -            199 18178                -            177     0.046   11.7   0.0   1   1   0.00016     0.069   11.1   0.0    37    93   103   155    95   164 0.84 ACNH67_002354
#
# Program:         hmmsearch
# Version:         3.1b2 (February 2015)
# Pipeline mode:   SEARCH
# Query file:      /home/edouard/GregarineStuff/Lgryllorum_Genome_analysis/Funannotate/Run_v3/species_train/annotate_results/busco_downloads/lineages/apicomplexa_odb12/hmms/18178at5794.hmm
# Target file:     /home/edouard/GregarineStuff/Lgryllorum_Genome_analysis/Funannotate/Run_v3/species_train/annotate_results/Leidyana_gryllorum.proteins.fa
# Option settings: hmmsearch --domtblout /home/edouard/GregarineStuff/Lgryllorum_Genome_analysis/Funannotate/Run_v3/species_train/annotate_results/busco/run_apicomplexa_odb12/hmmer_output/initial_run_results/18178at5794.out --cpu 1 /home/edouard/GregarineStuff/Lgryllorum_Genome_analysis/Funannotate/Run_v3/species_train/annotate_results/busco_downloads/lineages/apicomplexa_odb12/hmms/18178at5794.hmm /home/edouard/GregarineStuff/Lgryllorum_Genome_analysis/Funannotate/Run_v3/species_train/annotate_results/Leidyana_gryllorum.proteins.fa 
# Current dir:     /home/edouard/GregarineStuff/Lgryllorum_Genome_analysis/Funannotate/Run_v3/species_train/annotate_results
# Date:            Tue Apr  1 17:36:38 2025
# [ok]
