#                                                                            --- full sequence --- -------------- this domain -------------   hmm coord   ali coord   env coord
# target name        accession   tlen query name           accession   qlen   E-value  score  bias   #  of  c-Evalue  i-Evalue  score  bias  from    to  from    to  from    to  acc description of target
#------------------- ---------- ----- -------------------- ---------- ----- --------- ------ ----- --- --- --------- --------- ------ ----- ----- ----- ----- ----- ----- ----- ---- ---------------------
ACNH67_004964-T1     -            442 18694                -            404  1.2e-209  694.3   1.3   1   1  2.2e-211  1.4e-209  694.1   1.3     2   398    20   429    19   434 0.93 ACNH67_004964
ACNH67_003858-T1     -            525 18694                -            404   5.1e-73  244.3   6.6   1   1   1.2e-71   7.8e-70  233.8   6.6     7   389     5   343     1   353 0.94 ACNH67_003858
ACNH67_003730-T1     -            286 18694                -            404   1.8e-55  186.5   0.0   1   2   1.2e-32   7.7e-31  105.4   0.1    13   166     2   150     1   156 0.92 ACNH67_003730
ACNH67_003730-T1     -            286 18694                -            404   1.8e-55  186.5   0.0   2   2   1.8e-22   1.1e-20   71.9   0.0   192   350   155   285   151   286 0.90 ACNH67_003730
ACNH67_000097-T1     -            410 18694                -            404   1.2e-46  157.5   0.0   1   4   9.9e-23   6.4e-21   72.7   0.0    10   150    47   191    39   197 0.86 ACNH67_000097
ACNH67_000097-T1     -            410 18694                -            404   1.2e-46  157.5   0.0   2   4      0.13       8.3    3.2   0.0   151   165   247   261   239   267 0.80 ACNH67_000097
ACNH67_000097-T1     -            410 18694                -            404   1.2e-46  157.5   0.0   3   4     3e-16   1.9e-14   51.4   0.1   192   232   267   307   262   310 0.95 ACNH67_000097
ACNH67_000097-T1     -            410 18694                -            404   1.2e-46  157.5   0.0   4   4   3.2e-08     2e-06   25.0   0.0   271   356   320   407   313   410 0.81 ACNH67_000097
ACNH67_005260-T1     -            397 18694                -            404   3.4e-46  156.0   0.1   1   3   7.9e-25   5.1e-23   79.7   0.1    10   172   105   270    98   273 0.86 ACNH67_005260
ACNH67_005260-T1     -            397 18694                -            404   3.4e-46  156.0   0.1   2   3     2e-15   1.3e-13   48.7   0.1   194   232   270   308   262   311 0.90 ACNH67_005260
ACNH67_005260-T1     -            397 18694                -            404   3.4e-46  156.0   0.1   3   3   2.6e-08   1.7e-06   25.2   0.0   269   338   319   393   314   396 0.83 ACNH67_005260
ACNH67_004277-T1     -            378 18694                -            404   1.1e-45  154.3   0.0   1   3   1.2e-28     8e-27   92.2   0.5    10   166    62   217    55   221 0.87 ACNH67_004277
ACNH67_004277-T1     -            378 18694                -            404   1.1e-45  154.3   0.0   2   3   3.6e-12   2.3e-10   38.0   0.0   190   233   218   261   215   264 0.93 ACNH67_004277
ACNH67_004277-T1     -            378 18694                -            404   1.1e-45  154.3   0.0   3   3   4.9e-07   3.1e-05   21.1   0.0   268   351   270   357   265   367 0.71 ACNH67_004277
ACNH67_004114-T1     -            514 18694                -            404   3.2e-45  152.8   0.2   1   3   3.8e-25   2.4e-23   80.7   0.1    70   169     6   105     1   112 0.90 ACNH67_004114
ACNH67_004114-T1     -            514 18694                -            404   3.2e-45  152.8   0.2   2   3     2e-13   1.3e-11   42.1   0.0   191   232   192   233   173   237 0.90 ACNH67_004114
ACNH67_004114-T1     -            514 18694                -            404   3.2e-45  152.8   0.2   3   3   1.1e-08   7.2e-07   26.5   0.0   267   356   242   341   238   392 0.59 ACNH67_004114
ACNH67_002957-T1     -            477 18694                -            404   8.8e-44  148.0   0.9   1   3   2.4e-25   1.5e-23   81.4   0.7    13   173     7   177     3   182 0.86 ACNH67_002957
ACNH67_002957-T1     -            477 18694                -            404   8.8e-44  148.0   0.9   2   3   1.2e-11   7.7e-10   36.3   0.1   193   232   177   216   172   220 0.92 ACNH67_002957
ACNH67_002957-T1     -            477 18694                -            404   8.8e-44  148.0   0.9   3   3   4.6e-09   2.9e-07   27.8   0.0   303   353   271   321   224   355 0.80 ACNH67_002957
ACNH67_005244-T1     -            386 18694                -            404   4.4e-42  142.4   0.1   1   3   1.1e-20   6.8e-19   66.1   0.0    10   165    19   184    11   193 0.82 ACNH67_005244
ACNH67_005244-T1     -            386 18694                -            404   4.4e-42  142.4   0.1   2   3   8.8e-13   5.7e-11   40.0   0.0   196   233   193   230   188   232 0.92 ACNH67_005244
ACNH67_005244-T1     -            386 18694                -            404   4.4e-42  142.4   0.1   3   3   1.6e-10     1e-08   32.5   0.0   269   357   240   329   235   354 0.85 ACNH67_005244
ACNH67_000828-T1     -            471 18694                -            404   1.8e-40  137.1   0.0   1   2   2.2e-08   1.4e-06   25.5   0.0    14   108    17   113     6   123 0.79 ACNH67_000828
ACNH67_000828-T1     -            471 18694                -            404   1.8e-40  137.1   0.0   2   2   1.7e-31   1.1e-29  101.6   0.0   118   358   143   349   133   353 0.90 ACNH67_000828
ACNH67_004295-T1     -            623 18694                -            404   1.3e-38  131.1   0.0   1   3   6.6e-08   4.2e-06   23.9   0.0    13    82    55   125    44   140 0.84 ACNH67_004295
ACNH67_004295-T1     -            623 18694                -            404   1.3e-38  131.1   0.0   2   3   5.4e-29   3.5e-27   93.4   0.0   113   232   230   346   200   350 0.87 ACNH67_004295
ACNH67_004295-T1     -            623 18694                -            404   1.3e-38  131.1   0.0   3   3    0.0012      0.08    9.8   0.0   318   350   420   452   406   467 0.84 ACNH67_004295
ACNH67_005221-T1     -            316 18694                -            404   5.7e-37  125.6   2.3   1   2     7e-26   4.5e-24   83.1   0.4    10   169    35   195    30   204 0.80 ACNH67_005221
ACNH67_005221-T1     -            316 18694                -            404   5.7e-37  125.6   2.3   2   2   1.1e-13   7.3e-12   42.9   0.0   193   233   200   240   195   254 0.88 ACNH67_005221
ACNH67_002756-T1     -            373 18694                -            404   1.1e-32  111.5   1.0   1   2   5.7e-18   3.7e-16   57.1   0.1     6   164    41   193    36   202 0.82 ACNH67_002756
ACNH67_002756-T1     -            373 18694                -            404   1.1e-32  111.5   1.0   2   2   6.4e-16   4.1e-14   50.3   0.0   195   358   202   371   196   373 0.76 ACNH67_002756
ACNH67_001957-T1     -            771 18694                -            404   1.6e-32  111.0   0.0   1   4   1.5e-14   9.7e-13   45.8   0.0    10   149   410   565   402   575 0.79 ACNH67_001957
ACNH67_001957-T1     -            771 18694                -            404   1.6e-32  111.0   0.0   2   4      0.75        48    0.7   0.0   151   169   615   633   608   637 0.83 ACNH67_001957
ACNH67_001957-T1     -            771 18694                -            404   1.6e-32  111.0   0.0   3   4   1.4e-13   8.9e-12   42.6   0.0   185   232   628   675   615   680 0.89 ACNH67_001957
ACNH67_001957-T1     -            771 18694                -            404   1.6e-32  111.0   0.0   4   4   4.7e-06    0.0003   17.8   0.0   275   351   692   770   684   771 0.85 ACNH67_001957
ACNH67_004409-T1     -           2132 18694                -            404   1.1e-29  101.7   2.7   1   3   2.3e-21   1.5e-19   68.3   0.0     7   169  1623  1785  1619  1791 0.84 ACNH67_004409
ACNH67_004409-T1     -           2132 18694                -            404   1.1e-29  101.7   2.7   2   3    0.0013     0.085    9.8   0.1   193   232  1787  1824  1782  1827 0.86 ACNH67_004409
ACNH67_004409-T1     -           2132 18694                -            404   1.1e-29  101.7   2.7   3   3   1.6e-07     1e-05   22.7   0.1   314   361  1853  1900  1837  1927 0.80 ACNH67_004409
ACNH67_003675-T1     -            596 18694                -            404   2.4e-28   97.2   2.8   1   3     8e-20   5.2e-18   63.2   0.3    10   168   150   310   144   319 0.84 ACNH67_003675
ACNH67_003675-T1     -            596 18694                -            404   2.4e-28   97.2   2.8   2   3    0.0054      0.35    7.7   0.0   200   232   318   348   310   365 0.84 ACNH67_003675
ACNH67_003675-T1     -            596 18694                -            404   2.4e-28   97.2   2.8   3   3   2.5e-08   1.6e-06   25.3   0.0   315   352   377   414   359   424 0.85 ACNH67_003675
ACNH67_004832-T1     -            867 18694                -            404     1e-27   95.1   5.6   1   3   1.6e-15     1e-13   49.0   1.0    11   161   538   703   531   711 0.79 ACNH67_004832
ACNH67_004832-T1     -            867 18694                -            404     1e-27   95.1   5.6   2   3   1.4e-09   9.1e-08   29.4   0.1   193   232   711   749   705   767 0.86 ACNH67_004832
ACNH67_004832-T1     -            867 18694                -            404     1e-27   95.1   5.6   3   3   6.1e-06   0.00039   17.5   0.0   307   350   814   857   810   863 0.92 ACNH67_004832
ACNH67_001409-T1     -            502 18694                -            404   1.5e-27   94.6   0.6   1   3   3.2e-17     2e-15   54.6   0.0     9   163    33   193    27   201 0.80 ACNH67_001409
ACNH67_001409-T1     -            502 18694                -            404   1.5e-27   94.6   0.6   2   3   0.00045     0.029   11.3   0.0   193   231   200   236   194   241 0.87 ACNH67_001409
ACNH67_001409-T1     -            502 18694                -            404   1.5e-27   94.6   0.6   3   3     2e-08   1.3e-06   25.7   0.0   305   358   257   310   245   372 0.87 ACNH67_001409
ACNH67_004661-T1     -            883 18694                -            404   9.8e-27   91.9   0.0   1   3   1.4e-21   8.7e-20   69.0   0.0    11   168   116   270   108   277 0.86 ACNH67_004661
ACNH67_004661-T1     -            883 18694                -            404   9.8e-27   91.9   0.0   2   3    0.0018      0.11    9.3   0.0   194   231   274   309   270   313 0.86 ACNH67_004661
ACNH67_004661-T1     -            883 18694                -            404   9.8e-27   91.9   0.0   3   3    0.0012     0.079    9.9   0.0   318   351   340   373   329   380 0.92 ACNH67_004661
ACNH67_001062-T1     -           1824 18694                -            404   3.5e-26   90.1   2.6   1   3   3.6e-22   2.3e-20   70.9   0.4     8   163  1236  1391  1230  1400 0.88 ACNH67_001062
ACNH67_001062-T1     -           1824 18694                -            404   3.5e-26   90.1   2.6   2   3    0.0011     0.071   10.0   0.1   196   232  1402  1437  1396  1441 0.83 ACNH67_001062
ACNH67_001062-T1     -           1824 18694                -            404   3.5e-26   90.1   2.6   3   3    0.0069      0.45    7.4   0.0   315   351  1470  1506  1457  1519 0.89 ACNH67_001062
ACNH67_003062-T1     -            577 18694                -            404   3.9e-26   89.9   0.1   1   3   4.2e-20   2.7e-18   64.1   0.0    10   164    66   217    61   227 0.87 ACNH67_003062
ACNH67_003062-T1     -            577 18694                -            404   3.9e-26   89.9   0.1   2   3      0.15       9.5    3.0   0.0   200   233   231   262   222   278 0.79 ACNH67_003062
ACNH67_003062-T1     -            577 18694                -            404   3.9e-26   89.9   0.1   3   3   1.7e-06   0.00011   19.3   0.0   312   358   288   334   273   377 0.83 ACNH67_003062
ACNH67_002449-T1     -            467 18694                -            404   4.7e-26   89.7   0.0   1   4       7.7   4.9e+02   -2.6   0.0    16    51     5    40     2    46 0.83 ACNH67_002449
ACNH67_002449-T1     -            467 18694                -            404   4.7e-26   89.7   0.0   2   4     4e-20   2.5e-18   64.2   0.0   112   233   164   302   154   305 0.74 ACNH67_002449
ACNH67_002449-T1     -            467 18694                -            404   4.7e-26   89.7   0.0   3   4      0.27        18    2.1   0.0   268   289   311   332   307   338 0.89 ACNH67_002449
ACNH67_002449-T1     -            467 18694                -            404   4.7e-26   89.7   0.0   4   4   2.8e-06   0.00018   18.6   0.0   319   355   428   464   412   467 0.87 ACNH67_002449
ACNH67_000126-T1     -            665 18694                -            404   9.5e-26   88.6   4.1   1   3   1.8e-21   1.2e-19   68.6   0.1    11   175   203   369   199   374 0.85 ACNH67_000126
ACNH67_000126-T1     -            665 18694                -            404   9.5e-26   88.6   4.1   2   3     0.035       2.3    5.1   0.1   202   232   375   403   369   407 0.77 ACNH67_000126
ACNH67_000126-T1     -            665 18694                -            404   9.5e-26   88.6   4.1   3   3     3e-05    0.0019   15.2   0.1   311   351   428   468   412   516 0.79 ACNH67_000126
ACNH67_005582-T1     -            631 18694                -            404   1.1e-25   88.4   4.6   1   3   9.1e-19   5.8e-17   59.7   0.1    10   174   164   330   156   345 0.82 ACNH67_005582
ACNH67_005582-T1     -            631 18694                -            404   1.1e-25   88.4   4.6   2   3     0.047         3    4.7   0.1   220   233   354   367   337   371 0.87 ACNH67_005582
ACNH67_005582-T1     -            631 18694                -            404   1.1e-25   88.4   4.6   3   3   3.9e-08   2.5e-06   24.7   0.1   294   386   375   463   369   480 0.76 ACNH67_005582
ACNH67_004075-T1     -            655 18694                -            404     2e-25   87.6   0.1   1   4   8.4e-09   5.4e-07   26.9   0.0    12    82   115   184   106   195 0.82 ACNH67_004075
ACNH67_004075-T1     -            655 18694                -            404     2e-25   87.6   0.1   2   4   6.8e-09   4.4e-07   27.2   0.0    90   166   249   329   241   338 0.81 ACNH67_004075
ACNH67_004075-T1     -            655 18694                -            404     2e-25   87.6   0.1   3   4   0.00041     0.026   11.4   0.0   193   233   334   372   327   375 0.84 ACNH67_004075
ACNH67_004075-T1     -            655 18694                -            404     2e-25   87.6   0.1   4   4   7.7e-06    0.0005   17.1   0.0   314   350   400   436   377   447 0.84 ACNH67_004075
ACNH67_002687-T1     -            638 18694                -            404   2.9e-24   83.8   0.0   1   2   1.3e-19   8.6e-18   62.4   0.0    10   233   170   407   163   413 0.75 ACNH67_002687
ACNH67_002687-T1     -            638 18694                -            404   2.9e-24   83.8   0.0   2   2     3e-06   0.00019   18.5   0.0   318   360   455   497   447   544 0.83 ACNH67_002687
ACNH67_002686-T1     -            701 18694                -            404   1.6e-22   78.0   0.0   1   2   8.1e-17   5.2e-15   53.3   0.0    13   233   193   441   185   447 0.69 ACNH67_002686
ACNH67_002686-T1     -            701 18694                -            404   1.6e-22   78.0   0.0   2   2   4.5e-07   2.9e-05   21.2   0.0   317   360   475   518   470   551 0.82 ACNH67_002686
ACNH67_004527-T1     -            526 18694                -            404   1.7e-22   78.0   0.6   1   3   2.6e-20   1.7e-18   64.8   0.0    35   166     3   132     1   143 0.86 ACNH67_004527
ACNH67_004527-T1     -            526 18694                -            404   1.7e-22   78.0   0.6   2   3     0.047         3    4.6   0.0   203   232   147   176   136   189 0.87 ACNH67_004527
ACNH67_004527-T1     -            526 18694                -            404   1.7e-22   78.0   0.6   3   3     0.023       1.5    5.7   0.0   318   350   205   237   186   248 0.89 ACNH67_004527
ACNH67_003077-T1     -            558 18694                -            404   1.1e-20   71.9   6.1   1   3   1.6e-12     1e-10   39.1   1.7    11   164   201   360   194   366 0.82 ACNH67_003077
ACNH67_003077-T1     -            558 18694                -            404   1.1e-20   71.9   6.1   2   3   6.7e-09   4.3e-07   27.2   0.1   191   231   364   403   359   418 0.87 ACNH67_003077
ACNH67_003077-T1     -            558 18694                -            404   1.1e-20   71.9   6.1   3   3     0.012      0.77    6.6   0.0   325   352   521   548   508   556 0.86 ACNH67_003077
ACNH67_004293-T1     -            322 18694                -            404   1.4e-20   71.7   0.2   1   3   2.4e-16   1.5e-14   51.8   0.3     7   171    33   206    27   216 0.78 ACNH67_004293
ACNH67_004293-T1     -            322 18694                -            404   1.4e-20   71.7   0.2   2   3    0.0085      0.54    7.1   0.0   198   228   212   240   199   246 0.79 ACNH67_004293
ACNH67_004293-T1     -            322 18694                -            404   1.4e-20   71.7   0.2   3   3    0.0013     0.084    9.8   0.0   312   351   270   309   252   315 0.85 ACNH67_004293
ACNH67_004049-T1     -            914 18694                -            404   7.4e-20   69.2   0.0   1   2   2.1e-17   1.4e-15   55.2   0.0     9   231   315   545   308   548 0.77 ACNH67_004049
ACNH67_004049-T1     -            914 18694                -            404   7.4e-20   69.2   0.0   2   2   0.00041     0.027   11.4   0.2   307   355   576   625   557   634 0.79 ACNH67_004049
ACNH67_003146-T1     -            655 18694                -            404   2.8e-19   67.3   0.1   1   4   9.7e-11   6.3e-09   33.3   0.2    44   150   347   448   331   454 0.86 ACNH67_003146
ACNH67_003146-T1     -            655 18694                -            404   2.8e-19   67.3   0.1   2   4       2.3   1.5e+02   -0.9   0.0   154   169   506   521   502   531 0.83 ACNH67_003146
ACNH67_003146-T1     -            655 18694                -            404   2.8e-19   67.3   0.1   3   4   0.00033     0.021   11.7   0.0   203   232   536   564   527   569 0.86 ACNH67_003146
ACNH67_003146-T1     -            655 18694                -            404   2.8e-19   67.3   0.1   4   4   1.1e-05   0.00068   16.7   0.0   311   355   583   628   576   640 0.80 ACNH67_003146
ACNH67_002685-T1     -            740 18694                -            404   2.9e-19   67.3   0.0   1   1   9.1e-21   5.9e-19   66.3   0.0   100   233   490   621   450   624 0.81 ACNH67_002685
ACNH67_005579-T1     -            415 18694                -            404   5.3e-19   66.4   1.5   1   3   3.8e-09   2.4e-07   28.0   0.0    10   174   159   309   151   322 0.78 ACNH67_005579
ACNH67_005579-T1     -            415 18694                -            404   5.3e-19   66.4   1.5   2   3    0.0096      0.62    6.9   0.1   218   233   331   346   308   353 0.85 ACNH67_005579
ACNH67_005579-T1     -            415 18694                -            404   5.3e-19   66.4   1.5   3   3   2.6e-07   1.7e-05   22.0   0.0   294   350   354   409   349   414 0.85 ACNH67_005579
ACNH67_004408-T1     -            773 18694                -            404   7.1e-19   66.0   0.0   1   3   5.2e-13   3.3e-11   40.8   0.0    13   168    32   197    20   204 0.74 ACNH67_004408
ACNH67_004408-T1     -            773 18694                -            404   7.1e-19   66.0   0.0   2   3   0.00067     0.043   10.7   0.0   193   232   201   243   195   253 0.82 ACNH67_004408
ACNH67_004408-T1     -            773 18694                -            404   7.1e-19   66.0   0.0   3   3   0.00049     0.031   11.2   0.0   312   348   264   300   255   307 0.90 ACNH67_004408
ACNH67_001150-T1     -            290 18694                -            404   4.8e-18   63.3   0.2   1   3   2.3e-14   1.5e-12   45.2   0.0    60   171    31   141     4   148 0.84 ACNH67_001150
ACNH67_001150-T1     -            290 18694                -            404   4.8e-18   63.3   0.2   2   3      0.21        13    2.5   0.0   195   228   143   174   138   180 0.78 ACNH67_001150
ACNH67_001150-T1     -            290 18694                -            404   4.8e-18   63.3   0.2   3   3   0.00016      0.01   12.8   0.0   318   357   210   249   188   254 0.90 ACNH67_001150
ACNH67_003806-T1     -            484 18694                -            404   6.1e-18   62.9   0.1   1   3   1.4e-15   8.7e-14   49.3   0.0    12   164   157   306   147   321 0.83 ACNH67_003806
ACNH67_003806-T1     -            484 18694                -            404   6.1e-18   62.9   0.1   2   3   0.00054     0.035   11.0   0.0   202   249   323   367   314   389 0.76 ACNH67_003806
ACNH67_003806-T1     -            484 18694                -            404   6.1e-18   62.9   0.1   3   3       2.9   1.8e+02   -1.2   0.0   314   356   376   424   359   434 0.76 ACNH67_003806
ACNH67_002049-T1     -            352 18694                -            404   1.5e-17   61.7   0.1   1   2   3.4e-18   2.2e-16   57.8   0.0    11   170   103   261    93   268 0.84 ACNH67_002049
ACNH67_002049-T1     -            352 18694                -            404   1.5e-17   61.7   0.1   2   2      0.34        22    1.8   0.0   203   232   270   298   263   301 0.85 ACNH67_002049
ACNH67_005443-T1     -            702 18694                -            404     4e-17   60.2   0.3   1   2   3.1e-13     2e-11   41.5   0.2    18   169    49   205    40   210 0.78 ACNH67_005443
ACNH67_005443-T1     -            702 18694                -            404     4e-17   60.2   0.3   2   2   7.8e-06    0.0005   17.1   0.0   195   231   210   245   203   257 0.87 ACNH67_005443
ACNH67_001032-T1     -            605 18694                -            404   1.6e-16   58.3   4.9   1   3     1e-11   6.7e-10   36.4   0.8     8   167   132   291   126   300 0.83 ACNH67_001032
ACNH67_001032-T1     -            605 18694                -            404   1.6e-16   58.3   4.9   2   3    0.0092      0.59    7.0   0.1   197   233   299   333   293   336 0.84 ACNH67_001032
ACNH67_001032-T1     -            605 18694                -            404   1.6e-16   58.3   4.9   3   3   2.7e-05    0.0018   15.3   0.0   314   360   361   407   342   443 0.86 ACNH67_001032
ACNH67_000199-T1     -            563 18694                -            404   7.8e-16   56.0   0.0   1   1     2e-17   1.3e-15   55.3   0.0    18   228   242   460   228   467 0.77 ACNH67_000199
ACNH67_003262-T1     -           1267 18694                -            404   1.6e-15   55.0   0.1   1   2   1.3e-12   8.3e-11   39.4   0.0    14   171    15   174     5   178 0.76 ACNH67_003262
ACNH67_003262-T1     -           1267 18694                -            404   1.6e-15   55.0   0.1   2   2   5.7e-05    0.0037   14.3   0.0   193   234   175   215   170   220 0.83 ACNH67_003262
ACNH67_005347-T1     -            346 18694                -            404   3.5e-15   53.9   0.4   1   2   5.7e-15   3.7e-13   47.2   0.1    12   166    35   190    26   198 0.81 ACNH67_005347
ACNH67_005347-T1     -            346 18694                -            404   3.5e-15   53.9   0.4   2   2      0.04       2.6    4.9   0.0   202   233   202   232   196   266 0.87 ACNH67_005347
ACNH67_002523-T1     -            677 18694                -            404   4.4e-15   53.5   1.2   1   3     2e-13   1.3e-11   42.1   0.6    14   169   363   515   353   520 0.90 ACNH67_002523
ACNH67_002523-T1     -            677 18694                -            404   4.4e-15   53.5   1.2   2   3    0.0014      0.09    9.7   0.0   191   232   513   553   510   590 0.83 ACNH67_002523
ACNH67_002523-T1     -            677 18694                -            404   4.4e-15   53.5   1.2   3   3       1.7   1.1e+02   -0.5   0.0   317   354   584   626   557   636 0.75 ACNH67_002523
ACNH67_001045-T1     -            528 18694                -            404   2.7e-14   50.9   0.0   1   3   1.9e-05    0.0012   15.8   0.1   112   164   231   284   226   293 0.84 ACNH67_001045
ACNH67_001045-T1     -            528 18694                -            404   2.7e-14   50.9   0.0   2   3   7.5e-10   4.8e-08   30.3   0.0   183   233   282   332   273   342 0.86 ACNH67_001045
ACNH67_001045-T1     -            528 18694                -            404   2.7e-14   50.9   0.0   3   3      0.31        20    2.0   0.0   324   356   390   422   349   430 0.87 ACNH67_001045
ACNH67_003054-T1     -            700 18694                -            404   3.5e-14   50.6   1.2   1   2     4e-14   2.6e-12   44.4   0.3    18   167   123   271   113   281 0.82 ACNH67_003054
ACNH67_003054-T1     -            700 18694                -            404   3.5e-14   50.6   1.2   2   2     0.036       2.3    5.1   0.0   202   233   284   314   271   320 0.84 ACNH67_003054
ACNH67_003394-T1     -            537 18694                -            404   5.4e-14   49.9   0.0   1   3   2.4e-11   1.5e-09   35.3   0.0    10   174    65   242    58   248 0.78 ACNH67_003394
ACNH67_003394-T1     -            537 18694                -            404   5.4e-14   49.9   0.0   2   3      0.09       5.8    3.7   0.0   200   227   247   272   238   279 0.78 ACNH67_003394
ACNH67_003394-T1     -            537 18694                -            404   5.4e-14   49.9   0.0   3   3    0.0057      0.37    7.7   0.0   317   349   309   341   304   356 0.88 ACNH67_003394
ACNH67_004098-T1     -            363 18694                -            404   1.1e-13   48.9   0.1   1   1   2.8e-15   1.8e-13   48.2   0.1    12   172   160   325   153   344 0.84 ACNH67_004098
ACNH67_002848-T1     -            852 18694                -            404   1.3e-13   48.6   0.6   1   3   2.1e-05    0.0013   15.7   0.2   119   151   224   257   178   259 0.83 ACNH67_002848
ACNH67_002848-T1     -            852 18694                -            404   1.3e-13   48.6   0.6   2   3   2.3e-06   0.00015   18.8   0.0   191   232   561   601   539   606 0.87 ACNH67_002848
ACNH67_002848-T1     -            852 18694                -            404   1.3e-13   48.6   0.6   3   3    0.0011     0.071   10.0   0.0   311   354   668   714   607   726 0.74 ACNH67_002848
ACNH67_004244-T1     -            846 18694                -            404   1.4e-13   48.6   1.1   1   4     0.013      0.87    6.4   0.0    11    49    41    79    32   134 0.67 ACNH67_004244
ACNH67_004244-T1     -            846 18694                -            404   1.4e-13   48.6   1.1   2   4   2.1e-09   1.3e-07   28.9   0.1   115   169   221   275   210   283 0.87 ACNH67_004244
ACNH67_004244-T1     -            846 18694                -            404   1.4e-13   48.6   1.1   3   4     0.019       1.2    5.9   0.0   202   244   285   326   276   331 0.75 ACNH67_004244
ACNH67_004244-T1     -            846 18694                -            404   1.4e-13   48.6   1.1   4   4      0.18        11    2.8   0.0   322   359   371   408   336   421 0.78 ACNH67_004244
ACNH67_004412-T1     -            387 18694                -            404   2.2e-13   47.9   1.2   1   2   2.1e-12   1.4e-10   38.7   0.0    62   174    20   132    13   138 0.76 ACNH67_004412
ACNH67_004412-T1     -            387 18694                -            404   2.2e-13   47.9   1.2   2   2    0.0044      0.29    8.0   0.2   201   234   138   170   133   183 0.79 ACNH67_004412
ACNH67_004099-T1     -            462 18694                -            404   3.1e-13   47.5   0.0   1   1   8.2e-15   5.2e-13   46.7   0.0    86   232    66   220    52   222 0.80 ACNH67_004099
ACNH67_003409-T1     -           1358 18694                -            404   3.7e-13   47.2   0.0   1   2   1.9e-10   1.2e-08   32.3   0.0    20   165   774   920   761   925 0.75 ACNH67_003409
ACNH67_003409-T1     -           1358 18694                -            404   3.7e-13   47.2   0.0   2   2   0.00018     0.011   12.6   0.0   200   234   933   972   919   985 0.77 ACNH67_003409
ACNH67_004036-T1     -            504 18694                -            404   4.2e-13   47.0   0.0   1   2     9e-13   5.8e-11   40.0   0.0    15   232   185   394   176   407 0.82 ACNH67_004036
ACNH67_004036-T1     -            504 18694                -            404   4.2e-13   47.0   0.0   2   2      0.31        20    2.0   0.0   306   349   458   501   440   503 0.85 ACNH67_004036
ACNH67_002165-T1     -           1516 18694                -            404   6.1e-13   46.5   0.0   1   5      0.12       7.5    3.4   0.0    12    47   708   743   698   745 0.88 ACNH67_002165
ACNH67_002165-T1     -           1516 18694                -            404   6.1e-13   46.5   0.0   2   5    0.0087      0.56    7.1   0.0    55   109   830   881   825   889 0.82 ACNH67_002165
ACNH67_002165-T1     -           1516 18694                -            404   6.1e-13   46.5   0.0   3   5   0.00044     0.028   11.4   0.0   116   149   920   955   913   958 0.84 ACNH67_002165
ACNH67_002165-T1     -           1516 18694                -            404   6.1e-13   46.5   0.0   4   5    0.0019      0.12    9.2   0.0   156   233  1349  1416  1341  1423 0.72 ACNH67_002165
ACNH67_002165-T1     -           1516 18694                -            404   6.1e-13   46.5   0.0   5   5    0.0047       0.3    7.9   0.0   317   350  1479  1512  1452  1515 0.86 ACNH67_002165
ACNH67_002396-T1     -           1379 18694                -            404   7.8e-13   46.1   0.0   1   3     0.086       5.5    3.8   0.0    19    76   784   846   771   852 0.82 ACNH67_002396
ACNH67_002396-T1     -           1379 18694                -            404   7.8e-13   46.1   0.0   2   3   2.8e-12   1.8e-10   38.3   0.0   116   170  1098  1152  1088  1164 0.83 ACNH67_002396
ACNH67_002396-T1     -           1379 18694                -            404   7.8e-13   46.1   0.0   3   3         2   1.3e+02   -0.7   0.0   186   233  1193  1237  1181  1251 0.70 ACNH67_002396
ACNH67_002277-T1     -            486 18694                -            404   9.9e-13   45.8   0.0   1   1   8.2e-14   5.3e-12   43.4   0.0    15   232   143   374   133   380 0.84 ACNH67_002277
ACNH67_000225-T1     -            904 18694                -            404   1.1e-12   45.6   0.0   1   2   8.8e-11   5.7e-09   33.4   0.0    12   165    36   195    27   219 0.75 ACNH67_000225
ACNH67_000225-T1     -            904 18694                -            404   1.1e-12   45.6   0.0   2   2    0.0013     0.086    9.7   0.0   218   233   259   274   251   295 0.85 ACNH67_000225
ACNH67_000353-T1     -            981 18694                -            404   1.6e-11   41.8   0.2   1   2   3.1e-12     2e-10   38.2   0.0    15   168   667   822   658   830 0.75 ACNH67_000353
ACNH67_000353-T1     -            981 18694                -            404   1.6e-11   41.8   0.2   2   2      0.66        43    0.9   0.0   203   232   833   861   825   865 0.85 ACNH67_000353
ACNH67_001203-T1     -           1491 18694                -            404   2.6e-11   41.1   0.0   1   1   6.7e-12   4.3e-10   37.1   0.0    18   178  1225  1384  1212  1424 0.82 ACNH67_001203
ACNH67_004794-T2     -           1125 18694                -            404   8.1e-11   39.5   0.0   1   3      0.11       6.8    3.5   0.0    15    66   365   417   355   422 0.79 ACNH67_004794
ACNH67_004794-T2     -           1125 18694                -            404   8.1e-11   39.5   0.0   2   3     8e-08   5.2e-06   23.7   0.0   124   232   507   605   473   607 0.80 ACNH67_004794
ACNH67_004794-T2     -           1125 18694                -            404   8.1e-11   39.5   0.0   3   3    0.0065      0.42    7.5   0.0   317   359   640   682   623   698 0.88 ACNH67_004794
ACNH67_004794-T1     -           1179 18694                -            404   9.8e-11   39.2   0.0   1   3      0.11       7.2    3.4   0.0    15    66   365   417   355   422 0.79 ACNH67_004794
ACNH67_004794-T1     -           1179 18694                -            404   9.8e-11   39.2   0.0   2   3   8.5e-08   5.5e-06   23.6   0.0   124   232   507   605   473   607 0.80 ACNH67_004794
ACNH67_004794-T1     -           1179 18694                -            404   9.8e-11   39.2   0.0   3   3    0.0069      0.45    7.4   0.0   317   359   640   682   623   697 0.88 ACNH67_004794
ACNH67_003188-T1     -            329 18694                -            404   3.3e-10   37.5   0.0   1   2   1.9e-09   1.2e-07   29.0   0.1   110   178    48   116    22   153 0.84 ACNH67_003188
ACNH67_003188-T1     -            329 18694                -            404   3.3e-10   37.5   0.0   2   2     0.052       3.3    4.5   0.0   316   350   189   223   161   238 0.90 ACNH67_003188
ACNH67_001470-T1     -            477 18694                -            404   4.8e-10   36.9   0.1   1   1   1.1e-11   7.1e-10   36.4   0.1    15   151   296   436   284   442 0.87 ACNH67_001470
ACNH67_002903-T1     -            600 18694                -            404   7.8e-10   36.2   0.0   1   3   1.1e-05   0.00068   16.7   0.0   109   148   248   287   235   291 0.87 ACNH67_002903
ACNH67_002903-T1     -            600 18694                -            404   7.8e-10   36.2   0.0   2   3   0.00033     0.021   11.8   0.0   195   232   344   380   322   385 0.78 ACNH67_002903
ACNH67_002903-T1     -            600 18694                -            404   7.8e-10   36.2   0.0   3   3     0.079       5.1    3.9   0.0   322   350   422   451   418   465 0.83 ACNH67_002903
ACNH67_000223-T1     -            347 18694                -            404   1.9e-09   35.0   0.0   1   1   6.6e-11   4.3e-09   33.8   0.0    10   166    99   260    90   306 0.70 ACNH67_000223
ACNH67_002436-T1     -            305 18694                -            404   2.6e-09   34.5   0.0   1   3     2e-06   0.00013   19.0   0.0   102   167     8    76     4    87 0.80 ACNH67_002436
ACNH67_002436-T1     -            305 18694                -            404   2.6e-09   34.5   0.0   2   3      0.11       7.3    3.4   0.0   201   229    87   114    77   120 0.80 ACNH67_002436
ACNH67_002436-T1     -            305 18694                -            404   2.6e-09   34.5   0.0   3   3    0.0026      0.17    8.8   0.0   318   351   150   183   130   188 0.92 ACNH67_002436
ACNH67_003204-T1     -           1467 18694                -            404   1.1e-08   32.5   0.0   1   2       6.7   4.3e+02   -2.4   0.0    57    76    76    95    15    98 0.72 ACNH67_003204
ACNH67_003204-T1     -           1467 18694                -            404   1.1e-08   32.5   0.0   2   2   6.3e-10     4e-08   30.6   0.0   118   233   411   538   377   551 0.71 ACNH67_003204
ACNH67_004985-T1     -            726 18694                -            404   7.9e-08   29.6   0.0   1   1   1.9e-09   1.2e-07   29.0   0.0    18   232   389   615   382   625 0.67 ACNH67_004985
ACNH67_003228-T1     -            301 18694                -            404     1e-07   29.3   0.0   1   1   2.6e-09   1.7e-07   28.5   0.0   124   182    30    91    19   107 0.80 ACNH67_003228
ACNH67_000838-T1     -            320 18694                -            404   1.2e-07   29.1   0.0   1   1   4.4e-09   2.8e-07   27.8   0.0   121   166   144   193   127   201 0.83 ACNH67_000838
ACNH67_000204-T1     -            289 18694                -            404   1.9e-07   28.4   0.0   1   1     4e-09   2.6e-07   27.9   0.0   123   173    53   108    18   128 0.77 ACNH67_000204
ACNH67_003835-T1     -            323 18694                -            404   1.8e-06   25.2   0.0   1   1   3.8e-08   2.5e-06   24.7   0.0   118   171    98   154    73   178 0.80 ACNH67_003835
ACNH67_004268-T1     -            912 18694                -            404   1.8e-06   25.2   0.0   1   2     0.063       4.1    4.2   0.0   112   151   702   741   664   775 0.74 ACNH67_004268
ACNH67_004268-T1     -            912 18694                -            404   1.8e-06   25.2   0.0   2   2   2.8e-06   0.00018   18.6   0.0   308   355   850   897   838   908 0.86 ACNH67_004268
ACNH67_002902-T1     -            327 18694                -            404   1.9e-06   25.1   0.1   1   1   6.3e-08     4e-06   24.0   0.1   102   232   111   232    62   237 0.75 ACNH67_002902
ACNH67_003764-T1     -           1625 18694                -            404   2.9e-06   24.5   0.0   1   1     8e-08   5.1e-06   23.7   0.0   124   164  1444  1484  1426  1494 0.87 ACNH67_003764
ACNH67_000564-T1     -            871 18694                -            404     1e-05   22.7   0.0   1   1   3.1e-07     2e-05   21.7   0.0   127   167   633   675   626   722 0.85 ACNH67_000564
ACNH67_001532-T1     -            468 18694                -            404   1.8e-05   21.8   0.0   1   2     0.022       1.4    5.7   0.0    93   171   116   200    99   238 0.76 ACNH67_001532
ACNH67_001532-T1     -            468 18694                -            404   1.8e-05   21.8   0.0   2   2   8.1e-05    0.0052   13.8   0.0   318   350   285   317   267   328 0.90 ACNH67_001532
ACNH67_003613-T1     -            401 18694                -            404   4.3e-05   20.6   0.0   1   2       2.4   1.6e+02   -1.0   0.0    16    44    21    49    14    76 0.77 ACNH67_003613
ACNH67_003613-T1     -            401 18694                -            404   4.3e-05   20.6   0.0   2   2   2.7e-06   0.00017   18.6   0.0   127   169   203   248   180   272 0.74 ACNH67_003613
ACNH67_004979-T1     -            251 18694                -            404   5.7e-05   20.2   0.0   1   1   1.8e-06   0.00012   19.2   0.0    62   143   168   242   105   247 0.66 ACNH67_004979
ACNH67_003821-T1     -            326 18694                -            404   5.8e-05   20.2   0.0   1   2   0.00031      0.02   11.8   0.0   121   164    78   120    47   132 0.83 ACNH67_003821
ACNH67_003821-T1     -            326 18694                -            404   5.8e-05   20.2   0.0   2   2     0.016         1    6.2   0.0   324   352   266   294   236   299 0.80 ACNH67_003821
ACNH67_000503-T1     -           1158 18694                -            404   5.9e-05   20.2   0.0   1   1   1.1e-05    0.0007   16.6   0.0   120   232   983  1087   874  1095 0.79 ACNH67_000503
ACNH67_001310-T1     -            406 18694                -            404   6.5e-05   20.0   0.1   1   3    0.0025      0.16    8.8   0.0     8    49    14    54     7    60 0.87 ACNH67_001310
ACNH67_001310-T1     -            406 18694                -            404   6.5e-05   20.0   0.1   2   3     0.014      0.93    6.3   0.0   115   147   155   187   148   193 0.79 ACNH67_001310
ACNH67_001310-T1     -            406 18694                -            404   6.5e-05   20.0   0.1   3   3       0.8        51    0.6   0.1   217   228   321   332   319   336 0.84 ACNH67_001310
ACNH67_002437-T1     -            340 18694                -            404   0.00037   17.5   0.0   1   1   8.6e-06   0.00055   17.0   0.0    12    77   271   333   265   337 0.89 ACNH67_002437
ACNH67_001204-T1     -            729 18694                -            404   0.00091   16.3   0.0   1   1   2.1e-05    0.0013   15.7   0.0    20   149   583   717   576   723 0.74 ACNH67_001204
ACNH67_005263-T1     -            643 18694                -            404    0.0021   15.0   0.1   1   1   5.5e-05    0.0035   14.3   0.1    53   165    77   183    65   193 0.77 ACNH67_005263
ACNH67_001205-T1     -            176 18694                -            404     0.021   11.8   0.0   1   1   0.00068     0.044   10.7   0.0   193   236    36    88    14   100 0.63 ACNH67_001205
ACNH67_001469-T1     -            259 18694                -            404     0.041   10.8   0.0   1   1     0.001     0.066   10.1   0.0   215   237    11    33     2    44 0.84 ACNH67_001469
#
# Program:         hmmsearch
# Version:         3.1b2 (February 2015)
# Pipeline mode:   SEARCH
# Query file:      /home/edouard/GregarineStuff/Lgryllorum_Genome_analysis/Funannotate/Run_v3/species_train/annotate_results/busco_downloads/lineages/apicomplexa_odb12/hmms/18694at5794.hmm
# Target file:     /home/edouard/GregarineStuff/Lgryllorum_Genome_analysis/Funannotate/Run_v3/species_train/annotate_results/Leidyana_gryllorum.proteins.fa
# Option settings: hmmsearch --domtblout /home/edouard/GregarineStuff/Lgryllorum_Genome_analysis/Funannotate/Run_v3/species_train/annotate_results/busco/run_apicomplexa_odb12/hmmer_output/initial_run_results/18694at5794.out --cpu 1 /home/edouard/GregarineStuff/Lgryllorum_Genome_analysis/Funannotate/Run_v3/species_train/annotate_results/busco_downloads/lineages/apicomplexa_odb12/hmms/18694at5794.hmm /home/edouard/GregarineStuff/Lgryllorum_Genome_analysis/Funannotate/Run_v3/species_train/annotate_results/Leidyana_gryllorum.proteins.fa 
# Current dir:     /home/edouard/GregarineStuff/Lgryllorum_Genome_analysis/Funannotate/Run_v3/species_train/annotate_results
# Date:            Tue Apr  1 17:36:39 2025
# [ok]
