#                                                                            --- full sequence --- -------------- this domain -------------   hmm coord   ali coord   env coord
# target name        accession   tlen query name           accession   qlen   E-value  score  bias   #  of  c-Evalue  i-Evalue  score  bias  from    to  from    to  from    to  acc description of target
#------------------- ---------- ----- -------------------- ---------- ----- --------- ------ ----- --- --- --------- --------- ------ ----- ----- ----- ----- ----- ----- ----- ---- ---------------------
ACNH67_004592-T1     -            718 20195                -            602    4e-159  529.0   8.7   1   2   2.7e-29   3.3e-27   93.4   0.0     3   119     7   125     5   161 0.87 ACNH67_004592
ACNH67_004592-T1     -            718 20195                -            602    4e-159  529.0   8.7   2   2  3.5e-132  4.3e-130  433.1   6.5   130   601   180   716   149   717 0.83 ACNH67_004592
ACNH67_002393-T1     -            683 20195                -            602   9.2e-40  134.8   7.6   1   4   3.6e-07   4.3e-05   20.3   0.0   163   209    21    67     9    87 0.82 ACNH67_002393
ACNH67_002393-T1     -            683 20195                -            602   9.2e-40  134.8   7.6   2   4   4.9e-24   5.9e-22   76.0   0.0   427   584   138   292   128   302 0.93 ACNH67_002393
ACNH67_002393-T1     -            683 20195                -            602   9.2e-40  134.8   7.6   3   4       1.1   1.3e+02   -1.1   3.3    90   151   303   364   295   382 0.67 ACNH67_002393
ACNH67_002393-T1     -            683 20195                -            602   9.2e-40  134.8   7.6   4   4   1.2e-12   1.5e-10   38.3   0.2   165   238   407   479   404   485 0.84 ACNH67_002393
ACNH67_004134-T1     -            621 20195                -            602   2.8e-25   87.0   0.0   1   2   4.8e-19   5.8e-17   59.5   0.0   446   593   169   330   162   339 0.80 ACNH67_004134
ACNH67_004134-T1     -            621 20195                -            602   2.8e-25   87.0   0.0   2   2   2.1e-08   2.6e-06   24.3   0.0   539   585   391   437   390   451 0.89 ACNH67_004134
ACNH67_004179-T1     -            426 20195                -            602   5.8e-24   82.6   0.0   1   2   6.6e-11     8e-09   32.6   0.0   517   598   107   186    75   190 0.67 ACNH67_004179
ACNH67_004179-T1     -            426 20195                -            602   5.8e-24   82.6   0.0   2   2   1.4e-15   1.7e-13   48.0   0.0   151   241   243   332   229   340 0.86 ACNH67_004179
ACNH67_004797-T1     -            396 20195                -            602   8.6e-23   78.8   0.0   1   3   1.8e-10   2.1e-08   31.2   0.1   152   243    20   112    11   119 0.74 ACNH67_004797
ACNH67_004797-T1     -            396 20195                -            602   8.6e-23   78.8   0.0   2   3   5.6e-14   6.7e-12   42.8   0.0   130   240    98   212    91   217 0.84 ACNH67_004797
ACNH67_004797-T1     -            396 20195                -            602   8.6e-23   78.8   0.0   3   3     0.043       5.1    3.5   0.0   166   230   327   387   324   393 0.89 ACNH67_004797
ACNH67_004487-T1     -            380 20195                -            602   1.5e-22   77.9   0.2   1   3      0.13        16    1.9   0.0   472   495     3    26     1    47 0.66 ACNH67_004487
ACNH67_004487-T1     -            380 20195                -            602   1.5e-22   77.9   0.2   2   3   9.6e-15   1.2e-12   45.3   0.0   146   236    54   148    37   151 0.80 ACNH67_004487
ACNH67_004487-T1     -            380 20195                -            602   1.5e-22   77.9   0.2   3   3   2.4e-09   2.9e-07   27.5   0.0   165   231   244   310   210   321 0.64 ACNH67_004487
ACNH67_002500-T1     -            211 20195                -            602   2.7e-22   77.1   0.0   1   1   4.5e-24   5.5e-22   76.1   0.0   427   594    17   181    14   189 0.89 ACNH67_002500
ACNH67_004646-T1     -            221 20195                -            602   1.1e-19   68.5   0.0   1   2   7.4e-11   8.9e-09   32.5   0.0   144   230    13    99     2   112 0.83 ACNH67_004646
ACNH67_004646-T1     -            221 20195                -            602   1.1e-19   68.5   0.0   2   2   2.2e-11   2.6e-09   34.2   0.0   517   596   130   209   121   213 0.90 ACNH67_004646
ACNH67_003464-T1     -           1814 20195                -            602   2.3e-19   67.4   0.1   1   3   4.6e-11   5.5e-09   33.1   0.2   430   549  1394  1509  1368  1527 0.85 ACNH67_003464
ACNH67_003464-T1     -           1814 20195                -            602   2.3e-19   67.4   0.1   2   3     0.021       2.6    4.5   0.0   159   238  1563  1645  1512  1660 0.70 ACNH67_003464
ACNH67_003464-T1     -           1814 20195                -            602   2.3e-19   67.4   0.1   3   3   7.5e-09     9e-07   25.8   0.0   155   235  1674  1756  1650  1760 0.88 ACNH67_003464
ACNH67_000830-T1     -            367 20195                -            602   7.7e-17   59.1   0.3   1   2   1.4e-10   1.7e-08   31.5   0.1   166   240   116   187    80   218 0.83 ACNH67_000830
ACNH67_000830-T1     -            367 20195                -            602   7.7e-17   59.1   0.3   2   2     1e-08   1.2e-06   25.4   0.0   432   508   295   366   290   367 0.92 ACNH67_000830
ACNH67_004698-T1     -            460 20195                -            602   1.7e-16   57.9   0.0   1   2     2e-08   2.4e-06   24.5   0.0   151   212   101   163    89   187 0.83 ACNH67_004698
ACNH67_004698-T1     -            460 20195                -            602   1.7e-16   57.9   0.0   2   2   1.8e-10   2.2e-08   31.2   0.0   154   233   203   283   198   288 0.84 ACNH67_004698
ACNH67_002845-T1     -            567 20195                -            602   4.9e-16   56.4   0.0   1   2   1.1e-08   1.3e-06   25.3   0.0   522   573   188   240   178   249 0.89 ACNH67_002845
ACNH67_002845-T1     -            567 20195                -            602   4.9e-16   56.4   0.0   2   2   8.3e-10     1e-07   29.0   0.0   149   233   277   359   263   365 0.85 ACNH67_002845
ACNH67_004212-T1     -            275 20195                -            602   6.3e-14   49.5   0.0   1   1   6.5e-16   7.9e-14   49.2   0.0   138   243    62   168    45   183 0.83 ACNH67_004212
ACNH67_001641-T1     -            276 20195                -            602     1e-13   48.8   0.0   1   1   1.1e-15   1.3e-13   48.4   0.0   143   238   179   275   161   276 0.88 ACNH67_001641
ACNH67_000045-T1     -            253 20195                -            602     3e-13   47.2   0.0   1   1   3.1e-15   3.8e-13   46.9   0.0    79   231    32   189    26   198 0.75 ACNH67_000045
ACNH67_004386-T1     -            133 20195                -            602   4.5e-13   46.7   0.0   1   1   4.1e-15     5e-13   46.5   0.0   144   228    24   109     6   123 0.89 ACNH67_004386
ACNH67_001540-T1     -            330 20195                -            602   8.4e-12   42.5   0.0   1   1   9.2e-14   1.1e-11   42.1   0.0   513   598    90   175    61   179 0.90 ACNH67_001540
ACNH67_002556-T1     -           1967 20195                -            602   1.2e-11   41.9   0.2   1   4      0.33        40    0.6   0.0   136   201  1384  1446  1374  1465 0.67 ACNH67_002556
ACNH67_002556-T1     -           1967 20195                -            602   1.2e-11   41.9   0.2   2   4    0.0017       0.2    8.2   0.0   148   221  1521  1597  1482  1607 0.61 ACNH67_002556
ACNH67_002556-T1     -           1967 20195                -            602   1.2e-11   41.9   0.2   3   4     0.056       6.7    3.1   0.0   332   381  1708  1759  1700  1765 0.79 ACNH67_002556
ACNH67_002556-T1     -           1967 20195                -            602   1.2e-11   41.9   0.2   4   4     3e-08   3.6e-06   23.9   0.0   524   588  1840  1904  1833  1915 0.92 ACNH67_002556
ACNH67_002655-T1     -            421 20195                -            602   6.4e-11   39.5   0.0   1   3   6.7e-05    0.0081   12.8   0.0   514   583    25    96    11   100 0.84 ACNH67_002655
ACNH67_002655-T1     -            421 20195                -            602   6.4e-11   39.5   0.0   2   3      0.82        99   -0.7   0.0   180   204   169   193   164   199 0.86 ACNH67_002655
ACNH67_002655-T1     -            421 20195                -            602   6.4e-11   39.5   0.0   3   3     6e-08   7.2e-06   22.9   0.0   165   241   262   332   240   356 0.68 ACNH67_002655
ACNH67_002495-T1     -            856 20195                -            602   2.3e-10   37.7   0.0   1   1   2.7e-12   3.2e-10   37.2   0.0   431   512   679   761   669   772 0.87 ACNH67_002495
ACNH67_003758-T1     -            409 20195                -            602   4.4e-10   36.8   0.1   1   2      0.55        67   -0.1   0.1   415   453    66   104    55   109 0.73 ACNH67_003758
ACNH67_003758-T1     -            409 20195                -            602   4.4e-10   36.8   0.1   2   2   2.2e-11   2.6e-09   34.2   0.0   154   240   189   276   180   300 0.80 ACNH67_003758
ACNH67_000813-T1     -            561 20195                -            602   5.5e-10   36.5   0.0   1   1   6.4e-12   7.7e-10   36.0   0.0   513   595    44   124    37   130 0.89 ACNH67_000813
ACNH67_002995-T1     -            211 20195                -            602   7.2e-09   32.8   0.0   1   1   8.4e-11     1e-08   32.3   0.0   431   521    62   153    52   167 0.84 ACNH67_002995
ACNH67_004319-T1     -            163 20195                -            602   7.6e-09   32.7   0.1   1   1   7.5e-11   9.1e-09   32.4   0.1   165   240    82   157    75   163 0.91 ACNH67_004319
ACNH67_000421-T1     -            851 20195                -            602   1.2e-08   32.0   0.0   1   1   1.7e-10   2.1e-08   31.3   0.0   164   235    54   125    28   154 0.85 ACNH67_000421
ACNH67_005452-T1     -            524 20195                -            602   5.4e-08   29.9   0.0   1   1   6.6e-10   7.9e-08   29.3   0.0   157   250   116   210   111   218 0.84 ACNH67_005452
ACNH67_001826-T1     -            103 20195                -            602   1.1e-07   28.9   0.0   1   1   8.7e-10   1.1e-07   28.9   0.0   164   222    21    79     1    96 0.80 ACNH67_001826
ACNH67_002310-T1     -            271 20195                -            602   2.4e-07   27.7   0.0   1   1   2.4e-09   2.9e-07   27.5   0.0   154   240    52   138    40   147 0.85 ACNH67_002310
ACNH67_001422-T1     -            642 20195                -            602   2.4e-07   27.7   0.0   1   1     3e-09   3.6e-07   27.1   0.0   518   599   180   264   146   272 0.82 ACNH67_001422
ACNH67_004681-T2     -           1826 20195                -            602   2.7e-07   27.5   0.1   1   1   4.4e-09   5.3e-07   26.6   0.1   156   218    33    95     5   136 0.61 ACNH67_004681
ACNH67_001131-T1     -            133 20195                -            602   2.8e-07   27.5   0.0   1   1   2.6e-09   3.1e-07   27.4   0.0   172   244    27    99     8   116 0.74 ACNH67_001131
ACNH67_003649-T1     -            129 20195                -            602   5.5e-07   26.5   0.0   1   1   5.6e-09   6.7e-07   26.3   0.0   165   228    14    74     1    86 0.75 ACNH67_003649
ACNH67_005602-T1     -            390 20195                -            602   9.5e-07   25.8   0.7   1   1   7.9e-09   9.5e-07   25.8   0.7   109   226   149   262   118   279 0.52 ACNH67_005602
ACNH67_004707-T1     -            185 20195                -            602   4.3e-06   23.6   0.0   1   1   4.7e-08   5.7e-06   23.2   0.0   510   581    80   151    74   165 0.88 ACNH67_004707
ACNH67_001293-T1     -            621 20195                -            602     2e-05   21.4   1.1   1   5      0.78        94   -0.6   0.0   522   543    72    94    65   137 0.52 ACNH67_001293
ACNH67_001293-T1     -            621 20195                -            602     2e-05   21.4   1.1   2   5   3.3e-05    0.0039   13.8   0.0   107   194   165   253   143   255 0.84 ACNH67_001293
ACNH67_001293-T1     -            621 20195                -            602     2e-05   21.4   1.1   3   5      0.21        25    1.2   0.0   472   511   300   339   292   351 0.66 ACNH67_001293
ACNH67_001293-T1     -            621 20195                -            602     2e-05   21.4   1.1   4   5      0.51        62   -0.0   0.0   476   508   450   482   442   490 0.81 ACNH67_001293
ACNH67_001293-T1     -            621 20195                -            602     2e-05   21.4   1.1   5   5         4   4.8e+02   -3.0   1.9   219   260   507   548   496   550 0.76 ACNH67_001293
ACNH67_005285-T1     -           1266 20195                -            602   3.8e-05   20.5   0.0   1   1   4.6e-07   5.6e-05   19.9   0.0   140   216    72   152    29   170 0.74 ACNH67_005285
ACNH67_002129-T1     -            163 20195                -            602     5e-05   20.1   0.0   1   1   5.3e-07   6.4e-05   19.7   0.0   520   592    75   145    68   155 0.86 ACNH67_002129
ACNH67_002311-T1     -            298 20195                -            602   8.3e-05   19.4   0.7   1   1   9.1e-07   0.00011   19.0   0.7   184   258     2    75     1    81 0.87 ACNH67_002311
ACNH67_000399-T1     -            286 20195                -            602   8.4e-05   19.3   0.0   1   1   9.4e-07   0.00011   18.9   0.0   173   229    90   145    83   157 0.85 ACNH67_000399
ACNH67_004355-T1     -            423 20195                -            602   0.00016   18.4   0.0   1   1     2e-06   0.00024   17.8   0.0   157   582   171   235   156   265 0.52 ACNH67_004355
ACNH67_000777-T1     -            294 20195                -            602    0.0002   18.1   0.0   1   2   7.4e-06   0.00089   15.9   0.0   330   384     6    60     3    72 0.86 ACNH67_000777
ACNH67_000777-T1     -            294 20195                -            602    0.0002   18.1   0.0   2   2      0.78        94   -0.6   0.0   338   385   101   147    98   151 0.82 ACNH67_000777
ACNH67_004857-T1     -            181 20195                -            602   0.00035   17.3   0.0   1   1   3.8e-06   0.00046   16.9   0.0   167   233    11    82     9   106 0.81 ACNH67_004857
ACNH67_005099-T1     -            275 20195                -            602    0.0063   13.2   0.0   1   1     7e-05    0.0084   12.7   0.0   332   431     5   111     3   120 0.83 ACNH67_005099
ACNH67_005240-T1     -            433 20195                -            602    0.0084   12.7   0.0   1   1   9.9e-05     0.012   12.2   0.0   160   235   320   391   301   423 0.80 ACNH67_005240
ACNH67_001548-T1     -            189 20195                -            602    0.0097   12.5   0.0   1   1    0.0001     0.012   12.2   0.0   181   487     9    37     4    67 0.58 ACNH67_001548
ACNH67_001213-T1     -            278 20195                -            602     0.059    9.9   0.0   1   1   0.00071     0.085    9.4   0.0   154   214   107   168   103   174 0.90 ACNH67_001213
ACNH67_003384-T1     -            600 20195                -            602     0.077    9.6   0.0   1   1   0.00091      0.11    9.1   0.0   467   579   292   417   282   434 0.75 ACNH67_003384
#
# Program:         hmmsearch
# Version:         3.1b2 (February 2015)
# Pipeline mode:   SEARCH
# Query file:      /home/edouard/GregarineStuff/Lgryllorum_Genome_analysis/Funannotate/Run_v3/species_train/annotate_results/busco_downloads/lineages/apicomplexa_odb12/hmms/20195at5794.hmm
# Target file:     /home/edouard/GregarineStuff/Lgryllorum_Genome_analysis/Funannotate/Run_v3/species_train/annotate_results/Leidyana_gryllorum.proteins.fa
# Option settings: hmmsearch --domtblout /home/edouard/GregarineStuff/Lgryllorum_Genome_analysis/Funannotate/Run_v3/species_train/annotate_results/busco/run_apicomplexa_odb12/hmmer_output/initial_run_results/20195at5794.out --cpu 1 /home/edouard/GregarineStuff/Lgryllorum_Genome_analysis/Funannotate/Run_v3/species_train/annotate_results/busco_downloads/lineages/apicomplexa_odb12/hmms/20195at5794.hmm /home/edouard/GregarineStuff/Lgryllorum_Genome_analysis/Funannotate/Run_v3/species_train/annotate_results/Leidyana_gryllorum.proteins.fa 
# Current dir:     /home/edouard/GregarineStuff/Lgryllorum_Genome_analysis/Funannotate/Run_v3/species_train/annotate_results
# Date:            Tue Apr  1 17:36:42 2025
# [ok]
