#                                                                            --- full sequence --- -------------- this domain -------------   hmm coord   ali coord   env coord
# target name        accession   tlen query name           accession   qlen   E-value  score  bias   #  of  c-Evalue  i-Evalue  score  bias  from    to  from    to  from    to  acc description of target
#------------------- ---------- ----- -------------------- ---------- ----- --------- ------ ----- --- --- --------- --------- ------ ----- ----- ----- ----- ----- ----- ----- ---- ---------------------
ACNH67_004832-T1     -            867 2798                 -            354    4e-126  418.9   0.0   1   1  8.8e-128  5.3e-126  418.5   0.0    24   352   510   857   494   859 0.92 ACNH67_004832
ACNH67_004036-T1     -            504 2798                 -            354   4.3e-62  208.3   0.0   1   1   3.2e-63   1.9e-61  206.1   0.0    38   351   168   501   132   504 0.83 ACNH67_004036
ACNH67_003077-T1     -            558 2798                 -            354   4.3e-60  201.7   0.2   1   2   1.6e-55   9.6e-54  180.8   0.0    35   280   184   439   153   482 0.82 ACNH67_003077
ACNH67_003077-T1     -            558 2798                 -            354   4.3e-60  201.7   0.2   2   2   2.3e-06   0.00014   19.1   0.0   314   352   508   546   487   548 0.87 ACNH67_003077
ACNH67_002848-T1     -            852 2798                 -            354   1.8e-53  179.9   0.0   1   3   3.9e-05    0.0023   15.1   0.0    46   105    83   146    63   157 0.87 ACNH67_002848
ACNH67_002848-T1     -            852 2798                 -            354   1.8e-53  179.9   0.0   2   3   6.2e-13   3.8e-11   40.7   0.0   114   186   178   256   174   260 0.88 ACNH67_002848
ACNH67_002848-T1     -            852 2798                 -            354   1.8e-53  179.9   0.0   3   3     4e-37   2.4e-35  120.3   0.0   177   352   533   710   529   712 0.86 ACNH67_002848
ACNH67_003858-T1     -            525 2798                 -            354   7.9e-49  164.6   0.1   1   1   4.5e-48   2.7e-46  156.3   0.1    49   352     6   304     1   306 0.79 ACNH67_003858
ACNH67_005260-T1     -            397 2798                 -            354   1.5e-43  147.3   0.0   1   1   5.4e-45   3.2e-43  146.2   0.0    52   340   106   393    98   397 0.84 ACNH67_005260
ACNH67_003730-T1     -            286 2798                 -            354   2.2e-42  143.4   0.0   1   2   2.1e-37   1.3e-35  121.2   0.0    54   270     2   220     1   224 0.87 ACNH67_003730
ACNH67_003730-T1     -            286 2798                 -            354   2.2e-42  143.4   0.0   2   2   9.2e-07   5.5e-05   20.4   0.0   321   352   254   285   234   286 0.88 ACNH67_003730
ACNH67_004964-T1     -            442 2798                 -            354   3.6e-42  142.7   0.5   1   3     1e-22   6.2e-21   72.9   0.0    49   199    26   179     6   187 0.83 ACNH67_004964
ACNH67_004964-T1     -            442 2798                 -            354   3.6e-42  142.7   0.5   2   3   3.5e-13   2.1e-11   41.5   0.0   205   245   214   255   209   259 0.88 ACNH67_004964
ACNH67_004964-T1     -            442 2798                 -            354   3.6e-42  142.7   0.5   3   3   3.7e-08   2.2e-06   25.0   0.1   299   352   324   378   311   380 0.77 ACNH67_004964
ACNH67_004409-T1     -           2132 2798                 -            354   2.9e-41  139.8   0.0   1   2   9.5e-35   5.7e-33  112.5   0.0    51   263  1626  1842  1615  1844 0.86 ACNH67_004409
ACNH67_004409-T1     -           2132 2798                 -            354   2.9e-41  139.8   0.0   2   2   4.3e-08   2.6e-06   24.8   0.0   324   352  1861  1889  1853  1891 0.91 ACNH67_004409
ACNH67_001062-T1     -           1824 2798                 -            354   3.2e-41  139.6   0.2   1   2   8.1e-36   4.9e-34  116.0   0.1    49   252  1236  1444  1220  1452 0.85 ACNH67_001062
ACNH67_001062-T1     -           1824 2798                 -            354   3.2e-41  139.6   0.2   2   2   4.5e-07   2.7e-05   21.4   0.0   325   353  1478  1506  1467  1507 0.91 ACNH67_001062
ACNH67_005244-T1     -            386 2798                 -            354   4.5e-41  139.1   0.4   1   2   5.7e-37   3.4e-35  119.8   0.1    54   275    22   259    13   273 0.81 ACNH67_005244
ACNH67_005244-T1     -            386 2798                 -            354   4.5e-41  139.1   0.4   2   2   5.1e-05    0.0031   14.7   0.0   325   352   295   322   280   324 0.93 ACNH67_005244
ACNH67_000097-T1     -            410 2798                 -            354   4.2e-38  129.3   0.0   1   3     1e-15     6e-14   49.9   0.0    53   187    49   192     8   197 0.82 ACNH67_000097
ACNH67_000097-T1     -            410 2798                 -            354   4.2e-38  129.3   0.0   2   3     2e-17   1.2e-15   55.5   0.0   190   270   248   332   239   335 0.84 ACNH67_000097
ACNH67_000097-T1     -            410 2798                 -            354   4.2e-38  129.3   0.0   3   3   8.8e-07   5.3e-05   20.5   0.0   325   352   374   401   361   403 0.90 ACNH67_000097
ACNH67_004295-T1     -            623 2798                 -            354   3.7e-37  126.2   0.0   1   3   0.00012    0.0072   13.5   0.0    44   110    45   113    21   127 0.73 ACNH67_004295
ACNH67_004295-T1     -            623 2798                 -            354   3.7e-37  126.2   0.0   2   3   5.1e-10   3.1e-08   31.1   0.0   124   201   202   280   195   290 0.83 ACNH67_004295
ACNH67_004295-T1     -            623 2798                 -            354   3.7e-37  126.2   0.0   3   3   4.1e-24   2.4e-22   77.5   0.0   214   352   314   452   302   454 0.82 ACNH67_004295
ACNH67_004277-T1     -            378 2798                 -            354   3.8e-37  126.2   0.0   1   2   3.3e-32     2e-30  104.1   0.0    22   271    32   286    11   290 0.84 ACNH67_004277
ACNH67_004277-T1     -            378 2798                 -            354   3.8e-37  126.2   0.0   2   2   1.1e-06   6.4e-05   20.2   0.0   325   352   329   356   323   358 0.93 ACNH67_004277
ACNH67_002957-T1     -            477 2798                 -            354   4.6e-37  125.9   0.0   1   1   1.2e-37   7.3e-36  122.0   0.0    55   352     8   318     5   320 0.80 ACNH67_002957
ACNH67_001409-T1     -            502 2798                 -            354   6.6e-37  125.4   0.0   1   2   2.9e-30   1.7e-28   97.7   0.0    52   252    35   244    27   258 0.81 ACNH67_001409
ACNH67_001409-T1     -            502 2798                 -            354   6.6e-37  125.4   0.0   2   2   2.3e-08   1.4e-06   25.6   0.1   318   352   268   302   247   304 0.83 ACNH67_001409
ACNH67_004114-T1     -            514 2798                 -            354   6.5e-36  122.2   0.0   1   2   7.2e-11   4.4e-09   33.9   0.0   111   199     7    97     1   105 0.82 ACNH67_004114
ACNH67_004114-T1     -            514 2798                 -            354   6.5e-36  122.2   0.0   2   2   9.3e-27   5.6e-25   86.2   0.0   206   352   193   335   187   337 0.86 ACNH67_004114
ACNH67_003675-T1     -            596 2798                 -            354   1.5e-35  120.9   0.1   1   2   3.9e-30   2.3e-28   97.3   0.0    49   259   148   362   141   369 0.84 ACNH67_003675
ACNH67_003675-T1     -            596 2798                 -            354   1.5e-35  120.9   0.1   2   2   3.5e-07   2.1e-05   21.8   0.1   320   352   380   412   361   414 0.86 ACNH67_003675
ACNH67_005582-T1     -            631 2798                 -            354   1.6e-34  117.6   0.0   1   2   1.8e-29   1.1e-27   95.1   0.0    59   259   172   380   162   386 0.84 ACNH67_005582
ACNH67_005582-T1     -            631 2798                 -            354   1.6e-34  117.6   0.0   2   2     5e-07     3e-05   21.3   0.1   304   352   382   430   377   432 0.92 ACNH67_005582
ACNH67_001032-T1     -            605 2798                 -            354   8.1e-34  115.3   0.1   1   2   1.4e-26   8.7e-25   85.5   0.0    44   263   127   350   114   355 0.84 ACNH67_001032
ACNH67_001032-T1     -            605 2798                 -            354   8.1e-34  115.3   0.1   2   2   6.1e-09   3.7e-07   27.6   0.0   323   353   368   398   358   399 0.89 ACNH67_001032
ACNH67_002756-T1     -            373 2798                 -            354   1.3e-32  111.3   0.0   1   2   1.5e-28   9.1e-27   92.1   0.0    56   250    50   244    41   259 0.80 ACNH67_002756
ACNH67_002756-T1     -            373 2798                 -            354   1.3e-32  111.3   0.0   2   2   9.3e-06   0.00056   17.1   0.1   324   352   335   363   325   365 0.91 ACNH67_002756
ACNH67_004293-T1     -            322 2798                 -            354   2.2e-32  110.5   0.0   1   2     2e-27   1.2e-25   88.3   0.0    44   263    29   262    15   265 0.80 ACNH67_004293
ACNH67_004293-T1     -            322 2798                 -            354   2.2e-32  110.5   0.0   2   2   1.7e-06    0.0001   19.6   0.0   325   353   281   309   271   310 0.91 ACNH67_004293
ACNH67_001957-T1     -            771 2798                 -            354   2.3e-32  110.5   0.0   1   3   1.5e-09   9.2e-08   29.5   0.0    48   186   407   566   394   575 0.72 ACNH67_001957
ACNH67_001957-T1     -            771 2798                 -            354   2.3e-32  110.5   0.0   2   3   2.3e-15   1.4e-13   48.7   0.0   194   271   620   701   608   710 0.82 ACNH67_001957
ACNH67_001957-T1     -            771 2798                 -            354   2.3e-32  110.5   0.0   3   3   4.1e-09   2.5e-07   28.1   0.0   310   353   727   770   719   771 0.91 ACNH67_001957
ACNH67_005221-T1     -            316 2798                 -            354     4e-32  109.7   0.0   1   1   8.5e-34   5.1e-32  109.3   0.0    52   276    36   269    27   288 0.85 ACNH67_005221
ACNH67_002449-T1     -            467 2798                 -            354   1.1e-31  108.2   0.0   1   5       0.5        30    1.5   0.0    55    91     3    39     1    46 0.90 ACNH67_002449
ACNH67_002449-T1     -            467 2798                 -            354   1.1e-31  108.2   0.0   2   5     0.096       5.8    3.9   0.0   116   147   101   134    95   146 0.76 ACNH67_002449
ACNH67_002449-T1     -            467 2798                 -            354   1.1e-31  108.2   0.0   3   5   2.4e-10   1.5e-08   32.2   0.0   147   205   163   228   155   233 0.79 ACNH67_002449
ACNH67_002449-T1     -            467 2798                 -            354   1.1e-31  108.2   0.0   4   5   5.5e-13   3.3e-11   40.9   0.0   208   272   263   328   258   338 0.89 ACNH67_002449
ACNH67_002449-T1     -            467 2798                 -            354   1.1e-31  108.2   0.0   5   5     2e-07   1.2e-05   22.6   0.1   322   352   429   459   420   461 0.91 ACNH67_002449
ACNH67_000126-T1     -            665 2798                 -            354   1.1e-31  108.2   0.2   1   2   8.2e-28   4.9e-26   89.6   0.0    52   257   203   415   197   424 0.78 ACNH67_000126
ACNH67_000126-T1     -            665 2798                 -            354   1.1e-31  108.2   0.2   2   2   1.2e-05   0.00074   16.7   0.1   322   352   437   467   415   469 0.84 ACNH67_000126
ACNH67_002523-T1     -            677 2798                 -            354   3.6e-31  106.6   0.1   1   2       9.3   5.6e+02   -2.6   0.0    96   141   236   281   228   292 0.78 ACNH67_002523
ACNH67_002523-T1     -            677 2798                 -            354   3.6e-31  106.6   0.1   2   2   1.4e-32   8.5e-31  105.3   0.0    41   259   349   567   328   593 0.89 ACNH67_002523
ACNH67_004075-T1     -            655 2798                 -            354   1.3e-30  104.7   0.0   1   3    0.0069      0.42    7.7   0.0    42   107   104   173    96   182 0.79 ACNH67_004075
ACNH67_004075-T1     -            655 2798                 -            354   1.3e-30  104.7   0.0   2   3   7.6e-21   4.6e-19   66.7   0.0   124   263   248   389   241   392 0.85 ACNH67_004075
ACNH67_004075-T1     -            655 2798                 -            354   1.3e-30  104.7   0.0   3   3   1.4e-08   8.3e-07   26.4   0.0   325   352   409   436   394   438 0.91 ACNH67_004075
ACNH67_003062-T1     -            577 2798                 -            354     5e-29   99.5   0.0   1   2   3.8e-24   2.3e-22   77.6   0.0    48   263    63   279    44   288 0.88 ACNH67_003062
ACNH67_003062-T1     -            577 2798                 -            354     5e-29   99.5   0.0   2   2   1.9e-06   0.00012   19.3   0.1   326   352   300   326   289   328 0.91 ACNH67_003062
ACNH67_004244-T1     -            846 2798                 -            354   4.8e-28   96.3   0.1   1   3      0.22        13    2.7   0.0    54    89    43    78    32    85 0.91 ACNH67_004244
ACNH67_004244-T1     -            846 2798                 -            354   4.8e-28   96.3   0.1   2   3   7.2e-25   4.3e-23   80.0   0.0   157   264   227   333   212   335 0.90 ACNH67_004244
ACNH67_004244-T1     -            846 2798                 -            354   4.8e-28   96.3   0.1   3   3    0.0017       0.1    9.7   0.0   302   351   349   398   338   401 0.81 ACNH67_004244
ACNH67_003262-T1     -           1267 2798                 -            354   2.1e-27   94.1   0.0   1   2   3.3e-27     2e-25   87.6   0.0    56   252    16   220     7   224 0.83 ACNH67_003262
ACNH67_003262-T1     -           1267 2798                 -            354   2.1e-27   94.1   0.0   2   2     0.091       5.5    4.0   0.1   327   352   249   274   244   276 0.90 ACNH67_003262
ACNH67_002436-T1     -            305 2798                 -            354   2.7e-27   93.8   0.0   1   2   1.6e-23   9.7e-22   75.5   0.0   135   260     6   132     4   138 0.89 ACNH67_002436
ACNH67_002436-T1     -            305 2798                 -            354   2.7e-27   93.8   0.0   2   2   1.5e-05   0.00089   16.4   0.0   325   353   155   183   134   184 0.89 ACNH67_002436
ACNH67_004661-T1     -            883 2798                 -            354   3.1e-27   93.6   0.0   1   2   1.9e-22   1.1e-20   72.0   0.0    41   259   105   324    86   329 0.80 ACNH67_004661
ACNH67_004661-T1     -            883 2798                 -            354   3.1e-27   93.6   0.0   2   2   1.9e-06   0.00011   19.4   0.0   325   353   345   373   329   374 0.91 ACNH67_004661
ACNH67_004527-T1     -            526 2798                 -            354   3.2e-27   93.6   0.0   1   2     2e-26   1.2e-24   85.1   0.0    76   263     3   194     1   202 0.88 ACNH67_004527
ACNH67_004527-T1     -            526 2798                 -            354   3.2e-27   93.6   0.0   2   2     0.015      0.93    6.5   0.0   327   352   212   237   206   239 0.92 ACNH67_004527
ACNH67_003146-T1     -            655 2798                 -            354   1.9e-26   91.0   0.1   1   3   6.1e-12   3.7e-10   37.4   0.0   146   188   408   450   359   456 0.90 ACNH67_003146
ACNH67_003146-T1     -            655 2798                 -            354   1.9e-26   91.0   0.1   2   3   3.9e-08   2.4e-06   24.9   0.0   191   246   505   565   499   574 0.76 ACNH67_003146
ACNH67_003146-T1     -            655 2798                 -            354   1.9e-26   91.0   0.1   3   3     6e-08   3.6e-06   24.3   0.0   325   352   596   623   587   625 0.91 ACNH67_003146
ACNH67_001150-T1     -            290 2798                 -            354   3.1e-26   90.3   0.1   1   2   3.3e-23     2e-21   74.5   0.0    98   264    33   197    26   208 0.86 ACNH67_001150
ACNH67_001150-T1     -            290 2798                 -            354   3.1e-26   90.3   0.1   2   2   9.5e-05    0.0058   13.8   0.1   325   352   215   242   207   244 0.90 ACNH67_001150
ACNH67_005579-T1     -            415 2798                 -            354   1.8e-25   87.8   0.1   1   2   8.7e-18   5.3e-16   56.7   0.0    59   259   167   359   156   365 0.82 ACNH67_005579
ACNH67_005579-T1     -            415 2798                 -            354   1.8e-25   87.8   0.1   2   2   3.4e-07   2.1e-05   21.8   0.1   304   352   361   409   357   411 0.93 ACNH67_005579
ACNH67_003806-T1     -            484 2798                 -            354   1.9e-25   87.8   0.0   1   1   4.6e-27   2.8e-25   87.2   0.0    49   263   153   370   104   378 0.80 ACNH67_003806
ACNH67_004049-T1     -            914 2798                 -            354   1.5e-24   84.7   1.0   1   3   1.4e-12   8.2e-11   39.6   0.0    55   200   319   463   298   469 0.85 ACNH67_004049
ACNH67_004049-T1     -            914 2798                 -            354   1.5e-24   84.7   1.0   2   3   1.5e-06   9.1e-05   19.7   0.1   204   252   505   553   500   559 0.89 ACNH67_004049
ACNH67_004049-T1     -            914 2798                 -            354   1.5e-24   84.7   1.0   3   3   2.3e-07   1.4e-05   22.4   0.4   296   353   563   621   554   622 0.87 ACNH67_004049
ACNH67_004412-T1     -            387 2798                 -            354   1.7e-24   84.6   0.0   1   2   3.8e-25   2.3e-23   80.9   0.0    86   264     8   187     1   189 0.84 ACNH67_004412
ACNH67_004412-T1     -            387 2798                 -            354   1.7e-24   84.6   0.0   2   2      0.48        29    1.6   0.0   325   351   203   229   196   232 0.85 ACNH67_004412
ACNH67_002687-T1     -            638 2798                 -            354   4.6e-24   83.2   0.0   1   3   2.8e-14   1.7e-12   45.1   0.0    58   202   177   326   164   335 0.77 ACNH67_002687
ACNH67_002687-T1     -            638 2798                 -            354   4.6e-24   83.2   0.0   2   3   0.00012    0.0074   13.4   0.0   216   248   378   409   364   416 0.89 ACNH67_002687
ACNH67_002687-T1     -            638 2798                 -            354   4.6e-24   83.2   0.0   3   3   7.6e-07   4.6e-05   20.7   0.0   325   352   460   487   452   489 0.92 ACNH67_002687
ACNH67_005443-T1     -            702 2798                 -            354   8.3e-24   82.3   0.0   1   2   1.8e-24   1.1e-22   78.7   0.0    60   249    50   250    38   273 0.78 ACNH67_005443
ACNH67_005443-T1     -            702 2798                 -            354   8.3e-24   82.3   0.0   2   2      0.37        22    2.0   0.0   302   345   260   303   253   309 0.81 ACNH67_005443
ACNH67_001045-T1     -            528 2798                 -            354   1.6e-23   81.3   0.0   1   2   9.5e-21   5.7e-19   66.4   0.0   148   270   231   356   225   360 0.89 ACNH67_001045
ACNH67_001045-T1     -            528 2798                 -            354   1.6e-23   81.3   0.0   2   2   0.00018     0.011   12.9   0.0   326   352   390   416   367   418 0.90 ACNH67_001045
ACNH67_000828-T1     -            471 2798                 -            354   1.8e-23   81.2   0.1   1   3      0.32        19    2.2   0.0    56   109    18    79     9   117 0.71 ACNH67_000828
ACNH67_000828-T1     -            471 2798                 -            354   1.8e-23   81.2   0.1   2   3     3e-17   1.8e-15   54.9   0.0   152   245   141   242   136   251 0.80 ACNH67_000828
ACNH67_000828-T1     -            471 2798                 -            354   1.8e-23   81.2   0.1   3   3   1.1e-06   6.4e-05   20.2   0.1   312   352   301   341   295   343 0.95 ACNH67_000828
ACNH67_002049-T1     -            352 2798                 -            354   8.6e-23   79.0   0.0   1   1   1.8e-24   1.1e-22   78.6   0.0    42   251    93   304    68   319 0.86 ACNH67_002049
ACNH67_000353-T1     -            981 2798                 -            354   1.2e-22   78.5   0.0   1   2     6e-24   3.6e-22   76.9   0.0    55   264   666   880   650   907 0.85 ACNH67_000353
ACNH67_000353-T1     -            981 2798                 -            354   1.2e-22   78.5   0.0   2   2       3.7   2.2e+02   -1.3   0.0   325   352   895   927   885   928 0.77 ACNH67_000353
ACNH67_002686-T1     -            701 2798                 -            354   1.8e-22   77.9   0.0   1   3   1.3e-12   8.1e-11   39.6   0.0    58   202   197   360   183   369 0.63 ACNH67_002686
ACNH67_002686-T1     -            701 2798                 -            354   1.8e-22   77.9   0.0   2   3   0.00012    0.0072   13.5   0.0   216   248   412   443   397   451 0.87 ACNH67_002686
ACNH67_002686-T1     -            701 2798                 -            354   1.8e-22   77.9   0.0   3   3   6.4e-07   3.9e-05   20.9   0.0   325   352   481   508   474   510 0.92 ACNH67_002686
ACNH67_004408-T1     -            773 2798                 -            354   2.4e-22   77.5   0.0   1   2   1.5e-21   9.2e-20   69.0   0.0   107   253    95   251    38   257 0.86 ACNH67_004408
ACNH67_004408-T1     -            773 2798                 -            354   2.4e-22   77.5   0.0   2   2     0.016      0.99    6.4   0.0   321   352   271   302   250   304 0.85 ACNH67_004408
ACNH67_003394-T1     -            537 2798                 -            354   9.3e-22   75.6   0.0   1   2   1.1e-15   6.9e-14   49.7   0.0   110   264   126   295    66   301 0.71 ACNH67_003394
ACNH67_003394-T1     -            537 2798                 -            354   9.3e-22   75.6   0.0   2   2   8.1e-08   4.9e-06   23.9   0.0   324   352   314   342   306   344 0.91 ACNH67_003394
ACNH67_005347-T1     -            346 2798                 -            354   9.5e-22   75.6   0.0   1   1   1.9e-23   1.2e-21   75.3   0.0    50   264    32   250     2   275 0.85 ACNH67_005347
ACNH67_002165-T1     -           1516 2798                 -            354   2.8e-20   70.7   0.0   1   4   6.4e-05    0.0038   14.3   0.0    49    89   704   744   671   748 0.85 ACNH67_002165
ACNH67_002165-T1     -           1516 2798                 -            354   2.8e-20   70.7   0.0   2   4   8.4e-05    0.0051   14.0   0.0   155   186   923   956   915   961 0.87 ACNH67_002165
ACNH67_002165-T1     -           1516 2798                 -            354   2.8e-20   70.7   0.0   3   4   8.4e-08     5e-06   23.8   0.0   216   247  1386  1417  1379  1424 0.92 ACNH67_002165
ACNH67_002165-T1     -           1516 2798                 -            354   2.8e-20   70.7   0.0   4   4    0.0002     0.012   12.7   0.0   325   352  1485  1512  1477  1514 0.92 ACNH67_002165
ACNH67_003054-T1     -            700 2798                 -            354     1e-19   68.9   0.0   1   1   2.5e-21   1.5e-19   68.3   0.0    60   265   124   333    95   335 0.83 ACNH67_003054
ACNH67_003188-T1     -            329 2798                 -            354   2.2e-19   67.8   0.0   1   2   5.5e-15   3.3e-13   47.5   0.0   114   245    16   152     2   165 0.77 ACNH67_003188
ACNH67_003188-T1     -            329 2798                 -            354   2.2e-19   67.8   0.0   2   2   3.3e-06    0.0002   18.6   0.0   320   352   191   223   157   225 0.77 ACNH67_003188
ACNH67_002903-T1     -            600 2798                 -            354   4.4e-19   66.8   0.9   1   3   1.5e-09   9.2e-08   29.6   0.0   136   189   240   292   170   295 0.78 ACNH67_002903
ACNH67_002903-T1     -            600 2798                 -            354   4.4e-19   66.8   0.9   2   3   5.2e-07   3.2e-05   21.2   0.0   188   247   313   382   306   389 0.77 ACNH67_002903
ACNH67_002903-T1     -            600 2798                 -            354   4.4e-19   66.8   0.9   3   3   0.00017      0.01   12.9   0.2   325   351   423   450   417   453 0.87 ACNH67_002903
ACNH67_002685-T1     -            740 2798                 -            354   5.7e-17   59.8   0.3   1   2   2.5e-14   1.5e-12   45.3   0.1   128   206   481   558   449   565 0.89 ACNH67_002685
ACNH67_002685-T1     -            740 2798                 -            354   5.7e-17   59.8   0.3   2   2   0.00027     0.016   12.3   0.0   216   271   591   645   577   660 0.82 ACNH67_002685
ACNH67_001203-T1     -           1491 2798                 -            354   3.1e-16   57.4   0.0   1   1     1e-17   6.1e-16   56.4   0.0    54   264  1220  1441  1205  1443 0.76 ACNH67_001203
ACNH67_004099-T1     -            462 2798                 -            354   3.3e-14   50.7   0.2   1   3   1.5e-11   8.8e-10   36.2   0.0   109   202    54   146    37   155 0.85 ACNH67_004099
ACNH67_004099-T1     -            462 2798                 -            354   3.3e-14   50.7   0.2   2   3   0.00037     0.022   11.8   0.0   231   253   206   228   179   249 0.84 ACNH67_004099
ACNH67_004099-T1     -            462 2798                 -            354   3.3e-14   50.7   0.2   3   3       6.3   3.8e+02   -2.1   0.0   327   351   256   280   239   282 0.85 ACNH67_004099
ACNH67_000225-T1     -            904 2798                 -            354   4.2e-14   50.4   0.0   1   2   2.1e-09   1.3e-07   29.1   0.0    55   202    38   194    29   198 0.80 ACNH67_000225
ACNH67_000225-T1     -            904 2798                 -            354   4.2e-14   50.4   0.0   2   2   2.6e-06   0.00016   18.9   0.0   227   251   255   279   232   294 0.83 ACNH67_000225
ACNH67_000199-T1     -            563 2798                 -            354   9.2e-14   49.3   0.0   1   1   2.2e-15   1.3e-13   48.7   0.0    54   254   236   473   202   485 0.77 ACNH67_000199
ACNH67_002277-T1     -            486 2798                 -            354   4.3e-13   47.1   0.0   1   1   6.4e-13   3.9e-11   40.7   0.0   109   249   212   378   126   387 0.73 ACNH67_002277
ACNH67_004098-T1     -            363 2798                 -            354   7.7e-13   46.3   0.0   1   1   1.8e-14   1.1e-12   45.7   0.0    54   222   161   344   132   346 0.77 ACNH67_004098
ACNH67_003835-T1     -            323 2798                 -            354   2.9e-12   44.4   0.0   1   1   6.5e-14   3.9e-12   43.9   0.0   125   206    69   151    13   161 0.82 ACNH67_003835
ACNH67_003613-T1     -            401 2798                 -            354   1.1e-11   42.4   0.0   1   2   0.00041     0.025   11.7   0.0    40   108     4    73     1    93 0.87 ACNH67_003613
ACNH67_003613-T1     -            401 2798                 -            354   1.1e-11   42.4   0.0   2   2   1.5e-08   9.2e-07   26.3   0.1   117   206   143   247   135   251 0.74 ACNH67_003613
ACNH67_003409-T1     -           1358 2798                 -            354   1.7e-11   41.8   0.0   1   1   5.1e-13   3.1e-11   41.0   0.0    62   245   775   970   760   979 0.75 ACNH67_003409
ACNH67_004985-T1     -            726 2798                 -            354   2.4e-11   41.3   0.0   1   2   3.3e-10     2e-08   31.7   0.0   105   191   446   533   383   551 0.71 ACNH67_004985
ACNH67_004985-T1     -            726 2798                 -            354   2.4e-11   41.3   0.0   2   2     0.008      0.48    7.5   0.0   218   252   588   622   582   633 0.87 ACNH67_004985
ACNH67_001532-T1     -            468 2798                 -            354   4.4e-11   40.5   0.0   1   3      0.51        31    1.5   0.0    54    90    27    63     5    68 0.84 ACNH67_001532
ACNH67_001532-T1     -            468 2798                 -            354   4.4e-11   40.5   0.0   2   3   7.9e-06   0.00048   17.3   0.0   134   239   123   239    86   255 0.76 ACNH67_001532
ACNH67_001532-T1     -            468 2798                 -            354   4.4e-11   40.5   0.0   3   3   5.7e-06   0.00034   17.8   0.0   325   352   290   317   266   319 0.86 ACNH67_001532
ACNH67_004794-T2     -           1125 2798                 -            354   6.7e-11   39.9   0.0   1   2   1.1e-11   6.5e-10   36.6   0.0   102   248   449   608   443   636 0.75 ACNH67_004794
ACNH67_004794-T2     -           1125 2798                 -            354   6.7e-11   39.9   0.0   2   2       2.5   1.5e+02   -0.8   0.0   325   352   646   673   640   674 0.79 ACNH67_004794
ACNH67_000204-T1     -            289 2798                 -            354   7.1e-11   39.8   0.0   1   1   1.9e-12   1.1e-10   39.1   0.0   124   208    18   105     8   154 0.86 ACNH67_000204
ACNH67_004794-T1     -           1179 2798                 -            354   7.7e-11   39.7   0.0   1   2   1.2e-11   7.2e-10   36.5   0.0   103   248   450   608   444   636 0.75 ACNH67_004794
ACNH67_004794-T1     -           1179 2798                 -            354   7.7e-11   39.7   0.0   2   2       2.6   1.6e+02   -0.8   0.0   325   352   646   673   640   674 0.79 ACNH67_004794
ACNH67_002902-T1     -            327 2798                 -            354   8.3e-11   39.6   0.0   1   1   3.6e-12   2.2e-10   38.2   0.0   148   260   118   247   106   249 0.86 ACNH67_002902
ACNH67_001310-T1     -            406 2798                 -            354   1.1e-10   39.1   0.1   1   4   2.5e-05    0.0015   15.7   0.0    53    88    17    52     8    59 0.91 ACNH67_001310
ACNH67_001310-T1     -            406 2798                 -            354   1.1e-10   39.1   0.1   2   4   0.00018     0.011   12.9   0.0   155   186   159   190   148   197 0.84 ACNH67_001310
ACNH67_001310-T1     -            406 2798                 -            354   1.1e-10   39.1   0.1   3   4     0.049       2.9    4.9   0.0   194   242   278   333   268   339 0.58 ACNH67_001310
ACNH67_001310-T1     -            406 2798                 -            354   1.1e-10   39.1   0.1   4   4       2.3   1.4e+02   -0.6   0.0   321   344   371   394   366   400 0.81 ACNH67_001310
ACNH67_000503-T1     -           1158 2798                 -            354   1.3e-10   39.0   0.0   1   1   3.3e-12     2e-10   38.3   0.0   149   249   976  1091   968  1098 0.76 ACNH67_000503
ACNH67_004268-T1     -            912 2798                 -            354   1.9e-10   38.4   0.0   1   2   1.7e-05     0.001   16.2   0.0   136   252   690   818   641   831 0.83 ACNH67_004268
ACNH67_004268-T1     -            912 2798                 -            354   1.9e-10   38.4   0.0   2   2   1.3e-06   7.8e-05   19.9   0.1   311   353   851   893   837   894 0.89 ACNH67_004268
ACNH67_001470-T1     -            477 2798                 -            354     3e-10   37.8   0.1   1   1   6.7e-12   4.1e-10   37.3   0.1    93   188   342   437   299   441 0.86 ACNH67_001470
ACNH67_000223-T1     -            347 2798                 -            354   8.2e-10   36.3   0.0   1   1   1.9e-11   1.1e-09   35.8   0.0    54   202   102   259    63   268 0.81 ACNH67_000223
ACNH67_003228-T1     -            301 2798                 -            354   1.3e-09   35.7   0.0   1   1   2.9e-11   1.8e-09   35.2   0.0   132   205     2    76     1    82 0.88 ACNH67_003228
ACNH67_003204-T1     -           1467 2798                 -            354     5e-09   33.7   0.0   1   3     6e-06   0.00036   17.7   0.0   149   191   406   448   377   480 0.71 ACNH67_003204
ACNH67_003204-T1     -           1467 2798                 -            354     5e-09   33.7   0.0   2   3    0.0052      0.31    8.1   0.0   213   246   504   538   494   557 0.84 ACNH67_003204
ACNH67_003204-T1     -           1467 2798                 -            354     5e-09   33.7   0.0   3   3     0.083         5    4.1   0.0   316   347   564   595   541   597 0.79 ACNH67_003204
ACNH67_003821-T1     -            326 2798                 -            354   6.4e-09   33.4   0.0   1   2   3.8e-07   2.3e-05   21.7   0.0   125   187    43   108    40   121 0.79 ACNH67_003821
ACNH67_003821-T1     -            326 2798                 -            354   6.4e-09   33.4   0.0   2   2    0.0015     0.093    9.8   0.0   324   352   264   292   213   294 0.76 ACNH67_003821
ACNH67_002171-T1     -            365 2798                 -            354   3.8e-08   30.8   0.0   1   2   8.6e-08   5.2e-06   23.8   0.0   150   253   174   283   165   289 0.76 ACNH67_002171
ACNH67_002171-T1     -            365 2798                 -            354   3.8e-08   30.8   0.0   2   2     0.061       3.6    4.6   0.0   323   347   331   355   298   357 0.80 ACNH67_002171
ACNH67_000838-T1     -            320 2798                 -            354     7e-08   29.9   0.0   1   1   1.8e-09   1.1e-07   29.3   0.0   145   252   132   246   128   259 0.82 ACNH67_000838
ACNH67_002749-T1     -            939 2798                 -            354   8.4e-07   26.4   0.3   1   3   2.8e-06   0.00017   18.8   0.0   115   202   222   310   213   315 0.76 ACNH67_002749
ACNH67_002749-T1     -            939 2798                 -            354   8.4e-07   26.4   0.3   2   3      0.83        50    0.8   0.0   227   253   377   403   375   420 0.85 ACNH67_002749
ACNH67_002749-T1     -            939 2798                 -            354   8.4e-07   26.4   0.3   3   3      0.22        14    2.7   0.1   322   352   441   471   418   473 0.79 ACNH67_002749
ACNH67_002396-T1     -           1379 2798                 -            354   2.9e-06   24.6   0.0   1   1   1.1e-07   6.7e-06   23.4   0.0   157   204  1104  1148  1089  1163 0.84 ACNH67_002396
ACNH67_003764-T1     -           1625 2798                 -            354     1e-05   22.8   0.1   1   2     1e-05   0.00061   17.0   0.0   153   204  1437  1486  1425  1492 0.85 ACNH67_003764
ACNH67_003764-T1     -           1625 2798                 -            354     1e-05   22.8   0.1   2   2      0.15       9.1    3.3   0.0   219   249  1552  1586  1541  1592 0.78 ACNH67_003764
ACNH67_003163-T1     -           1002 2798                 -            354   1.7e-05   22.1   0.0   1   2       2.4   1.4e+02   -0.7   0.0   162   189   242   269   228   272 0.79 ACNH67_003163
ACNH67_003163-T1     -           1002 2798                 -            354   1.7e-05   22.1   0.0   2   2   1.5e-06     9e-05   19.7   0.0   137   189   737   789   725   795 0.87 ACNH67_003163
ACNH67_000564-T1     -            871 2798                 -            354   4.2e-05   20.8   0.0   1   1   1.3e-06   7.7e-05   19.9   0.0   158   248   628   724   619   732 0.85 ACNH67_000564
ACNH67_001469-T1     -            259 2798                 -            354   8.2e-05   19.8   0.0   1   1   1.9e-06   0.00011   19.4   0.0   219   253     2    36     1    39 0.91 ACNH67_001469
ACNH67_002437-T1     -            340 2798                 -            354   9.9e-05   19.6   0.0   1   1   2.4e-06   0.00014   19.0   0.0    55   110   273   330   268   338 0.88 ACNH67_002437
ACNH67_000396-T1     -            132 2798                 -            354   0.00032   17.9   0.0   1   1   7.4e-06   0.00044   17.4   0.0   216   263    30    79    27    83 0.77 ACNH67_000396
ACNH67_002423-T1     -            228 2798                 -            354    0.0016   15.6   0.0   1   1     3e-05    0.0018   15.5   0.0   152   206   103   168    32   182 0.76 ACNH67_002423
ACNH67_000598-T1     -           1026 2798                 -            354    0.0034   14.5   0.0   1   2   0.00046     0.028   11.5   0.0   161   186   766   791   749   797 0.86 ACNH67_000598
ACNH67_000598-T1     -           1026 2798                 -            354    0.0034   14.5   0.0   2   2       1.3        78    0.2   0.0   193   242   824   878   814   885 0.80 ACNH67_000598
ACNH67_003495-T1     -            734 2798                 -            354    0.0039   14.3   0.0   1   1   0.00029     0.018   12.2   0.0   164   222   391   454   380   503 0.59 ACNH67_003495
ACNH67_002787-T1     -            469 2798                 -            354    0.0057   13.8   0.1   1   2      0.03       1.8    5.5   0.0   157   187   267   297   242   309 0.80 ACNH67_002787
ACNH67_002787-T1     -            469 2798                 -            354    0.0057   13.8   0.1   2   2     0.022       1.3    6.0   0.0   293   340   370   420   353   427 0.68 ACNH67_002787
ACNH67_004979-T1     -            251 2798                 -            354    0.0098   13.0   0.0   1   1    0.0014     0.085    9.9   0.0   157   180   220   243   103   247 0.55 ACNH67_004979
ACNH67_001205-T1     -            176 2798                 -            354     0.051   10.7   0.0   1   1     0.001     0.062   10.4   0.0   231   245    70    84    19    90 0.92 ACNH67_001205
#
# Program:         hmmsearch
# Version:         3.1b2 (February 2015)
# Pipeline mode:   SEARCH
# Query file:      /home/edouard/GregarineStuff/Lgryllorum_Genome_analysis/Funannotate/Run_v3/species_train/annotate_results/busco_downloads/lineages/apicomplexa_odb12/hmms/2798at5794.hmm
# Target file:     /home/edouard/GregarineStuff/Lgryllorum_Genome_analysis/Funannotate/Run_v3/species_train/annotate_results/Leidyana_gryllorum.proteins.fa
# Option settings: hmmsearch --domtblout /home/edouard/GregarineStuff/Lgryllorum_Genome_analysis/Funannotate/Run_v3/species_train/annotate_results/busco/run_apicomplexa_odb12/hmmer_output/initial_run_results/2798at5794.out --cpu 1 /home/edouard/GregarineStuff/Lgryllorum_Genome_analysis/Funannotate/Run_v3/species_train/annotate_results/busco_downloads/lineages/apicomplexa_odb12/hmms/2798at5794.hmm /home/edouard/GregarineStuff/Lgryllorum_Genome_analysis/Funannotate/Run_v3/species_train/annotate_results/Leidyana_gryllorum.proteins.fa 
# Current dir:     /home/edouard/GregarineStuff/Lgryllorum_Genome_analysis/Funannotate/Run_v3/species_train/annotate_results
# Date:            Tue Apr  1 17:36:44 2025
# [ok]
