#                                                                            --- full sequence --- -------------- this domain -------------   hmm coord   ali coord   env coord
# target name        accession   tlen query name           accession   qlen   E-value  score  bias   #  of  c-Evalue  i-Evalue  score  bias  from    to  from    to  from    to  acc description of target
#------------------- ---------- ----- -------------------- ---------- ----- --------- ------ ----- --- --- --------- --------- ------ ----- ----- ----- ----- ----- ----- ----- ---- ---------------------
ACNH67_005624-T1     -            739 2981                 -            302  3.4e-106  353.0  12.1   1   1  6.8e-109  4.8e-106  352.5  12.1     7   290   448   734   444   738 0.96 ACNH67_005624
ACNH67_003145-T1     -            222 2981                 -            302   3.1e-07   28.0   0.2   1   2   1.4e-09     1e-06   26.3   0.1    67   161    26   126    16   134 0.68 ACNH67_003145
ACNH67_003145-T1     -            222 2981                 -            302   3.1e-07   28.0   0.2   2   2    0.0026       1.8    5.8   0.0    39   277    89   128    80   152 0.48 ACNH67_003145
ACNH67_002128-T1     -           1313 2981                 -            302   5.6e-07   27.2   2.1   1   2   9.7e-10   6.9e-07   26.9   0.6   167   297    93   228    89   233 0.80 ACNH67_002128
ACNH67_002128-T1     -           1313 2981                 -            302   5.6e-07   27.2   2.1   2   2      0.73   5.2e+02   -2.3   0.0    52    74   844   866   809   867 0.81 ACNH67_002128
ACNH67_001175-T1     -           1826 2981                 -            302   7.5e-07   26.8   0.1   1   1   1.7e-09   1.2e-06   26.0   0.1   144   232    92   183    80   201 0.87 ACNH67_001175
ACNH67_005593-T1     -            313 2981                 -            302     1e-05   23.1   0.0   1   3    0.0007      0.49    7.7   0.0   173   252   100   180    88   191 0.84 ACNH67_005593
ACNH67_005593-T1     -            313 2981                 -            302     1e-05   23.1   0.0   2   3   1.8e-05     0.012   12.9   0.0   123   201   190   282   178   289 0.77 ACNH67_005593
ACNH67_005593-T1     -            313 2981                 -            302     1e-05   23.1   0.0   3   3      0.11        79    0.4   0.0   261   296   274   308   267   312 0.84 ACNH67_005593
ACNH67_003354-T1     -            289 2981                 -            302   5.6e-05   20.6   0.1   1   2   5.3e-06    0.0037   14.6   0.0    20    96    30   109    11   110 0.77 ACNH67_003354
ACNH67_003354-T1     -            289 2981                 -            302   5.6e-05   20.6   0.1   2   2   5.4e-05     0.038   11.3   0.1   157   213    84   142    81   171 0.66 ACNH67_003354
ACNH67_005109-T1     -            711 2981                 -            302    0.0062   13.9   0.2   1   1   3.3e-05     0.024   12.0   0.2    67   138   300   385   295   395 0.72 ACNH67_005109
ACNH67_004339-T1     -           1215 2981                 -            302     0.011   13.1   0.2   1   1   2.3e-05     0.016   12.5   0.2    60   209     7   159     1   179 0.81 ACNH67_004339
#
# Program:         hmmsearch
# Version:         3.1b2 (February 2015)
# Pipeline mode:   SEARCH
# Query file:      /home/edouard/GregarineStuff/Lgryllorum_Genome_analysis/Funannotate/Run_v3/species_train/annotate_results/busco_downloads/lineages/apicomplexa_odb12/hmms/2981at5794.hmm
# Target file:     /home/edouard/GregarineStuff/Lgryllorum_Genome_analysis/Funannotate/Run_v3/species_train/annotate_results/Leidyana_gryllorum.proteins.fa
# Option settings: hmmsearch --domtblout /home/edouard/GregarineStuff/Lgryllorum_Genome_analysis/Funannotate/Run_v3/species_train/annotate_results/busco/run_apicomplexa_odb12/hmmer_output/initial_run_results/2981at5794.out --cpu 1 /home/edouard/GregarineStuff/Lgryllorum_Genome_analysis/Funannotate/Run_v3/species_train/annotate_results/busco_downloads/lineages/apicomplexa_odb12/hmms/2981at5794.hmm /home/edouard/GregarineStuff/Lgryllorum_Genome_analysis/Funannotate/Run_v3/species_train/annotate_results/Leidyana_gryllorum.proteins.fa 
# Current dir:     /home/edouard/GregarineStuff/Lgryllorum_Genome_analysis/Funannotate/Run_v3/species_train/annotate_results
# Date:            Tue Apr  1 17:36:45 2025
# [ok]
