#                                                                            --- full sequence --- -------------- this domain -------------   hmm coord   ali coord   env coord
# target name        accession   tlen query name           accession   qlen   E-value  score  bias   #  of  c-Evalue  i-Evalue  score  bias  from    to  from    to  from    to  acc description of target
#------------------- ---------- ----- -------------------- ---------- ----- --------- ------ ----- --- --- --------- --------- ------ ----- ----- ----- ----- ----- ----- ----- ---- ---------------------
ACNH67_001320-T1     -            840 31016                -            811         0 1540.9   0.1   1   1         0         0 1540.7   0.1     1   811    22   840    22   840 0.99 ACNH67_001320
ACNH67_001655-T1     -            840 31016                -            811         0 1539.7   0.2   1   1         0         0 1539.6   0.2     1   811    22   840    22   840 0.99 ACNH67_001655
ACNH67_005168-T1     -           1009 31016                -            811  4.5e-167  555.4   0.0   1   1  3.4e-169  2.1e-166  553.1   0.0    31   801   188   992   133  1001 0.90 ACNH67_005168
ACNH67_003121-T1     -           1101 31016                -            811   3.2e-72  241.7   0.0   1   4   1.3e-51   8.4e-49  164.2   0.0    37   384     2   398     1   412 0.70 ACNH67_003121
ACNH67_003121-T1     -           1101 31016                -            811   3.2e-72  241.7   0.0   2   4   2.2e-11   1.4e-08   31.2   0.0   456   543   574   662   553   669 0.91 ACNH67_003121
ACNH67_003121-T1     -           1101 31016                -            811   3.2e-72  241.7   0.0   3   4   3.4e-05     0.021   10.7   0.0   614   664   834   885   817   901 0.84 ACNH67_003121
ACNH67_003121-T1     -           1101 31016                -            811   3.2e-72  241.7   0.0   4   4   6.1e-11   3.8e-08   29.7   0.0   679   780   942  1043   929  1052 0.91 ACNH67_003121
ACNH67_001967-T1     -            516 31016                -            811   8.3e-08   28.6   1.2   1   1   2.2e-10   1.4e-07   27.8   1.2     3   126     9   121     7   132 0.71 ACNH67_001967
ACNH67_003840-T1     -            323 31016                -            811    0.0001   18.3   0.0   1   1   2.2e-07   0.00014   17.9   0.0    73   158   148   233    87   245 0.86 ACNH67_003840
ACNH67_004222-T1     -            438 31016                -            811    0.0006   15.8   0.1   1   1     2e-06    0.0012   14.8   0.1     2   104    11   118    10   158 0.72 ACNH67_004222
ACNH67_004224-T1     -            438 31016                -            811    0.0006   15.8   0.1   1   1     2e-06    0.0012   14.8   0.1     2   104    11   118    10   158 0.72 ACNH67_004224
ACNH67_000059-T1     -            444 31016                -            811   0.00087   15.3   0.1   1   1   2.9e-06    0.0018   14.2   0.1     2   104    11   118    10   159 0.72 ACNH67_000059
#
# Program:         hmmsearch
# Version:         3.1b2 (February 2015)
# Pipeline mode:   SEARCH
# Query file:      /home/edouard/GregarineStuff/Lgryllorum_Genome_analysis/Funannotate/Run_v3/species_train/annotate_results/busco_downloads/lineages/apicomplexa_odb12/hmms/31016at5794.hmm
# Target file:     /home/edouard/GregarineStuff/Lgryllorum_Genome_analysis/Funannotate/Run_v3/species_train/annotate_results/Leidyana_gryllorum.proteins.fa
# Option settings: hmmsearch --domtblout /home/edouard/GregarineStuff/Lgryllorum_Genome_analysis/Funannotate/Run_v3/species_train/annotate_results/busco/run_apicomplexa_odb12/hmmer_output/initial_run_results/31016at5794.out --cpu 1 /home/edouard/GregarineStuff/Lgryllorum_Genome_analysis/Funannotate/Run_v3/species_train/annotate_results/busco_downloads/lineages/apicomplexa_odb12/hmms/31016at5794.hmm /home/edouard/GregarineStuff/Lgryllorum_Genome_analysis/Funannotate/Run_v3/species_train/annotate_results/Leidyana_gryllorum.proteins.fa 
# Current dir:     /home/edouard/GregarineStuff/Lgryllorum_Genome_analysis/Funannotate/Run_v3/species_train/annotate_results
# Date:            Tue Apr  1 17:36:46 2025
# [ok]
