#                                                                            --- full sequence --- -------------- this domain -------------   hmm coord   ali coord   env coord
# target name        accession   tlen query name           accession   qlen   E-value  score  bias   #  of  c-Evalue  i-Evalue  score  bias  from    to  from    to  from    to  acc description of target
#------------------- ---------- ----- -------------------- ---------- ----- --------- ------ ----- --- --- --------- --------- ------ ----- ----- ----- ----- ----- ----- ----- ---- ---------------------
ACNH67_002061-T1     -            696 31030                -            669  9.5e-155  514.7   0.0   1   1  5.2e-157    2e-154  513.6   0.0    35   643    19   681    11   690 0.87 ACNH67_002061
ACNH67_004976-T1     -            635 31030                -            669   4.7e-10   36.5   0.0   1   1   3.9e-12   1.5e-09   34.9   0.0   194   485    38   351    26   439 0.74 ACNH67_004976
ACNH67_002393-T1     -            683 31030                -            669   5.1e-07   26.5   0.2   1   3   4.9e-06    0.0018   14.8   0.0    73   119   170   216   135   254 0.80 ACNH67_002393
ACNH67_002393-T1     -            683 31030                -            669   5.1e-07   26.5   0.2   2   3       0.2        76   -0.5   0.0    81   119   266   304   238   347 0.70 ACNH67_002393
ACNH67_002393-T1     -            683 31030                -            669   5.1e-07   26.5   0.2   3   3   0.00042      0.16    8.4   0.0    53   108   404   457   353   476 0.72 ACNH67_002393
ACNH67_003772-T1     -           1184 31030                -            669   8.3e-07   25.8   0.0   1   2      0.17        63   -0.2   0.0   195   220    55    81    45    89 0.82 ACNH67_003772
ACNH67_003772-T1     -           1184 31030                -            669   8.3e-07   25.8   0.0   2   2   1.7e-08   6.3e-06   22.9   0.0   469   568   387   484   372   502 0.85 ACNH67_003772
ACNH67_001323-T1     -            521 31030                -            669     5e-06   23.2   0.2   1   3      0.04        15    1.8   0.0   470   527   134   191   106   202 0.83 ACNH67_001323
ACNH67_001323-T1     -            521 31030                -            669     5e-06   23.2   0.2   2   3      0.12        44    0.3   0.0   170   199   253   282   245   293 0.67 ACNH67_001323
ACNH67_001323-T1     -            521 31030                -            669     5e-06   23.2   0.2   3   3   1.6e-06   0.00062   16.3   0.0   162   294   378   507   365   519 0.68 ACNH67_001323
ACNH67_004592-T1     -            718 31030                -            669   2.2e-05   21.1   2.1   1   3     0.015       5.5    3.3   0.1    55   156   215   317   160   322 0.73 ACNH67_004592
ACNH67_004592-T1     -            718 31030                -            669   2.2e-05   21.1   2.1   2   3   0.00017     0.064    9.7   0.2    12   124   497   607   491   626 0.70 ACNH67_004592
ACNH67_004592-T1     -            718 31030                -            669   2.2e-05   21.1   2.1   3   3    0.0029       1.1    5.6   0.0    74   116   666   708   650   717 0.88 ACNH67_004592
ACNH67_003464-T1     -           1814 31030                -            669   0.00028   17.5   0.0   1   2    0.0014      0.53    6.6   0.0    54   106  1406  1458  1402  1475 0.87 ACNH67_003464
ACNH67_003464-T1     -           1814 31030                -            669   0.00028   17.5   0.0   2   2    0.0004      0.15    8.4   0.0    75   136  1702  1761  1696  1767 0.77 ACNH67_003464
ACNH67_004094-T1     -           1385 31030                -            669     0.001   15.6   0.2   1   4    0.0041       1.6    5.1   0.1   465   490   518   543   486   551 0.74 ACNH67_004094
ACNH67_004094-T1     -           1385 31030                -            669     0.001   15.6   0.2   2   4    0.0028       1.1    5.6   0.0   182   221   556   598   544   617 0.83 ACNH67_004094
ACNH67_004094-T1     -           1385 31030                -            669     0.001   15.6   0.2   3   4      0.16        61   -0.2   0.0   248   283   908   943   904   966 0.76 ACNH67_004094
ACNH67_004094-T1     -           1385 31030                -            669     0.001   15.6   0.2   4   4       2.1   7.8e+02   -3.8   0.0   281   312  1061  1094  1051  1097 0.76 ACNH67_004094
ACNH67_003255-T1     -            761 31030                -            669    0.0015   15.0   0.0   1   3    0.0032       1.2    5.5   0.0   213   301   182   264   145   283 0.53 ACNH67_003255
ACNH67_003255-T1     -            761 31030                -            669    0.0015   15.0   0.0   2   3       0.1        40    0.4   0.0   261   310   488   538   479   546 0.83 ACNH67_003255
ACNH67_003255-T1     -            761 31030                -            669    0.0015   15.0   0.0   3   3    0.0055       2.1    4.7   0.1   276   498   679   713   648   734 0.53 ACNH67_003255
ACNH67_004183-T1     -            952 31030                -            669    0.0028   14.2   0.0   1   1   1.5e-05    0.0058   13.1   0.0   254   312   114   169   106   201 0.84 ACNH67_004183
ACNH67_004652-T1     -            353 31030                -            669    0.0048   13.4   1.7   1   4    0.0092       3.5    3.9   0.0   228   278    73   120    65   144 0.78 ACNH67_004652
ACNH67_004652-T1     -            353 31030                -            669    0.0048   13.4   1.7   2   4      0.32   1.2e+02   -1.1   0.0   210   272   138   201   129   212 0.65 ACNH67_004652
ACNH67_004652-T1     -            353 31030                -            669    0.0048   13.4   1.7   3   4      0.17        64   -0.3   0.0   257   317   228   282   202   293 0.78 ACNH67_004652
ACNH67_004652-T1     -            353 31030                -            669    0.0048   13.4   1.7   4   4    0.0023      0.87    5.9   0.1   471   492   326   347   322   353 0.85 ACNH67_004652
ACNH67_004646-T1     -            221 31030                -            669    0.0056   13.2   0.0   1   2     0.014       5.4    3.3   0.0    74   117    51    94    33   102 0.82 ACNH67_004646
ACNH67_004646-T1     -            221 31030                -            669    0.0056   13.2   0.0   2   2   0.00058      0.22    7.9   0.0    76   110   166   200   158   212 0.87 ACNH67_004646
ACNH67_004212-T1     -            275 31030                -            669    0.0092   12.4   0.0   1   1   2.9e-05     0.011   12.2   0.0    74   117   106   149    93   183 0.79 ACNH67_004212
ACNH67_004134-T1     -            621 31030                -            669     0.023   11.2   0.0   1   3      0.69   2.6e+02   -2.3   0.0    82   130   191   238   184   251 0.83 ACNH67_004134
ACNH67_004134-T1     -            621 31030                -            669     0.023   11.2   0.0   2   3     0.016       6.2    3.1   0.0    76   114   290   328   282   335 0.88 ACNH67_004134
ACNH67_004134-T1     -            621 31030                -            669     0.023   11.2   0.0   3   3     0.005       1.9    4.8   0.0    77   112   406   441   395   450 0.85 ACNH67_004134
ACNH67_004487-T1     -            380 31030                -            669     0.023   11.1   0.6   1   3     0.045        17    1.7   0.0    85   112     2    29     1    39 0.89 ACNH67_004487
ACNH67_004487-T1     -            380 31030                -            669     0.023   11.1   0.6   2   3    0.0049       1.8    4.9   0.0    78   109    95   126    69   130 0.82 ACNH67_004487
ACNH67_004487-T1     -            380 31030                -            669     0.023   11.1   0.6   3   3     0.061        23    1.2   0.0    79   124   265   310   255   327 0.76 ACNH67_004487
#
# Program:         hmmsearch
# Version:         3.1b2 (February 2015)
# Pipeline mode:   SEARCH
# Query file:      /home/edouard/GregarineStuff/Lgryllorum_Genome_analysis/Funannotate/Run_v3/species_train/annotate_results/busco_downloads/lineages/apicomplexa_odb12/hmms/31030at5794.hmm
# Target file:     /home/edouard/GregarineStuff/Lgryllorum_Genome_analysis/Funannotate/Run_v3/species_train/annotate_results/Leidyana_gryllorum.proteins.fa
# Option settings: hmmsearch --domtblout /home/edouard/GregarineStuff/Lgryllorum_Genome_analysis/Funannotate/Run_v3/species_train/annotate_results/busco/run_apicomplexa_odb12/hmmer_output/initial_run_results/31030at5794.out --cpu 1 /home/edouard/GregarineStuff/Lgryllorum_Genome_analysis/Funannotate/Run_v3/species_train/annotate_results/busco_downloads/lineages/apicomplexa_odb12/hmms/31030at5794.hmm /home/edouard/GregarineStuff/Lgryllorum_Genome_analysis/Funannotate/Run_v3/species_train/annotate_results/Leidyana_gryllorum.proteins.fa 
# Current dir:     /home/edouard/GregarineStuff/Lgryllorum_Genome_analysis/Funannotate/Run_v3/species_train/annotate_results
# Date:            Tue Apr  1 17:36:47 2025
# [ok]
