#                                                                            --- full sequence --- -------------- this domain -------------   hmm coord   ali coord   env coord
# target name        accession   tlen query name           accession   qlen   E-value  score  bias   #  of  c-Evalue  i-Evalue  score  bias  from    to  from    to  from    to  acc description of target
#------------------- ---------- ----- -------------------- ---------- ----- --------- ------ ----- --- --- --------- --------- ------ ----- ----- ----- ----- ----- ----- ----- ---- ---------------------
ACNH67_002986-T1     -            531 31183                -            499  5.1e-102  339.9   0.0   1   2   6.3e-90   7.2e-87  290.0   0.0    50   381    59   388    24   399 0.86 ACNH67_002986
ACNH67_002986-T1     -            531 31183                -            499  5.1e-102  339.9   0.0   2   2   1.6e-16   1.8e-13   47.9   0.1   396   481   434   519   419   528 0.89 ACNH67_002986
ACNH67_001312-T1     -           1220 31183                -            499   4.7e-14   49.8   0.0   1   1   6.7e-17   7.6e-14   49.1   0.0    98   316    51   286    43   311 0.80 ACNH67_001312
ACNH67_004131-T1     -           1009 31183                -            499   8.7e-13   45.6   0.0   1   1   4.9e-15   5.6e-12   42.9   0.0    58   303    24   269     7   284 0.84 ACNH67_004131
ACNH67_004392-T1     -            532 31183                -            499   3.7e-08   30.3   0.0   1   3   3.9e-05     0.044   10.3   0.0    50   108    66   123    28   128 0.80 ACNH67_004392
ACNH67_004392-T1     -            532 31183                -            499   3.7e-08   30.3   0.0   2   3      0.72   8.1e+02   -3.8   0.0   243   286   263   306   255   309 0.72 ACNH67_004392
ACNH67_004392-T1     -            532 31183                -            499   3.7e-08   30.3   0.0   3   3   2.6e-07   0.00029   17.5   0.0   382   464   412   497   395   503 0.74 ACNH67_004392
ACNH67_000993-T1     -           1171 31183                -            499   0.00043   16.9   0.1   1   2   7.7e-06    0.0087   12.6   0.0    97   262    76   262    67   296 0.68 ACNH67_000993
ACNH67_000993-T1     -           1171 31183                -            499   0.00043   16.9   0.1   2   2      0.35     4e+02   -2.8   0.0   277   409   830   965   803  1041 0.49 ACNH67_000993
#
# Program:         hmmsearch
# Version:         3.1b2 (February 2015)
# Pipeline mode:   SEARCH
# Query file:      /home/edouard/GregarineStuff/Lgryllorum_Genome_analysis/Funannotate/Run_v3/species_train/annotate_results/busco_downloads/lineages/apicomplexa_odb12/hmms/31183at5794.hmm
# Target file:     /home/edouard/GregarineStuff/Lgryllorum_Genome_analysis/Funannotate/Run_v3/species_train/annotate_results/Leidyana_gryllorum.proteins.fa
# Option settings: hmmsearch --domtblout /home/edouard/GregarineStuff/Lgryllorum_Genome_analysis/Funannotate/Run_v3/species_train/annotate_results/busco/run_apicomplexa_odb12/hmmer_output/initial_run_results/31183at5794.out --cpu 1 /home/edouard/GregarineStuff/Lgryllorum_Genome_analysis/Funannotate/Run_v3/species_train/annotate_results/busco_downloads/lineages/apicomplexa_odb12/hmms/31183at5794.hmm /home/edouard/GregarineStuff/Lgryllorum_Genome_analysis/Funannotate/Run_v3/species_train/annotate_results/Leidyana_gryllorum.proteins.fa 
# Current dir:     /home/edouard/GregarineStuff/Lgryllorum_Genome_analysis/Funannotate/Run_v3/species_train/annotate_results
# Date:            Tue Apr  1 17:36:49 2025
# [ok]
