#                                                                            --- full sequence --- -------------- this domain -------------   hmm coord   ali coord   env coord
# target name        accession   tlen query name           accession   qlen   E-value  score  bias   #  of  c-Evalue  i-Evalue  score  bias  from    to  from    to  from    to  acc description of target
#------------------- ---------- ----- -------------------- ---------- ----- --------- ------ ----- --- --- --------- --------- ------ ----- ----- ----- ----- ----- ----- ----- ---- ---------------------
ACNH67_002788-T1     -            201 31197                -            200  1.1e-100  333.5   0.3   1   1  3.2e-103  1.2e-100  333.3   0.3     7   194     4   191     1   197 0.97 ACNH67_002788
ACNH67_002776-T1     -            201 31197                -            200   5.3e-55  184.4   0.4   1   1   1.7e-57   6.4e-55  184.1   0.4    11   176     9   174     4   195 0.96 ACNH67_002776
ACNH67_002494-T1     -            206 31197                -            200   3.2e-53  178.5   0.2   1   1   1.1e-55   4.1e-53  178.2   0.2    10   179    12   181     5   200 0.92 ACNH67_002494
ACNH67_001662-T1     -            210 31197                -            200   6.6e-49  164.4   0.4   1   1   2.1e-51   7.8e-49  164.2   0.4    11   177     8   173     4   199 0.93 ACNH67_001662
ACNH67_001456-T1     -            219 31197                -            200   2.6e-42  142.9   0.0   1   1   8.1e-45   3.1e-42  142.7   0.0     6   179     7   185     2   203 0.93 ACNH67_001456
ACNH67_001721-T1     -            149 31197                -            200   3.2e-42  142.6   0.3   1   1     1e-44   3.8e-42  142.4   0.3    11   145    11   145     2   148 0.97 ACNH67_001721
ACNH67_002306-T1     -           1270 31197                -            200   1.2e-39  134.2   0.0   1   2   8.2e-42   3.1e-39  132.9   0.0     6   176   393   565   389   574 0.92 ACNH67_002306
ACNH67_002306-T1     -           1270 31197                -            200   1.2e-39  134.2   0.0   2   2       7.1   2.7e+03   -4.0   0.0   110   133  1110  1133  1100  1146 0.75 ACNH67_002306
ACNH67_003502-T1     -            480 31197                -            200   3.7e-39  132.6   0.0   1   1   1.4e-41   5.4e-39  132.1   0.0     9   174   276   446   268   457 0.92 ACNH67_003502
ACNH67_001893-T1     -            680 31197                -            200   4.8e-33  112.7   0.5   1   1   2.4e-34   9.1e-32  108.5   0.5    42   176     3   155     1   180 0.83 ACNH67_001893
ACNH67_001468-T1     -            254 31197                -            200     5e-31  106.1   0.0   1   1   8.2e-33   3.1e-30  103.5   0.0     6   185     6   190     3   209 0.84 ACNH67_001468
ACNH67_003203-T1     -            220 31197                -            200   3.4e-28   96.8   0.0   1   1   1.1e-30   4.2e-28   96.5   0.0     7   176    12   178     8   205 0.90 ACNH67_003203
ACNH67_002063-T1     -            184 31197                -            200   1.4e-12   45.9   0.0   1   1   4.4e-15   1.7e-12   45.6   0.0     7   171    17   180    12   184 0.83 ACNH67_002063
ACNH67_003894-T1     -            181 31197                -            200   3.1e-10   38.2   0.1   1   1   1.1e-12     4e-10   37.9   0.1     7   171    14   177     9   181 0.81 ACNH67_003894
ACNH67_000555-T1     -            968 31197                -            200     2e-06   25.8   0.1   1   3       1.1     4e+02   -1.3   0.1    29    41   440   452   439   454 0.92 ACNH67_000555
ACNH67_000555-T1     -            968 31197                -            200     2e-06   25.8   0.1   2   3    0.0047       1.8    6.3   0.0    11    61   645   700   639   705 0.78 ACNH67_000555
ACNH67_000555-T1     -            968 31197                -            200     2e-06   25.8   0.1   3   3     7e-06    0.0026   15.6   0.0    88   174   813   910   809   920 0.72 ACNH67_000555
ACNH67_004528-T1     -            192 31197                -            200    0.0069   14.2   0.0   1   1   5.9e-05     0.022   12.6   0.0     7   129    16   134    12   142 0.83 ACNH67_004528
#
# Program:         hmmsearch
# Version:         3.1b2 (February 2015)
# Pipeline mode:   SEARCH
# Query file:      /home/edouard/GregarineStuff/Lgryllorum_Genome_analysis/Funannotate/Run_v3/species_train/annotate_results/busco_downloads/lineages/apicomplexa_odb12/hmms/31197at5794.hmm
# Target file:     /home/edouard/GregarineStuff/Lgryllorum_Genome_analysis/Funannotate/Run_v3/species_train/annotate_results/Leidyana_gryllorum.proteins.fa
# Option settings: hmmsearch --domtblout /home/edouard/GregarineStuff/Lgryllorum_Genome_analysis/Funannotate/Run_v3/species_train/annotate_results/busco/run_apicomplexa_odb12/hmmer_output/initial_run_results/31197at5794.out --cpu 1 /home/edouard/GregarineStuff/Lgryllorum_Genome_analysis/Funannotate/Run_v3/species_train/annotate_results/busco_downloads/lineages/apicomplexa_odb12/hmms/31197at5794.hmm /home/edouard/GregarineStuff/Lgryllorum_Genome_analysis/Funannotate/Run_v3/species_train/annotate_results/Leidyana_gryllorum.proteins.fa 
# Current dir:     /home/edouard/GregarineStuff/Lgryllorum_Genome_analysis/Funannotate/Run_v3/species_train/annotate_results
# Date:            Tue Apr  1 17:36:49 2025
# [ok]
