#                                                                            --- full sequence --- -------------- this domain -------------   hmm coord   ali coord   env coord
# target name        accession   tlen query name           accession   qlen   E-value  score  bias   #  of  c-Evalue  i-Evalue  score  bias  from    to  from    to  from    to  acc description of target
#------------------- ---------- ----- -------------------- ---------- ----- --------- ------ ----- --- --- --------- --------- ------ ----- ----- ----- ----- ----- ----- ----- ---- ---------------------
ACNH67_005180-T1     -            581 31266                -            441   2.9e-65  218.8   0.1   1   2   7.7e-53   8.1e-51  171.2   0.0    73   319    83   339    41   371 0.85 ACNH67_005180
ACNH67_005180-T1     -            581 31266                -            441   2.9e-65  218.8   0.1   2   2   1.1e-14   1.2e-12   45.4   0.2   314   395   375   464   359   481 0.78 ACNH67_005180
ACNH67_001323-T1     -            521 31266                -            441     7e-38  128.6  16.1   1   2     1e-15   1.1e-13   48.9   6.2   201   394   114   313   110   337 0.74 ACNH67_001323
ACNH67_001323-T1     -            521 31266                -            441     7e-38  128.6  16.1   2   2     2e-21   2.1e-19   67.7   2.3   230   392   376   520   373   521 0.90 ACNH67_001323
ACNH67_001408-T1     -            960 31266                -            441     1e-30  105.0  15.0   1   5   5.4e-06   0.00057   16.9   1.0   174   307   148   287   140   299 0.79 ACNH67_001408
ACNH67_001408-T1     -            960 31266                -            441     1e-30  105.0  15.0   2   5      0.12        13    2.5   0.0   212   289   374   452   363   472 0.69 ACNH67_001408
ACNH67_001408-T1     -            960 31266                -            441     1e-30  105.0  15.0   3   5      0.24        25    1.6   0.1   268   295   590   616   581   637 0.70 ACNH67_001408
ACNH67_001408-T1     -            960 31266                -            441     1e-30  105.0  15.0   4   5   2.9e-13   3.1e-11   40.8   0.1   226   296   640   710   634   713 0.94 ACNH67_001408
ACNH67_001408-T1     -            960 31266                -            441     1e-30  105.0  15.0   5   5   1.3e-15   1.3e-13   48.6   0.3   209   297   708   797   703   830 0.77 ACNH67_001408
ACNH67_003831-T1     -           1286 31266                -            441   2.1e-28   97.4   4.4   1   4   1.4e-07   1.4e-05   22.1   0.0   238   293     3    58     1    65 0.93 ACNH67_003831
ACNH67_003831-T1     -           1286 31266                -            441   2.1e-28   97.4   4.4   2   4   3.4e-12   3.6e-10   37.3   0.2   222   306    71   155    62   172 0.88 ACNH67_003831
ACNH67_003831-T1     -           1286 31266                -            441   2.1e-28   97.4   4.4   3   4   3.2e-05    0.0033   14.3   0.0   254   286   176   208   167   211 0.89 ACNH67_003831
ACNH67_003831-T1     -           1286 31266                -            441   2.1e-28   97.4   4.4   4   4   1.6e-07   1.7e-05   21.9   0.2   252   301   218   267   210   284 0.76 ACNH67_003831
ACNH67_002641-T1     -            638 31266                -            441   3.3e-28   96.7   3.4   1   5   0.00071     0.074    9.9   0.0   212   268   317   375   305   377 0.76 ACNH67_002641
ACNH67_002641-T1     -            638 31266                -            441   3.3e-28   96.7   3.4   2   5   6.7e-10     7e-08   29.7   0.2   249   295   417   463   394   467 0.83 ACNH67_002641
ACNH67_002641-T1     -            638 31266                -            441   3.3e-28   96.7   3.4   3   5   8.7e-07   9.2e-05   19.5   0.2   244   296   454   506   452   515 0.93 ACNH67_002641
ACNH67_002641-T1     -            638 31266                -            441   3.3e-28   96.7   3.4   4   5   5.2e-13   5.4e-11   40.0   0.0   222   286   516   582   509   588 0.91 ACNH67_002641
ACNH67_002641-T1     -            638 31266                -            441   3.3e-28   96.7   3.4   5   5      0.15        16    2.2   0.0   362   392   595   625   582   635 0.83 ACNH67_002641
ACNH67_004094-T1     -           1385 31266                -            441   3.4e-27   93.4   0.0   1   4       0.2        20    1.8   0.0    80   129   340   388   334   408 0.71 ACNH67_004094
ACNH67_004094-T1     -           1385 31266                -            441   3.4e-27   93.4   0.0   2   4   9.2e-09   9.7e-07   26.0   0.0   160   286   462   590   448   599 0.78 ACNH67_004094
ACNH67_004094-T1     -           1385 31266                -            441   3.4e-27   93.4   0.0   3   4   2.2e-11   2.3e-09   34.6   0.0   229   309   812   892   809   901 0.89 ACNH67_004094
ACNH67_004094-T1     -           1385 31266                -            441   3.4e-27   93.4   0.0   4   4   2.4e-08   2.5e-06   24.6   0.0   225   356   898  1022   890  1030 0.82 ACNH67_004094
ACNH67_003156-T1     -            490 31266                -            441   4.2e-26   89.8   6.4   1   3     3e-11   3.1e-09   34.2   0.2   220   294   176   250   164   259 0.92 ACNH67_003156
ACNH67_003156-T1     -            490 31266                -            441   4.2e-26   89.8   6.4   2   3   3.9e-13   4.1e-11   40.4   0.3   218   290   258   330   246   336 0.91 ACNH67_003156
ACNH67_003156-T1     -            490 31266                -            441   4.2e-26   89.8   6.4   3   3   3.9e-06   0.00041   17.3   0.1   256   391   338   461   331   466 0.44 ACNH67_003156
ACNH67_004652-T1     -            353 31266                -            441   2.7e-22   77.2   7.0   1   5     1e-07     1e-05   22.6   0.1   252   289    67   104    33   112 0.89 ACNH67_004652
ACNH67_004652-T1     -            353 31266                -            441   2.7e-22   77.2   7.0   2   5     2e-06   0.00021   18.3   0.1   240   289    97   146    96   155 0.91 ACNH67_004652
ACNH67_004652-T1     -            353 31266                -            441   2.7e-22   77.2   7.0   3   5   2.6e-06   0.00027   17.9   0.4   232   290   131   192   127   204 0.86 ACNH67_004652
ACNH67_004652-T1     -            353 31266                -            441   2.7e-22   77.2   7.0   4   5   3.9e-13   4.1e-11   40.4   0.4   170   306   157   290   146   303 0.88 ACNH67_004652
ACNH67_004652-T1     -            353 31266                -            441   2.7e-22   77.2   7.0   5   5    0.0037      0.39    7.5   0.0    88   155   324   347   318   351 0.62 ACNH67_004652
ACNH67_000155-T1     -            566 31266                -            441   5.1e-22   76.3  10.0   1   5     5e-05    0.0053   13.7   0.1   250   288   266   305   263   311 0.85 ACNH67_000155
ACNH67_000155-T1     -            566 31266                -            441   5.1e-22   76.3  10.0   2   5   7.8e-08   8.2e-06   22.9   0.0   249   289   309   349   306   361 0.90 ACNH67_000155
ACNH67_000155-T1     -            566 31266                -            441   5.1e-22   76.3  10.0   3   5   3.1e-07   3.2e-05   21.0   0.0   222   287   365   433   359   447 0.89 ACNH67_000155
ACNH67_000155-T1     -            566 31266                -            441   5.1e-22   76.3  10.0   4   5      0.72        75   -0.0   0.0    95   152   458   518   449   520 0.78 ACNH67_000155
ACNH67_000155-T1     -            566 31266                -            441   5.1e-22   76.3  10.0   5   5   2.7e-07   2.8e-05   21.1   1.2   230   286   508   565   501   566 0.84 ACNH67_000155
ACNH67_005283-T1     -           1266 31266                -            441   2.2e-20   70.9   3.8   1   4   1.1e-07   1.1e-05   22.5   0.0   238   292   278   332   268   348 0.89 ACNH67_005283
ACNH67_005283-T1     -           1266 31266                -            441   2.2e-20   70.9   3.8   2   4      0.15        16    2.2   0.0   270   296   366   392   362   416 0.74 ACNH67_005283
ACNH67_005283-T1     -           1266 31266                -            441   2.2e-20   70.9   3.8   3   4   1.3e-05    0.0014   15.6   0.0   140   284   696   843   679   860 0.83 ACNH67_005283
ACNH67_005283-T1     -           1266 31266                -            441   2.2e-20   70.9   3.8   4   4   7.6e-09   7.9e-07   26.3   0.1   253   395   906  1032   879  1060 0.73 ACNH67_005283
ACNH67_004196-T1     -            656 31266                -            441   3.6e-18   63.6   0.8   1   3   9.6e-08     1e-05   22.6   0.0   249   288    71   111    55   117 0.80 ACNH67_004196
ACNH67_004196-T1     -            656 31266                -            441   3.6e-18   63.6   0.8   2   3     2e-06   0.00021   18.3   0.3   242   297   115   171   111   178 0.81 ACNH67_004196
ACNH67_004196-T1     -            656 31266                -            441   3.6e-18   63.6   0.8   3   3   6.5e-09   6.8e-07   26.5   0.0   199   305   160   271   160   315 0.80 ACNH67_004196
ACNH67_004370-T1     -            954 31266                -            441   4.5e-18   63.3   4.3   1   3   8.4e-09   8.8e-07   26.1   0.5   169   287    12   127     2   131 0.94 ACNH67_004370
ACNH67_004370-T1     -            954 31266                -            441   4.5e-18   63.3   4.3   2   3   0.00011     0.011   12.6   0.0   251   300   134   184   128   209 0.76 ACNH67_004370
ACNH67_004370-T1     -            954 31266                -            441   4.5e-18   63.3   4.3   3   3   2.6e-08   2.7e-06   24.5   0.0   233   291   212   270   207   282 0.91 ACNH67_004370
ACNH67_001061-T1     -            496 31266                -            441   2.8e-17   60.7   1.8   1   3      0.62        65    0.2   0.0   321   355   209   243   194   266 0.54 ACNH67_001061
ACNH67_001061-T1     -            496 31266                -            441   2.8e-17   60.7   1.8   2   3     7e-12   7.3e-10   36.3   0.2   223   294   268   343   258   348 0.84 ACNH67_001061
ACNH67_001061-T1     -            496 31266                -            441   2.8e-17   60.7   1.8   3   3   4.9e-07   5.1e-05   20.3   0.1   256   386   348   462   340   474 0.66 ACNH67_001061
ACNH67_003323-T1     -           1057 31266                -            441   6.7e-17   59.5   0.3   1   4   3.6e-06   0.00038   17.4   0.0   234   290    84   141    71   159 0.88 ACNH67_003323
ACNH67_003323-T1     -           1057 31266                -            441   6.7e-17   59.5   0.3   2   4   1.1e-10   1.1e-08   32.4   0.1   241   396   206   342   200   346 0.82 ACNH67_003323
ACNH67_003323-T1     -           1057 31266                -            441   6.7e-17   59.5   0.3   3   4     0.021       2.2    5.0   0.0   361   400   350   389   341   419 0.69 ACNH67_003323
ACNH67_003323-T1     -           1057 31266                -            441   6.7e-17   59.5   0.3   4   4       4.2   4.4e+02   -2.6   0.0    80   101   553   574   546   599 0.78 ACNH67_003323
ACNH67_004486-T1     -            363 31266                -            441   1.3e-16   58.5   0.0   1   2     3e-07   3.2e-05   21.0   0.0   254   299     8    53     3   122 0.76 ACNH67_004486
ACNH67_004486-T1     -            363 31266                -            441   1.3e-16   58.5   0.0   2   2   1.3e-11   1.3e-09   35.4   0.0   218   301   177   259   162   267 0.87 ACNH67_004486
ACNH67_001808-T1     -            441 31266                -            441     4e-16   56.9   3.6   1   4    0.0029       0.3    7.9   0.1   250   346   168   266   132   273 0.68 ACNH67_001808
ACNH67_001808-T1     -            441 31266                -            441     4e-16   56.9   3.6   2   4       0.1        11    2.8   0.0   273   297   251   275   221   294 0.82 ACNH67_001808
ACNH67_001808-T1     -            441 31266                -            441     4e-16   56.9   3.6   3   4   5.3e-14   5.6e-12   43.2   0.2   198   300   263   370   252   379 0.78 ACNH67_001808
ACNH67_001808-T1     -            441 31266                -            441     4e-16   56.9   3.6   4   4     0.023       2.4    4.9   0.1   362   394   383   415   376   441 0.82 ACNH67_001808
ACNH67_001450-T1     -            491 31266                -            441   1.7e-15   54.9   2.4   1   4    0.0011      0.12    9.2   0.0   252   292    81   121    78   128 0.88 ACNH67_001450
ACNH67_001450-T1     -            491 31266                -            441   1.7e-15   54.9   2.4   2   4   2.1e-12   2.2e-10   38.0   0.4   230   349   101   222    90   234 0.82 ACNH67_001450
ACNH67_001450-T1     -            491 31266                -            441   1.7e-15   54.9   2.4   3   4   9.6e-05      0.01   12.7   0.0   229   296   260   333   235   351 0.80 ACNH67_001450
ACNH67_001450-T1     -            491 31266                -            441   1.7e-15   54.9   2.4   4   4       4.9   5.2e+02   -2.8   0.0   143   156   402   415   393   418 0.82 ACNH67_001450
ACNH67_000131-T1     -            297 31266                -            441   3.1e-14   50.7   0.2   1   2    0.0046      0.48    7.2   0.0   232   270    12    50     5   119 0.80 ACNH67_000131
ACNH67_000131-T1     -            297 31266                -            441   3.1e-14   50.7   0.2   2   2   1.2e-13   1.3e-11   42.0   0.1   227   392   125   292    87   295 0.81 ACNH67_000131
ACNH67_003255-T1     -            761 31266                -            441   1.6e-13   48.4   0.3   1   4      0.15        16    2.2   0.0   131   187    66   125    48   134 0.69 ACNH67_003255
ACNH67_003255-T1     -            761 31266                -            441   1.6e-13   48.4   0.3   2   4   5.8e-06    0.0006   16.8   0.0   251   400   148   278   145   286 0.80 ACNH67_003255
ACNH67_003255-T1     -            761 31266                -            441   1.6e-13   48.4   0.3   3   4       1.2   1.2e+02   -0.7   0.0   130   161   389   420   387   467 0.75 ACNH67_003255
ACNH67_003255-T1     -            761 31266                -            441   1.6e-13   48.4   0.3   4   4   7.1e-08   7.5e-06   23.0   0.1   173   288   639   752   629   756 0.80 ACNH67_003255
ACNH67_001215-T1     -            442 31266                -            441   3.6e-12   43.9   0.4   1   3   2.5e-08   2.7e-06   24.5   0.1   253   290   154   191   142   203 0.90 ACNH67_001215
ACNH67_001215-T1     -            442 31266                -            441   3.6e-12   43.9   0.4   2   3     0.047         5    3.9   0.0   234   300   219   285   208   310 0.77 ACNH67_001215
ACNH67_001215-T1     -            442 31266                -            441   3.6e-12   43.9   0.4   3   3   0.00018     0.019   11.8   0.0   308   396   336   425   312   438 0.85 ACNH67_001215
ACNH67_003547-T1     -            160 31266                -            441   6.9e-11   39.6   0.9   1   2   8.4e-05    0.0089   12.9   0.0   251   288    13    51     9    61 0.90 ACNH67_003547
ACNH67_003547-T1     -            160 31266                -            441   6.9e-11   39.6   0.9   2   2   1.1e-08   1.2e-06   25.7   0.2   218   291    66   141    56   154 0.79 ACNH67_003547
ACNH67_002822-T1     -            388 31266                -            441   7.9e-11   39.5   5.6   1   5   6.6e-05     0.007   13.3   0.1   360   392    67    99    23   106 0.74 ACNH67_002822
ACNH67_002822-T1     -            388 31266                -            441   7.9e-11   39.5   5.6   2   5     0.049       5.2    3.8   0.0   253   284   111   147   104   151 0.80 ACNH67_002822
ACNH67_002822-T1     -            388 31266                -            441   7.9e-11   39.5   5.6   3   5    0.0031      0.32    7.8   0.0   254   285   167   198   156   206 0.88 ACNH67_002822
ACNH67_002822-T1     -            388 31266                -            441   7.9e-11   39.5   5.6   4   5     0.082       8.6    3.1   0.0   360   402   216   258   199   292 0.73 ACNH67_002822
ACNH67_002822-T1     -            388 31266                -            441   7.9e-11   39.5   5.6   5   5   0.00067      0.07   10.0   0.0   215   287   299   383   282   387 0.66 ACNH67_002822
ACNH67_001454-T1     -            807 31266                -            441   1.6e-10   38.4   1.0   1   2   5.3e-05    0.0055   13.6   0.0   257   295   179   217   173   227 0.81 ACNH67_001454
ACNH67_001454-T1     -            807 31266                -            441   1.6e-10   38.4   1.0   2   2   1.1e-07   1.1e-05   22.5   0.9   219   401   227   390   217   413 0.83 ACNH67_001454
ACNH67_003296-T1     -            565 31266                -            441     2e-10   38.1   3.2   1   3   1.1e-08   1.1e-06   25.7   0.2   132   289   113   274   106   275 0.86 ACNH67_003296
ACNH67_003296-T1     -            565 31266                -            441     2e-10   38.1   3.2   2   3   1.1e-05    0.0011   15.9   0.1   239   293   266   323   261   347 0.80 ACNH67_003296
ACNH67_003296-T1     -            565 31266                -            441     2e-10   38.1   3.2   3   3      0.22        23    1.7   0.1    97   115   347   366   325   369 0.76 ACNH67_003296
ACNH67_001778-T1     -            572 31266                -            441   3.7e-10   37.2   0.0   1   3       1.3   1.3e+02   -0.9   0.0   228   265   228   265   168   280 0.67 ACNH67_001778
ACNH67_001778-T1     -            572 31266                -            441   3.7e-10   37.2   0.0   2   3       1.4   1.5e+02   -1.0   0.0   273   286   299   312   295   318 0.85 ACNH67_001778
ACNH67_001778-T1     -            572 31266                -            441   3.7e-10   37.2   0.0   3   3   3.8e-11     4e-09   33.8   0.0   160   299   351   491   345   511 0.86 ACNH67_001778
ACNH67_002774-T1     -           1020 31266                -            441   1.1e-09   35.6   2.2   1   4       1.5   1.6e+02   -1.1   0.0   338   390    52   101    49   130 0.77 ACNH67_002774
ACNH67_002774-T1     -           1020 31266                -            441   1.1e-09   35.6   2.2   2   4      0.45        48    0.6   0.0   176   286    79   195    66   203 0.59 ACNH67_002774
ACNH67_002774-T1     -           1020 31266                -            441   1.1e-09   35.6   2.2   3   4   8.3e-10   8.7e-08   29.4   0.3   230   290   221   279   216   292 0.91 ACNH67_002774
ACNH67_002774-T1     -           1020 31266                -            441   1.1e-09   35.6   2.2   4   4      0.14        14    2.4   0.0   361   424   288   351   281   363 0.85 ACNH67_002774
ACNH67_005089-T1     -            618 31266                -            441   2.4e-09   34.6   0.1   1   1   3.7e-11   3.8e-09   33.9   0.1   220   303   266   359   250   374 0.79 ACNH67_005089
ACNH67_004907-T1     -            362 31266                -            441   8.8e-09   32.7   0.1   1   3     0.027       2.8    4.7   0.1   261   290    12    43     6    60 0.80 ACNH67_004907
ACNH67_004907-T1     -            362 31266                -            441   8.8e-09   32.7   0.1   2   3     5e-05    0.0052   13.7   0.0   255   307    90   142    76   192 0.74 ACNH67_004907
ACNH67_004907-T1     -            362 31266                -            441   8.8e-09   32.7   0.1   3   3   0.00043     0.045   10.6   0.0   261   293   267   299   264   330 0.77 ACNH67_004907
ACNH67_004557-T1     -            555 31266                -            441   1.1e-08   32.3   0.2   1   4     0.011       1.1    6.0   0.0    85   113   248   276   228   279 0.81 ACNH67_004557
ACNH67_004557-T1     -            555 31266                -            441   1.1e-08   32.3   0.2   2   4   4.7e-07   4.9e-05   20.4   0.0   232   285   319   373   308   392 0.89 ACNH67_004557
ACNH67_004557-T1     -            555 31266                -            441   1.1e-08   32.3   0.2   3   4       2.6   2.7e+02   -1.9   0.0   375   391   403   419   380   437 0.82 ACNH67_004557
ACNH67_004557-T1     -            555 31266                -            441   1.1e-08   32.3   0.2   4   4      0.35        36    1.0   0.0   130   154   484   508   480   542 0.89 ACNH67_004557
ACNH67_005019-T1     -            391 31266                -            441   1.2e-08   32.2   0.7   1   3    0.0029       0.3    7.9   0.0   273   314    43    84    29   109 0.80 ACNH67_005019
ACNH67_005019-T1     -            391 31266                -            441   1.2e-08   32.2   0.7   2   3   9.9e-06     0.001   16.0   0.6   219   299    94   173    83   191 0.75 ACNH67_005019
ACNH67_005019-T1     -            391 31266                -            441   1.2e-08   32.2   0.7   3   3     0.018       1.9    5.3   0.0   261   288   289   316   278   344 0.80 ACNH67_005019
ACNH67_001222-T1     -            444 31266                -            441   1.7e-08   31.8   2.3   1   4       1.3   1.4e+02   -0.9   0.0   226   247   174   195   170   203 0.84 ACNH67_001222
ACNH67_001222-T1     -            444 31266                -            441   1.7e-08   31.8   2.3   2   4   1.1e-09   1.2e-07   29.0   0.4   219   305   220   308   207   323 0.83 ACNH67_001222
ACNH67_001222-T1     -            444 31266                -            441   1.7e-08   31.8   2.3   3   4       1.3   1.4e+02   -0.9   0.0   275   292   370   387   367   400 0.79 ACNH67_001222
ACNH67_001222-T1     -            444 31266                -            441   1.7e-08   31.8   2.3   4   4       1.1   1.2e+02   -0.7   0.0   198   257   380   441   374   442 0.65 ACNH67_001222
ACNH67_005169-T1     -            638 31266                -            441   2.6e-08   31.1   0.0   1   2      0.38        40    0.9   0.1   272   288    65    81    62   116 0.80 ACNH67_005169
ACNH67_005169-T1     -            638 31266                -            441   2.6e-08   31.1   0.0   2   2   3.5e-09   3.7e-07   27.4   0.0   226   300   252   326   243   348 0.80 ACNH67_005169
ACNH67_000829-T1     -            430 31266                -            441   2.9e-08   31.0   1.1   1   4    0.0022      0.23    8.3   0.0   253   287    93   127    89   138 0.90 ACNH67_000829
ACNH67_000829-T1     -            430 31266                -            441   2.9e-08   31.0   1.1   2   4     0.027       2.8    4.7   0.1   262   286   151   175   143   183 0.71 ACNH67_000829
ACNH67_000829-T1     -            430 31266                -            441   2.9e-08   31.0   1.1   3   4     0.025       2.7    4.8   0.0   252   328   182   265   177   288 0.68 ACNH67_000829
ACNH67_000829-T1     -            430 31266                -            441   2.9e-08   31.0   1.1   4   4     0.004      0.42    7.4   0.0   231   291   316   377   290   408 0.84 ACNH67_000829
ACNH67_004666-T1     -            620 31266                -            441   3.1e-08   30.9   1.4   1   2   0.00027     0.028   11.3   0.1   217   251   318   353   299   412 0.74 ACNH67_004666
ACNH67_004666-T1     -            620 31266                -            441   3.1e-08   30.9   1.4   2   2   3.3e-06   0.00035   17.6   0.1   270   377   505   594   478   606 0.71 ACNH67_004666
ACNH67_005480-T1     -           1211 31266                -            441   3.1e-08   30.9   0.3   1   1   5.7e-10     6e-08   30.0   0.3   178   290   846   958   839   982 0.85 ACNH67_005480
ACNH67_000423-T1     -            216 31266                -            441   7.1e-08   29.7   0.1   1   2   1.5e-07   1.6e-05   22.0   0.0   252   297    47    92    37   102 0.92 ACNH67_000423
ACNH67_000423-T1     -            216 31266                -            441   7.1e-08   29.7   0.1   2   2     0.013       1.3    5.8   0.0   270   297   110   137   100   146 0.84 ACNH67_000423
ACNH67_004183-T1     -            952 31266                -            441   1.2e-07   28.9   0.0   1   3   0.00094     0.098    9.5   0.0   187   276    63   153    56   182 0.81 ACNH67_004183
ACNH67_004183-T1     -            952 31266                -            441   1.2e-07   28.9   0.0   2   3      0.02       2.1    5.1   0.0   228   255   201   228   185   262 0.88 ACNH67_004183
ACNH67_004183-T1     -            952 31266                -            441   1.2e-07   28.9   0.0   3   3   0.00045     0.047   10.5   0.0   356   401   277   321   229   334 0.59 ACNH67_004183
ACNH67_001948-T1     -            667 31266                -            441   9.8e-07   26.0   0.0   1   1   2.4e-08   2.5e-06   24.6   0.0   253   289   191   227   117   240 0.58 ACNH67_001948
ACNH67_003819-T1     -            843 31266                -            441   1.2e-06   25.7   0.2   1   1   2.1e-08   2.2e-06   24.8   0.2   135   287    74   219    63   225 0.81 ACNH67_003819
ACNH67_005513-T1     -           1050 31266                -            441   2.4e-06   24.7   0.0   1   2      0.49        51    0.5   0.0   275   301   795   821   789   827 0.87 ACNH67_005513
ACNH67_005513-T1     -           1050 31266                -            441   2.4e-06   24.7   0.0   2   2   2.7e-07   2.8e-05   21.2   0.0   195   298   843   943   818   969 0.75 ACNH67_005513
ACNH67_002286-T1     -            412 31266                -            441   1.2e-05   22.4   0.1   1   1   3.1e-07   3.2e-05   21.0   0.1   216   292   131   207   114   225 0.70 ACNH67_002286
ACNH67_004756-T1     -            986 31266                -            441   1.6e-05   22.0   0.9   1   2    0.0001     0.011   12.6   0.1   249   298   216   265   191   282 0.75 ACNH67_004756
ACNH67_004756-T1     -            986 31266                -            441   1.6e-05   22.0   0.9   2   2    0.0077       0.8    6.5   0.1   249   288   914   952   908   962 0.90 ACNH67_004756
ACNH67_002373-T1     -            845 31266                -            441   2.8e-05   21.2   0.9   1   4      0.05       5.3    3.8   0.1    84   112   480   508   469   513 0.68 ACNH67_002373
ACNH67_002373-T1     -            845 31266                -            441   2.8e-05   21.2   0.9   2   4    0.0011      0.11    9.3   0.2   254   296   523   567   497   587 0.68 ACNH67_002373
ACNH67_002373-T1     -            845 31266                -            441   2.8e-05   21.2   0.9   3   4     0.035       3.7    4.3   0.0   131   159   636   664   630   670 0.94 ACNH67_002373
ACNH67_002373-T1     -            845 31266                -            441   2.8e-05   21.2   0.9   4   4       3.3   3.5e+02   -2.2   0.0   268   290   735   757   731   773 0.84 ACNH67_002373
ACNH67_001763-T1     -            450 31266                -            441   3.2e-05   21.0   0.9   1   2    0.0017      0.17    8.6   0.0   256   306   268   322   261   337 0.73 ACNH67_001763
ACNH67_001763-T1     -            450 31266                -            441   3.2e-05   21.0   0.9   2   2   0.00053     0.055   10.3   0.7   229   295   330   404   320   431 0.73 ACNH67_001763
ACNH67_000780-T1     -            335 31266                -            441   3.3e-05   20.9   0.2   1   2   1.4e-05    0.0015   15.5   0.0   328   390   102   160    81   183 0.74 ACNH67_000780
ACNH67_000780-T1     -            335 31266                -            441   3.3e-05   20.9   0.2   2   2      0.21        22    1.8   0.0    93   155   186   246   179   249 0.68 ACNH67_000780
ACNH67_004768-T1     -           1488 31266                -            441   3.6e-05   20.8   0.0   1   2       4.4   4.6e+02   -2.6   0.0   366   394  1311  1339  1310  1345 0.83 ACNH67_004768
ACNH67_004768-T1     -           1488 31266                -            441   3.6e-05   20.8   0.0   2   2   1.5e-06   0.00016   18.7   0.0   255   294  1356  1395  1347  1415 0.85 ACNH67_004768
ACNH67_004093-T1     -            518 31266                -            441   3.8e-05   20.7   0.0   1   1   4.9e-07   5.2e-05   20.3   0.0   270   396   191   315   144   352 0.73 ACNH67_004093
ACNH67_002121-T1     -           1538 31266                -            441   8.7e-05   19.5   5.1   1   4     0.053       5.5    3.7   0.0   230   263   464   497   436   502 0.77 ACNH67_002121
ACNH67_002121-T1     -           1538 31266                -            441   8.7e-05   19.5   5.1   2   4      0.14        15    2.3   0.0   270   291   536   557   534   573 0.86 ACNH67_002121
ACNH67_002121-T1     -           1538 31266                -            441   8.7e-05   19.5   5.1   3   4      0.63        66    0.2   0.0   362   394   820   852   789   891 0.82 ACNH67_002121
ACNH67_002121-T1     -           1538 31266                -            441   8.7e-05   19.5   5.1   4   4   0.00093     0.098    9.5   1.1   234   392   906  1013   898  1023 0.42 ACNH67_002121
ACNH67_000593-T1     -           1399 31266                -            441   0.00031   17.7   0.2   1   1   1.3e-05    0.0014   15.6   0.2   297   391   185   279   177   297 0.48 ACNH67_000593
ACNH67_005054-T1     -            865 31266                -            441   0.00062   16.7   0.0   1   2   4.2e-05    0.0044   13.9   0.0   227   298   295   369   274   385 0.80 ACNH67_005054
ACNH67_005054-T1     -            865 31266                -            441   0.00062   16.7   0.0   2   2       1.1   1.1e+02   -0.6   0.0   361   390   482   511   447   549 0.77 ACNH67_005054
ACNH67_005088-T1     -            673 31266                -            441    0.0094   12.8   0.0   1   1   0.00022     0.023   11.5   0.0   308   385   277   350   263   355 0.83 ACNH67_005088
ACNH67_004555-T1     -            472 31266                -            441    0.0095   12.8   0.0   1   4      0.14        15    2.3   0.0   229   247   155   173   135   181 0.89 ACNH67_004555
ACNH67_004555-T1     -            472 31266                -            441    0.0095   12.8   0.0   2   4    0.0051      0.53    7.1   0.0   256   289   235   269   197   277 0.78 ACNH67_004555
ACNH67_004555-T1     -            472 31266                -            441    0.0095   12.8   0.0   3   4       4.8     5e+02   -2.7   0.0   193   204   312   323   285   329 0.50 ACNH67_004555
ACNH67_004555-T1     -            472 31266                -            441    0.0095   12.8   0.0   4   4       6.3   6.6e+02   -3.1   0.0    89   112   431   455   426   456 0.83 ACNH67_004555
ACNH67_003501-T1     -            322 31266                -            441     0.017   12.0   0.1   1   1   0.00022     0.023   11.5   0.1   377   402   258   283   218   293 0.79 ACNH67_003501
ACNH67_004976-T1     -            635 31266                -            441     0.024   11.5   0.3   1   1   0.00045     0.047   10.5   0.3   217   278    33    97    25   103 0.88 ACNH67_004976
#
# Program:         hmmsearch
# Version:         3.1b2 (February 2015)
# Pipeline mode:   SEARCH
# Query file:      /home/edouard/GregarineStuff/Lgryllorum_Genome_analysis/Funannotate/Run_v3/species_train/annotate_results/busco_downloads/lineages/apicomplexa_odb12/hmms/31266at5794.hmm
# Target file:     /home/edouard/GregarineStuff/Lgryllorum_Genome_analysis/Funannotate/Run_v3/species_train/annotate_results/Leidyana_gryllorum.proteins.fa
# Option settings: hmmsearch --domtblout /home/edouard/GregarineStuff/Lgryllorum_Genome_analysis/Funannotate/Run_v3/species_train/annotate_results/busco/run_apicomplexa_odb12/hmmer_output/initial_run_results/31266at5794.out --cpu 1 /home/edouard/GregarineStuff/Lgryllorum_Genome_analysis/Funannotate/Run_v3/species_train/annotate_results/busco_downloads/lineages/apicomplexa_odb12/hmms/31266at5794.hmm /home/edouard/GregarineStuff/Lgryllorum_Genome_analysis/Funannotate/Run_v3/species_train/annotate_results/Leidyana_gryllorum.proteins.fa 
# Current dir:     /home/edouard/GregarineStuff/Lgryllorum_Genome_analysis/Funannotate/Run_v3/species_train/annotate_results
# Date:            Tue Apr  1 17:36:51 2025
# [ok]
