#                                                                            --- full sequence --- -------------- this domain -------------   hmm coord   ali coord   env coord
# target name        accession   tlen query name           accession   qlen   E-value  score  bias   #  of  c-Evalue  i-Evalue  score  bias  from    to  from    to  from    to  acc description of target
#------------------- ---------- ----- -------------------- ---------- ----- --------- ------ ----- --- --- --------- --------- ------ ----- ----- ----- ----- ----- ----- ----- ---- ---------------------
ACNH67_004541-T1     -            807 31310                -            631  7.5e-218  723.0   1.1   1   2  2.1e-117  8.1e-115  382.7   1.6    17   354    62   434    51   450 0.84 ACNH67_004541
ACNH67_004541-T1     -            807 31310                -            631  7.5e-218  723.0   1.1   2   2  1.8e-103  6.8e-101  336.7   0.0   362   624   494   772   470   779 0.86 ACNH67_004541
ACNH67_000695-T1     -           1616 31310                -            631   5.7e-85  284.1   0.6   1   3   5.9e-46   2.2e-43  146.7   0.0    40   327   619   900   581   906 0.85 ACNH67_000695
ACNH67_000695-T1     -           1616 31310                -            631   5.7e-85  284.1   0.6   2   3     0.074        28    1.0   0.0   324   343   930   949   920   965 0.72 ACNH67_000695
ACNH67_000695-T1     -           1616 31310                -            631   5.7e-85  284.1   0.6   3   3   1.1e-41   4.3e-39  132.5   0.2   366   589  1290  1514  1270  1536 0.87 ACNH67_000695
ACNH67_001516-T1     -           1203 31310                -            631   3.6e-76  255.0   0.0   1   3   5.1e-06    0.0019   14.7   0.0    49   107   191   244   182   249 0.82 ACNH67_001516
ACNH67_001516-T1     -           1203 31310                -            631   3.6e-76  255.0   0.0   2   3   2.6e-27   9.9e-25   85.1   0.0   110   329   300   537   292   575 0.81 ACNH67_001516
ACNH67_001516-T1     -           1203 31310                -            631   3.6e-76  255.0   0.0   3   3   2.8e-47   1.1e-44  151.0   0.0   326   545   579   785   566   798 0.88 ACNH67_001516
ACNH67_000734-T1     -           1033 31310                -            631   1.3e-70  236.7   0.2   1   3   2.6e-34   9.8e-32  108.2   0.0    81   294   407   617   379   626 0.84 ACNH67_000734
ACNH67_000734-T1     -           1033 31310                -            631   1.3e-70  236.7   0.2   2   3     0.014       5.4    3.3   0.0   301   325   668   692   662   730 0.73 ACNH67_000734
ACNH67_000734-T1     -           1033 31310                -            631   1.3e-70  236.7   0.2   3   3   2.9e-38   1.1e-35  121.2   0.1   357   551   785   979   768  1020 0.85 ACNH67_000734
ACNH67_000124-T1     -           1224 31310                -            631   1.5e-69  233.2   0.4   1   1   6.5e-72   2.5e-69  232.4   0.4    76   540   526  1001   482  1038 0.85 ACNH67_000124
ACNH67_003550-T1     -           1888 31310                -            631   4.5e-68  228.2   3.4   1   2   2.8e-13     1e-10   38.7   0.0    60   211   701   850   697   854 0.75 ACNH67_003550
ACNH67_003550-T1     -           1888 31310                -            631   4.5e-68  228.2   3.4   2   2   4.3e-59   1.6e-56  190.1   3.0   136   525   814  1202   812  1212 0.83 ACNH67_003550
ACNH67_002542-T1     -           2517 31310                -            631   1.2e-67  226.9   0.1   1   2     4e-37   1.5e-34  117.5   0.0    81   329   481   731   421   763 0.83 ACNH67_002542
ACNH67_002542-T1     -           2517 31310                -            631   1.2e-67  226.9   0.1   2   2   5.8e-34   2.2e-31  107.1   0.0   383   520  1197  1335  1158  1340 0.93 ACNH67_002542
ACNH67_005157-T1     -            978 31310                -            631   2.8e-52  176.1   2.4   1   5   3.4e-11   1.3e-08   31.8   0.0    86   135   175   226   160   255 0.81 ACNH67_005157
ACNH67_005157-T1     -            978 31310                -            631   2.8e-52  176.1   2.4   2   5   2.9e-10   1.1e-07   28.7   0.0   186   241   362   418   333   427 0.85 ACNH67_005157
ACNH67_005157-T1     -            978 31310                -            631   2.8e-52  176.1   2.4   3   5     0.027        10    2.4   0.0   287   328   498   540   483   549 0.84 ACNH67_005157
ACNH67_005157-T1     -            978 31310                -            631   2.8e-52  176.1   2.4   4   5      0.28     1e+02   -0.9   0.0   324   353   580   609   572   624 0.64 ACNH67_005157
ACNH67_005157-T1     -            978 31310                -            631   2.8e-52  176.1   2.4   5   5   2.9e-34   1.1e-31  108.0   0.0   369   506   662   802   652   839 0.90 ACNH67_005157
ACNH67_004776-T1     -           1470 31310                -            631   1.1e-49  167.4   0.0   1   1   5.8e-52   2.2e-49  166.5   0.0    60   504    47   519    42   540 0.77 ACNH67_004776
ACNH67_004655-T1     -           2298 31310                -            631     1e-44  151.1   0.0   1   3   5.6e-20   2.1e-17   60.9   0.0    82   326   395   649   390   660 0.75 ACNH67_004655
ACNH67_004655-T1     -           2298 31310                -            631     1e-44  151.1   0.0   2   3   4.4e-10   1.7e-07   28.2   0.0   362   435   857   929   827   933 0.89 ACNH67_004655
ACNH67_004655-T1     -           2298 31310                -            631     1e-44  151.1   0.0   3   3   8.5e-19   3.2e-16   56.9   0.0   440   521   985  1066   979  1092 0.88 ACNH67_004655
ACNH67_004064-T1     -           1659 31310                -            631     1e-44  151.1   0.0   1   3   7.4e-05     0.028   10.9   0.0    81   105   425   449   406   454 0.84 ACNH67_004064
ACNH67_004064-T1     -           1659 31310                -            631     1e-44  151.1   0.0   2   3   8.6e-10   3.2e-07   27.2   0.0   182   236  1084  1139  1069  1145 0.86 ACNH67_004064
ACNH67_004064-T1     -           1659 31310                -            631     1e-44  151.1   0.0   3   3   2.1e-34     8e-32  108.5   0.0   358   537  1478  1658  1454  1659 0.93 ACNH67_004064
ACNH67_000948-T1     -           1402 31310                -            631   2.8e-41  139.8   0.7   1   4     7e-06    0.0026   14.3   0.0    84   103   693   712   683   723 0.84 ACNH67_000948
ACNH67_000948-T1     -           1402 31310                -            631   2.8e-41  139.8   0.7   2   4   1.2e-10   4.5e-08   30.1   0.0   114   251   769   911   762   917 0.81 ACNH67_000948
ACNH67_000948-T1     -           1402 31310                -            631   2.8e-41  139.8   0.7   3   4       1.1   4.2e+02   -2.9   0.0   301   331  1019  1049  1016  1075 0.88 ACNH67_000948
ACNH67_000948-T1     -           1402 31310                -            631   2.8e-41  139.8   0.7   4   4   3.7e-29   1.4e-26   91.2   0.2   368   536  1207  1380  1151  1387 0.77 ACNH67_000948
ACNH67_000873-T1     -            891 31310                -            631   6.6e-30  102.2   0.0   1   1   2.5e-32   9.6e-30  101.6   0.0    86   504   398   807   356   838 0.83 ACNH67_000873
ACNH67_000211-T1     -            136 31310                -            631   1.5e-05   21.7   0.0   1   1   3.9e-08   1.5e-05   21.7   0.0   452   504    77   129     9   136 0.82 ACNH67_000211
ACNH67_003408-T1     -            846 31310                -            631    0.0092   12.5   0.2   1   3       1.2   4.5e+02   -3.0   0.0   187   219   209   244   206   257 0.70 ACNH67_003408
ACNH67_003408-T1     -            846 31310                -            631    0.0092   12.5   0.2   2   3   8.7e-05     0.033   10.7   0.0   411   474   405   471   400   486 0.85 ACNH67_003408
ACNH67_003408-T1     -            846 31310                -            631    0.0092   12.5   0.2   3   3         1   3.9e+02   -2.8   0.0   428   459   597   628   596   629 0.84 ACNH67_003408
#
# Program:         hmmsearch
# Version:         3.1b2 (February 2015)
# Pipeline mode:   SEARCH
# Query file:      /home/edouard/GregarineStuff/Lgryllorum_Genome_analysis/Funannotate/Run_v3/species_train/annotate_results/busco_downloads/lineages/apicomplexa_odb12/hmms/31310at5794.hmm
# Target file:     /home/edouard/GregarineStuff/Lgryllorum_Genome_analysis/Funannotate/Run_v3/species_train/annotate_results/Leidyana_gryllorum.proteins.fa
# Option settings: hmmsearch --domtblout /home/edouard/GregarineStuff/Lgryllorum_Genome_analysis/Funannotate/Run_v3/species_train/annotate_results/busco/run_apicomplexa_odb12/hmmer_output/initial_run_results/31310at5794.out --cpu 1 /home/edouard/GregarineStuff/Lgryllorum_Genome_analysis/Funannotate/Run_v3/species_train/annotate_results/busco_downloads/lineages/apicomplexa_odb12/hmms/31310at5794.hmm /home/edouard/GregarineStuff/Lgryllorum_Genome_analysis/Funannotate/Run_v3/species_train/annotate_results/Leidyana_gryllorum.proteins.fa 
# Current dir:     /home/edouard/GregarineStuff/Lgryllorum_Genome_analysis/Funannotate/Run_v3/species_train/annotate_results
# Date:            Tue Apr  1 17:36:52 2025
# [ok]
