#                                                                            --- full sequence --- -------------- this domain -------------   hmm coord   ali coord   env coord
# target name        accession   tlen query name           accession   qlen   E-value  score  bias   #  of  c-Evalue  i-Evalue  score  bias  from    to  from    to  from    to  acc description of target
#------------------- ---------- ----- -------------------- ---------- ----- --------- ------ ----- --- --- --------- --------- ------ ----- ----- ----- ----- ----- ----- ----- ---- ---------------------
ACNH67_002359-T1     -            867 31355                -           1072  2.2e-149  497.4   1.4   1   4   1.2e-64   2.2e-61  206.0   0.0    67   243    11   188     4   197 0.97 ACNH67_002359
ACNH67_002359-T1     -            867 31355                -           1072  2.2e-149  497.4   1.4   2   4   2.5e-38   4.7e-35  118.9   0.1   239   346   222   338   211   343 0.88 ACNH67_002359
ACNH67_002359-T1     -            867 31355                -           1072  2.2e-149  497.4   1.4   3   4   3.2e-34   6.1e-31  105.3   0.4   349   505   383   563   374   574 0.80 ACNH67_002359
ACNH67_002359-T1     -            867 31355                -           1072  2.2e-149  497.4   1.4   4   4   1.2e-19   2.2e-16   57.1   0.0   531   643   638   748   610   785 0.81 ACNH67_002359
ACNH67_002360-T1     -            429 31355                -           1072  4.1e-123  410.4   0.7   1   1  5.8e-125  1.1e-121  405.7   0.7   707  1070    31   422     2   424 0.89 ACNH67_002360
ACNH67_002170-T1     -           1109 31355                -           1072   5.8e-05   19.2   0.1   1   2   6.5e-08   0.00012   18.2   0.0     2    86    24   108    23   127 0.96 ACNH67_002170
ACNH67_002170-T1     -           1109 31355                -           1072   5.8e-05   19.2   0.1   2   2      0.35   6.5e+02   -4.1   0.0   769   791   253   275   245   277 0.86 ACNH67_002170
#
# Program:         hmmsearch
# Version:         3.1b2 (February 2015)
# Pipeline mode:   SEARCH
# Query file:      /home/edouard/GregarineStuff/Lgryllorum_Genome_analysis/Funannotate/Run_v3/species_train/annotate_results/busco_downloads/lineages/apicomplexa_odb12/hmms/31355at5794.hmm
# Target file:     /home/edouard/GregarineStuff/Lgryllorum_Genome_analysis/Funannotate/Run_v3/species_train/annotate_results/Leidyana_gryllorum.proteins.fa
# Option settings: hmmsearch --domtblout /home/edouard/GregarineStuff/Lgryllorum_Genome_analysis/Funannotate/Run_v3/species_train/annotate_results/busco/run_apicomplexa_odb12/hmmer_output/initial_run_results/31355at5794.out --cpu 1 /home/edouard/GregarineStuff/Lgryllorum_Genome_analysis/Funannotate/Run_v3/species_train/annotate_results/busco_downloads/lineages/apicomplexa_odb12/hmms/31355at5794.hmm /home/edouard/GregarineStuff/Lgryllorum_Genome_analysis/Funannotate/Run_v3/species_train/annotate_results/Leidyana_gryllorum.proteins.fa 
# Current dir:     /home/edouard/GregarineStuff/Lgryllorum_Genome_analysis/Funannotate/Run_v3/species_train/annotate_results
# Date:            Tue Apr  1 17:36:54 2025
# [ok]
