#                                                                            --- full sequence --- -------------- this domain -------------   hmm coord   ali coord   env coord
# target name        accession   tlen query name           accession   qlen   E-value  score  bias   #  of  c-Evalue  i-Evalue  score  bias  from    to  from    to  from    to  acc description of target
#------------------- ---------- ----- -------------------- ---------- ----- --------- ------ ----- --- --- --------- --------- ------ ----- ----- ----- ----- ----- ----- ----- ---- ---------------------
ACNH67_003933-T1     -            772 31421                -            695  6.9e-261  865.6   0.0   1   1  4.2e-263  1.1e-260  864.9   0.0    45   694    78   768    61   769 0.87 ACNH67_003933
ACNH67_001883-T1     -            573 31421                -            695   2.5e-99  331.6   0.1   1   2   3.1e-49   8.3e-47  158.1   0.4   224   449    19   234    16   240 0.92 ACNH67_001883
ACNH67_001883-T1     -            573 31421                -            695   2.5e-99  331.6   0.1   2   2   3.8e-53     1e-50  171.0   0.0   206   447   274   510   243   520 0.86 ACNH67_001883
ACNH67_000479-T1     -            398 31421                -            695   1.2e-49  167.4   0.2   1   1   6.4e-52   1.7e-49  166.9   0.2   182   431   142   381   135   395 0.88 ACNH67_000479
ACNH67_002875-T1     -            780 31421                -            695   3.5e-49  165.9   0.0   1   2   0.00082      0.22    7.9   0.0   496   567   185   259   172   267 0.68 ACNH67_002875
ACNH67_002875-T1     -            780 31421                -            695   3.5e-49  165.9   0.0   2   2   1.6e-48   4.2e-46  155.7   0.0   193   451   513   760   499   772 0.89 ACNH67_002875
ACNH67_001812-T1     -            393 31421                -            695   8.2e-47  158.1   0.1   1   1   3.6e-49   9.7e-47  157.8   0.1   181   416   138   361     9   371 0.89 ACNH67_001812
ACNH67_004969-T1     -            448 31421                -            695   3.6e-43  146.1   0.1   1   1   1.9e-45     5e-43  145.6   0.1   182   415   195   416   181   435 0.91 ACNH67_004969
ACNH67_004448-T1     -            424 31421                -            695     1e-41  141.2   0.1   1   1   4.2e-44   1.1e-41  141.1   0.1   181   418   171   397    31   422 0.85 ACNH67_004448
ACNH67_004898-T1     -            637 31421                -            695   3.8e-41  139.3   0.0   1   2   1.8e-29   4.9e-27   92.7   0.0   216   405   304   499   299   535 0.77 ACNH67_004898
ACNH67_004898-T1     -            637 31421                -            695   3.8e-41  139.3   0.0   2   2   7.7e-15   2.1e-12   44.4   0.0   206   269   575   637   570   637 0.90 ACNH67_004898
ACNH67_002025-T1     -            396 31421                -            695   6.1e-38  128.8   0.1   1   1   2.5e-40   6.9e-38  128.6   0.1   162   417   126   367     6   391 0.82 ACNH67_002025
ACNH67_005214-T1     -            349 31421                -            695     1e-35  121.4   0.0   1   1   4.4e-38   1.2e-35  121.2   0.0   182   376   160   346   108   349 0.85 ACNH67_005214
ACNH67_004164-T1     -            793 31421                -            695   4.4e-30  102.8   0.0   1   1   2.4e-32   6.5e-30  102.2   0.0   209   423   349   559   336   569 0.86 ACNH67_004164
ACNH67_001002-T1     -            453 31421                -            695   1.1e-27   94.8   0.0   1   1   5.6e-30   1.5e-27   94.4   0.0   212   410   227   416   175   428 0.82 ACNH67_001002
ACNH67_004899-T1     -            163 31421                -            695   7.3e-19   65.7   0.0   1   1   3.3e-21     9e-19   65.4   0.0   319   448     1   141     1   147 0.84 ACNH67_004899
ACNH67_003508-T1     -            351 31421                -            695   7.7e-09   32.6   0.0   1   1   5.5e-11   1.5e-08   31.6   0.0   216   344   159   302   133   308 0.76 ACNH67_003508
ACNH67_003570-T1     -           1069 31421                -            695   5.5e-08   29.8   0.1   1   1   2.6e-10   7.1e-08   29.4   0.1   255   356   965  1067   960  1069 0.78 ACNH67_003570
ACNH67_000848-T1     -            553 31421                -            695   1.2e-06   25.3   3.6   1   2       1.1   2.9e+02   -2.4   7.3    43   156    53   169    27   207 0.70 ACNH67_000848
ACNH67_000848-T1     -            553 31421                -            695   1.2e-06   25.3   3.6   2   2   4.9e-08   1.3e-05   21.9   0.0   490   647   316   472   298   519 0.83 ACNH67_000848
ACNH67_001884-T1     -            262 31421                -            695   1.3e-05   21.9   0.0   1   2    0.0017      0.45    6.9   0.0    29    71    61   103    53   111 0.88 ACNH67_001884
ACNH67_001884-T1     -            262 31421                -            695   1.3e-05   21.9   0.0   2   2   2.3e-05    0.0063   13.0   0.0   197   226   218   247   192   256 0.77 ACNH67_001884
ACNH67_001661-T1     -            467 31421                -            695   4.5e-05   20.1   0.1   1   1   2.6e-07   6.9e-05   19.5   0.1   216   257    75   117    70   128 0.87 ACNH67_001661
ACNH67_001704-T1     -            126 31421                -            695    0.0012   15.4   0.1   1   1   4.6e-06    0.0013   15.4   0.1   149   227    50   125    30   126 0.79 ACNH67_001704
ACNH67_002432-T1     -           4929 31421                -            695    0.0038   13.8   0.1   1   3      0.16        43    0.4   0.0   218   238   364   384   352   394 0.75 ACNH67_002432
ACNH67_002432-T1     -           4929 31421                -            695    0.0038   13.8   0.1   2   3      0.01       2.8    4.3   0.0   490   536   822   867   804   879 0.80 ACNH67_002432
ACNH67_002432-T1     -           4929 31421                -            695    0.0038   13.8   0.1   3   3     0.011         3    4.2   0.0   494   525  1572  1603  1558  1610 0.78 ACNH67_002432
ACNH67_004083-T1     -            458 31421                -            695    0.0059   13.1   0.0   1   1   3.3e-05    0.0088   12.6   0.0   216   261    67   113    47   128 0.70 ACNH67_004083
#
# Program:         hmmsearch
# Version:         3.1b2 (February 2015)
# Pipeline mode:   SEARCH
# Query file:      /home/edouard/GregarineStuff/Lgryllorum_Genome_analysis/Funannotate/Run_v3/species_train/annotate_results/busco_downloads/lineages/apicomplexa_odb12/hmms/31421at5794.hmm
# Target file:     /home/edouard/GregarineStuff/Lgryllorum_Genome_analysis/Funannotate/Run_v3/species_train/annotate_results/Leidyana_gryllorum.proteins.fa
# Option settings: hmmsearch --domtblout /home/edouard/GregarineStuff/Lgryllorum_Genome_analysis/Funannotate/Run_v3/species_train/annotate_results/busco/run_apicomplexa_odb12/hmmer_output/initial_run_results/31421at5794.out --cpu 1 /home/edouard/GregarineStuff/Lgryllorum_Genome_analysis/Funannotate/Run_v3/species_train/annotate_results/busco_downloads/lineages/apicomplexa_odb12/hmms/31421at5794.hmm /home/edouard/GregarineStuff/Lgryllorum_Genome_analysis/Funannotate/Run_v3/species_train/annotate_results/Leidyana_gryllorum.proteins.fa 
# Current dir:     /home/edouard/GregarineStuff/Lgryllorum_Genome_analysis/Funannotate/Run_v3/species_train/annotate_results
# Date:            Tue Apr  1 17:36:56 2025
# [ok]
