#                                                                            --- full sequence --- -------------- this domain -------------   hmm coord   ali coord   env coord
# target name        accession   tlen query name           accession   qlen   E-value  score  bias   #  of  c-Evalue  i-Evalue  score  bias  from    to  from    to  from    to  acc description of target
#------------------- ---------- ----- -------------------- ---------- ----- --------- ------ ----- --- --- --------- --------- ------ ----- ----- ----- ----- ----- ----- ----- ---- ---------------------
ACNH67_001808-T1     -            441 31487                -            351   6.1e-63  211.4   0.0   1   1   8.3e-59     9e-57  191.1   0.0     2   350    10   419     9   420 0.76 ACNH67_001808
ACNH67_001061-T1     -            496 31487                -            351   6.9e-30  102.7   2.0   1   3   8.4e-12   9.1e-10   36.5   0.0    15   185   112   299   109   302 0.76 ACNH67_001061
ACNH67_001061-T1     -            496 31487                -            351   6.9e-30  102.7   2.0   2   3   1.6e-14   1.8e-12   45.4   0.0   119   221   277   386   276   392 0.86 ACNH67_001061
ACNH67_001061-T1     -            496 31487                -            351   6.9e-30  102.7   2.0   3   3   7.7e-10   8.4e-08   30.0   0.9   256   337   396   482   389   484 0.80 ACNH67_001061
ACNH67_001323-T1     -            521 31487                -            351   8.8e-29   99.0   2.9   1   5   0.00043     0.047   11.1   0.0   144   186   125   167   105   168 0.88 ACNH67_001323
ACNH67_001323-T1     -            521 31487                -            351   8.8e-29   99.0   2.9   2   5   3.3e-08   3.6e-06   24.6   0.0   104   180   129   203   127   209 0.94 ACNH67_001323
ACNH67_001323-T1     -            521 31487                -            351   8.8e-29   99.0   2.9   3   5   7.1e-05    0.0077   13.7   0.0   136   190   208   271   203   287 0.72 ACNH67_001323
ACNH67_001323-T1     -            521 31487                -            351   8.8e-29   99.0   2.9   4   5   3.2e-11   3.5e-09   34.5   2.1   164   346   298   478   266   483 0.73 ACNH67_001323
ACNH67_001323-T1     -            521 31487                -            351   8.8e-29   99.0   2.9   5   5   1.1e-05    0.0012   16.3   0.0   139   177   482   520   476   521 0.90 ACNH67_001323
ACNH67_003156-T1     -            490 31487                -            351   4.8e-23   80.1   0.8   1   3   0.00077     0.084   10.3   0.0   145   180   169   204   158   208 0.88 ACNH67_003156
ACNH67_003156-T1     -            490 31487                -            351   4.8e-23   80.1   0.8   2   3   3.6e-10   3.9e-08   31.1   0.0   142   221   208   290   205   293 0.89 ACNH67_003156
ACNH67_003156-T1     -            490 31487                -            351   4.8e-23   80.1   0.8   3   3   6.2e-10   6.8e-08   30.3   0.1   144   298   294   475   289   479 0.69 ACNH67_003156
ACNH67_004652-T1     -            353 31487                -            351   1.2e-21   75.6   2.1   1   3    0.0092         1    6.7   0.1   271   346    36   104    28   106 0.72 ACNH67_004652
ACNH67_004652-T1     -            353 31487                -            351   1.2e-21   75.6   2.1   2   3   1.3e-11   1.4e-09   35.9   0.4    96   218    65   191    56   192 0.85 ACNH67_004652
ACNH67_004652-T1     -            353 31487                -            351   1.2e-21   75.6   2.1   3   3   4.8e-13   5.3e-11   40.5   0.1   108   288   162   352   157   353 0.83 ACNH67_004652
ACNH67_003831-T1     -           1286 31487                -            351   1.4e-21   75.3   0.0   1   3   1.9e-06   0.00021   18.9   0.0   145   217    20    95     2    98 0.62 ACNH67_003831
ACNH67_003831-T1     -           1286 31487                -            351   1.4e-21   75.3   0.0   2   3     1e-06   0.00011   19.7   0.0   110   181    71   140    59   160 0.58 ACNH67_003831
ACNH67_003831-T1     -           1286 31487                -            351   1.4e-21   75.3   0.0   3   3   1.4e-12   1.5e-10   39.1   0.0   104   188   180   264   164   302 0.83 ACNH67_003831
ACNH67_004370-T1     -            954 31487                -            351   1.7e-19   68.5   0.7   1   5   8.5e-06   0.00093   16.7   0.0    98   217     7   128     2   137 0.83 ACNH67_004370
ACNH67_004370-T1     -            954 31487                -            351   1.7e-19   68.5   0.7   2   5   4.2e-06   0.00045   17.7   0.0   224   291   108   177    97   182 0.85 ACNH67_004370
ACNH67_004370-T1     -            954 31487                -            351   1.7e-19   68.5   0.7   3   5   1.9e-05    0.0021   15.5   0.0   139   196   185   243   179   245 0.87 ACNH67_004370
ACNH67_004370-T1     -            954 31487                -            351   1.7e-19   68.5   0.7   4   5   1.5e-09   1.6e-07   29.1   0.1   104   215   194   307   194   330 0.82 ACNH67_004370
ACNH67_004370-T1     -            954 31487                -            351   1.7e-19   68.5   0.7   5   5       1.1   1.2e+02   -0.1   0.0   169   219   459   511   449   524 0.70 ACNH67_004370
ACNH67_001408-T1     -            960 31487                -            351   5.9e-17   60.1   3.5   1   5       1.6   1.8e+02   -0.6   0.0   277   304   105   131    94   138 0.75 ACNH67_001408
ACNH67_001408-T1     -            960 31487                -            351   5.9e-17   60.1   3.5   2   5      0.12        13    3.1   0.1   109   180   150   222   131   274 0.67 ACNH67_001408
ACNH67_001408-T1     -            960 31487                -            351   5.9e-17   60.1   3.5   3   5      0.59        64    0.8   0.0   164   183   388   407   353   416 0.73 ACNH67_001408
ACNH67_001408-T1     -            960 31487                -            351   5.9e-17   60.1   3.5   4   5     4e-07   4.3e-05   21.1   0.0   228   288   643   704   583   707 0.79 ACNH67_001408
ACNH67_001408-T1     -            960 31487                -            351   5.9e-17   60.1   3.5   5   5   2.3e-12   2.5e-10   38.3   0.0   104   222   672   792   672   812 0.85 ACNH67_001408
ACNH67_004094-T1     -           1385 31487                -            351   4.4e-16   57.3   0.0   1   3     4e-05    0.0044   14.5   0.0   109   180   478   550   460   601 0.65 ACNH67_004094
ACNH67_004094-T1     -           1385 31487                -            351   4.4e-16   57.3   0.0   2   3   5.6e-11   6.1e-09   33.8   0.0   117   286   812   966   799   972 0.83 ACNH67_004094
ACNH67_004094-T1     -           1385 31487                -            351   4.4e-16   57.3   0.0   3   3       5.7   6.3e+02   -2.5   0.0   261   288   987  1014   981  1020 0.58 ACNH67_004094
ACNH67_003255-T1     -            761 31487                -            351   4.7e-16   57.2   0.0   1   5       1.4   1.5e+02   -0.4   0.0   141   181    56    96    30   136 0.70 ACNH67_003255
ACNH67_003255-T1     -            761 31487                -            351   4.7e-16   57.2   0.0   2   5      0.21        22    2.3   0.0   144   177   151   185   146   193 0.89 ACNH67_003255
ACNH67_003255-T1     -            761 31487                -            351   4.7e-16   57.2   0.0   3   5   2.4e-07   2.6e-05   21.8   0.0   102   223   196   321   188   330 0.83 ACNH67_003255
ACNH67_003255-T1     -            761 31487                -            351   4.7e-16   57.2   0.0   4   5         3   3.3e+02   -1.5   0.0   156   222   395   465   383   474 0.64 ACNH67_003255
ACNH67_003255-T1     -            761 31487                -            351   4.7e-16   57.2   0.0   5   5   1.5e-08   1.6e-06   25.8   0.3   103   218   636   753   628   760 0.87 ACNH67_003255
ACNH67_004196-T1     -            656 31487                -            351   1.8e-15   55.2   0.0   1   3   6.9e-06   0.00075   17.0   0.0   233   292    53   117    41   124 0.72 ACNH67_004196
ACNH67_004196-T1     -            656 31487                -            351   1.8e-15   55.2   0.0   2   3   5.1e-08   5.6e-06   24.0   0.0   141   224   124   210   118   216 0.85 ACNH67_004196
ACNH67_004196-T1     -            656 31487                -            351   1.8e-15   55.2   0.0   3   3   0.00058     0.064   10.7   0.0   235   292   246   306   229   322 0.83 ACNH67_004196
ACNH67_005283-T1     -           1266 31487                -            351   5.6e-15   53.6   0.0   1   4   5.7e-05    0.0062   14.0   0.0   118   182   270   332   258   341 0.77 ACNH67_005283
ACNH67_005283-T1     -           1266 31487                -            351   5.6e-15   53.6   0.0   2   4      0.26        29    1.9   0.0   162   182   368   388   362   434 0.71 ACNH67_005283
ACNH67_005283-T1     -           1266 31487                -            351   5.6e-15   53.6   0.0   3   4       3.7     4e+02   -1.8   0.0   230   247   743   760   719   772 0.75 ACNH67_005283
ACNH67_005283-T1     -           1266 31487                -            351   5.6e-15   53.6   0.0   4   4   3.1e-09   3.4e-07   28.0   0.0    91   224   856   991   850  1042 0.84 ACNH67_005283
ACNH67_000155-T1     -            566 31487                -            351   1.5e-14   52.3   2.8   1   3   3.3e-08   3.6e-06   24.6   0.2    94   192   264   362   254   374 0.85 ACNH67_000155
ACNH67_000155-T1     -            566 31487                -            351   1.5e-14   52.3   2.8   2   3     0.019       2.1    5.7   0.2   118   178   376   434   365   448 0.74 ACNH67_000155
ACNH67_000155-T1     -            566 31487                -            351   1.5e-14   52.3   2.8   3   3   3.4e-06   0.00037   18.0   0.0   112   216   455   566   449   566 0.83 ACNH67_000155
ACNH67_001450-T1     -            491 31487                -            351   6.1e-14   50.2   0.2   1   4   0.00064      0.07   10.5   0.0   226   285    98   163    84   174 0.77 ACNH67_001450
ACNH67_001450-T1     -            491 31487                -            351   6.1e-14   50.2   0.2   2   4     7e-06   0.00076   17.0   0.0   256   291   189   224   167   232 0.76 ACNH67_001450
ACNH67_001450-T1     -            491 31487                -            351   6.1e-14   50.2   0.2   3   4     4e-05    0.0044   14.5   0.0   173   236   233   295   229   301 0.82 ACNH67_001450
ACNH67_001450-T1     -            491 31487                -            351   6.1e-14   50.2   0.2   4   4       0.1        11    3.3   0.0   225   255   306   336   298   382 0.83 ACNH67_001450
ACNH67_002641-T1     -            638 31487                -            351   6.8e-14   50.1   0.0   1   2       7.2   7.9e+02   -2.8   0.0   156   184   329   357   316   362 0.71 ACNH67_002641
ACNH67_002641-T1     -            638 31487                -            351   6.8e-14   50.1   0.0   2   2     1e-13   1.1e-11   42.8   0.0   121   285   397   583   388   588 0.75 ACNH67_002641
ACNH67_002822-T1     -            388 31487                -            351   8.5e-14   49.7   0.5   1   3   1.9e-05    0.0021   15.6   0.1   251   340    66   146    62   150 0.74 ACNH67_002822
ACNH67_002822-T1     -            388 31487                -            351   8.5e-14   49.7   0.5   2   3   2.6e-06   0.00028   18.4   0.0    94   177   160   248   148   261 0.79 ACNH67_002822
ACNH67_002822-T1     -            388 31487                -            351   8.5e-14   49.7   0.5   3   3   0.00024     0.027   11.9   0.0   257   346   302   385   292   387 0.77 ACNH67_002822
ACNH67_004486-T1     -            363 31487                -            351   3.1e-13   47.9   0.0   1   3   5.6e-06   0.00061   17.3   0.0   142   265     6   122     2   138 0.64 ACNH67_004486
ACNH67_004486-T1     -            363 31487                -            351   3.1e-13   47.9   0.0   2   3   1.6e-08   1.8e-06   25.7   0.0   103   187   174   255   159   265 0.86 ACNH67_004486
ACNH67_004486-T1     -            363 31487                -            351   3.1e-13   47.9   0.0   3   3      0.93     1e+02    0.1   0.0   119   179   293   353   285   359 0.85 ACNH67_004486
ACNH67_003323-T1     -           1057 31487                -            351   1.1e-12   46.1   0.7   1   2   9.9e-09   1.1e-06   26.4   0.0   111   289    73   257    64   262 0.73 ACNH67_003323
ACNH67_003323-T1     -           1057 31487                -            351   1.1e-12   46.1   0.7   2   2     5e-09   5.5e-07   27.3   0.2   121   285   200   381   164   396 0.77 ACNH67_003323
ACNH67_003296-T1     -            565 31487                -            351   6.4e-11   40.3   0.0   1   1   9.8e-11   1.1e-08   33.0   0.0   148   292   153   324    80   336 0.73 ACNH67_003296
ACNH67_000131-T1     -            297 31487                -            351   7.9e-11   40.0   0.0   1   4     0.029       3.1    5.1   0.0   266   288     6    28     2    31 0.87 ACNH67_000131
ACNH67_000131-T1     -            297 31487                -            351   7.9e-11   40.0   0.0   2   4   3.1e-09   3.4e-07   28.0   0.0   127   290    19   193    16   203 0.70 ACNH67_000131
ACNH67_000131-T1     -            297 31487                -            351   7.9e-11   40.0   0.0   3   4      0.37        41    1.4   0.0   249   288   193   234   190   240 0.77 ACNH67_000131
ACNH67_000131-T1     -            297 31487                -            351   7.9e-11   40.0   0.0   4   4     0.096        10    3.4   0.0   140   178   255   293   249   297 0.77 ACNH67_000131
ACNH67_000780-T1     -            335 31487                -            351   7.6e-09   33.5   0.0   1   2   1.7e-08   1.9e-06   25.6   0.0   122   223    23   126     7   132 0.88 ACNH67_000780
ACNH67_000780-T1     -            335 31487                -            351   7.6e-09   33.5   0.0   2   2     0.017       1.9    5.8   0.0   115   181   143   210   134   249 0.76 ACNH67_000780
ACNH67_001222-T1     -            444 31487                -            351   2.2e-08   31.9   0.3   1   3    0.0084      0.92    6.9   0.0   255   293   217   255   172   258 0.82 ACNH67_001222
ACNH67_001222-T1     -            444 31487                -            351   2.2e-08   31.9   0.3   2   3   8.3e-08   9.1e-06   23.3   0.1   229   291   233   296   219   325 0.86 ACNH67_001222
ACNH67_001222-T1     -            444 31487                -            351   2.2e-08   31.9   0.3   3   3     0.091        10    3.5   0.0   165   182   370   387   359   442 0.61 ACNH67_001222
ACNH67_001454-T1     -            807 31487                -            351   3.9e-08   31.1   0.2   1   4   0.00011     0.012   13.1   0.0   230   287   196   253   188   263 0.89 ACNH67_001454
ACNH67_001454-T1     -            807 31487                -            351   3.9e-08   31.1   0.2   2   4   0.00033     0.035   11.5   0.1   229   305   237   312   232   317 0.77 ACNH67_001454
ACNH67_001454-T1     -            807 31487                -            351   3.9e-08   31.1   0.2   3   4   7.2e-05    0.0078   13.7   0.0   162   225   277   343   261   366 0.78 ACNH67_001454
ACNH67_001454-T1     -            807 31487                -            351   3.9e-08   31.1   0.2   4   4      0.04       4.3    4.6   0.0   161   215   318   380   314   385 0.71 ACNH67_001454
ACNH67_000423-T1     -            216 31487                -            351     4e-08   31.1   0.0   1   2   1.7e-05    0.0019   15.7   0.0   142   188    47    93    39    99 0.89 ACNH67_000423
ACNH67_000423-T1     -            216 31487                -            351     4e-08   31.1   0.0   2   2     7e-07   7.7e-05   20.3   0.0   228   296    66   138    64   147 0.79 ACNH67_000423
ACNH67_005180-T1     -            581 31487                -            351     6e-08   30.5   0.0   1   3       6.2   6.8e+02   -2.6   0.0   140   179    87   126    80   134 0.83 ACNH67_005180
ACNH67_005180-T1     -            581 31487                -            351     6e-08   30.5   0.0   2   3   7.5e-05    0.0082   13.6   0.0   143   193   219   269   181   275 0.84 ACNH67_005180
ACNH67_005180-T1     -            581 31487                -            351     6e-08   30.5   0.0   3   3   7.3e-05    0.0079   13.6   0.0   255   289   276   310   270   318 0.89 ACNH67_005180
ACNH67_001215-T1     -            442 31487                -            351   1.5e-07   29.2   0.0   1   4         2   2.2e+02   -1.0   0.0   200   232    90   122    85   128 0.81 ACNH67_001215
ACNH67_001215-T1     -            442 31487                -            351   1.5e-07   29.2   0.0   2   4   8.6e-06   0.00093   16.7   0.0   143   218   154   232   142   241 0.75 ACNH67_001215
ACNH67_001215-T1     -            442 31487                -            351   1.5e-07   29.2   0.0   3   4     0.034       3.7    4.9   0.0    98   201   236   295   204   374 0.62 ACNH67_001215
ACNH67_001215-T1     -            442 31487                -            351   1.5e-07   29.2   0.0   4   4     0.055         6    4.2   0.0    97   186   336   430   310   440 0.68 ACNH67_001215
ACNH67_004666-T1     -            620 31487                -            351   2.5e-07   28.4   0.0   1   2   0.00023     0.025   12.0   0.0   235   290   296   352   290   363 0.82 ACNH67_004666
ACNH67_004666-T1     -            620 31487                -            351   2.5e-07   28.4   0.0   2   2   8.6e-05    0.0094   13.4   0.0   231   289   510   568   436   576 0.82 ACNH67_004666
ACNH67_004907-T1     -            362 31487                -            351   3.6e-07   27.9   0.1   1   4     0.016       1.7    6.0   0.0   256   287    10    42     1    56 0.82 ACNH67_004907
ACNH67_004907-T1     -            362 31487                -            351   3.6e-07   27.9   0.1   2   4   0.00031     0.033   11.6   0.0   144   225    89   175    51   181 0.63 ACNH67_004907
ACNH67_004907-T1     -            362 31487                -            351   3.6e-07   27.9   0.1   3   4    0.0078      0.85    7.0   0.0   225   252   148   175   135   246 0.70 ACNH67_004907
ACNH67_004907-T1     -            362 31487                -            351   3.6e-07   27.9   0.1   4   4     0.099        11    3.3   0.0   154   182   270   298   265   328 0.69 ACNH67_004907
ACNH67_003547-T1     -            160 31487                -            351   5.9e-07   27.2   0.0   1   2   6.9e-06   0.00075   17.0   0.0   230   287    37    96    26   103 0.88 ACNH67_003547
ACNH67_003547-T1     -            160 31487                -            351   5.9e-07   27.2   0.0   2   2    0.0032      0.35    8.2   0.0   264   295   116   147   105   154 0.78 ACNH67_003547
ACNH67_005019-T1     -            391 31487                -            351   4.3e-06   24.4   0.0   1   4      0.81        88    0.3   0.0   162   184    42    64    34    74 0.55 ACNH67_005019
ACNH67_005019-T1     -            391 31487                -            351   4.3e-06   24.4   0.0   2   4   6.3e-05    0.0069   13.8   0.0   112   213    99   197    76   210 0.55 ACNH67_005019
ACNH67_005019-T1     -            391 31487                -            351   4.3e-06   24.4   0.0   3   4      0.12        13    3.1   0.0   109   179   222   291   216   293 0.87 ACNH67_005019
ACNH67_005019-T1     -            391 31487                -            351   4.3e-06   24.4   0.0   4   4      0.28        30    1.9   0.0   154   179   292   317   289   327 0.78 ACNH67_005019
ACNH67_005089-T1     -            618 31487                -            351     5e-06   24.2   0.3   1   2    0.0044      0.48    7.8   0.0   259   298   266   304   261   312 0.80 ACNH67_005089
ACNH67_005089-T1     -            618 31487                -            351     5e-06   24.2   0.3   2   2   3.4e-05    0.0037   14.7   0.1   144   190   310   356   306   359 0.91 ACNH67_005089
ACNH67_005169-T1     -            638 31487                -            351   9.3e-06   23.3   0.1   1   3      0.37        41    1.4   0.1   328   349    64    85    58    93 0.62 ACNH67_005169
ACNH67_005169-T1     -            638 31487                -            351   9.3e-06   23.3   0.1   2   3   3.4e-05    0.0037   14.7   0.0   111   189   249   325   237   329 0.67 ACNH67_005169
ACNH67_005169-T1     -            638 31487                -            351   9.3e-06   23.3   0.1   3   3   5.6e-05    0.0061   14.0   0.1   104   217   285   402   284   420 0.81 ACNH67_005169
ACNH67_003729-T1     -            288 31487                -            351   1.1e-05   23.1   0.0   1   4     0.067       7.3    3.9   0.0   130   176     3    51     1    59 0.85 ACNH67_003729
ACNH67_003729-T1     -            288 31487                -            351   1.1e-05   23.1   0.0   2   4       2.3   2.5e+02   -1.1   0.0   163   179   103   119    90   129 0.77 ACNH67_003729
ACNH67_003729-T1     -            288 31487                -            351   1.1e-05   23.1   0.0   3   4       1.5   1.6e+02   -0.5   0.0   163   176   165   178   155   184 0.62 ACNH67_003729
ACNH67_003729-T1     -            288 31487                -            351   1.1e-05   23.1   0.0   4   4   5.7e-05    0.0062   14.0   0.1   310   345   194   230   191   234 0.88 ACNH67_003729
ACNH67_002774-T1     -           1020 31487                -            351   1.2e-05   22.9   0.0   1   3       6.4   6.9e+02   -2.6   0.0   129   184    55   110    41   116 0.65 ACNH67_002774
ACNH67_002774-T1     -           1020 31487                -            351   1.2e-05   22.9   0.0   2   3       8.3     9e+02   -3.0   0.0   164   213   138   193   131   202 0.57 ACNH67_002774
ACNH67_002774-T1     -           1020 31487                -            351   1.2e-05   22.9   0.0   3   3   6.5e-07   7.1e-05   20.4   0.0   140   190   239   289   232   303 0.85 ACNH67_002774
ACNH67_005513-T1     -           1050 31487                -            351   1.6e-05   22.5   0.1   1   2    0.0001     0.011   13.1   0.1   164   286   794   933   788   935 0.67 ACNH67_005513
ACNH67_005513-T1     -           1050 31487                -            351   1.6e-05   22.5   0.1   2   2     0.012       1.4    6.3   0.0   126   181   925   980   907  1018 0.76 ACNH67_005513
ACNH67_001763-T1     -            450 31487                -            351   8.6e-05   20.1   0.1   1   2   0.00087     0.095   10.1   0.0   230   291   290   352   280   357 0.82 ACNH67_001763
ACNH67_001763-T1     -            450 31487                -            351   8.6e-05   20.1   0.1   2   2     0.001      0.11    9.9   0.1   230   288   333   399   325   403 0.72 ACNH67_001763
ACNH67_002121-T1     -           1538 31487                -            351   0.00012   19.6   0.0   1   3      0.16        17    2.7   0.0   270   289   538   557   533   575 0.84 ACNH67_002121
ACNH67_002121-T1     -           1538 31487                -            351   0.00012   19.6   0.0   2   3   0.00029     0.032   11.7   0.1   162   285   835   957   826  1018 0.69 ACNH67_002121
ACNH67_002121-T1     -           1538 31487                -            351   0.00012   19.6   0.0   3   3      0.35        38    1.5   0.0   224   247   994  1017   977  1029 0.68 ACNH67_002121
ACNH67_002373-T1     -            845 31487                -            351   0.00018   19.1   0.0   1   2   0.00017     0.019   12.4   0.0   303   347   520   561   480   566 0.75 ACNH67_002373
ACNH67_002373-T1     -            845 31487                -            351   0.00018   19.1   0.0   2   2      0.13        15    2.9   0.0    97   218   626   756   618   765 0.57 ACNH67_002373
ACNH67_004555-T1     -            472 31487                -            351   0.00024   18.7   0.0   1   3         2   2.2e+02   -0.9   0.0   191   249    44   102    36   108 0.60 ACNH67_004555
ACNH67_004555-T1     -            472 31487                -            351   0.00024   18.7   0.0   2   3     0.051       5.5    4.3   0.0   266   289   152   175   135   188 0.89 ACNH67_004555
ACNH67_004555-T1     -            472 31487                -            351   0.00024   18.7   0.0   3   3   0.00098      0.11    9.9   0.0   230   287   203   269   188   282 0.67 ACNH67_004555
ACNH67_001778-T1     -            572 31487                -            351    0.0003   18.3   0.0   1   2       2.5   2.7e+02   -1.2   0.0   330   343   299   312   291   320 0.63 ACNH67_001778
ACNH67_001778-T1     -            572 31487                -            351    0.0003   18.3   0.0   2   2   1.7e-05    0.0018   15.8   0.0   116   213   417   517   404   536 0.79 ACNH67_001778
ACNH67_002286-T1     -            412 31487                -            351   0.00036   18.1   0.1   1   1   1.5e-05    0.0016   15.9   0.1   108   235    81   220    76   230 0.71 ACNH67_002286
ACNH67_004768-T1     -           1488 31487                -            351   0.00053   17.5   0.0   1   1   9.3e-06     0.001   16.6   0.0   139   226  1350  1441  1295  1451 0.71 ACNH67_004768
ACNH67_000829-T1     -            430 31487                -            351   0.00087   16.8   0.2   1   2     0.033       3.5    4.9   0.1   268   343   110   175    91   183 0.60 ACNH67_000829
ACNH67_000829-T1     -            430 31487                -            351   0.00087   16.8   0.2   2   2    0.0048      0.52    7.7   0.0   235   285   322   373   304   381 0.78 ACNH67_000829
ACNH67_001948-T1     -            667 31487                -            351    0.0015   16.0   0.0   1   2       5.8   6.4e+02   -2.5   0.0   108   149    87   131    80   132 0.66 ACNH67_001948
ACNH67_001948-T1     -            667 31487                -            351    0.0015   16.0   0.0   2   2   3.7e-05     0.004   14.6   0.0   141   186   189   234   161   243 0.86 ACNH67_001948
ACNH67_003904-T1     -            389 31487                -            351    0.0018   15.8   0.1   1   3      0.29        31    1.8   0.0   155   181    67    93    30   123 0.74 ACNH67_003904
ACNH67_003904-T1     -            389 31487                -            351    0.0018   15.8   0.1   2   3    0.0061      0.67    7.3   0.0   191   290   179   209   169   245 0.57 ACNH67_003904
ACNH67_003904-T1     -            389 31487                -            351    0.0018   15.8   0.1   3   3      0.14        16    2.8   0.0   115   177   307   369   291   381 0.56 ACNH67_003904
ACNH67_005088-T1     -            673 31487                -            351    0.0018   15.8   0.0   1   2      0.44        48    1.2   0.0   160   225   166   236   150   250 0.72 ACNH67_005088
ACNH67_005088-T1     -            673 31487                -            351    0.0018   15.8   0.0   2   2   0.00023     0.025   12.0   0.0   122   230   259   370   246   376 0.76 ACNH67_005088
ACNH67_004756-T1     -            986 31487                -            351    0.0019   15.7   0.0   1   2   0.00065      0.07   10.5   0.0   126   189   203   266   193   303 0.79 ACNH67_004756
ACNH67_004756-T1     -            986 31487                -            351    0.0019   15.7   0.0   2   2      0.34        37    1.6   0.0   160   225   894   960   872   974 0.76 ACNH67_004756
ACNH67_003118-T1     -            489 31487                -            351    0.0034   14.9   0.0   1   3      0.11        12    3.2   0.0   157   189   136   169   127   173 0.61 ACNH67_003118
ACNH67_003118-T1     -            489 31487                -            351    0.0034   14.9   0.0   2   3      0.27        29    1.9   0.0   197   227   230   261   211   274 0.70 ACNH67_003118
ACNH67_003118-T1     -            489 31487                -            351    0.0034   14.9   0.0   3   3     0.019         2    5.7   0.0   235   260   289   314   278   317 0.81 ACNH67_003118
ACNH67_005054-T1     -            865 31487                -            351    0.0048   14.4   0.0   1   1   8.7e-05    0.0095   13.4   0.0   226   287   295   360   278   381 0.75 ACNH67_005054
ACNH67_004557-T1     -            555 31487                -            351      0.03   11.7   0.0   1   2    0.0032      0.35    8.2   0.0   232   286   320   377   316   392 0.62 ACNH67_004557
ACNH67_004557-T1     -            555 31487                -            351      0.03   11.7   0.0   2   2       4.3   4.7e+02   -2.1   0.0   111   175   489   551   470   554 0.78 ACNH67_004557
ACNH67_000310-T1     -            401 31487                -            351     0.052   11.0   0.0   1   1   0.00073      0.08   10.4   0.0    94   222   148   276   141   286 0.89 ACNH67_000310
ACNH67_003819-T1     -            843 31487                -            351     0.054   10.9   0.1   1   2       6.9   7.5e+02   -2.7   0.0   270   294    28    52    24    55 0.84 ACNH67_003819
ACNH67_003819-T1     -            843 31487                -            351     0.054   10.9   0.1   2   2    0.0061      0.66    7.3   0.1   226   284   160   218    57   226 0.53 ACNH67_003819
#
# Program:         hmmsearch
# Version:         3.1b2 (February 2015)
# Pipeline mode:   SEARCH
# Query file:      /home/edouard/GregarineStuff/Lgryllorum_Genome_analysis/Funannotate/Run_v3/species_train/annotate_results/busco_downloads/lineages/apicomplexa_odb12/hmms/31487at5794.hmm
# Target file:     /home/edouard/GregarineStuff/Lgryllorum_Genome_analysis/Funannotate/Run_v3/species_train/annotate_results/Leidyana_gryllorum.proteins.fa
# Option settings: hmmsearch --domtblout /home/edouard/GregarineStuff/Lgryllorum_Genome_analysis/Funannotate/Run_v3/species_train/annotate_results/busco/run_apicomplexa_odb12/hmmer_output/initial_run_results/31487at5794.out --cpu 1 /home/edouard/GregarineStuff/Lgryllorum_Genome_analysis/Funannotate/Run_v3/species_train/annotate_results/busco_downloads/lineages/apicomplexa_odb12/hmms/31487at5794.hmm /home/edouard/GregarineStuff/Lgryllorum_Genome_analysis/Funannotate/Run_v3/species_train/annotate_results/Leidyana_gryllorum.proteins.fa 
# Current dir:     /home/edouard/GregarineStuff/Lgryllorum_Genome_analysis/Funannotate/Run_v3/species_train/annotate_results
# Date:            Tue Apr  1 17:36:57 2025
# [ok]
