#                                                                            --- full sequence --- -------------- this domain -------------   hmm coord   ali coord   env coord
# target name        accession   tlen query name           accession   qlen   E-value  score  bias   #  of  c-Evalue  i-Evalue  score  bias  from    to  from    to  from    to  acc description of target
#------------------- ---------- ----- -------------------- ---------- ----- --------- ------ ----- --- --- --------- --------- ------ ----- ----- ----- ----- ----- ----- ----- ---- ---------------------
ACNH67_002641-T1     -            638 31553                -            383  5.9e-129  428.6   0.3   1   2     6e-39     6e-37  125.7   0.1     9   152   191   344   184   362 0.82 ACNH67_002641
ACNH67_002641-T1     -            638 31553                -            383  5.9e-129  428.6   0.3   2   2   3.2e-92   3.1e-90  301.1   0.0   154   382   390   625   376   626 0.94 ACNH67_002641
ACNH67_001323-T1     -            521 31553                -            383   7.4e-48  161.6   3.9   1   2   5.6e-25   5.6e-23   79.7   0.2   179   363   125   334   123   343 0.85 ACNH67_001323
ACNH67_001323-T1     -            521 31553                -            383   7.4e-48  161.6   3.9   2   2   3.7e-25   3.6e-23   80.3   0.6   198   340   377   520   373   521 0.93 ACNH67_001323
ACNH67_003156-T1     -            490 31553                -            383   1.3e-40  137.8   1.0   1   3     3e-08     3e-06   24.7   0.0   265   315   170   219   163   224 0.84 ACNH67_003156
ACNH67_003156-T1     -            490 31553                -            383   1.3e-40  137.8   1.0   2   3   1.7e-33   1.7e-31  107.8   0.9   179   375   210   404   206   405 0.92 ACNH67_003156
ACNH67_003156-T1     -            490 31553                -            383   1.3e-40  137.8   1.0   3   3    0.0006      0.06   10.5   0.1   232   297   390   462   385   466 0.75 ACNH67_003156
ACNH67_003831-T1     -           1286 31553                -            383     2e-40  137.1   2.2   1   2   7.4e-26   7.3e-24   82.6   0.2   208   346     6   142     2   155 0.91 ACNH67_003831
ACNH67_003831-T1     -           1286 31553                -            383     2e-40  137.1   2.2   2   2   8.6e-17   8.5e-15   52.8   0.1   155   286   152   284   141   309 0.82 ACNH67_003831
ACNH67_000155-T1     -            566 31553                -            383   2.4e-36  123.7   2.1   1   3   1.4e-18   1.4e-16   58.6   1.5   259   352   266   359   265   371 0.92 ACNH67_000155
ACNH67_000155-T1     -            566 31553                -            383   2.4e-36  123.7   2.1   2   3   2.6e-08   2.6e-06   24.9   0.0   195   297   374   476   364   480 0.81 ACNH67_000155
ACNH67_000155-T1     -            566 31553                -            383   2.4e-36  123.7   2.1   3   3   3.3e-14   3.3e-12   44.3   0.0   188   297   452   566   448   566 0.92 ACNH67_000155
ACNH67_004652-T1     -            353 31553                -            383   7.4e-35  118.8   0.7   1   3   9.4e-17   9.3e-15   52.7   0.2   266   382    13   144    10   145 0.81 ACNH67_004652
ACNH67_004652-T1     -            353 31553                -            383   7.4e-35  118.8   0.7   2   3   4.3e-20   4.2e-18   63.7   0.0   181   305   156   279   147   286 0.90 ACNH67_004652
ACNH67_004652-T1     -            353 31553                -            383   7.4e-35  118.8   0.7   3   3       4.1   4.1e+02   -2.1   0.0   232   255   327   350   318   352 0.59 ACNH67_004652
ACNH67_004370-T1     -            954 31553                -            383   1.6e-34  117.8   0.8   1   2   2.9e-20   2.9e-18   64.2   0.4   174   341     5   172     1   181 0.94 ACNH67_004370
ACNH67_004370-T1     -            954 31553                -            383   1.6e-34  117.8   0.8   2   2   1.4e-16   1.4e-14   52.1   0.0   172   259   183   271   174   307 0.83 ACNH67_004370
ACNH67_001408-T1     -            960 31553                -            383   2.9e-31  107.0  18.9   1   5       5.4   5.4e+02   -2.5   0.3   180   257    35   116    17   119 0.63 ACNH67_001408
ACNH67_001408-T1     -            960 31553                -            383   2.9e-31  107.0  18.9   2   5     4e-08     4e-06   24.3   0.7   186   312   148   282   134   289 0.62 ACNH67_001408
ACNH67_001408-T1     -            960 31553                -            383   2.9e-31  107.0  18.9   3   5       1.4   1.4e+02   -0.5   0.0   159   181   387   409   378   452 0.64 ACNH67_001408
ACNH67_001408-T1     -            960 31553                -            383   2.9e-31  107.0  18.9   4   5     0.047       4.7    4.3   0.1   229   303   536   615   531   635 0.71 ACNH67_001408
ACNH67_001408-T1     -            960 31553                -            383   2.9e-31  107.0  18.9   5   5   1.1e-27   1.1e-25   88.6   1.3   154   310   640   799   626   804 0.91 ACNH67_001408
ACNH67_004094-T1     -           1385 31553                -            383   2.5e-30  103.9   0.2   1   4   4.9e-09   4.9e-07   27.3   0.0   229   342   477   593   471   617 0.74 ACNH67_004094
ACNH67_004094-T1     -           1385 31553                -            383   2.5e-30  103.9   0.2   2   4      0.21        21    2.1   0.0   226   278   730   783   688   789 0.84 ACNH67_004094
ACNH67_004094-T1     -           1385 31553                -            383   2.5e-30  103.9   0.2   3   4     2e-10   1.9e-08   31.9   0.0   238   306   812   879   806   885 0.91 ACNH67_004094
ACNH67_004094-T1     -           1385 31553                -            383   2.5e-30  103.9   0.2   4   4   4.7e-12   4.7e-10   37.2   0.0   220   347   884  1018   876  1026 0.81 ACNH67_004094
ACNH67_005283-T1     -           1266 31553                -            383   5.4e-27   92.9   5.0   1   4   1.8e-11   1.8e-09   35.3   0.1   241   381   272   425   259   427 0.82 ACNH67_005283
ACNH67_005283-T1     -           1266 31553                -            383   5.4e-27   92.9   5.0   2   4     2e-05     0.002   15.4   0.1   154   293   694   842   680   853 0.64 ACNH67_005283
ACNH67_005283-T1     -           1266 31553                -            383   5.4e-27   92.9   5.0   3   4   3.8e-12   3.8e-10   37.5   0.0   283   383   884   984   879   984 0.93 ACNH67_005283
ACNH67_005283-T1     -           1266 31553                -            383   5.4e-27   92.9   5.0   4   4      0.18        18    2.4   0.0   197   223  1014  1039  1007  1053 0.67 ACNH67_005283
ACNH67_001061-T1     -            496 31553                -            383   5.7e-25   86.3   0.6   1   3    0.0094      0.93    6.6   0.0   272   304   208   240   192   255 0.77 ACNH67_001061
ACNH67_001061-T1     -            496 31553                -            383   5.7e-25   86.3   0.6   2   3   2.5e-12   2.5e-10   38.1   0.0   263   353   257   349   246   351 0.84 ACNH67_001061
ACNH67_001061-T1     -            496 31553                -            383   5.7e-25   86.3   0.6   3   3   2.2e-17   2.1e-15   54.8   0.1   199   313   323   441   322   482 0.88 ACNH67_001061
ACNH67_003255-T1     -            761 31553                -            383   9.7e-22   75.7   0.4   1   5      0.04         4    4.5   0.0   223   253    61    91    53   106 0.60 ACNH67_003255
ACNH67_003255-T1     -            761 31553                -            383   9.7e-22   75.7   0.4   2   5         1     1e+02   -0.2   0.0   356   379   112   135    96   138 0.84 ACNH67_003255
ACNH67_003255-T1     -            761 31553                -            383   9.7e-22   75.7   0.4   3   5   4.6e-12   4.6e-10   37.2   0.0   248   382   136   270   127   271 0.90 ACNH67_003255
ACNH67_003255-T1     -            761 31553                -            383   9.7e-22   75.7   0.4   4   5      0.13        13    2.8   0.0   191   220   249   278   242   288 0.73 ACNH67_003255
ACNH67_003255-T1     -            761 31553                -            383   9.7e-22   75.7   0.4   5   5   1.3e-08   1.3e-06   25.9   0.1   218   319   630   732   621   751 0.68 ACNH67_003255
ACNH67_004196-T1     -            656 31553                -            383   2.4e-20   71.1   0.2   1   2   1.5e-08   1.5e-06   25.6   0.0   263   303    76   116    41   124 0.83 ACNH67_004196
ACNH67_004196-T1     -            656 31553                -            383   2.4e-20   71.1   0.2   2   2   7.9e-14   7.8e-12   43.0   0.1   177   303   125   260   120   275 0.85 ACNH67_004196
ACNH67_000829-T1     -            430 31553                -            383   2.9e-20   70.8   0.5   1   2   3.6e-08   3.6e-06   24.4   0.2   224   347    97   232    90   236 0.73 ACNH67_000829
ACNH67_000829-T1     -            430 31553                -            383   2.9e-20   70.8   0.5   2   2   1.1e-13   1.1e-11   42.6   0.0   228   343   255   376   248   385 0.88 ACNH67_000829
ACNH67_004557-T1     -            555 31553                -            383   4.9e-20   70.0   0.0   1   3   0.00072     0.071   10.3   0.0   224   260   246   282   236   300 0.88 ACNH67_004557
ACNH67_004557-T1     -            555 31553                -            383   4.9e-20   70.0   0.0   2   3   2.8e-14   2.8e-12   44.5   0.0   227   344   306   424   300   448 0.80 ACNH67_004557
ACNH67_004557-T1     -            555 31553                -            383   4.9e-20   70.0   0.0   3   3   0.00035     0.034   11.3   0.0   226   296   483   552   452   554 0.83 ACNH67_004557
ACNH67_002774-T1     -           1020 31553                -            383   6.2e-18   63.1   0.0   1   2   0.00041     0.041   11.1   0.0   271   351    78   162    66   183 0.79 ACNH67_002774
ACNH67_002774-T1     -           1020 31553                -            383   6.2e-18   63.1   0.0   2   2   7.8e-16   7.7e-14   49.6   0.2   198   343   182   322   168   331 0.88 ACNH67_002774
ACNH67_002121-T1     -           1538 31553                -            383   7.1e-18   62.9  12.2   1   4   8.5e-05    0.0084   13.3   0.1   237   275   462   500   449   504 0.84 ACNH67_002121
ACNH67_002121-T1     -           1538 31553                -            383   7.1e-18   62.9  12.2   2   4     2e-05    0.0019   15.4   0.0   272   327   529   583   520   589 0.86 ACNH67_002121
ACNH67_002121-T1     -           1538 31553                -            383   7.1e-18   62.9  12.2   3   4   7.8e-05    0.0078   13.4   0.9   222   276   818   870   813   883 0.92 ACNH67_002121
ACNH67_002121-T1     -           1538 31553                -            383   7.1e-18   62.9  12.2   4   4   3.3e-08   3.2e-06   24.6   1.0   270   350   890   967   879  1014 0.68 ACNH67_002121
ACNH67_000131-T1     -            297 31553                -            383   7.2e-18   62.9   0.0   1   3   2.8e-05    0.0028   14.9   0.0   282   317    10    45     3    53 0.78 ACNH67_000131
ACNH67_000131-T1     -            297 31553                -            383   7.2e-18   62.9   0.0   2   3   2.9e-10   2.9e-08   31.3   0.0   241   359   130   250   126   254 0.88 ACNH67_000131
ACNH67_000131-T1     -            297 31553                -            383   7.2e-18   62.9   0.0   3   3   0.00035     0.035   11.3   0.0   260   297   256   292   252   295 0.56 ACNH67_000131
ACNH67_001215-T1     -            442 31553                -            383   4.3e-17   60.4   0.4   1   2   6.2e-12   6.2e-10   36.8   0.1   214   342   148   273   127   283 0.87 ACNH67_001215
ACNH67_001215-T1     -            442 31553                -            383   4.3e-17   60.4   0.4   2   2   2.3e-07   2.3e-05   21.8   0.0   132   263   293   430   278   435 0.78 ACNH67_001215
ACNH67_003296-T1     -            565 31553                -            383   5.3e-17   60.1   2.8   1   3     2e-12     2e-10   38.4   0.6   182   311   108   240   102   242 0.84 ACNH67_003296
ACNH67_003296-T1     -            565 31553                -            383   5.3e-17   60.1   2.8   2   3   1.1e-06   0.00011   19.5   0.1   224   304   243   324   239   333 0.85 ACNH67_003296
ACNH67_003296-T1     -            565 31553                -            383   5.3e-17   60.1   2.8   3   3       3.1   3.1e+02   -1.7   0.0   153   185   343   376   330   406 0.68 ACNH67_003296
ACNH67_003323-T1     -           1057 31553                -            383   7.7e-17   59.5   0.2   1   2     1e-06    0.0001   19.6   0.0   309   381    64   137    57   154 0.61 ACNH67_003323
ACNH67_003323-T1     -           1057 31553                -            383   7.7e-17   59.5   0.2   2   2   1.1e-11   1.1e-09   36.0   0.1   237   382   236   381   204   382 0.85 ACNH67_003323
ACNH67_001808-T1     -            441 31553                -            383   3.5e-16   57.4   0.2   1   2   2.3e-05    0.0023   15.2   0.0   260   305   169   214   166   221 0.88 ACNH67_001808
ACNH67_001808-T1     -            441 31553                -            383   3.5e-16   57.4   0.2   2   2   1.4e-12   1.4e-10   38.9   0.2   223   349   233   366   220   414 0.67 ACNH67_001808
ACNH67_002822-T1     -            388 31553                -            383   1.4e-15   55.4   2.8   1   3   1.7e-08   1.7e-06   25.5   0.2   309   380    69   148    64   151 0.82 ACNH67_002822
ACNH67_002822-T1     -            388 31553                -            383   1.4e-15   55.4   2.8   2   3   3.7e-07   3.7e-05   21.1   0.1   179   252   167   246   150   250 0.76 ACNH67_002822
ACNH67_002822-T1     -            388 31553                -            383   1.4e-15   55.4   2.8   3   3     0.018       1.8    5.6   0.0   260   306   293   339   283   388 0.68 ACNH67_002822
ACNH67_003547-T1     -            160 31553                -            383   2.3e-14   51.4   0.1   1   1   2.8e-16   2.8e-14   51.1   0.1   178   303    15   143     4   150 0.87 ACNH67_003547
ACNH67_004907-T1     -            362 31553                -            383   2.2e-13   48.2   0.0   1   2   1.2e-11   1.2e-09   35.8   0.0   184   331    10   158     2   179 0.84 ACNH67_004907
ACNH67_004907-T1     -            362 31553                -            383   2.2e-13   48.2   0.0   2   2    0.0032      0.31    8.1   0.0   187   240   268   322   258   333 0.68 ACNH67_004907
ACNH67_001454-T1     -            807 31553                -            383     3e-13   47.7   2.3   1   3   3.6e-10   3.6e-08   31.0   0.0   224   303   179   257   175   272 0.87 ACNH67_001454
ACNH67_001454-T1     -            807 31553                -            383     3e-13   47.7   2.3   2   3   2.9e-05    0.0029   14.9   0.2   198   257   278   337   270   352 0.86 ACNH67_001454
ACNH67_001454-T1     -            807 31553                -            383     3e-13   47.7   2.3   3   3      0.11        11    3.1   0.2   198   254   320   381   316   384 0.62 ACNH67_001454
ACNH67_005513-T1     -           1050 31553                -            383   5.1e-12   43.7   0.0   1   2    0.0084      0.83    6.8   0.0   328   382   795   848   767   849 0.80 ACNH67_005513
ACNH67_005513-T1     -           1050 31553                -            383   5.1e-12   43.7   0.0   2   2   2.4e-12   2.4e-10   38.2   0.0   160   299   835   978   827   984 0.86 ACNH67_005513
ACNH67_002373-T1     -            845 31553                -            383   3.3e-11   41.0   0.1   1   2   2.3e-07   2.3e-05   21.7   0.1   224   299   479   560   469   569 0.84 ACNH67_002373
ACNH67_002373-T1     -            845 31553                -            383   3.3e-11   41.0   0.1   2   2   6.9e-06   0.00069   16.9   0.0   228   342   636   756   624   771 0.84 ACNH67_002373
ACNH67_001222-T1     -            444 31553                -            383   4.3e-11   40.6   0.4   1   2     7e-11     7e-09   33.3   0.3   222   308   212   301   129   327 0.66 ACNH67_001222
ACNH67_001222-T1     -            444 31553                -            383   4.3e-11   40.6   0.4   2   2     0.031         3    4.9   0.0   240   304   368   436   354   443 0.80 ACNH67_001222
ACNH67_001450-T1     -            491 31553                -            383   5.2e-11   40.3   2.7   1   3   5.3e-05    0.0052   14.0   0.0   225   256    87   118    81   163 0.87 ACNH67_001450
ACNH67_001450-T1     -            491 31553                -            383   5.2e-11   40.3   2.7   2   3   1.2e-06   0.00012   19.4   0.0   263   299   184   220   180   225 0.78 ACNH67_001450
ACNH67_001450-T1     -            491 31553                -            383   5.2e-11   40.3   2.7   3   3     0.055       5.4    4.1   0.1   281   333   260   318   235   329 0.65 ACNH67_001450
ACNH67_004486-T1     -            363 31553                -            383   7.4e-11   39.8   0.3   1   4   0.00015     0.015   12.5   0.0   306   345     8    46     2    59 0.71 ACNH67_004486
ACNH67_004486-T1     -            363 31553                -            383   7.4e-11   39.8   0.3   2   4      0.86        86    0.1   0.0   231   287    78   134    60   137 0.49 ACNH67_004486
ACNH67_004486-T1     -            363 31553                -            383   7.4e-11   39.8   0.3   3   4   4.9e-07   4.9e-05   20.7   0.1   236   306   187   254   179   261 0.85 ACNH67_004486
ACNH67_004486-T1     -            363 31553                -            383   7.4e-11   39.8   0.3   4   4      0.73        73    0.4   0.0   213   251   310   348   289   351 0.78 ACNH67_004486
ACNH67_003819-T1     -            843 31553                -            383   1.2e-10   39.1   0.3   1   2      0.28        28    1.7   0.0   225   251    67    93    61    95 0.88 ACNH67_003819
ACNH67_003819-T1     -            843 31553                -            383   1.2e-10   39.1   0.3   2   2   2.7e-11   2.6e-09   34.7   0.1   180   298   105   220    98   225 0.85 ACNH67_003819
ACNH67_005169-T1     -            638 31553                -            383   1.7e-10   38.6   0.1   1   2     0.032       3.2    4.8   0.0   196   213    64    81    43    91 0.85 ACNH67_005169
ACNH67_005169-T1     -            638 31553                -            383   1.7e-10   38.6   0.1   2   2   2.5e-10   2.5e-08   31.5   0.0   224   362   241   383   234   401 0.80 ACNH67_005169
ACNH67_005019-T1     -            391 31553                -            383   2.5e-10   38.1   0.1   1   3     0.019       1.8    5.6   0.0   196   220    41    65    35    70 0.79 ACNH67_005019
ACNH67_005019-T1     -            391 31553                -            383   2.5e-10   38.1   0.1   2   3   5.6e-05    0.0056   13.9   0.2   128   296   112   288   105   290 0.74 ACNH67_005019
ACNH67_005019-T1     -            391 31553                -            383   2.5e-10   38.1   0.1   3   3   8.9e-05    0.0089   13.2   0.0   187   239   290   342   288   348 0.87 ACNH67_005019
ACNH67_000423-T1     -            216 31553                -            383   7.9e-10   36.4   0.0   1   1   1.5e-11   1.5e-09   35.5   0.0   231   374    19   161     1   168 0.79 ACNH67_000423
ACNH67_005180-T1     -            581 31553                -            383   1.3e-09   35.7   0.0   1   2   1.6e-10   1.5e-08   32.2   0.0   210   301   209   310   160   316 0.89 ACNH67_005180
ACNH67_005180-T1     -            581 31553                -            383   1.3e-09   35.7   0.0   2   2      0.48        48    1.0   0.0   316   347   382   413   375   447 0.77 ACNH67_005180
ACNH67_005089-T1     -            618 31553                -            383   3.3e-09   34.4   0.0   1   1   6.5e-11   6.4e-09   33.5   0.0   268   356   263   359   257   374 0.82 ACNH67_005089
ACNH67_004555-T1     -            472 31553                -            383   2.8e-08   31.3   0.0   1   2   2.3e-09   2.3e-07   28.4   0.0   195   302   154   272   139   280 0.79 ACNH67_004555
ACNH67_004555-T1     -            472 31553                -            383   2.8e-08   31.3   0.0   2   2       6.4   6.4e+02   -2.7   0.0   225   257   289   322   286   325 0.72 ACNH67_004555
ACNH67_004666-T1     -            620 31553                -            383   1.8e-07   28.7   1.4   1   2   2.8e-06   0.00028   18.2   0.0    89   236   221   376   203   407 0.66 ACNH67_004666
ACNH67_004666-T1     -            620 31553                -            383   1.8e-07   28.7   1.4   2   2    0.0032      0.32    8.1   0.4   228   311   435   536   430   567 0.66 ACNH67_004666
ACNH67_004183-T1     -            952 31553                -            383     4e-07   27.5   0.1   1   2    0.0036      0.36    7.9   0.0   232   262    98   128    93   139 0.87 ACNH67_004183
ACNH67_004183-T1     -            952 31553                -            383     4e-07   27.5   0.1   2   2   6.1e-06   0.00061   17.1   0.1   228   370   192   343   170   350 0.78 ACNH67_004183
ACNH67_005054-T1     -            865 31553                -            383   1.3e-06   25.8   0.0   1   2   6.2e-08   6.2e-06   23.6   0.0   307   383   281   359   273   359 0.87 ACNH67_005054
ACNH67_005054-T1     -            865 31553                -            383   1.3e-06   25.8   0.0   2   2       2.1   2.1e+02   -1.2   0.0   230   267   425   464   407   469 0.79 ACNH67_005054
ACNH67_001763-T1     -            450 31553                -            383   4.3e-06   24.1   0.4   1   1     1e-07     1e-05   22.9   0.4   197   308   288   407   265   417 0.79 ACNH67_001763
ACNH67_005480-T1     -           1211 31553                -            383   4.4e-06   24.1   0.1   1   1   7.9e-08   7.8e-06   23.3   0.1   139   256   843   957   833   969 0.74 ACNH67_005480
ACNH67_001948-T1     -            667 31553                -            383   4.4e-06   24.1   0.0   1   1   7.7e-08   7.6e-06   23.3   0.0   217   262   188   233   149   253 0.57 ACNH67_001948
ACNH67_000780-T1     -            335 31553                -            383   4.5e-06   24.1   0.0   1   2   1.1e-06   0.00011   19.5   0.0   155   254   101   206    87   209 0.81 ACNH67_000780
ACNH67_000780-T1     -            335 31553                -            383   4.5e-06   24.1   0.0   2   2       2.6   2.5e+02   -1.4   0.0   358   378   280   300   275   307 0.52 ACNH67_000780
ACNH67_005088-T1     -            673 31553                -            383   6.4e-06   23.6   0.0   1   2      0.42        41    1.2   0.0   164   214   132   185   124   233 0.82 ACNH67_005088
ACNH67_005088-T1     -            673 31553                -            383   6.4e-06   23.6   0.0   2   2   6.9e-07   6.9e-05   20.2   0.0   182   300   244   359   186   396 0.66 ACNH67_005088
ACNH67_001778-T1     -            572 31553                -            383   5.6e-05   20.5   0.7   1   2      0.63        63    0.6   0.0   198   212   299   313   243   322 0.76 ACNH67_001778
ACNH67_001778-T1     -            572 31553                -            383   5.6e-05   20.5   0.7   2   2   7.1e-06   0.00071   16.9   0.0   181   307   360   489   351   515 0.81 ACNH67_001778
ACNH67_003729-T1     -            288 31553                -            383   5.8e-05   20.4   0.0   1   2    0.0074      0.73    6.9   0.0   308   345    19    57     2    84 0.76 ACNH67_003729
ACNH67_003729-T1     -            288 31553                -            383   5.8e-05   20.4   0.0   2   2   0.00055     0.055   10.6   0.0   325   382   164   229   154   239 0.72 ACNH67_003729
ACNH67_004768-T1     -           1488 31553                -            383     7e-05   20.2   0.0   1   1     5e-06   0.00049   17.4   0.0   186   254  1362  1431  1356  1434 0.80 ACNH67_004768
ACNH67_000310-T1     -            401 31553                -            383   0.00016   19.0   0.0   1   2      0.17        17    2.4   0.0   230   266    83   119    66   155 0.88 ACNH67_000310
ACNH67_000310-T1     -            401 31553                -            383   0.00016   19.0   0.0   2   2   3.9e-05    0.0039   14.4   0.0   225   308   201   281   164   321 0.71 ACNH67_000310
ACNH67_004756-T1     -            986 31553                -            383   0.00033   17.9   2.9   1   2   0.00025     0.025   11.7   0.1   264   302   222   259   199   293 0.49 ACNH67_004756
ACNH67_004756-T1     -            986 31553                -            383   0.00033   17.9   2.9   2   2     0.015       1.5    5.9   0.5   218   317   875   971   865   976 0.87 ACNH67_004756
ACNH67_001309-T1     -            376 31553                -            383    0.0032   14.7   0.4   1   2    0.0044      0.44    7.7   0.1   266   347    33   113    25   143 0.80 ACNH67_001309
ACNH67_001309-T1     -            376 31553                -            383    0.0032   14.7   0.4   2   2     0.025       2.5    5.2   0.0   247   301   147   199   140   272 0.81 ACNH67_001309
ACNH67_003501-T1     -            322 31553                -            383     0.012   12.8   0.2   1   1   0.00017     0.017   12.3   0.2   242   297   220   273   201   282 0.79 ACNH67_003501
ACNH67_002286-T1     -            412 31553                -            383     0.014   12.5   0.1   1   2       3.9   3.9e+02   -2.0   0.0   269   296    79   106    73   119 0.83 ACNH67_002286
ACNH67_002286-T1     -            412 31553                -            383     0.014   12.5   0.1   2   2   0.00061      0.06   10.5   0.0   175   257   123   205   113   216 0.66 ACNH67_002286
ACNH67_001006-T1     -            849 31553                -            383     0.015   12.5   0.0   1   3      0.16        16    2.5   0.0   324   364    80   120    24   145 0.67 ACNH67_001006
ACNH67_001006-T1     -            849 31553                -            383     0.015   12.5   0.0   2   3      0.35        34    1.4   0.0   232   274   281   323   275   342 0.87 ACNH67_001006
ACNH67_001006-T1     -            849 31553                -            383     0.015   12.5   0.0   3   3     0.062       6.2    3.9   0.0   188   224   700   736   691   740 0.92 ACNH67_001006
ACNH67_002768-T1     -            762 31553                -            383     0.037   11.2   0.1   1   2      0.18        18    2.4   0.0   227   258   322   353   311   397 0.72 ACNH67_002768
ACNH67_002768-T1     -            762 31553                -            383     0.037   11.2   0.1   2   2     0.068       6.8    3.8   0.0   191   260   643   714   636   761 0.73 ACNH67_002768
ACNH67_003900-T1     -           1273 31553                -            383     0.037   11.2   0.0   1   2     0.015       1.5    5.9   0.0   237   285   112   159   102   168 0.85 ACNH67_003900
ACNH67_003900-T1     -           1273 31553                -            383     0.037   11.2   0.0   2   2      0.15        15    2.6   0.0   272   302   259   289   253   293 0.89 ACNH67_003900
#
# Program:         hmmsearch
# Version:         3.1b2 (February 2015)
# Pipeline mode:   SEARCH
# Query file:      /home/edouard/GregarineStuff/Lgryllorum_Genome_analysis/Funannotate/Run_v3/species_train/annotate_results/busco_downloads/lineages/apicomplexa_odb12/hmms/31553at5794.hmm
# Target file:     /home/edouard/GregarineStuff/Lgryllorum_Genome_analysis/Funannotate/Run_v3/species_train/annotate_results/Leidyana_gryllorum.proteins.fa
# Option settings: hmmsearch --domtblout /home/edouard/GregarineStuff/Lgryllorum_Genome_analysis/Funannotate/Run_v3/species_train/annotate_results/busco/run_apicomplexa_odb12/hmmer_output/initial_run_results/31553at5794.out --cpu 1 /home/edouard/GregarineStuff/Lgryllorum_Genome_analysis/Funannotate/Run_v3/species_train/annotate_results/busco_downloads/lineages/apicomplexa_odb12/hmms/31553at5794.hmm /home/edouard/GregarineStuff/Lgryllorum_Genome_analysis/Funannotate/Run_v3/species_train/annotate_results/Leidyana_gryllorum.proteins.fa 
# Current dir:     /home/edouard/GregarineStuff/Lgryllorum_Genome_analysis/Funannotate/Run_v3/species_train/annotate_results
# Date:            Tue Apr  1 17:36:59 2025
# [ok]
