#                                                                            --- full sequence --- -------------- this domain -------------   hmm coord   ali coord   env coord
# target name        accession   tlen query name           accession   qlen   E-value  score  bias   #  of  c-Evalue  i-Evalue  score  bias  from    to  from    to  from    to  acc description of target
#------------------- ---------- ----- -------------------- ---------- ----- --------- ------ ----- --- --- --------- --------- ------ ----- ----- ----- ----- ----- ----- ----- ---- ---------------------
ACNH67_005458-T1     -            244 31573                -            232   6.4e-39  132.5   4.0   1   1   3.9e-41   1.2e-38  131.6   4.0     4   227     4   228     1   233 0.84 ACNH67_005458
ACNH67_001630-T1     -            355 31573                -            232   8.9e-23   79.7   1.2   1   1   5.1e-25   1.5e-22   78.9   1.2     6    79     4    75     2    79 0.94 ACNH67_001630
ACNH67_004451-T1     -            282 31573                -            232   5.7e-21   73.8   1.7   1   1   2.7e-23   7.9e-21   73.3   1.7     5    80    39   108    35   115 0.93 ACNH67_004451
ACNH67_000478-T1     -            404 31573                -            232   1.4e-19   69.2   0.0   1   1   6.7e-22     2e-19   68.7   0.0     3    77     6    76     4    86 0.95 ACNH67_000478
ACNH67_001542-T1     -            591 31573                -            232   4.4e-19   67.6   0.3   1   4       2.2   6.6e+02   -1.7   0.7   162   192   183   213   177   217 0.74 ACNH67_001542
ACNH67_001542-T1     -            591 31573                -            232   4.4e-19   67.6   0.3   2   4   1.5e-21   4.4e-19   67.6   0.3     3    81   232   305   230   326 0.90 ACNH67_001542
ACNH67_001542-T1     -            591 31573                -            232   4.4e-19   67.6   0.3   3   4       1.6   4.7e+02   -1.2   0.4   169   194   446   471   406   501 0.51 ACNH67_001542
ACNH67_001542-T1     -            591 31573                -            232   4.4e-19   67.6   0.3   4   4       3.1   9.4e+02   -2.2   0.0     4    44   500   540   497   550 0.74 ACNH67_001542
ACNH67_002391-T1     -            565 31573                -            232   6.4e-19   67.1   0.1   1   3   2.1e-21   6.4e-19   67.1   0.1     2    76     2    70     1    75 0.94 ACNH67_002391
ACNH67_002391-T1     -            565 31573                -            232   6.4e-19   67.1   0.1   2   3       6.7     2e+03   -3.3   5.5   157   213   190   246   141   265 0.62 ACNH67_002391
ACNH67_002391-T1     -            565 31573                -            232   6.4e-19   67.1   0.1   3   3       2.2   6.5e+02   -1.7   1.9   153   206   251   304   227   324 0.71 ACNH67_002391
ACNH67_001543-T1     -            566 31573                -            232   9.7e-19   66.5   0.2   1   2   3.3e-21   9.7e-19   66.5   0.2     4    85   182   259   179   270 0.89 ACNH67_001543
ACNH67_001543-T1     -            566 31573                -            232   9.7e-19   66.5   0.2   2   2         4   1.2e+03   -2.6   3.4   194   218   398   422   356   437 0.44 ACNH67_001543
ACNH67_004239-T1     -            727 31573                -            232   5.6e-18   64.0   0.4   1   1   3.5e-20   1.1e-17   63.1   0.4     8    82   170   241   163   258 0.89 ACNH67_004239
ACNH67_005124-T1     -            400 31573                -            232   1.6e-17   62.5   2.2   1   2   1.2e-19   3.7e-17   61.3   0.2     4    81   107   178   105   199 0.91 ACNH67_005124
ACNH67_005124-T1     -            400 31573                -            232   1.6e-17   62.5   2.2   2   2      0.45   1.3e+02    0.5   0.2   141   190   315   365   297   387 0.79 ACNH67_005124
ACNH67_003236-T1     -            412 31573                -            232     1e-16   59.9   0.4   1   1   5.4e-19   1.6e-16   59.2   0.4     4    79    26    92    24    96 0.94 ACNH67_003236
ACNH67_001899-T1     -            625 31573                -            232   3.2e-16   58.2   0.1   1   1   1.7e-18   5.1e-16   57.5   0.1     8    78   133   198   126   205 0.93 ACNH67_001899
ACNH67_005120-T1     -            577 31573                -            232   1.2e-15   56.4   0.1   1   1   5.9e-18   1.8e-15   55.8   0.1     6    91    28   109    24   127 0.86 ACNH67_005120
ACNH67_001104-T1     -            627 31573                -            232   1.3e-12   46.4   0.0   1   1   4.4e-15   1.3e-12   46.4   0.0     3    75    98   180    96   200 0.83 ACNH67_001104
ACNH67_000451-T1     -            916 31573                -            232   1.8e-07   29.5   1.3   1   1   1.3e-09   3.9e-07   28.5   1.3    18    84    36    97    30   113 0.86 ACNH67_000451
ACNH67_001062-T1     -           1824 31573                -            232   1.2e-06   26.9   0.0   1   1   7.2e-09   2.2e-06   26.1   0.0     8    82    57   125    53   142 0.89 ACNH67_001062
ACNH67_005070-T1     -            143 31573                -            232   3.5e-06   25.4   0.0   1   1   1.5e-08   4.6e-06   25.0   0.0     8    64    29    82    24    85 0.86 ACNH67_005070
ACNH67_001064-T1     -            322 31573                -            232   2.6e-05   22.5   0.9   1   1   8.7e-08   2.6e-05   22.5   0.9     9    74   186   245   179   264 0.86 ACNH67_001064
ACNH67_001228-T1     -            262 31573                -            232   0.00033   18.9   0.2   1   1   1.7e-06   0.00049   18.3   0.3    14    70    89   147    75   211 0.85 ACNH67_001228
ACNH67_002421-T1     -            930 31573                -            232    0.0094   14.1   0.0   1   1   6.3e-05     0.019   13.2   0.0     8    69   465   528   459   531 0.81 ACNH67_002421
#
# Program:         hmmsearch
# Version:         3.1b2 (February 2015)
# Pipeline mode:   SEARCH
# Query file:      /home/edouard/GregarineStuff/Lgryllorum_Genome_analysis/Funannotate/Run_v3/species_train/annotate_results/busco_downloads/lineages/apicomplexa_odb12/hmms/31573at5794.hmm
# Target file:     /home/edouard/GregarineStuff/Lgryllorum_Genome_analysis/Funannotate/Run_v3/species_train/annotate_results/Leidyana_gryllorum.proteins.fa
# Option settings: hmmsearch --domtblout /home/edouard/GregarineStuff/Lgryllorum_Genome_analysis/Funannotate/Run_v3/species_train/annotate_results/busco/run_apicomplexa_odb12/hmmer_output/initial_run_results/31573at5794.out --cpu 1 /home/edouard/GregarineStuff/Lgryllorum_Genome_analysis/Funannotate/Run_v3/species_train/annotate_results/busco_downloads/lineages/apicomplexa_odb12/hmms/31573at5794.hmm /home/edouard/GregarineStuff/Lgryllorum_Genome_analysis/Funannotate/Run_v3/species_train/annotate_results/Leidyana_gryllorum.proteins.fa 
# Current dir:     /home/edouard/GregarineStuff/Lgryllorum_Genome_analysis/Funannotate/Run_v3/species_train/annotate_results
# Date:            Tue Apr  1 17:36:59 2025
# [ok]
