#                                                                            --- full sequence --- -------------- this domain -------------   hmm coord   ali coord   env coord
# target name        accession   tlen query name           accession   qlen   E-value  score  bias   #  of  c-Evalue  i-Evalue  score  bias  from    to  from    to  from    to  acc description of target
#------------------- ---------- ----- -------------------- ---------- ----- --------- ------ ----- --- --- --------- --------- ------ ----- ----- ----- ----- ----- ----- ----- ---- ---------------------
ACNH67_001450-T1     -            491 31618                -            363   1.3e-68  229.8   0.1   1   2   5.3e-68   6.6e-66  220.8   0.1    12   317    83   420    79   430 0.85 ACNH67_001450
ACNH67_001450-T1     -            491 31618                -            363   1.3e-68  229.8   0.1   2   2     0.014       1.7    5.6   0.0   328   354   465   491   447   491 0.82 ACNH67_001450
ACNH67_001323-T1     -            521 31618                -            363     1e-24   85.3  14.3   1   8   1.6e-07   2.1e-05   21.8   0.1   109   145   127   162   123   167 0.92 ACNH67_001323
ACNH67_001323-T1     -            521 31618                -            363     1e-24   85.3  14.3   2   8   3.8e-08   4.8e-06   23.9   0.5   108   194   168   258   163   258 0.75 ACNH67_001323
ACNH67_001323-T1     -            521 31618                -            363     1e-24   85.3  14.3   3   8    0.0026      0.33    8.0   0.1   109   143   218   260   205   281 0.74 ACNH67_001323
ACNH67_001323-T1     -            521 31618                -            363     1e-24   85.3  14.3   4   8       2.3   2.9e+02   -1.7   0.0   110   141   270   311   263   316 0.63 ACNH67_001323
ACNH67_001323-T1     -            521 31618                -            363     1e-24   85.3  14.3   5   8      0.22        27    1.7   0.1   127   145   377   395   371   401 0.69 ACNH67_001323
ACNH67_001323-T1     -            521 31618                -            363     1e-24   85.3  14.3   6   8   5.9e-05    0.0074   13.4   0.1   106   143   400   436   397   443 0.88 ACNH67_001323
ACNH67_001323-T1     -            521 31618                -            363     1e-24   85.3  14.3   7   8   1.5e-08   1.9e-06   25.2   0.0   109   156   445   491   439   498 0.92 ACNH67_001323
ACNH67_001323-T1     -            521 31618                -            363     1e-24   85.3  14.3   8   8       1.9   2.4e+02   -1.4   0.0    17    44   492   519   486   520 0.66 ACNH67_001323
ACNH67_003156-T1     -            490 31618                -            363   9.1e-22   75.6   6.9   1   6   7.7e-06   0.00096   16.3   0.1   109   145   170   205   167   212 0.91 ACNH67_003156
ACNH67_003156-T1     -            490 31618                -            363   9.1e-22   75.6   6.9   2   6   4.7e-05    0.0059   13.7   0.1   109   146   212   248   208   249 0.88 ACNH67_003156
ACNH67_003156-T1     -            490 31618                -            363   9.1e-22   75.6   6.9   3   6   3.7e-06   0.00047   17.4   0.0   105   144   250   288   248   292 0.93 ACNH67_003156
ACNH67_003156-T1     -            490 31618                -            363   9.1e-22   75.6   6.9   4   6   1.8e-06   0.00022   18.4   0.2   109   150   296   336   288   350 0.81 ACNH67_003156
ACNH67_003156-T1     -            490 31618                -            363   9.1e-22   75.6   6.9   5   6    0.0099       1.2    6.1   0.0   178   207   396   425   381   429 0.85 ACNH67_003156
ACNH67_003156-T1     -            490 31618                -            363   9.1e-22   75.6   6.9   6   6      0.18        22    2.0   0.0    18    45   435   462   430   469 0.80 ACNH67_003156
ACNH67_003831-T1     -           1286 31618                -            363   2.4e-19   67.7  10.7   1   5      0.15        19    2.2   0.0   111   145    23    56    21    59 0.76 ACNH67_003831
ACNH67_003831-T1     -           1286 31618                -            363   2.4e-19   67.7  10.7   2   5   6.2e-05    0.0078   13.3   0.2   108   145    62    98    56   103 0.88 ACNH67_003831
ACNH67_003831-T1     -           1286 31618                -            363   2.4e-19   67.7  10.7   3   5   2.5e-09   3.2e-07   27.8   0.1   109   144   105   139    99   147 0.93 ACNH67_003831
ACNH67_003831-T1     -           1286 31618                -            363   2.4e-19   67.7  10.7   4   5      0.28        35    1.3   0.1   109   141   178   209   175   214 0.89 ACNH67_003831
ACNH67_003831-T1     -           1286 31618                -            363   2.4e-19   67.7  10.7   5   5   9.2e-09   1.2e-06   25.9   0.1   106   145   219   257   216   259 0.90 ACNH67_003831
ACNH67_001061-T1     -            496 31618                -            363   2.3e-18   64.4   3.9   1   4     0.042       5.3    4.0   0.0   116   150   208   242   199   248 0.87 ACNH67_001061
ACNH67_001061-T1     -            496 31618                -            363   2.3e-18   64.4   3.9   2   4   1.8e-05    0.0022   15.1   0.0   118   144   268   294   257   301 0.89 ACNH67_001061
ACNH67_001061-T1     -            496 31618                -            363   2.3e-18   64.4   3.9   3   4   4.5e-10   5.6e-08   30.3   0.1   109   146   304   341   298   383 0.86 ACNH67_001061
ACNH67_001061-T1     -            496 31618                -            363   2.3e-18   64.4   3.9   4   4    0.0002     0.026   11.6   0.2   111   143   395   427   388   434 0.89 ACNH67_001061
ACNH67_003296-T1     -            565 31618                -            363   5.3e-18   63.3   1.2   1   3   3.7e-12   4.7e-10   37.1   0.2    18   143   111   228    95   236 0.85 ACNH67_003296
ACNH67_003296-T1     -            565 31618                -            363   5.3e-18   63.3   1.2   2   3   0.00012     0.016   12.4   0.0   212   283   256   332   247   341 0.70 ACNH67_003296
ACNH67_003296-T1     -            565 31618                -            363   5.3e-18   63.3   1.2   3   3   5.7e-05    0.0072   13.5   0.0   111   198   286   367   286   383 0.78 ACNH67_003296
ACNH67_004094-T1     -           1385 31618                -            363   2.2e-17   61.2   2.9   1   6     1e-08   1.3e-06   25.8   0.1   109   144   516   550   511   553 0.92 ACNH67_004094
ACNH67_004094-T1     -           1385 31618                -            363   2.2e-17   61.2   2.9   2   6      0.14        17    2.4   0.0    18    80   689   748   677   768 0.80 ACNH67_004094
ACNH67_004094-T1     -           1385 31618                -            363   2.2e-17   61.2   2.9   3   6   0.00015     0.019   12.1   0.0   122   145   809   832   799   839 0.88 ACNH67_004094
ACNH67_004094-T1     -           1385 31618                -            363   2.2e-17   61.2   2.9   4   6   5.4e-05    0.0067   13.6   0.0   109   147   839   876   833   927 0.75 ACNH67_004094
ACNH67_004094-T1     -           1385 31618                -            363   2.2e-17   61.2   2.9   5   6      0.63        79    0.2   0.0   127   142   951   966   936   989 0.80 ACNH67_004094
ACNH67_004094-T1     -           1385 31618                -            363   2.2e-17   61.2   2.9   6   6       1.9   2.4e+02   -1.4   0.0   212   269  1137  1195  1106  1204 0.71 ACNH67_004094
ACNH67_000155-T1     -            566 31618                -            363     6e-17   59.8   6.5   1   4   4.9e-11   6.2e-09   33.4   0.3   109   156   272   319   266   320 0.94 ACNH67_000155
ACNH67_000155-T1     -            566 31618                -            363     6e-17   59.8   6.5   2   4     5e-07   6.3e-05   20.2   0.6   111   143   318   349   314   397 0.88 ACNH67_000155
ACNH67_000155-T1     -            566 31618                -            363     6e-17   59.8   6.5   3   4     0.032         4    4.4   0.0    11    46   399   434   389   438 0.86 ACNH67_000155
ACNH67_000155-T1     -            566 31618                -            363     6e-17   59.8   6.5   4   4     0.028       3.5    4.6   0.0   118   141   543   566   534   566 0.89 ACNH67_000155
ACNH67_004196-T1     -            656 31618                -            363   6.1e-17   59.8   5.5   1   4   5.1e-08   6.4e-06   23.5   0.0   109   143    78   112    74   116 0.93 ACNH67_004196
ACNH67_004196-T1     -            656 31618                -            363   6.1e-17   59.8   5.5   2   4   5.5e-09   6.9e-07   26.7   0.7   105   146   125   166   118   172 0.90 ACNH67_004196
ACNH67_004196-T1     -            656 31618                -            363   6.1e-17   59.8   5.5   3   4      0.92   1.2e+02   -0.4   0.0    15    61   172   217   166   225 0.75 ACNH67_004196
ACNH67_004196-T1     -            656 31618                -            363   6.1e-17   59.8   5.5   4   4    0.0022      0.28    8.2   0.1   223   246   249   272   231   302 0.82 ACNH67_004196
ACNH67_004370-T1     -            954 31618                -            363   2.7e-15   54.3   2.8   1   6       1.6     2e+02   -1.2   0.0    15    48    13    46     6    54 0.77 ACNH67_004370
ACNH67_004370-T1     -            954 31618                -            363   2.7e-15   54.3   2.8   2   6   1.5e-07   1.8e-05   22.0   0.0   107   142   137   172    42   176 0.88 ACNH67_004370
ACNH67_004370-T1     -            954 31618                -            363   2.7e-15   54.3   2.8   3   6   2.5e-07   3.1e-05   21.2   0.1   109   203   192   275   190   277 0.90 ACNH67_004370
ACNH67_004370-T1     -            954 31618                -            363   2.7e-15   54.3   2.8   4   6   0.00067     0.084    9.9   0.1   109   144   235   269   229   321 0.86 ACNH67_004370
ACNH67_004370-T1     -            954 31618                -            363   2.7e-15   54.3   2.8   5   6       3.5   4.3e+02   -2.3   0.0   295   319   376   400   366   441 0.51 ACNH67_004370
ACNH67_004370-T1     -            954 31618                -            363   2.7e-15   54.3   2.8   6   6       3.9   4.9e+02   -2.5   0.0   271   317   465   511   460   519 0.78 ACNH67_004370
ACNH67_001408-T1     -            960 31618                -            363   9.7e-15   52.5   8.9   1   7     0.045       5.7    3.9   0.1   110   154   231   280   139   295 0.70 ACNH67_001408
ACNH67_001408-T1     -            960 31618                -            363   9.7e-15   52.5   8.9   2   7      0.61        76    0.2   0.1   176   199   383   406   374   413 0.74 ACNH67_001408
ACNH67_001408-T1     -            960 31618                -            363   9.7e-15   52.5   8.9   3   7    0.0098       1.2    6.1   0.2   196   241   576   622   560   649 0.78 ACNH67_001408
ACNH67_001408-T1     -            960 31618                -            363   9.7e-15   52.5   8.9   4   7     0.064       8.1    3.4   0.0    12    46   626   660   623   668 0.90 ACNH67_001408
ACNH67_001408-T1     -            960 31618                -            363   9.7e-15   52.5   8.9   5   7     5e-08   6.2e-06   23.5   0.0   108   145   669   705   661   712 0.88 ACNH67_001408
ACNH67_001408-T1     -            960 31618                -            363   9.7e-15   52.5   8.9   6   7   0.00058     0.073   10.1   0.0   110   144   713   746   705   749 0.82 ACNH67_001408
ACNH67_001408-T1     -            960 31618                -            363   9.7e-15   52.5   8.9   7   7      0.21        27    1.7   0.0   111   140   756   785   750   791 0.86 ACNH67_001408
ACNH67_002641-T1     -            638 31618                -            363   3.8e-14   50.6   1.6   1   5       7.2   9.1e+02   -3.3   0.0   248   272   329   349   321   360 0.65 ACNH67_002641
ACNH67_002641-T1     -            638 31618                -            363   3.8e-14   50.6   1.6   2   5   1.1e-05    0.0014   15.8   0.1   110   159   425   473   420   477 0.85 ACNH67_002641
ACNH67_002641-T1     -            638 31618                -            363   3.8e-14   50.6   1.6   3   5     0.019       2.4    5.1   0.0   109   147   466   503   461   508 0.90 ACNH67_002641
ACNH67_002641-T1     -            638 31618                -            363   3.8e-14   50.6   1.6   4   5     1e-08   1.3e-06   25.8   0.1   107   144   506   543   502   547 0.91 ACNH67_002641
ACNH67_002641-T1     -            638 31618                -            363   3.8e-14   50.6   1.6   5   5      0.29        36    1.3   0.0   111   142   553   584   545   590 0.88 ACNH67_002641
ACNH67_004652-T1     -            353 31618                -            363     9e-13   46.0   9.2   1   7       7.9   9.9e+02   -3.5   0.0   122   141    31    50    19    54 0.83 ACNH67_004652
ACNH67_004652-T1     -            353 31618                -            363     9e-13   46.0   9.2   2   7    0.0018      0.23    8.5   0.1   126   144    87   105    66   108 0.78 ACNH67_004652
ACNH67_004652-T1     -            353 31618                -            363     9e-13   46.0   9.2   3   7   2.1e-06   0.00026   18.2   0.1   106   142   110   145   106   150 0.86 ACNH67_004652
ACNH67_004652-T1     -            353 31618                -            363     9e-13   46.0   9.2   4   7   0.00029     0.036   11.1   0.1   109   145   156   193   154   199 0.88 ACNH67_004652
ACNH67_004652-T1     -            353 31618                -            363     9e-13   46.0   9.2   5   7     0.038       4.8    4.2   0.1   110   142   201   232   196   239 0.64 ACNH67_004652
ACNH67_004652-T1     -            353 31618                -            363     9e-13   46.0   9.2   6   7     0.083        10    3.1   0.0   115   146   247   276   244   294 0.87 ACNH67_004652
ACNH67_004652-T1     -            353 31618                -            363     9e-13   46.0   9.2   7   7      0.34        43    1.0   0.0    21    44   325   348   317   353 0.60 ACNH67_004652
ACNH67_002822-T1     -            388 31618                -            363   7.5e-11   39.7   1.7   1   3   3.6e-11   4.5e-09   33.9   0.3    10   141    63   200    55   209 0.82 ACNH67_002822
ACNH67_002822-T1     -            388 31618                -            363   7.5e-11   39.7   1.7   2   3      0.62        77    0.2   0.0   282   313   217   248   206   260 0.64 ACNH67_002822
ACNH67_002822-T1     -            388 31618                -            363   7.5e-11   39.7   1.7   3   3      0.33        41    1.1   0.0   176   200   312   336   300   351 0.76 ACNH67_002822
ACNH67_005283-T1     -           1266 31618                -            363     1e-10   39.3   3.4   1   6     0.086        11    3.0   0.0    21    50   261   290   249   295 0.79 ACNH67_005283
ACNH67_005283-T1     -           1266 31618                -            363     1e-10   39.3   3.4   2   6    0.0067      0.85    6.6   0.0    13    50   295   332   288   350 0.80 ACNH67_005283
ACNH67_005283-T1     -           1266 31618                -            363     1e-10   39.3   3.4   3   6   0.00055     0.069   10.2   0.0   124   147   366   389   359   444 0.75 ACNH67_005283
ACNH67_005283-T1     -           1266 31618                -            363     1e-10   39.3   3.4   4   6      0.25        32    1.5   0.0   206   232   734   760   729   771 0.86 ACNH67_005283
ACNH67_005283-T1     -           1266 31618                -            363     1e-10   39.3   3.4   5   6   0.00063      0.08   10.0   0.2   109   198   909   987   906   994 0.74 ACNH67_005283
ACNH67_005283-T1     -           1266 31618                -            363     1e-10   39.3   3.4   6   6      0.98   1.2e+02   -0.5   0.0   124   146  1012  1034  1005  1043 0.73 ACNH67_005283
ACNH67_001454-T1     -            807 31618                -            363   9.5e-10   36.1   2.8   1   4      0.27        34    1.4   0.0   110   144   179   212   175   217 0.72 ACNH67_001454
ACNH67_001454-T1     -            807 31618                -            363   9.5e-10   36.1   2.8   2   4   3.8e-05    0.0047   14.1   0.0   108   142   221   252   216   260 0.86 ACNH67_001454
ACNH67_001454-T1     -            807 31618                -            363   9.5e-10   36.1   2.8   3   4   0.00016      0.02   12.0   0.0   107   152   260   303   255   334 0.64 ACNH67_001454
ACNH67_001454-T1     -            807 31618                -            363   9.5e-10   36.1   2.8   4   4     0.006      0.75    6.8   0.3   118   198   313   385   307   399 0.80 ACNH67_001454
ACNH67_004907-T1     -            362 31618                -            363   3.7e-08   30.9   4.0   1   5     0.015       1.8    5.5   0.1   120   145    18    44    11    51 0.76 ACNH67_004907
ACNH67_004907-T1     -            362 31618                -            363   3.7e-08   30.9   4.0   2   5      0.64        81    0.1   0.0   107   144    48    84    42    87 0.77 ACNH67_004907
ACNH67_004907-T1     -            362 31618                -            363   3.7e-08   30.9   4.0   3   5   0.00018     0.023   11.8   0.0   111   158    93   143    91   151 0.75 ACNH67_004907
ACNH67_004907-T1     -            362 31618                -            363   3.7e-08   30.9   4.0   4   5     0.012       1.5    5.8   0.0    12    81   133   201   123   211 0.79 ACNH67_004907
ACNH67_004907-T1     -            362 31618                -            363   3.7e-08   30.9   4.0   5   5     0.014       1.7    5.6   0.0   115   141   268   293   258   301 0.73 ACNH67_004907
ACNH67_001215-T1     -            442 31618                -            363   4.8e-08   30.5   1.3   1   2   3.6e-07   4.5e-05   20.7   0.1   109   144   157   191   150   197 0.87 ACNH67_001215
ACNH67_001215-T1     -            442 31618                -            363   4.8e-08   30.5   1.3   2   2    0.0033      0.41    7.7   0.1   264   328   221   288   209   325 0.74 ACNH67_001215
ACNH67_001808-T1     -            441 31618                -            363   5.9e-08   30.2   3.9   1   3       8.2     1e+03   -3.5   0.0   303   317   136   150   132   153 0.77 ACNH67_001808
ACNH67_001808-T1     -            441 31618                -            363   5.9e-08   30.2   3.9   2   3   5.5e-05    0.0069   13.5   0.1   108   202   173   273   168   324 0.63 ACNH67_001808
ACNH67_001808-T1     -            441 31618                -            363   5.9e-08   30.2   3.9   3   3   5.9e-05    0.0075   13.4   0.3   104   144   320   360   319   433 0.84 ACNH67_001808
ACNH67_003255-T1     -            761 31618                -            363   7.9e-08   29.8   6.8   1   6       1.9   2.3e+02   -1.4   0.0    21    41    22    42    15    47 0.83 ACNH67_003255
ACNH67_003255-T1     -            761 31618                -            363   7.9e-08   29.8   6.8   2   6   6.3e-05    0.0079   13.3   0.1    17   140    64   184    48   236 0.87 ACNH67_003255
ACNH67_003255-T1     -            761 31618                -            363   7.9e-08   29.8   6.8   3   6      0.11        14    2.6   0.0   249   315   207   272   193   281 0.63 ACNH67_003255
ACNH67_003255-T1     -            761 31618                -            363   7.9e-08   29.8   6.8   4   6      0.23        29    1.6   0.1    13    51   427   465   415   501 0.65 ACNH67_003255
ACNH67_003255-T1     -            761 31618                -            363   7.9e-08   29.8   6.8   5   6       3.1   3.9e+02   -2.1   0.0   283   316   504   537   477   541 0.74 ACNH67_003255
ACNH67_003255-T1     -            761 31618                -            363   7.9e-08   29.8   6.8   6   6    0.0062      0.78    6.8   0.3    11    54   676   718   630   757 0.66 ACNH67_003255
ACNH67_000131-T1     -            297 31618                -            363   9.2e-08   29.6   0.1   1   4     0.013       1.6    5.8   0.1   125   146     9    30     3    42 0.85 ACNH67_000131
ACNH67_000131-T1     -            297 31618                -            363   9.2e-08   29.6   0.1   2   4      0.71        89   -0.0   0.0    31    46   129   144   112   147 0.84 ACNH67_000131
ACNH67_000131-T1     -            297 31618                -            363   9.2e-08   29.6   0.1   3   4      0.03       3.8    4.5   0.0   111   145   156   192   148   208 0.86 ACNH67_000131
ACNH67_000131-T1     -            297 31618                -            363   9.2e-08   29.6   0.1   4   4   5.2e-05    0.0065   13.6   0.1   102   142   254   293   245   296 0.89 ACNH67_000131
ACNH67_002774-T1     -           1020 31618                -            363   1.9e-07   28.5   0.3   1   4     0.064       8.1    3.4   0.0    17    50    75   108    63   113 0.89 ACNH67_002774
ACNH67_002774-T1     -           1020 31618                -            363   1.9e-07   28.5   0.3   2   4      0.45        56    0.6   0.0   157   194   167   196   137   205 0.61 ACNH67_002774
ACNH67_002774-T1     -           1020 31618                -            363   1.9e-07   28.5   0.3   3   4      0.86   1.1e+02   -0.3   0.0   109   141   206   236   200   244 0.77 ACNH67_002774
ACNH67_002774-T1     -           1020 31618                -            363   1.9e-07   28.5   0.3   4   4   1.7e-06   0.00021   18.5   0.1   109   144   245   279   240   288 0.92 ACNH67_002774
ACNH67_003819-T1     -            843 31618                -            363   8.3e-07   26.4   1.5   1   4       4.1   5.1e+02   -2.5   0.0   168   190    70    92    27    93 0.60 ACNH67_003819
ACNH67_003819-T1     -            843 31618                -            363   8.3e-07   26.4   1.5   2   4   2.7e-06   0.00034   17.8   0.2   109   203   106   186   104   196 0.80 ACNH67_003819
ACNH67_003819-T1     -            843 31618                -            363   8.3e-07   26.4   1.5   3   4     0.043       5.4    4.0   0.1   126   142   204   220   187   226 0.80 ACNH67_003819
ACNH67_003819-T1     -            843 31618                -            363   8.3e-07   26.4   1.5   4   4       7.8   9.9e+02   -3.4   0.0    10    47   242   279   237   284 0.71 ACNH67_003819
ACNH67_002373-T1     -            845 31618                -            363   1.3e-06   25.8   0.1   1   4     0.019       2.4    5.2   0.0   173   208   488   523   475   525 0.82 ACNH67_002373
ACNH67_002373-T1     -            845 31618                -            363   1.3e-06   25.8   0.1   2   4   3.1e-05    0.0039   14.3   0.0   110   145   526   562   524   566 0.91 ACNH67_002373
ACNH67_002373-T1     -            845 31618                -            363   1.3e-06   25.8   0.1   3   4      0.54        68    0.4   0.0    17    44   634   661   623   695 0.83 ACNH67_002373
ACNH67_002373-T1     -            845 31618                -            363   1.3e-06   25.8   0.1   4   4      0.94   1.2e+02   -0.4   0.0   269   311   709   752   694   761 0.66 ACNH67_002373
ACNH67_001763-T1     -            450 31618                -            363   1.8e-06   25.3   1.3   1   5       7.4   9.3e+02   -3.4   0.0   299   316   120   137   112   147 0.67 ACNH67_001763
ACNH67_001763-T1     -            450 31618                -            363   1.8e-06   25.3   1.3   2   5      0.13        16    2.4   0.0    17    58   197   239   181   246 0.71 ACNH67_001763
ACNH67_001763-T1     -            450 31618                -            363   1.8e-06   25.3   1.3   3   5     0.012       1.6    5.8   0.0   111   142   270   304   267   314 0.74 ACNH67_001763
ACNH67_001763-T1     -            450 31618                -            363   1.8e-06   25.3   1.3   4   5    0.0018      0.23    8.5   0.0    27    50   328   351   308   361 0.65 ACNH67_001763
ACNH67_001763-T1     -            450 31618                -            363   1.8e-06   25.3   1.3   5   5      0.04       5.1    4.1   0.0   111   188   366   442   357   449 0.77 ACNH67_001763
ACNH67_005019-T1     -            391 31618                -            363   2.7e-06   24.7   0.6   1   3   9.3e-06    0.0012   16.1   0.3   122   237    38   170    29   178 0.75 ACNH67_005019
ACNH67_005019-T1     -            391 31618                -            363   2.7e-06   24.7   0.6   2   3       1.1   1.4e+02   -0.6   0.0    18    52   219   253   212   260 0.85 ACNH67_005019
ACNH67_005019-T1     -            391 31618                -            363   2.7e-06   24.7   0.6   3   3     0.049       6.2    3.8   0.0   114   142   289   316   275   326 0.75 ACNH67_005019
ACNH67_005180-T1     -            581 31618                -            363   2.7e-06   24.7   0.0   1   3     0.041       5.2    4.1   0.0    13    48    92   127    83   175 0.70 ACNH67_005180
ACNH67_005180-T1     -            581 31618                -            363   2.7e-06   24.7   0.0   2   3      0.11        13    2.7   0.0    21   144   229   256   211   260 0.59 ACNH67_005180
ACNH67_005180-T1     -            581 31618                -            363   2.7e-06   24.7   0.0   3   3   4.9e-05    0.0061   13.7   0.0   107   146   272   311   267   329 0.84 ACNH67_005180
ACNH67_000829-T1     -            430 31618                -            363   7.3e-06   23.3   0.0   1   3    0.0023      0.29    8.2   0.3    14   144    96   228    89   239 0.50 ACNH67_000829
ACNH67_000829-T1     -            430 31618                -            363   7.3e-06   23.3   0.0   2   3       2.6   3.3e+02   -1.9   0.0    22    46   258   282   246   317 0.64 ACNH67_000829
ACNH67_000829-T1     -            430 31618                -            363   7.3e-06   23.3   0.0   3   3    0.0079      0.99    6.4   0.0   114   148   346   380   330   428 0.71 ACNH67_000829
ACNH67_000423-T1     -            216 31618                -            363   1.3e-05   22.4   0.2   1   3       2.9   3.6e+02   -2.0   0.0    14    40    11    37     2    41 0.76 ACNH67_000423
ACNH67_000423-T1     -            216 31618                -            363   1.3e-05   22.4   0.2   2   3   5.5e-05    0.0069   13.5   0.0   105   144    47    85    44    97 0.91 ACNH67_000423
ACNH67_000423-T1     -            216 31618                -            363   1.3e-05   22.4   0.2   3   3      0.01       1.3    6.1   0.0   115   144   101   130    90   153 0.79 ACNH67_000423
ACNH67_004486-T1     -            363 31618                -            363   2.5e-05   21.5   1.1   1   5     0.018       2.3    5.2   0.0    13    45     9    41     1    48 0.70 ACNH67_004486
ACNH67_004486-T1     -            363 31618                -            363   2.5e-05   21.5   1.1   2   5       2.3   2.9e+02   -1.7   0.0    13    44    69    99    59   134 0.61 ACNH67_004486
ACNH67_004486-T1     -            363 31618                -            363   2.5e-05   21.5   1.1   3   5    0.0021      0.26    8.3   0.3   179   228   189   245   178   246 0.59 ACNH67_004486
ACNH67_004486-T1     -            363 31618                -            363   2.5e-05   21.5   1.1   4   5    0.0052      0.65    7.0   0.1    14    47   214   247   208   259 0.79 ACNH67_004486
ACNH67_004486-T1     -            363 31618                -            363   2.5e-05   21.5   1.1   5   5       5.5   6.9e+02   -2.9   0.0    18    48   324   354   316   359 0.82 ACNH67_004486
ACNH67_000780-T1     -            335 31618                -            363     3e-05   21.3   0.0   1   2   7.1e-05    0.0089   13.2   0.0   170   232    94   165    77   169 0.66 ACNH67_000780
ACNH67_000780-T1     -            335 31618                -            363     3e-05   21.3   0.0   2   2     0.012       1.6    5.8   0.0     8    46   169   207   164   247 0.77 ACNH67_000780
ACNH67_004557-T1     -            555 31618                -            363   3.4e-05   21.1   0.1   1   3       0.1        13    2.8   0.0    16    46   247   277   235   292 0.69 ACNH67_004557
ACNH67_004557-T1     -            555 31618                -            363   3.4e-05   21.1   0.1   2   3      0.95   1.2e+02   -0.4   0.0    19    45   307   332   291   345 0.68 ACNH67_004557
ACNH67_004557-T1     -            555 31618                -            363   3.4e-05   21.1   0.1   3   3     7e-05    0.0088   13.2   0.2   111   139   346   373   340   432 0.71 ACNH67_004557
ACNH67_002121-T1     -           1538 31618                -            363   3.5e-05   21.1   3.3   1   4       0.2        25    1.8   0.1   127   143   539   555   517   559 0.80 ACNH67_002121
ACNH67_002121-T1     -           1538 31618                -            363   3.5e-05   21.1   3.3   2   4       2.8   3.6e+02   -2.0   0.0    22   194   827   850   819   858 0.60 ACNH67_002121
ACNH67_002121-T1     -           1538 31618                -            363   3.5e-05   21.1   3.3   3   4   8.2e-05      0.01   13.0   0.0   115   144   891   920   888   936 0.86 ACNH67_002121
ACNH67_002121-T1     -           1538 31618                -            363   3.5e-05   21.1   3.3   4   4     0.047       5.9    3.9   0.1   114   148   986  1020   979  1038 0.82 ACNH67_002121
ACNH67_004666-T1     -            620 31618                -            363   5.7e-05   20.4   1.1   1   4    0.0015      0.19    8.8   0.0    11    64   312   366   296   378 0.67 ACNH67_004666
ACNH67_004666-T1     -            620 31618                -            363   5.7e-05   20.4   1.1   2   4     0.037       4.7    4.2   0.0   171   192   438   459   426   484 0.74 ACNH67_004666
ACNH67_004666-T1     -            620 31618                -            363   5.7e-05   20.4   1.1   3   4      0.14        17    2.3   0.1   127   142   508   523   479   529 0.87 ACNH67_004666
ACNH67_004666-T1     -            620 31618                -            363   5.7e-05   20.4   1.1   4   4      0.81     1e+02   -0.2   0.0   115   156   538   581   534   608 0.58 ACNH67_004666
ACNH67_005169-T1     -            638 31618                -            363   0.00012   19.3   0.5   1   2     0.035       4.4    4.3   0.1   124   143    63    82    59   100 0.85 ACNH67_005169
ACNH67_005169-T1     -            638 31618                -            363   0.00012   19.3   0.5   2   2   0.00012     0.015   12.4   0.0   110   144   284   316   280   320 0.83 ACNH67_005169
ACNH67_001222-T1     -            444 31618                -            363   0.00019   18.6   0.0   1   4       1.4   1.8e+02   -1.0   0.0    15    47   163   195   156   199 0.84 ACNH67_001222
ACNH67_001222-T1     -            444 31618                -            363   0.00019   18.6   0.0   2   4         1   1.3e+02   -0.5   0.0   116   147   222   253   218   265 0.73 ACNH67_001222
ACNH67_001222-T1     -            444 31618                -            363   0.00019   18.6   0.0   3   4   2.9e-05    0.0037   14.4   0.0   111   155   260   304   253   315 0.93 ACNH67_001222
ACNH67_001222-T1     -            444 31618                -            363   0.00019   18.6   0.0   4   4       3.7   4.6e+02   -2.4   0.0   129   144   370   385   347   398 0.65 ACNH67_001222
ACNH67_003323-T1     -           1057 31618                -            363    0.0003   18.0   3.5   1   3     0.018       2.2    5.3   0.1   109   145    63    99    59   105 0.84 ACNH67_003323
ACNH67_003323-T1     -           1057 31618                -            363    0.0003   18.0   3.5   2   3      0.24        30    1.5   0.0   213   283   238   305   233   313 0.60 ACNH67_003323
ACNH67_003323-T1     -           1057 31618                -            363    0.0003   18.0   3.5   3   3    0.0049      0.62    7.1   0.3   109   194   307   381   299   387 0.66 ACNH67_003323
ACNH67_003547-T1     -            160 31618                -            363    0.0014   15.8   0.8   1   1    0.0012      0.15    9.2   1.0   129   230    38   139    10   139 0.58 ACNH67_003547
ACNH67_004555-T1     -            472 31618                -            363    0.0042   14.2   0.0   1   3       1.3   1.6e+02   -0.8   0.0    33    49    84   100    58   110 0.61 ACNH67_004555
ACNH67_004555-T1     -            472 31618                -            363    0.0042   14.2   0.0   2   3     0.068       8.6    3.3   0.0    17    49   143   175   137   181 0.85 ACNH67_004555
ACNH67_004555-T1     -            472 31618                -            363    0.0042   14.2   0.0   3   3    0.0075      0.95    6.5   0.0   111   145   237   271   232   276 0.83 ACNH67_004555
ACNH67_002768-T1     -            762 31618                -            363    0.0083   13.3   0.0   1   3    0.0077      0.97    6.5   0.0   164   198   319   353   315   360 0.89 ACNH67_002768
ACNH67_002768-T1     -            762 31618                -            363    0.0083   13.3   0.0   2   3     0.081        10    3.1   0.0    23    81   642   699   624   710 0.83 ACNH67_002768
ACNH67_002768-T1     -            762 31618                -            363    0.0083   13.3   0.0   3   3       1.5   1.9e+02   -1.1   0.0   115   140   737   761   734   762 0.77 ACNH67_002768
ACNH67_001006-T1     -            849 31618                -            363    0.0096   13.1   0.0   1   3     0.001      0.13    9.4   0.0    18    70    20    72    13    92 0.91 ACNH67_001006
ACNH67_001006-T1     -            849 31618                -            363    0.0096   13.1   0.0   2   3       2.6   3.3e+02   -1.9   0.0   178   199    80   101    76   108 0.81 ACNH67_001006
ACNH67_001006-T1     -            849 31618                -            363    0.0096   13.1   0.0   3   3       1.5   1.8e+02   -1.0   0.0   168   198   277   307   268   312 0.82 ACNH67_001006
ACNH67_005089-T1     -            618 31618                -            363     0.011   12.9   0.7   1   2       6.6   8.3e+02   -3.2   0.0   175   196   113   134   103   139 0.79 ACNH67_005089
ACNH67_005089-T1     -            618 31618                -            363     0.011   12.9   0.7   2   2   0.00043     0.054   10.6   0.3   115   200   266   349   264   355 0.75 ACNH67_005089
ACNH67_002061-T1     -            696 31618                -            363     0.015   12.4   0.0   1   3    0.0015      0.18    8.8   0.0   224   284   228   285   213   324 0.72 ACNH67_002061
ACNH67_002061-T1     -            696 31618                -            363     0.015   12.4   0.0   2   3       2.3   2.9e+02   -1.7   0.0    51    77   425   451   420   477 0.75 ACNH67_002061
ACNH67_002061-T1     -            696 31618                -            363     0.015   12.4   0.0   3   3      0.91   1.1e+02   -0.4   0.0   244   279   495   530   490   554 0.75 ACNH67_002061
ACNH67_003729-T1     -            288 31618                -            363     0.016   12.4   0.0   1   3      0.14        17    2.3   0.0   115   141    25    52    17    78 0.74 ACNH67_003729
ACNH67_003729-T1     -            288 31618                -            363     0.016   12.4   0.0   2   3       4.8   6.1e+02   -2.7   0.0    30    44   164   178   147   181 0.71 ACNH67_003729
ACNH67_003729-T1     -            288 31618                -            363     0.016   12.4   0.0   3   3    0.0048      0.61    7.1   0.0   109   140   194   228   190   241 0.82 ACNH67_003729
ACNH67_001948-T1     -            667 31618                -            363     0.022   11.8   0.0   1   1   0.00027     0.034   11.2   0.0   109   144   194   228   188   235 0.89 ACNH67_001948
#
# Program:         hmmsearch
# Version:         3.1b2 (February 2015)
# Pipeline mode:   SEARCH
# Query file:      /home/edouard/GregarineStuff/Lgryllorum_Genome_analysis/Funannotate/Run_v3/species_train/annotate_results/busco_downloads/lineages/apicomplexa_odb12/hmms/31618at5794.hmm
# Target file:     /home/edouard/GregarineStuff/Lgryllorum_Genome_analysis/Funannotate/Run_v3/species_train/annotate_results/Leidyana_gryllorum.proteins.fa
# Option settings: hmmsearch --domtblout /home/edouard/GregarineStuff/Lgryllorum_Genome_analysis/Funannotate/Run_v3/species_train/annotate_results/busco/run_apicomplexa_odb12/hmmer_output/initial_run_results/31618at5794.out --cpu 1 /home/edouard/GregarineStuff/Lgryllorum_Genome_analysis/Funannotate/Run_v3/species_train/annotate_results/busco_downloads/lineages/apicomplexa_odb12/hmms/31618at5794.hmm /home/edouard/GregarineStuff/Lgryllorum_Genome_analysis/Funannotate/Run_v3/species_train/annotate_results/Leidyana_gryllorum.proteins.fa 
# Current dir:     /home/edouard/GregarineStuff/Lgryllorum_Genome_analysis/Funannotate/Run_v3/species_train/annotate_results
# Date:            Tue Apr  1 17:37:01 2025
# [ok]
