#                                                                            --- full sequence --- -------------- this domain -------------   hmm coord   ali coord   env coord
# target name        accession   tlen query name           accession   qlen   E-value  score  bias   #  of  c-Evalue  i-Evalue  score  bias  from    to  from    to  from    to  acc description of target
#------------------- ---------- ----- -------------------- ---------- ----- --------- ------ ----- --- --- --------- --------- ------ ----- ----- ----- ----- ----- ----- ----- ---- ---------------------
ACNH67_003352-T1     -            603 31665                -            630         0 1032.4   7.4   1   1         0         0 1032.1   7.4    35   628     1   595     1   598 0.99 ACNH67_003352
ACNH67_003960-T1     -            644 31665                -            630  6.5e-227  752.8  10.6   1   1  3.9e-229  7.8e-227  752.6  10.6    18   616     4   613     1   619 0.94 ACNH67_003960
ACNH67_003957-T1     -            641 31665                -            630  8.6e-227  752.4  10.0   1   1  5.2e-229  1.1e-226  752.1  10.0    18   616     3   612     1   617 0.93 ACNH67_003957
ACNH67_004479-T1     -            651 31665                -            630  5.1e-217  720.1   9.9   1   1  3.4e-219  6.8e-217  719.7   9.9    12   621    19   638    12   646 0.93 ACNH67_004479
ACNH67_003958-T1     -            554 31665                -            630  4.8e-135  449.3   0.1   1   1  2.9e-137  5.8e-135  449.0   0.1    17   508     2   497     1   514 0.93 ACNH67_003958
ACNH67_000325-T1     -            533 31665                -            630  7.9e-110  366.0   0.5   1   1  4.6e-112  9.3e-110  365.8   0.5    17   528     5   527     1   533 0.90 ACNH67_000325
ACNH67_004684-T1     -            509 31665                -            630   3.2e-85  284.7   0.1   1   1     2e-87   4.1e-85  284.4   0.1    18   505     8   500     2   506 0.94 ACNH67_004684
ACNH67_000327-T1     -            563 31665                -            630   1.4e-83  279.3   0.1   1   1   8.8e-86   1.8e-83  279.0   0.1    18   524     7   522     2   551 0.86 ACNH67_000327
ACNH67_000326-T1     -            558 31665                -            630   4.2e-62  208.4   0.0   1   1   2.8e-64   5.7e-62  207.9   0.0    21   500     8   489     5   503 0.88 ACNH67_000326
ACNH67_004037-T1     -            737 31665                -            630   5.6e-57  191.4   9.9   1   3   2.4e-58   4.9e-56  188.3   1.4    20   419     3   414     1   432 0.89 ACNH67_004037
ACNH67_004037-T1     -            737 31665                -            630   5.6e-57  191.4   9.9   2   3     0.034       6.9    2.8   0.2   475   542   492   558   487   567 0.66 ACNH67_004037
ACNH67_004037-T1     -            737 31665                -            630   5.6e-57  191.4   9.9   3   3    0.0049      0.99    5.6   0.2   515   589   568   643   551   685 0.82 ACNH67_004037
ACNH67_003959-T1     -            254 31665                -            630   2.9e-55  185.8   0.8   1   1   1.9e-57   3.8e-55  185.4   0.8   179   396     1   207     1   227 0.91 ACNH67_003959
ACNH67_003963-T1     -            406 31665                -            630   3.3e-55  185.6   0.0   1   1   2.2e-57   4.4e-55  185.2   0.0    21   404     6   400     2   404 0.91 ACNH67_003963
ACNH67_004926-T1     -            560 31665                -            630   4.1e-55  185.3   0.0   1   1   2.4e-57   4.9e-55  185.0   0.0    17   534     3   512     1   545 0.90 ACNH67_004926
ACNH67_001489-T1     -            607 31665                -            630   2.1e-52  176.3   0.0   1   1   1.4e-54   2.9e-52  175.8   0.0    18   514     4   502     1   536 0.88 ACNH67_001489
ACNH67_000324-T1     -            502 31665                -            630     1e-49  167.5   0.0   1   1   5.9e-52   1.2e-49  167.2   0.0    19   393     3   388     1   400 0.89 ACNH67_000324
ACNH67_004924-T1     -            653 31665                -            630   8.2e-49  164.5   0.0   1   1     5e-51     1e-48  164.2   0.0    19   395     3   385     1   418 0.88 ACNH67_004924
ACNH67_004927-T1     -            638 31665                -            630   7.2e-48  161.3   0.0   1   1   5.4e-50   1.1e-47  160.7   0.0    16   507     5   485     1   498 0.87 ACNH67_004927
ACNH67_000328-T1     -            757 31665                -            630   1.1e-39  134.3   0.0   1   2     1e-22   2.1e-20   70.6   0.0    21   387    12   391     5   397 0.84 ACNH67_000328
ACNH67_000328-T1     -            757 31665                -            630   1.1e-39  134.3   0.0   2   2     7e-20   1.4e-17   61.3   0.0   370   591   483   710   480   736 0.79 ACNH67_000328
ACNH67_004931-T1     -            466 31665                -            630   1.1e-34  117.8   0.0   1   1     7e-37   1.4e-34  117.4   0.0   124   521     8   407     3   439 0.88 ACNH67_004931
ACNH67_004925-T1     -            550 31665                -            630   1.5e-29  100.8   0.0   1   1   2.4e-31   4.9e-29   99.1   0.0    19   393     5   378     2   478 0.85 ACNH67_004925
ACNH67_004929-T1     -            548 31665                -            630   2.2e-29  100.3   0.0   1   1   2.5e-31     5e-29   99.1   0.0    17   403     3   384     1   419 0.81 ACNH67_004929
ACNH67_004289-T1     -            687 31665                -            630   1.3e-28   97.7   0.0   1   1   8.4e-31   1.7e-28   97.3   0.0    21   350     7   339     3   375 0.87 ACNH67_004289
ACNH67_004930-T1     -            568 31665                -            630   1.4e-22   77.8   0.1   1   1   2.5e-23     5e-21   72.7   0.1    18   390     4   387     1   525 0.70 ACNH67_004930
ACNH67_002290-T1     -            767 31665                -            630   2.6e-19   67.0   0.1   1   2     0.014       2.8    4.1   0.0    20    71     9    62     4    84 0.73 ACNH67_002290
ACNH67_002290-T1     -            767 31665                -            630   2.6e-19   67.0   0.1   2   2   1.1e-19   2.3e-17   60.6   0.0   127   393    97   354    86   365 0.84 ACNH67_002290
ACNH67_003707-T1     -           1368 31665                -            630   9.7e-18   61.8   0.1   1   3     1e-10     2e-08   31.0   0.0    17   198    27   224    15   227 0.81 ACNH67_003707
ACNH67_003707-T1     -           1368 31665                -            630   9.7e-18   61.8   0.1   2   3   4.7e-09   9.5e-07   25.5   0.2   236   395   301   478   292   492 0.59 ACNH67_003707
ACNH67_003707-T1     -           1368 31665                -            630   9.7e-18   61.8   0.1   3   3      0.34        69   -0.5   0.1   531   584   753   807   740   844 0.78 ACNH67_003707
ACNH67_004168-T1     -            477 31665                -            630   1.4e-07   28.3   0.0   1   2     0.089        18    1.5   0.0   135   191    72   128    56   135 0.81 ACNH67_004168
ACNH67_004168-T1     -            477 31665                -            630   1.4e-07   28.3   0.0   2   2   9.1e-09   1.8e-06   24.5   0.0   307   371   232   296   218   324 0.91 ACNH67_004168
ACNH67_004169-T1     -            524 31665                -            630   2.7e-07   27.3   0.0   1   2   0.00038     0.077    9.3   0.0   135   185    72   122    51   131 0.84 ACNH67_004169
ACNH67_004169-T1     -            524 31665                -            630   2.7e-07   27.3   0.0   2   2   3.8e-06   0.00077   15.9   0.0   306   441   248   389   227   402 0.80 ACNH67_004169
ACNH67_005638-T1     -            561 31665                -            630   5.5e-06   23.0   0.0   1   1   3.9e-08   7.8e-06   22.5   0.0   404   497   341   435   320   440 0.84 ACNH67_005638
#
# Program:         hmmsearch
# Version:         3.1b2 (February 2015)
# Pipeline mode:   SEARCH
# Query file:      /home/edouard/GregarineStuff/Lgryllorum_Genome_analysis/Funannotate/Run_v3/species_train/annotate_results/busco_downloads/lineages/apicomplexa_odb12/hmms/31665at5794.hmm
# Target file:     /home/edouard/GregarineStuff/Lgryllorum_Genome_analysis/Funannotate/Run_v3/species_train/annotate_results/Leidyana_gryllorum.proteins.fa
# Option settings: hmmsearch --domtblout /home/edouard/GregarineStuff/Lgryllorum_Genome_analysis/Funannotate/Run_v3/species_train/annotate_results/busco/run_apicomplexa_odb12/hmmer_output/initial_run_results/31665at5794.out --cpu 1 /home/edouard/GregarineStuff/Lgryllorum_Genome_analysis/Funannotate/Run_v3/species_train/annotate_results/busco_downloads/lineages/apicomplexa_odb12/hmms/31665at5794.hmm /home/edouard/GregarineStuff/Lgryllorum_Genome_analysis/Funannotate/Run_v3/species_train/annotate_results/Leidyana_gryllorum.proteins.fa 
# Current dir:     /home/edouard/GregarineStuff/Lgryllorum_Genome_analysis/Funannotate/Run_v3/species_train/annotate_results
# Date:            Tue Apr  1 17:37:02 2025
# [ok]
