#                                                                            --- full sequence --- -------------- this domain -------------   hmm coord   ali coord   env coord
# target name        accession   tlen query name           accession   qlen   E-value  score  bias   #  of  c-Evalue  i-Evalue  score  bias  from    to  from    to  from    to  acc description of target
#------------------- ---------- ----- -------------------- ---------- ----- --------- ------ ----- --- --- --------- --------- ------ ----- ----- ----- ----- ----- ----- ----- ---- ---------------------
ACNH67_004855-T1     -            839 31757                -            739  2.7e-258  857.2   0.1   1   2      0.39   3.6e+02   -2.8   0.0    24    40    11    27     7    34 0.82 ACNH67_004855
ACNH67_004855-T1     -            839 31757                -            739  2.7e-258  857.2   0.1   2   2  2.1e-260    2e-257  854.4   0.1    95   721   132   800   115   824 0.88 ACNH67_004855
ACNH67_002666-T1     -            989 31757                -            739  7.7e-120  399.5   1.3   1   2   4.8e-16   4.5e-13   46.5   0.0   163   296   192   320   177   328 0.85 ACNH67_002666
ACNH67_002666-T1     -            989 31757                -            739  7.7e-120  399.5   1.3   2   2  2.3e-108  2.2e-105  351.7   0.3   345   661   437   770   431   818 0.90 ACNH67_002666
ACNH67_001683-T1     -            979 31757                -            739  3.8e-119  397.2   0.3   1   2  1.9e-106  1.8e-103  345.4   0.0    74   571   251   730   247   741 0.90 ACNH67_001683
ACNH67_001683-T1     -            979 31757                -            739  3.8e-119  397.2   0.3   2   2   6.2e-17   5.9e-14   49.4   0.4   577   667   768   859   757   927 0.76 ACNH67_001683
ACNH67_000684-T1     -            806 31757                -            739  4.3e-115  383.8   0.0   1   1  6.7e-118  6.3e-115  383.3   0.0   150   663   173   691   137   699 0.83 ACNH67_000684
ACNH67_001780-T1     -            885 31757                -            739  1.9e-113  378.4   0.1   1   2   6.5e-98   6.1e-95  317.2   0.0   157   564   144   541   117   553 0.88 ACNH67_001780
ACNH67_001780-T1     -            885 31757                -            739  1.9e-113  378.4   0.1   2   2   1.3e-19   1.2e-16   58.3   0.1   569   662   611   710   592   715 0.84 ACNH67_001780
ACNH67_003254-T1     -           1157 31757                -            739  5.8e-112  373.4   0.0   1   1  2.8e-114  2.6e-111  371.3   0.0   150   664   215   752   205   760 0.83 ACNH67_003254
#
# Program:         hmmsearch
# Version:         3.1b2 (February 2015)
# Pipeline mode:   SEARCH
# Query file:      /home/edouard/GregarineStuff/Lgryllorum_Genome_analysis/Funannotate/Run_v3/species_train/annotate_results/busco_downloads/lineages/apicomplexa_odb12/hmms/31757at5794.hmm
# Target file:     /home/edouard/GregarineStuff/Lgryllorum_Genome_analysis/Funannotate/Run_v3/species_train/annotate_results/Leidyana_gryllorum.proteins.fa
# Option settings: hmmsearch --domtblout /home/edouard/GregarineStuff/Lgryllorum_Genome_analysis/Funannotate/Run_v3/species_train/annotate_results/busco/run_apicomplexa_odb12/hmmer_output/initial_run_results/31757at5794.out --cpu 1 /home/edouard/GregarineStuff/Lgryllorum_Genome_analysis/Funannotate/Run_v3/species_train/annotate_results/busco_downloads/lineages/apicomplexa_odb12/hmms/31757at5794.hmm /home/edouard/GregarineStuff/Lgryllorum_Genome_analysis/Funannotate/Run_v3/species_train/annotate_results/Leidyana_gryllorum.proteins.fa 
# Current dir:     /home/edouard/GregarineStuff/Lgryllorum_Genome_analysis/Funannotate/Run_v3/species_train/annotate_results
# Date:            Tue Apr  1 17:37:04 2025
# [ok]
