#                                                                            --- full sequence --- -------------- this domain -------------   hmm coord   ali coord   env coord
# target name        accession   tlen query name           accession   qlen   E-value  score  bias   #  of  c-Evalue  i-Evalue  score  bias  from    to  from    to  from    to  acc description of target
#------------------- ---------- ----- -------------------- ---------- ----- --------- ------ ----- --- --- --------- --------- ------ ----- ----- ----- ----- ----- ----- ----- ---- ---------------------
ACNH67_001591-T1     -            479 31786                -            384  8.2e-140  464.4   0.0   1   1  6.8e-143  9.6e-140  464.1   0.0     3   383    72   464    70   465 0.93 ACNH67_001591
ACNH67_005269-T1     -            587 31786                -            384   1.6e-98  328.4   0.0   1   2   1.2e-79   1.7e-76  255.9   0.0     2   253    16   282    15   309 0.89 ACNH67_005269
ACNH67_005269-T1     -            587 31786                -            384   1.6e-98  328.4   0.0   2   2   2.3e-23   3.3e-20   70.7   0.0   245   383   350   503   335   504 0.80 ACNH67_005269
ACNH67_002317-T1     -           1086 31786                -            384     7e-20   69.6   0.0   1   3   1.1e-06    0.0015   15.8   0.6    68    89   618   639   564   649 0.81 ACNH67_002317
ACNH67_002317-T1     -           1086 31786                -            384     7e-20   69.6   0.0   2   3   2.1e-07    0.0003   18.1   0.0    97   160   691   748   682   770 0.75 ACNH67_002317
ACNH67_002317-T1     -           1086 31786                -            384     7e-20   69.6   0.0   3   3   8.8e-10   1.2e-06   26.0   0.0   185   377   793  1002   786  1009 0.68 ACNH67_002317
ACNH67_002566-T1     -           1707 31786                -            384     0.045   10.9   0.0   1   2   0.00047      0.66    7.1   0.0   309   380   747   817   732   819 0.84 ACNH67_002566
ACNH67_002566-T1     -           1707 31786                -            384     0.045   10.9   0.0   2   2     0.029        40    1.2   0.0   273   345  1459  1532  1456  1540 0.80 ACNH67_002566
#
# Program:         hmmsearch
# Version:         3.1b2 (February 2015)
# Pipeline mode:   SEARCH
# Query file:      /home/edouard/GregarineStuff/Lgryllorum_Genome_analysis/Funannotate/Run_v3/species_train/annotate_results/busco_downloads/lineages/apicomplexa_odb12/hmms/31786at5794.hmm
# Target file:     /home/edouard/GregarineStuff/Lgryllorum_Genome_analysis/Funannotate/Run_v3/species_train/annotate_results/Leidyana_gryllorum.proteins.fa
# Option settings: hmmsearch --domtblout /home/edouard/GregarineStuff/Lgryllorum_Genome_analysis/Funannotate/Run_v3/species_train/annotate_results/busco/run_apicomplexa_odb12/hmmer_output/initial_run_results/31786at5794.out --cpu 1 /home/edouard/GregarineStuff/Lgryllorum_Genome_analysis/Funannotate/Run_v3/species_train/annotate_results/busco_downloads/lineages/apicomplexa_odb12/hmms/31786at5794.hmm /home/edouard/GregarineStuff/Lgryllorum_Genome_analysis/Funannotate/Run_v3/species_train/annotate_results/Leidyana_gryllorum.proteins.fa 
# Current dir:     /home/edouard/GregarineStuff/Lgryllorum_Genome_analysis/Funannotate/Run_v3/species_train/annotate_results
# Date:            Tue Apr  1 17:37:05 2025
# [ok]
