#                                                                            --- full sequence --- -------------- this domain -------------   hmm coord   ali coord   env coord
# target name        accession   tlen query name           accession   qlen   E-value  score  bias   #  of  c-Evalue  i-Evalue  score  bias  from    to  from    to  from    to  acc description of target
#------------------- ---------- ----- -------------------- ---------- ----- --------- ------ ----- --- --- --------- --------- ------ ----- ----- ----- ----- ----- ----- ----- ---- ---------------------
ACNH67_002756-T1     -            373 31842                -            330  2.3e-176  584.1   2.9   1   2  5.7e-133  3.7e-131  435.5   0.3     9   230    16   239     9   242 0.97 ACNH67_002756
ACNH67_002756-T1     -            373 31842                -            330  2.3e-176  584.1   2.9   2   2   7.4e-46   4.9e-44  149.2   0.2   228   329   261   363   253   364 0.95 ACNH67_002756
ACNH67_005244-T1     -            386 31842                -            330   3.4e-47  159.5   0.0   1   1   1.4e-48     9e-47  158.1   0.0    38   329    19   322    13   323 0.83 ACNH67_005244
ACNH67_003858-T1     -            525 31842                -            330   3.5e-47  159.5   0.0   1   1     7e-49   4.6e-47  159.1   0.0    36   329     6   304     2   305 0.85 ACNH67_003858
ACNH67_003730-T1     -            286 31842                -            330   9.4e-47  158.1   0.0   1   1   1.9e-48   1.3e-46  157.7   0.0    41   329     2   285     1   286 0.88 ACNH67_003730
ACNH67_005260-T1     -            397 31842                -            330   2.9e-45  153.2   0.0   1   1   5.4e-47   3.6e-45  152.9   0.0    39   320   106   396    98   397 0.84 ACNH67_005260
ACNH67_004964-T1     -            442 31842                -            330   9.7e-39  131.7   2.1   1   3   9.6e-26   6.3e-24   83.0   0.8    36   184    26   182    21   196 0.84 ACNH67_004964
ACNH67_004964-T1     -            442 31842                -            330   9.7e-39  131.7   2.1   2   3   2.2e-07   1.4e-05   22.7   0.0   195   230   220   255   212   267 0.88 ACNH67_004964
ACNH67_004964-T1     -            442 31842                -            330   9.7e-39  131.7   2.1   3   3   1.3e-07   8.5e-06   23.5   0.0   238   329   293   378   287   379 0.81 ACNH67_004964
ACNH67_000097-T1     -            410 31842                -            330   9.4e-35  118.6   0.0   1   2     2e-17   1.3e-15   55.7   0.0    38   171    47   193    39   213 0.79 ACNH67_000097
ACNH67_000097-T1     -            410 31842                -            330   9.4e-35  118.6   0.0   2   2     6e-19   3.9e-17   60.7   0.0   173   329   249   401   236   402 0.90 ACNH67_000097
ACNH67_004114-T1     -            514 31842                -            330   7.3e-33  112.4   0.0   1   2   4.2e-11   2.8e-09   34.9   0.1    92   183     4    99     1   105 0.88 ACNH67_004114
ACNH67_004114-T1     -            514 31842                -            330   7.3e-33  112.4   0.0   2   2   2.1e-23   1.4e-21   75.4   0.0   196   329   199   335   190   336 0.78 ACNH67_004114
ACNH67_004277-T1     -            378 31842                -            330     1e-31  108.7   0.0   1   1   2.2e-33   1.5e-31  108.2   0.0    40   329    64   356    39   357 0.82 ACNH67_004277
ACNH67_005221-T1     -            316 31842                -            330   1.6e-31  108.0   0.0   1   1   3.2e-33   2.1e-31  107.6   0.0    32   234    29   243    22   267 0.81 ACNH67_005221
ACNH67_002957-T1     -            477 31842                -            330   2.1e-30  104.3   0.0   1   1     6e-31   3.9e-29  100.2   0.0    80   329    66   318     4   319 0.82 ACNH67_002957
ACNH67_004295-T1     -            623 31842                -            330   1.9e-27   94.6   0.0   1   3     8e-07   5.3e-05   20.9   0.0    41   105    55   124    44   133 0.85 ACNH67_004295
ACNH67_004295-T1     -            623 31842                -            330   1.9e-27   94.6   0.0   2   3   8.5e-11   5.6e-09   33.9   0.0   134   192   232   289   226   292 0.89 ACNH67_004295
ACNH67_004295-T1     -            623 31842                -            330   1.9e-27   94.6   0.0   3   3   2.1e-11   1.4e-09   35.9   0.0   194   328   310   451   301   453 0.83 ACNH67_004295
ACNH67_005443-T1     -            702 31842                -            330   5.9e-27   93.0   0.1   1   1   1.3e-28   8.8e-27   92.4   0.1    48   252    51   267    42   296 0.80 ACNH67_005443
ACNH67_002449-T1     -            467 31842                -            330   1.6e-25   88.3   0.0   1   4     0.048       3.2    5.1   0.0    42    75     3    36     1    43 0.92 ACNH67_002449
ACNH67_002449-T1     -            467 31842                -            330   1.6e-25   88.3   0.0   2   4     1e-08   6.8e-07   27.1   0.0   132   169   165   202   159   232 0.75 ACNH67_002449
ACNH67_002449-T1     -            467 31842                -            330   1.6e-25   88.3   0.0   3   4   8.5e-11   5.6e-09   33.9   0.0   187   259   258   329   257   363 0.88 ACNH67_002449
ACNH67_002449-T1     -            467 31842                -            330   1.6e-25   88.3   0.0   4   4   1.3e-05   0.00086   16.9   0.0   283   329   412   459   409   460 0.87 ACNH67_002449
ACNH67_001957-T1     -            771 31842                -            330     3e-25   87.4   0.0   1   2   3.4e-08   2.2e-06   25.4   0.1   134   169   531   566   407   575 0.71 ACNH67_001957
ACNH67_001957-T1     -            771 31842                -            330     3e-25   87.4   0.0   2   2   2.6e-18   1.7e-16   58.6   0.0   164   329   608   769   602   770 0.90 ACNH67_001957
ACNH67_004409-T1     -           2132 31842                -            330   3.1e-25   87.3   3.4   1   2   5.7e-23   3.7e-21   73.9   1.4    40   240  1628  1833  1621  1846 0.82 ACNH67_004409
ACNH67_004409-T1     -           2132 31842                -            330   3.1e-25   87.3   3.4   2   2   0.00016     0.011   13.3   0.0   295   328  1855  1888  1836  1890 0.83 ACNH67_004409
ACNH67_001409-T1     -            502 31842                -            330   4.5e-25   86.8   0.1   1   2   1.1e-20     7e-19   66.5   0.0    41   242    37   248    33   259 0.75 ACNH67_001409
ACNH67_001409-T1     -            502 31842                -            330   4.5e-25   86.8   0.1   2   2   4.8e-06   0.00032   18.3   0.0   296   329   269   302   250   303 0.86 ACNH67_001409
ACNH67_004075-T1     -            655 31842                -            330   6.3e-25   86.3   0.3   1   3   0.00036     0.024   12.1   0.0    41   104   116   182   104   186 0.79 ACNH67_004075
ACNH67_004075-T1     -            655 31842                -            330   6.3e-25   86.3   0.3   2   3   1.4e-18   9.1e-17   59.5   0.0   141   249   282   389   272   402 0.87 ACNH67_004075
ACNH67_004075-T1     -            655 31842                -            330   6.3e-25   86.3   0.3   3   3   0.00073     0.048   11.1   0.0   297   328   404   435   393   437 0.89 ACNH67_004075
ACNH67_004661-T1     -            883 31842                -            330   2.4e-24   84.4   0.0   1   2   2.9e-23   1.9e-21   74.9   0.0    42   237   119   317    99   324 0.82 ACNH67_004661
ACNH67_004661-T1     -            883 31842                -            330   2.4e-24   84.4   0.0   2   2    0.0097      0.64    7.4   0.0   297   329   340   372   326   373 0.89 ACNH67_004661
ACNH67_004832-T1     -            867 31842                -            330   3.1e-24   84.1   0.6   1   1   1.1e-25   7.1e-24   82.9   0.6    40   328   539   856   518   858 0.76 ACNH67_004832
ACNH67_004527-T1     -            526 31842                -            330   4.7e-24   83.5   0.0   1   2   1.1e-24   7.1e-23   79.6   0.0    64   236     4   182     1   195 0.88 ACNH67_004527
ACNH67_004527-T1     -            526 31842                -            330   4.7e-24   83.5   0.0   2   2      0.51        33    1.8   0.0   299   327   207   235   191   238 0.85 ACNH67_004527
ACNH67_003062-T1     -            577 31842                -            330   1.3e-23   82.0   0.0   1   2   7.4e-22   4.9e-20   70.3   0.0    41   238    69   269    59   286 0.81 ACNH67_003062
ACNH67_003062-T1     -            577 31842                -            330   1.3e-23   82.0   0.0   2   2    0.0018      0.12    9.9   0.0   295   329   292   326   274   327 0.87 ACNH67_003062
ACNH67_003675-T1     -            596 31842                -            330   7.1e-22   76.3   0.0   1   2     2e-18   1.3e-16   59.0   0.0    45   239   157   356   126   370 0.74 ACNH67_003675
ACNH67_003675-T1     -            596 31842                -            330   7.1e-22   76.3   0.0   2   2   4.4e-05    0.0029   15.1   0.0   297   329   380   412   369   413 0.93 ACNH67_003675
ACNH67_000126-T1     -            665 31842                -            330   1.3e-21   75.4   0.2   1   1     4e-23   2.6e-21   74.4   0.2    43   236   207   409   201   421 0.77 ACNH67_000126
ACNH67_001032-T1     -            605 31842                -            330     9e-21   72.7   0.1   1   2   4.3e-20   2.8e-18   64.5   0.2    42   250   138   351   127   360 0.78 ACNH67_001032
ACNH67_001032-T1     -            605 31842                -            330     9e-21   72.7   0.1   2   2     0.027       1.8    6.0   0.0   297   329   365   397   354   398 0.91 ACNH67_001032
ACNH67_005582-T1     -            631 31842                -            330   1.9e-20   71.6   0.0   1   2   2.3e-19   1.5e-17   62.1   0.0    47   233   173   369   163   394 0.76 ACNH67_005582
ACNH67_005582-T1     -            631 31842                -            330   1.9e-20   71.6   0.0   2   2     0.011      0.71    7.3   0.0   298   329   399   430   381   431 0.91 ACNH67_005582
ACNH67_000828-T1     -            471 31842                -            330   5.4e-20   70.1   0.0   1   2       1.7   1.1e+02    0.0   0.0    42   113    17    95    10   107 0.62 ACNH67_000828
ACNH67_000828-T1     -            471 31842                -            330   5.4e-20   70.1   0.0   2   2   1.5e-20   9.6e-19   66.0   0.0   130   328   136   340   132   342 0.72 ACNH67_000828
ACNH67_003077-T1     -            558 31842                -            330   9.5e-20   69.3   0.1   1   2   2.6e-19   1.7e-17   61.9   0.1    39   254   201   427   168   461 0.81 ACNH67_003077
ACNH67_003077-T1     -            558 31842                -            330   9.5e-20   69.3   0.1   2   2     0.039       2.6    5.4   0.0   303   329   520   546   507   547 0.88 ACNH67_003077
ACNH67_002687-T1     -            638 31842                -            330   1.5e-19   68.7   0.1   1   3     7e-17   4.6e-15   53.9   0.1    50   183   182   325   171   333 0.76 ACNH67_002687
ACNH67_002687-T1     -            638 31842                -            330   1.5e-19   68.7   0.1   2   3      0.12       7.7    3.9   0.0   195   242   373   419   366   431 0.80 ACNH67_002687
ACNH67_002687-T1     -            638 31842                -            330   1.5e-19   68.7   0.1   3   3      0.02       1.3    6.4   0.0   296   329   454   487   447   488 0.90 ACNH67_002687
ACNH67_004293-T1     -            322 31842                -            330   1.5e-19   68.6   0.2   1   2   7.3e-19   4.8e-17   60.4   0.3    82   243    94   256    36   267 0.81 ACNH67_004293
ACNH67_004293-T1     -            322 31842                -            330   1.5e-19   68.6   0.2   2   2     0.021       1.4    6.4   0.0   299   329   278   308   268   309 0.91 ACNH67_004293
ACNH67_001062-T1     -           1824 31842                -            330   2.8e-19   67.8   0.0   1   2   3.4e-20   2.2e-18   64.8   0.1    47   236  1247  1443  1219  1450 0.83 ACNH67_001062
ACNH67_001062-T1     -           1824 31842                -            330   2.8e-19   67.8   0.0   2   2       1.6     1e+02    0.2   0.0   296   329  1472  1505  1451  1506 0.82 ACNH67_001062
ACNH67_001150-T1     -            290 31842                -            330   3.3e-19   67.5   0.2   1   1   6.2e-21   4.1e-19   67.2   0.2    81   249    29   195     9   234 0.85 ACNH67_001150
ACNH67_001045-T1     -            528 31842                -            330     3e-18   64.4   0.0   1   1   6.7e-20   4.4e-18   63.8   0.0   127   279   227   378   211   415 0.85 ACNH67_001045
ACNH67_003394-T1     -            537 31842                -            330     3e-17   61.1   0.0   1   2   5.9e-16   3.9e-14   50.9   0.0    81   242   114   288    78   299 0.74 ACNH67_003394
ACNH67_003394-T1     -            537 31842                -            330     3e-17   61.1   0.0   2   2    0.0055      0.36    8.2   0.0   295   328   308   341   297   343 0.88 ACNH67_003394
ACNH67_005579-T1     -            415 31842                -            330   7.7e-17   59.8   0.0   1   3   1.8e-06   0.00012   19.7   0.1    47   111   168   236   158   242 0.79 ACNH67_005579
ACNH67_005579-T1     -            415 31842                -            330   7.7e-17   59.8   0.0   2   3   3.9e-09   2.6e-07   28.4   0.0   157   233   270   348   259   374 0.79 ACNH67_005579
ACNH67_005579-T1     -            415 31842                -            330   7.7e-17   59.8   0.0   3   3    0.0063      0.41    8.1   0.0   298   329   378   409   356   410 0.90 ACNH67_005579
ACNH67_003262-T1     -           1267 31842                -            330     2e-16   58.4   0.0   1   1   4.9e-18   3.2e-16   57.7   0.0    41   233    14   216     9   228 0.76 ACNH67_003262
ACNH67_002523-T1     -            677 31842                -            330     7e-16   56.6   0.3   1   1   2.2e-17   1.4e-15   55.6   0.3    41   256   362   577   350   599 0.75 ACNH67_002523
ACNH67_002686-T1     -            701 31842                -            330   1.1e-15   56.0   0.0   1   3   3.6e-12   2.4e-10   38.4   0.1   125   183   299   359   195   369 0.80 ACNH67_002686
ACNH67_002686-T1     -            701 31842                -            330   1.1e-15   56.0   0.0   2   3     0.084       5.5    4.4   0.0   195   242   407   453   400   465 0.80 ACNH67_002686
ACNH67_002686-T1     -            701 31842                -            330   1.1e-15   56.0   0.0   3   3    0.0084      0.56    7.6   0.0   297   329   476   508   469   509 0.91 ACNH67_002686
ACNH67_003146-T1     -            655 31842                -            330     5e-15   53.8   0.0   1   3   7.7e-11   5.1e-09   34.1   0.0    93   171   372   450   343   456 0.75 ACNH67_003146
ACNH67_003146-T1     -            655 31842                -            330     5e-15   53.8   0.0   2   3   0.00029     0.019   12.4   0.0   173   237   505   571   485   584 0.81 ACNH67_003146
ACNH67_003146-T1     -            655 31842                -            330     5e-15   53.8   0.0   3   3      0.15       9.6    3.6   0.0   299   328   593   622   586   624 0.89 ACNH67_003146
ACNH67_004408-T1     -            773 31842                -            330   8.3e-15   53.1   0.0   1   2   8.6e-16   5.6e-14   50.3   0.0    78   241    83   254    25   260 0.83 ACNH67_004408
ACNH67_004408-T1     -            773 31842                -            330   8.3e-15   53.1   0.0   2   2       1.6   1.1e+02    0.1   0.0   296   324   269   297   259   302 0.83 ACNH67_004408
ACNH67_005347-T1     -            346 31842                -            330     3e-14   51.3   0.3   1   1   5.9e-16   3.9e-14   50.9   0.3    47   237    42   238    31   284 0.76 ACNH67_005347
ACNH67_004244-T1     -            846 31842                -            330   4.9e-14   50.5   0.3   1   1   1.3e-15   8.6e-14   49.7   0.3   125   242   212   324   207   357 0.81 ACNH67_004244
ACNH67_004412-T1     -            387 31842                -            330   1.2e-13   49.2   0.0   1   1   2.7e-15   1.8e-13   48.7   0.0   134   280    73   213    63   246 0.78 ACNH67_004412
ACNH67_004036-T1     -            504 31842                -            330   1.7e-13   48.8   0.0   1   1   2.2e-14   1.5e-12   45.7   0.0   132   253   283   416   171   502 0.74 ACNH67_004036
ACNH67_002049-T1     -            352 31842                -            330     3e-13   47.9   0.3   1   1   6.2e-15   4.1e-13   47.5   0.3    41   238   105   306    97   330 0.80 ACNH67_002049
ACNH67_004049-T1     -            914 31842                -            330   3.5e-13   47.7   0.1   1   2   1.1e-13   7.2e-12   43.4   0.0    36   184   314   465   304   474 0.82 ACNH67_004049
ACNH67_004049-T1     -            914 31842                -            330   3.5e-13   47.7   0.1   2   2      0.81        53    1.1   0.0   297   329   588   620   552   621 0.83 ACNH67_004049
ACNH67_003806-T1     -            484 31842                -            330   7.2e-13   46.7   0.0   1   1   1.5e-14   9.7e-13   46.3   0.0    41   239   158   360   118   370 0.77 ACNH67_003806
ACNH67_000353-T1     -            981 31842                -            330     9e-13   46.4   0.1   1   1   2.4e-14   1.5e-12   45.6   0.1    71   267   700   895   659   923 0.75 ACNH67_000353
ACNH67_002436-T1     -            305 31842                -            330   8.3e-12   43.2   0.0   1   2   1.7e-12   1.1e-10   39.5   0.0   129   236    16   123     8   139 0.84 ACNH67_002436
ACNH67_002436-T1     -            305 31842                -            330   8.3e-12   43.2   0.0   2   2      0.49        32    1.8   0.0   295   329   148   182   129   183 0.90 ACNH67_002436
ACNH67_002902-T1     -            327 31842                -            330   1.7e-11   42.2   0.0   1   1   3.7e-13   2.4e-11   41.7   0.0    47   236    24   238    16   244 0.75 ACNH67_002902
ACNH67_002848-T1     -            852 31842                -            330   1.5e-10   39.1   0.2   1   3       1.2        78    0.6   0.0    30    77    80   129    63   148 0.72 ACNH67_002848
ACNH67_002848-T1     -            852 31842                -            330   1.5e-10   39.1   0.2   2   3    0.0022      0.15    9.5   0.1   139   169   225   256   172   260 0.67 ACNH67_002848
ACNH67_002848-T1     -            852 31842                -            330   1.5e-10   39.1   0.2   3   3   5.1e-08   3.4e-06   24.8   0.0   160   254   533   630   527   711 0.59 ACNH67_002848
ACNH67_003613-T1     -            401 31842                -            330   1.8e-10   38.9   0.0   1   2   6.1e-05     0.004   14.7   0.0    42   102    19    80    10   106 0.83 ACNH67_003613
ACNH67_003613-T1     -            401 31842                -            330   1.8e-10   38.9   0.0   2   2   3.9e-07   2.6e-05   21.9   0.0   148   187   205   246   194   253 0.85 ACNH67_003613
ACNH67_001203-T1     -           1491 31842                -            330   8.3e-10   36.6   0.0   1   1   2.1e-11   1.4e-09   35.9   0.0    49   229  1228  1420  1218  1440 0.81 ACNH67_001203
ACNH67_003188-T1     -            329 31842                -            330   9.2e-10   36.5   0.0   1   1   1.9e-11   1.2e-09   36.1   0.0   132   236    51   158    14   222 0.73 ACNH67_003188
ACNH67_002903-T1     -            600 31842                -            330   1.2e-09   36.2   0.0   1   3   1.3e-09   8.4e-08   30.1   0.0    80   172   198   292   169   297 0.66 ACNH67_002903
ACNH67_002903-T1     -            600 31842                -            330   1.2e-09   36.2   0.0   2   3      0.19        13    3.2   0.0   194   229   344   379   313   392 0.67 ACNH67_002903
ACNH67_002903-T1     -            600 31842                -            330   1.2e-09   36.2   0.0   3   3        10   6.6e+02   -2.5   0.0   302   328   423   450   419   451 0.79 ACNH67_002903
ACNH67_003835-T1     -            323 31842                -            330   1.4e-09   35.9   0.8   1   1   3.2e-11   2.1e-09   35.3   0.8    60   192    19   155    10   166 0.81 ACNH67_003835
ACNH67_003228-T1     -            301 31842                -            330   1.6e-09   35.7   0.2   1   1   3.8e-11   2.5e-09   35.1   0.2   143   188    30    77    17    84 0.85 ACNH67_003228
ACNH67_003054-T1     -            700 31842                -            330   2.8e-09   34.9   0.0   1   1   5.8e-11   3.8e-09   34.5   0.0    90   240   172   323   125   341 0.76 ACNH67_003054
ACNH67_000838-T1     -            320 31842                -            330   7.6e-09   33.5   0.0   1   1     2e-10   1.3e-08   32.7   0.0   144   213   148   223   134   239 0.76 ACNH67_000838
ACNH67_000204-T1     -            289 31842                -            330   8.8e-09   33.3   0.1   1   1   1.9e-10   1.3e-08   32.7   0.1   142   190    53   105    12   110 0.85 ACNH67_000204
ACNH67_000199-T1     -            563 31842                -            330   1.5e-08   32.5   0.0   1   1   3.9e-10   2.5e-08   31.8   0.0   131   241   348   475   224   496 0.71 ACNH67_000199
ACNH67_000225-T1     -            904 31842                -            330   3.2e-08   31.4   0.0   1   2   2.2e-07   1.5e-05   22.7   0.0    43   181    39   191    34   195 0.74 ACNH67_000225
ACNH67_000225-T1     -            904 31842                -            330   3.2e-08   31.4   0.0   2   2     0.021       1.4    6.3   0.0   216   241   259   284   254   304 0.80 ACNH67_000225
ACNH67_004099-T1     -            462 31842                -            330   4.4e-08   31.0   0.0   1   2   1.7e-07   1.1e-05   23.0   0.0   136   183    98   145    54   164 0.89 ACNH67_004099
ACNH67_004099-T1     -            462 31842                -            330   4.4e-08   31.0   0.0   2   2      0.03         2    5.8   0.0   199   236   189   226   179   232 0.82 ACNH67_004099
ACNH67_002165-T1     -           1516 31842                -            330     8e-08   30.1   0.3   1   5    0.0012     0.081   10.4   0.0    43    75   711   743   682   755 0.87 ACNH67_002165
ACNH67_002165-T1     -           1516 31842                -            330     8e-08   30.1   0.3   2   5      0.33        21    2.4   0.0    83   127   836   877   830   893 0.69 ACNH67_002165
ACNH67_002165-T1     -           1516 31842                -            330     8e-08   30.1   0.3   3   5     0.019       1.3    6.4   0.0   144   168   929   955   920   964 0.84 ACNH67_002165
ACNH67_002165-T1     -           1516 31842                -            330     8e-08   30.1   0.3   4   5      0.16        10    3.5   0.0   200   228  1386  1413  1377  1423 0.84 ACNH67_002165
ACNH67_002165-T1     -           1516 31842                -            330     8e-08   30.1   0.3   5   5       2.2   1.4e+02   -0.3   0.0   298   328  1481  1511  1452  1513 0.88 ACNH67_002165
ACNH67_004794-T2     -           1125 31842                -            330     9e-08   29.9   0.0   1   2   1.8e-08   1.2e-06   26.2   0.0   134   236   498   611   476   627 0.78 ACNH67_004794
ACNH67_004794-T2     -           1125 31842                -            330     9e-08   29.9   0.0   2   2      0.49        32    1.8   0.0   281   329   624   673   612   674 0.77 ACNH67_004794
ACNH67_004794-T1     -           1179 31842                -            330     1e-07   29.8   0.0   1   2   2.1e-08   1.4e-06   26.1   0.0   134   236   498   611   476   626 0.78 ACNH67_004794
ACNH67_004794-T1     -           1179 31842                -            330     1e-07   29.8   0.0   2   2      0.51        34    1.8   0.0   281   329   624   673   612   674 0.77 ACNH67_004794
ACNH67_002277-T1     -            486 31842                -            330     3e-07   28.2   0.1   1   2      0.62        41    1.5   0.0    42    73   142   173   133   178 0.85 ACNH67_002277
ACNH67_002277-T1     -            486 31842                -            330     3e-07   28.2   0.1   2   2   9.1e-08     6e-06   24.0   0.1   140   235   265   379   238   396 0.73 ACNH67_002277
ACNH67_002396-T1     -           1379 31842                -            330   1.1e-06   26.3   0.0   1   1   2.7e-08   1.8e-06   25.7   0.0   131   185  1094  1147  1089  1154 0.83 ACNH67_002396
ACNH67_004979-T1     -            251 31842                -            330   1.8e-06   25.6   0.0   1   1   5.7e-08   3.7e-06   24.6   0.0    41   162   115   242   106   246 0.68 ACNH67_004979
ACNH67_004098-T1     -            363 31842                -            330   3.5e-06   24.7   0.0   1   1   7.9e-08   5.2e-06   24.2   0.0   130   205   264   343   224   348 0.76 ACNH67_004098
ACNH67_000223-T1     -            347 31842                -            330   3.6e-06   24.7   0.0   1   1   9.5e-08   6.2e-06   23.9   0.0    41   195   102   270    92   275 0.74 ACNH67_000223
ACNH67_004268-T1     -            912 31842                -            330     5e-06   24.2   0.0   1   2   1.3e-05   0.00086   16.9   0.0    79   237   646   818   627   835 0.77 ACNH67_004268
ACNH67_004268-T1     -            912 31842                -            330     5e-06   24.2   0.0   2   2     0.054       3.5    5.0   0.0   294   329   857   892   837   893 0.83 ACNH67_004268
ACNH67_002685-T1     -            740 31842                -            330   8.8e-06   23.4   0.0   1   1   2.3e-07   1.5e-05   22.6   0.0    82   185   453   555   445   567 0.79 ACNH67_002685
ACNH67_003409-T1     -           1358 31842                -            330   1.1e-05   23.1   0.0   1   1   2.5e-07   1.6e-05   22.5   0.0   115   241   844   981   773   993 0.80 ACNH67_003409
ACNH67_000564-T1     -            871 31842                -            330   1.5e-05   22.6   0.0   1   2         1        68    0.8   0.0    47   128   498   576   486   585 0.76 ACNH67_000564
ACNH67_000564-T1     -            871 31842                -            330   1.5e-05   22.6   0.0   2   2   2.2e-06   0.00015   19.4   0.0   147   237   634   728   629   739 0.82 ACNH67_000564
ACNH67_001310-T1     -            406 31842                -            330   6.5e-05   20.6   0.0   1   4     0.025       1.6    6.1   0.0    41    77    18    54    12    60 0.89 ACNH67_001310
ACNH67_001310-T1     -            406 31842                -            330   6.5e-05   20.6   0.0   2   4      0.81        53    1.1   0.0    83   115    80   112    76   119 0.86 ACNH67_001310
ACNH67_001310-T1     -            406 31842                -            330   6.5e-05   20.6   0.0   3   4      0.01      0.68    7.3   0.0   135   168   156   189   151   199 0.82 ACNH67_001310
ACNH67_001310-T1     -            406 31842                -            330   6.5e-05   20.6   0.0   4   4       2.1   1.4e+02   -0.2   0.0   212   226   317   332   313   343 0.72 ACNH67_001310
ACNH67_001204-T1     -            729 31842                -            330   0.00012   19.7   0.0   1   1   2.7e-06   0.00018   19.1   0.0    77   168   620   717   587   722 0.79 ACNH67_001204
ACNH67_005263-T1     -            643 31842                -            330    0.0019   15.7   0.0   1   1   5.4e-05    0.0036   14.8   0.0    81   171    80   170    66   181 0.88 ACNH67_005263
ACNH67_002171-T1     -            365 31842                -            330    0.0065   14.0   0.0   1   1   0.00031      0.02   12.4   0.0   146   236   187   281   178   289 0.76 ACNH67_002171
ACNH67_003204-T1     -           1467 31842                -            330    0.0094   13.5   0.0   1   2    0.0065      0.43    8.0   0.0   143   170   417   444   385   453 0.88 ACNH67_003204
ACNH67_003204-T1     -           1467 31842                -            330    0.0094   13.5   0.0   2   2      0.21        14    3.0   0.0   193   229   500   536   494   541 0.91 ACNH67_003204
ACNH67_000598-T1     -           1026 31842                -            330     0.022   12.2   0.0   1   2       8.1   5.4e+02   -2.2   0.0    45    62   512   529   507   548 0.76 ACNH67_000598
ACNH67_000598-T1     -           1026 31842                -            330     0.022   12.2   0.0   2   2    0.0012      0.08   10.4   0.0   138   168   760   790   751   801 0.87 ACNH67_000598
ACNH67_003495-T1     -            734 31842                -            330      0.04   11.4   0.0   1   1   0.00092     0.061   10.8   0.0   133   205   378   453   362   462 0.70 ACNH67_003495
ACNH67_002437-T1     -            340 31842                -            330     0.043   11.3   0.0   1   1   0.00093     0.061   10.8   0.0    41    91   272   324   256   332 0.81 ACNH67_002437
ACNH67_003764-T1     -           1625 31842                -            330     0.044   11.2   0.0   1   1    0.0017      0.11   10.0   0.0   150   184  1451  1484  1444  1492 0.84 ACNH67_003764
ACNH67_004985-T1     -            726 31842                -            330     0.053   11.0   0.0   1   1    0.0012     0.076   10.5   0.0   143   184   502   550   436   556 0.69 ACNH67_004985
ACNH67_001532-T1     -            468 31842                -            330     0.074   10.5   0.0   1   3       8.1   5.3e+02   -2.2   0.0    42    81    28    64    24    69 0.81 ACNH67_001532
ACNH67_001532-T1     -            468 31842                -            330     0.074   10.5   0.0   2   3     0.036       2.4    5.6   0.0   147   236   153   251   102   276 0.82 ACNH67_001532
ACNH67_001532-T1     -            468 31842                -            330     0.074   10.5   0.0   3   3      0.44        29    2.0   0.0   296   328   284   316   268   318 0.91 ACNH67_001532
#
# Program:         hmmsearch
# Version:         3.1b2 (February 2015)
# Pipeline mode:   SEARCH
# Query file:      /home/edouard/GregarineStuff/Lgryllorum_Genome_analysis/Funannotate/Run_v3/species_train/annotate_results/busco_downloads/lineages/apicomplexa_odb12/hmms/31842at5794.hmm
# Target file:     /home/edouard/GregarineStuff/Lgryllorum_Genome_analysis/Funannotate/Run_v3/species_train/annotate_results/Leidyana_gryllorum.proteins.fa
# Option settings: hmmsearch --domtblout /home/edouard/GregarineStuff/Lgryllorum_Genome_analysis/Funannotate/Run_v3/species_train/annotate_results/busco/run_apicomplexa_odb12/hmmer_output/initial_run_results/31842at5794.out --cpu 1 /home/edouard/GregarineStuff/Lgryllorum_Genome_analysis/Funannotate/Run_v3/species_train/annotate_results/busco_downloads/lineages/apicomplexa_odb12/hmms/31842at5794.hmm /home/edouard/GregarineStuff/Lgryllorum_Genome_analysis/Funannotate/Run_v3/species_train/annotate_results/Leidyana_gryllorum.proteins.fa 
# Current dir:     /home/edouard/GregarineStuff/Lgryllorum_Genome_analysis/Funannotate/Run_v3/species_train/annotate_results
# Date:            Tue Apr  1 17:37:07 2025
# [ok]
