#                                                                            --- full sequence --- -------------- this domain -------------   hmm coord   ali coord   env coord
# target name        accession   tlen query name           accession   qlen   E-value  score  bias   #  of  c-Evalue  i-Evalue  score  bias  from    to  from    to  from    to  acc description of target
#------------------- ---------- ----- -------------------- ---------- ----- --------- ------ ----- --- --- --------- --------- ------ ----- ----- ----- ----- ----- ----- ----- ---- ---------------------
ACNH67_002895-T1     -            847 31844                -            816  1.5e-202  672.8   0.0   1   2  1.2e-197  2.3e-194  645.7   0.0     1   611     2   650     2   661 0.87 ACNH67_002895
ACNH67_002895-T1     -            847 31844                -            816  1.5e-202  672.8   0.0   2   2   5.8e-08   0.00011   18.3   0.0   614   704   715   812   699   831 0.83 ACNH67_002895
ACNH67_005534-T1     -            847 31844                -            816  1.4e-111  371.9   0.0   1   4   1.5e-07   0.00028   17.0   0.0   121   152     2    33     1    45 0.92 ACNH67_005534
ACNH67_005534-T1     -            847 31844                -            816  1.4e-111  371.9   0.0   2   4   1.6e-16   3.1e-13   46.6   0.0   238   324   121   217   104   270 0.80 ACNH67_005534
ACNH67_005534-T1     -            847 31844                -            816  1.4e-111  371.9   0.0   3   4   1.8e-64   3.3e-61  205.3   0.0   358   615   313   566   288   580 0.88 ACNH67_005534
ACNH67_005534-T1     -            847 31844                -            816  1.4e-111  371.9   0.0   4   4   6.2e-32   1.2e-28   97.7   0.0   606   812   599   822   594   825 0.82 ACNH67_005534
ACNH67_002894-T1     -            679 31844                -            816   1.5e-41  140.3   0.0   1   4     6e-17   1.1e-13   48.1   0.0   267   343    38   114    16   132 0.83 ACNH67_002894
ACNH67_002894-T1     -            679 31844                -            816   1.5e-41  140.3   0.0   2   4   2.5e-14   4.8e-11   39.4   0.0   341   533   139   337   120   350 0.76 ACNH67_002894
ACNH67_002894-T1     -            679 31844                -            816   1.5e-41  140.3   0.0   3   4   0.00097       1.8    4.4   0.0   581   611   360   390   348   401 0.84 ACNH67_002894
ACNH67_002894-T1     -            679 31844                -            816   1.5e-41  140.3   0.0   4   4   1.2e-14   2.2e-11   40.5   0.0   644   814   465   647   424   649 0.82 ACNH67_002894
#
# Program:         hmmsearch
# Version:         3.1b2 (February 2015)
# Pipeline mode:   SEARCH
# Query file:      /home/edouard/GregarineStuff/Lgryllorum_Genome_analysis/Funannotate/Run_v3/species_train/annotate_results/busco_downloads/lineages/apicomplexa_odb12/hmms/31844at5794.hmm
# Target file:     /home/edouard/GregarineStuff/Lgryllorum_Genome_analysis/Funannotate/Run_v3/species_train/annotate_results/Leidyana_gryllorum.proteins.fa
# Option settings: hmmsearch --domtblout /home/edouard/GregarineStuff/Lgryllorum_Genome_analysis/Funannotate/Run_v3/species_train/annotate_results/busco/run_apicomplexa_odb12/hmmer_output/initial_run_results/31844at5794.out --cpu 1 /home/edouard/GregarineStuff/Lgryllorum_Genome_analysis/Funannotate/Run_v3/species_train/annotate_results/busco_downloads/lineages/apicomplexa_odb12/hmms/31844at5794.hmm /home/edouard/GregarineStuff/Lgryllorum_Genome_analysis/Funannotate/Run_v3/species_train/annotate_results/Leidyana_gryllorum.proteins.fa 
# Current dir:     /home/edouard/GregarineStuff/Lgryllorum_Genome_analysis/Funannotate/Run_v3/species_train/annotate_results
# Date:            Tue Apr  1 17:37:08 2025
# [ok]
