#                                                                            --- full sequence --- -------------- this domain -------------   hmm coord   ali coord   env coord
# target name        accession   tlen query name           accession   qlen   E-value  score  bias   #  of  c-Evalue  i-Evalue  score  bias  from    to  from    to  from    to  acc description of target
#------------------- ---------- ----- -------------------- ---------- ----- --------- ------ ----- --- --- --------- --------- ------ ----- ----- ----- ----- ----- ----- ----- ---- ---------------------
ACNH67_005556-T1     -            379 31916                -            370    8e-113  375.8  19.3   1   2   5.6e-60     1e-56  191.1  11.4     4   183    17   211    14   219 0.80 ACNH67_005556
ACNH67_005556-T1     -            379 31916                -            370    8e-113  375.8  19.3   2   2   1.5e-59   2.8e-56  189.7   1.5   165   315   222   376   208   379 0.90 ACNH67_005556
ACNH67_000019-T1     -            167 31916                -            370       2.7    5.5   7.2   1   2     0.011        22    2.5   0.9    77    97   116   137   106   141 0.77 ACNH67_000019
ACNH67_000019-T1     -            167 31916                -            370       2.7    5.5   7.2   2   2   0.00054         1    6.9   0.7    81   101   141   161   137   165 0.88 ACNH67_000019
ACNH67_001334-T1     -            444 31916                -            370       3.6    5.1  20.6   1   3   0.00021       0.4    8.2   4.3    48   101   128   180   123   192 0.84 ACNH67_001334
ACNH67_001334-T1     -            444 31916                -            370       3.6    5.1  20.6   2   3      0.17   3.1e+02   -1.3   1.4    80    95   189   204   178   212 0.83 ACNH67_001334
ACNH67_001334-T1     -            444 31916                -            370       3.6    5.1  20.6   3   3   0.00098       1.8    6.0   3.2    78   110   242   274   221   288 0.81 ACNH67_001334
#
# Program:         hmmsearch
# Version:         3.1b2 (February 2015)
# Pipeline mode:   SEARCH
# Query file:      /home/edouard/GregarineStuff/Lgryllorum_Genome_analysis/Funannotate/Run_v3/species_train/annotate_results/busco_downloads/lineages/apicomplexa_odb12/hmms/31916at5794.hmm
# Target file:     /home/edouard/GregarineStuff/Lgryllorum_Genome_analysis/Funannotate/Run_v3/species_train/annotate_results/Leidyana_gryllorum.proteins.fa
# Option settings: hmmsearch --domtblout /home/edouard/GregarineStuff/Lgryllorum_Genome_analysis/Funannotate/Run_v3/species_train/annotate_results/busco/run_apicomplexa_odb12/hmmer_output/initial_run_results/31916at5794.out --cpu 1 /home/edouard/GregarineStuff/Lgryllorum_Genome_analysis/Funannotate/Run_v3/species_train/annotate_results/busco_downloads/lineages/apicomplexa_odb12/hmms/31916at5794.hmm /home/edouard/GregarineStuff/Lgryllorum_Genome_analysis/Funannotate/Run_v3/species_train/annotate_results/Leidyana_gryllorum.proteins.fa 
# Current dir:     /home/edouard/GregarineStuff/Lgryllorum_Genome_analysis/Funannotate/Run_v3/species_train/annotate_results
# Date:            Tue Apr  1 17:37:08 2025
# [ok]
