#                                                                            --- full sequence --- -------------- this domain -------------   hmm coord   ali coord   env coord
# target name        accession   tlen query name           accession   qlen   E-value  score  bias   #  of  c-Evalue  i-Evalue  score  bias  from    to  from    to  from    to  acc description of target
#------------------- ---------- ----- -------------------- ---------- ----- --------- ------ ----- --- --- --------- --------- ------ ----- ----- ----- ----- ----- ----- ----- ---- ---------------------
ACNH67_002419-T1     -            736 31941                -            665         0 1049.8   0.0   1   1         0         0 1049.5   0.0    14   663    62   730    52   732 0.95 ACNH67_002419
ACNH67_001229-T1     -           1076 31941                -            665  2.8e-251  833.7   0.0   1   1  6.8e-254  3.8e-251  833.2   0.0    30   659   414  1052   402  1058 0.95 ACNH67_001229
ACNH67_004591-T1     -           1019 31941                -            665  9.5e-223  739.4   0.0   1   2  3.2e-215  1.8e-212  705.4   0.0    29   608   324   933   300   941 0.92 ACNH67_004591
ACNH67_004591-T1     -           1019 31941                -            665  9.5e-223  739.4   0.0   2   2   5.6e-11   3.2e-08   30.5   0.0   608   649   958   999   948  1010 0.87 ACNH67_004591
ACNH67_000414-T1     -           1080 31941                -            665  3.9e-206  684.5   0.0   1   2   4.4e-11   2.5e-08   30.9   0.0    30    81   384   435   379   440 0.92 ACNH67_000414
ACNH67_000414-T1     -           1080 31941                -            665  3.9e-206  684.5   0.0   2   2    7e-199  3.9e-196  651.5   0.0    81   649   489  1071   485  1077 0.94 ACNH67_000414
ACNH67_003700-T1     -            895 31941                -            665  2.8e-126  420.7   0.0   1   4   1.1e-09     6e-07   26.3   0.0    37    78     5    46     3    82 0.91 ACNH67_003700
ACNH67_003700-T1     -            895 31941                -            665  2.8e-126  420.7   0.0   2   4   2.1e-42   1.2e-39  134.4   0.1    85   222   101   251    94   260 0.86 ACNH67_003700
ACNH67_003700-T1     -            895 31941                -            665  2.8e-126  420.7   0.0   3   4   6.6e-79   3.7e-76  255.0   0.0   230   587   315   722   307   729 0.81 ACNH67_003700
ACNH67_003700-T1     -            895 31941                -            665  2.8e-126  420.7   0.0   4   4      0.47   2.7e+02   -2.3   0.0   609   648   772   819   749   825 0.75 ACNH67_003700
ACNH67_005404-T1     -            816 31941                -            665  1.6e-111  371.9   0.0   1   2   2.6e-54   1.5e-51  173.7   0.0    36   270    26   296     2   317 0.82 ACNH67_005404
ACNH67_005404-T1     -            816 31941                -            665  1.6e-111  371.9   0.0   2   2   9.5e-61   5.4e-58  195.0   0.0   274   642   400   809   387   814 0.79 ACNH67_005404
ACNH67_002323-T1     -           1084 31941                -            665   4.9e-86  287.6   0.0   1   2   6.2e-52   3.5e-49  165.9   0.0    27   267   225   496   215   501 0.85 ACNH67_002323
ACNH67_002323-T1     -           1084 31941                -            665   4.9e-86  287.6   0.0   2   2     4e-37   2.3e-34  116.9   0.0   272   472   600   820   582   931 0.73 ACNH67_002323
ACNH67_000272-T1     -           1101 31941                -            665     5e-15   53.0   0.0   1   3   8.1e-07   0.00046   16.8   0.0    81   208    55   188    45   204 0.82 ACNH67_000272
ACNH67_000272-T1     -           1101 31941                -            665     5e-15   53.0   0.0   2   3      0.05        29    1.0   0.0   217   244   514   541   508   546 0.88 ACNH67_000272
ACNH67_000272-T1     -           1101 31941                -            665     5e-15   53.0   0.0   3   3   5.8e-11   3.3e-08   30.5   0.0   311   552   660   939   643   961 0.67 ACNH67_000272
ACNH67_004869-T1     -            791 31941                -            665    0.0033   14.0   0.6   1   1   1.8e-05      0.01   12.3   0.6   142   220   223   304   205   443 0.72 ACNH67_004869
ACNH67_004822-T1     -            331 31941                -            665    0.0044   13.6   0.0   1   2    0.0035         2    4.8   0.0    57    75    88   106    67   127 0.84 ACNH67_004822
ACNH67_004822-T1     -            331 31941                -            665    0.0044   13.6   0.0   2   2   0.00085      0.48    6.8   0.0   546   607   205   267   185   272 0.74 ACNH67_004822
#
# Program:         hmmsearch
# Version:         3.1b2 (February 2015)
# Pipeline mode:   SEARCH
# Query file:      /home/edouard/GregarineStuff/Lgryllorum_Genome_analysis/Funannotate/Run_v3/species_train/annotate_results/busco_downloads/lineages/apicomplexa_odb12/hmms/31941at5794.hmm
# Target file:     /home/edouard/GregarineStuff/Lgryllorum_Genome_analysis/Funannotate/Run_v3/species_train/annotate_results/Leidyana_gryllorum.proteins.fa
# Option settings: hmmsearch --domtblout /home/edouard/GregarineStuff/Lgryllorum_Genome_analysis/Funannotate/Run_v3/species_train/annotate_results/busco/run_apicomplexa_odb12/hmmer_output/initial_run_results/31941at5794.out --cpu 1 /home/edouard/GregarineStuff/Lgryllorum_Genome_analysis/Funannotate/Run_v3/species_train/annotate_results/busco_downloads/lineages/apicomplexa_odb12/hmms/31941at5794.hmm /home/edouard/GregarineStuff/Lgryllorum_Genome_analysis/Funannotate/Run_v3/species_train/annotate_results/Leidyana_gryllorum.proteins.fa 
# Current dir:     /home/edouard/GregarineStuff/Lgryllorum_Genome_analysis/Funannotate/Run_v3/species_train/annotate_results
# Date:            Tue Apr  1 17:37:09 2025
# [ok]
