#                                                                            --- full sequence --- -------------- this domain -------------   hmm coord   ali coord   env coord
# target name        accession   tlen query name           accession   qlen   E-value  score  bias   #  of  c-Evalue  i-Evalue  score  bias  from    to  from    to  from    to  acc description of target
#------------------- ---------- ----- -------------------- ---------- ----- --------- ------ ----- --- --- --------- --------- ------ ----- ----- ----- ----- ----- ----- ----- ---- ---------------------
ACNH67_002822-T1     -            388 31955                -            255   7.3e-65  217.3   2.2   1   2   1.7e-58   2.2e-56  189.5   0.4     7   174    68   251    63   263 0.87 ACNH67_002822
ACNH67_002822-T1     -            388 31955                -            255   7.3e-65  217.3   2.2   2   2   5.1e-09   6.6e-07   27.4   0.1   186   254   295   383   277   384 0.68 ACNH67_002822
ACNH67_001323-T1     -            521 31955                -            255   3.8e-42  142.8   4.0   1   3   7.7e-21   9.9e-19   66.1   0.2     9   189   129   329   123   365 0.73 ACNH67_001323
ACNH67_001323-T1     -            521 31955                -            255   3.8e-42  142.8   4.0   2   3   9.7e-09   1.3e-06   26.4   0.1   113   173   377   436   372   443 0.89 ACNH67_001323
ACNH67_001323-T1     -            521 31955                -            255   3.8e-42  142.8   4.0   3   3   6.7e-16   8.6e-14   49.9   0.1    95   171   444   520   439   521 0.96 ACNH67_001323
ACNH67_003831-T1     -           1286 31955                -            255     1e-32  111.9   4.0   1   2   4.4e-08   5.6e-06   24.3   0.3    97   173    22    96    11    98 0.89 ACNH67_003831
ACNH67_003831-T1     -           1286 31955                -            255     1e-32  111.9   4.0   2   2     4e-19   5.2e-17   60.5   0.1    87   183   169   265   163   309 0.90 ACNH67_003831
ACNH67_004652-T1     -            353 31955                -            255   1.4e-30  105.0  14.8   1   3   2.5e-15   3.2e-13   48.1   2.8    66   195    36   167     4   168 0.83 ACNH67_004652
ACNH67_004652-T1     -            353 31955                -            255   1.4e-30  105.0  14.8   2   3   4.3e-22   5.5e-20   70.2   4.3     6   234    70   293    65   313 0.80 ACNH67_004652
ACNH67_004652-T1     -            353 31955                -            255   1.4e-30  105.0  14.8   3   3      0.02       2.6    5.7   0.0    14    40   325   351   312   353 0.81 ACNH67_004652
ACNH67_002641-T1     -            638 31955                -            255   1.9e-24   84.8   0.5   1   3     0.002      0.26    9.0   0.0    13    42   325   354   315   376 0.83 ACNH67_002641
ACNH67_002641-T1     -            638 31955                -            255   1.9e-24   84.8   0.5   2   3   8.4e-09   1.1e-06   26.6   0.0    92   170   420   496   389   504 0.83 ACNH67_002641
ACNH67_002641-T1     -            638 31955                -            255   1.9e-24   84.8   0.5   3   3   8.4e-16   1.1e-13   49.6   0.0     9   172   468   626   468   631 0.91 ACNH67_002641
ACNH67_003156-T1     -            490 31955                -            255   2.1e-24   84.7   4.6   1   4   4.1e-09   5.3e-07   27.7   0.1    43   173   163   245   157   252 0.56 ACNH67_003156
ACNH67_003156-T1     -            490 31955                -            255   2.1e-24   84.7   4.6   2   4   1.7e-14   2.2e-12   45.3   0.2    47   172   209   328   206   332 0.90 ACNH67_003156
ACNH67_003156-T1     -            490 31955                -            255   2.1e-24   84.7   4.6   3   4   9.5e-06    0.0012   16.6   0.1    90   175   332   416   328   425 0.79 ACNH67_003156
ACNH67_003156-T1     -            490 31955                -            255   2.1e-24   84.7   4.6   4   4    0.0028      0.36    8.6   0.1   109   176   394   467   389   473 0.75 ACNH67_003156
ACNH67_000155-T1     -            566 31955                -            255   3.2e-24   84.1   8.6   1   3   5.6e-22   7.2e-20   69.8   4.0    96   254   272   433   264   434 0.83 ACNH67_000155
ACNH67_000155-T1     -            566 31955                -            255   3.2e-24   84.1   8.6   2   3     0.037       4.7    4.9   0.0    12    44   450   482   439   495 0.72 ACNH67_000155
ACNH67_000155-T1     -            566 31955                -            255   3.2e-24   84.1   8.6   3   3    0.0019      0.24    9.1   0.2    18    76   503   562   498   566 0.71 ACNH67_000155
ACNH67_004370-T1     -            954 31955                -            255   3.8e-24   83.8   4.8   1   2   0.00021     0.027   12.3   0.1    96   174    12    88     4    96 0.87 ACNH67_004370
ACNH67_004370-T1     -            954 31955                -            255   3.8e-24   83.8   4.8   2   2   2.5e-22   3.2e-20   71.0   1.4     4   212    93   308    90   320 0.84 ACNH67_004370
ACNH67_001408-T1     -            960 31955                -            255   1.5e-20   72.1   5.1   1   5     0.028       3.7    5.3   0.2    12   174   148   177   142   282 0.63 ACNH67_001408
ACNH67_001408-T1     -            960 31955                -            255   1.5e-20   72.1   5.1   2   5      0.49        63    1.2   0.0    13    51   425   463   419   485 0.63 ACNH67_001408
ACNH67_001408-T1     -            960 31955                -            255   1.5e-20   72.1   5.1   3   5     0.029       3.7    5.2   0.0   154   213   592   660   575   666 0.60 ACNH67_001408
ACNH67_001408-T1     -            960 31955                -            255   1.5e-20   72.1   5.1   4   5   1.9e-14   2.4e-12   45.1   0.2    91   177   665   749   659   756 0.91 ACNH67_001408
ACNH67_001408-T1     -            960 31955                -            255   1.5e-20   72.1   5.1   5   5   6.5e-10   8.4e-08   30.3   0.0    94   187   710   802   704   824 0.83 ACNH67_001408
ACNH67_003255-T1     -            761 31955                -            255   5.3e-19   67.0   1.0   1   5       3.5   4.5e+02   -1.6   0.0   230   253    67    91    32   104 0.64 ACNH67_003255
ACNH67_003255-T1     -            761 31955                -            255   5.3e-19   67.0   1.0   2   5   1.8e-07   2.4e-05   22.3   0.0    95   215   152   273   147   284 0.75 ACNH67_003255
ACNH67_003255-T1     -            761 31955                -            255   5.3e-19   67.0   1.0   3   5         3   3.9e+02   -1.4   0.0   196   219   443   466   418   501 0.66 ACNH67_003255
ACNH67_003255-T1     -            761 31955                -            255   5.3e-19   67.0   1.0   4   5       0.4        51    1.5   0.0     9    43   505   539   497   543 0.80 ACNH67_003255
ACNH67_003255-T1     -            761 31955                -            255   5.3e-19   67.0   1.0   5   5   1.1e-11   1.5e-09   36.0   0.7    81   216   619   755   613   761 0.89 ACNH67_003255
ACNH67_004094-T1     -           1385 31955                -            255   2.5e-18   64.8   0.0   1   4   5.2e-12   6.7e-10   37.2   0.0    58   173   479   593   472   601 0.83 ACNH67_004094
ACNH67_004094-T1     -           1385 31955                -            255   2.5e-18   64.8   0.0   2   4    0.0012      0.15    9.8   0.0   111   174   812   873   805   890 0.79 ACNH67_004094
ACNH67_004094-T1     -           1385 31955                -            255   2.5e-18   64.8   0.0   3   4    0.0055      0.71    7.6   0.0    13    79   893   964   881   974 0.80 ACNH67_004094
ACNH67_004094-T1     -           1385 31955                -            255   2.5e-18   64.8   0.0   4   4    0.0016       0.2    9.4   0.0    95   228   930  1063   926  1068 0.71 ACNH67_004094
ACNH67_000829-T1     -            430 31955                -            255   9.2e-17   59.6   1.4   1   3   2.4e-13   3.1e-11   41.5   0.2     6   128    95   226    90   231 0.78 ACNH67_000829
ACNH67_000829-T1     -            430 31955                -            255   9.2e-17   59.6   1.4   2   3   7.7e-07    0.0001   20.2   0.1    90   174   139   228   131   316 0.73 ACNH67_000829
ACNH67_000829-T1     -            430 31955                -            255   9.2e-17   59.6   1.4   3   3    0.0006     0.077   10.7   0.0    88   132   333   378   326   387 0.83 ACNH67_000829
ACNH67_001061-T1     -            496 31955                -            255   2.4e-16   58.3   1.2   1   3       1.1   1.4e+02    0.1   0.0   194   239   215   259   199   271 0.71 ACNH67_001061
ACNH67_001061-T1     -            496 31955                -            255   2.4e-16   58.3   1.2   2   3   8.5e-13   1.1e-10   39.7   0.1   138   252   257   379   245   382 0.84 ACNH67_001061
ACNH67_001061-T1     -            496 31955                -            255   2.4e-16   58.3   1.2   3   3   1.7e-05    0.0022   15.8   0.1    98   130   395   428   388   484 0.69 ACNH67_001061
ACNH67_002774-T1     -           1020 31955                -            255   6.3e-16   56.9   1.1   1   2       1.9   2.5e+02   -0.8   0.0    21    38   134   151   125   163 0.66 ACNH67_002774
ACNH67_002774-T1     -           1020 31955                -            255   6.3e-16   56.9   1.1   2   2   1.7e-17   2.2e-15   55.1   0.4    10   178   166   326   158   341 0.87 ACNH67_002774
ACNH67_001215-T1     -            442 31955                -            255   6.6e-16   56.8   0.4   1   3   7.7e-07    0.0001   20.2   0.1   124   179   141   196   131   241 0.79 ACNH67_001215
ACNH67_001215-T1     -            442 31955                -            255   6.6e-16   56.8   0.4   2   3   0.00041     0.053   11.3   0.0    53   129   243   322   226   342 0.83 ACNH67_001215
ACNH67_001215-T1     -            442 31955                -            255   6.6e-16   56.8   0.4   3   3   2.1e-07   2.7e-05   22.1   0.0   111   181   358   431   349   439 0.84 ACNH67_001215
ACNH67_005283-T1     -           1266 31955                -            255   4.8e-13   47.5   0.1   1   4     0.094        12    3.5   0.0    91   129   291   329   274   351 0.68 ACNH67_005283
ACNH67_005283-T1     -           1266 31955                -            255   4.8e-13   47.5   0.1   2   4     0.016         2    6.1   0.0   113   171   369   426   353   441 0.68 ACNH67_005283
ACNH67_005283-T1     -           1266 31955                -            255   4.8e-13   47.5   0.1   3   4       1.4   1.7e+02   -0.2   0.0   191   254   783   846   692   847 0.77 ACNH67_005283
ACNH67_005283-T1     -           1266 31955                -            255   4.8e-13   47.5   0.1   4   4   1.9e-05    0.0024   15.7   0.0     9    40   911   942   903   948 0.83 ACNH67_005283
ACNH67_004907-T1     -            362 31955                -            255   2.3e-12   45.3   0.7   1   3    0.0048      0.61    7.8   0.0   102   170    13    80     4    89 0.69 ACNH67_004907
ACNH67_004907-T1     -            362 31955                -            255   2.3e-12   45.3   0.7   2   3   4.7e-10   6.1e-08   30.7   0.0    86   208    81   206    44   248 0.74 ACNH67_004907
ACNH67_004907-T1     -            362 31955                -            255   2.3e-12   45.3   0.7   3   3     0.076       9.8    3.8   0.0   147   179   269   304   262   330 0.49 ACNH67_004907
ACNH67_003296-T1     -            565 31955                -            255   1.8e-11   42.3   0.1   1   1   8.5e-13   1.1e-10   39.7   0.2     7   221   107   326   102   364 0.76 ACNH67_003296
ACNH67_000131-T1     -            297 31955                -            255   3.8e-11   41.2   0.0   1   3   0.00092      0.12   10.1   0.0    63   111     8    51     4    59 0.82 ACNH67_000131
ACNH67_000131-T1     -            297 31955                -            255   3.8e-11   41.2   0.0   2   3   3.7e-05    0.0048   14.7   0.0   111   203   127   220   121   247 0.76 ACNH67_000131
ACNH67_000131-T1     -            297 31955                -            255   3.8e-11   41.2   0.0   3   3   0.00016     0.021   12.6   0.0   135   171   256   292   249   296 0.93 ACNH67_000131
ACNH67_003323-T1     -           1057 31955                -            255     4e-11   41.2   0.7   1   4    0.0012      0.16    9.7   0.0    94   186    61   153    53   175 0.76 ACNH67_003323
ACNH67_003323-T1     -           1057 31955                -            255     4e-11   41.2   0.7   2   4      0.84   1.1e+02    0.4   0.0   191   240   228   279   188   296 0.60 ACNH67_003323
ACNH67_003323-T1     -           1057 31955                -            255     4e-11   41.2   0.7   3   4   2.4e-05    0.0031   15.3   0.0   125   176   291   343   270   354 0.71 ACNH67_003323
ACNH67_003323-T1     -           1057 31955                -            255     4e-11   41.2   0.7   4   4   0.00076     0.097   10.4   0.1     8    41   351   384   344   391 0.75 ACNH67_003323
ACNH67_001454-T1     -            807 31955                -            255   5.8e-11   40.6   0.0   1   1   7.7e-13   9.8e-11   39.9   0.0    97   254   179   334   138   335 0.88 ACNH67_001454
ACNH67_004486-T1     -            363 31955                -            255   7.9e-10   36.9   0.1   1   4   4.4e-05    0.0056   14.5   0.0   138   178     8    48     2    59 0.84 ACNH67_004486
ACNH67_004486-T1     -            363 31955                -            255   7.9e-10   36.9   0.1   2   4       3.1     4e+02   -1.4   0.0    17    41    80   103    63   134 0.53 ACNH67_004486
ACNH67_004486-T1     -            363 31955                -            255   7.9e-10   36.9   0.1   3   4   5.7e-05    0.0073   14.1   0.0   106   175   183   249   168   260 0.75 ACNH67_004486
ACNH67_004486-T1     -            363 31955                -            255   7.9e-10   36.9   0.1   4   4      0.17        21    2.7   0.0   138   169   318   349   302   359 0.78 ACNH67_004486
ACNH67_001450-T1     -            491 31955                -            255   1.4e-09   36.1   1.1   1   4     0.012       1.6    6.4   0.0   141   173    86   118    80   131 0.88 ACNH67_001450
ACNH67_001450-T1     -            491 31955                -            255   1.4e-09   36.1   1.1   2   4         1   1.3e+02    0.2   0.0    14   171   139   163   130   177 0.60 ACNH67_001450
ACNH67_001450-T1     -            491 31955                -            255   1.4e-09   36.1   1.1   3   4     2e-06   0.00026   18.9   0.0    96   129   186   220   169   231 0.87 ACNH67_001450
ACNH67_001450-T1     -            491 31955                -            255   1.4e-09   36.1   1.1   4   4     0.021       2.8    5.7   0.1   166   221   232   285   225   311 0.77 ACNH67_001450
ACNH67_002373-T1     -            845 31955                -            255   1.3e-08   32.9   0.0   1   2   1.9e-08   2.5e-06   25.5   0.0    64   131   493   562   480   572 0.89 ACNH67_002373
ACNH67_002373-T1     -            845 31955                -            255   1.3e-08   32.9   0.0   2   2       0.1        13    3.4   0.0   189   254   686   754   634   760 0.61 ACNH67_002373
ACNH67_001808-T1     -            441 31955                -            255   2.3e-08   32.1   3.3   1   3     0.036       4.6    4.9   0.0   135   176   169   211   160   219 0.80 ACNH67_001808
ACNH67_001808-T1     -            441 31955                -            255   2.3e-08   32.1   3.3   2   3   3.8e-06   0.00048   18.0   0.2    72   172   257   358   247   372 0.61 ACNH67_001808
ACNH67_001808-T1     -            441 31955                -            255   2.3e-08   32.1   3.3   3   3   1.2e-07   1.6e-05   22.8   0.4    24   133   299   419   290   428 0.80 ACNH67_001808
ACNH67_004196-T1     -            656 31955                -            255   7.7e-08   30.4   0.4   1   2     2e-07   2.5e-05   22.2   0.8    49   175    77   206    74   217 0.70 ACNH67_004196
ACNH67_004196-T1     -            656 31955                -            255   7.7e-08   30.4   0.4   2   2      0.15        19    2.9   0.0   160   219   243   306   235   314 0.79 ACNH67_004196
ACNH67_003729-T1     -            288 31955                -            255   9.7e-08   30.1   0.0   1   3      0.16        20    2.8   0.0    97   154    20    81     7    95 0.71 ACNH67_003729
ACNH67_003729-T1     -            288 31955                -            255   9.7e-08   30.1   0.0   2   3      0.57        73    1.0   0.0   110   139   100   130    95   147 0.59 ACNH67_003729
ACNH67_003729-T1     -            288 31955                -            255   9.7e-08   30.1   0.0   3   3   1.8e-07   2.3e-05   22.3   0.0    62   158   161   262   157   284 0.82 ACNH67_003729
ACNH67_000423-T1     -            216 31955                -            255     1e-07   30.0   0.1   1   1   1.1e-09   1.4e-07   29.5   0.1    28   182    33   179    18   215 0.74 ACNH67_000423
ACNH67_004756-T1     -            986 31955                -            255   1.6e-07   29.4   0.2   1   3      0.85   1.1e+02    0.4   0.0    11    70   112   179   108   181 0.67 ACNH67_004756
ACNH67_004756-T1     -            986 31955                -            255   1.6e-07   29.4   0.2   2   3   4.3e-07   5.6e-05   21.0   0.1   136   196   219   281   201   307 0.84 ACNH67_004756
ACNH67_004756-T1     -            986 31955                -            255   1.6e-07   29.4   0.2   3   3      0.17        22    2.7   0.0   209   252   906   949   880   952 0.84 ACNH67_004756
ACNH67_005169-T1     -            638 31955                -            255     2e-07   29.1   1.2   1   3     0.051       6.6    4.4   0.1   111   133    64    86    61    94 0.85 ACNH67_005169
ACNH67_005169-T1     -            638 31955                -            255     2e-07   29.1   1.2   2   3       2.1   2.7e+02   -0.9   0.0   140   171   240   271   229   278 0.82 ACNH67_005169
ACNH67_005169-T1     -            638 31955                -            255     2e-07   29.1   1.2   3   3   2.6e-07   3.4e-05   21.7   0.1    95   208   282   396   277   413 0.78 ACNH67_005169
ACNH67_003819-T1     -            843 31955                -            255   5.5e-07   27.6   0.0   1   3      0.59        75    0.9   0.0   184   234    65   116    56   120 0.73 ACNH67_003819
ACNH67_003819-T1     -            843 31955                -            255   5.5e-07   27.6   0.0   2   3   1.2e-07   1.6e-05   22.8   0.0    91   212   101   219    91   231 0.79 ACNH67_003819
ACNH67_003819-T1     -            843 31955                -            255   5.5e-07   27.6   0.0   3   3      0.51        66    1.1   0.0   142   180   296   339   263   370 0.68 ACNH67_003819
ACNH67_004557-T1     -            555 31955                -            255     7e-07   27.3   0.1   1   4     0.088        11    3.6   0.0    11   171   249   276   240   290 0.61 ACNH67_004557
ACNH67_004557-T1     -            555 31955                -            255     7e-07   27.3   0.1   2   4    0.0091       1.2    6.9   0.0   147   220   309   383   286   391 0.57 ACNH67_004557
ACNH67_004557-T1     -            555 31955                -            255     7e-07   27.3   0.1   3   4   1.2e-05    0.0015   16.4   0.0    96   179   344   428   339   450 0.77 ACNH67_004557
ACNH67_004557-T1     -            555 31955                -            255     7e-07   27.3   0.1   4   4      0.18        23    2.7   0.0   144   211   484   552   465   555 0.73 ACNH67_004557
ACNH67_005089-T1     -            618 31955                -            255   3.8e-06   24.8   0.1   1   1   5.7e-08   7.3e-06   23.9   0.1   124   185   295   357   265   371 0.80 ACNH67_005089
ACNH67_003547-T1     -            160 31955                -            255     6e-06   24.2   0.2   1   2   6.7e-06   0.00086   17.1   0.2   131   196     9    74     3    89 0.85 ACNH67_003547
ACNH67_003547-T1     -            160 31955                -            255     6e-06   24.2   0.2   2   2    0.0042      0.54    8.0   0.1    52   146    64   158    56   160 0.69 ACNH67_003547
ACNH67_000780-T1     -            335 31955                -            255   1.3e-05   23.1   0.0   1   3   0.00013     0.017   12.9   0.0   148   254    11   119     6   120 0.76 ACNH67_000780
ACNH67_000780-T1     -            335 31955                -            255   1.3e-05   23.1   0.0   2   3     0.047       6.1    4.5   0.0   121   211   155   247   134   257 0.73 ACNH67_000780
ACNH67_000780-T1     -            335 31955                -            255   1.3e-05   23.1   0.0   3   3      0.65        83    0.8   0.0    13    40   279   306   275   320 0.76 ACNH67_000780
ACNH67_005513-T1     -           1050 31955                -            255   2.8e-05   22.0   0.1   1   2    0.0022      0.28    8.9   0.4   113   173   793   850   789   855 0.85 ACNH67_005513
ACNH67_005513-T1     -           1050 31955                -            255   2.8e-05   22.0   0.1   2   2    0.0012      0.16    9.7   0.0    94   172   857   933   852   977 0.82 ACNH67_005513
ACNH67_005180-T1     -            581 31955                -            255   4.2e-05   21.4   0.0   1   2       1.6     2e+02   -0.4   0.0   139   222    92   178    87   199 0.66 ACNH67_005180
ACNH67_005180-T1     -            581 31955                -            255   4.2e-05   21.4   0.0   2   2   2.4e-06   0.00031   18.6   0.0    44   129   216   308   210   326 0.78 ACNH67_005180
ACNH67_002121-T1     -           1538 31955                -            255   4.2e-05   21.4   5.4   1   3       0.3        39    1.9   0.0   109   128   535   554   530   568 0.85 ACNH67_002121
ACNH67_002121-T1     -           1538 31955                -            255   4.2e-05   21.4   5.4   2   3       0.4        52    1.5   0.0     6    58   818   867   795   874 0.66 ACNH67_002121
ACNH67_002121-T1     -           1538 31955                -            255   4.2e-05   21.4   5.4   3   3   2.3e-05    0.0029   15.4   2.5    69   132   906   962   898  1019 0.82 ACNH67_002121
ACNH67_005054-T1     -            865 31955                -            255   9.6e-05   20.3   0.1   1   1   1.7e-06   0.00022   19.1   0.1    98   172   284   359   277   373 0.89 ACNH67_005054
ACNH67_005019-T1     -            391 31955                -            255   0.00046   18.0   0.2   1   3      0.14        18    3.0   0.0   112   130    42    60    30    70 0.65 ACNH67_005019
ACNH67_005019-T1     -            391 31955                -            255   0.00046   18.0   0.2   2   3    0.0018      0.23    9.2   0.0   103   132   137   166    96   202 0.86 ACNH67_005019
ACNH67_005019-T1     -            391 31955                -            255   0.00046   18.0   0.2   3   3      0.35        45    1.7   0.0   146   178   290   322   276   344 0.56 ACNH67_005019
ACNH67_001948-T1     -            667 31955                -            255   0.00057   17.7   0.0   1   1     9e-06    0.0012   16.7   0.0     7    41   194   228   188   240 0.80 ACNH67_001948
ACNH67_001222-T1     -            444 31955                -            255     0.001   16.9   0.1   1   2   5.7e-05    0.0073   14.1   0.0   156   243   232   319   222   328 0.81 ACNH67_001222
ACNH67_001222-T1     -            444 31955                -            255     0.001   16.9   0.1   2   2       1.2   1.6e+02   -0.1   0.0   144   175   378   409   373   439 0.82 ACNH67_001222
ACNH67_004768-T1     -           1488 31955                -            255    0.0041   14.9   0.0   1   1     6e-05    0.0077   14.0   0.0    96   181  1357  1441  1312  1446 0.90 ACNH67_004768
ACNH67_002768-T1     -            762 31955                -            255     0.025   12.4   0.0   1   3      0.34        44    1.7   0.0   138   174   316   352   314   387 0.76 ACNH67_002768
ACNH67_002768-T1     -            762 31955                -            255     0.025   12.4   0.0   2   3         4   5.2e+02   -1.8   0.0   152   213   645   709   584   716 0.54 ACNH67_002768
ACNH67_002768-T1     -            762 31955                -            255     0.025   12.4   0.0   3   3      0.01       1.3    6.7   0.0   101   127   736   762   732   762 0.93 ACNH67_002768
#
# Program:         hmmsearch
# Version:         3.1b2 (February 2015)
# Pipeline mode:   SEARCH
# Query file:      /home/edouard/GregarineStuff/Lgryllorum_Genome_analysis/Funannotate/Run_v3/species_train/annotate_results/busco_downloads/lineages/apicomplexa_odb12/hmms/31955at5794.hmm
# Target file:     /home/edouard/GregarineStuff/Lgryllorum_Genome_analysis/Funannotate/Run_v3/species_train/annotate_results/Leidyana_gryllorum.proteins.fa
# Option settings: hmmsearch --domtblout /home/edouard/GregarineStuff/Lgryllorum_Genome_analysis/Funannotate/Run_v3/species_train/annotate_results/busco/run_apicomplexa_odb12/hmmer_output/initial_run_results/31955at5794.out --cpu 1 /home/edouard/GregarineStuff/Lgryllorum_Genome_analysis/Funannotate/Run_v3/species_train/annotate_results/busco_downloads/lineages/apicomplexa_odb12/hmms/31955at5794.hmm /home/edouard/GregarineStuff/Lgryllorum_Genome_analysis/Funannotate/Run_v3/species_train/annotate_results/Leidyana_gryllorum.proteins.fa 
# Current dir:     /home/edouard/GregarineStuff/Lgryllorum_Genome_analysis/Funannotate/Run_v3/species_train/annotate_results
# Date:            Tue Apr  1 17:37:11 2025
# [ok]
