#                                                                            --- full sequence --- -------------- this domain -------------   hmm coord   ali coord   env coord
# target name        accession   tlen query name           accession   qlen   E-value  score  bias   #  of  c-Evalue  i-Evalue  score  bias  from    to  from    to  from    to  acc description of target
#------------------- ---------- ----- -------------------- ---------- ----- --------- ------ ----- --- --- --------- --------- ------ ----- ----- ----- ----- ----- ----- ----- ---- ---------------------
ACNH67_002688-T1     -            439 31972                -            282   1.4e-57  193.5   2.5   1   3   3.3e-17   4.7e-14   50.7   0.0     2    67     9    74     8    94 0.78 ACNH67_002688
ACNH67_002688-T1     -            439 31972                -            282   1.4e-57  193.5   2.5   2   3   1.3e-40   1.8e-37  127.5   0.6    58   187   129   262   101   269 0.87 ACNH67_002688
ACNH67_002688-T1     -            439 31972                -            282   1.4e-57  193.5   2.5   3   3   6.8e-06    0.0097   13.5   0.0   206   240   330   365   294   367 0.91 ACNH67_002688
ACNH67_002358-T1     -           1035 31972                -            282   0.00072   17.2   0.0   1   3       0.7   9.8e+02   -2.9   2.7   190   217   286   313   269   319 0.78 ACNH67_002358
ACNH67_002358-T1     -           1035 31972                -            282   0.00072   17.2   0.0   2   3       1.3   1.8e+03   -3.7   1.1    44    73   410   439   392   452 0.55 ACNH67_002358
ACNH67_002358-T1     -           1035 31972                -            282   0.00072   17.2   0.0   3   3   5.1e-07   0.00072   17.2   0.0     2    51   468   520   467   529 0.82 ACNH67_002358
ACNH67_001098-T1     -            601 31972                -            282    0.0046   14.6   0.2   1   1   6.1e-06    0.0086   13.7   0.2   136   163   532   560   527   592 0.81 ACNH67_001098
ACNH67_002391-T1     -            565 31972                -            282       2.9    5.4  15.3   1   3      0.29   4.1e+02   -1.6   2.2    45    78   222   255   183   290 0.57 ACNH67_002391
ACNH67_002391-T1     -            565 31972                -            282       2.9    5.4  15.3   2   3    0.0058       8.1    3.9   3.3   136   164   295   323   290   330 0.87 ACNH67_002391
ACNH67_002391-T1     -            565 31972                -            282       2.9    5.4  15.3   3   3   0.00028       0.4    8.2   0.0   135   166   520   551   513   556 0.86 ACNH67_002391
#
# Program:         hmmsearch
# Version:         3.1b2 (February 2015)
# Pipeline mode:   SEARCH
# Query file:      /home/edouard/GregarineStuff/Lgryllorum_Genome_analysis/Funannotate/Run_v3/species_train/annotate_results/busco_downloads/lineages/apicomplexa_odb12/hmms/31972at5794.hmm
# Target file:     /home/edouard/GregarineStuff/Lgryllorum_Genome_analysis/Funannotate/Run_v3/species_train/annotate_results/Leidyana_gryllorum.proteins.fa
# Option settings: hmmsearch --domtblout /home/edouard/GregarineStuff/Lgryllorum_Genome_analysis/Funannotate/Run_v3/species_train/annotate_results/busco/run_apicomplexa_odb12/hmmer_output/initial_run_results/31972at5794.out --cpu 1 /home/edouard/GregarineStuff/Lgryllorum_Genome_analysis/Funannotate/Run_v3/species_train/annotate_results/busco_downloads/lineages/apicomplexa_odb12/hmms/31972at5794.hmm /home/edouard/GregarineStuff/Lgryllorum_Genome_analysis/Funannotate/Run_v3/species_train/annotate_results/Leidyana_gryllorum.proteins.fa 
# Current dir:     /home/edouard/GregarineStuff/Lgryllorum_Genome_analysis/Funannotate/Run_v3/species_train/annotate_results
# Date:            Tue Apr  1 17:37:14 2025
# [ok]
