#                                                                            --- full sequence --- -------------- this domain -------------   hmm coord   ali coord   env coord
# target name        accession   tlen query name           accession   qlen   E-value  score  bias   #  of  c-Evalue  i-Evalue  score  bias  from    to  from    to  from    to  acc description of target
#------------------- ---------- ----- -------------------- ---------- ----- --------- ------ ----- --- --- --------- --------- ------ ----- ----- ----- ----- ----- ----- ----- ---- ---------------------
ACNH67_001865-T1     -           1020 31981                -            184   4.4e-39  131.9   0.1   1   2   3.4e-19     8e-17   59.4   0.0     8    77   317   384   312   395 0.92 ACNH67_001865
ACNH67_001865-T1     -           1020 31981                -            184   4.4e-39  131.9   0.1   2   2     2e-22   4.8e-20   69.9   0.1    87   159   450   522   440   525 0.92 ACNH67_001865
ACNH67_004988-T1     -            177 31981                -            184   2.8e-13   47.8   1.0   1   2   1.9e-07   4.6e-05   21.0   0.0    80   146    20    84    14    91 0.85 ACNH67_004988
ACNH67_004988-T1     -            177 31981                -            184   2.8e-13   47.8   1.0   2   2   7.1e-09   1.7e-06   25.7   0.4    82   145    91   161    85   175 0.81 ACNH67_004988
ACNH67_003062-T1     -            577 31981                -            184   1.4e-12   45.5   0.3   1   2   0.00033     0.077   10.5   0.0    79   119   372   412   363   422 0.87 ACNH67_003062
ACNH67_003062-T1     -            577 31981                -            184   1.4e-12   45.5   0.3   2   2   8.6e-11     2e-08   32.0   0.4    56   152   426   527   415   548 0.80 ACNH67_003062
ACNH67_000126-T1     -            665 31981                -            184   5.1e-11   40.4   5.7   1   4   0.00015     0.036   11.6   0.2    84   148    96   167    86   185 0.72 ACNH67_000126
ACNH67_000126-T1     -            665 31981                -            184   5.1e-11   40.4   5.7   2   4   6.4e-07   0.00015   19.4   0.0    77   147   502   572   495   575 0.89 ACNH67_000126
ACNH67_000126-T1     -            665 31981                -            184   5.1e-11   40.4   5.7   3   4    0.0027      0.63    7.6   0.1   121   145   578   605   573   618 0.78 ACNH67_000126
ACNH67_000126-T1     -            665 31981                -            184   5.1e-11   40.4   5.7   4   4      0.55   1.3e+02    0.0   0.1   121   145   633   657   625   662 0.69 ACNH67_000126
ACNH67_004158-T1     -            302 31981                -            184   5.3e-11   40.4   0.0   1   1   3.7e-13   8.6e-11   39.7   0.0    27    75     7    55     4    62 0.87 ACNH67_004158
ACNH67_002686-T1     -            701 31981                -            184   2.7e-09   34.8   1.9   1   3     0.023       5.4    4.5   0.0    90   145    78    99    61   127 0.68 ACNH67_002686
ACNH67_002686-T1     -            701 31981                -            184   2.7e-09   34.8   1.9   2   3   9.8e-05     0.023   12.2   0.1    82   120   551   589   543   617 0.83 ACNH67_002686
ACNH67_002686-T1     -            701 31981                -            184   2.7e-09   34.8   1.9   3   3   6.7e-06    0.0016   16.0   0.1    45   145   626   689   596   698 0.54 ACNH67_002686
ACNH67_004075-T1     -            655 31981                -            184   4.3e-08   30.9   1.4   1   1   4.6e-10   1.1e-07   29.6   1.4     5   159   480   634   476   645 0.85 ACNH67_004075
ACNH67_003675-T1     -            596 31981                -            184   4.7e-08   30.8   4.5   1   3      0.22        53    1.3   0.0    86   113    47    74    36   116 0.79 ACNH67_003675
ACNH67_003675-T1     -            596 31981                -            184   4.7e-08   30.8   4.5   2   3   1.1e-06   0.00025   18.6   0.0    82   147   453   518   441   520 0.89 ACNH67_003675
ACNH67_003675-T1     -            596 31981                -            184   4.7e-08   30.8   4.5   3   3   0.00029     0.068   10.7   0.7    79   146   519   590   517   593 0.80 ACNH67_003675
ACNH67_004113-T1     -            168 31981                -            184   8.9e-08   29.9   0.6   1   2    0.0018      0.43    8.1   0.2    85   127    16    60    11    80 0.63 ACNH67_004113
ACNH67_004113-T1     -            168 31981                -            184   8.9e-08   29.9   0.6   2   2   1.2e-07   2.9e-05   21.7   0.1    57   145    63   156    51   167 0.83 ACNH67_004113
ACNH67_003589-T1     -            106 31981                -            184   1.7e-07   29.0   0.2   1   2   1.2e-08   2.9e-06   25.0   0.2    83   149     6    75     4    83 0.85 ACNH67_003589
ACNH67_003589-T1     -            106 31981                -            184   1.7e-07   29.0   0.2   2   2     0.061        14    3.1   0.0    83   106    79   102    74   106 0.81 ACNH67_003589
ACNH67_001409-T1     -            502 31981                -            184   1.8e-07   28.9   2.6   1   2   1.8e-05    0.0042   14.6   0.5    72   146   338   423   331   426 0.75 ACNH67_001409
ACNH67_001409-T1     -            502 31981                -            184   1.8e-07   28.9   2.6   2   2   3.7e-06   0.00088   16.9   0.5    42   148   390   495   387   500 0.84 ACNH67_001409
ACNH67_003624-T1     -            145 31981                -            184   2.9e-07   28.2   0.5   1   2   1.7e-06   0.00039   18.0   0.1    82   149     5    74     2    91 0.87 ACNH67_003624
ACNH67_003624-T1     -            145 31981                -            184   2.9e-07   28.2   0.5   2   2    0.0012      0.28    8.7   0.1   108   148   100   142    80   144 0.83 ACNH67_003624
ACNH67_004661-T1     -            883 31981                -            184     5e-07   27.4   0.4   1   3    0.0035      0.83    7.2   0.1   125   148   535   558   520   575 0.83 ACNH67_004661
ACNH67_004661-T1     -            883 31981                -            184     5e-07   27.4   0.4   2   3    0.0025      0.58    7.7   0.0    54   111   594   646   589   650 0.84 ACNH67_004661
ACNH67_004661-T1     -            883 31981                -            184     5e-07   27.4   0.4   3   3    0.0015      0.36    8.3   0.0   124   153   737   766   725   774 0.84 ACNH67_004661
ACNH67_005582-T1     -            631 31981                -            184   5.4e-07   27.3   8.3   1   3     0.012       2.8    5.4   0.1    75   147    49   128    37   147 0.69 ACNH67_005582
ACNH67_005582-T1     -            631 31981                -            184   5.4e-07   27.3   8.3   2   3   2.2e-07   5.2e-05   20.9   0.1    74   146   463   535   454   538 0.93 ACNH67_005582
ACNH67_005582-T1     -            631 31981                -            184   5.4e-07   27.3   8.3   3   3      0.14        33    2.0   0.4   129   145   609   625   597   629 0.81 ACNH67_005582
ACNH67_004279-T1     -            168 31981                -            184   9.6e-07   26.5   0.8   1   2   0.00064      0.15    9.6   0.0    77   120     9    52     6    94 0.74 ACNH67_004279
ACNH67_004279-T1     -            168 31981                -            184   9.6e-07   26.5   0.8   2   2   7.9e-06    0.0019   15.8   0.5    87   147    94   156    76   165 0.85 ACNH67_004279
ACNH67_005193-T1     -            100 31981                -            184   8.3e-06   23.5   0.8   1   1   4.5e-08   1.1e-05   23.1   0.8    59   149     8    96     5    98 0.88 ACNH67_005193
ACNH67_002687-T1     -            638 31981                -            184   0.00011   19.9   0.1   1   2     0.025       5.9    4.4   0.0    91   145    78    98    60   124 0.66 ACNH67_002687
ACNH67_002687-T1     -            638 31981                -            184   0.00011   19.9   0.1   2   2   5.8e-05     0.014   13.0   0.0    82   120   530   568   521   615 0.83 ACNH67_002687
ACNH67_001032-T1     -            605 31981                -            184   0.00014   19.5   0.6   1   2     4e-05    0.0094   13.5   0.2    76   148   430   503   426   512 0.86 ACNH67_001032
ACNH67_001032-T1     -            605 31981                -            184   0.00014   19.5   0.6   2   2      0.37        88    0.6   0.0    54    70   553   569   548   577 0.87 ACNH67_001032
ACNH67_003626-T1     -            138 31981                -            184   0.00021   18.9   0.0   1   2    0.0064       1.5    6.3   0.0    88   119     4    35     1    46 0.79 ACNH67_003626
ACNH67_003626-T1     -            138 31981                -            184   0.00021   18.9   0.0   2   2   0.00025     0.059   10.9   0.0    88   141    74   129    51   135 0.89 ACNH67_003626
ACNH67_004409-T1     -           2132 31981                -            184   0.00037   18.1   2.9   1   2    0.0025       0.6    7.6   0.1    80   116  1931  1967  1909  2006 0.81 ACNH67_004409
ACNH67_004409-T1     -           2132 31981                -            184   0.00037   18.1   2.9   2   2   0.00043       0.1   10.1   0.4    90   149  2064  2121  2056  2126 0.92 ACNH67_004409
ACNH67_003394-T1     -            537 31981                -            184    0.0013   16.3   0.5   1   2   0.00028     0.065   10.8   0.0    68   146   377   457   371   462 0.91 ACNH67_003394
ACNH67_003394-T1     -            537 31981                -            184    0.0013   16.3   0.5   2   2   8.5e-05      0.02   12.4   0.3    16   145   400   525   391   529 0.81 ACNH67_003394
ACNH67_003410-T1     -           1316 31981                -            184    0.0013   16.3   0.5   1   2      0.35        83    0.6   0.0    48    68   346   366   316   377 0.78 ACNH67_003410
ACNH67_003410-T1     -           1316 31981                -            184    0.0013   16.3   0.5   2   2   0.00039     0.092   10.3   0.3    90   153   621   687   617   706 0.77 ACNH67_003410
ACNH67_002187-T1     -            141 31981                -            184    0.0022   15.6   0.0   1   1   1.7e-05    0.0041   14.7   0.0    86   134    74   123     3   134 0.72 ACNH67_002187
ACNH67_000269-T1     -            227 31981                -            184    0.0027   15.3   2.1   1   2     0.014       3.4    5.2   0.2    83   148    38   105    31   113 0.67 ACNH67_000269
ACNH67_000269-T1     -            227 31981                -            184    0.0027   15.3   2.1   2   2    0.0011      0.25    8.8   0.1   117   148   190   221   174   225 0.86 ACNH67_000269
#
# Program:         hmmsearch
# Version:         3.1b2 (February 2015)
# Pipeline mode:   SEARCH
# Query file:      /home/edouard/GregarineStuff/Lgryllorum_Genome_analysis/Funannotate/Run_v3/species_train/annotate_results/busco_downloads/lineages/apicomplexa_odb12/hmms/31981at5794.hmm
# Target file:     /home/edouard/GregarineStuff/Lgryllorum_Genome_analysis/Funannotate/Run_v3/species_train/annotate_results/Leidyana_gryllorum.proteins.fa
# Option settings: hmmsearch --domtblout /home/edouard/GregarineStuff/Lgryllorum_Genome_analysis/Funannotate/Run_v3/species_train/annotate_results/busco/run_apicomplexa_odb12/hmmer_output/initial_run_results/31981at5794.out --cpu 1 /home/edouard/GregarineStuff/Lgryllorum_Genome_analysis/Funannotate/Run_v3/species_train/annotate_results/busco_downloads/lineages/apicomplexa_odb12/hmms/31981at5794.hmm /home/edouard/GregarineStuff/Lgryllorum_Genome_analysis/Funannotate/Run_v3/species_train/annotate_results/Leidyana_gryllorum.proteins.fa 
# Current dir:     /home/edouard/GregarineStuff/Lgryllorum_Genome_analysis/Funannotate/Run_v3/species_train/annotate_results
# Date:            Tue Apr  1 17:37:15 2025
# [ok]
