#                                                                            --- full sequence --- -------------- this domain -------------   hmm coord   ali coord   env coord
# target name        accession   tlen query name           accession   qlen   E-value  score  bias   #  of  c-Evalue  i-Evalue  score  bias  from    to  from    to  from    to  acc description of target
#------------------- ---------- ----- -------------------- ---------- ----- --------- ------ ----- --- --- --------- --------- ------ ----- ----- ----- ----- ----- ----- ----- ---- ---------------------
ACNH67_004037-T1     -            737 32004                -            599  3.4e-157  522.7  12.6   1   2  1.4e-148  2.8e-146  486.6   0.6     1   396     1   410     1   440 0.91 ACNH67_004037
ACNH67_004037-T1     -            737 32004                -            599  3.4e-157  522.7  12.6   2   2   1.6e-13   3.3e-11   40.5   5.7   397   595   514   715   497   719 0.80 ACNH67_004037
ACNH67_003957-T1     -            641 32004                -            599   2.6e-84  282.0   7.8   1   2     1e-74   2.1e-72  242.7   0.1     4   370     6   381     3   440 0.87 ACNH67_003957
ACNH67_003957-T1     -            641 32004                -            599   2.6e-84  282.0   7.8   2   2   1.2e-13   2.5e-11   41.0   4.0   435   551   491   608   472   613 0.89 ACNH67_003957
ACNH67_003960-T1     -            644 32004                -            599   2.6e-82  275.4   8.9   1   2   8.7e-74   1.8e-71  239.6   0.1     4   370     7   382     5   442 0.87 ACNH67_003960
ACNH67_003960-T1     -            644 32004                -            599   2.6e-82  275.4   8.9   2   2   1.2e-12   2.4e-10   37.7   4.9   435   551   492   609   473   615 0.88 ACNH67_003960
ACNH67_004479-T1     -            651 32004                -            599     3e-78  262.0   3.1   1   2   1.4e-72   2.9e-70  235.6   0.0     2   381    26   414    25   462 0.85 ACNH67_004479
ACNH67_004479-T1     -            651 32004                -            599     3e-78  262.0   3.1   2   2     3e-09   6.1e-07   26.5   1.0   447   553   523   631   506   635 0.90 ACNH67_004479
ACNH67_003352-T1     -            603 32004                -            599   1.1e-63  213.8   4.0   1   2   6.9e-62   1.4e-59  200.3   0.0    21   368     4   360     1   406 0.91 ACNH67_003352
ACNH67_003352-T1     -            603 32004                -            599   1.1e-63  213.8   4.0   2   2   2.3e-05    0.0046   13.7   1.9   446   553   478   581   465   602 0.75 ACNH67_003352
ACNH67_003958-T1     -            554 32004                -            599   3.9e-63  212.1   0.0   1   1   2.6e-65   5.2e-63  211.7   0.0     2   370     4   381     3   408 0.89 ACNH67_003958
ACNH67_003707-T1     -           1368 32004                -            599   8.4e-44  148.2   0.8   1   4     2e-14     4e-12   43.6   0.0     2   165    29   209    28   223 0.77 ACNH67_003707
ACNH67_003707-T1     -           1368 32004                -            599   8.4e-44  148.2   0.8   2   4   2.5e-11     5e-09   33.4   0.0   222   312   299   392   292   403 0.81 ACNH67_003707
ACNH67_003707-T1     -           1368 32004                -            599   8.4e-44  148.2   0.8   3   4   6.7e-11   1.4e-08   31.9   0.0   317   411   424   521   412   580 0.76 ACNH67_003707
ACNH67_003707-T1     -           1368 32004                -            599   8.4e-44  148.2   0.8   4   4   3.8e-11   7.7e-09   32.7   1.6   474   579   760   870   732   890 0.82 ACNH67_003707
ACNH67_000327-T1     -            563 32004                -            599     1e-40  138.0   0.1   1   1   6.3e-43   1.3e-40  137.7   0.1     2   407     8   430     7   477 0.81 ACNH67_000327
ACNH67_003963-T1     -            406 32004                -            599   2.9e-40  136.5   0.1   1   1   1.9e-42   3.9e-40  136.1   0.1     4   371     6   388     3   397 0.88 ACNH67_003963
ACNH67_000325-T1     -            533 32004                -            599   1.2e-37  127.9   0.2   1   1   7.8e-40   1.6e-37  127.5   0.2     4   369     9   385     7   397 0.84 ACNH67_000325
ACNH67_000324-T1     -            502 32004                -            599   1.7e-31  107.6   0.0   1   1     1e-33   2.1e-31  107.3   0.0     2   346     3   362     2   396 0.78 ACNH67_000324
ACNH67_004684-T1     -            509 32004                -            599   8.9e-31  105.2   0.0   1   1   5.1e-33     1e-30  105.0   0.0    22   344    21   359     9   445 0.84 ACNH67_004684
ACNH67_004924-T1     -            653 32004                -            599   8.8e-30  101.9   0.0   1   1   6.5e-32   1.3e-29  101.3   0.0     2   368     3   383     2   388 0.78 ACNH67_004924
ACNH67_001489-T1     -            607 32004                -            599   9.7e-30  101.8   0.0   1   1   6.6e-32   1.3e-29  101.3   0.0     2   368     5   384     4   390 0.84 ACNH67_001489
ACNH67_000326-T1     -            558 32004                -            599   1.4e-24   84.7   0.0   1   1   9.5e-27   1.9e-24   84.3   0.0     3   366     7   376     5   445 0.79 ACNH67_000326
ACNH67_003959-T1     -            254 32004                -            599   4.5e-22   76.4   0.1   1   1     6e-24   1.2e-21   75.0   0.1   162   369     2   205     1   207 0.81 ACNH67_003959
ACNH67_000328-T1     -            757 32004                -            599   2.5e-20   70.7   0.7   1   2   6.8e-20   1.4e-17   61.6   0.0     4   357    12   386    11   392 0.83 ACNH67_000328
ACNH67_000328-T1     -            757 32004                -            599   2.5e-20   70.7   0.7   2   2    0.0024      0.49    7.0   0.6   478   547   660   730   640   738 0.76 ACNH67_000328
ACNH67_004926-T1     -            560 32004                -            599   1.8e-19   67.9   0.0   1   1   1.2e-21   2.5e-19   67.4   0.0     3   365     6   372     4   377 0.87 ACNH67_004926
ACNH67_005532-T1     -            822 32004                -            599   4.7e-18   63.2   5.3   1   4   1.3e-10   2.6e-08   31.0   0.0     5    71    34   101    33   118 0.84 ACNH67_005532
ACNH67_005532-T1     -            822 32004                -            599   4.7e-18   63.2   5.3   2   4       3.3   6.7e+02   -3.4   0.0   192   208   267   283   262   284 0.86 ACNH67_005532
ACNH67_005532-T1     -            822 32004                -            599   4.7e-18   63.2   5.3   3   4   1.9e-06   0.00039   17.2   0.0   264   344   368   462   354   469 0.77 ACNH67_005532
ACNH67_005532-T1     -            822 32004                -            599   4.7e-18   63.2   5.3   4   4    0.0001     0.021   11.5   4.1   455   566   531   638   520   658 0.80 ACNH67_005532
ACNH67_002290-T1     -            767 32004                -            599   4.5e-16   56.6   0.0   1   2     0.023       4.6    3.7   0.0     4    54    10    63     8    80 0.82 ACNH67_002290
ACNH67_002290-T1     -            767 32004                -            599   4.5e-16   56.6   0.0   2   2   1.7e-16   3.5e-14   50.4   0.0   116   371   104   358    76   390 0.77 ACNH67_002290
ACNH67_004931-T1     -            466 32004                -            599   4.6e-12   43.4   0.4   1   1   3.1e-14   6.3e-12   42.9   0.4   111   367    13   278     5   283 0.82 ACNH67_004931
ACNH67_004925-T1     -            550 32004                -            599   5.5e-09   33.2   0.0   1   1   1.9e-10   3.8e-08   30.5   0.0     2   362     5   372     4   379 0.82 ACNH67_004925
ACNH67_004929-T1     -            548 32004                -            599   2.2e-08   31.2   0.2   1   1   1.5e-10   3.1e-08   30.8   0.2     3   360     6   365     5   375 0.74 ACNH67_004929
ACNH67_004927-T1     -            638 32004                -            599   3.3e-07   27.3   0.0   1   1   2.7e-09   5.4e-07   26.6   0.0     3   177     9   183     8   212 0.80 ACNH67_004927
ACNH67_004930-T1     -            568 32004                -            599   1.6e-06   25.1   0.1   1   2     5e-08     1e-05   22.4   0.0    38   173    41   177     5   180 0.73 ACNH67_004930
ACNH67_004930-T1     -            568 32004                -            599   1.6e-06   25.1   0.1   2   2      0.39        79   -0.3   0.0   289   330   310   351   278   366 0.66 ACNH67_004930
ACNH67_004289-T1     -            687 32004                -            599   5.7e-05   20.0   0.0   1   2     5e-07    0.0001   19.1   0.0   109   173   114   178     7   181 0.85 ACNH67_004289
ACNH67_004289-T1     -            687 32004                -            599   5.7e-05   20.0   0.0   2   2       4.2   8.5e+02   -3.7   0.0   219   245   226   252   211   323 0.69 ACNH67_004289
ACNH67_004168-T1     -            477 32004                -            599   0.00067   16.4   0.1   1   1     2e-05    0.0041   13.8   0.1   123   365    78   318    56   372 0.70 ACNH67_004168
ACNH67_004169-T1     -            524 32004                -            599    0.0029   14.3   2.5   1   3     2e-05     0.004   13.9   0.5   113   244    68   193    49   213 0.84 ACNH67_004169
ACNH67_004169-T1     -            524 32004                -            599    0.0029   14.3   2.5   2   3       0.6   1.2e+02   -0.9   0.0   306   354   270   321   250   331 0.73 ACNH67_004169
ACNH67_004169-T1     -            524 32004                -            599    0.0029   14.3   2.5   3   3       2.3   4.7e+02   -2.9   0.0   324   339   369   384   366   387 0.83 ACNH67_004169
#
# Program:         hmmsearch
# Version:         3.1b2 (February 2015)
# Pipeline mode:   SEARCH
# Query file:      /home/edouard/GregarineStuff/Lgryllorum_Genome_analysis/Funannotate/Run_v3/species_train/annotate_results/busco_downloads/lineages/apicomplexa_odb12/hmms/32004at5794.hmm
# Target file:     /home/edouard/GregarineStuff/Lgryllorum_Genome_analysis/Funannotate/Run_v3/species_train/annotate_results/Leidyana_gryllorum.proteins.fa
# Option settings: hmmsearch --domtblout /home/edouard/GregarineStuff/Lgryllorum_Genome_analysis/Funannotate/Run_v3/species_train/annotate_results/busco/run_apicomplexa_odb12/hmmer_output/initial_run_results/32004at5794.out --cpu 1 /home/edouard/GregarineStuff/Lgryllorum_Genome_analysis/Funannotate/Run_v3/species_train/annotate_results/busco_downloads/lineages/apicomplexa_odb12/hmms/32004at5794.hmm /home/edouard/GregarineStuff/Lgryllorum_Genome_analysis/Funannotate/Run_v3/species_train/annotate_results/Leidyana_gryllorum.proteins.fa 
# Current dir:     /home/edouard/GregarineStuff/Lgryllorum_Genome_analysis/Funannotate/Run_v3/species_train/annotate_results
# Date:            Tue Apr  1 17:37:15 2025
# [ok]
