#                                                                            --- full sequence --- -------------- this domain -------------   hmm coord   ali coord   env coord
# target name        accession   tlen query name           accession   qlen   E-value  score  bias   #  of  c-Evalue  i-Evalue  score  bias  from    to  from    to  from    to  acc description of target
#------------------- ---------- ----- -------------------- ---------- ----- --------- ------ ----- --- --- --------- --------- ------ ----- ----- ----- ----- ----- ----- ----- ---- ---------------------
ACNH67_000873-T1     -            891 32028                -            554  1.1e-212  705.7   0.0   1   1    1e-213  4.5e-211  700.4   0.0     8   545   238   830   233   839 0.87 ACNH67_000873
ACNH67_000695-T1     -           1616 32028                -            554   1.4e-53  180.5   0.4   1   2   2.7e-28   1.2e-25   88.3   0.0    90   354   609   890   602   911 0.73 ACNH67_000695
ACNH67_000695-T1     -           1616 32028                -            554   1.4e-53  180.5   0.4   2   2   1.1e-28   4.6e-26   89.7   0.1   404   528  1309  1433  1300  1441 0.93 ACNH67_000695
ACNH67_000124-T1     -           1224 32028                -            554   2.2e-50  170.0   1.6   1   1     2e-51   8.6e-49  164.7   1.5   117   526   512   966   482   972 0.74 ACNH67_000124
ACNH67_003550-T1     -           1888 32028                -            554   1.5e-45  154.0   7.0   1   3   5.2e-14   2.3e-11   41.2   0.1   116   187   698   776   673   837 0.76 ACNH67_003550
ACNH67_003550-T1     -           1888 32028                -            554   1.5e-45  154.0   7.0   2   3   2.4e-15     1e-12   45.6   1.3   228   362   865   994   798  1025 0.77 ACNH67_003550
ACNH67_003550-T1     -           1888 32028                -            554   1.5e-45  154.0   7.0   3   3   1.8e-22     8e-20   69.1   0.0   393   528  1052  1188  1034  1208 0.88 ACNH67_003550
ACNH67_002542-T1     -           2517 32028                -            554   1.2e-43  147.7   0.2   1   2   8.4e-23   3.7e-20   70.2   0.0   105   372   448   737   430   807 0.71 ACNH67_002542
ACNH67_002542-T1     -           2517 32028                -            554   1.2e-43  147.7   0.2   2   2   2.3e-24     1e-21   75.3   0.1   405   526  1201  1324  1188  1334 0.89 ACNH67_002542
ACNH67_005157-T1     -            978 32028                -            554   2.1e-41  140.3   0.3   1   4   7.6e-08   3.3e-05   20.8   0.0   118   186   153   228   141   234 0.81 ACNH67_005157
ACNH67_005157-T1     -            978 32028                -            554   2.1e-41  140.3   0.3   2   4   3.3e-07   0.00014   18.7   0.1   222   274   359   410   342   421 0.91 ACNH67_005157
ACNH67_005157-T1     -            978 32028                -            554   2.1e-41  140.3   0.3   3   4      0.14        59    0.2   0.0   321   342   495   516   479   538 0.82 ACNH67_005157
ACNH67_005157-T1     -            978 32028                -            554   2.1e-41  140.3   0.3   4   4     3e-30   1.3e-27   94.8   0.0   388   530   662   808   651   824 0.88 ACNH67_005157
ACNH67_004541-T1     -            807 32028                -            554     2e-37  127.2   0.0   1   2   3.2e-23   1.4e-20   71.6   0.0   137   382   145   408   134   415 0.75 ACNH67_004541
ACNH67_004541-T1     -            807 32028                -            554     2e-37  127.2   0.0   2   2   1.1e-17     5e-15   53.2   0.0   376   526   491   641   466   661 0.87 ACNH67_004541
ACNH67_000734-T1     -           1033 32028                -            554   8.6e-36  121.8   0.0   1   2     6e-15   2.6e-12   44.3   0.0   119   340   391   626   379   644 0.73 ACNH67_000734
ACNH67_000734-T1     -           1033 32028                -            554   8.6e-36  121.8   0.0   2   2   2.5e-24   1.1e-21   75.2   0.0   397   542   806   952   773   962 0.89 ACNH67_000734
ACNH67_004776-T1     -           1470 32028                -            554   1.7e-34  117.5   0.0   1   2   4.1e-15   1.8e-12   44.8   0.0   118   356    46   321    40   349 0.73 ACNH67_004776
ACNH67_004776-T1     -           1470 32028                -            554   1.7e-34  117.5   0.0   2   2   1.9e-22   8.2e-20   69.0   0.0   382   547   379   544   367   550 0.90 ACNH67_004776
ACNH67_001516-T1     -           1203 32028                -            554   1.1e-33  114.8   0.0   1   3   2.8e-07   0.00012   19.0   0.0   113   159   196   245   166   252 0.75 ACNH67_001516
ACNH67_001516-T1     -           1203 32028                -            554   1.1e-33  114.8   0.0   2   3   8.8e-09   3.8e-06   23.9   0.0   164   312   305   465   286   522 0.73 ACNH67_001516
ACNH67_001516-T1     -           1203 32028                -            554   1.1e-33  114.8   0.0   3   3   3.8e-22   1.6e-19   68.0   0.0   398   525   621   748   610   764 0.91 ACNH67_001516
ACNH67_004064-T1     -           1659 32028                -            554   4.9e-33  112.7   0.5   1   3   6.1e-07   0.00027   17.8   0.0   109   155   398   448   295   461 0.70 ACNH67_004064
ACNH67_004064-T1     -           1659 32028                -            554   4.9e-33  112.7   0.5   2   3   3.6e-05     0.016   12.0   0.1   225   304  1088  1166  1077  1190 0.80 ACNH67_004064
ACNH67_004064-T1     -           1659 32028                -            554   4.9e-33  112.7   0.5   3   3   1.7e-25   7.2e-23   79.1   0.0   379   536  1480  1639  1456  1653 0.87 ACNH67_004064
ACNH67_000948-T1     -           1402 32028                -            554   1.2e-26   91.6   3.7   1   4    0.0041       1.8    5.2   0.1   138   154   696   712   690   715 0.86 ACNH67_000948
ACNH67_000948-T1     -           1402 32028                -            554   1.2e-26   91.6   3.7   2   4   0.00055      0.24    8.1   0.0   164   273   770   892   765   914 0.67 ACNH67_000948
ACNH67_000948-T1     -           1402 32028                -            554   1.2e-26   91.6   3.7   3   4       1.3   5.5e+02   -3.0   0.0   337   389  1018  1069  1014  1087 0.71 ACNH67_000948
ACNH67_000948-T1     -           1402 32028                -            554   1.2e-26   91.6   3.7   4   4   7.2e-25   3.2e-22   77.0   0.1   356   537  1175  1363  1159  1373 0.80 ACNH67_000948
ACNH67_004655-T1     -           2298 32028                -            554   1.5e-24   84.6   0.1   1   3   1.5e-07   6.7e-05   19.8   0.3   138   274   400   565   398   573 0.63 ACNH67_004655
ACNH67_004655-T1     -           2298 32028                -            554   1.5e-24   84.6   0.1   2   3   3.2e-08   1.4e-05   22.1   0.0   383   451   859   928   811   933 0.85 ACNH67_004655
ACNH67_004655-T1     -           2298 32028                -            554   1.5e-24   84.6   0.1   3   3   5.9e-13   2.6e-10   37.7   0.0   454   538   982  1065   978  1078 0.91 ACNH67_004655
#
# Program:         hmmsearch
# Version:         3.1b2 (February 2015)
# Pipeline mode:   SEARCH
# Query file:      /home/edouard/GregarineStuff/Lgryllorum_Genome_analysis/Funannotate/Run_v3/species_train/annotate_results/busco_downloads/lineages/apicomplexa_odb12/hmms/32028at5794.hmm
# Target file:     /home/edouard/GregarineStuff/Lgryllorum_Genome_analysis/Funannotate/Run_v3/species_train/annotate_results/Leidyana_gryllorum.proteins.fa
# Option settings: hmmsearch --domtblout /home/edouard/GregarineStuff/Lgryllorum_Genome_analysis/Funannotate/Run_v3/species_train/annotate_results/busco/run_apicomplexa_odb12/hmmer_output/initial_run_results/32028at5794.out --cpu 1 /home/edouard/GregarineStuff/Lgryllorum_Genome_analysis/Funannotate/Run_v3/species_train/annotate_results/busco_downloads/lineages/apicomplexa_odb12/hmms/32028at5794.hmm /home/edouard/GregarineStuff/Lgryllorum_Genome_analysis/Funannotate/Run_v3/species_train/annotate_results/Leidyana_gryllorum.proteins.fa 
# Current dir:     /home/edouard/GregarineStuff/Lgryllorum_Genome_analysis/Funannotate/Run_v3/species_train/annotate_results
# Date:            Tue Apr  1 17:37:16 2025
# [ok]
