#                                                                            --- full sequence --- -------------- this domain -------------   hmm coord   ali coord   env coord
# target name        accession   tlen query name           accession   qlen   E-value  score  bias   #  of  c-Evalue  i-Evalue  score  bias  from    to  from    to  from    to  acc description of target
#------------------- ---------- ----- -------------------- ---------- ----- --------- ------ ----- --- --- --------- --------- ------ ----- ----- ----- ----- ----- ----- ----- ---- ---------------------
ACNH67_003284-T1     -           1082 32074                -            859   5.3e-94  314.0   2.1   1   7     0.026       4.7    3.2   0.0   125   167    45    88     2   106 0.77 ACNH67_003284
ACNH67_003284-T1     -           1082 32074                -            859   5.3e-94  314.0   2.1   2   7   3.1e-08   5.6e-06   22.8   0.0   191   262   146   217   121   229 0.91 ACNH67_003284
ACNH67_003284-T1     -           1082 32074                -            859   5.3e-94  314.0   2.1   3   7   8.5e-34   1.6e-31  107.3   1.2   269   403   272   422   266   426 0.84 ACNH67_003284
ACNH67_003284-T1     -           1082 32074                -            859   5.3e-94  314.0   2.1   4   7   5.5e-18     1e-15   55.0   0.2   404   455   456   507   446   511 0.86 ACNH67_003284
ACNH67_003284-T1     -           1082 32074                -            859   5.3e-94  314.0   2.1   5   7   7.3e-09   1.3e-06   24.8   0.0   447   500   552   605   546   616 0.89 ACNH67_003284
ACNH67_003284-T1     -           1082 32074                -            859   5.3e-94  314.0   2.1   6   7   8.3e-19   1.5e-16   57.7   0.0   533   711   668   877   637   885 0.72 ACNH67_003284
ACNH67_003284-T1     -           1082 32074                -            859   5.3e-94  314.0   2.1   7   7   3.3e-09     6e-07   26.0   0.0   777   859   980  1082   956  1082 0.77 ACNH67_003284
ACNH67_001408-T1     -            960 32074                -            859   7.5e-13   45.5   0.7   1   5   9.9e-05     0.018   11.2   0.0   178   291   156   271   135   285 0.76 ACNH67_001408
ACNH67_001408-T1     -            960 32074                -            859   7.5e-13   45.5   0.7   2   5      0.14        25    0.7   0.0   464   511   246   293   242   297 0.84 ACNH67_001408
ACNH67_001408-T1     -            960 32074                -            859   7.5e-13   45.5   0.7   3   5    0.0026      0.47    6.5   0.0   225   287   382   450   369   466 0.76 ACNH67_001408
ACNH67_001408-T1     -            960 32074                -            859   7.5e-13   45.5   0.7   4   5     7e-05     0.013   11.7   0.1   143   292   556   706   550   712 0.70 ACNH67_001408
ACNH67_001408-T1     -            960 32074                -            859   7.5e-13   45.5   0.7   5   5     4e-06   0.00074   15.8   0.1   168   287   673   786   669   814 0.85 ACNH67_001408
ACNH67_004094-T1     -           1385 32074                -            859   1.2e-11   41.5   0.0   1   5    0.0098       1.8    4.6   0.0   522   572   455   505   427   557 0.49 ACNH67_004094
ACNH67_004094-T1     -           1385 32074                -            859   1.2e-11   41.5   0.0   2   5     0.024       4.4    3.3   0.0   503   575   691   766   669   768 0.74 ACNH67_004094
ACNH67_004094-T1     -           1385 32074                -            859   1.2e-11   41.5   0.0   3   5   2.2e-06   0.00039   16.7   0.0   225   288   809   871   786   880 0.85 ACNH67_004094
ACNH67_004094-T1     -           1385 32074                -            859   1.2e-11   41.5   0.0   4   5   0.00051     0.092    8.8   0.0   455   532   890   969   880   972 0.81 ACNH67_004094
ACNH67_004094-T1     -           1385 32074                -            859   1.2e-11   41.5   0.0   5   5    0.0013      0.24    7.4   0.0   142   262   913  1029   911  1039 0.80 ACNH67_004094
ACNH67_005283-T1     -           1266 32074                -            859   2.8e-11   40.3   0.1   1   5   1.6e-05     0.003   13.7   0.0   231   297   272   337   265   352 0.83 ACNH67_005283
ACNH67_005283-T1     -           1266 32074                -            859   2.8e-11   40.3   0.1   2   5    0.0032      0.58    6.2   0.0   229   276   368   415   361   432 0.88 ACNH67_005283
ACNH67_005283-T1     -           1266 32074                -            859   2.8e-11   40.3   0.1   3   5     0.011       2.1    4.3   0.0   216   288   780   847   726   853 0.73 ACNH67_005283
ACNH67_005283-T1     -           1266 32074                -            859   2.8e-11   40.3   0.1   4   5    0.0012      0.22    7.5   0.0   199   293   899   989   876   994 0.80 ACNH67_005283
ACNH67_005283-T1     -           1266 32074                -            859   2.8e-11   40.3   0.1   5   5     0.011         2    4.4   0.0   228   312   967  1054   954  1059 0.85 ACNH67_005283
ACNH67_003156-T1     -            490 32074                -            859   3.9e-11   39.8   0.0   1   3   1.6e-05    0.0029   13.8   0.0   227   292   184   248   171   265 0.86 ACNH67_003156
ACNH67_003156-T1     -            490 32074                -            859   3.9e-11   39.8   0.0   2   3   2.9e-05    0.0052   12.9   0.0   227   288   268   328   257   332 0.92 ACNH67_003156
ACNH67_003156-T1     -            490 32074                -            859   3.9e-11   39.8   0.0   3   3   0.00045     0.082    9.0   0.0   204   289   374   464   332   468 0.81 ACNH67_003156
ACNH67_000155-T1     -            566 32074                -            859   6.7e-09   32.4   0.1   1   3     0.021       3.8    3.5   0.0   226   286   286   346   260   354 0.73 ACNH67_000155
ACNH67_000155-T1     -            566 32074                -            859   6.7e-09   32.4   0.1   2   3   5.5e-07    0.0001   18.6   0.2   202   288   353   434   340   436 0.86 ACNH67_000155
ACNH67_000155-T1     -            566 32074                -            859   6.7e-09   32.4   0.1   3   3    0.0023      0.42    6.6   0.0   227   286   506   565   482   566 0.87 ACNH67_000155
ACNH67_004652-T1     -            353 32074                -            859   4.3e-08   29.8   0.0   1   3     0.021       3.8    3.5   0.0   473   568    38   144    35   155 0.63 ACNH67_004652
ACNH67_004652-T1     -            353 32074                -            859   4.3e-08   29.8   0.0   2   3   1.2e-07   2.3e-05   20.8   0.0   453   569   157   272   148   286 0.87 ACNH67_004652
ACNH67_004652-T1     -            353 32074                -            859   4.3e-08   29.8   0.0   3   3     0.063        12    1.9   0.0   403   435   318   350   310   353 0.68 ACNH67_004652
ACNH67_002774-T1     -           1020 32074                -            859   6.1e-08   29.3   0.0   1   2   2.1e-07   3.9e-05   20.0   0.0   406   507    75   173    68   181 0.86 ACNH67_002774
ACNH67_002774-T1     -           1020 32074                -            859   6.1e-08   29.3   0.0   2   2    0.0025      0.45    6.5   0.0   228   273   260   305   217   319 0.80 ACNH67_002774
ACNH67_004370-T1     -            954 32074                -            859   1.6e-07   27.8   0.0   1   2   0.00014     0.026   10.7   0.0   514   571    29    88     4   131 0.67 ACNH67_004370
ACNH67_004370-T1     -            954 32074                -            859   1.6e-07   27.8   0.0   2   2   1.1e-05     0.002   14.4   0.0   206   287   189   266   185   270 0.88 ACNH67_004370
ACNH67_001061-T1     -            496 32074                -            859   4.9e-07   26.3   0.0   1   1   9.1e-09   1.7e-06   24.5   0.0   115   290   257   428   249   433 0.84 ACNH67_001061
ACNH67_003831-T1     -           1286 32074                -            859   2.1e-06   24.2   0.1   1   5    0.0085       1.6    4.8   0.0   238   294     4    59     2    74 0.82 ACNH67_003831
ACNH67_003831-T1     -           1286 32074                -            859   2.1e-06   24.2   0.1   2   5    0.0013      0.24    7.4   0.0   213   289    67   138    58   141 0.85 ACNH67_003831
ACNH67_003831-T1     -           1286 32074                -            859   2.1e-06   24.2   0.1   3   5     0.053       9.7    2.1   0.0   242   292   165   214   150   236 0.78 ACNH67_003831
ACNH67_003831-T1     -           1286 32074                -            859   2.1e-06   24.2   0.1   4   5     0.083        15    1.5   0.0   472   503   240   271   231   299 0.65 ACNH67_003831
ACNH67_003831-T1     -           1286 32074                -            859   2.1e-06   24.2   0.1   5   5      0.46        84   -1.0   0.0   134   168   475   509   443   541 0.72 ACNH67_003831
ACNH67_003323-T1     -           1057 32074                -            859   3.5e-06   23.5   0.2   1   4   7.2e-07   0.00013   18.2   0.0   212   292    66   143    45   148 0.85 ACNH67_003323
ACNH67_003323-T1     -           1057 32074                -            859   3.5e-06   23.5   0.2   2   4      0.13        24    0.8   0.0   475   567   243   337   228   339 0.75 ACNH67_003323
ACNH67_003323-T1     -           1057 32074                -            859   3.5e-06   23.5   0.2   3   4      0.75   1.4e+02   -1.7   0.0   206   251   347   388   337   407 0.84 ACNH67_003323
ACNH67_003323-T1     -           1057 32074                -            859   3.5e-06   23.5   0.2   4   4      0.65   1.2e+02   -1.5   0.1   677   740   397   463   389   470 0.70 ACNH67_003323
ACNH67_001323-T1     -            521 32074                -            859     1e-05   21.9   0.0   1   3     0.024       4.4    3.3   0.0   212   286   130   199   119   204 0.59 ACNH67_001323
ACNH67_001323-T1     -            521 32074                -            859     1e-05   21.9   0.0   2   3      0.53        96   -1.2   0.0   225   255   239   269   213   285 0.72 ACNH67_001323
ACNH67_001323-T1     -            521 32074                -            859     1e-05   21.9   0.0   3   3   1.8e-05    0.0033   13.6   0.0   207   288   401   477   375   498 0.73 ACNH67_001323
ACNH67_001778-T1     -            572 32074                -            859   1.8e-05   21.1   0.0   1   3       1.9   3.4e+02   -3.0   0.2   682   699   190   207   189   209 0.90 ACNH67_001778
ACNH67_001778-T1     -            572 32074                -            859   1.8e-05   21.1   0.0   2   3    0.0093       1.7    4.6   0.0   179   266   228   266   212   287 0.62 ACNH67_001778
ACNH67_001778-T1     -            572 32074                -            859   1.8e-05   21.1   0.0   3   3   2.8e-05     0.005   13.0   0.0   477   560   426   512   408   518 0.81 ACNH67_001778
ACNH67_003547-T1     -            160 32074                -            859   2.7e-05   20.5   0.0   1   1   1.7e-07   3.2e-05   20.3   0.0   449   542    16   108     7   139 0.78 ACNH67_003547
ACNH67_003255-T1     -            761 32074                -            859   3.4e-05   20.2   0.1   1   3      0.04       7.3    2.5   0.0   207   293   151   233    68   236 0.79 ACNH67_003255
ACNH67_003255-T1     -            761 32074                -            859   3.4e-05   20.2   0.1   2   3       1.9   3.4e+02   -3.0   0.0   540   567   506   533   442   535 0.47 ACNH67_003255
ACNH67_003255-T1     -            761 32074                -            859   3.4e-05   20.2   0.1   3   3     8e-06    0.0015   14.8   0.1   145   289   614   753   609   759 0.85 ACNH67_003255
ACNH67_001006-T1     -            849 32074                -            859   0.00022   17.5   0.0   1   3    0.0015      0.28    7.2   0.0   174   269    25   120    18   135 0.84 ACNH67_001006
ACNH67_001006-T1     -            849 32074                -            859   0.00022   17.5   0.0   2   3     0.035       6.4    2.7   0.0   176   241   283   346   268   369 0.62 ACNH67_001006
ACNH67_001006-T1     -            849 32074                -            859   0.00022   17.5   0.0   3   3     0.022         4    3.4   0.0   541   568   697   724   691   732 0.89 ACNH67_001006
ACNH67_004183-T1     -            952 32074                -            859   0.00087   15.5   0.0   1   1   7.8e-06    0.0014   14.8   0.0   498   586    90   190    61   220 0.69 ACNH67_004183
ACNH67_002822-T1     -            388 32074                -            859    0.0013   14.9   0.0   1   4    0.0032      0.58    6.2   0.0   255   326    67   139    64   151 0.89 ACNH67_002822
ACNH67_002822-T1     -            388 32074                -            859    0.0013   14.9   0.0   2   4     0.028         5    3.1   0.0   208   280   113   193   108   200 0.73 ACNH67_002822
ACNH67_002822-T1     -            388 32074                -            859    0.0013   14.9   0.0   3   4      0.16        29    0.5   0.0   542   567   222   247   213   248 0.91 ACNH67_002822
ACNH67_002822-T1     -            388 32074                -            859    0.0013   14.9   0.0   4   4     0.037       6.7    2.7   0.0   210   245   349   384   345   388 0.91 ACNH67_002822
ACNH67_004196-T1     -            656 32074                -            859    0.0014   14.9   0.0   1   3      0.32        58   -0.4   0.0   253   288    75   111    56   120 0.82 ACNH67_004196
ACNH67_004196-T1     -            656 32074                -            859    0.0014   14.9   0.0   2   3   6.3e-05     0.011   11.8   0.0   450   532   127   206   101   216 0.78 ACNH67_004196
ACNH67_004196-T1     -            656 32074                -            859    0.0014   14.9   0.0   3   3      0.61   1.1e+02   -1.4   0.0   474   517   243   287   236   302 0.73 ACNH67_004196
ACNH67_001215-T1     -            442 32074                -            859    0.0031   13.7   0.1   1   1     4e-05    0.0074   12.4   0.0   453   578   158   281   150   285 0.82 ACNH67_001215
ACNH67_005169-T1     -            638 32074                -            859    0.0057   12.8   0.0   1   3      0.81   1.5e+02   -1.8   0.0   474   496    69    91    63   108 0.69 ACNH67_005169
ACNH67_005169-T1     -            638 32074                -            859    0.0057   12.8   0.0   2   3   0.00018     0.033   10.3   0.0   229   288   256   314   247   323 0.84 ACNH67_005169
ACNH67_005169-T1     -            638 32074                -            859    0.0057   12.8   0.0   3   3    0.0019      0.35    6.9   0.0   453   493   284   321   277   335 0.81 ACNH67_005169
ACNH67_003819-T1     -            843 32074                -            859    0.0065   12.6   0.0   1   3      0.46        85   -1.0   0.0   213   289    65   138    44   144 0.69 ACNH67_003819
ACNH67_003819-T1     -            843 32074                -            859    0.0065   12.6   0.0   2   3      0.51        93   -1.1   0.0   229   262   121   154   102   160 0.71 ACNH67_003819
ACNH67_003819-T1     -            843 32074                -            859    0.0065   12.6   0.0   3   3   0.00021     0.039   10.1   0.0   229   286   162   218   151   222 0.78 ACNH67_003819
ACNH67_005513-T1     -           1050 32074                -            859    0.0083   12.3   0.0   1   3     0.021       3.8    3.5   0.0   230   293   793   854   787   870 0.89 ACNH67_005513
ACNH67_005513-T1     -           1050 32074                -            859    0.0083   12.3   0.0   2   3    0.0035      0.64    6.0   0.0   478   574   841   938   840   942 0.81 ACNH67_005513
ACNH67_005513-T1     -           1050 32074                -            859    0.0083   12.3   0.0   3   3    0.0084       1.5    4.8   0.0   480   531   927   979   918   998 0.82 ACNH67_005513
ACNH67_001808-T1     -            441 32074                -            859     0.013   11.6   0.0   1   2    0.0005     0.092    8.8   0.0   173   286   242   356   227   363 0.70 ACNH67_001808
ACNH67_001808-T1     -            441 32074                -            859     0.013   11.6   0.0   2   2     0.011         2    4.4   0.1   207   290   323   416   308   422 0.67 ACNH67_001808
ACNH67_002121-T1     -           1538 32074                -            859     0.016   11.4   0.0   1   2    0.0024      0.43    6.6   0.0   215   270   450   504   431   511 0.89 ACNH67_002121
ACNH67_002121-T1     -           1538 32074                -            859     0.016   11.4   0.0   2   2     0.046       8.4    2.3   0.0   227   270   900   942   888   960 0.77 ACNH67_002121
ACNH67_001309-T1     -            376 32074                -            859     0.023   10.8   0.1   1   2    0.0049       0.9    5.5   0.0   187   248    51   110    28   137 0.76 ACNH67_001309
ACNH67_001309-T1     -            376 32074                -            859     0.023   10.8   0.1   2   2     0.014       2.6    4.0   0.0   112   243   117   235   110   240 0.69 ACNH67_001309
ACNH67_001763-T1     -            450 32074                -            859     0.033   10.3   0.1   1   3     0.014       2.5    4.1   0.0   185   246   170   227    91   237 0.79 ACNH67_001763
ACNH67_001763-T1     -            450 32074                -            859     0.033   10.3   0.1   2   3       1.4   2.6e+02   -2.6   0.0   211   245   270   304   263   311 0.79 ACNH67_001763
ACNH67_001763-T1     -            450 32074                -            859     0.033   10.3   0.1   3   3     0.026       4.7    3.2   0.1   456   494   317   355   303   403 0.59 ACNH67_001763
ACNH67_004557-T1     -            555 32074                -            859     0.057    9.5   0.0   1   1   0.00095      0.17    7.9   0.0   214   280   307   368   286   373 0.90 ACNH67_004557
ACNH67_002641-T1     -            638 32074                -            859     0.073    9.2   0.0   1   2      0.11        20    1.1   0.0   230   277   441   487   426   500 0.79 ACNH67_002641
ACNH67_002641-T1     -            638 32074                -            859     0.073    9.2   0.0   2   2    0.0037      0.67    6.0   0.0   229   306   482   555   455   588 0.59 ACNH67_002641
ACNH67_005180-T1     -            581 32074                -            859     0.089    8.9   0.0   1   1   0.00077      0.14    8.2   0.0   509   576   192   261   169   262 0.81 ACNH67_005180
#
# Program:         hmmsearch
# Version:         3.1b2 (February 2015)
# Pipeline mode:   SEARCH
# Query file:      /home/edouard/GregarineStuff/Lgryllorum_Genome_analysis/Funannotate/Run_v3/species_train/annotate_results/busco_downloads/lineages/apicomplexa_odb12/hmms/32074at5794.hmm
# Target file:     /home/edouard/GregarineStuff/Lgryllorum_Genome_analysis/Funannotate/Run_v3/species_train/annotate_results/Leidyana_gryllorum.proteins.fa
# Option settings: hmmsearch --domtblout /home/edouard/GregarineStuff/Lgryllorum_Genome_analysis/Funannotate/Run_v3/species_train/annotate_results/busco/run_apicomplexa_odb12/hmmer_output/initial_run_results/32074at5794.out --cpu 1 /home/edouard/GregarineStuff/Lgryllorum_Genome_analysis/Funannotate/Run_v3/species_train/annotate_results/busco_downloads/lineages/apicomplexa_odb12/hmms/32074at5794.hmm /home/edouard/GregarineStuff/Lgryllorum_Genome_analysis/Funannotate/Run_v3/species_train/annotate_results/Leidyana_gryllorum.proteins.fa 
# Current dir:     /home/edouard/GregarineStuff/Lgryllorum_Genome_analysis/Funannotate/Run_v3/species_train/annotate_results
# Date:            Tue Apr  1 17:37:18 2025
# [ok]
