#                                                                            --- full sequence --- -------------- this domain -------------   hmm coord   ali coord   env coord
# target name        accession   tlen query name           accession   qlen   E-value  score  bias   #  of  c-Evalue  i-Evalue  score  bias  from    to  from    to  from    to  acc description of target
#------------------- ---------- ----- -------------------- ---------- ----- --------- ------ ----- --- --- --------- --------- ------ ----- ----- ----- ----- ----- ----- ----- ---- ---------------------
ACNH67_005515-T1     -            447 32139                -            397    3e-106  353.6   0.0   1   1  2.4e-108  3.5e-106  353.4   0.0     6   352     4   365     1   421 0.84 ACNH67_005515
ACNH67_003972-T1     -            469 32139                -            397  1.2e-103  345.1   0.0   1   1  9.7e-106  1.4e-103  344.8   0.0     1   368    60   426    60   450 0.94 ACNH67_003972
ACNH67_000088-T1     -            466 32139                -            397   8.8e-93  309.3   0.2   1   1   7.4e-95   1.1e-92  309.0   0.2     2   369    94   457    93   464 0.95 ACNH67_000088
ACNH67_002442-T1     -            669 32139                -            397     2e-91  304.8   0.0   1   1   2.4e-93   3.4e-91  304.0   0.0    12   360   204   565   195   583 0.89 ACNH67_002442
ACNH67_001796-T1     -            394 32139                -            397   2.8e-91  304.3   0.8   1   1   2.3e-93   3.3e-91  304.1   0.8     2   368    25   390    24   393 0.94 ACNH67_001796
ACNH67_003305-T1     -            505 32139                -            397   6.8e-86  286.6   0.2   1   1   6.1e-88   8.8e-86  286.2   0.2     2   386    63   451    62   460 0.89 ACNH67_003305
ACNH67_001998-T1     -            861 32139                -            397   7.7e-86  286.4   0.0   1   2   3.3e-41   4.7e-39  132.4   0.0     3   179   431   612   429   616 0.90 ACNH67_001998
ACNH67_001998-T1     -            861 32139                -            397   7.7e-86  286.4   0.0   2   2   2.9e-47   4.3e-45  152.3   0.0   153   360   615   816   611   836 0.90 ACNH67_001998
ACNH67_004945-T1     -            439 32139                -            397   3.4e-81  271.1   0.8   1   1   2.9e-83   4.3e-81  270.8   0.8     3   368    56   427    54   435 0.92 ACNH67_004945
ACNH67_000205-T1     -            668 32139                -            397   1.3e-79  265.9   0.1   1   1   1.3e-81   1.9e-79  265.4   0.1     2   350   212   571   211   588 0.89 ACNH67_000205
ACNH67_004323-T1     -            965 32139                -            397     1e-77  259.7   0.4   1   1   1.1e-79   1.6e-77  259.0   0.4    10   369    43   405    36   427 0.87 ACNH67_004323
ACNH67_001782-T1     -            672 32139                -            397   1.2e-76  256.1   0.0   1   1   1.1e-78   1.6e-76  255.7   0.0    30   363     2   343     1   363 0.90 ACNH67_001782
ACNH67_003103-T1     -            777 32139                -            397     4e-76  254.4   0.0   1   1   3.8e-78   5.5e-76  254.0   0.0     3   373    20   399    18   410 0.87 ACNH67_003103
ACNH67_002293-T1     -           1575 32139                -            397   7.7e-75  250.2   0.0   1   1   6.9e-77     1e-74  249.8   0.0     3   363   518   886   516   903 0.88 ACNH67_002293
ACNH67_002835-T1     -            524 32139                -            397   5.2e-72  240.9   0.1   1   2   1.9e-17   2.7e-15   54.1   0.0     4    66    49   111    46   114 0.94 ACNH67_002835
ACNH67_002835-T1     -            524 32139                -            397   5.2e-72  240.9   0.1   2   2     4e-57   5.8e-55  184.8   0.0    72   353   137   429   127   468 0.85 ACNH67_002835
ACNH67_004869-T1     -            791 32139                -            397   5.6e-67  224.3   0.1   1   1   5.6e-69   8.1e-67  223.8   0.1     8   357    93   446    84   462 0.86 ACNH67_004869
ACNH67_000687-T1     -            732 32139                -            397     6e-56  188.0   0.1   1   3   5.6e-14   8.2e-12   42.7   0.0     2    65     3    65     2    72 0.95 ACNH67_000687
ACNH67_000687-T1     -            732 32139                -            397     6e-56  188.0   0.1   2   3   7.1e-20     1e-17   62.1   0.0    71   204   277   412   263   439 0.79 ACNH67_000687
ACNH67_000687-T1     -            732 32139                -            397     6e-56  188.0   0.1   3   3   6.7e-25   9.7e-23   78.7   0.0   267   350   533   616   474   636 0.83 ACNH67_000687
ACNH67_005174-T1     -            778 32139                -            397   6.1e-54  181.4   0.2   1   3   4.9e-32   7.1e-30  102.2   0.0     7   198   123   331   119   350 0.81 ACNH67_005174
ACNH67_005174-T1     -            778 32139                -            397   6.1e-54  181.4   0.2   2   3     0.066       9.5    2.9   0.0   233   275   413   456   370   480 0.71 ACNH67_005174
ACNH67_005174-T1     -            778 32139                -            397   6.1e-54  181.4   0.2   3   3   4.7e-23   6.8e-21   72.6   0.0   264   367   561   666   548   682 0.89 ACNH67_005174
ACNH67_001663-T1     -           1000 32139                -            397   3.9e-53  178.7   0.4   1   5   7.4e-10   1.1e-07   29.1   0.0     5    65    93   154    89   164 0.89 ACNH67_001663
ACNH67_001663-T1     -           1000 32139                -            397   3.9e-53  178.7   0.4   2   5   2.5e-19   3.7e-17   60.3   0.0    73   206   184   316   176   331 0.88 ACNH67_001663
ACNH67_001663-T1     -           1000 32139                -            397   3.9e-53  178.7   0.4   3   5    0.0076       1.1    6.0   0.0   180   221   506   547   499   558 0.81 ACNH67_001663
ACNH67_001663-T1     -           1000 32139                -            397   3.9e-53  178.7   0.4   4   5      0.18        26    1.5   0.0   213   260   581   632   556   641 0.76 ACNH67_001663
ACNH67_001663-T1     -           1000 32139                -            397   3.9e-53  178.7   0.4   5   5   1.1e-23   1.6e-21   74.7   0.0   267   359   708   801   700   819 0.91 ACNH67_001663
ACNH67_001597-T1     -            490 32139                -            397   2.5e-52  176.1   1.1   1   1   2.2e-53   3.2e-51  172.4   1.1     4   380    79   482    76   489 0.82 ACNH67_001597
ACNH67_003764-T1     -           1625 32139                -            397   8.3e-52  174.4   0.2   1   3   9.7e-09   1.4e-06   25.4   0.0    10    64    14    68     7    73 0.88 ACNH67_003764
ACNH67_003764-T1     -           1625 32139                -            397   8.3e-52  174.4   0.2   2   3   1.1e-21   1.6e-19   68.1   0.2    69   202    95   251    91   270 0.78 ACNH67_003764
ACNH67_003764-T1     -           1625 32139                -            397   8.3e-52  174.4   0.2   3   3   8.7e-24   1.3e-21   75.0   0.0   234   357   599   723   573   741 0.86 ACNH67_003764
ACNH67_004375-T1     -            229 32139                -            397   5.5e-50  168.4   0.1   1   1   4.1e-52     6e-50  168.2   0.1   149   373     1   226     1   229 0.92 ACNH67_004375
ACNH67_000779-T1     -            607 32139                -            397   1.5e-45  153.7   0.2   1   3   3.2e-25   4.6e-23   79.7   0.0    12   199    55   277    47   301 0.74 ACNH67_000779
ACNH67_000779-T1     -            607 32139                -            397   1.5e-45  153.7   0.2   2   3   4.2e-09     6e-07   26.6   0.0   207   301   313   411   298   414 0.86 ACNH67_000779
ACNH67_000779-T1     -            607 32139                -            397   1.5e-45  153.7   0.2   3   3   4.9e-14   7.1e-12   42.9   0.0   300   359   446   509   435   543 0.85 ACNH67_000779
ACNH67_003408-T1     -            846 32139                -            397     3e-44  149.5   0.0   1   4     2e-11   2.9e-09   34.3   0.0    20    70    32    82    19    84 0.89 ACNH67_003408
ACNH67_003408-T1     -            846 32139                -            397     3e-44  149.5   0.0   2   4   2.4e-16   3.5e-14   50.5   0.1    70   200   101   260    95   276 0.74 ACNH67_003408
ACNH67_003408-T1     -            846 32139                -            397     3e-44  149.5   0.0   3   4       6.8   9.8e+02   -3.7   0.0   217   258   316   358   308   373 0.64 ACNH67_003408
ACNH67_003408-T1     -            846 32139                -            397     3e-44  149.5   0.0   4   4   6.5e-19   9.5e-17   58.9   0.0   269   358   407   501   403   510 0.87 ACNH67_003408
ACNH67_000490-T1     -            401 32139                -            397   6.1e-39  132.0   0.0   1   1   4.9e-41   7.1e-39  131.8   0.0     2   204   125   324   124   377 0.81 ACNH67_000490
ACNH67_004331-T1     -            690 32139                -            397   8.4e-35  118.4   0.9   1   2     1e-10   1.5e-08   31.9   0.0    69   168     5   124     4   139 0.73 ACNH67_004331
ACNH67_004331-T1     -            690 32139                -            397   8.4e-35  118.4   0.9   2   2   6.2e-26   8.9e-24   82.1   0.4   213   354   221   370   184   401 0.81 ACNH67_004331
ACNH67_004374-T1     -            167 32139                -            397   4.3e-28   96.3   0.5   1   1   3.5e-30   5.1e-28   96.0   0.5     2   135    27   160    26   166 0.96 ACNH67_004374
ACNH67_000489-T1     -            616 32139                -            397   9.4e-28   95.2   0.0   1   1   8.9e-30   1.3e-27   94.7   0.0   271   363     4    96     1   109 0.90 ACNH67_000489
ACNH67_004637-T1     -           2175 32139                -            397   6.2e-19   66.1   0.0   1   4   1.1e-09   1.6e-07   28.6   0.0    25   190   350   528   331   548 0.79 ACNH67_004637
ACNH67_004637-T1     -           2175 32139                -            397   6.2e-19   66.1   0.0   2   4     0.015       2.2    5.1   0.0   269   315   657   703   638   710 0.80 ACNH67_004637
ACNH67_004637-T1     -           2175 32139                -            397   6.2e-19   66.1   0.0   3   4   5.9e-08   8.6e-06   22.8   0.0    37   170  1268  1395  1250  1408 0.81 ACNH67_004637
ACNH67_004637-T1     -           2175 32139                -            397   6.2e-19   66.1   0.0   4   4      0.04       5.8    3.7   0.0   267   313  1547  1593  1535  1649 0.73 ACNH67_004637
ACNH67_002390-T1     -           2239 32139                -            397   4.4e-15   53.4   0.7   1   3   5.9e-07   8.6e-05   19.6   0.2     9   173   494   669   490   693 0.69 ACNH67_002390
ACNH67_002390-T1     -           2239 32139                -            397   4.4e-15   53.4   0.7   2   3     0.033       4.8    3.9   0.0   264   315   812   863   761   869 0.83 ACNH67_002390
ACNH67_002390-T1     -           2239 32139                -            397   4.4e-15   53.4   0.7   3   3   5.7e-09   8.3e-07   26.2   0.0    35   159  1382  1502  1358  1535 0.81 ACNH67_002390
ACNH67_003944-T1     -           1814 32139                -            397   1.5e-12   45.1   0.1   1   2     0.046       6.6    3.5   0.0    44   195   663   817   652   832 0.74 ACNH67_003944
ACNH67_003944-T1     -           1814 32139                -            397   1.5e-12   45.1   0.1   2   2   6.6e-13   9.5e-11   39.2   0.0   268   350   936  1020   896  1053 0.84 ACNH67_003944
ACNH67_000681-T1     -           2074 32139                -            397   2.3e-08   31.3   0.0   1   2   7.8e-09   1.1e-06   25.7   0.0    37   177  1061  1202  1045  1227 0.80 ACNH67_000681
ACNH67_000681-T1     -           2074 32139                -            397   2.3e-08   31.3   0.0   2   2     0.057       8.3    3.1   0.0   262   341  1602  1682  1585  1728 0.81 ACNH67_000681
ACNH67_002880-T1     -           1241 32139                -            397   5.2e-07   26.8   0.1   1   2     2e-08     3e-06   24.4   0.0    28   156   267   402   254   421 0.86 ACNH67_002880
ACNH67_002880-T1     -           1241 32139                -            397   5.2e-07   26.8   0.1   2   2      0.67        97   -0.4   0.1   246   319   609   678   583   682 0.75 ACNH67_002880
ACNH67_003550-T1     -           1888 32139                -            397   3.8e-05   20.7   0.0   1   1   4.7e-07   6.9e-05   19.9   0.0   233   341  1054  1166  1023  1206 0.79 ACNH67_003550
ACNH67_003036-T1     -           3230 32139                -            397   0.00017   18.6   0.0   1   3       3.5   5.1e+02   -2.8   0.0    38    52    21    35    18    70 0.80 ACNH67_003036
ACNH67_003036-T1     -           3230 32139                -            397   0.00017   18.6   0.0   2   3       1.9   2.7e+02   -1.8   0.0   238   263  1291  1316  1243  1324 0.68 ACNH67_003036
ACNH67_003036-T1     -           3230 32139                -            397   0.00017   18.6   0.0   3   3   7.8e-06    0.0011   15.9   0.0   276   358  1361  1446  1354  1486 0.74 ACNH67_003036
ACNH67_002680-T1     -           2010 32139                -            397   0.00096   16.1   0.0   1   2       1.2   1.8e+02   -1.3   0.0   242   266   218   242   213   267 0.73 ACNH67_002680
ACNH67_002680-T1     -           2010 32139                -            397   0.00096   16.1   0.0   2   2   2.8e-05     0.004   14.0   0.0   268   359   288   383   270   395 0.80 ACNH67_002680
ACNH67_000695-T1     -           1616 32139                -            397     0.003   14.5   0.1   1   1   4.7e-05    0.0068   13.3   0.1   243   333  1310  1408  1295  1444 0.79 ACNH67_000695
ACNH67_001758-T1     -           1560 32139                -            397     0.018   11.9   0.5   1   3     0.055         8    3.2   0.0    38    64   521   547   518   557 0.88 ACNH67_001758
ACNH67_001758-T1     -           1560 32139                -            397     0.018   11.9   0.5   2   3       4.3   6.3e+02   -3.0   0.0   146   176   683   713   679   743 0.51 ACNH67_001758
ACNH67_001758-T1     -           1560 32139                -            397     0.018   11.9   0.5   3   3    0.0071         1    6.1   0.0   281   343   941  1005   922  1012 0.73 ACNH67_001758
ACNH67_004064-T1     -           1659 32139                -            397     0.018   11.9   0.0   1   1    0.0002     0.029   11.2   0.0   242   333  1507  1606  1492  1632 0.81 ACNH67_004064
ACNH67_004061-T1     -           1059 32139                -            397     0.062   10.2   0.1   1   1   0.00071       0.1    9.4   0.1    27    61   119   153    99   164 0.78 ACNH67_004061
#
# Program:         hmmsearch
# Version:         3.1b2 (February 2015)
# Pipeline mode:   SEARCH
# Query file:      /home/edouard/GregarineStuff/Lgryllorum_Genome_analysis/Funannotate/Run_v3/species_train/annotate_results/busco_downloads/lineages/apicomplexa_odb12/hmms/32139at5794.hmm
# Target file:     /home/edouard/GregarineStuff/Lgryllorum_Genome_analysis/Funannotate/Run_v3/species_train/annotate_results/Leidyana_gryllorum.proteins.fa
# Option settings: hmmsearch --domtblout /home/edouard/GregarineStuff/Lgryllorum_Genome_analysis/Funannotate/Run_v3/species_train/annotate_results/busco/run_apicomplexa_odb12/hmmer_output/initial_run_results/32139at5794.out --cpu 1 /home/edouard/GregarineStuff/Lgryllorum_Genome_analysis/Funannotate/Run_v3/species_train/annotate_results/busco_downloads/lineages/apicomplexa_odb12/hmms/32139at5794.hmm /home/edouard/GregarineStuff/Lgryllorum_Genome_analysis/Funannotate/Run_v3/species_train/annotate_results/Leidyana_gryllorum.proteins.fa 
# Current dir:     /home/edouard/GregarineStuff/Lgryllorum_Genome_analysis/Funannotate/Run_v3/species_train/annotate_results
# Date:            Tue Apr  1 17:37:20 2025
# [ok]
