#                                                                            --- full sequence --- -------------- this domain -------------   hmm coord   ali coord   env coord
# target name        accession   tlen query name           accession   qlen   E-value  score  bias   #  of  c-Evalue  i-Evalue  score  bias  from    to  from    to  from    to  acc description of target
#------------------- ---------- ----- -------------------- ---------- ----- --------- ------ ----- --- --- --------- --------- ------ ----- ----- ----- ----- ----- ----- ----- ---- ---------------------
ACNH67_001683-T1     -            979 32187                -            832  7.8e-291  965.3  19.2   1   3   2.1e-05      0.02   11.3  12.4     4    59    46   108    43   113 0.78 ACNH67_001683
ACNH67_001683-T1     -            979 32187                -            832  7.8e-291  965.3  19.2   2   3    0.0042       3.9    3.7   0.1    33   125   134   221   127   231 0.69 ACNH67_001683
ACNH67_001683-T1     -            979 32187                -            832  7.8e-291  965.3  19.2   3   3  4.8e-290  4.6e-287  952.9   0.0   129   829   251   974   248   977 0.93 ACNH67_001683
ACNH67_004855-T1     -            839 32187                -            832  7.8e-121  403.0   0.7   1   2   1.2e-26   1.1e-23   81.6   0.0   150   368   136   369   111   384 0.81 ACNH67_004855
ACNH67_004855-T1     -            839 32187                -            832  7.8e-121  403.0   0.7   2   2   2.3e-97   2.2e-94  315.5   0.2   382   712   414   732   410   739 0.94 ACNH67_004855
ACNH67_002666-T1     -            989 32187                -            832  3.2e-116  387.7   5.3   1   2   9.2e-21   8.6e-18   62.1   0.0   214   338   192   317   182   330 0.91 ACNH67_002666
ACNH67_002666-T1     -            989 32187                -            832  3.2e-116  387.7   5.3   2   2  2.5e-100   2.4e-97  325.3   2.6   375   715   435   767   429   773 0.92 ACNH67_002666
ACNH67_001780-T1     -            885 32187                -            832  1.5e-115  385.5   0.1   1   2  2.7e-105  2.5e-102  341.8   0.0   215   600   151   542    45   558 0.91 ACNH67_001780
ACNH67_001780-T1     -            885 32187                -            832  1.5e-115  385.5   0.1   2   2   1.4e-14   1.4e-11   41.6   0.1   615   712   600   703   581   710 0.82 ACNH67_001780
ACNH67_000684-T1     -            806 32187                -            832  6.3e-112  373.5   0.0   1   1  1.2e-114  1.2e-111  372.6   0.0   212   713   184   684   171   691 0.89 ACNH67_000684
ACNH67_003254-T1     -           1157 32187                -            832  9.6e-109  363.0   7.9   1   2   5.8e-14   5.5e-11   39.6   0.2   210   340   224   372   204   376 0.83 ACNH67_003254
ACNH67_003254-T1     -           1157 32187                -            832  9.6e-109  363.0   7.9   2   2   1.8e-98   1.7e-95  319.1   2.9   378   723   436   754   428   767 0.92 ACNH67_003254
#
# Program:         hmmsearch
# Version:         3.1b2 (February 2015)
# Pipeline mode:   SEARCH
# Query file:      /home/edouard/GregarineStuff/Lgryllorum_Genome_analysis/Funannotate/Run_v3/species_train/annotate_results/busco_downloads/lineages/apicomplexa_odb12/hmms/32187at5794.hmm
# Target file:     /home/edouard/GregarineStuff/Lgryllorum_Genome_analysis/Funannotate/Run_v3/species_train/annotate_results/Leidyana_gryllorum.proteins.fa
# Option settings: hmmsearch --domtblout /home/edouard/GregarineStuff/Lgryllorum_Genome_analysis/Funannotate/Run_v3/species_train/annotate_results/busco/run_apicomplexa_odb12/hmmer_output/initial_run_results/32187at5794.out --cpu 1 /home/edouard/GregarineStuff/Lgryllorum_Genome_analysis/Funannotate/Run_v3/species_train/annotate_results/busco_downloads/lineages/apicomplexa_odb12/hmms/32187at5794.hmm /home/edouard/GregarineStuff/Lgryllorum_Genome_analysis/Funannotate/Run_v3/species_train/annotate_results/Leidyana_gryllorum.proteins.fa 
# Current dir:     /home/edouard/GregarineStuff/Lgryllorum_Genome_analysis/Funannotate/Run_v3/species_train/annotate_results
# Date:            Tue Apr  1 17:37:21 2025
# [ok]
