#                                                                            --- full sequence --- -------------- this domain -------------   hmm coord   ali coord   env coord
# target name        accession   tlen query name           accession   qlen   E-value  score  bias   #  of  c-Evalue  i-Evalue  score  bias  from    to  from    to  from    to  acc description of target
#------------------- ---------- ----- -------------------- ---------- ----- --------- ------ ----- --- --- --------- --------- ------ ----- ----- ----- ----- ----- ----- ----- ---- ---------------------
ACNH67_001002-T1     -            453 32326                -            380   7.9e-97  322.9   0.4   1   2   1.6e-05    0.0052   14.1   0.0     4    68     9    73     6    85 0.93 ACNH67_001002
ACNH67_001002-T1     -            453 32326                -            380   7.9e-97  322.9   0.4   2   2     8e-94   2.5e-91  304.8   0.3    79   314   179   433   166   438 0.91 ACNH67_001002
ACNH67_001883-T1     -            573 32326                -            380   2.7e-93  311.3   0.0   1   2   1.8e-43   5.8e-41  139.0   0.0   127   305    21   199    16   209 0.96 ACNH67_001883
ACNH67_001883-T1     -            573 32326                -            380   2.7e-93  311.3   0.0   2   2   4.5e-51   1.4e-48  164.1   0.0    84   376   234   528   202   530 0.82 ACNH67_001883
ACNH67_002875-T1     -            780 32326                -            380   4.8e-47  159.1   0.1   1   2   0.00015     0.048   10.9   0.0   157   299   228   385   194   444 0.69 ACNH67_002875
ACNH67_002875-T1     -            780 32326                -            380   4.8e-47  159.1   0.1   2   2   8.6e-45   2.7e-42  143.4   0.1   128   306   547   728   545   778 0.93 ACNH67_002875
ACNH67_001812-T1     -            393 32326                -            380   9.8e-47  158.0   1.5   1   3      0.23        73    0.5   1.0    60   107     8    56     3    68 0.48 ACNH67_001812
ACNH67_001812-T1     -            393 32326                -            380   9.8e-47  158.0   1.5   2   3   7.2e-05     0.023   12.0   0.0    86   127   123   164   109   172 0.88 ACNH67_001812
ACNH67_001812-T1     -            393 32326                -            380   9.8e-47  158.0   1.5   3   3     2e-44   6.3e-42  142.2   0.0   127   311   182   373   176   384 0.89 ACNH67_001812
ACNH67_002025-T1     -            396 32326                -            380     1e-44  151.4   1.4   1   2       5.2   1.6e+03   -4.0   0.3    73   109    21    57    12    61 0.59 ACNH67_002025
ACNH67_002025-T1     -            396 32326                -            380     1e-44  151.4   1.4   2   2   2.8e-46   8.8e-44  148.3   0.0    86   314   128   377   121   393 0.88 ACNH67_002025
ACNH67_004448-T1     -            424 32326                -            380   5.2e-43  145.8   0.3   1   2      0.54   1.7e+02   -0.7   0.0   246   268    21    43    15    61 0.76 ACNH67_004448
ACNH67_004448-T1     -            424 32326                -            380   5.2e-43  145.8   0.3   2   2     3e-44   9.4e-42  141.6   0.0    88   304   158   396   149   405 0.88 ACNH67_004448
ACNH67_000479-T1     -            398 32326                -            380   4.7e-41  139.3   0.1   1   1   2.7e-42   8.6e-40  135.2   0.1    92   331   132   392   119   397 0.84 ACNH67_000479
ACNH67_004969-T1     -            448 32326                -            380   9.3e-41  138.4   0.0   1   1     5e-42   1.6e-39  134.3   0.0    95   306   188   420   172   438 0.85 ACNH67_004969
ACNH67_004898-T1     -            637 32326                -            380   5.3e-35  119.4   3.1   1   2   1.5e-20   4.8e-18   63.6   0.1   161   303   358   510   314   528 0.81 ACNH67_004898
ACNH67_004898-T1     -            637 32326                -            380   5.3e-35  119.4   3.1   2   2     2e-17   6.3e-15   53.3   0.3    91   168   541   636   532   637 0.83 ACNH67_004898
ACNH67_005214-T1     -            349 32326                -            380   1.8e-34  117.7   0.0   1   1   7.1e-36   2.2e-33  114.1   0.0    80   266   138   346   125   348 0.85 ACNH67_005214
ACNH67_004164-T1     -            793 32326                -            380   1.7e-32  111.2   0.0   1   1   1.5e-34   4.7e-32  109.7   0.0    91   307   313   556   286   566 0.83 ACNH67_004164
ACNH67_003933-T1     -            772 32326                -            380     9e-26   89.0   0.0   1   2   2.2e-24   6.9e-22   76.2   0.0   127   303   287   478   286   520 0.84 ACNH67_003933
ACNH67_003933-T1     -            772 32326                -            380     9e-26   89.0   0.0   2   2   0.00027     0.084   10.1   0.0   127   278   565   718   561   750 0.78 ACNH67_003933
ACNH67_004899-T1     -            163 32326                -            380   5.4e-16   56.9   0.0   1   1   6.9e-18   2.2e-15   54.9   0.0   214   304     5   110     1   121 0.79 ACNH67_004899
ACNH67_000848-T1     -            553 32326                -            380   6.8e-13   46.6   0.0   1   2         9   2.8e+03   -4.8   4.6    19    77    96   154    73   176 0.62 ACNH67_000848
ACNH67_000848-T1     -            553 32326                -            380   6.8e-13   46.6   0.0   2   2   2.2e-15   6.8e-13   46.6   0.0   127   264   331   468   315   472 0.90 ACNH67_000848
ACNH67_003508-T1     -            351 32326                -            380   2.7e-10   38.1   0.0   1   1   1.2e-12   3.7e-10   37.6   0.0   143   265   201   331   178   343 0.85 ACNH67_003508
ACNH67_003570-T1     -           1069 32326                -            380   5.3e-05   20.7   0.0   1   1   2.6e-07   8.1e-05   20.1   0.0   145   238   955  1057   947  1067 0.75 ACNH67_003570
ACNH67_001704-T1     -            126 32326                -            380   9.4e-05   19.9   0.0   1   1   3.6e-07   0.00011   19.6   0.0    77   128    57   108    39   113 0.87 ACNH67_001704
ACNH67_001884-T1     -            262 32326                -            380    0.0076   13.6   0.0   1   1   3.5e-05     0.011   13.0   0.0    93   127   195   229   185   233 0.90 ACNH67_001884
#
# Program:         hmmsearch
# Version:         3.1b2 (February 2015)
# Pipeline mode:   SEARCH
# Query file:      /home/edouard/GregarineStuff/Lgryllorum_Genome_analysis/Funannotate/Run_v3/species_train/annotate_results/busco_downloads/lineages/apicomplexa_odb12/hmms/32326at5794.hmm
# Target file:     /home/edouard/GregarineStuff/Lgryllorum_Genome_analysis/Funannotate/Run_v3/species_train/annotate_results/Leidyana_gryllorum.proteins.fa
# Option settings: hmmsearch --domtblout /home/edouard/GregarineStuff/Lgryllorum_Genome_analysis/Funannotate/Run_v3/species_train/annotate_results/busco/run_apicomplexa_odb12/hmmer_output/initial_run_results/32326at5794.out --cpu 1 /home/edouard/GregarineStuff/Lgryllorum_Genome_analysis/Funannotate/Run_v3/species_train/annotate_results/busco_downloads/lineages/apicomplexa_odb12/hmms/32326at5794.hmm /home/edouard/GregarineStuff/Lgryllorum_Genome_analysis/Funannotate/Run_v3/species_train/annotate_results/Leidyana_gryllorum.proteins.fa 
# Current dir:     /home/edouard/GregarineStuff/Lgryllorum_Genome_analysis/Funannotate/Run_v3/species_train/annotate_results
# Date:            Tue Apr  1 17:37:24 2025
# [ok]
