#                                                                            --- full sequence --- -------------- this domain -------------   hmm coord   ali coord   env coord
# target name        accession   tlen query name           accession   qlen   E-value  score  bias   #  of  c-Evalue  i-Evalue  score  bias  from    to  from    to  from    to  acc description of target
#------------------- ---------- ----- -------------------- ---------- ----- --------- ------ ----- --- --- --------- --------- ------ ----- ----- ----- ----- ----- ----- ----- ---- ---------------------
ACNH67_002442-T1     -            669 32347                -            442  3.8e-215  712.8   0.0   1   1    3e-217    5e-215  712.4   0.0     8   440   138   588   132   590 0.94 ACNH67_002442
ACNH67_000205-T1     -            668 32347                -            442  2.7e-114  380.4   0.0   1   1  2.1e-116  3.6e-114  380.0   0.0    52   437   210   602   196   607 0.93 ACNH67_000205
ACNH67_001998-T1     -            861 32347                -            442  1.1e-111  371.8   0.1   1   1  5.1e-112  8.5e-110  365.6   0.1    52   431   428   830   414   839 0.89 ACNH67_001998
ACNH67_001782-T1     -            672 32347                -            442  3.1e-100  334.1   0.0   1   1  2.3e-102  3.9e-100  333.8   0.0    82   438     3   361     1   365 0.95 ACNH67_001782
ACNH67_002293-T1     -           1575 32347                -            442   2.2e-93  311.5   0.0   1   1     2e-95   3.3e-93  310.9   0.0    44   431   507   897   492   905 0.92 ACNH67_002293
ACNH67_003972-T1     -            469 32347                -            442     1e-79  266.5   0.0   1   1     8e-82   1.3e-79  266.1   0.0    56   407    64   408    28   424 0.93 ACNH67_003972
ACNH67_001796-T1     -            394 32347                -            442   6.4e-79  263.9   0.9   1   1   4.9e-81   8.2e-79  263.5   0.9    51   412    22   377     5   393 0.92 ACNH67_001796
ACNH67_004323-T1     -            965 32347                -            442   2.3e-75  252.1   0.0   1   1   2.2e-77   3.6e-75  251.5   0.0    39   419    22   398    18   407 0.93 ACNH67_004323
ACNH67_004945-T1     -            439 32347                -            442     1e-72  243.4   0.8   1   1     8e-75   1.3e-72  243.0   0.8    58   428    60   430    37   436 0.89 ACNH67_004945
ACNH67_004869-T1     -            791 32347                -            442   1.4e-72  242.9   0.0   1   1   1.2e-74   2.1e-72  242.4   0.0    62   437    96   469    40   474 0.87 ACNH67_004869
ACNH67_003305-T1     -            505 32347                -            442   6.9e-71  237.4   0.1   1   1   5.2e-73   8.6e-71  237.1   0.1    43   414    52   423    13   452 0.90 ACNH67_003305
ACNH67_000088-T1     -            466 32347                -            442   3.5e-70  235.1   0.2   1   1   2.8e-72   4.7e-70  234.6   0.2    58   428    99   459    78   464 0.91 ACNH67_000088
ACNH67_002835-T1     -            524 32347                -            442   1.9e-69  232.6   0.0   1   1   2.4e-71     4e-69  231.6   0.0    58   416    52   436    40   444 0.85 ACNH67_002835
ACNH67_003103-T1     -            777 32347                -            442   2.2e-65  219.2   0.0   1   1     2e-67   3.3e-65  218.7   0.0    50   423    16   393     4   399 0.87 ACNH67_003103
ACNH67_005515-T1     -            447 32347                -            442   3.7e-63  211.9   0.0   1   1   3.2e-65   5.3e-63  211.4   0.0    59   404     6   360     3   373 0.87 ACNH67_005515
ACNH67_000490-T1     -            401 32347                -            442   8.9e-63  210.7   0.0   1   1   6.8e-65   1.1e-62  210.3   0.0    58   266   130   333    91   349 0.89 ACNH67_000490
ACNH67_004375-T1     -            229 32347                -            442   4.3e-53  178.7   1.0   1   1   2.8e-55   4.7e-53  178.6   1.0   205   432     2   228     1   229 0.96 ACNH67_004375
ACNH67_000687-T1     -            732 32347                -            442   5.9e-51  171.7   0.0   1   3   1.8e-08   2.9e-06   24.4   0.0    59   128     9    80     1    87 0.79 ACNH67_000687
ACNH67_000687-T1     -            732 32347                -            442   5.9e-51  171.7   0.0   2   3   2.8e-21   4.7e-19   66.6   0.0   127   246   275   399   264   421 0.85 ACNH67_000687
ACNH67_000687-T1     -            732 32347                -            442   5.9e-51  171.7   0.0   3   3     2e-24   3.4e-22   76.9   0.0   323   410   532   619   522   623 0.94 ACNH67_000687
ACNH67_001663-T1     -           1000 32347                -            442   4.8e-49  165.4   0.0   1   3   1.4e-29   2.3e-27   94.0   0.0    47   229    82   284    69   318 0.78 ACNH67_001663
ACNH67_001663-T1     -           1000 32347                -            442   4.8e-49  165.4   0.0   2   3      0.43        72    0.0   0.0   235   280   507   551   501   564 0.77 ACNH67_001663
ACNH67_001663-T1     -           1000 32347                -            442   4.8e-49  165.4   0.0   3   3   3.3e-21   5.4e-19   66.3   0.0   324   408   708   793   695   829 0.85 ACNH67_001663
ACNH67_000489-T1     -            616 32347                -            442   5.7e-47  158.6   0.0   1   1   4.4e-49   7.4e-47  158.2   0.0   326   439     2   115     1   118 0.97 ACNH67_000489
ACNH67_005174-T1     -            778 32347                -            442   3.3e-46  156.1   0.1   1   2   2.3e-30   3.8e-28   96.5   0.0    57   229   122   305    92   330 0.82 ACNH67_005174
ACNH67_005174-T1     -            778 32347                -            442   3.3e-46  156.1   0.1   2   2   1.9e-18   3.2e-16   57.2   0.0   325   406   565   648   550   680 0.83 ACNH67_005174
ACNH67_001597-T1     -            490 32347                -            442   2.1e-42  143.5   0.5   1   1   8.3e-44   1.4e-41  140.8   0.5    18   434    42   480    31   487 0.77 ACNH67_001597
ACNH67_003764-T1     -           1625 32347                -            442   3.8e-35  119.6   0.5   1   2   3.3e-18   5.5e-16   56.5   0.6    58   253    11   248     3   255 0.75 ACNH67_003764
ACNH67_003764-T1     -           1625 32347                -            442   3.8e-35  119.6   0.5   2   2   9.4e-19   1.6e-16   58.2   0.0   302   407   610   715   599   726 0.92 ACNH67_003764
ACNH67_003408-T1     -            846 32347                -            442   1.7e-31  107.5   0.0   1   3   3.5e-20   5.9e-18   62.9   0.0    63   262    24   268     9   279 0.72 ACNH67_003408
ACNH67_003408-T1     -            846 32347                -            442   1.7e-31  107.5   0.0   2   3       1.9   3.2e+02   -2.1   0.0   277   311   320   354   312   367 0.80 ACNH67_003408
ACNH67_003408-T1     -            846 32347                -            442   1.7e-31  107.5   0.0   3   3   7.8e-13   1.3e-10   38.7   0.0   326   405   407   491   398   503 0.83 ACNH67_003408
ACNH67_004331-T1     -            690 32347                -            442   5.7e-25   86.1   0.1   1   2    0.0012       0.2    8.4   0.0   130   215     8   116     3   137 0.63 ACNH67_004331
ACNH67_004331-T1     -            690 32347                -            442   5.7e-25   86.1   0.1   2   2   2.9e-23   4.9e-21   73.1   0.2   282   395   235   354   217   373 0.79 ACNH67_004331
ACNH67_000779-T1     -            607 32347                -            442   9.3e-21   72.2   0.0   1   3   1.8e-13     3e-11   40.8   0.0    58   218    50   226    13   237 0.73 ACNH67_000779
ACNH67_000779-T1     -            607 32347                -            442   9.3e-21   72.2   0.0   2   3     0.043       7.2    3.3   0.0   299   359   352   412   303   419 0.84 ACNH67_000779
ACNH67_000779-T1     -            607 32347                -            442   9.3e-21   72.2   0.0   3   3   2.4e-08     4e-06   23.9   0.0   359   412   448   505   442   519 0.85 ACNH67_000779
ACNH67_004374-T1     -            167 32347                -            442   4.8e-15   53.3   0.1   1   1   3.8e-17   6.4e-15   52.9   0.1    49   196    22   163    12   166 0.83 ACNH67_004374
ACNH67_003944-T1     -           1814 32347                -            442   8.5e-10   36.0   0.0   1   2       3.6     6e+02   -3.0   0.0   341   414   796   864   788   869 0.76 ACNH67_003944
ACNH67_003944-T1     -           1814 32347                -            442   8.5e-10   36.0   0.0   2   2   1.4e-11   2.3e-09   34.6   0.0   286   408   891  1019   865  1029 0.82 ACNH67_003944
ACNH67_000695-T1     -           1616 32347                -            442    0.0002   18.4   0.0   1   1   2.1e-06   0.00035   17.5   0.0   293   390  1302  1408  1279  1431 0.79 ACNH67_000695
ACNH67_004064-T1     -           1659 32347                -            442    0.0018   15.2   0.0   1   1   1.8e-05    0.0031   14.4   0.0   263   396  1465  1606  1459  1635 0.77 ACNH67_004064
ACNH67_003550-T1     -           1888 32347                -            442    0.0026   14.7   0.0   1   1   2.5e-05    0.0042   14.0   0.0   289   390  1051  1163  1035  1184 0.77 ACNH67_003550
ACNH67_000873-T1     -            891 32347                -            442    0.0083   13.0   0.0   1   1   7.4e-05     0.012   12.5   0.0   293   393   683   790   631   826 0.74 ACNH67_000873
ACNH67_004069-T1     -           1089 32347                -            442     0.044   10.6   1.7   1   1   0.00039     0.065   10.1   1.7   285   339   664   724   650   739 0.73 ACNH67_004069
ACNH67_004776-T1     -           1470 32347                -            442     0.066   10.0   0.0   1   1   0.00065      0.11    9.3   0.0   292   382   392   486   366   507 0.74 ACNH67_004776
#
# Program:         hmmsearch
# Version:         3.1b2 (February 2015)
# Pipeline mode:   SEARCH
# Query file:      /home/edouard/GregarineStuff/Lgryllorum_Genome_analysis/Funannotate/Run_v3/species_train/annotate_results/busco_downloads/lineages/apicomplexa_odb12/hmms/32347at5794.hmm
# Target file:     /home/edouard/GregarineStuff/Lgryllorum_Genome_analysis/Funannotate/Run_v3/species_train/annotate_results/Leidyana_gryllorum.proteins.fa
# Option settings: hmmsearch --domtblout /home/edouard/GregarineStuff/Lgryllorum_Genome_analysis/Funannotate/Run_v3/species_train/annotate_results/busco/run_apicomplexa_odb12/hmmer_output/initial_run_results/32347at5794.out --cpu 1 /home/edouard/GregarineStuff/Lgryllorum_Genome_analysis/Funannotate/Run_v3/species_train/annotate_results/busco_downloads/lineages/apicomplexa_odb12/hmms/32347at5794.hmm /home/edouard/GregarineStuff/Lgryllorum_Genome_analysis/Funannotate/Run_v3/species_train/annotate_results/Leidyana_gryllorum.proteins.fa 
# Current dir:     /home/edouard/GregarineStuff/Lgryllorum_Genome_analysis/Funannotate/Run_v3/species_train/annotate_results
# Date:            Tue Apr  1 17:37:25 2025
# [ok]
