#                                                                            --- full sequence --- -------------- this domain -------------   hmm coord   ali coord   env coord
# target name        accession   tlen query name           accession   qlen   E-value  score  bias   #  of  c-Evalue  i-Evalue  score  bias  from    to  from    to  from    to  acc description of target
#------------------- ---------- ----- -------------------- ---------- ----- --------- ------ ----- --- --- --------- --------- ------ ----- ----- ----- ----- ----- ----- ----- ---- ---------------------
ACNH67_004391-T1     -            251 32429                -            377   6.8e-59  198.0   5.5   1   1   8.4e-62     8e-59  197.8   5.5     1   188     1   193     1   225 0.86 ACNH67_004391
ACNH67_003278-T1     -            347 32429                -            377   1.4e-07   29.1   0.0   1   1   6.6e-10   6.2e-07   27.0   0.0     9   236     9   239     6   254 0.78 ACNH67_003278
ACNH67_001367-T1     -            167 32429                -            377   0.00032   18.1   0.2   1   1   4.1e-07   0.00038   17.8   0.2    47   120    49   122    37   140 0.93 ACNH67_001367
ACNH67_004793-T1     -            433 32429                -            377    0.0073   13.6   0.5   1   2   1.7e-05     0.016   12.5   0.3    32   122    33   123     8   140 0.78 ACNH67_004793
ACNH67_004793-T1     -            433 32429                -            377    0.0073   13.6   0.5   2   2      0.45   4.2e+02   -2.1   0.0   197   234   161   198   128   202 0.72 ACNH67_004793
ACNH67_005078-T1     -           1281 32429                -            377       3.8    4.6   8.7   1   1    0.0073       6.9    3.8   8.7   138   194   590   646   583   676 0.80 ACNH67_005078
ACNH67_004026-T1     -            477 32429                -            377       7.4    3.7  11.4   1   1     0.011        11    3.1  11.4   138   186   144   191   139   210 0.78 ACNH67_004026
#
# Program:         hmmsearch
# Version:         3.1b2 (February 2015)
# Pipeline mode:   SEARCH
# Query file:      /home/edouard/GregarineStuff/Lgryllorum_Genome_analysis/Funannotate/Run_v3/species_train/annotate_results/busco_downloads/lineages/apicomplexa_odb12/hmms/32429at5794.hmm
# Target file:     /home/edouard/GregarineStuff/Lgryllorum_Genome_analysis/Funannotate/Run_v3/species_train/annotate_results/Leidyana_gryllorum.proteins.fa
# Option settings: hmmsearch --domtblout /home/edouard/GregarineStuff/Lgryllorum_Genome_analysis/Funannotate/Run_v3/species_train/annotate_results/busco/run_apicomplexa_odb12/hmmer_output/initial_run_results/32429at5794.out --cpu 1 /home/edouard/GregarineStuff/Lgryllorum_Genome_analysis/Funannotate/Run_v3/species_train/annotate_results/busco_downloads/lineages/apicomplexa_odb12/hmms/32429at5794.hmm /home/edouard/GregarineStuff/Lgryllorum_Genome_analysis/Funannotate/Run_v3/species_train/annotate_results/Leidyana_gryllorum.proteins.fa 
# Current dir:     /home/edouard/GregarineStuff/Lgryllorum_Genome_analysis/Funannotate/Run_v3/species_train/annotate_results
# Date:            Tue Apr  1 17:37:25 2025
# [ok]
