#                                                                            --- full sequence --- -------------- this domain -------------   hmm coord   ali coord   env coord
# target name        accession   tlen query name           accession   qlen   E-value  score  bias   #  of  c-Evalue  i-Evalue  score  bias  from    to  from    to  from    to  acc description of target
#------------------- ---------- ----- -------------------- ---------- ----- --------- ------ ----- --- --- --------- --------- ------ ----- ----- ----- ----- ----- ----- ----- ---- ---------------------
ACNH67_000534-T1     -            439 32495                -            964  6.6e-219  727.7   0.0   1   1  2.3e-221  8.1e-219  727.4   0.0   551   954     1   418     1   426 0.95 ACNH67_000534
ACNH67_000532-T1     -            651 32495                -            964  2.6e-200  666.2   1.0   1   2  1.7e-172  5.9e-170  565.7   0.4     2   367    38   406    37   423 0.96 ACNH67_000532
ACNH67_000532-T1     -            651 32495                -            964  2.6e-200  666.2   1.0   2   2   1.6e-31   5.6e-29   99.1   0.0   379   512   443   597   425   632 0.80 ACNH67_000532
ACNH67_003051-T1     -           1161 32495                -            964  1.6e-172  574.2   8.2   1   3   1.5e-81   5.2e-79  264.7   1.8     9   365    72   417    65   434 0.92 ACNH67_003051
ACNH67_003051-T1     -           1161 32495                -            964  1.6e-172  574.2   8.2   2   3   2.7e-91   9.5e-89  296.9   0.0   405   785   498   915   485   933 0.81 ACNH67_003051
ACNH67_003051-T1     -           1161 32495                -            964  1.6e-172  574.2   8.2   3   3   3.8e-06    0.0013   15.1   0.1   852   953  1044  1144  1033  1154 0.85 ACNH67_003051
ACNH67_003052-T1     -           1344 32495                -            964  2.1e-165  550.6   5.7   1   3   9.6e-80   3.4e-77  258.7   0.6     7   372   211   565   205   573 0.92 ACNH67_003052
ACNH67_003052-T1     -           1344 32495                -            964  2.1e-165  550.6   5.7   2   3   1.2e-86   4.4e-84  281.5   0.1   469   781   733  1074   705  1089 0.84 ACNH67_003052
ACNH67_003052-T1     -           1344 32495                -            964  2.1e-165  550.6   5.7   3   3   4.4e-05     0.015   11.6   0.0   851   951  1210  1309  1200  1321 0.72 ACNH67_003052
ACNH67_004497-T1     -           1187 32495                -            964  4.4e-145  483.4   4.0   1   3   2.2e-69   7.7e-67  224.4   0.4    11   370   111   459   105   481 0.89 ACNH67_004497
ACNH67_004497-T1     -           1187 32495                -            964  4.4e-145  483.4   4.0   2   3   8.6e-79   3.1e-76  255.5   0.2   471   789   615   956   598   984 0.84 ACNH67_004497
ACNH67_004497-T1     -           1187 32495                -            964  4.4e-145  483.4   4.0   3   3     0.018       6.2    2.9   0.0   898   953  1129  1184  1120  1187 0.86 ACNH67_004497
ACNH67_003362-T1     -           1424 32495                -            964  1.4e-137  458.5   1.4   1   2   4.9e-87   1.7e-84  282.8   0.3    22   606   116   773   105   779 0.74 ACNH67_003362
ACNH67_003362-T1     -           1424 32495                -            964  1.4e-137  458.5   1.4   2   2   6.7e-54   2.4e-51  173.1   0.0   617   791   860  1032   842  1209 0.83 ACNH67_003362
ACNH67_003230-T1     -           1460 32495                -            964   6.9e-33  112.0   0.1   1   2   6.9e-26   2.4e-23   80.4   0.0    91   596   529  1014   467  1030 0.80 ACNH67_003230
ACNH67_003230-T1     -           1460 32495                -            964   6.9e-33  112.0   0.1   2   2   2.4e-10   8.4e-08   29.0   0.0   617   708  1079  1172  1057  1202 0.81 ACNH67_003230
ACNH67_004226-T1     -           1375 32495                -            964   1.7e-29  100.8   4.8   1   3   6.2e-06    0.0022   14.4   1.8   165   363   405   610   328   635 0.72 ACNH67_004226
ACNH67_004226-T1     -           1375 32495                -            964   1.7e-29  100.8   4.8   2   3     4e-12   1.4e-09   34.9   0.0   492   597   770   876   735   909 0.87 ACNH67_004226
ACNH67_004226-T1     -           1375 32495                -            964   1.7e-29  100.8   4.8   3   3     7e-16   2.5e-13   47.3   0.0   597   669   927   998   922  1035 0.91 ACNH67_004226
ACNH67_000034-T1     -           1909 32495                -            964   4.2e-28   96.2   0.3   1   4   5.8e-06    0.0021   14.5   0.0    78   189    96   205    54   233 0.67 ACNH67_000034
ACNH67_000034-T1     -           1909 32495                -            964   4.2e-28   96.2   0.3   2   4   2.2e-06   0.00079   15.8   0.0   329   373   469   513   460   520 0.87 ACNH67_000034
ACNH67_000034-T1     -           1909 32495                -            964   4.2e-28   96.2   0.3   3   4   1.9e-17   6.7e-15   52.5   0.0   441   611  1067  1249  1036  1264 0.78 ACNH67_000034
ACNH67_000034-T1     -           1909 32495                -            964   4.2e-28   96.2   0.3   4   4   0.00052      0.19    8.0   0.0   621   680  1508  1572  1469  1580 0.78 ACNH67_000034
ACNH67_001049-T1     -           1223 32495                -            964   5.3e-26   89.2   2.3   1   4     0.033        12    2.1   0.0   136   166   266   296   260   322 0.82 ACNH67_001049
ACNH67_001049-T1     -           1223 32495                -            964   5.3e-26   89.2   2.3   2   4   3.7e-08   1.3e-05   21.7   0.2   171   383   360   561   350   577 0.68 ACNH67_001049
ACNH67_001049-T1     -           1223 32495                -            964   5.3e-26   89.2   2.3   3   4   6.3e-15   2.2e-12   44.1   0.0   441   595   686   849   616   867 0.81 ACNH67_001049
ACNH67_001049-T1     -           1223 32495                -            964   5.3e-26   89.2   2.3   4   4   6.6e-07   0.00023   17.6   0.0   621   682   927   990   900   995 0.81 ACNH67_001049
ACNH67_004785-T1     -           1648 32495                -            964   6.8e-20   69.0   0.0   1   4    0.0008      0.28    7.4   0.1   139   210   241   309   214   326 0.75 ACNH67_004785
ACNH67_004785-T1     -           1648 32495                -            964   6.8e-20   69.0   0.0   2   4   9.9e-05     0.035   10.4   0.1   323   367   530   574   526   593 0.83 ACNH67_004785
ACNH67_004785-T1     -           1648 32495                -            964   6.8e-20   69.0   0.0   3   4   6.1e-11   2.2e-08   30.9   0.0   464   597   745   893   739   920 0.69 ACNH67_004785
ACNH67_004785-T1     -           1648 32495                -            964   6.8e-20   69.0   0.0   4   4   8.4e-06     0.003   13.9   0.0   621   675  1033  1087  1019  1149 0.80 ACNH67_004785
ACNH67_003440-T1     -           1409 32495                -            964     1e-18   65.1   2.8   1   2   1.4e-11     5e-09   33.1   0.1   136   359   719   943   709   999 0.70 ACNH67_003440
ACNH67_003440-T1     -           1409 32495                -            964     1e-18   65.1   2.8   2   2   4.4e-10   1.6e-07   28.1   0.4   545   707  1111  1262  1105  1273 0.81 ACNH67_003440
ACNH67_003475-T1     -           1554 32495                -            964   5.6e-16   56.0  10.9   1   5   4.9e-08   1.7e-05   21.3   0.0   127   197    98   170    91   223 0.74 ACNH67_003475
ACNH67_003475-T1     -           1554 32495                -            964   5.6e-16   56.0  10.9   2   5   0.00015     0.053    9.8   0.0   462   522   697   757   677   776 0.81 ACNH67_003475
ACNH67_003475-T1     -           1554 32495                -            964   5.6e-16   56.0  10.9   3   5   0.00092      0.32    7.2   0.0   538   594   971  1027   949  1052 0.87 ACNH67_003475
ACNH67_003475-T1     -           1554 32495                -            964   5.6e-16   56.0  10.9   4   5      0.27        95   -1.0   0.2   729   769  1244  1284  1221  1293 0.64 ACNH67_003475
ACNH67_003475-T1     -           1554 32495                -            964   5.6e-16   56.0  10.9   5   5   1.6e-06   0.00056   16.4   5.0   830   958  1397  1538  1352  1543 0.67 ACNH67_003475
ACNH67_000055-T1     -           3038 32495                -            964     5e-12   43.0   6.9   1   4   0.00027     0.095    9.0   0.0   130   197   158   226    97   244 0.77 ACNH67_000055
ACNH67_000055-T1     -           3038 32495                -            964     5e-12   43.0   6.9   2   4   7.9e-05     0.028   10.7   0.1   327   368   441   482   429   495 0.79 ACNH67_000055
ACNH67_000055-T1     -           3038 32495                -            964     5e-12   43.0   6.9   3   4   3.2e-08   1.1e-05   22.0   0.0   441   595   914  1103   837  1113 0.55 ACNH67_000055
ACNH67_000055-T1     -           3038 32495                -            964     5e-12   43.0   6.9   4   4     0.096        34    0.5   0.0   619   670  1187  1241  1176  1264 0.86 ACNH67_000055
ACNH67_002335-T1     -           2690 32495                -            964   5.7e-10   36.2   2.6   1   4    0.0097       3.4    3.8   0.0   130   167   128   165   100   191 0.87 ACNH67_002335
ACNH67_002335-T1     -           2690 32495                -            964   5.7e-10   36.2   2.6   2   4     0.097        34    0.5   0.1   345   387   461   501   448   518 0.76 ACNH67_002335
ACNH67_002335-T1     -           2690 32495                -            964   5.7e-10   36.2   2.6   3   4   9.6e-09   3.4e-06   23.7   0.0   456   596   848  1006   798  1014 0.66 ACNH67_002335
ACNH67_002335-T1     -           2690 32495                -            964   5.7e-10   36.2   2.6   4   4     0.009       3.2    3.9   0.1   617   676  1068  1130  1039  1141 0.79 ACNH67_002335
ACNH67_001724-T1     -           1511 32495                -            964     1e-05   22.1   0.1   1   4    0.0018      0.64    6.2   0.0   134   163   194   223   172   241 0.86 ACNH67_001724
ACNH67_001724-T1     -           1511 32495                -            964     1e-05   22.1   0.1   2   4     0.002       0.7    6.1   0.0   325   364   449   488   440   508 0.80 ACNH67_001724
ACNH67_001724-T1     -           1511 32495                -            964     1e-05   22.1   0.1   3   4     0.014         5    3.2   0.0   454   587  1063  1207  1040  1241 0.61 ACNH67_001724
ACNH67_001724-T1     -           1511 32495                -            964     1e-05   22.1   0.1   4   4     0.098        35    0.5   0.0   620   669  1332  1384  1300  1412 0.76 ACNH67_001724
#
# Program:         hmmsearch
# Version:         3.1b2 (February 2015)
# Pipeline mode:   SEARCH
# Query file:      /home/edouard/GregarineStuff/Lgryllorum_Genome_analysis/Funannotate/Run_v3/species_train/annotate_results/busco_downloads/lineages/apicomplexa_odb12/hmms/32495at5794.hmm
# Target file:     /home/edouard/GregarineStuff/Lgryllorum_Genome_analysis/Funannotate/Run_v3/species_train/annotate_results/Leidyana_gryllorum.proteins.fa
# Option settings: hmmsearch --domtblout /home/edouard/GregarineStuff/Lgryllorum_Genome_analysis/Funannotate/Run_v3/species_train/annotate_results/busco/run_apicomplexa_odb12/hmmer_output/initial_run_results/32495at5794.out --cpu 1 /home/edouard/GregarineStuff/Lgryllorum_Genome_analysis/Funannotate/Run_v3/species_train/annotate_results/busco_downloads/lineages/apicomplexa_odb12/hmms/32495at5794.hmm /home/edouard/GregarineStuff/Lgryllorum_Genome_analysis/Funannotate/Run_v3/species_train/annotate_results/Leidyana_gryllorum.proteins.fa 
# Current dir:     /home/edouard/GregarineStuff/Lgryllorum_Genome_analysis/Funannotate/Run_v3/species_train/annotate_results
# Date:            Tue Apr  1 17:37:27 2025
# [ok]
