#                                                                            --- full sequence --- -------------- this domain -------------   hmm coord   ali coord   env coord
# target name        accession   tlen query name           accession   qlen   E-value  score  bias   #  of  c-Evalue  i-Evalue  score  bias  from    to  from    to  from    to  acc description of target
#------------------- ---------- ----- -------------------- ---------- ----- --------- ------ ----- --- --- --------- --------- ------ ----- ----- ----- ----- ----- ----- ----- ---- ---------------------
ACNH67_001229-T1     -           1076 32662                -           1014         0 1506.6   0.0   1   2     7e-10   4.9e-07   26.2   0.0     4   133    45   189    42   217 0.76 ACNH67_001229
ACNH67_001229-T1     -           1076 32662                -           1014         0 1506.6   0.0   2   2         0         0 1478.4   0.0   206  1013   239  1075   225  1076 0.95 ACNH67_001229
ACNH67_000414-T1     -           1080 32662                -           1014  2.9e-273  907.6   0.9   1   2   1.8e-25   1.3e-22   77.8   0.5   211   409   225   437   145   439 0.74 ACNH67_000414
ACNH67_000414-T1     -           1080 32662                -           1014  2.9e-273  907.6   0.9   2   2  4.6e-252  3.2e-249  828.0   0.0   408   982   490  1070   485  1075 0.97 ACNH67_000414
ACNH67_004591-T1     -           1019 32662                -           1014  4.8e-264  877.0   5.2   1   2  4.6e-256  3.2e-253  841.2   3.6   347   942   316   935     2   940 0.93 ACNH67_004591
ACNH67_004591-T1     -           1019 32662                -           1014  4.8e-264  877.0   5.2   2   2   3.9e-11   2.8e-08   30.4   0.0   944   985   960  1001   943  1012 0.83 ACNH67_004591
ACNH67_002419-T1     -            736 32662                -           1014  4.2e-259  860.7   0.0   1   1  7.7e-262  5.5e-259  860.3   0.0   332   995    54   728    17   734 0.92 ACNH67_002419
ACNH67_003700-T1     -            895 32662                -           1014  3.4e-133  443.9   0.0   1   3   1.5e-13   1.1e-10   38.4   0.0   362   404     4    46     2    59 0.93 ACNH67_003700
ACNH67_003700-T1     -            895 32662                -           1014  3.4e-133  443.9   0.0   2   3   7.4e-44   5.2e-41  138.7   0.1   412   548   102   251    94   261 0.85 ACNH67_003700
ACNH67_003700-T1     -            895 32662                -           1014  3.4e-133  443.9   0.0   3   3   2.7e-81   1.9e-78  262.6   0.0   556   918   315   721   309   725 0.86 ACNH67_003700
ACNH67_005404-T1     -            816 32662                -           1014  8.6e-112  373.0   0.0   1   2   2.2e-53   1.6e-50  170.2   0.0   362   618    26   318    18   329 0.83 ACNH67_005404
ACNH67_005404-T1     -            816 32662                -           1014  8.6e-112  373.0   0.0   2   2   2.6e-62   1.9e-59  199.8   0.0   609   974   404   807   393   811 0.81 ACNH67_005404
ACNH67_002323-T1     -           1084 32662                -           1014   1.5e-81  272.9   0.0   1   2   1.1e-49     8e-47  158.0   0.0   352   587   224   490    50   499 0.87 ACNH67_002323
ACNH67_002323-T1     -           1084 32662                -           1014   1.5e-81  272.9   0.0   2   2     6e-36   4.2e-33  112.5   0.0   606   765   603   762   596   818 0.89 ACNH67_002323
ACNH67_000272-T1     -           1101 32662                -           1014   2.5e-06   23.9   9.3   1   4   8.6e-06    0.0061   12.7   0.0   428   531    76   185    51   197 0.80 ACNH67_000272
ACNH67_000272-T1     -           1101 32662                -           1014   2.5e-06   23.9   9.3   2   4         8   5.7e+03   -7.1   7.1   119   221   296   398   247   415 0.43 ACNH67_000272
ACNH67_000272-T1     -           1101 32662                -           1014   2.5e-06   23.9   9.3   3   4   1.2e-05    0.0082   12.3   0.0   725   884   763   940   649   978 0.74 ACNH67_000272
ACNH67_000272-T1     -           1101 32662                -           1014   2.5e-06   23.9   9.3   4   4     0.014       9.7    2.1   0.0   961   984  1076  1099  1068  1101 0.90 ACNH67_000272
#
# Program:         hmmsearch
# Version:         3.1b2 (February 2015)
# Pipeline mode:   SEARCH
# Query file:      /home/edouard/GregarineStuff/Lgryllorum_Genome_analysis/Funannotate/Run_v3/species_train/annotate_results/busco_downloads/lineages/apicomplexa_odb12/hmms/32662at5794.hmm
# Target file:     /home/edouard/GregarineStuff/Lgryllorum_Genome_analysis/Funannotate/Run_v3/species_train/annotate_results/Leidyana_gryllorum.proteins.fa
# Option settings: hmmsearch --domtblout /home/edouard/GregarineStuff/Lgryllorum_Genome_analysis/Funannotate/Run_v3/species_train/annotate_results/busco/run_apicomplexa_odb12/hmmer_output/initial_run_results/32662at5794.out --cpu 1 /home/edouard/GregarineStuff/Lgryllorum_Genome_analysis/Funannotate/Run_v3/species_train/annotate_results/busco_downloads/lineages/apicomplexa_odb12/hmms/32662at5794.hmm /home/edouard/GregarineStuff/Lgryllorum_Genome_analysis/Funannotate/Run_v3/species_train/annotate_results/Leidyana_gryllorum.proteins.fa 
# Current dir:     /home/edouard/GregarineStuff/Lgryllorum_Genome_analysis/Funannotate/Run_v3/species_train/annotate_results
# Date:            Tue Apr  1 17:37:31 2025
# [ok]
