#                                                                            --- full sequence --- -------------- this domain -------------   hmm coord   ali coord   env coord
# target name        accession   tlen query name           accession   qlen   E-value  score  bias   #  of  c-Evalue  i-Evalue  score  bias  from    to  from    to  from    to  acc description of target
#------------------- ---------- ----- -------------------- ---------- ----- --------- ------ ----- --- --- --------- --------- ------ ----- ----- ----- ----- ----- ----- ----- ---- ---------------------
ACNH67_004664-T1     -           1214 3276                 -            608   7.8e-66  221.1   0.1   1   4     2e-13   2.8e-10   37.6   0.0     1   113   139   257   139   267 0.71 ACNH67_004664
ACNH67_004664-T1     -           1214 3276                 -            608   7.8e-66  221.1   0.1   2   4   3.9e-24   5.5e-21   72.9   0.0   117   256   297   453   293   466 0.81 ACNH67_004664
ACNH67_004664-T1     -           1214 3276                 -            608   7.8e-66  221.1   0.1   3   4   5.5e-09   7.8e-06   22.9   0.0   376   470   657   760   638   775 0.78 ACNH67_004664
ACNH67_004664-T1     -           1214 3276                 -            608   7.8e-66  221.1   0.1   4   4   1.4e-25     2e-22   77.7   0.3   489   594   822   947   811   966 0.72 ACNH67_004664
ACNH67_002939-T1     -            938 3276                 -            608   1.4e-45  154.2   6.1   1   5   0.00017      0.23    8.1   0.0     1    20    40    59    40    81 0.78 ACNH67_002939
ACNH67_002939-T1     -            938 3276                 -            608   1.4e-45  154.2   6.1   2   5   5.2e-06    0.0073   13.1   0.0   109   191   104   181   102   189 0.79 ACNH67_002939
ACNH67_002939-T1     -            938 3276                 -            608   1.4e-45  154.2   6.1   3   5   3.1e-05     0.044   10.5   0.0   182   212   231   261   221   265 0.89 ACNH67_002939
ACNH67_002939-T1     -            938 3276                 -            608   1.4e-45  154.2   6.1   4   5   9.6e-08   0.00014   18.8   0.0   221   305   303   387   293   404 0.93 ACNH67_002939
ACNH67_002939-T1     -            938 3276                 -            608   1.4e-45  154.2   6.1   5   5   2.1e-31     3e-28   96.9   0.7   376   593   534   792   520   801 0.78 ACNH67_002939
ACNH67_004061-T1     -           1059 3276                 -            608   1.3e-43  147.7   0.8   1   7   8.8e-09   1.2e-05   22.2   0.1     2    30   135   163   134   193 0.71 ACNH67_004061
ACNH67_004061-T1     -           1059 3276                 -            608   1.3e-43  147.7   0.8   2   7   4.3e-05      0.06   10.1   0.0    83   129   264   309   254   319 0.84 ACNH67_004061
ACNH67_004061-T1     -           1059 3276                 -            608   1.3e-43  147.7   0.8   3   7   3.4e-14   4.8e-11   40.1   0.0   174   257   410   495   336   513 0.83 ACNH67_004061
ACNH67_004061-T1     -           1059 3276                 -            608   1.3e-43  147.7   0.8   4   7   0.00011      0.16    8.7   0.0   376   422   689   731   686   744 0.66 ACNH67_004061
ACNH67_004061-T1     -           1059 3276                 -            608   1.3e-43  147.7   0.8   5   7   8.7e-05      0.12    9.0   0.1   445   476   793   824   769   828 0.79 ACNH67_004061
ACNH67_004061-T1     -           1059 3276                 -            608   1.3e-43  147.7   0.8   6   7   4.2e-10     6e-07   26.6   0.0   489   533   869   913   825   920 0.76 ACNH67_004061
ACNH67_004061-T1     -           1059 3276                 -            608   1.3e-43  147.7   0.8   7   7   1.6e-08   2.3e-05   21.3   0.0   542   606   950  1017   937  1019 0.87 ACNH67_004061
ACNH67_004327-T1     -            107 3276                 -            608     0.075    9.7   4.6   1   1   5.9e-05     0.083    9.6   4.6    49   116    20    86     4    94 0.72 ACNH67_004327
#
# Program:         hmmsearch
# Version:         3.1b2 (February 2015)
# Pipeline mode:   SEARCH
# Query file:      /home/edouard/GregarineStuff/Lgryllorum_Genome_analysis/Funannotate/Run_v3/species_train/annotate_results/busco_downloads/lineages/apicomplexa_odb12/hmms/3276at5794.hmm
# Target file:     /home/edouard/GregarineStuff/Lgryllorum_Genome_analysis/Funannotate/Run_v3/species_train/annotate_results/Leidyana_gryllorum.proteins.fa
# Option settings: hmmsearch --domtblout /home/edouard/GregarineStuff/Lgryllorum_Genome_analysis/Funannotate/Run_v3/species_train/annotate_results/busco/run_apicomplexa_odb12/hmmer_output/initial_run_results/3276at5794.out --cpu 1 /home/edouard/GregarineStuff/Lgryllorum_Genome_analysis/Funannotate/Run_v3/species_train/annotate_results/busco_downloads/lineages/apicomplexa_odb12/hmms/3276at5794.hmm /home/edouard/GregarineStuff/Lgryllorum_Genome_analysis/Funannotate/Run_v3/species_train/annotate_results/Leidyana_gryllorum.proteins.fa 
# Current dir:     /home/edouard/GregarineStuff/Lgryllorum_Genome_analysis/Funannotate/Run_v3/species_train/annotate_results
# Date:            Tue Apr  1 17:37:32 2025
# [ok]
