#                                                                            --- full sequence --- -------------- this domain -------------   hmm coord   ali coord   env coord
# target name        accession   tlen query name           accession   qlen   E-value  score  bias   #  of  c-Evalue  i-Evalue  score  bias  from    to  from    to  from    to  acc description of target
#------------------- ---------- ----- -------------------- ---------- ----- --------- ------ ----- --- --- --------- --------- ------ ----- ----- ----- ----- ----- ----- ----- ---- ---------------------
ACNH67_000031-T1     -            915 32841                -            578  1.3e-114  382.1   3.7   1   5   9.3e-72   5.8e-69  231.4   0.4     1   191     1   204     1   231 0.89 ACNH67_000031
ACNH67_000031-T1     -            915 32841                -            578  1.3e-114  382.1   3.7   2   5   4.9e-08   3.1e-05   21.0   0.0   205   242   266   303   253   358 0.73 ACNH67_000031
ACNH67_000031-T1     -            915 32841                -            578  1.3e-114  382.1   3.7   3   5   1.5e-17   9.7e-15   52.4   0.0   282   372   378   468   374   476 0.95 ACNH67_000031
ACNH67_000031-T1     -            915 32841                -            578  1.3e-114  382.1   3.7   4   5   4.3e-21   2.7e-18   64.1   0.2   370   463   510   603   505   618 0.93 ACNH67_000031
ACNH67_000031-T1     -            915 32841                -            578  1.3e-114  382.1   3.7   5   5   0.00021      0.13    9.0   0.0   490   530   757   797   738   820 0.77 ACNH67_000031
ACNH67_004996-T1     -           1065 32841                -            578   4.6e-64  215.2   2.8   1   1   1.1e-66   6.9e-64  214.6   2.8    41   513    73   563    22   567 0.88 ACNH67_004996
ACNH67_003148-T1     -            961 32841                -            578   5.1e-18   63.2   0.4   1   1   2.8e-20   1.8e-17   61.4   0.4    50   552    78   622    75   628 0.78 ACNH67_003148
ACNH67_001155-T1     -           1030 32841                -            578   9.8e-16   55.7   4.4   1   2   2.5e-13   1.6e-10   38.5   0.2    85   153   108   176   105   209 0.90 ACNH67_001155
ACNH67_001155-T1     -           1030 32841                -            578   9.8e-16   55.7   4.4   2   2   3.1e-07   0.00019   18.4   0.6   284   463   305   492   269   502 0.78 ACNH67_001155
ACNH67_005300-T1     -            551 32841                -            578   2.8e-14   50.8   0.3   1   1     2e-15   1.2e-12   45.4   0.2    55   339    14   285    10   301 0.83 ACNH67_005300
ACNH67_004888-T1     -            151 32841                -            578   4.3e-09   33.7   0.1   1   1   1.1e-11   6.8e-09   33.1   0.1    66   147    46   127    33   132 0.93 ACNH67_004888
ACNH67_004390-T1     -            688 32841                -            578   1.2e-08   32.2   1.1   1   2   1.4e-10   8.6e-08   29.4   0.1    73   149   100   176    86   184 0.91 ACNH67_004390
ACNH67_004390-T1     -            688 32841                -            578   1.2e-08   32.2   1.1   2   2     0.078        49    0.5   0.0   345   469   391   518   347   545 0.76 ACNH67_004390
ACNH67_000123-T1     -            948 32841                -            578   2.3e-08   31.3   1.1   1   1   1.3e-09   7.9e-07   26.3   1.1    67   378   105   409    98   574 0.79 ACNH67_000123
ACNH67_004890-T1     -            358 32841                -            578   0.00042   17.3   0.0   1   1   1.1e-06   0.00068   16.6   0.0   338   552    11   214     6   222 0.83 ACNH67_004890
#
# Program:         hmmsearch
# Version:         3.1b2 (February 2015)
# Pipeline mode:   SEARCH
# Query file:      /home/edouard/GregarineStuff/Lgryllorum_Genome_analysis/Funannotate/Run_v3/species_train/annotate_results/busco_downloads/lineages/apicomplexa_odb12/hmms/32841at5794.hmm
# Target file:     /home/edouard/GregarineStuff/Lgryllorum_Genome_analysis/Funannotate/Run_v3/species_train/annotate_results/Leidyana_gryllorum.proteins.fa
# Option settings: hmmsearch --domtblout /home/edouard/GregarineStuff/Lgryllorum_Genome_analysis/Funannotate/Run_v3/species_train/annotate_results/busco/run_apicomplexa_odb12/hmmer_output/initial_run_results/32841at5794.out --cpu 1 /home/edouard/GregarineStuff/Lgryllorum_Genome_analysis/Funannotate/Run_v3/species_train/annotate_results/busco_downloads/lineages/apicomplexa_odb12/hmms/32841at5794.hmm /home/edouard/GregarineStuff/Lgryllorum_Genome_analysis/Funannotate/Run_v3/species_train/annotate_results/Leidyana_gryllorum.proteins.fa 
# Current dir:     /home/edouard/GregarineStuff/Lgryllorum_Genome_analysis/Funannotate/Run_v3/species_train/annotate_results
# Date:            Tue Apr  1 17:37:33 2025
# [ok]
