#                                                                            --- full sequence --- -------------- this domain -------------   hmm coord   ali coord   env coord
# target name        accession   tlen query name           accession   qlen   E-value  score  bias   #  of  c-Evalue  i-Evalue  score  bias  from    to  from    to  from    to  acc description of target
#------------------- ---------- ----- -------------------- ---------- ----- --------- ------ ----- --- --- --------- --------- ------ ----- ----- ----- ----- ----- ----- ----- ---- ---------------------
ACNH67_001067-T1     -            851 33075                -            822  2.3e-225  748.7   3.1   1   3   9.1e-15   1.7e-11   41.3   0.1   138   219    34   116    26   127 0.92 ACNH67_001067
ACNH67_001067-T1     -            851 33075                -            822  2.3e-225  748.7   3.1   2   3  7.1e-107  1.3e-103  345.9   0.0   204   569   145   539   130   545 0.85 ACNH67_001067
ACNH67_001067-T1     -            851 33075                -            822  2.3e-225  748.7   3.1   3   3  4.6e-111  8.6e-108  359.8   0.1   549   818   564   836   557   839 0.94 ACNH67_001067
ACNH67_003100-T1     -           1096 33075                -            822   2.1e-12   44.3   8.5   1   4      0.19   3.5e+02   -2.8   0.0   317   349   429   460   413   473 0.75 ACNH67_003100
ACNH67_003100-T1     -           1096 33075                -            822   2.1e-12   44.3   8.5   2   4   2.4e-09   4.6e-06   23.3   0.6   403   506   543   641   539   644 0.87 ACNH67_003100
ACNH67_003100-T1     -           1096 33075                -            822   2.1e-12   44.3   8.5   3   4     6e-06     0.011   12.1   0.0   395   454   640   699   636   706 0.90 ACNH67_003100
ACNH67_003100-T1     -           1096 33075                -            822   2.1e-12   44.3   8.5   4   4   8.5e-07    0.0016   14.9   0.7   369   464   687   778   684   781 0.86 ACNH67_003100
ACNH67_001519-T1     -            238 33075                -            822    0.0061   13.0   2.7   1   1   5.6e-06     0.011   12.2   2.7     3   111    83   182    81   210 0.74 ACNH67_001519
#
# Program:         hmmsearch
# Version:         3.1b2 (February 2015)
# Pipeline mode:   SEARCH
# Query file:      /home/edouard/GregarineStuff/Lgryllorum_Genome_analysis/Funannotate/Run_v3/species_train/annotate_results/busco_downloads/lineages/apicomplexa_odb12/hmms/33075at5794.hmm
# Target file:     /home/edouard/GregarineStuff/Lgryllorum_Genome_analysis/Funannotate/Run_v3/species_train/annotate_results/Leidyana_gryllorum.proteins.fa
# Option settings: hmmsearch --domtblout /home/edouard/GregarineStuff/Lgryllorum_Genome_analysis/Funannotate/Run_v3/species_train/annotate_results/busco/run_apicomplexa_odb12/hmmer_output/initial_run_results/33075at5794.out --cpu 1 /home/edouard/GregarineStuff/Lgryllorum_Genome_analysis/Funannotate/Run_v3/species_train/annotate_results/busco_downloads/lineages/apicomplexa_odb12/hmms/33075at5794.hmm /home/edouard/GregarineStuff/Lgryllorum_Genome_analysis/Funannotate/Run_v3/species_train/annotate_results/Leidyana_gryllorum.proteins.fa 
# Current dir:     /home/edouard/GregarineStuff/Lgryllorum_Genome_analysis/Funannotate/Run_v3/species_train/annotate_results
# Date:            Tue Apr  1 17:37:36 2025
# [ok]
