#                                                                            --- full sequence --- -------------- this domain -------------   hmm coord   ali coord   env coord
# target name        accession   tlen query name           accession   qlen   E-value  score  bias   #  of  c-Evalue  i-Evalue  score  bias  from    to  from    to  from    to  acc description of target
#------------------- ---------- ----- -------------------- ---------- ----- --------- ------ ----- --- --- --------- --------- ------ ----- ----- ----- ----- ----- ----- ----- ---- ---------------------
ACNH67_001427-T1     -           1251 33274                -           1015  6.5e-139  462.8  71.4   1   6   4.7e-09   8.8e-07   25.4   0.0    37    65     1    29     1    50 0.83 ACNH67_001427
ACNH67_001427-T1     -           1251 33274                -           1015  6.5e-139  462.8  71.4   2   6   1.6e-21   3.1e-19   66.6  19.0    65   303    76   314    71   336 0.83 ACNH67_001427
ACNH67_001427-T1     -           1251 33274                -           1015  6.5e-139  462.8  71.4   3   6     1e-41     2e-39  133.5  21.7   203   634   301   752   298   753 0.74 ACNH67_001427
ACNH67_001427-T1     -           1251 33274                -           1015  6.5e-139  462.8  71.4   4   6   3.2e-06   0.00061   16.0  21.8   544   799   718   979   716  1016 0.73 ACNH67_001427
ACNH67_001427-T1     -           1251 33274                -           1015  6.5e-139  462.8  71.4   5   6   2.6e-11   4.9e-09   32.8   1.4   795   879  1003  1088   991  1091 0.85 ACNH67_001427
ACNH67_001427-T1     -           1251 33274                -           1015  6.5e-139  462.8  71.4   6   6     2e-62   3.7e-60  202.1   0.0   881  1013  1113  1246  1105  1248 0.96 ACNH67_001427
ACNH67_002490-T1     -           1368 33274                -           1015   8.5e-81  270.4  86.0   1   6   6.6e-21   1.2e-18   64.6   0.0     2    65    28    97    27   114 0.88 ACNH67_002490
ACNH67_002490-T1     -           1368 33274                -           1015   8.5e-81  270.4  86.0   2   6   2.9e-08   5.4e-06   22.8   6.3    83   276   143   345   123   348 0.71 ACNH67_002490
ACNH67_002490-T1     -           1368 33274                -           1015   8.5e-81  270.4  86.0   3   6   6.2e-05     0.012   11.7  31.5   547   762   328   534   324   544 0.79 ACNH67_002490
ACNH67_002490-T1     -           1368 33274                -           1015   8.5e-81  270.4  86.0   4   6     0.023       4.4    3.2   0.0   496   538   685   729   651   738 0.81 ACNH67_002490
ACNH67_002490-T1     -           1368 33274                -           1015   8.5e-81  270.4  86.0   5   6     0.023       4.3    3.2  19.2   663   789   743   867   729   874 0.77 ACNH67_002490
ACNH67_002490-T1     -           1368 33274                -           1015   8.5e-81  270.4  86.0   6   6   1.2e-54   2.2e-52  176.3   9.2   554   997   879  1328   872  1336 0.84 ACNH67_002490
ACNH67_001620-T1     -           1449 33274                -           1015   1.7e-43  146.9  66.6   1   2   1.7e-12   3.1e-10   36.8   2.0    26   279   307   592   297   597 0.80 ACNH67_001620
ACNH67_001620-T1     -           1449 33274                -           1015   1.7e-43  146.9  66.6   2   2   3.1e-33   5.9e-31  105.4  58.5   200   989   603  1447   588  1448 0.65 ACNH67_001620
ACNH67_001094-T1     -           1242 33274                -           1015   8.9e-22   75.0  94.3   1   6   5.4e-06     0.001   15.2  12.9    89   289    21   224    10   232 0.85 ACNH67_001094
ACNH67_001094-T1     -           1242 33274                -           1015   8.9e-22   75.0  94.3   2   6   0.00055       0.1    8.6  26.5   578   765   227   415   215   444 0.69 ACNH67_001094
ACNH67_001094-T1     -           1242 33274                -           1015   8.9e-22   75.0  94.3   3   6     0.025       4.7    3.1   0.0   404   465   473   532   458   541 0.79 ACNH67_001094
ACNH67_001094-T1     -           1242 33274                -           1015   8.9e-22   75.0  94.3   4   6      0.68   1.3e+02   -1.6  16.9   610   763   647   798   633   810 0.61 ACNH67_001094
ACNH67_001094-T1     -           1242 33274                -           1015   8.9e-22   75.0  94.3   5   6   0.00016     0.031   10.3  19.0   676   878   808  1005   785  1021 0.79 ACNH67_001094
ACNH67_001094-T1     -           1242 33274                -           1015   8.9e-22   75.0  94.3   6   6   1.4e-16   2.7e-14   50.3   0.0   914   982  1109  1179  1106  1186 0.90 ACNH67_001094
ACNH67_002033-T1     -            782 33274                -           1015   6.2e-05   19.3  17.9   1   2         1     2e+02   -2.3   0.5   327   367   303   344   293   360 0.40 ACNH67_002033
ACNH67_002033-T1     -            782 33274                -           1015   6.2e-05   19.3  17.9   2   2   3.3e-07   6.2e-05   19.3  17.9   587   781   393   582   381   595 0.77 ACNH67_002033
ACNH67_002926-T1     -            895 33274                -           1015    0.0011   15.2 142.4   1   3       1.4   2.7e+02   -2.7  42.3   546   757    90   301    74   309 0.75 ACNH67_002926
ACNH67_002926-T1     -            895 33274                -           1015    0.0011   15.2 142.4   2   3   3.1e-06   0.00059   16.0  50.0   552   846   307   603   301   608 0.90 ACNH67_002926
ACNH67_002926-T1     -            895 33274                -           1015    0.0011   15.2 142.4   3   3    0.0002     0.037   10.1  35.9   547   804   622   885   610   887 0.86 ACNH67_002926
ACNH67_000036-T1     -            123 33274                -           1015    0.0018   14.4   9.0   1   1   1.1e-05    0.0021   14.2   9.0   591   700    12   119     3   123 0.70 ACNH67_000036
ACNH67_005012-T1     -           1349 33274                -           1015    0.0048   13.0   1.4   1   1   4.2e-05    0.0078   12.3   1.4   582   751   333   502   322   511 0.81 ACNH67_005012
ACNH67_003988-T1     -            781 33274                -           1015    0.0095   12.0   0.0   1   2     0.054        10    2.0   0.0   918   979   358   415   351   421 0.79 ACNH67_003988
ACNH67_003988-T1     -            781 33274                -           1015    0.0095   12.0   0.0   2   2    0.0016      0.31    7.0   0.1   919   983   672   732   667   734 0.88 ACNH67_003988
ACNH67_001660-T1     -            268 33274                -           1015     0.011   11.9   5.4   1   1   7.5e-05     0.014   11.5   5.4   611   741    20   153     4   167 0.65 ACNH67_001660
ACNH67_005199-T1     -            300 33274                -           1015     0.011   11.8   6.2   1   1   9.3e-05     0.018   11.2   6.2   644   724    35   116    20   127 0.80 ACNH67_005199
ACNH67_003336-T1     -            430 33274                -           1015     0.032   10.3  23.2   1   1   0.00023     0.043    9.9  23.2   588   752   212   372   178   416 0.69 ACNH67_003336
ACNH67_002476-T1     -            287 33274                -           1015     0.035   10.1  16.5   1   1   0.00031     0.059    9.4  16.5   575   740    56   222    40   263 0.41 ACNH67_002476
ACNH67_005040-T1     -            692 33274                -           1015     0.049    9.7  48.7   1   2    0.0023      0.43    6.5  36.6   539   742   413   608   390   609 0.57 ACNH67_005040
ACNH67_005040-T1     -            692 33274                -           1015     0.049    9.7  48.7   2   2   0.00012     0.023   10.8  28.8   569   744   493   666   484   682 0.84 ACNH67_005040
ACNH67_004034-T1     -            930 33274                -           1015      0.13    8.3  54.4   1   2    0.0019      0.36    6.8  29.0   550   764   542   747   521   753 0.79 ACNH67_004034
ACNH67_004034-T1     -            930 33274                -           1015      0.13    8.3  54.4   2   2    0.0087       1.6    4.6  20.4   539   668   750   881   745   892 0.87 ACNH67_004034
ACNH67_003641-T1     -            569 33274                -           1015      0.13    8.3  12.0   1   1   0.00095      0.18    7.8  12.0   653   762   221   329   197   341 0.58 ACNH67_003641
ACNH67_002805-T1     -           1060 33274                -           1015      0.31    7.0  74.7   1   2     0.004      0.76    5.7  48.1   568   845   566   855   520   857 0.72 ACNH67_002805
ACNH67_002805-T1     -           1060 33274                -           1015      0.31    7.0  74.7   2   2     0.016       2.9    3.8  31.4   158   364   794   989   783  1037 0.56 ACNH67_002805
ACNH67_001216-T1     -           1626 33274                -           1015      0.36    6.8  28.7   1   1    0.0032      0.61    6.0  28.7   561   737   934  1103   865  1128 0.51 ACNH67_001216
ACNH67_000505-T1     -            568 33274                -           1015      0.37    6.8   5.8   1   1    0.0029      0.55    6.2   5.8   563   630   157   224   155   230 0.93 ACNH67_000505
ACNH67_002804-T1     -            779 33274                -           1015      0.68    5.9  27.2   1   2     0.031       5.8    2.8  18.2   540   679   534   671   528   710 0.70 ACNH67_002804
ACNH67_002804-T1     -            779 33274                -           1015      0.68    5.9  27.2   2   2     0.011       2.1    4.3   6.0   549   629   688   771   681   777 0.73 ACNH67_002804
ACNH67_005024-T1     -            465 33274                -           1015      0.79    5.7  24.1   1   1    0.0088       1.7    4.6  24.1   557   730    37   208    30   229 0.64 ACNH67_005024
ACNH67_000146-T1     -           1120 33274                -           1015       0.9    5.5  28.5   1   2     0.025       4.8    3.1  11.5   616   752    19   150     6   155 0.77 ACNH67_000146
ACNH67_000146-T1     -           1120 33274                -           1015       0.9    5.5  28.5   2   2    0.0053         1    5.3  27.2   588   735    95   239    40   243 0.78 ACNH67_000146
ACNH67_000487-T1     -            800 33274                -           1015      0.96    5.4  37.6   1   1    0.0084       1.6    4.7  37.6   574   809   310   551   294   577 0.57 ACNH67_000487
ACNH67_000218-T1     -            357 33274                -           1015       1.2    5.1  47.0   1   2     0.053        10    2.0  46.7   562   839    11   287     9   296 0.71 ACNH67_000218
ACNH67_000218-T1     -            357 33274                -           1015       1.2    5.1  47.0   2   2     0.053        10    2.0   3.2   172   249   250   327   232   353 0.65 ACNH67_000218
ACNH67_004315-T1     -            725 33274                -           1015       2.2    4.2  61.4   1   2     0.011       2.1    4.3  57.1   550   843   247   562   233   569 0.62 ACNH67_004315
ACNH67_004315-T1     -            725 33274                -           1015       2.2    4.2  61.4   2   2      0.18        35    0.2   0.1   543   568   689   714   665   721 0.70 ACNH67_004315
ACNH67_001105-T1     -            375 33274                -           1015       2.8    3.9  21.1   1   1   0.00066      0.13    8.3  12.1   654   769   194   307   172   316 0.82 ACNH67_001105
ACNH67_005094-T1     -            630 33274                -           1015       2.8    3.9  17.7   1   1     0.022       4.1    3.3  17.7   659   786   151   278   139   287 0.40 ACNH67_005094
ACNH67_005527-T1     -           1000 33274                -           1015       3.7    3.5  78.4   1   3      0.14        26    0.7  10.0   566   661   342   434   276   450 0.57 ACNH67_005527
ACNH67_005527-T1     -           1000 33274                -           1015       3.7    3.5  78.4   2   3    0.0009      0.17    7.9  34.5   565   742   495   684   491   711 0.67 ACNH67_005527
ACNH67_005527-T1     -           1000 33274                -           1015       3.7    3.5  78.4   3   3     0.056        11    2.0  27.0   551   728   667   850   662   911 0.58 ACNH67_005527
ACNH67_005198-T1     -            611 33274                -           1015       4.8    3.1  23.8   1   2      0.77   1.5e+02   -1.8   0.1   721   766    49    94    31   107 0.62 ACNH67_005198
ACNH67_005198-T1     -            611 33274                -           1015       4.8    3.1  23.8   2   2    0.0072       1.4    4.9  20.5   584   751   367   521   343   532 0.74 ACNH67_005198
ACNH67_000978-T1     -            702 33274                -           1015       7.1    2.5  47.1   1   2     0.011       2.1    4.3  30.0   574   839   116   387    93   391 0.72 ACNH67_000978
ACNH67_000978-T1     -            702 33274                -           1015       7.1    2.5  47.1   2   2    0.0013      0.25    7.3  38.2   548   832   262   546   248   575 0.66 ACNH67_000978
#
# Program:         hmmsearch
# Version:         3.1b2 (February 2015)
# Pipeline mode:   SEARCH
# Query file:      /home/edouard/GregarineStuff/Lgryllorum_Genome_analysis/Funannotate/Run_v3/species_train/annotate_results/busco_downloads/lineages/apicomplexa_odb12/hmms/33274at5794.hmm
# Target file:     /home/edouard/GregarineStuff/Lgryllorum_Genome_analysis/Funannotate/Run_v3/species_train/annotate_results/Leidyana_gryllorum.proteins.fa
# Option settings: hmmsearch --domtblout /home/edouard/GregarineStuff/Lgryllorum_Genome_analysis/Funannotate/Run_v3/species_train/annotate_results/busco/run_apicomplexa_odb12/hmmer_output/initial_run_results/33274at5794.out --cpu 1 /home/edouard/GregarineStuff/Lgryllorum_Genome_analysis/Funannotate/Run_v3/species_train/annotate_results/busco_downloads/lineages/apicomplexa_odb12/hmms/33274at5794.hmm /home/edouard/GregarineStuff/Lgryllorum_Genome_analysis/Funannotate/Run_v3/species_train/annotate_results/Leidyana_gryllorum.proteins.fa 
# Current dir:     /home/edouard/GregarineStuff/Lgryllorum_Genome_analysis/Funannotate/Run_v3/species_train/annotate_results
# Date:            Tue Apr  1 17:37:40 2025
# [ok]
