#                                                                            --- full sequence --- -------------- this domain -------------   hmm coord   ali coord   env coord
# target name        accession   tlen query name           accession   qlen   E-value  score  bias   #  of  c-Evalue  i-Evalue  score  bias  from    to  from    to  from    to  acc description of target
#------------------- ---------- ----- -------------------- ---------- ----- --------- ------ ----- --- --- --------- --------- ------ ----- ----- ----- ----- ----- ----- ----- ---- ---------------------
ACNH67_001064-T1     -            322 33293                -            216   2.4e-37  126.9   4.0   1   3      0.74   2.2e+02   -0.4   1.0   129   156    31    57    27   105 0.66 ACNH67_001064
ACNH67_001064-T1     -            322 33293                -            216   2.4e-37  126.9   4.0   2   3       2.1   6.2e+02   -1.9   0.0     3    23   108   128   106   133 0.79 ACNH67_001064
ACNH67_001064-T1     -            322 33293                -            216   2.4e-37  126.9   4.0   3   3   8.2e-40   2.4e-37  126.9   4.0    37   170   169   310   153   318 0.86 ACNH67_001064
ACNH67_005124-T1     -            400 33293                -            216   1.6e-17   62.1   0.8   1   2   5.4e-20   1.6e-17   62.1   0.8    24   111    85   170    76   173 0.83 ACNH67_005124
ACNH67_005124-T1     -            400 33293                -            216   1.6e-17   62.1   0.8   2   2       3.3   9.8e+02   -2.5   0.1    22    61   311   352   306   370 0.54 ACNH67_005124
ACNH67_004451-T1     -            282 33293                -            216   1.1e-13   49.6   1.5   1   1   5.6e-16   1.7e-13   49.0   1.5    49   114    39   104    31   115 0.92 ACNH67_004451
ACNH67_001899-T1     -            625 33293                -            216   3.1e-12   44.8   0.4   1   1   1.9e-14   5.6e-12   44.0   0.4    50   111   131   193   120   196 0.92 ACNH67_001899
ACNH67_005458-T1     -            244 33293                -            216   3.1e-12   44.8   0.1   1   2   1.1e-14   3.1e-12   44.8   0.1    48   112     4    68     1    72 0.95 ACNH67_005458
ACNH67_005458-T1     -            244 33293                -            216   3.1e-12   44.8   0.1   2   2      0.34     1e+02    0.7   4.9   109   168   158   221   150   242 0.69 ACNH67_005458
ACNH67_001630-T1     -            355 33293                -            216   6.7e-12   43.8   0.8   1   1   4.1e-14   1.2e-11   42.9   0.8    51   114     5    72     2    78 0.89 ACNH67_001630
ACNH67_000478-T1     -            404 33293                -            216   2.8e-11   41.7   0.1   1   1   1.5e-13   4.4e-11   41.1   0.1    49   111     8    72     4    74 0.90 ACNH67_000478
ACNH67_002391-T1     -            565 33293                -            216   6.5e-11   40.5   0.1   1   1   2.2e-13   6.5e-11   40.5   0.1    49   111     5    69     1    74 0.90 ACNH67_002391
ACNH67_001542-T1     -            591 33293                -            216     1e-10   39.9   0.4   1   1   1.6e-12   4.7e-10   37.7   0.3    48   118   233   304   196   308 0.82 ACNH67_001542
ACNH67_001543-T1     -            566 33293                -            216   4.3e-10   37.8   0.2   1   2   1.4e-12   4.3e-10   37.8   0.2    49   119   183   254   175   258 0.90 ACNH67_001543
ACNH67_001543-T1     -            566 33293                -            216   4.3e-10   37.8   0.2   2   2       1.9   5.5e+02   -1.7   5.3    97   142   384   427   374   439 0.65 ACNH67_001543
ACNH67_004239-T1     -            727 33293                -            216   5.1e-09   34.3   0.4   1   1   1.7e-11   5.1e-09   34.3   0.4    36   113   154   234   147   239 0.85 ACNH67_004239
ACNH67_003236-T1     -            412 33293                -            216   3.4e-08   31.7   0.1   1   1   1.8e-10   5.5e-08   31.0   0.1    49   112    27    87    24    91 0.92 ACNH67_003236
ACNH67_005120-T1     -            577 33293                -            216   9.1e-08   30.2   0.0   1   1   5.8e-10   1.7e-07   29.3   0.0    51   118    29    98    21   113 0.86 ACNH67_005120
ACNH67_004959-T1     -            603 33293                -            216   8.8e-07   27.0   0.0   1   1   5.3e-09   1.6e-06   26.2   0.0    68   104   564   600   531   602 0.89 ACNH67_004959
ACNH67_001104-T1     -            627 33293                -            216   4.6e-06   24.7   0.1   1   1   1.5e-08   4.6e-06   24.7   0.1     7    83    57   134    51   141 0.74 ACNH67_001104
ACNH67_000451-T1     -            916 33293                -            216   5.9e-06   24.3   2.3   1   3     2e-08   5.9e-06   24.3   2.3    60   133    34   109    27   125 0.79 ACNH67_000451
ACNH67_000451-T1     -            916 33293                -            216   5.9e-06   24.3   2.3   2   3      0.59   1.8e+02   -0.1   1.8   104   149   151   193   144   200 0.70 ACNH67_000451
ACNH67_000451-T1     -            916 33293                -            216   5.9e-06   24.3   2.3   3   3       8.5   2.5e+03   -3.9   1.7   135   159   297   321   278   327 0.56 ACNH67_000451
ACNH67_002421-T1     -            930 33293                -            216   1.5e-05   23.0   0.0   1   2      0.57   1.7e+02   -0.1   0.0   106   150   243   287   237   296 0.82 ACNH67_002421
ACNH67_002421-T1     -            930 33293                -            216   1.5e-05   23.0   0.0   2   2   3.6e-07   0.00011   20.2   0.0    47   101   460   518   436   531 0.78 ACNH67_002421
ACNH67_005070-T1     -            143 33293                -            216   0.00014   19.9   0.0   1   1   6.1e-07   0.00018   19.5   0.0    50    98    27    78    23    84 0.76 ACNH67_005070
ACNH67_001062-T1     -           1824 33293                -            216     0.023   12.6   0.0   1   1   0.00015     0.046   11.6   0.0    48   113    53   118    45   135 0.91 ACNH67_001062
#
# Program:         hmmsearch
# Version:         3.1b2 (February 2015)
# Pipeline mode:   SEARCH
# Query file:      /home/edouard/GregarineStuff/Lgryllorum_Genome_analysis/Funannotate/Run_v3/species_train/annotate_results/busco_downloads/lineages/apicomplexa_odb12/hmms/33293at5794.hmm
# Target file:     /home/edouard/GregarineStuff/Lgryllorum_Genome_analysis/Funannotate/Run_v3/species_train/annotate_results/Leidyana_gryllorum.proteins.fa
# Option settings: hmmsearch --domtblout /home/edouard/GregarineStuff/Lgryllorum_Genome_analysis/Funannotate/Run_v3/species_train/annotate_results/busco/run_apicomplexa_odb12/hmmer_output/initial_run_results/33293at5794.out --cpu 1 /home/edouard/GregarineStuff/Lgryllorum_Genome_analysis/Funannotate/Run_v3/species_train/annotate_results/busco_downloads/lineages/apicomplexa_odb12/hmms/33293at5794.hmm /home/edouard/GregarineStuff/Lgryllorum_Genome_analysis/Funannotate/Run_v3/species_train/annotate_results/Leidyana_gryllorum.proteins.fa 
# Current dir:     /home/edouard/GregarineStuff/Lgryllorum_Genome_analysis/Funannotate/Run_v3/species_train/annotate_results
# Date:            Tue Apr  1 17:37:41 2025
# [ok]
