#                                                                            --- full sequence --- -------------- this domain -------------   hmm coord   ali coord   env coord
# target name        accession   tlen query name           accession   qlen   E-value  score  bias   #  of  c-Evalue  i-Evalue  score  bias  from    to  from    to  from    to  acc description of target
#------------------- ---------- ----- -------------------- ---------- ----- --------- ------ ----- --- --- --------- --------- ------ ----- ----- ----- ----- ----- ----- ----- ---- ---------------------
ACNH67_000205-T1     -            668 33299                -            484  2.9e-219  727.0   0.0   1   1  2.5e-221  3.9e-219  726.6   0.0     9   482   125   603   117   605 0.97 ACNH67_000205
ACNH67_001998-T1     -            861 33299                -            484  2.2e-116  387.8   6.0   1   2   3.1e-60   4.8e-58  195.3   0.0    60   275   397   607   371   613 0.93 ACNH67_001998
ACNH67_001998-T1     -            861 33299                -            484  2.2e-116  387.8   6.0   2   2   7.9e-60   1.2e-57  194.0   0.0   254   476   615   831   609   838 0.93 ACNH67_001998
ACNH67_002442-T1     -            669 33299                -            484  7.1e-104  346.5   0.0   1   1  6.3e-106  9.6e-104  346.0   0.0    83   476   183   580   159   587 0.92 ACNH67_002442
ACNH67_002293-T1     -           1575 33299                -            484   1.7e-86  289.1   0.0   1   1   1.6e-88   2.4e-86  288.7   0.0    57   479   479   901   467   906 0.88 ACNH67_002293
ACNH67_001782-T1     -            672 33299                -            484   4.7e-85  284.4   0.0   1   1   4.3e-87   6.5e-85  283.9   0.0   120   479     1   358     1   363 0.93 ACNH67_001782
ACNH67_003305-T1     -            505 33299                -            484   2.2e-78  262.4   0.3   1   1   1.9e-80   2.9e-78  262.0   0.3    59   443    29   407     5   433 0.88 ACNH67_003305
ACNH67_001796-T1     -            394 33299                -            484   5.5e-76  254.5   1.1   1   1     5e-78   7.6e-76  254.0   1.1    84   449    16   371     9   382 0.90 ACNH67_001796
ACNH67_003972-T1     -            469 33299                -            484   6.3e-76  254.3   0.0   1   1   5.5e-78   8.4e-76  253.9   0.0    92   450    60   408    35   430 0.89 ACNH67_003972
ACNH67_002835-T1     -            524 33299                -            484   2.9e-73  245.5   0.0   1   1   3.2e-75   4.9e-73  244.8   0.0    97   455    51   431    46   436 0.82 ACNH67_002835
ACNH67_000088-T1     -            466 33299                -            484   5.4e-68  228.1   0.2   1   1   4.8e-70   7.3e-68  227.7   0.2    92   449    93   437    78   462 0.91 ACNH67_000088
ACNH67_004323-T1     -            965 33299                -            484   4.6e-67  225.1   1.6   1   2   4.6e-69     7e-67  224.5   0.1   101   448    43   384    26   402 0.91 ACNH67_004323
ACNH67_004323-T1     -            965 33299                -            484   4.6e-67  225.1   1.6   2   2         2   3.1e+02   -1.9   0.1    92   119   622   649   616   652 0.85 ACNH67_004323
ACNH67_004945-T1     -            439 33299                -            484   1.4e-65  220.2   1.8   1   1   1.2e-67   1.9e-65  219.8   1.8    92   473    54   431    43   437 0.91 ACNH67_004945
ACNH67_000490-T1     -            401 33299                -            484   1.6e-65  220.0   0.0   1   1   1.4e-67   2.1e-65  219.6   0.0    57   350    88   374    75   378 0.87 ACNH67_000490
ACNH67_004869-T1     -            791 33299                -            484   7.4e-63  211.2   0.1   1   1   7.1e-65   1.1e-62  210.7   0.1    87   476    77   464    67   472 0.86 ACNH67_004869
ACNH67_003103-T1     -            777 33299                -            484   2.8e-62  209.3   0.0   1   1   3.7e-64   5.7e-62  208.3   0.0    93   460    19   386    16   398 0.85 ACNH67_003103
ACNH67_005515-T1     -            447 33299                -            484   2.2e-61  206.4   0.1   1   1     2e-63     3e-61  205.9   0.1    97   447     4   360     1   367 0.86 ACNH67_005515
ACNH67_004375-T1     -            229 33299                -            484   1.5e-46  157.4   0.3   1   1   1.1e-48   1.8e-46  157.2   0.3   251   471     2   223     1   228 0.92 ACNH67_004375
ACNH67_001663-T1     -           1000 33299                -            484   1.9e-45  153.8   0.2   1   3   9.6e-27   1.5e-24   84.9   0.0   100   279    97   288    40   305 0.80 ACNH67_001663
ACNH67_001663-T1     -           1000 33299                -            484   1.9e-45  153.8   0.2   2   3     0.032       4.9    4.0   0.0   280   323   508   550   498   569 0.87 ACNH67_001663
ACNH67_001663-T1     -           1000 33299                -            484   1.9e-45  153.8   0.2   3   3     2e-19     3e-17   60.8   0.0   364   448   705   790   700   800 0.91 ACNH67_001663
ACNH67_000687-T1     -            732 33299                -            484   7.1e-44  148.6   0.0   1   3   1.9e-11   2.9e-09   34.4   0.0    93   157     3    66     1    82 0.89 ACNH67_000687
ACNH67_000687-T1     -            732 33299                -            484   7.1e-44  148.6   0.0   2   3   1.9e-21   2.9e-19   67.4   0.0   166   326   273   436   257   444 0.82 ACNH67_000687
ACNH67_000687-T1     -            732 33299                -            484   7.1e-44  148.6   0.0   3   3   4.3e-14   6.6e-12   43.2   0.0   371   452   537   618   438   623 0.91 ACNH67_000687
ACNH67_001597-T1     -            490 33299                -            484   5.4e-42  142.4   1.6   1   1   4.1e-43   6.2e-41  138.9   1.6    92   462    76   464    57   485 0.78 ACNH67_001597
ACNH67_005174-T1     -            778 33299                -            484   2.2e-36  123.9   0.2   1   3   3.5e-25   5.4e-23   79.7   0.1    97   281   122   311    93   332 0.84 ACNH67_005174
ACNH67_005174-T1     -            778 33299                -            484   2.2e-36  123.9   0.2   2   3       2.3   3.5e+02   -2.1   0.0   341   385   422   465   405   476 0.63 ACNH67_005174
ACNH67_005174-T1     -            778 33299                -            484   2.2e-36  123.9   0.2   3   3   1.8e-13   2.7e-11   41.2   0.0   368   438   565   636   559   654 0.89 ACNH67_005174
ACNH67_003408-T1     -            846 33299                -            484   1.4e-34  118.0   0.0   1   3   1.1e-23   1.6e-21   74.8   0.0   102   310    23   272     8   295 0.74 ACNH67_003408
ACNH67_003408-T1     -            846 33299                -            484   1.4e-34  118.0   0.0   2   3       2.8   4.3e+02   -2.4   0.0   324   356   323   356   308   374 0.71 ACNH67_003408
ACNH67_003408-T1     -            846 33299                -            484   1.4e-34  118.0   0.0   3   3   1.3e-12     2e-10   38.3   0.0   371   450   409   493   406   503 0.89 ACNH67_003408
ACNH67_003764-T1     -           1625 33299                -            484   6.6e-34  115.7   0.4   1   2     7e-15   1.1e-12   45.8   0.7   101   295    14   246     4   259 0.70 ACNH67_003764
ACNH67_003764-T1     -           1625 33299                -            484   6.6e-34  115.7   0.4   2   2   7.9e-21   1.2e-18   65.4   0.0   345   453   610   717   604   734 0.90 ACNH67_003764
ACNH67_000489-T1     -            616 33299                -            484   4.5e-31  106.4   0.0   1   1   3.7e-33   5.7e-31  106.0   0.0   369   478     2   110     1   116 0.94 ACNH67_000489
ACNH67_000779-T1     -            607 33299                -            484   1.6e-25   88.1   0.1   1   4   1.1e-19   1.7e-17   61.6   0.0    97   197    49   151    18   236 0.71 ACNH67_000779
ACNH67_000779-T1     -            607 33299                -            484   1.6e-25   88.1   0.1   2   4         2     3e+02   -1.9   0.0   275   305   255   285   251   295 0.85 ACNH67_000779
ACNH67_000779-T1     -            607 33299                -            484   1.6e-25   88.1   0.1   3   4     0.042       6.4    3.6   0.0   340   403   350   413   311   420 0.88 ACNH67_000779
ACNH67_000779-T1     -            607 33299                -            484   1.6e-25   88.1   0.1   4   4   2.4e-06   0.00037   17.6   0.0   401   453   447   503   438   509 0.83 ACNH67_000779
ACNH67_004374-T1     -            167 33299                -            484   1.3e-23   81.8   0.1   1   1     1e-25   1.6e-23   81.5   0.1    91   243    25   164    14   167 0.89 ACNH67_004374
ACNH67_004331-T1     -            690 33299                -            484   1.8e-22   78.0   0.3   1   2    0.0014      0.22    8.5   0.0   168   264     5   119     2   127 0.65 ACNH67_004331
ACNH67_004331-T1     -            690 33299                -            484   1.8e-22   78.0   0.3   2   2     4e-21   6.2e-19   66.3   0.4   282   444   190   358   180   377 0.81 ACNH67_004331
ACNH67_002631-T1     -            557 33299                -            484   1.6e-07   28.7   0.0   1   2       1.6   2.4e+02   -1.5   0.0   100   131    26    60     3    63 0.76 ACNH67_002631
ACNH67_002631-T1     -            557 33299                -            484   1.6e-07   28.7   0.0   2   2   4.2e-09   6.4e-07   26.7   0.0   167   455   116   399   104   420 0.80 ACNH67_002631
ACNH67_003944-T1     -           1814 33299                -            484   9.8e-06   22.8   0.0   1   2       2.1   3.2e+02   -2.0   0.0   226   290   744   814   685   823 0.70 ACNH67_003944
ACNH67_003944-T1     -           1814 33299                -            484   9.8e-06   22.8   0.0   2   2   2.3e-07   3.5e-05   21.0   0.0   370   444   938  1012   871  1026 0.84 ACNH67_003944
ACNH67_000948-T1     -           1402 33299                -            484   0.00012   19.3   0.3   1   1   1.2e-06   0.00018   18.6   0.3   342   458  1230  1351  1215  1363 0.80 ACNH67_000948
ACNH67_001781-T1     -            409 33299                -            484   0.00048   17.2   0.0   1   1   6.1e-06   0.00093   16.3   0.0    40   113   329   402   312   407 0.80 ACNH67_001781
ACNH67_000124-T1     -           1224 33299                -            484   0.00066   16.8   0.1   1   1   1.1e-05    0.0017   15.4   0.1   339   419   840   923   825   970 0.80 ACNH67_000124
ACNH67_003550-T1     -           1888 33299                -            484   0.00079   16.5   0.0   1   1   9.2e-06    0.0014   15.7   0.0   331   456  1052  1183  1043  1194 0.78 ACNH67_003550
ACNH67_002880-T1     -           1241 33299                -            484    0.0068   13.4   0.0   1   1     9e-05     0.014   12.4   0.0    83   222   232   363   179   401 0.76 ACNH67_002880
ACNH67_004637-T1     -           2175 33299                -            484     0.013   12.5   0.0   1   4       0.4        61    0.4   0.0   136   256   371   490   353   536 0.68 ACNH67_004637
ACNH67_004637-T1     -           2175 33299                -            484     0.013   12.5   0.0   2   4       1.5   2.3e+02   -1.5   0.0   362   415   652   703   649   704 0.83 ACNH67_004637
ACNH67_004637-T1     -           2175 33299                -            484     0.013   12.5   0.0   3   4       4.5   6.9e+02   -3.1   0.0   135   145  1275  1285  1243  1290 0.74 ACNH67_004637
ACNH67_004637-T1     -           2175 33299                -            484     0.013   12.5   0.0   4   4    0.0031      0.48    7.4   0.0   373   450  1553  1642  1539  1648 0.83 ACNH67_004637
ACNH67_000734-T1     -           1033 33299                -            484      0.03   11.3   0.0   1   1   0.00036     0.056   10.4   0.0   338   439   809   913   790   940 0.74 ACNH67_000734
ACNH67_003036-T1     -           3230 33299                -            484      0.04   10.9   0.0   1   1   0.00067       0.1    9.6   0.0   390   436  1377  1423  1357  1429 0.80 ACNH67_003036
#
# Program:         hmmsearch
# Version:         3.1b2 (February 2015)
# Pipeline mode:   SEARCH
# Query file:      /home/edouard/GregarineStuff/Lgryllorum_Genome_analysis/Funannotate/Run_v3/species_train/annotate_results/busco_downloads/lineages/apicomplexa_odb12/hmms/33299at5794.hmm
# Target file:     /home/edouard/GregarineStuff/Lgryllorum_Genome_analysis/Funannotate/Run_v3/species_train/annotate_results/Leidyana_gryllorum.proteins.fa
# Option settings: hmmsearch --domtblout /home/edouard/GregarineStuff/Lgryllorum_Genome_analysis/Funannotate/Run_v3/species_train/annotate_results/busco/run_apicomplexa_odb12/hmmer_output/initial_run_results/33299at5794.out --cpu 1 /home/edouard/GregarineStuff/Lgryllorum_Genome_analysis/Funannotate/Run_v3/species_train/annotate_results/busco_downloads/lineages/apicomplexa_odb12/hmms/33299at5794.hmm /home/edouard/GregarineStuff/Lgryllorum_Genome_analysis/Funannotate/Run_v3/species_train/annotate_results/Leidyana_gryllorum.proteins.fa 
# Current dir:     /home/edouard/GregarineStuff/Lgryllorum_Genome_analysis/Funannotate/Run_v3/species_train/annotate_results
# Date:            Tue Apr  1 17:37:41 2025
# [ok]
