#                                                                            --- full sequence --- -------------- this domain -------------   hmm coord   ali coord   env coord
# target name        accession   tlen query name           accession   qlen   E-value  score  bias   #  of  c-Evalue  i-Evalue  score  bias  from    to  from    to  from    to  acc description of target
#------------------- ---------- ----- -------------------- ---------- ----- --------- ------ ----- --- --- --------- --------- ------ ----- ----- ----- ----- ----- ----- ----- ---- ---------------------
ACNH67_000695-T1     -           1616 33413                -           1096  1.8e-282  938.5  32.9   1   3   4.8e-15   1.4e-12   44.9  23.3    75   302   199   445   173   485 0.73 ACNH67_000695
ACNH67_000695-T1     -           1616 33413                -           1096  1.8e-282  938.5  32.9   2   3  3.3e-163  9.3e-161  535.5   0.0   320   680   601   978   573  1026 0.88 ACNH67_000695
ACNH67_000695-T1     -           1616 33413                -           1096  1.8e-282  938.5  32.9   3   3  8.3e-111  2.3e-108  362.0   0.9   725  1041  1207  1540  1178  1549 0.82 ACNH67_000695
ACNH67_000124-T1     -           1224 33413                -           1096  5.7e-152  506.4  17.3   1   2  5.2e-102   1.5e-99  332.9   6.8   201   650   360   814   325   818 0.80 ACNH67_000124
ACNH67_000124-T1     -           1224 33413                -           1096  5.7e-152  506.4  17.3   2   2     1e-55   2.9e-53  179.6   2.5   797  1012   817  1032   815  1065 0.92 ACNH67_000124
ACNH67_003550-T1     -           1888 33413                -           1096  1.1e-123  412.8  13.8   1   3   2.2e-33   6.1e-31  105.7   0.1   356   450   699   793   697   819 0.93 ACNH67_003550
ACNH67_003550-T1     -           1888 33413                -           1096  1.1e-123  412.8  13.8   2   3   2.3e-39   6.5e-37  125.4   4.2   469   649   852  1030   828  1036 0.87 ACNH67_003550
ACNH67_003550-T1     -           1888 33413                -           1096  1.1e-123  412.8  13.8   3   3   6.4e-58   1.8e-55  186.9   0.4   800   956  1040  1197  1037  1206 0.96 ACNH67_003550
ACNH67_002542-T1     -           2517 33413                -           1096  2.1e-105  352.2  18.4   1   3   1.7e-60   4.7e-58  195.4   0.0   315   655   420   766   396   825 0.83 ACNH67_002542
ACNH67_002542-T1     -           2517 33413                -           1096  2.1e-105  352.2  18.4   2   3       4.4   1.3e+03   -4.7   9.2   188   227  1038  1077   948  1109 0.56 ACNH67_002542
ACNH67_002542-T1     -           2517 33413                -           1096  2.1e-105  352.2  18.4   3   3   1.5e-51   4.3e-49  165.8   0.4   824   956  1201  1334  1193  1339 0.96 ACNH67_002542
ACNH67_001516-T1     -           1203 33413                -           1096   8.1e-97  323.8   1.2   1   5      0.93   2.6e+02   -2.4   0.4   284   329    36    80    10   101 0.62 ACNH67_001516
ACNH67_001516-T1     -           1203 33413                -           1096   8.1e-97  323.8   1.2   2   5   1.4e-12   4.1e-10   36.7   0.0   336   402   180   246   151   249 0.92 ACNH67_001516
ACNH67_001516-T1     -           1203 33413                -           1096   8.1e-97  323.8   1.2   3   5   2.5e-31   7.1e-29   98.8   0.0   411   624   306   543   302   549 0.83 ACNH67_001516
ACNH67_001516-T1     -           1203 33413                -           1096   8.1e-97  323.8   1.2   4   5      0.36     1e+02   -1.1   0.0   633   648   576   591   559   604 0.78 ACNH67_001516
ACNH67_001516-T1     -           1203 33413                -           1096   8.1e-97  323.8   1.2   5   5   8.9e-57   2.5e-54  183.1   0.0   806   955   610   759   600   775 0.95 ACNH67_001516
ACNH67_005157-T1     -            978 33413                -           1096   6.9e-88  294.2  23.0   1   5   7.4e-29   2.1e-26   90.6   0.0   282   447    80   243    11   250 0.64 ACNH67_005157
ACNH67_005157-T1     -            978 33413                -           1096   6.9e-88  294.2  23.0   2   5   6.8e-18   1.9e-15   54.3   0.1   457   534   337   418   333   425 0.87 ACNH67_005157
ACNH67_005157-T1     -            978 33413                -           1096   6.9e-88  294.2  23.0   3   5   0.00072       0.2    7.9   0.1   572   611   494   533   478   548 0.88 ACNH67_005157
ACNH67_005157-T1     -            978 33413                -           1096   6.9e-88  294.2  23.0   4   5       1.3   3.5e+02   -2.8   0.0   634   647   580   593   577   599 0.85 ACNH67_005157
ACNH67_005157-T1     -            978 33413                -           1096   6.9e-88  294.2  23.0   5   5   1.9e-47   5.4e-45  152.2   0.2   807   952   662   811   622   814 0.89 ACNH67_005157
ACNH67_004776-T1     -           1470 33413                -           1096     5e-82  274.8   0.7   1   2   1.9e-38   5.4e-36  122.4   0.1   356   647    45   352    27   358 0.81 ACNH67_004776
ACNH67_004776-T1     -           1470 33413                -           1096     5e-82  274.8   0.7   2   2   8.4e-47   2.4e-44  150.1   0.0   802   938   380   516   371   521 0.96 ACNH67_004776
ACNH67_000734-T1     -           1033 33413                -           1096   1.3e-78  263.5   9.2   1   3   7.4e-43   2.1e-40  137.0   0.0   358   593   391   627   387   631 0.86 ACNH67_000734
ACNH67_000734-T1     -           1033 33413                -           1096   1.3e-78  263.5   9.2   2   3       0.2        57   -0.2   0.2   590   655   668   727   663   786 0.79 ACNH67_000734
ACNH67_000734-T1     -           1033 33413                -           1096   1.3e-78  263.5   9.2   3   3   4.1e-41   1.1e-38  131.2   0.0   798   979   788   965   741  1022 0.86 ACNH67_000734
ACNH67_004541-T1     -            807 33413                -           1096   3.3e-75  252.2   0.2   1   2   5.9e-36   1.7e-33  114.1   0.1   341   647    90   417    61   424 0.77 ACNH67_004541
ACNH67_004541-T1     -            807 33413                -           1096   3.3e-75  252.2   0.2   2   2   2.6e-42   7.3e-40  135.2   0.0   803   958   497   654   488   675 0.91 ACNH67_004541
ACNH67_004064-T1     -           1659 33413                -           1096   8.1e-54  181.4  19.4   1   6      0.54   1.5e+02   -1.6   1.9   271   322   275   325   154   353 0.69 ACNH67_004064
ACNH67_004064-T1     -           1659 33413                -           1096   8.1e-54  181.4  19.4   2   6   2.6e-11   7.4e-09   32.5   0.0   354   401   404   450   363   462 0.75 ACNH67_004064
ACNH67_004064-T1     -           1659 33413                -           1096   8.1e-54  181.4  19.4   3   6   0.00081      0.23    7.7   0.0   408   472   495   556   489   565 0.84 ACNH67_004064
ACNH67_004064-T1     -           1659 33413                -           1096   8.1e-54  181.4  19.4   4   6       3.5     1e+03   -4.3   9.7   204   322   875   988   846  1013 0.56 ACNH67_004064
ACNH67_004064-T1     -           1659 33413                -           1096   8.1e-54  181.4  19.4   5   6   1.3e-11   3.6e-09   33.6   0.0   479   532  1088  1142  1081  1150 0.86 ACNH67_004064
ACNH67_004064-T1     -           1659 33413                -           1096   8.1e-54  181.4  19.4   6   6   2.9e-35   8.2e-33  111.9   0.0   806   949  1488  1633  1471  1648 0.92 ACNH67_004064
ACNH67_004655-T1     -           2298 33413                -           1096   5.5e-49  165.4   1.2   1   3      0.32        90   -0.9   0.0   337   370   308   341   262   346 0.64 ACNH67_004655
ACNH67_004655-T1     -           2298 33413                -           1096   5.5e-49  165.4   1.2   2   3   3.6e-32     1e-29  101.6   1.9   378   870   398   927   393   932 0.66 ACNH67_004655
ACNH67_004655-T1     -           2298 33413                -           1096   5.5e-49  165.4   1.2   3   3   4.7e-23   1.3e-20   71.4   0.0   878   977   986  1085   978  1093 0.84 ACNH67_004655
ACNH67_000948-T1     -           1402 33413                -           1096   1.1e-47  161.1   8.3   1   4       1.7   4.9e+02   -3.3   1.1   267   374   540   645   526   649 0.64 ACNH67_000948
ACNH67_000948-T1     -           1402 33413                -           1096   1.1e-47  161.1   8.3   2   4   4.3e-05     0.012   11.9   0.0   378   395   694   711   684   722 0.88 ACNH67_000948
ACNH67_000948-T1     -           1402 33413                -           1096   1.1e-47  161.1   8.3   3   4   1.5e-15   4.1e-13   46.6   0.1   411   548   771   915   767   956 0.79 ACNH67_000948
ACNH67_000948-T1     -           1402 33413                -           1096   1.1e-47  161.1   8.3   4   4   1.9e-33   5.3e-31  105.9   0.1   813   987  1219  1390  1164  1395 0.92 ACNH67_000948
ACNH67_000873-T1     -            891 33413                -           1096   8.8e-45  151.5   0.0   1   2   2.7e-25   7.8e-23   78.8   0.0   355   599   377   611   357   620 0.87 ACNH67_000873
ACNH67_000873-T1     -            891 33413                -           1096   8.8e-45  151.5   0.0   2   2   1.2e-22   3.3e-20   70.1   0.1   821   941   686   807   677   813 0.95 ACNH67_000873
ACNH67_000211-T1     -            136 33413                -           1096     0.004   13.5   0.0   1   1   1.6e-05    0.0046   13.3   0.0   890   940    78   128    72   135 0.93 ACNH67_000211
ACNH67_003972-T1     -            469 33413                -           1096    0.0079   12.6   0.3   1   1   3.8e-05     0.011   12.1   0.3   818   922   297   391   204   411 0.84 ACNH67_003972
ACNH67_004999-T1     -            202 33413                -           1096       2.5    4.3  11.6   1   1     0.011         3    4.0  11.6   155   295    43   183    32   196 0.63 ACNH67_004999
ACNH67_002540-T1     -           1438 33413                -           1096       2.9    4.1  17.9   1   1     0.014         4    3.6  17.9   191   313   181   301   136   344 0.46 ACNH67_002540
ACNH67_002632-T1     -            206 33413                -           1096       3.6    3.7  11.5   1   1     0.015       4.3    3.5  11.5   186   337    15   166     2   193 0.60 ACNH67_002632
ACNH67_005532-T1     -            822 33413                -           1096       4.4    3.5  11.8   1   1     0.024       6.7    2.9  11.8   203   336   532   663   519   685 0.64 ACNH67_005532
ACNH67_001086-T1     -            310 33413                -           1096       5.2    3.2  11.4   1   1     0.023       6.5    2.9  11.4   181   232    45    96     4   136 0.51 ACNH67_001086
#
# Program:         hmmsearch
# Version:         3.1b2 (February 2015)
# Pipeline mode:   SEARCH
# Query file:      /home/edouard/GregarineStuff/Lgryllorum_Genome_analysis/Funannotate/Run_v3/species_train/annotate_results/busco_downloads/lineages/apicomplexa_odb12/hmms/33413at5794.hmm
# Target file:     /home/edouard/GregarineStuff/Lgryllorum_Genome_analysis/Funannotate/Run_v3/species_train/annotate_results/Leidyana_gryllorum.proteins.fa
# Option settings: hmmsearch --domtblout /home/edouard/GregarineStuff/Lgryllorum_Genome_analysis/Funannotate/Run_v3/species_train/annotate_results/busco/run_apicomplexa_odb12/hmmer_output/initial_run_results/33413at5794.out --cpu 1 /home/edouard/GregarineStuff/Lgryllorum_Genome_analysis/Funannotate/Run_v3/species_train/annotate_results/busco_downloads/lineages/apicomplexa_odb12/hmms/33413at5794.hmm /home/edouard/GregarineStuff/Lgryllorum_Genome_analysis/Funannotate/Run_v3/species_train/annotate_results/Leidyana_gryllorum.proteins.fa 
# Current dir:     /home/edouard/GregarineStuff/Lgryllorum_Genome_analysis/Funannotate/Run_v3/species_train/annotate_results
# Date:            Tue Apr  1 17:37:47 2025
# [ok]
