#                                                                            --- full sequence --- -------------- this domain -------------   hmm coord   ali coord   env coord
# target name        accession   tlen query name           accession   qlen   E-value  score  bias   #  of  c-Evalue  i-Evalue  score  bias  from    to  from    to  from    to  acc description of target
#------------------- ---------- ----- -------------------- ---------- ----- --------- ------ ----- --- --- --------- --------- ------ ----- ----- ----- ----- ----- ----- ----- ---- ---------------------
ACNH67_004971-T1     -            811 33556                -            417   7.2e-89  296.6   8.2   1   4   0.00089      0.72    6.7   0.0     4    42    60    98    57   116 0.77 ACNH67_004971
ACNH67_004971-T1     -            811 33556                -            417   7.2e-89  296.6   8.2   2   4     0.082        66    0.2   0.0    36    60   127   151   112   159 0.80 ACNH67_004971
ACNH67_004971-T1     -            811 33556                -            417   7.2e-89  296.6   8.2   3   4   4.9e-47     4e-44  149.2   3.2    42   189   187   333   163   355 0.83 ACNH67_004971
ACNH67_004971-T1     -            811 33556                -            417   7.2e-89  296.6   8.2   4   4   3.9e-44   3.2e-41  139.6   0.0   206   319   664   778   655   810 0.86 ACNH67_004971
ACNH67_002992-T1     -            528 33556                -            417   8.6e-45  151.4   0.0   1   1   1.4e-47   1.1e-44  151.0   0.0    50   372   159   485   108   524 0.75 ACNH67_002992
ACNH67_000541-T1     -            499 33556                -            417   7.7e-34  115.3   0.0   1   2     1e-13   8.2e-11   39.5   0.0   105   194   146   234   135   261 0.84 ACNH67_000541
ACNH67_000541-T1     -            499 33556                -            417   7.7e-34  115.3   0.0   2   2   4.3e-24   3.5e-21   73.6   0.0   204   380   304   476   293   494 0.85 ACNH67_000541
ACNH67_001577-T1     -            712 33556                -            417   0.00014   19.0   0.1   1   3   5.2e-06    0.0042   14.1   0.0   202   293   175   266   146   280 0.69 ACNH67_001577
ACNH67_001577-T1     -            712 33556                -            417   0.00014   19.0   0.1   2   3     0.028        23    1.8   0.0   118   165   261   311   255   321 0.69 ACNH67_001577
ACNH67_001577-T1     -            712 33556                -            417   0.00014   19.0   0.1   3   3      0.21   1.7e+02   -1.1   0.0    23    59   502   539   489   553 0.66 ACNH67_001577
ACNH67_002909-T1     -           3043 33556                -            417    0.0037   14.3   0.2   1   2    0.0041       3.3    4.5   0.0   207   227  2247  2267  2224  2271 0.85 ACNH67_002909
ACNH67_002909-T1     -           3043 33556                -            417    0.0037   14.3   0.2   2   2   0.00059      0.48    7.3   0.1   203   237  2849  2882  2842  2890 0.83 ACNH67_002909
ACNH67_004407-T1     -            366 33556                -            417    0.0093   12.9   0.0   1   1     2e-05     0.016   12.1   0.0   205   227    63    85    58   121 0.82 ACNH67_004407
ACNH67_002552-T1     -            341 33556                -            417     0.014   12.4   0.0   1   1     4e-05     0.032   11.2   0.0   207   262    64   120    56   122 0.70 ACNH67_002552
#
# Program:         hmmsearch
# Version:         3.1b2 (February 2015)
# Pipeline mode:   SEARCH
# Query file:      /home/edouard/GregarineStuff/Lgryllorum_Genome_analysis/Funannotate/Run_v3/species_train/annotate_results/busco_downloads/lineages/apicomplexa_odb12/hmms/33556at5794.hmm
# Target file:     /home/edouard/GregarineStuff/Lgryllorum_Genome_analysis/Funannotate/Run_v3/species_train/annotate_results/Leidyana_gryllorum.proteins.fa
# Option settings: hmmsearch --domtblout /home/edouard/GregarineStuff/Lgryllorum_Genome_analysis/Funannotate/Run_v3/species_train/annotate_results/busco/run_apicomplexa_odb12/hmmer_output/initial_run_results/33556at5794.out --cpu 1 /home/edouard/GregarineStuff/Lgryllorum_Genome_analysis/Funannotate/Run_v3/species_train/annotate_results/busco_downloads/lineages/apicomplexa_odb12/hmms/33556at5794.hmm /home/edouard/GregarineStuff/Lgryllorum_Genome_analysis/Funannotate/Run_v3/species_train/annotate_results/Leidyana_gryllorum.proteins.fa 
# Current dir:     /home/edouard/GregarineStuff/Lgryllorum_Genome_analysis/Funannotate/Run_v3/species_train/annotate_results
# Date:            Tue Apr  1 17:37:49 2025
# [ok]
