#                                                                            --- full sequence --- -------------- this domain -------------   hmm coord   ali coord   env coord
# target name        accession   tlen query name           accession   qlen   E-value  score  bias   #  of  c-Evalue  i-Evalue  score  bias  from    to  from    to  from    to  acc description of target
#------------------- ---------- ----- -------------------- ---------- ----- --------- ------ ----- --- --- --------- --------- ------ ----- ----- ----- ----- ----- ----- ----- ---- ---------------------
ACNH67_000830-T1     -            367 33766                -            230   3.2e-73  244.5   0.2   1   2   1.1e-58   1.8e-56  189.7   0.3     7   149    83   229    78   267 0.84 ACNH67_000830
ACNH67_000830-T1     -            367 33766                -            230   3.2e-73  244.5   0.2   2   2     8e-17   1.4e-14   52.7   0.0   162   227   291   356   285   359 0.94 ACNH67_000830
ACNH67_004592-T1     -            718 33766                -            230     8e-25   86.2   4.7   1   6   7.1e-05     0.012   13.6   0.0    67   103    56    92     3   106 0.76 ACNH67_004592
ACNH67_004592-T1     -            718 33766                -            230     8e-25   86.2   4.7   2   6   1.3e-06   0.00023   19.2   0.0    34   129   211   311   206   388 0.86 ACNH67_004592
ACNH67_004592-T1     -            718 33766                -            230     8e-25   86.2   4.7   3   6     0.011         2    6.4   0.0    40    98   422   477   411   492 0.68 ACNH67_004592
ACNH67_004592-T1     -            718 33766                -            230     8e-25   86.2   4.7   4   6   4.7e-06    0.0008   17.5   0.1   144   201   495   552   479   556 0.81 ACNH67_004592
ACNH67_004592-T1     -            718 33766                -            230     8e-25   86.2   4.7   5   6    0.0019      0.33    8.9   0.1    66   100   571   605   569   625 0.82 ACNH67_004592
ACNH67_004592-T1     -            718 33766                -            230     8e-25   86.2   4.7   6   6   1.4e-05    0.0024   15.9   0.1   152   224   624   701   606   706 0.76 ACNH67_004592
ACNH67_001131-T1     -            133 33766                -            230   1.9e-24   85.0   0.0   1   1   1.2e-26   2.1e-24   84.8   0.0    19   119     3   102     1   117 0.93 ACNH67_001131
ACNH67_002393-T1     -            683 33766                -            230   5.2e-21   73.7   2.1   1   4      0.11        18    3.2   0.0    36    78    20    65     5    68 0.74 ACNH67_002393
ACNH67_002393-T1     -            683 33766                -            230   5.2e-21   73.7   2.1   2   4   1.3e-05    0.0021   16.1   0.0    24    93   144   211   122   232 0.72 ACNH67_002393
ACNH67_002393-T1     -            683 33766                -            230   5.2e-21   73.7   2.1   3   4    0.0012       0.2    9.6   2.0    39    95   245   301   219   382 0.72 ACNH67_002393
ACNH67_002393-T1     -            683 33766                -            230   5.2e-21   73.7   2.1   4   4   5.2e-12   8.9e-10   36.9   0.0    36   121   404   491   400   497 0.91 ACNH67_002393
ACNH67_004487-T1     -            380 33766                -            230   3.7e-15   54.5   1.6   1   4    0.0014      0.24    9.3   0.0    65   106     3    47     1    57 0.79 ACNH67_004487
ACNH67_004487-T1     -            380 33766                -            230   3.7e-15   54.5   1.6   2   4   2.1e-06   0.00036   18.6   0.1   156   225    52   127    43   130 0.78 ACNH67_004487
ACNH67_004487-T1     -            380 33766                -            230   3.7e-15   54.5   1.6   3   4   1.3e-05    0.0022   16.0   0.1    40   103    75   144    72   150 0.80 ACNH67_004487
ACNH67_004487-T1     -            380 33766                -            230   3.7e-15   54.5   1.6   4   4   6.8e-08   1.2e-05   23.5   0.1    40    98   245   306   219   318 0.84 ACNH67_004487
ACNH67_002500-T1     -            211 33766                -            230   1.1e-14   53.0   0.0   1   2     9e-07   0.00015   19.8   0.0    19   116    18   114    10   119 0.82 ACNH67_002500
ACNH67_002500-T1     -            211 33766                -            230   1.1e-14   53.0   0.0   2   2   2.3e-10     4e-08   31.5   0.0    37   105   119   190   104   202 0.85 ACNH67_002500
ACNH67_004797-T1     -            396 33766                -            230   1.9e-14   52.2   0.0   1   3    0.0012      0.21    9.6   0.1    36   116    31   114    13   124 0.83 ACNH67_004797
ACNH67_004797-T1     -            396 33766                -            230   1.9e-14   52.2   0.0   2   3   4.2e-11   7.3e-09   33.9   0.0     4   107   103   208   100   218 0.83 ACNH67_004797
ACNH67_004797-T1     -            396 33766                -            230   1.9e-14   52.2   0.0   3   3    0.0035       0.6    8.1   0.0    37   100   324   386   322   392 0.82 ACNH67_004797
ACNH67_000813-T1     -            561 33766                -            230   6.9e-11   40.6   0.0   1   1   1.3e-12   2.3e-10   38.9   0.0    20   113    51   142    37   162 0.81 ACNH67_000813
ACNH67_004134-T1     -            621 33766                -            230   6.2e-09   34.2   0.0   1   3   2.3e-05     0.004   15.2   0.0    37    98   165   228   161   243 0.85 ACNH67_004134
ACNH67_004134-T1     -            621 33766                -            230   6.2e-09   34.2   0.0   2   3     0.047         8    4.4   0.0    65    97   300   332   273   334 0.88 ACNH67_004134
ACNH67_004134-T1     -            621 33766                -            230   6.2e-09   34.2   0.0   3   3   0.00086      0.15   10.1   0.0    65    98   415   448   408   460 0.92 ACNH67_004134
ACNH67_003464-T1     -           1814 33766                -            230   3.5e-08   31.7   0.0   1   3   0.00082      0.14   10.1   0.0    23   101  1396  1474  1373  1483 0.86 ACNH67_003464
ACNH67_003464-T1     -           1814 33766                -            230   3.5e-08   31.7   0.0   2   3     0.096        16    3.3   0.0   159   189  1476  1506  1466  1512 0.87 ACNH67_003464
ACNH67_003464-T1     -           1814 33766                -            230   3.5e-08   31.7   0.0   3   3   8.5e-05     0.015   13.3   0.0   157   227  1664  1741  1641  1744 0.80 ACNH67_003464
ACNH67_004179-T1     -            426 33766                -            230   1.3e-07   29.8   0.0   1   2    0.0034      0.59    8.1   0.0    28    85   118   173    94   197 0.76 ACNH67_004179
ACNH67_004179-T1     -            426 33766                -            230   1.3e-07   29.8   0.0   2   2   1.1e-06   0.00019   19.5   0.0    22   101   245   321   229   346 0.75 ACNH67_004179
ACNH67_002556-T1     -           1967 33766                -            230   6.1e-07   27.7   0.0   1   4       8.5   1.5e+03   -3.0   0.0   155   210  1391  1448  1380  1452 0.60 ACNH67_002556
ACNH67_002556-T1     -           1967 33766                -            230   6.1e-07   27.7   0.0   2   4     0.032       5.4    4.9   0.0    43    92  1545  1596  1538  1607 0.82 ACNH67_002556
ACNH67_002556-T1     -           1967 33766                -            230   6.1e-07   27.7   0.0   3   4       2.9   4.9e+02   -1.5   0.0    41   223  1722  1766  1700  1796 0.54 ACNH67_002556
ACNH67_002556-T1     -           1967 33766                -            230   6.1e-07   27.7   0.0   4   4   3.8e-06   0.00065   17.7   0.0    17   101  1833  1915  1822  1933 0.88 ACNH67_002556
ACNH67_002495-T1     -            856 33766                -            230   1.3e-06   26.6   0.0   1   1   1.2e-08     2e-06   25.9   0.0    38   106   691   762   674   779 0.85 ACNH67_002495
ACNH67_005602-T1     -            390 33766                -            230   1.9e-06   26.0   0.6   1   5       4.1     7e+02   -2.0   8.9   103   164     3    64     1    68 0.86 ACNH67_005602
ACNH67_005602-T1     -            390 33766                -            230   1.9e-06   26.0   0.6   2   5       1.9   3.3e+02   -0.9   1.9   103   125    77    99    72   143 0.71 ACNH67_005602
ACNH67_005602-T1     -            390 33766                -            230   1.9e-06   26.0   0.6   3   5   1.7e-07   2.9e-05   22.2   0.2   141   219   168   249   135   257 0.75 ACNH67_005602
ACNH67_005602-T1     -            390 33766                -            230   1.9e-06   26.0   0.6   4   5   0.00087      0.15   10.0   0.0    65    97   231   262   226   272 0.90 ACNH67_005602
ACNH67_005602-T1     -            390 33766                -            230   1.9e-06   26.0   0.6   5   5       8.3   1.4e+03   -3.0   0.0    38    58   284   304   282   306 0.82 ACNH67_005602
ACNH67_004319-T1     -            163 33766                -            230   2.7e-06   25.6   0.0   1   1     2e-08   3.5e-06   25.2   0.0    37   111    80   157    75   163 0.86 ACNH67_004319
ACNH67_003758-T1     -            409 33766                -            230   4.8e-06   24.7   0.6   1   2     0.002      0.35    8.8   0.0   164   198   187   221   175   228 0.90 ACNH67_003758
ACNH67_003758-T1     -            409 33766                -            230   4.8e-06   24.7   0.6   2   2   3.3e-07   5.6e-05   21.2   0.0    38   116   200   280   195   362 0.77 ACNH67_003758
ACNH67_002655-T1     -            421 33766                -            230   5.2e-06   24.6   0.1   1   3      0.82   1.4e+02    0.3   0.0   154   189    22    57     7    67 0.80 ACNH67_002655
ACNH67_002655-T1     -            421 33766                -            230   5.2e-06   24.6   0.1   2   3       5.9     1e+03   -2.5   0.0    66    85    77    96    76   100 0.85 ACNH67_002655
ACNH67_002655-T1     -            421 33766                -            230   5.2e-06   24.6   0.1   3   3   4.7e-07     8e-05   20.7   0.0    39   131   262   350   234   388 0.71 ACNH67_002655
ACNH67_001540-T1     -            330 33766                -            230   2.9e-05   22.2   0.0   1   1   2.5e-07   4.2e-05   21.6   0.0    12   106    89   181    58   215 0.81 ACNH67_001540
ACNH67_001641-T1     -            276 33766                -            230   3.9e-05   21.7   0.8   1   3       0.2        35    2.3   0.1   108   136    54    82    47   125 0.73 ACNH67_001641
ACNH67_001641-T1     -            276 33766                -            230   3.9e-05   21.7   0.8   2   3     0.083        14    3.5   0.0   157   188   181   212   161   225 0.85 ACNH67_001641
ACNH67_001641-T1     -            276 33766                -            230   3.9e-05   21.7   0.8   3   3   0.00015     0.026   12.5   0.1    65   104   231   270   229   275 0.94 ACNH67_001641
ACNH67_000045-T1     -            253 33766                -            230   7.5e-05   20.8   0.0   1   1   6.3e-07   0.00011   20.3   0.0    12    98   100   185    90   196 0.78 ACNH67_000045
ACNH67_003649-T1     -            129 33766                -            230   7.5e-05   20.8   0.0   1   1     6e-07    0.0001   20.4   0.0    40   124    15   102    10   105 0.90 ACNH67_003649
ACNH67_002845-T1     -            567 33766                -            230    0.0004   18.4   0.0   1   2      0.02       3.5    5.5   0.0    39    77   201   242   197   254 0.82 ACNH67_002845
ACNH67_002845-T1     -            567 33766                -            230    0.0004   18.4   0.0   2   2    0.0006       0.1   10.6   0.0    40    79   295   337   283   342 0.87 ACNH67_002845
ACNH67_001422-T1     -            642 33766                -            230   0.00042   18.4   0.0   1   2      0.06        10    4.0   0.0   128   189   150   208   128   220 0.71 ACNH67_001422
ACNH67_001422-T1     -            642 33766                -            230   0.00042   18.4   0.0   2   2   0.00025     0.043   11.8   0.1    66   102   230   265   227   282 0.87 ACNH67_001422
ACNH67_004646-T1     -            221 33766                -            230    0.0007   17.6   0.0   1   2    0.0046      0.78    7.7   0.0    22    93    22    91     3   101 0.75 ACNH67_004646
ACNH67_004646-T1     -            221 33766                -            230    0.0007   17.6   0.0   2   2     0.012         2    6.3   0.0    64    95   175   206   117   210 0.68 ACNH67_004646
ACNH67_001826-T1     -            103 33766                -            230   0.00077   17.5   0.0   1   1   5.4e-06   0.00092   17.3   0.0    39   106    22    92    17   101 0.86 ACNH67_001826
ACNH67_004386-T1     -            133 33766                -            230   0.00097   17.2   0.0   1   1   7.4e-06    0.0013   16.8   0.0     7    99    18   109    12   123 0.79 ACNH67_004386
ACNH67_004212-T1     -            275 33766                -            230    0.0025   15.9   0.0   1   1   2.1e-05    0.0035   15.3   0.0    44   113    95   167    91   177 0.86 ACNH67_004212
ACNH67_002995-T1     -            211 33766                -            230    0.0073   14.3   0.1   1   2    0.0083       1.4    6.8   0.0   165   200    62    97    23   102 0.89 ACNH67_002995
ACNH67_002995-T1     -            211 33766                -            230    0.0073   14.3   0.1   2   2     0.018       3.2    5.7   0.1    65   149   104   189   103   202 0.67 ACNH67_002995
ACNH67_004698-T1     -            460 33766                -            230    0.0088   14.0   0.0   1   2       0.1        17    3.3   0.0    43    84   120   164   113   171 0.76 ACNH67_004698
ACNH67_004698-T1     -            460 33766                -            230    0.0088   14.0   0.0   2   2    0.0032      0.55    8.2   0.0   165   225   202   268   198   279 0.73 ACNH67_004698
ACNH67_005240-T1     -            433 33766                -            230     0.011   13.8   0.0   1   1   9.9e-05     0.017   13.1   0.0   179   227   326   374   271   377 0.71 ACNH67_005240
ACNH67_005452-T1     -            524 33766                -            230     0.017   13.1   0.0   1   1   0.00015     0.026   12.5   0.0    40   103   126   192   119   208 0.83 ACNH67_005452
ACNH67_005285-T1     -           1266 33766                -            230     0.019   13.0   0.0   1   1   0.00021     0.036   12.0   0.0    17    99    80   164    66   174 0.76 ACNH67_005285
ACNH67_002310-T1     -            271 33766                -            230     0.029   12.4   0.0   1   1   0.00023      0.04   11.9   0.0    39   120    64   148    59   150 0.79 ACNH67_002310
#
# Program:         hmmsearch
# Version:         3.1b2 (February 2015)
# Pipeline mode:   SEARCH
# Query file:      /home/edouard/GregarineStuff/Lgryllorum_Genome_analysis/Funannotate/Run_v3/species_train/annotate_results/busco_downloads/lineages/apicomplexa_odb12/hmms/33766at5794.hmm
# Target file:     /home/edouard/GregarineStuff/Lgryllorum_Genome_analysis/Funannotate/Run_v3/species_train/annotate_results/Leidyana_gryllorum.proteins.fa
# Option settings: hmmsearch --domtblout /home/edouard/GregarineStuff/Lgryllorum_Genome_analysis/Funannotate/Run_v3/species_train/annotate_results/busco/run_apicomplexa_odb12/hmmer_output/initial_run_results/33766at5794.out --cpu 1 /home/edouard/GregarineStuff/Lgryllorum_Genome_analysis/Funannotate/Run_v3/species_train/annotate_results/busco_downloads/lineages/apicomplexa_odb12/hmms/33766at5794.hmm /home/edouard/GregarineStuff/Lgryllorum_Genome_analysis/Funannotate/Run_v3/species_train/annotate_results/Leidyana_gryllorum.proteins.fa 
# Current dir:     /home/edouard/GregarineStuff/Lgryllorum_Genome_analysis/Funannotate/Run_v3/species_train/annotate_results
# Date:            Tue Apr  1 17:37:50 2025
# [ok]
