#                                                                            --- full sequence --- -------------- this domain -------------   hmm coord   ali coord   env coord
# target name        accession   tlen query name           accession   qlen   E-value  score  bias   #  of  c-Evalue  i-Evalue  score  bias  from    to  from    to  from    to  acc description of target
#------------------- ---------- ----- -------------------- ---------- ----- --------- ------ ----- --- --- --------- --------- ------ ----- ----- ----- ----- ----- ----- ----- ---- ---------------------
ACNH67_002848-T1     -            852 33786                -            427  6.4e-168  557.0   0.0   1   2   2.5e-93   1.6e-91  305.3   0.0     4   255    58   318    55   339 0.84 ACNH67_002848
ACNH67_002848-T1     -            852 33786                -            427  6.4e-168  557.0   0.0   2   2   1.8e-76   1.2e-74  249.8   0.0   242   426   517   710   496   711 0.92 ACNH67_002848
ACNH67_004036-T1     -            504 33786                -            427   4.8e-41  139.0   0.0   1   3     0.023       1.5    5.6   0.0    39    93   185   238   180   245 0.86 ACNH67_004036
ACNH67_004036-T1     -            504 33786                -            427   4.8e-41  139.0   0.0   2   3   6.3e-12   4.2e-10   37.1   0.0   131   196   256   320   245   334 0.89 ACNH67_004036
ACNH67_004036-T1     -            504 33786                -            427   4.8e-41  139.0   0.0   3   3     1e-28   6.8e-27   92.4   0.0   268   425   339   501   332   503 0.81 ACNH67_004036
ACNH67_004832-T1     -            867 33786                -            427   6.3e-37  125.5   0.9   1   2   7.8e-11   5.1e-09   33.5   1.6    34   196   537   690   531   695 0.75 ACNH67_004832
ACNH67_004832-T1     -            867 33786                -            427   6.3e-37  125.5   0.9   2   2   5.2e-27   3.4e-25   86.8   0.0   263   426   689   857   688   858 0.87 ACNH67_004832
ACNH67_003077-T1     -            558 33786                -            427   3.5e-36  123.0   1.1   1   3   6.5e-15   4.3e-13   46.9   0.6    23   199   189   348   179   351 0.86 ACNH67_003077
ACNH67_003077-T1     -            558 33786                -            427   3.5e-36  123.0   1.1   2   3   1.1e-19   7.5e-18   62.6   0.0   267   404   347   484   345   495 0.80 ACNH67_003077
ACNH67_003077-T1     -            558 33786                -            427   3.5e-36  123.0   1.1   3   3     0.011      0.76    6.6   0.0   392   426   512   546   505   547 0.91 ACNH67_003077
ACNH67_005260-T1     -            397 33786                -            427   6.8e-23   79.2   0.1   1   3       4.6   3.1e+02   -2.0   0.0    37    79   108   149   105   164 0.75 ACNH67_005260
ACNH67_005260-T1     -            397 33786                -            427   6.8e-23   79.2   0.1   2   3   1.7e-09   1.1e-07   29.1   0.1   121   199   171   250   136   253 0.85 ACNH67_005260
ACNH67_005260-T1     -            397 33786                -            427   6.8e-23   79.2   0.1   3   3   2.2e-15   1.4e-13   48.5   0.0   267   414   249   393   247   397 0.74 ACNH67_005260
ACNH67_005244-T1     -            386 33786                -            427   7.5e-20   69.2   0.0   1   2   3.8e-08   2.5e-06   24.6   0.1   130   199   101   171    36   175 0.76 ACNH67_005244
ACNH67_005244-T1     -            386 33786                -            427   7.5e-20   69.2   0.0   2   2   7.3e-14   4.8e-12   43.5   0.0   268   425   171   321   168   323 0.82 ACNH67_005244
ACNH67_001957-T1     -            771 33786                -            427   3.5e-18   63.7   0.0   1   2   8.3e-07   5.5e-05   20.2   0.0   156   200   527   570   524   586 0.88 ACNH67_001957
ACNH67_001957-T1     -            771 33786                -            427   3.5e-18   63.7   0.0   2   2   3.9e-13   2.6e-11   41.1   0.0   263   426   611   769   591   770 0.83 ACNH67_001957
ACNH67_000097-T1     -            410 33786                -            427   5.9e-18   62.9   0.0   1   3   8.1e-08   5.3e-06   23.6   0.0   103   198    96   193    67   214 0.76 ACNH67_000097
ACNH67_000097-T1     -            410 33786                -            427   5.9e-18   62.9   0.0   2   3   8.3e-09   5.5e-07   26.8   0.0   286   332   269   316   248   325 0.83 ACNH67_000097
ACNH67_000097-T1     -            410 33786                -            427   5.9e-18   62.9   0.0   3   3    0.0022      0.15    8.9   0.0   400   426   375   401   363   402 0.89 ACNH67_000097
ACNH67_001409-T1     -            502 33786                -            427     1e-17   62.2   0.7   1   4    0.0025      0.17    8.8   0.0    36    99    36   101     7   119 0.80 ACNH67_001409
ACNH67_001409-T1     -            502 33786                -            427     1e-17   62.2   0.7   2   4   7.8e-07   5.1e-05   20.3   0.1   166   199   148   180   146   186 0.86 ACNH67_001409
ACNH67_001409-T1     -            502 33786                -            427     1e-17   62.2   0.7   3   4   5.7e-06   0.00038   17.5   0.0   269   329   183   243   177   254 0.83 ACNH67_001409
ACNH67_001409-T1     -            502 33786                -            427     1e-17   62.2   0.7   4   4   0.00024     0.015   12.1   0.0   380   427   252   303   248   303 0.80 ACNH67_001409
ACNH67_002449-T1     -            467 33786                -            427   1.4e-17   61.7   0.1   1   4       5.4   3.5e+02   -2.2   0.0   326   369    92   141    90   145 0.58 ACNH67_002449
ACNH67_002449-T1     -            467 33786                -            427   1.4e-17   61.7   0.1   2   4   0.00015      0.01   12.8   0.0   164   197   171   203   168   220 0.83 ACNH67_002449
ACNH67_002449-T1     -            467 33786                -            427   1.4e-17   61.7   0.1   3   4   1.7e-11   1.1e-09   35.7   0.0   284   355   261   327   257   354 0.82 ACNH67_002449
ACNH67_002449-T1     -            467 33786                -            427   1.4e-17   61.7   0.1   4   4    0.0031       0.2    8.5   0.0   395   425   428   458   410   460 0.88 ACNH67_002449
ACNH67_004409-T1     -           2132 33786                -            427   6.6e-17   59.5   3.3   1   4    0.0017      0.11    9.3   0.0    37    91  1629  1686  1616  1718 0.76 ACNH67_004409
ACNH67_004409-T1     -           2132 33786                -            427   6.6e-17   59.5   3.3   2   4   4.4e-06   0.00029   17.8   0.3   166   199  1734  1766  1720  1770 0.90 ACNH67_004409
ACNH67_004409-T1     -           2132 33786                -            427   6.6e-17   59.5   3.3   3   4   1.3e-06   8.8e-05   19.5   0.0   266   325  1766  1826  1763  1838 0.88 ACNH67_004409
ACNH67_004409-T1     -           2132 33786                -            427   6.6e-17   59.5   3.3   4   4   0.00031      0.02   11.8   0.0   382   426  1841  1889  1834  1890 0.77 ACNH67_004409
ACNH67_005221-T1     -            316 33786                -            427   1.9e-16   57.9   0.1   1   3   0.00012    0.0081   13.1   0.0    37    96    38   100    34   112 0.82 ACNH67_005221
ACNH67_005221-T1     -            316 33786                -            427   1.9e-16   57.9   0.1   2   3   2.1e-06   0.00014   18.9   0.1   135   199   113   178   102   181 0.75 ACNH67_005221
ACNH67_005221-T1     -            316 33786                -            427   1.9e-16   57.9   0.1   3   3   3.6e-08   2.3e-06   24.7   0.0   266   335   176   252   173   276 0.77 ACNH67_005221
ACNH67_004295-T1     -            623 33786                -            427     3e-16   57.3   0.0   1   4     0.046         3    4.6   0.0    40    94    58   114    53   128 0.73 ACNH67_004295
ACNH67_004295-T1     -            623 33786                -            427     3e-16   57.3   0.0   2   4     0.087       5.7    3.7   0.0   135   196   205   267   168   277 0.79 ACNH67_004295
ACNH67_004295-T1     -            623 33786                -            427     3e-16   57.3   0.0   3   4     3e-10     2e-08   31.6   0.0   283   332   305   355   300   361 0.88 ACNH67_004295
ACNH67_004295-T1     -            623 33786                -            427     3e-16   57.3   0.0   4   4   0.00027     0.018   11.9   0.0   399   425   425   451   411   453 0.88 ACNH67_004295
ACNH67_001062-T1     -           1824 33786                -            427   3.4e-16   57.1   0.9   1   4      0.15       9.8    2.9   0.0    45    93  1249  1299  1240  1323 0.77 ACNH67_001062
ACNH67_001062-T1     -           1824 33786                -            427   3.4e-16   57.1   0.9   2   4   1.7e-06   0.00011   19.2   0.1   163   200  1342  1378  1335  1383 0.89 ACNH67_001062
ACNH67_001062-T1     -           1824 33786                -            427   3.4e-16   57.1   0.9   3   4   8.1e-08   5.4e-06   23.5   0.0   268   329  1380  1443  1377  1448 0.90 ACNH67_001062
ACNH67_001062-T1     -           1824 33786                -            427   3.4e-16   57.1   0.9   4   4    0.0071      0.47    7.3   0.0   397   426  1476  1505  1464  1506 0.88 ACNH67_001062
ACNH67_003675-T1     -            596 33786                -            427     9e-16   55.8   0.2   1   4       1.5     1e+02   -0.4   0.0    40    94   156   211   147   232 0.76 ACNH67_003675
ACNH67_003675-T1     -            596 33786                -            427     9e-16   55.8   0.2   2   4   9.3e-07   6.1e-05   20.1   0.0   161   195   255   288   228   292 0.86 ACNH67_003675
ACNH67_003675-T1     -            596 33786                -            427     9e-16   55.8   0.2   3   4   3.6e-07   2.4e-05   21.4   0.0   266   335   292   360   288   368 0.88 ACNH67_003675
ACNH67_003675-T1     -            596 33786                -            427     9e-16   55.8   0.2   4   4    0.0021      0.14    9.0   0.1   400   426   386   412   377   413 0.90 ACNH67_003675
ACNH67_003858-T1     -            525 33786                -            427   9.8e-16   55.6   6.0   1   2   0.00038     0.025   11.5   4.2    82   201    35   150     3   173 0.71 ACNH67_003858
ACNH67_003858-T1     -            525 33786                -            427   9.8e-16   55.6   6.0   2   2   3.3e-11   2.2e-09   34.7   0.0   287   425   175   303   170   305 0.78 ACNH67_003858
ACNH67_004964-T1     -            442 33786                -            427   4.1e-15   53.6   1.6   1   4      0.61        40    0.9   0.0    37    96    31    92    28   122 0.76 ACNH67_004964
ACNH67_004964-T1     -            442 33786                -            427   4.1e-15   53.6   1.6   2   4   5.9e-06   0.00039   17.4   0.0   164   224   137   198   131   217 0.66 ACNH67_004964
ACNH67_004964-T1     -            442 33786                -            427   4.1e-15   53.6   1.6   3   4     8e-08   5.3e-06   23.6   0.1   283   323   214   255   209   258 0.88 ACNH67_004964
ACNH67_004964-T1     -            442 33786                -            427   4.1e-15   53.6   1.6   4   4    0.0038      0.25    8.2   0.0   384   425   339   377   283   379 0.61 ACNH67_004964
ACNH67_000126-T1     -            665 33786                -            427   2.2e-14   51.2   0.3   1   4      0.97        64    0.2   0.0    40    94   208   263   201   283 0.81 ACNH67_000126
ACNH67_000126-T1     -            665 33786                -            427   2.2e-14   51.2   0.3   2   4   1.4e-05   0.00092   16.2   0.0   146   197   290   342   273   355 0.73 ACNH67_000126
ACNH67_000126-T1     -            665 33786                -            427   2.2e-14   51.2   0.3   3   4   1.5e-06    0.0001   19.4   0.0   270   336   348   416   342   424 0.73 ACNH67_000126
ACNH67_000126-T1     -            665 33786                -            427   2.2e-14   51.2   0.3   4   4   0.00079     0.052   10.4   0.0   400   426   441   467   430   468 0.91 ACNH67_000126
ACNH67_002523-T1     -            677 33786                -            427   7.3e-14   49.5   0.1   1   3         5   3.3e+02   -2.1   0.0   306   365   322   384   310   432 0.56 ACNH67_002523
ACNH67_002523-T1     -            677 33786                -            427   7.3e-14   49.5   0.1   2   3    0.0056      0.37    7.6   0.0   170   198   471   498   468   501 0.87 ACNH67_002523
ACNH67_002523-T1     -            677 33786                -            427   7.3e-14   49.5   0.1   3   3   1.3e-12   8.4e-11   39.4   0.0   271   336   501   566   496   578 0.90 ACNH67_002523
ACNH67_002165-T1     -           1516 33786                -            427     1e-13   48.9   0.0   1   3      0.04       2.7    4.8   0.0    33    72   705   743   699   749 0.85 ACNH67_002165
ACNH67_002165-T1     -           1516 33786                -            427     1e-13   48.9   0.0   2   3     3e-06    0.0002   18.4   0.0   159   198   918   958   916   983 0.82 ACNH67_002165
ACNH67_002165-T1     -           1516 33786                -            427     1e-13   48.9   0.0   3   3     2e-06   0.00013   18.9   0.0   289   425  1381  1511  1374  1513 0.58 ACNH67_002165
ACNH67_004049-T1     -            914 33786                -            427   1.7e-13   48.3   2.1   1   4      0.67        44    0.8   0.0    43    79   324   359   318   392 0.83 ACNH67_004049
ACNH67_004049-T1     -            914 33786                -            427   1.7e-13   48.3   2.1   2   4   1.3e-06   8.9e-05   19.5   0.1   149   196   405   451   388   461 0.88 ACNH67_004049
ACNH67_004049-T1     -            914 33786                -            427   1.7e-13   48.3   2.1   3   4   0.00017     0.011   12.6   0.1   291   326   514   549   503   573 0.86 ACNH67_004049
ACNH67_004049-T1     -            914 33786                -            427   1.7e-13   48.3   2.1   4   4    0.0003     0.019   11.8   0.1   389   426   583   620   554   621 0.81 ACNH67_004049
ACNH67_003730-T1     -            286 33786                -            427   2.1e-13   48.0   0.2   1   4      0.94        62    0.3   0.0    37    93     2    59     1    74 0.74 ACNH67_003730
ACNH67_003730-T1     -            286 33786                -            427   2.1e-13   48.0   0.2   2   4   0.00031     0.021   11.7   0.0   135   198    75   136    70   143 0.88 ACNH67_003730
ACNH67_003730-T1     -            286 33786                -            427   2.1e-13   48.0   0.2   3   4   2.8e-08   1.8e-06   25.1   0.0   284   335   155   207   134   222 0.77 ACNH67_003730
ACNH67_003730-T1     -            286 33786                -            427   2.1e-13   48.0   0.2   4   4     0.014      0.94    6.3   0.0   400   426   259   285   251   286 0.91 ACNH67_003730
ACNH67_004114-T1     -            514 33786                -            427   2.4e-13   47.8   0.0   1   2    0.0033      0.22    8.3   0.1   166   200    56    89     3   106 0.85 ACNH67_004114
ACNH67_004114-T1     -            514 33786                -            427   2.4e-13   47.8   0.0   2   2   6.8e-12   4.4e-10   37.0   0.0   286   426   195   335   190   336 0.74 ACNH67_004114
ACNH67_004408-T1     -            773 33786                -            427   2.1e-12   44.7   0.5   1   3   0.00045      0.03   11.2   0.0   166   200   145   178   139   185 0.85 ACNH67_004408
ACNH67_004408-T1     -            773 33786                -            427   2.1e-12   44.7   0.5   2   3   2.2e-09   1.4e-07   28.7   0.0   272   333   185   253   180   261 0.80 ACNH67_004408
ACNH67_004408-T1     -            773 33786                -            427   2.1e-12   44.7   0.5   3   3      0.44        29    1.4   0.0   395   425   271   301   253   303 0.79 ACNH67_004408
ACNH67_003146-T1     -            655 33786                -            427   2.3e-12   44.5   0.2   1   3   1.3e-06   8.5e-05   19.6   0.0   163   207   416   459   405   501 0.80 ACNH67_003146
ACNH67_003146-T1     -            655 33786                -            427   2.3e-12   44.5   0.2   2   3   0.00014    0.0091   12.9   0.0   294   332   535   573   505   585 0.89 ACNH67_003146
ACNH67_003146-T1     -            655 33786                -            427   2.3e-12   44.5   0.2   3   3    0.0026      0.17    8.7   0.0   399   426   596   623   585   624 0.89 ACNH67_003146
ACNH67_004277-T1     -            378 33786                -            427   2.3e-12   44.5   0.4   1   2     0.016         1    6.1   0.1   164   194   170   199   140   203 0.86 ACNH67_004277
ACNH67_004277-T1     -            378 33786                -            427   2.3e-12   44.5   0.4   2   2   1.6e-11     1e-09   35.8   0.0   266   347   201   278   197   357 0.73 ACNH67_004277
ACNH67_005582-T1     -            631 33786                -            427   2.8e-12   44.2   0.2   1   4       6.2   4.1e+02   -2.4   0.0    44    94   174   225   170   247 0.60 ACNH67_005582
ACNH67_005582-T1     -            631 33786                -            427   2.8e-12   44.2   0.2   2   4   0.00012    0.0076   13.2   0.0   162   203   270   310   249   316 0.88 ACNH67_005582
ACNH67_005582-T1     -            631 33786                -            427   2.8e-12   44.2   0.2   3   4   6.3e-08   4.2e-06   23.9   0.0   267   336   307   379   302   389 0.72 ACNH67_005582
ACNH67_005582-T1     -            631 33786                -            427   2.8e-12   44.2   0.2   4   4     0.084       5.5    3.7   0.0   400   426   404   430   382   431 0.86 ACNH67_005582
ACNH67_001150-T1     -            290 33786                -            427   4.7e-12   43.5   0.9   1   3   0.00082     0.054   10.4   0.1   107   198    34   119     4   126 0.64 ACNH67_001150
ACNH67_001150-T1     -            290 33786                -            427   4.7e-12   43.5   0.9   2   3   1.6e-07   1.1e-05   22.5   0.0   268   336   122   191   116   194 0.84 ACNH67_001150
ACNH67_001150-T1     -            290 33786                -            427   4.7e-12   43.5   0.9   3   3    0.0029      0.19    8.5   0.1   399   426   215   242   196   243 0.89 ACNH67_001150
ACNH67_004412-T1     -            387 33786                -            427   1.2e-11   42.2   1.5   1   4       4.3   2.8e+02   -1.9   0.0    67    93     3    29     2    36 0.88 ACNH67_004412
ACNH67_004412-T1     -            387 33786                -            427   1.2e-11   42.2   1.5   2   4    0.0015       0.1    9.5   0.1   165   198    78   110    72   118 0.87 ACNH67_004412
ACNH67_004412-T1     -            387 33786                -            427   1.2e-11   42.2   1.5   3   4   1.4e-08     9e-07   26.1   0.0   288   333   133   178   112   187 0.84 ACNH67_004412
ACNH67_004412-T1     -            387 33786                -            427   1.2e-11   42.2   1.5   4   4     0.092         6    3.6   0.0   396   426   200   230   182   231 0.82 ACNH67_004412
ACNH67_005443-T1     -            702 33786                -            427   1.3e-11   42.0   0.3   1   3    0.0072      0.47    7.3   0.2   172   201   159   190   148   195 0.80 ACNH67_005443
ACNH67_005443-T1     -            702 33786                -            427   1.3e-11   42.0   0.3   2   3   3.1e-10     2e-08   31.5   0.0   288   326   211   249   190   274 0.76 ACNH67_005443
ACNH67_005443-T1     -            702 33786                -            427   1.3e-11   42.0   0.3   3   3       3.7   2.4e+02   -1.7   0.0   393   419   277   303   273   306 0.83 ACNH67_005443
ACNH67_004075-T1     -            655 33786                -            427     2e-11   41.4   0.3   1   4     0.055       3.6    4.3   0.0   339   372   246   281   236   285 0.89 ACNH67_004075
ACNH67_004075-T1     -            655 33786                -            427     2e-11   41.4   0.3   2   4    0.0027      0.18    8.7   0.0   166   200   281   314   278   323 0.79 ACNH67_004075
ACNH67_004075-T1     -            655 33786                -            427     2e-11   41.4   0.3   3   4   2.4e-05    0.0016   15.4   0.0   271   332   318   380   308   387 0.83 ACNH67_004075
ACNH67_004075-T1     -            655 33786                -            427     2e-11   41.4   0.3   4   4    0.0011      0.07   10.0   0.0   380   426   386   436   382   437 0.80 ACNH67_004075
ACNH67_004293-T1     -            322 33786                -            427   4.4e-11   40.3   0.0   1   4       1.1        74    0.0   0.0    36    92    38    95     7   129 0.65 ACNH67_004293
ACNH67_004293-T1     -            322 33786                -            427   4.4e-11   40.3   0.0   2   4    0.0005     0.033   11.1   0.0   165   201   151   186   139   194 0.86 ACNH67_004293
ACNH67_004293-T1     -            322 33786                -            427   4.4e-11   40.3   0.0   3   4   9.9e-05    0.0065   13.4   0.0   291   336   213   257   184   264 0.76 ACNH67_004293
ACNH67_004293-T1     -            322 33786                -            427   4.4e-11   40.3   0.0   4   4   0.00065     0.043   10.7   0.0   398   426   280   308   269   309 0.90 ACNH67_004293
ACNH67_003262-T1     -           1267 33786                -            427   8.2e-11   39.4   0.2   1   3    0.0059      0.39    7.5   0.0   168   198   126   155   104   170 0.84 ACNH67_003262
ACNH67_003262-T1     -           1267 33786                -            427   8.2e-11   39.4   0.2   2   3   3.5e-08   2.3e-06   24.8   0.0   286   325   176   215   156   222 0.84 ACNH67_003262
ACNH67_003262-T1     -           1267 33786                -            427   8.2e-11   39.4   0.2   3   3      0.11       7.3    3.3   0.0   397   426   245   274   238   275 0.89 ACNH67_003262
ACNH67_002277-T1     -            486 33786                -            427     9e-11   39.3   0.0   1   3    0.0017      0.11    9.3   0.0    43    84   147   187   138   219 0.76 ACNH67_002277
ACNH67_002277-T1     -            486 33786                -            427     9e-11   39.3   0.0   2   3   3.2e-06   0.00021   18.3   0.0   172   201   271   300   259   324 0.89 ACNH67_002277
ACNH67_002277-T1     -            486 33786                -            427     9e-11   39.3   0.0   3   3    0.0042      0.28    8.0   0.0   308   360   359   413   347   465 0.82 ACNH67_002277
ACNH67_002957-T1     -            477 33786                -            427     1e-10   39.1   0.7   1   3    0.0046      0.31    7.9   0.0   164   199   123   157    90   179 0.80 ACNH67_002957
ACNH67_002957-T1     -            477 33786                -            427     1e-10   39.1   0.7   2   3   5.2e-06   0.00034   17.6   0.0   292   331   184   225   170   234 0.80 ACNH67_002957
ACNH67_002957-T1     -            477 33786                -            427     1e-10   39.1   0.7   3   3   0.00093     0.061   10.2   0.1   400   426   292   318   287   319 0.91 ACNH67_002957
ACNH67_001032-T1     -            605 33786                -            427   1.2e-10   38.9   1.0   1   3     0.011      0.73    6.6   0.0   165   204   241   279   239   286 0.86 ACNH67_001032
ACNH67_001032-T1     -            605 33786                -            427   1.2e-10   38.9   1.0   2   3   4.3e-05    0.0029   14.6   0.0   268   327   276   336   273   346 0.76 ACNH67_001032
ACNH67_001032-T1     -            605 33786                -            427   1.2e-10   38.9   1.0   3   3   1.7e-05    0.0011   15.9   0.0   394   426   365   397   342   398 0.79 ACNH67_001032
ACNH67_004244-T1     -            846 33786                -            427   3.1e-10   37.5   0.3   1   3     0.079       5.2    3.8   0.0    36   135    42   135    36   137 0.73 ACNH67_004244
ACNH67_004244-T1     -            846 33786                -            427   3.1e-10   37.5   0.3   2   3     0.016       1.1    6.1   0.0   168   199   229   259   225   275 0.87 ACNH67_004244
ACNH67_004244-T1     -            846 33786                -            427   3.1e-10   37.5   0.3   3   3   2.7e-07   1.8e-05   21.8   0.0   268   333   258   324   254   400 0.76 ACNH67_004244
ACNH67_000828-T1     -            471 33786                -            427   1.2e-09   35.6   0.9   1   4     0.018       1.2    5.9   0.0   176   199   156   178   140   189 0.77 ACNH67_000828
ACNH67_000828-T1     -            471 33786                -            427   1.2e-09   35.6   0.9   2   4   1.7e-06   0.00011   19.2   0.0   287   323   205   242   191   279 0.84 ACNH67_000828
ACNH67_000828-T1     -            471 33786                -            427   1.2e-09   35.6   0.9   3   4      0.01      0.69    6.7   0.0   401   426   316   341   308   342 0.92 ACNH67_000828
ACNH67_000828-T1     -            471 33786                -            427   1.2e-09   35.6   0.9   4   4       7.6     5e+02   -2.7   0.5   200   235   395   430   372   444 0.50 ACNH67_000828
ACNH67_002049-T1     -            352 33786                -            427   1.4e-09   35.3   0.4   1   3       1.1        70    0.1   0.0    44   102   112   175   105   200 0.64 ACNH67_002049
ACNH67_002049-T1     -            352 33786                -            427   1.4e-09   35.3   0.4   2   3   0.00035     0.023   11.6   0.1   167   197   213   242   209   246 0.88 ACNH67_002049
ACNH67_002049-T1     -            352 33786                -            427   1.4e-09   35.3   0.4   3   3   9.8e-07   6.4e-05   20.0   0.0   271   325   246   300   242   309 0.94 ACNH67_002049
ACNH67_002687-T1     -            638 33786                -            427   1.8e-09   35.0   0.1   1   4   7.2e-05    0.0048   13.8   0.0   165   211   279   324   240   374 0.72 ACNH67_002687
ACNH67_002687-T1     -            638 33786                -            427   1.8e-09   35.0   0.1   2   4   0.00093     0.061   10.2   0.0   284   336   368   420   362   437 0.76 ACNH67_002687
ACNH67_002687-T1     -            638 33786                -            427   1.8e-09   35.0   0.1   3   4    0.0084      0.56    7.0   0.0   402   426   463   487   453   488 0.87 ACNH67_002687
ACNH67_002687-T1     -            638 33786                -            427   1.8e-09   35.0   0.1   4   4       7.1   4.7e+02   -2.6   0.0    13    53   554   596   546   604 0.79 ACNH67_002687
ACNH67_002686-T1     -            701 33786                -            427   2.5e-09   34.5   0.1   1   3   0.00019     0.013   12.4   0.0   165   203   313   350   275   381 0.80 ACNH67_002686
ACNH67_002686-T1     -            701 33786                -            427   2.5e-09   34.5   0.1   2   3   0.00061      0.04   10.8   0.0   282   337   400   455   396   474 0.78 ACNH67_002686
ACNH67_002686-T1     -            701 33786                -            427   2.5e-09   34.5   0.1   3   3    0.0064      0.42    7.4   0.1   403   426   485   508   474   509 0.86 ACNH67_002686
ACNH67_002903-T1     -            600 33786                -            427   3.8e-09   33.9   0.9   1   3   2.7e-06   0.00018   18.5   0.0   158   200   252   293   243   316 0.84 ACNH67_002903
ACNH67_002903-T1     -            600 33786                -            427   3.8e-09   33.9   0.9   2   3   0.00086     0.057   10.3   0.0   292   325   349   382   343   384 0.92 ACNH67_002903
ACNH67_002903-T1     -            600 33786                -            427   3.8e-09   33.9   0.9   3   3      0.31        21    1.9   0.1   403   425   427   450   420   452 0.81 ACNH67_002903
ACNH67_003806-T1     -            484 33786                -            427   4.7e-09   33.6   3.4   1   3       7.2   4.7e+02   -2.6   0.0    45    98   166   222   160   237 0.61 ACNH67_003806
ACNH67_003806-T1     -            484 33786                -            427   4.7e-09   33.6   3.4   2   3   1.5e-05   0.00097   16.1   0.0   163   199   260   295   257   306 0.88 ACNH67_003806
ACNH67_003806-T1     -            484 33786                -            427   4.7e-09   33.6   3.4   3   3   5.2e-06   0.00034   17.6   0.0   291   326   320   355   296   369 0.83 ACNH67_003806
ACNH67_001045-T1     -            528 33786                -            427   1.2e-08   32.3   0.6   1   3     0.035       2.3    5.0   0.1   162   216   236   289   231   299 0.79 ACNH67_001045
ACNH67_001045-T1     -            528 33786                -            427   1.2e-08   32.3   0.6   2   3     6e-05     0.004   14.1   0.0   289   330   296   338   288   345 0.83 ACNH67_001045
ACNH67_001045-T1     -            528 33786                -            427   1.2e-08   32.3   0.6   3   3   0.00078     0.052   10.4   0.0   399   425   389   415   362   417 0.84 ACNH67_001045
ACNH67_004527-T1     -            526 33786                -            427   1.6e-08   31.9   1.0   1   3   0.00011     0.007   13.3   0.2   168   199    89   119    81   126 0.85 ACNH67_004527
ACNH67_004527-T1     -            526 33786                -            427   1.6e-08   31.9   1.0   2   3   0.00021     0.014   12.3   0.0   294   340   146   193   120   201 0.82 ACNH67_004527
ACNH67_004527-T1     -            526 33786                -            427   1.6e-08   31.9   1.0   3   3     0.091         6    3.6   0.0   395   427   206   238   191   238 0.81 ACNH67_004527
ACNH67_000353-T1     -            981 33786                -            427   2.4e-08   31.3   0.1   1   2   0.00021     0.014   12.3   0.0   166   198   775   806   765   811 0.86 ACNH67_000353
ACNH67_000353-T1     -            981 33786                -            427   2.4e-08   31.3   0.1   2   2   6.5e-06   0.00043   17.3   0.0   271   326   809   864   804   878 0.91 ACNH67_000353
ACNH67_005347-T1     -            346 33786                -            427   2.6e-08   31.2   0.1   1   3      0.78        51    0.5   0.0    35   112    34   114    12   129 0.80 ACNH67_005347
ACNH67_005347-T1     -            346 33786                -            427   2.6e-08   31.2   0.1   2   3     0.005      0.33    7.8   0.0   167   198   146   176   117   182 0.85 ACNH67_005347
ACNH67_005347-T1     -            346 33786                -            427   2.6e-08   31.2   0.1   3   3   1.2e-06   7.6e-05   19.7   0.0   271   325   179   233   174   245 0.89 ACNH67_005347
ACNH67_005579-T1     -            415 33786                -            427   3.7e-08   30.7   0.0   1   2   6.6e-08   4.3e-06   23.9   0.0   265   337   284   359   253   373 0.73 ACNH67_005579
ACNH67_005579-T1     -            415 33786                -            427   3.7e-08   30.7   0.0   2   2      0.05       3.3    4.5   0.0   399   425   382   408   356   410 0.83 ACNH67_005579
ACNH67_003394-T1     -            537 33786                -            427   9.1e-08   29.4   0.0   1   3      0.34        22    1.7   0.0   168   198   181   210   172   220 0.78 ACNH67_003394
ACNH67_003394-T1     -            537 33786                -            427   9.1e-08   29.4   0.0   2   3   6.9e-06   0.00045   17.2   0.0   272   335   224   289   216   294 0.74 ACNH67_003394
ACNH67_003394-T1     -            537 33786                -            427   9.1e-08   29.4   0.0   3   3     0.011      0.73    6.6   0.0   398   425   314   341   305   343 0.88 ACNH67_003394
ACNH67_000204-T1     -            289 33786                -            427   1.4e-07   28.8   0.1   1   1   2.8e-09   1.9e-07   28.4   0.1   127   200    13    84     7   111 0.88 ACNH67_000204
ACNH67_002756-T1     -            373 33786                -            427   1.8e-07   28.4   0.2   1   2   0.00065     0.042   10.7   0.2   168   198   151   180   129   189 0.86 ACNH67_002756
ACNH67_002756-T1     -            373 33786                -            427   1.8e-07   28.4   0.2   2   2     2e-05    0.0013   15.7   0.0   270   322   183   238   178   242 0.76 ACNH67_002756
ACNH67_004099-T1     -            462 33786                -            427   2.4e-07   28.0   0.0   1   2    0.0025      0.16    8.8   0.0   164   200   100   135    91   153 0.83 ACNH67_004099
ACNH67_004099-T1     -            462 33786                -            427   2.4e-07   28.0   0.0   2   2   1.1e-05    0.0007   16.6   0.0   292   326   188   223   179   234 0.79 ACNH67_004099
ACNH67_002436-T1     -            305 33786                -            427   3.5e-07   27.5   0.2   1   3    0.0028      0.18    8.6   0.1   169   196    30    56    24    66 0.83 ACNH67_002436
ACNH67_002436-T1     -            305 33786                -            427   3.5e-07   27.5   0.2   2   3     0.002      0.13    9.1   0.0   284   336    78   130    60   141 0.78 ACNH67_002436
ACNH67_002436-T1     -            305 33786                -            427   3.5e-07   27.5   0.2   3   3     0.013      0.84    6.4   0.0   399   426   155   182   147   183 0.87 ACNH67_002436
ACNH67_003062-T1     -            577 33786                -            427   3.7e-07   27.4   0.1   1   3    0.0025      0.17    8.7   0.0   162   195   167   199   161   211 0.85 ACNH67_003062
ACNH67_003062-T1     -            577 33786                -            427   3.7e-07   27.4   0.1   2   3      0.03         2    5.2   0.0   271   326   208   264   199   276 0.74 ACNH67_003062
ACNH67_003062-T1     -            577 33786                -            427   3.7e-07   27.4   0.1   3   3    0.0011     0.072    9.9   0.0   399   426   299   326   276   327 0.82 ACNH67_003062
ACNH67_002685-T1     -            740 33786                -            427   5.1e-07   26.9   0.5   1   2   0.00045      0.03   11.2   0.3   136   198   481   542   478   575 0.76 ACNH67_002685
ACNH67_002685-T1     -            740 33786                -            427   5.1e-07   26.9   0.5   2   2   8.1e-05    0.0054   13.7   0.0   290   326   587   623   576   628 0.93 ACNH67_002685
ACNH67_003835-T1     -            323 33786                -            427   3.5e-06   24.2   0.2   1   1   6.8e-08   4.5e-06   23.8   0.2   128   199    64   133    38   171 0.82 ACNH67_003835
ACNH67_004661-T1     -            883 33786                -            427   4.2e-06   23.9   0.2   1   4       0.7        46    0.7   0.0    37    89   118   170   114   198 0.74 ACNH67_004661
ACNH67_004661-T1     -            883 33786                -            427   4.2e-06   23.9   0.2   2   4   0.00031     0.021   11.7   0.0   165   204   219   257   188   261 0.84 ACNH67_004661
ACNH67_004661-T1     -            883 33786                -            427   4.2e-06   23.9   0.2   3   4     0.016         1    6.1   0.0   271   330   257   317   250   327 0.81 ACNH67_004661
ACNH67_004661-T1     -            883 33786                -            427   4.2e-06   23.9   0.2   4   4       0.7        46    0.7   0.0   400   426   346   372   337   373 0.83 ACNH67_004661
ACNH67_000503-T1     -           1158 33786                -            427   4.8e-06   23.7   0.1   1   2     0.014      0.94    6.3   0.0   165   199   983  1018   980  1033 0.84 ACNH67_000503
ACNH67_000503-T1     -           1158 33786                -            427   4.8e-06   23.7   0.1   2   2     3e-05     0.002   15.1   0.0   293   326  1057  1090  1051  1098 0.90 ACNH67_000503
ACNH67_002902-T1     -            327 33786                -            427   5.9e-06   23.4   0.6   1   2   0.00056     0.037   10.9   0.1   166   201   127   163   119   197 0.78 ACNH67_002902
ACNH67_002902-T1     -            327 33786                -            427   5.9e-06   23.4   0.6   2   2    0.0006      0.04   10.8   0.0   305   333   214   242   194   250 0.79 ACNH67_002902
ACNH67_003054-T1     -            700 33786                -            427   1.8e-05   21.8   0.2   1   2      0.41        27    1.5   0.1   169   198   228   256   222   262 0.83 ACNH67_003054
ACNH67_003054-T1     -            700 33786                -            427   1.8e-05   21.8   0.2   2   2   2.1e-06   0.00014   18.9   0.0   267   326   255   316   248   327 0.80 ACNH67_003054
ACNH67_000225-T1     -            904 33786                -            427   2.4e-05   21.4   0.0   1   2     0.002      0.13    9.1   0.0    90   197    75   182    58   209 0.70 ACNH67_000225
ACNH67_000225-T1     -            904 33786                -            427   2.4e-05   21.4   0.0   2   2   0.00098     0.064   10.1   0.0   308   327   258   277   250   304 0.81 ACNH67_000225
ACNH67_000199-T1     -            563 33786                -            427     3e-05   21.1   1.3   1   2   1.2e-05   0.00082   16.4   0.4   165   201   356   391   280   404 0.87 ACNH67_000199
ACNH67_000199-T1     -            563 33786                -            427     3e-05   21.1   1.3   2   2      0.18        12    2.6   0.0   293   333   429   474   426   482 0.77 ACNH67_000199
ACNH67_000396-T1     -            132 33786                -            427   4.3e-05   20.6   0.0   1   1   8.4e-07   5.5e-05   20.2   0.0   294   327    30    64    24    78 0.85 ACNH67_000396
ACNH67_001310-T1     -            406 33786                -            427   7.6e-05   19.8   0.8   1   3   7.6e-05     0.005   13.8   0.1    27    70     8    50     7    78 0.82 ACNH67_001310
ACNH67_001310-T1     -            406 33786                -            427   7.6e-05   19.8   0.8   2   3      0.17        11    2.7   0.0   171   199   166   193   161   220 0.73 ACNH67_001310
ACNH67_001310-T1     -            406 33786                -            427   7.6e-05   19.8   0.8   3   3       2.1   1.4e+02   -0.9   0.1   309   322   322   335   317   342 0.79 ACNH67_001310
ACNH67_001203-T1     -           1491 33786                -            427   0.00012   19.1   0.3   1   2    0.0092       0.6    6.9   0.1   165   198  1324  1358  1320  1373 0.85 ACNH67_001203
ACNH67_001203-T1     -           1491 33786                -            427   0.00012   19.1   0.3   2   2   0.00097     0.064   10.1   0.0   294   330  1391  1428  1356  1435 0.80 ACNH67_001203
ACNH67_000838-T1     -            320 33786                -            427   0.00012   19.1   0.0   1   2    0.0042      0.28    8.0   0.0   168   206   146   183   139   204 0.83 ACNH67_000838
ACNH67_000838-T1     -            320 33786                -            427   0.00012   19.1   0.0   2   2    0.0024      0.16    8.8   0.0   295   326   211   242   201   249 0.92 ACNH67_000838
ACNH67_004794-T2     -           1125 33786                -            427   0.00018   18.5   0.1   1   2    0.0017      0.11    9.3   0.1   159   196   497   534   485   544 0.85 ACNH67_004794
ACNH67_004794-T2     -           1125 33786                -            427   0.00018   18.5   0.1   2   2     0.012      0.77    6.6   0.0   286   325   567   607   562   623 0.84 ACNH67_004794
ACNH67_004794-T1     -           1179 33786                -            427    0.0002   18.3   0.1   1   2    0.0018      0.12    9.2   0.1   159   196   497   534   485   544 0.85 ACNH67_004794
ACNH67_004794-T1     -           1179 33786                -            427    0.0002   18.3   0.1   2   2     0.012      0.81    6.5   0.0   286   325   567   607   562   623 0.84 ACNH67_004794
ACNH67_003204-T1     -           1467 33786                -            427   0.00026   18.0   0.1   1   3    0.0076       0.5    7.2   0.0   169   205   417   452   387   465 0.77 ACNH67_003204
ACNH67_003204-T1     -           1467 33786                -            427   0.00026   18.0   0.1   2   3    0.0065      0.43    7.4   0.0   290   323   503   537   496   540 0.86 ACNH67_003204
ACNH67_003204-T1     -           1467 33786                -            427   0.00026   18.0   0.1   3   3       4.9   3.2e+02   -2.1   0.0   399   421   573   595   563   598 0.85 ACNH67_003204
ACNH67_004985-T1     -            726 33786                -            427   0.00038   17.5   0.1   1   2   0.00026     0.017   12.0   0.1   164   198   497   530   480   542 0.86 ACNH67_004985
ACNH67_004985-T1     -            726 33786                -            427   0.00038   17.5   0.1   2   2      0.15       9.7    2.9   0.0   288   326   580   618   573   622 0.91 ACNH67_004985
ACNH67_003821-T1     -            326 33786                -            427   0.00047   17.1   0.0   1   2   0.00096     0.063   10.1   0.0   121   196    31   107    18   118 0.83 ACNH67_003821
ACNH67_003821-T1     -            326 33786                -            427   0.00047   17.1   0.0   2   2     0.037       2.4    4.9   0.0   403   426   269   292   263   293 0.87 ACNH67_003821
ACNH67_003188-T1     -            329 33786                -            427   0.00067   16.6   0.0   1   2    0.0015     0.098    9.5   0.0   161   222    54   114    45   155 0.83 ACNH67_003188
ACNH67_003188-T1     -            329 33786                -            427   0.00067   16.6   0.0   2   2     0.031         2    5.2   0.0   395   426   192   223   162   224 0.84 ACNH67_003188
ACNH67_000598-T1     -           1026 33786                -            427   0.00092   16.2   0.0   1   2   0.00092     0.061   10.2   0.0   177   199   773   794   761   808 0.78 ACNH67_000598
ACNH67_000598-T1     -           1026 33786                -            427   0.00092   16.2   0.0   2   2     0.092         6    3.6   0.0   285   327   843   885   814   911 0.80 ACNH67_000598
ACNH67_001469-T1     -            259 33786                -            427    0.0056   13.6   0.0   1   1   0.00012    0.0077   13.1   0.0   297   329     2    34     1    50 0.86 ACNH67_001469
ACNH67_000564-T1     -            871 33786                -            427    0.0092   12.9   0.0   1   2   0.00049     0.032   11.1   0.0   167   200   628   662   618   711 0.78 ACNH67_000564
ACNH67_000564-T1     -            871 33786                -            427    0.0092   12.9   0.0   2   2       1.4        94   -0.3   0.0   272   324   664   722   658   725 0.72 ACNH67_000564
ACNH67_003764-T1     -           1625 33786                -            427     0.015   12.2   0.0   1   2     0.057       3.7    4.3   0.0   162   200  1437  1474  1433  1494 0.83 ACNH67_003764
ACNH67_003764-T1     -           1625 33786                -            427     0.015   12.2   0.0   2   2     0.026       1.7    5.4   0.0   303   326  1562  1585  1543  1590 0.82 ACNH67_003764
ACNH67_003228-T1     -            301 33786                -            427     0.015   12.2   0.0   1   1    0.0003      0.02   11.8   0.0   160   205    21    65     1   118 0.66 ACNH67_003228
ACNH67_002437-T1     -            340 33786                -            427     0.016   12.1   0.0   1   1   0.00032     0.021   11.7   0.0    37    96   272   330   268   339 0.81 ACNH67_002437
ACNH67_001204-T1     -            729 33786                -            427     0.027   11.4   0.0   1   1    0.0009     0.059   10.2   0.0   174   201   692   723   685   728 0.72 ACNH67_001204
ACNH67_000223-T1     -            347 33786                -            427     0.032   11.1   0.0   1   1   0.00093     0.061   10.2   0.0   158   200   209   250   183   269 0.79 ACNH67_000223
ACNH67_003613-T1     -            401 33786                -            427     0.033   11.0   0.0   1   1   0.00084     0.056   10.3   0.0   174   198   205   228   108   263 0.69 ACNH67_003613
ACNH67_002396-T1     -           1379 33786                -            427     0.035   11.0   0.0   1   1    0.0011     0.074    9.9   0.0   171   200  1109  1137  1104  1152 0.84 ACNH67_002396
ACNH67_002749-T1     -            939 33786                -            427     0.041   10.7   0.4   1   3      0.08       5.3    3.8   0.0   169   201   269   301   252   316 0.75 ACNH67_002749
ACNH67_002749-T1     -            939 33786                -            427     0.041   10.7   0.4   2   3     0.057       3.8    4.3   0.0   308   334   380   406   376   427 0.84 ACNH67_002749
ACNH67_002749-T1     -            939 33786                -            427     0.041   10.7   0.4   3   3       7.3   4.8e+02   -2.7   0.1   396   425   441   470   429   471 0.79 ACNH67_002749
ACNH67_001532-T1     -            468 33786                -            427     0.043   10.7   0.1   1   3         5   3.3e+02   -2.1   0.0   143   199   124   178   111   218 0.75 ACNH67_001532
ACNH67_001532-T1     -            468 33786                -            427     0.043   10.7   0.1   2   3       1.6   1.1e+02   -0.5   0.0   293   329   214   251   184   265 0.78 ACNH67_001532
ACNH67_001532-T1     -            468 33786                -            427     0.043   10.7   0.1   3   3    0.0048      0.32    7.8   0.0   397   426   288   317   271   318 0.88 ACNH67_001532
ACNH67_001205-T1     -            176 33786                -            427     0.046   10.6   0.0   1   1     0.001     0.066   10.1   0.0   271   323    21    84     8    99 0.74 ACNH67_001205
ACNH67_004268-T1     -            912 33786                -            427     0.049   10.5   0.0   1   1    0.0015       0.1    9.5   0.0   378   426   845   892   826   893 0.77 ACNH67_004268
#
# Program:         hmmsearch
# Version:         3.1b2 (February 2015)
# Pipeline mode:   SEARCH
# Query file:      /home/edouard/GregarineStuff/Lgryllorum_Genome_analysis/Funannotate/Run_v3/species_train/annotate_results/busco_downloads/lineages/apicomplexa_odb12/hmms/33786at5794.hmm
# Target file:     /home/edouard/GregarineStuff/Lgryllorum_Genome_analysis/Funannotate/Run_v3/species_train/annotate_results/Leidyana_gryllorum.proteins.fa
# Option settings: hmmsearch --domtblout /home/edouard/GregarineStuff/Lgryllorum_Genome_analysis/Funannotate/Run_v3/species_train/annotate_results/busco/run_apicomplexa_odb12/hmmer_output/initial_run_results/33786at5794.out --cpu 1 /home/edouard/GregarineStuff/Lgryllorum_Genome_analysis/Funannotate/Run_v3/species_train/annotate_results/busco_downloads/lineages/apicomplexa_odb12/hmms/33786at5794.hmm /home/edouard/GregarineStuff/Lgryllorum_Genome_analysis/Funannotate/Run_v3/species_train/annotate_results/Leidyana_gryllorum.proteins.fa 
# Current dir:     /home/edouard/GregarineStuff/Lgryllorum_Genome_analysis/Funannotate/Run_v3/species_train/annotate_results
# Date:            Tue Apr  1 17:37:52 2025
# [ok]
