#                                                                            --- full sequence --- -------------- this domain -------------   hmm coord   ali coord   env coord
# target name        accession   tlen query name           accession   qlen   E-value  score  bias   #  of  c-Evalue  i-Evalue  score  bias  from    to  from    to  from    to  acc description of target
#------------------- ---------- ----- -------------------- ---------- ----- --------- ------ ----- --- --- --------- --------- ------ ----- ----- ----- ----- ----- ----- ----- ---- ---------------------
ACNH67_005513-T1     -           1050 33810                -            503   4.1e-56  188.9   0.2   1   3   5.2e-20   5.8e-18   63.1   0.0     5   138   367   504   363   518 0.89 ACNH67_005513
ACNH67_005513-T1     -           1050 33810                -            503   4.1e-56  188.9   0.2   2   3   1.8e-37     2e-35  120.7   0.0   282   462   796   982   787  1012 0.85 ACNH67_005513
ACNH67_005513-T1     -           1050 33810                -            503   4.1e-56  188.9   0.2   3   3      0.27        30    1.3   0.1   475   499  1020  1044   994  1048 0.78 ACNH67_005513
ACNH67_001323-T1     -            521 33810                -            503   2.9e-26   90.5   2.6   1   2   9.8e-12   1.1e-09   35.8   0.2   299   437   127   281   119   284 0.77 ACNH67_001323
ACNH67_001323-T1     -            521 33810                -            503   2.9e-26   90.5   2.6   2   2   8.7e-16   9.6e-14   49.2   0.2   229   370   376   519   372   521 0.85 ACNH67_001323
ACNH67_003156-T1     -            490 33810                -            503   1.5e-24   84.8   0.8   1   3   3.3e-23   3.6e-21   73.6   0.8   259   434   167   347   160   350 0.92 ACNH67_003156
ACNH67_003156-T1     -            490 33810                -            503   1.5e-24   84.8   0.8   2   3    0.0079      0.88    6.4   0.0   348   383   389   424   378   433 0.85 ACNH67_003156
ACNH67_003156-T1     -            490 33810                -            503   1.5e-24   84.8   0.8   3   3      0.43        47    0.7   0.0   264   298   433   467   428   471 0.78 ACNH67_003156
ACNH67_004094-T1     -           1385 33810                -            503   3.7e-24   83.5   0.0   1   5    0.0044      0.49    7.2   0.0   388   419   475   506   464   510 0.89 ACNH67_004094
ACNH67_004094-T1     -           1385 33810                -            503   3.7e-24   83.5   0.0   2   5   1.1e-05    0.0012   15.8   0.1   298   370   515   590   509   604 0.83 ACNH67_004094
ACNH67_004094-T1     -           1385 33810                -            503   3.7e-24   83.5   0.0   3   5      0.97   1.1e+02   -0.5   0.0   345   413   690   758   686   771 0.70 ACNH67_004094
ACNH67_004094-T1     -           1385 33810                -            503   3.7e-24   83.5   0.0   4   5   1.6e-16   1.8e-14   51.6   0.0   318   458   816   967   813   976 0.87 ACNH67_004094
ACNH67_004094-T1     -           1385 33810                -            503   3.7e-24   83.5   0.0   5   5   6.8e-06   0.00076   16.5   0.0   394   461   945  1016   944  1022 0.83 ACNH67_004094
ACNH67_005283-T1     -           1266 33810                -            503     8e-23   79.1   0.1   1   4   1.3e-08   1.5e-06   25.5   0.0   358   438   272   351   267   353 0.92 ACNH67_005283
ACNH67_005283-T1     -           1266 33810                -            503     8e-23   79.1   0.1   2   4    0.0011      0.12    9.3   0.0   272   297   362   387   359   434 0.78 ACNH67_005283
ACNH67_005283-T1     -           1266 33810                -            503     8e-23   79.1   0.1   3   4    0.0066      0.74    6.7   0.0   387   420   729   762   714   774 0.84 ACNH67_005283
ACNH67_005283-T1     -           1266 33810                -            503     8e-23   79.1   0.1   4   4   2.6e-10   2.9e-08   31.1   0.0   349   461   876   988   870   993 0.88 ACNH67_005283
ACNH67_002641-T1     -            638 33810                -            503   3.1e-21   73.9   0.2   1   3      0.11        12    2.6   0.0   430   465   324   359   306   374 0.63 ACNH67_002641
ACNH67_002641-T1     -            638 33810                -            503   3.1e-21   73.9   0.2   2   3   7.5e-18   8.3e-16   56.0   0.0   218   380   382   549   368   555 0.60 ACNH67_002641
ACNH67_002641-T1     -            638 33810                -            503   3.1e-21   73.9   0.2   3   3   3.1e-05    0.0034   14.4   0.0   256   331   545   626   543   627 0.85 ACNH67_002641
ACNH67_001408-T1     -            960 33810                -            503   3.9e-21   73.5   4.7   1   4         6   6.6e+02   -3.1   0.0   230   253    99   122    91   128 0.61 ACNH67_001408
ACNH67_001408-T1     -            960 33810                -            503   3.9e-21   73.5   4.7   2   4   1.9e-05    0.0021   15.0   0.1   344   458   147   269   143   298 0.80 ACNH67_001408
ACNH67_001408-T1     -            960 33810                -            503   3.9e-21   73.5   4.7   3   4      0.43        48    0.7   0.0   191   255   346   412   275   452 0.62 ACNH67_001408
ACNH67_001408-T1     -            960 33810                -            503   3.9e-21   73.5   4.7   4   4   2.9e-18   3.2e-16   57.3   0.2   222   413   587   785   580   805 0.87 ACNH67_001408
ACNH67_004652-T1     -            353 33810                -            503     1e-20   72.2   2.6   1   3   8.4e-11   9.4e-09   32.7   1.0   301   421    73   196    64   202 0.85 ACNH67_004652
ACNH67_004652-T1     -            353 33810                -            503     1e-20   72.2   2.6   2   3     5e-15   5.6e-13   46.6   0.0   318   461   132   276   129   293 0.87 ACNH67_004652
ACNH67_004652-T1     -            353 33810                -            503     1e-20   72.2   2.6   3   3      0.17        19    2.0   0.0   390   416   324   351   309   353 0.77 ACNH67_004652
ACNH67_003831-T1     -           1286 33810                -            503   1.5e-20   71.6   0.4   1   3   1.3e-12   1.5e-10   38.7   0.0   343   464    24   144    17   163 0.83 ACNH67_003831
ACNH67_003831-T1     -           1286 33810                -            503   1.5e-20   71.6   0.4   2   3   4.4e-09   4.9e-07   27.0   0.0   316   419   195   299   171   308 0.84 ACNH67_003831
ACNH67_003831-T1     -           1286 33810                -            503   1.5e-20   71.6   0.4   3   3       4.2   4.7e+02   -2.6   0.0   391   428   468   504   465   536 0.76 ACNH67_003831
ACNH67_003255-T1     -            761 33810                -            503   2.7e-17   60.9   3.3   1   4    0.0026      0.29    8.0   0.0   257   294    56    93    23   102 0.76 ACNH67_003255
ACNH67_003255-T1     -            761 33810                -            503   2.7e-17   60.9   3.3   2   4   8.2e-06   0.00091   16.3   0.0   258   370   149   269   139   283 0.85 ACNH67_003255
ACNH67_003255-T1     -            761 33810                -            503   2.7e-17   60.9   3.3   3   4         2   2.2e+02   -1.5   0.0   224   251   439   466   426   487 0.72 ACNH67_003255
ACNH67_003255-T1     -            761 33810                -            503   2.7e-17   60.9   3.3   4   4   3.7e-11   4.1e-09   33.9   0.7   342   453   637   748   630   758 0.90 ACNH67_003255
ACNH67_000155-T1     -            566 33810                -            503   1.8e-15   54.8   2.8   1   2   8.6e-16   9.5e-14   49.2   1.1   255   418   265   437   258   488 0.83 ACNH67_000155
ACNH67_000155-T1     -            566 33810                -            503   1.8e-15   54.8   2.8   2   2     0.029       3.2    4.6   0.0   316   370   509   565   502   566 0.63 ACNH67_000155
ACNH67_001808-T1     -            441 33810                -            503   1.8e-14   51.5   0.2   1   3      0.31        35    1.1   0.0   355   373   190   208   185   219 0.78 ACNH67_001808
ACNH67_001808-T1     -            441 33810                -            503   1.8e-14   51.5   0.2   2   3   8.7e-13   9.7e-11   39.3   0.1   360   466   254   367   239   378 0.77 ACNH67_001808
ACNH67_001808-T1     -            441 33810                -            503   1.8e-14   51.5   0.2   3   3    0.0045       0.5    7.2   0.0   426   460   383   417   374   438 0.60 ACNH67_001808
ACNH67_001061-T1     -            496 33810                -            503   7.6e-13   46.2   0.2   1   3       1.3   1.4e+02   -0.8   0.0   356   375   218   237   199   257 0.55 ACNH67_001061
ACNH67_001061-T1     -            496 33810                -            503   7.6e-13   46.2   0.2   2   3    0.0064      0.71    6.7   0.0   353   398   273   318   261   321 0.83 ACNH67_001061
ACNH67_001061-T1     -            496 33810                -            503   7.6e-13   46.2   0.2   3   3   1.9e-13   2.2e-11   41.4   0.0   318   471   279   440   278   457 0.78 ACNH67_001061
ACNH67_001450-T1     -            491 33810                -            503   1.1e-12   45.6   0.2   1   3   7.4e-05    0.0082   13.1   0.0   301   383    87   175    77   184 0.85 ACNH67_001450
ACNH67_001450-T1     -            491 33810                -            503   1.1e-12   45.6   0.2   2   3   5.1e-05    0.0057   13.6   0.0   257   308   181   233   168   237 0.83 ACNH67_001450
ACNH67_001450-T1     -            491 33810                -            503   1.1e-12   45.6   0.2   3   3   9.9e-06    0.0011   16.0   0.0   345   419   251   329   245   340 0.76 ACNH67_001450
ACNH67_002822-T1     -            388 33810                -            503   2.5e-12   44.5   1.2   1   4   0.00058     0.064   10.2   0.0   425   463    68   106    61   125 0.83 ACNH67_002822
ACNH67_002822-T1     -            388 33810                -            503   2.5e-12   44.5   1.2   2   4   1.2e-05    0.0013   15.7   0.1   226   296   131   203   119   248 0.71 ACNH67_002822
ACNH67_002822-T1     -            388 33810                -            503   2.5e-12   44.5   1.2   3   4      0.65        72    0.1   0.0   251   305   206   260   201   262 0.72 ACNH67_002822
ACNH67_002822-T1     -            388 33810                -            503   2.5e-12   44.5   1.2   4   4   3.1e-05    0.0034   14.4   0.0   216   294   301   384   273   387 0.84 ACNH67_002822
ACNH67_003296-T1     -            565 33810                -            503   2.5e-12   44.5   0.4   1   2   1.3e-13   1.5e-11   42.0   0.3   230   463    72   324    52   334 0.80 ACNH67_003296
ACNH67_003296-T1     -            565 33810                -            503   2.5e-12   44.5   0.4   2   2       2.2   2.5e+02   -1.7   0.0   208   271   327   390   325   395 0.79 ACNH67_003296
ACNH67_004370-T1     -            954 33810                -            503   5.7e-12   43.3   4.3   1   3   1.7e-09   1.9e-07   28.4   0.1   341   464    13   135    10   149 0.89 ACNH67_004370
ACNH67_004370-T1     -            954 33810                -            503   5.7e-12   43.3   4.3   2   3   2.1e-05    0.0023   14.9   0.5   261   412   191   305   129   322 0.53 ACNH67_004370
ACNH67_004370-T1     -            954 33810                -            503   5.7e-12   43.3   4.3   3   3       7.5   8.3e+02   -3.4   0.0   226   246   376   396   371   418 0.68 ACNH67_004370
ACNH67_003323-T1     -           1057 33810                -            503   1.2e-10   38.9   0.1   1   3   0.00054      0.06   10.3   0.0   235   294    86   139    60   143 0.86 ACNH67_003323
ACNH67_003323-T1     -           1057 33810                -            503   1.2e-10   38.9   0.1   2   3   0.00051     0.057   10.3   0.0   336   423   177   262   175   275 0.86 ACNH67_003323
ACNH67_003323-T1     -           1057 33810                -            503   1.2e-10   38.9   0.1   3   3   4.1e-05    0.0045   14.0   0.1   298   370   306   380   295   397 0.84 ACNH67_003323
ACNH67_004907-T1     -            362 33810                -            503   1.9e-10   38.3   0.2   1   3   1.3e-05    0.0015   15.6   0.3   271   423    16   175    12   182 0.73 ACNH67_004907
ACNH67_004907-T1     -            362 33810                -            503   1.9e-10   38.3   0.2   2   3     0.022       2.5    4.9   0.0   358   406   153   201   137   225 0.87 ACNH67_004907
ACNH67_004907-T1     -            362 33810                -            503   1.9e-10   38.3   0.2   3   3   2.7e-05     0.003   14.5   0.0   403   446   282   326   261   331 0.71 ACNH67_004907
ACNH67_004196-T1     -            656 33810                -            503     3e-10   37.6   0.0   1   3   1.3e-09   1.4e-07   28.8   0.1   227   297    93   165    83   173 0.83 ACNH67_004196
ACNH67_004196-T1     -            656 33810                -            503     3e-10   37.6   0.0   2   3     0.062       6.9    3.5   0.0   413   460   160   206   158   217 0.65 ACNH67_004196
ACNH67_004196-T1     -            656 33810                -            503     3e-10   37.6   0.0   3   3     0.046       5.1    3.9   0.0   362   403   245   287   233   322 0.69 ACNH67_004196
ACNH67_000131-T1     -            297 33810                -            503   4.3e-10   37.1   0.3   1   3    0.0006     0.067   10.1   0.0   354   394     8    46     4    60 0.83 ACNH67_000131
ACNH67_000131-T1     -            297 33810                -            503   4.3e-10   37.1   0.3   2   3   2.2e-06   0.00024   18.1   0.0   318   432   131   249   109   251 0.81 ACNH67_000131
ACNH67_000131-T1     -            297 33810                -            503   4.3e-10   37.1   0.3   3   3    0.0025      0.27    8.1   0.1   263   329   224   291   218   295 0.81 ACNH67_000131
ACNH67_001778-T1     -            572 33810                -            503   9.9e-10   35.9   0.0   1   3       8.8   9.8e+02   -3.6   0.0   280   292   300   312   295   313 0.69 ACNH67_001778
ACNH67_001778-T1     -            572 33810                -            503   9.9e-10   35.9   0.0   2   3   2.8e-07   3.2e-05   21.1   0.0   344   461   364   484   358   500 0.82 ACNH67_001778
ACNH67_001778-T1     -            572 33810                -            503   9.9e-10   35.9   0.0   3   3   2.7e-07     3e-05   21.1   0.0   347   455   411   518   404   528 0.76 ACNH67_001778
ACNH67_000829-T1     -            430 33810                -            503   9.1e-09   32.7   0.0   1   2     1e-06   0.00012   19.2   0.1   209   293    91   176    88   224 0.95 ACNH67_000829
ACNH67_000829-T1     -            430 33810                -            503   9.1e-09   32.7   0.0   2   2   0.00074     0.082    9.8   0.0   348   460   258   377   253   388 0.79 ACNH67_000829
ACNH67_001215-T1     -            442 33810                -            503     1e-08   32.6   0.6   1   2   2.8e-07   3.1e-05   21.1   0.3   298   459   156   323   152   345 0.81 ACNH67_001215
ACNH67_001215-T1     -            442 33810                -            503     1e-08   32.6   0.6   2   2   0.00094       0.1    9.5   0.0   424   474   389   438   361   442 0.75 ACNH67_001215
ACNH67_002774-T1     -           1020 33810                -            503   1.1e-08   32.4   0.5   1   2       4.3   4.8e+02   -2.6   0.0   303   326    76    99    46   112 0.78 ACNH67_002774
ACNH67_002774-T1     -           1020 33810                -            503   1.1e-08   32.4   0.5   2   2   6.6e-10   7.3e-08   29.8   0.2   296   386   203   291   137   307 0.82 ACNH67_002774
ACNH67_000780-T1     -            335 33810                -            503   2.1e-08   31.5   0.0   1   3     9e-06     0.001   16.1   0.0   387   461    51   124    10   129 0.92 ACNH67_000780
ACNH67_000780-T1     -            335 33810                -            503   2.1e-08   31.5   0.0   2   3   3.1e-07   3.5e-05   20.9   0.0   357   457   105   207    99   216 0.79 ACNH67_000780
ACNH67_000780-T1     -            335 33810                -            503   2.1e-08   31.5   0.0   3   3       8.6   9.5e+02   -3.6   0.0   388   408   277   297   275   302 0.75 ACNH67_000780
ACNH67_001454-T1     -            807 33810                -            503   7.7e-08   29.7   0.2   1   3   1.3e-06   0.00014   18.9   0.0   356   464   194   300   179   315 0.65 ACNH67_001454
ACNH67_001454-T1     -            807 33810                -            503   7.7e-08   29.7   0.2   2   3    0.0063       0.7    6.7   0.2   227   294   317   382   307   391 0.81 ACNH67_001454
ACNH67_001454-T1     -            807 33810                -            503   7.7e-08   29.7   0.2   3   3       2.2   2.5e+02   -1.7   0.0   294   323   715   747   712   751 0.77 ACNH67_001454
ACNH67_004486-T1     -            363 33810                -            503   8.8e-08   29.5   0.2   1   4    0.0037      0.41    7.5   0.0   261   295     9    43     3    50 0.86 ACNH67_004486
ACNH67_004486-T1     -            363 33810                -            503   8.8e-08   29.5   0.2   2   4       3.1   3.4e+02   -2.1   0.0   386   426    72   112    61   123 0.69 ACNH67_004486
ACNH67_004486-T1     -            363 33810                -            503   8.8e-08   29.5   0.2   3   4   4.7e-05    0.0053   13.7   0.0   218   293   178   245   148   257 0.86 ACNH67_004486
ACNH67_004486-T1     -            363 33810                -            503   8.8e-08   29.5   0.2   4   4     0.046       5.1    3.9   0.0   300   335   321   356   288   357 0.85 ACNH67_004486
ACNH67_004183-T1     -            952 33810                -            503   3.3e-07   27.6   0.0   1   1   5.8e-09   6.5e-07   26.6   0.0   326   418    74   167    52   191 0.89 ACNH67_004183
ACNH67_000423-T1     -            216 33810                -            503   4.5e-07   27.2   0.1   1   1     5e-09   5.5e-07   26.9   0.1   296   380    48   136    19   178 0.75 ACNH67_000423
ACNH67_004768-T1     -           1488 33810                -            503   1.1e-06   25.9   0.0   1   1   1.5e-08   1.7e-06   25.3   0.0   334   416  1350  1433  1347  1442 0.86 ACNH67_004768
ACNH67_003547-T1     -            160 33810                -            503   2.2e-06   24.9   0.1   1   1   3.6e-08     4e-06   24.0   0.1   312   422    32   145    15   158 0.78 ACNH67_003547
ACNH67_003729-T1     -            288 33810                -            503   2.3e-06   24.8   0.0   1   2   0.00059     0.065   10.1   0.0   263   300    20    58     4    65 0.84 ACNH67_003729
ACNH67_003729-T1     -            288 33810                -            503   2.3e-06   24.8   0.0   2   2   0.00012     0.014   12.4   0.0   223   296   158   232   150   242 0.85 ACNH67_003729
ACNH67_005169-T1     -            638 33810                -            503   2.5e-06   24.7   0.0   1   2       1.6   1.8e+02   -1.2   0.0   277   294    64    81    61    90 0.85 ACNH67_005169
ACNH67_005169-T1     -            638 33810                -            503   2.5e-06   24.7   0.0   2   2   9.7e-08   1.1e-05   22.6   0.0   349   434   249   333   240   340 0.81 ACNH67_005169
ACNH67_001309-T1     -            376 33810                -            503   4.5e-06   23.9   0.0   1   2    0.0075      0.84    6.5   0.0   320   379     9    68     3   106 0.68 ACNH67_001309
ACNH67_001309-T1     -            376 33810                -            503   4.5e-06   23.9   0.0   2   2   1.6e-05    0.0018   15.3   0.0   357   423   140   204   126   269 0.82 ACNH67_001309
ACNH67_005180-T1     -            581 33810                -            503   8.4e-06   23.0   0.0   1   3   0.00023     0.025   11.5   0.0   323   433   159   272   154   277 0.82 ACNH67_005180
ACNH67_005180-T1     -            581 33810                -            503   8.4e-06   23.0   0.0   2   3    0.0031      0.35    7.7   0.0   340   376   274   311   272   324 0.82 ACNH67_005180
ACNH67_005180-T1     -            581 33810                -            503   8.4e-06   23.0   0.0   3   3      0.78        87   -0.2   0.0   225   292   386   460   380   462 0.69 ACNH67_005180
ACNH67_005089-T1     -            618 33810                -            503   1.5e-05   22.1   0.0   1   1   2.1e-07   2.4e-05   21.5   0.0   224   293   271   343   260   351 0.83 ACNH67_005089
ACNH67_004666-T1     -            620 33810                -            503   3.7e-05   20.8   0.0   1   2   3.6e-06    0.0004   17.5   0.0   320   418   294   400   292   414 0.76 ACNH67_004666
ACNH67_004666-T1     -            620 33810                -            503   3.7e-05   20.8   0.0   2   2      0.37        41    0.9   0.0   218   252   536   572   508   611 0.54 ACNH67_004666
ACNH67_005088-T1     -            673 33810                -            503   6.3e-05   20.1   0.0   1   1   9.1e-07    0.0001   19.4   0.0   323   414   263   356   258   373 0.84 ACNH67_005088
ACNH67_001222-T1     -            444 33810                -            503   6.7e-05   20.0   0.0   1   2   5.3e-05    0.0059   13.6   0.0   399   474   232   308   161   315 0.78 ACNH67_001222
ACNH67_001222-T1     -            444 33810                -            503   6.7e-05   20.0   0.0   2   2     0.068       7.6    3.3   0.0   359   423   370   438   365   444 0.62 ACNH67_001222
ACNH67_002373-T1     -            845 33810                -            503    0.0003   17.9   0.0   1   3   2.9e-05    0.0033   14.4   0.0   220   297   485   562   469   594 0.76 ACNH67_002373
ACNH67_002373-T1     -            845 33810                -            503    0.0003   17.9   0.0   2   3       2.8   3.1e+02   -2.0   0.0   389   427   636   675   630   729 0.63 ACNH67_002373
ACNH67_002373-T1     -            845 33810                -            503    0.0003   17.9   0.0   3   3      0.95   1.1e+02   -0.4   0.0   353   372   736   755   717   764 0.59 ACNH67_002373
ACNH67_004555-T1     -            472 33810                -            503   0.00046   17.2   0.0   1   5       3.5   3.8e+02   -2.3   0.0   359   375    84   100    65   106 0.63 ACNH67_004555
ACNH67_004555-T1     -            472 33810                -            503   0.00046   17.2   0.0   2   5     0.035       3.8    4.3   0.0   339   417   139   219   135   229 0.77 ACNH67_004555
ACNH67_004555-T1     -            472 33810                -            503   0.00046   17.2   0.0   3   5   0.00032     0.036   11.0   0.0   231   296   203   270   189   278 0.78 ACNH67_004555
ACNH67_004555-T1     -            472 33810                -            503   0.00046   17.2   0.0   4   5    0.0017      0.19    8.6   0.0   343   419   238   324   234   338 0.60 ACNH67_004555
ACNH67_004555-T1     -            472 33810                -            503   0.00046   17.2   0.0   5   5       4.6   5.2e+02   -2.7   0.0   275   294   438   457   429   460 0.86 ACNH67_004555
ACNH67_004557-T1     -            555 33810                -            503   0.00087   16.3   0.0   1   2       1.5   1.7e+02   -1.1   0.0   263   294   246   277   233   291 0.64 ACNH67_004557
ACNH67_004557-T1     -            555 33810                -            503   0.00087   16.3   0.0   2   2   0.00025     0.028   11.4   0.0   228   296   316   378   308   385 0.71 ACNH67_004557
ACNH67_003819-T1     -            843 33810                -            503   0.00088   16.3   0.5   1   2   0.00013     0.015   12.3   1.1   231   371    30   177    21   218 0.78 ACNH67_003819
ACNH67_003819-T1     -            843 33810                -            503   0.00088   16.3   0.5   2   2      0.48        53    0.5   0.0   317   330   206   219   203   227 0.91 ACNH67_003819
ACNH67_001763-T1     -            450 33810                -            503    0.0018   15.3   1.0   1   2         3   3.3e+02   -2.1   0.0   225   253   115   143   109   150 0.84 ACNH67_001763
ACNH67_001763-T1     -            450 33810                -            503    0.0018   15.3   1.0   2   2   0.00011     0.012   12.5   0.4   358   461   290   401   261   421 0.54 ACNH67_001763
ACNH67_002121-T1     -           1538 33810                -            503    0.0049   13.9   3.2   1   5      0.39        43    0.8   0.0   223   271   457   499   440   503 0.54 ACNH67_002121
ACNH67_002121-T1     -           1538 33810                -            503    0.0049   13.9   3.2   2   5       7.4   8.2e+02   -3.4   0.0   401   421   540   560   536   567 0.65 ACNH67_002121
ACNH67_002121-T1     -           1538 33810                -            503    0.0049   13.9   3.2   3   5       7.2     8e+02   -3.4   0.1   266   293   823   850   821   868 0.76 ACNH67_002121
ACNH67_002121-T1     -           1538 33810                -            503    0.0049   13.9   3.2   4   5    0.0014      0.16    8.9   0.1   360   413   906   956   898   966 0.84 ACNH67_002121
ACNH67_002121-T1     -           1538 33810                -            503    0.0049   13.9   3.2   5   5      0.25        28    1.5   0.0   275   297   995  1017   980  1027 0.59 ACNH67_002121
ACNH67_000310-T1     -            401 33810                -            503    0.0066   13.4   0.0   1   2       3.5   3.8e+02   -2.3   0.0   405   419    98   112    84   162 0.50 ACNH67_000310
ACNH67_000310-T1     -            401 33810                -            503    0.0066   13.4   0.0   2   2   0.00015     0.016   12.1   0.0   320   413   220   310   198   324 0.83 ACNH67_000310
ACNH67_001948-T1     -            667 33810                -            503     0.012   12.6   0.0   1   1   0.00018      0.02   11.8   0.0   259   461   191   230   154   241 0.52 ACNH67_001948
ACNH67_003501-T1     -            322 33810                -            503     0.012   12.5   0.0   1   1   0.00017     0.018   12.0   0.0   399   456   217   273   202   286 0.88 ACNH67_003501
ACNH67_000593-T1     -           1399 33810                -            503     0.025   11.5   0.0   1   1   0.00034     0.038   10.9   0.0   357   470   172   294   166   300 0.83 ACNH67_000593
ACNH67_004756-T1     -            986 33810                -            503     0.042   10.8   0.2   1   2    0.0018       0.2    8.5   0.1   212   286   221   292   215   309 0.66 ACNH67_004756
ACNH67_004756-T1     -            986 33810                -            503     0.042   10.8   0.2   2   2       5.6   6.2e+02   -3.0   0.0   276   373   479   498   469   507 0.59 ACNH67_004756
#
# Program:         hmmsearch
# Version:         3.1b2 (February 2015)
# Pipeline mode:   SEARCH
# Query file:      /home/edouard/GregarineStuff/Lgryllorum_Genome_analysis/Funannotate/Run_v3/species_train/annotate_results/busco_downloads/lineages/apicomplexa_odb12/hmms/33810at5794.hmm
# Target file:     /home/edouard/GregarineStuff/Lgryllorum_Genome_analysis/Funannotate/Run_v3/species_train/annotate_results/Leidyana_gryllorum.proteins.fa
# Option settings: hmmsearch --domtblout /home/edouard/GregarineStuff/Lgryllorum_Genome_analysis/Funannotate/Run_v3/species_train/annotate_results/busco/run_apicomplexa_odb12/hmmer_output/initial_run_results/33810at5794.out --cpu 1 /home/edouard/GregarineStuff/Lgryllorum_Genome_analysis/Funannotate/Run_v3/species_train/annotate_results/busco_downloads/lineages/apicomplexa_odb12/hmms/33810at5794.hmm /home/edouard/GregarineStuff/Lgryllorum_Genome_analysis/Funannotate/Run_v3/species_train/annotate_results/Leidyana_gryllorum.proteins.fa 
# Current dir:     /home/edouard/GregarineStuff/Lgryllorum_Genome_analysis/Funannotate/Run_v3/species_train/annotate_results
# Date:            Tue Apr  1 17:37:53 2025
# [ok]
