#                                                                            --- full sequence --- -------------- this domain -------------   hmm coord   ali coord   env coord
# target name        accession   tlen query name           accession   qlen   E-value  score  bias   #  of  c-Evalue  i-Evalue  score  bias  from    to  from    to  from    to  acc description of target
#------------------- ---------- ----- -------------------- ---------- ----- --------- ------ ----- --- --- --------- --------- ------ ----- ----- ----- ----- ----- ----- ----- ---- ---------------------
ACNH67_004797-T1     -            396 33846                -            336  8.2e-112  371.7   0.0   1   3   2.4e-86   3.1e-84  281.0   0.0    16   213    12   212     3   223 0.95 ACNH67_004797
ACNH67_004797-T1     -            396 33846                -            336  8.2e-112  371.7   0.0   2   3       1.4   1.9e+02   -1.0   0.0   220   245   239   266   232   274 0.78 ACNH67_004797
ACNH67_004797-T1     -            396 33846                -            336  8.2e-112  371.7   0.0   3   3     2e-27   2.6e-25   87.3   0.0   244   335   299   393   288   394 0.91 ACNH67_004797
ACNH67_002393-T1     -            683 33846                -            336   1.6e-41  140.6   4.2   1   4     7e-07     9e-05   19.8   0.0    30    78    15    62     7    67 0.70 ACNH67_002393
ACNH67_002393-T1     -            683 33846                -            336   1.6e-41  140.6   4.2   2   4     3e-13   3.9e-11   40.7   0.0   137   208   153   224   122   235 0.87 ACNH67_002393
ACNH67_002393-T1     -            683 33846                -            336   1.6e-41  140.6   4.2   3   4   1.6e-09     2e-07   28.5   1.2   139   270   245   373   241   383 0.77 ACNH67_002393
ACNH67_002393-T1     -            683 33846                -            336   1.6e-41  140.6   4.2   4   4   7.8e-16     1e-13   49.2   0.1   136   212   404   480   378   489 0.87 ACNH67_002393
ACNH67_004592-T1     -            718 33846                -            336     2e-36  123.9   5.2   1   6   5.9e-06   0.00076   16.8   0.0    30   101    15    88     4    99 0.69 ACNH67_004592
ACNH67_004592-T1     -            718 33846                -            336     2e-36  123.9   5.2   2   6   5.7e-12   7.4e-10   36.5   0.1   137   246   214   324   157   336 0.82 ACNH67_004592
ACNH67_004592-T1     -            718 33846                -            336     2e-36  123.9   5.2   3   6       0.1        13    2.8   0.0   140   207   422   484   410   511 0.73 ACNH67_004592
ACNH67_004592-T1     -            718 33846                -            336     2e-36  123.9   5.2   4   6       3.3   4.2e+02   -2.1   0.0    22    51   513   542   491   545 0.76 ACNH67_004592
ACNH67_004592-T1     -            718 33846                -            336     2e-36  123.9   5.2   5   6   0.00027     0.034   11.3   0.0   165   202   568   605   562   611 0.89 ACNH67_004592
ACNH67_004592-T1     -            718 33846                -            336     2e-36  123.9   5.2   6   6   3.9e-17     5e-15   53.5   0.2   101   199   611   710   607   718 0.91 ACNH67_004592
ACNH67_004134-T1     -            621 33846                -            336   1.4e-32  111.3   0.0   1   3   5.5e-13   7.1e-11   39.9   0.0   144   213   172   241   160   260 0.85 ACNH67_004134
ACNH67_004134-T1     -            621 33846                -            336   1.4e-32  111.3   0.0   2   3   1.6e-10   2.1e-08   31.8   0.0   140   201   273   334   269   341 0.94 ACNH67_004134
ACNH67_004134-T1     -            621 33846                -            336   1.4e-32  111.3   0.0   3   3   9.3e-12   1.2e-09   35.8   0.0   143   205   391   453   382   476 0.90 ACNH67_004134
ACNH67_004487-T1     -            380 33846                -            336     2e-27   94.3   0.3   1   3   0.00058     0.075   10.2   0.0   166   214     2    53     1    64 0.80 ACNH67_004487
ACNH67_004487-T1     -            380 33846                -            336     2e-27   94.3   0.3   2   3   1.5e-11   1.9e-09   35.1   0.0   132   208    66   147    51   152 0.82 ACNH67_004487
ACNH67_004487-T1     -            380 33846                -            336     2e-27   94.3   0.3   3   3   7.8e-15     1e-12   45.9   0.0   139   206   244   312   240   325 0.91 ACNH67_004487
ACNH67_002500-T1     -            211 33846                -            336   9.4e-22   75.6   0.0   1   2     3e-12   3.8e-10   37.5   0.0   125   208    23   104    14   110 0.88 ACNH67_002500
ACNH67_002500-T1     -            211 33846                -            336   9.4e-22   75.6   0.0   2   2   7.5e-12   9.7e-10   36.1   0.0    30   202   113   185   109   205 0.59 ACNH67_002500
ACNH67_000830-T1     -            367 33846                -            336   1.8e-17   61.6   0.0   1   2   5.5e-14   7.1e-12   43.2   0.0   125   209   100   183    83   200 0.86 ACNH67_000830
ACNH67_000830-T1     -            367 33846                -            336   1.8e-17   61.6   0.0   2   2   7.7e-06     0.001   16.4   0.0   141   203   309   366   298   367 0.77 ACNH67_000830
ACNH67_003464-T1     -           1814 33846                -            336   1.7e-16   58.3   0.0   1   3   8.7e-08   1.1e-05   22.8   0.0    29    98  1399  1469  1376  1481 0.69 ACNH67_003464
ACNH67_003464-T1     -           1814 33846                -            336   1.7e-16   58.3   0.0   2   3       2.3   2.9e+02   -1.6   0.1   270   297  1570  1599  1557  1615 0.77 ACNH67_003464
ACNH67_003464-T1     -           1814 33846                -            336   1.7e-16   58.3   0.0   3   3   1.5e-10   1.9e-08   31.9   0.0   133   207  1678  1755  1635  1761 0.85 ACNH67_003464
ACNH67_004646-T1     -            221 33846                -            336   6.6e-16   56.4   0.0   1   2   1.9e-07   2.4e-05   21.7   0.0   125   205    24   101     4   116 0.81 ACNH67_004646
ACNH67_004646-T1     -            221 33846                -            336   6.6e-16   56.4   0.0   2   2   7.1e-11   9.2e-09   32.9   0.0   107   201   122   210   119   216 0.90 ACNH67_004646
ACNH67_004179-T1     -            426 33846                -            336   2.5e-15   54.5   0.0   1   2   5.5e-08   7.1e-06   23.4   0.0   140   205   126   189    81   203 0.87 ACNH67_004179
ACNH67_004179-T1     -            426 33846                -            336   2.5e-15   54.5   0.0   2   2   1.1e-09   1.4e-07   29.1   0.0   136   211   255   329   247   339 0.86 ACNH67_004179
ACNH67_002845-T1     -            567 33846                -            336   7.7e-15   52.9   0.0   1   1   1.4e-16   1.8e-14   51.7   0.0    36   182   199   338   179   346 0.85 ACNH67_002845
ACNH67_004857-T1     -            181 33846                -            336     3e-13   47.7   0.0   1   1   4.1e-15   5.2e-13   46.9   0.0   264   333     4    83     1    86 0.82 ACNH67_004857
ACNH67_002556-T1     -           1967 33846                -            336   3.5e-12   44.2   0.0   1   3     0.002      0.26    8.4   0.0   121   192  1523  1594  1512  1607 0.83 ACNH67_002556
ACNH67_002556-T1     -           1967 33846                -            336   3.5e-12   44.2   0.0   2   3      0.95   1.2e+02   -0.4   0.0   110   163  1691  1744  1683  1758 0.71 ACNH67_002556
ACNH67_002556-T1     -           1967 33846                -            336   3.5e-12   44.2   0.0   3   3     3e-10   3.8e-08   30.9   0.0   137   204  1849  1916  1836  1932 0.90 ACNH67_002556
ACNH67_003758-T1     -            409 33846                -            336   1.2e-11   42.4   0.2   1   2       3.9     5e+02   -2.4   0.1    12    45    72   102    61   135 0.59 ACNH67_003758
ACNH67_003758-T1     -            409 33846                -            336   1.2e-11   42.4   0.2   2   2   2.2e-13   2.8e-11   41.2   0.0   137   218   199   279   189   307 0.80 ACNH67_003758
ACNH67_004212-T1     -            275 33846                -            336   7.2e-11   39.9   0.0   1   1   7.7e-13   9.8e-11   39.4   0.0   143   214    94   166    80   174 0.88 ACNH67_004212
ACNH67_004319-T1     -            163 33846                -            336   8.2e-11   39.7   0.0   1   1   7.4e-13   9.5e-11   39.5   0.0   139   215    82   159    55   163 0.86 ACNH67_004319
ACNH67_004698-T1     -            460 33846                -            336   8.5e-11   39.6   0.0   1   2   2.6e-06   0.00034   17.9   0.0   135   183   112   161    98   177 0.78 ACNH67_004698
ACNH67_004698-T1     -            460 33846                -            336   8.5e-11   39.6   0.0   2   2     1e-06   0.00013   19.3   0.0   128   202   207   279   201   285 0.85 ACNH67_004698
ACNH67_004294-T1     -            382 33846                -            336   1.7e-10   38.6   0.0   1   1   3.1e-12     4e-10   37.4   0.0   167   334   184   366   179   368 0.77 ACNH67_004294
ACNH67_005452-T1     -            524 33846                -            336   1.8e-10   38.5   0.0   1   1   2.1e-12   2.7e-10   38.0   0.0   139   211   125   198   121   220 0.86 ACNH67_005452
ACNH67_001306-T1     -            377 33846                -            336   3.9e-10   37.4   0.0   1   3     0.068       8.7    3.4   0.0    68   100    72   104    57   108 0.85 ACNH67_001306
ACNH67_001306-T1     -            377 33846                -            336   3.9e-10   37.4   0.0   2   3      0.99   1.3e+02   -0.4   0.0   140   191   151   202   141   218 0.54 ACNH67_001306
ACNH67_001306-T1     -            377 33846                -            336   3.9e-10   37.4   0.0   3   3   5.5e-10   7.1e-08   30.0   0.0   243   327   267   361   246   368 0.83 ACNH67_001306
ACNH67_000045-T1     -            253 33846                -            336   4.7e-10   37.2   0.2   1   2       5.4   6.9e+02   -2.8   0.1   195   242    29    76    27    82 0.75 ACNH67_000045
ACNH67_000045-T1     -            253 33846                -            336   4.7e-10   37.2   0.2   2   2   6.7e-12   8.6e-10   36.3   0.0   139   204   124   189    94   197 0.74 ACNH67_000045
ACNH67_000813-T1     -            561 33846                -            336   4.8e-10   37.2   0.0   1   1   5.7e-12   7.3e-10   36.5   0.0   127   219    57   144    27   164 0.76 ACNH67_000813
ACNH67_000399-T1     -            286 33846                -            336     1e-09   36.1   0.1   1   1   9.8e-12   1.3e-09   35.8   0.1   263   329    76   146    44   153 0.84 ACNH67_000399
ACNH67_002495-T1     -            856 33846                -            336   1.6e-09   35.4   0.0   1   1     2e-11   2.6e-09   34.8   0.0   136   219   689   773   680   788 0.86 ACNH67_002495
ACNH67_001540-T1     -            330 33846                -            336   4.4e-09   34.0   0.0   1   1   4.7e-11     6e-09   33.5   0.0   132   208   104   181    74   190 0.88 ACNH67_001540
ACNH67_003649-T1     -            129 33846                -            336   6.7e-09   33.4   0.0   1   1   5.9e-11   7.6e-09   33.2   0.0   137   202    12    75     2    91 0.85 ACNH67_003649
ACNH67_002655-T1     -            421 33846                -            336   9.5e-09   32.9   0.0   1   2   0.00014     0.018   12.2   0.0    19    88    27    96    11   103 0.84 ACNH67_002655
ACNH67_002655-T1     -            421 33846                -            336   9.5e-09   32.9   0.0   2   2   1.7e-06   0.00022   18.5   0.0   139   238   262   356   240   380 0.87 ACNH67_002655
ACNH67_000421-T1     -            851 33846                -            336   1.2e-08   32.5   0.0   1   1   1.9e-10   2.5e-08   31.5   0.0    21   102    38   120    20   144 0.77 ACNH67_000421
ACNH67_004386-T1     -            133 33846                -            336     3e-08   31.2   0.0   1   2   0.00027     0.035   11.3   0.0    16    54    24    62    11    72 0.81 ACNH67_004386
ACNH67_004386-T1     -            133 33846                -            336     3e-08   31.2   0.0   2   2   3.4e-08   4.4e-06   24.1   0.0   132   205    38   113    34   128 0.83 ACNH67_004386
ACNH67_001684-T1     -            228 33846                -            336   7.1e-08   30.0   0.0   1   1   7.9e-10     1e-07   29.5   0.0   227   327   122   224   108   228 0.79 ACNH67_001684
ACNH67_004681-T2     -           1826 33846                -            336   1.1e-07   29.4   0.0   1   1   1.6e-09   2.1e-07   28.5   0.0   118   188    21    92     9   129 0.86 ACNH67_004681
ACNH67_002995-T1     -            211 33846                -            336   1.5e-07   29.0   0.1   1   1   1.5e-09   1.9e-07   28.6   0.1   138   223    74   156    65   193 0.75 ACNH67_002995
ACNH67_004707-T1     -            185 33846                -            336   2.1e-07   28.5   0.0   1   1   2.1e-09   2.7e-07   28.1   0.0   137   202   103   168    78   179 0.87 ACNH67_004707
ACNH67_001131-T1     -            133 33846                -            336   2.4e-07   28.3   0.0   1   1     2e-09   2.6e-07   28.2   0.0   140   213    24    95     4   130 0.75 ACNH67_001131
ACNH67_001293-T1     -            621 33846                -            336   2.5e-07   28.2   0.1   1   4      0.03       3.9    4.6   0.0   117   162   205   247   188   253 0.86 ACNH67_001293
ACNH67_001293-T1     -            621 33846                -            336   2.5e-07   28.2   0.1   2   4       0.3        39    1.3   0.0   166   206   299   339   287   353 0.85 ACNH67_001293
ACNH67_001293-T1     -            621 33846                -            336   2.5e-07   28.2   0.1   3   4   7.1e-06   0.00091   16.5   0.0   244   325   395   478   385   484 0.84 ACNH67_001293
ACNH67_001293-T1     -            621 33846                -            336   2.5e-07   28.2   0.1   4   4       1.7   2.2e+02   -1.2   0.7   186   229   501   544   497   549 0.76 ACNH67_001293
ACNH67_001641-T1     -            276 33846                -            336   2.9e-07   28.0   0.0   1   1   3.7e-09   4.7e-07   27.3   0.0   139   207   202   271   167   275 0.87 ACNH67_001641
ACNH67_001826-T1     -            103 33846                -            336     2e-06   25.2   0.0   1   1   1.8e-08   2.3e-06   25.0   0.0   133   212    16    96     7   102 0.87 ACNH67_001826
ACNH67_005285-T1     -           1266 33846                -            336   2.6e-06   24.9   0.0   1   1   3.5e-08   4.5e-06   24.1   0.0   117   208    79   171    58   201 0.80 ACNH67_005285
ACNH67_002129-T1     -            163 33846                -            336     2e-05   22.0   0.0   1   1   2.1e-07   2.7e-05   21.5   0.0   136   205    87   154    71   161 0.81 ACNH67_002129
ACNH67_002310-T1     -            271 33846                -            336   2.1e-05   21.9   0.0   1   1   2.1e-07   2.7e-05   21.5   0.0   118   177    46   103    40   143 0.82 ACNH67_002310
ACNH67_001422-T1     -            642 33846                -            336   5.6e-05   20.5   0.0   1   1   7.3e-07   9.4e-05   19.7   0.0   139   213   197   274   187   289 0.79 ACNH67_001422
ACNH67_004355-T1     -            423 33846                -            336   0.00027   18.2   0.0   1   1   4.1e-06   0.00052   17.3   0.0   140   210   181   261   175   273 0.76 ACNH67_004355
ACNH67_002846-T1     -            127 33846                -            336    0.0076   13.5   0.0   1   1     8e-05      0.01   13.0   0.0   294   333     2    41     1    44 0.90 ACNH67_002846
ACNH67_001213-T1     -            278 33846                -            336     0.054   10.7   0.0   1   1   0.00061     0.079   10.1   0.0    28    94   109   174   103   182 0.88 ACNH67_001213
#
# Program:         hmmsearch
# Version:         3.1b2 (February 2015)
# Pipeline mode:   SEARCH
# Query file:      /home/edouard/GregarineStuff/Lgryllorum_Genome_analysis/Funannotate/Run_v3/species_train/annotate_results/busco_downloads/lineages/apicomplexa_odb12/hmms/33846at5794.hmm
# Target file:     /home/edouard/GregarineStuff/Lgryllorum_Genome_analysis/Funannotate/Run_v3/species_train/annotate_results/Leidyana_gryllorum.proteins.fa
# Option settings: hmmsearch --domtblout /home/edouard/GregarineStuff/Lgryllorum_Genome_analysis/Funannotate/Run_v3/species_train/annotate_results/busco/run_apicomplexa_odb12/hmmer_output/initial_run_results/33846at5794.out --cpu 1 /home/edouard/GregarineStuff/Lgryllorum_Genome_analysis/Funannotate/Run_v3/species_train/annotate_results/busco_downloads/lineages/apicomplexa_odb12/hmms/33846at5794.hmm /home/edouard/GregarineStuff/Lgryllorum_Genome_analysis/Funannotate/Run_v3/species_train/annotate_results/Leidyana_gryllorum.proteins.fa 
# Current dir:     /home/edouard/GregarineStuff/Lgryllorum_Genome_analysis/Funannotate/Run_v3/species_train/annotate_results
# Date:            Tue Apr  1 17:37:54 2025
# [ok]
