#                                                                            --- full sequence --- -------------- this domain -------------   hmm coord   ali coord   env coord
# target name        accession   tlen query name           accession   qlen   E-value  score  bias   #  of  c-Evalue  i-Evalue  score  bias  from    to  from    to  from    to  acc description of target
#------------------- ---------- ----- -------------------- ---------- ----- --------- ------ ----- --- --- --------- --------- ------ ----- ----- ----- ----- ----- ----- ----- ---- ---------------------
ACNH67_005054-T1     -            865 35557                -            569  2.3e-182  605.9   0.0   1   1    3e-184  4.6e-182  604.9   0.0    21   568   267   859   254   860 0.86 ACNH67_005054
ACNH67_003631-T1     -            173 35557                -            569   1.1e-60  204.1   0.3   1   1     8e-63   1.2e-60  204.0   0.3   419   567    19   171     5   173 0.94 ACNH67_003631
ACNH67_002299-T1     -            495 35557                -            569   1.3e-54  184.1   0.0   1   1   1.1e-56   1.6e-54  183.8   0.0   409   564   290   450   243   455 0.85 ACNH67_002299
ACNH67_002230-T1     -            167 35557                -            569   3.8e-47  159.5   3.0   1   1   3.1e-49   4.8e-47  159.1   3.0   424   563    15   162     7   165 0.87 ACNH67_002230
ACNH67_001935-T1     -            214 35557                -            569     4e-44  149.5   0.0   1   1   3.3e-46   5.1e-44  149.1   0.0   426   551    56   193    37   208 0.89 ACNH67_001935
ACNH67_002123-T1     -            208 35557                -            569   1.1e-41  141.5   0.1   1   1   8.5e-44   1.3e-41  141.2   0.1   424   554    45   173    29   189 0.87 ACNH67_002123
ACNH67_000986-T1     -            524 35557                -            569   9.5e-32  108.6   0.1   1   1     9e-34   1.4e-31  108.1   0.1   426   555    19   159    15   174 0.92 ACNH67_000986
ACNH67_000452-T1     -            493 35557                -            569   4.9e-25   86.4   0.0   1   1   2.2e-26   3.3e-24   83.7   0.0   419   561    14   173     8   181 0.78 ACNH67_000452
ACNH67_002495-T1     -            856 35557                -            569   3.5e-23   80.4   0.1   1   2   1.5e-12   2.2e-10   38.1   0.0   415   477   421   484   400   487 0.84 ACNH67_002495
ACNH67_002495-T1     -            856 35557                -            569   3.5e-23   80.4   0.1   2   2   3.4e-13   5.2e-11   40.1   0.0   488   563   524   604   518   609 0.86 ACNH67_002495
ACNH67_003156-T1     -            490 35557                -            569   2.8e-12   44.3   0.0   1   4      0.63        96   -0.3   0.0    79   114   169   204   164   215 0.80 ACNH67_003156
ACNH67_003156-T1     -            490 35557                -            569   2.8e-12   44.3   0.0   2   4   2.2e-09   3.4e-07   27.6   0.0    38   120   214   294   210   296 0.95 ACNH67_003156
ACNH67_003156-T1     -            490 35557                -            569   2.8e-12   44.3   0.0   3   4   6.1e-05    0.0094   12.9   0.0    78   205   294   424   292   439 0.88 ACNH67_003156
ACNH67_003156-T1     -            490 35557                -            569   2.8e-12   44.3   0.0   4   4       1.1   1.6e+02   -1.1   0.0    40    70   435   465   427   467 0.77 ACNH67_003156
ACNH67_003831-T1     -           1286 35557                -            569     6e-12   43.2   0.0   1   2   1.2e-05    0.0018   15.3   0.0    77   200    18   143    12   150 0.85 ACNH67_003831
ACNH67_003831-T1     -           1286 35557                -            569     6e-12   43.2   0.0   2   2   9.9e-09   1.5e-06   25.4   0.1    38   113   180   255   175   263 0.95 ACNH67_003831
ACNH67_001408-T1     -            960 35557                -            569   1.2e-11   42.3   0.1   1   3    0.0032      0.48    7.2   0.0    23    70   129   177   110   267 0.80 ACNH67_001408
ACNH67_001408-T1     -            960 35557                -            569   1.2e-11   42.3   0.1   2   3       2.2   3.3e+02   -2.1   0.0    47   108   381   447   378   451 0.71 ACNH67_001408
ACNH67_001408-T1     -            960 35557                -            569   1.2e-11   42.3   0.1   3   3   1.2e-10   1.8e-08   31.8   0.0    40   202   632   795   624   828 0.81 ACNH67_001408
ACNH67_001323-T1     -            521 35557                -            569   1.7e-11   41.8   0.0   1   5      0.41        63    0.3   0.0    79   113   126   160   124   168 0.87 ACNH67_001323
ACNH67_001323-T1     -            521 35557                -            569   1.7e-11   41.8   0.0   2   5     0.028       4.3    4.1   0.0   223   253   172   202   161   215 0.70 ACNH67_001323
ACNH67_001323-T1     -            521 35557                -            569   1.7e-11   41.8   0.0   3   5       0.9   1.4e+02   -0.9   0.0    44    71   235   262   222   285 0.72 ACNH67_001323
ACNH67_001323-T1     -            521 35557                -            569   1.7e-11   41.8   0.0   4   5    0.0034      0.51    7.2   0.0    54   111   378   434   373   437 0.84 ACNH67_001323
ACNH67_001323-T1     -            521 35557                -            569   1.7e-11   41.8   0.0   5   5   1.6e-07   2.5e-05   21.4   0.0    32   110   440   519   436   521 0.92 ACNH67_001323
ACNH67_004652-T1     -            353 35557                -            569   1.7e-11   41.7   0.1   1   5     9e-05     0.014   12.3   0.0    76   116    67   107    32   113 0.77 ACNH67_004652
ACNH67_004652-T1     -            353 35557                -            569   1.7e-11   41.7   0.1   2   5   1.4e-06   0.00021   18.4   0.0    37   112    72   145    58   156 0.90 ACNH67_004652
ACNH67_004652-T1     -            353 35557                -            569   1.7e-11   41.7   0.1   3   5   0.00036     0.055   10.4   0.1    37   113   114   191   105   200 0.80 ACNH67_004652
ACNH67_004652-T1     -            353 35557                -            569   1.7e-11   41.7   0.1   4   5   4.4e-05    0.0068   13.4   0.0    37   183   157   303   145   315 0.83 ACNH67_004652
ACNH67_004652-T1     -            353 35557                -            569   1.7e-11   41.7   0.1   5   5    0.0006     0.091    9.6   0.0    37   152   201   313   192   348 0.83 ACNH67_004652
ACNH67_005283-T1     -           1266 35557                -            569   9.4e-11   39.3   0.0   1   5   0.00013     0.019   11.8   0.0    49   113   267   329   254   351 0.86 ACNH67_005283
ACNH67_005283-T1     -           1266 35557                -            569   9.4e-11   39.3   0.0   2   5    0.0064      0.98    6.2   0.0    53   113   369   428   364   431 0.83 ACNH67_005283
ACNH67_005283-T1     -           1266 35557                -            569   9.4e-11   39.3   0.0   3   5     0.022       3.4    4.5   0.0   124   257   776   904   733   912 0.81 ACNH67_005283
ACNH67_005283-T1     -           1266 35557                -            569   9.4e-11   39.3   0.0   4   5   0.00043     0.066   10.1   0.0    36   113   909   985   906   993 0.86 ACNH67_005283
ACNH67_005283-T1     -           1266 35557                -            569   9.4e-11   39.3   0.0   5   5     0.051       7.8    3.2   0.0    40   114   956  1032   948  1040 0.77 ACNH67_005283
ACNH67_003255-T1     -            761 35557                -            569   1.7e-10   38.4   0.0   1   5      0.14        21    1.8   0.0    41   108    66   135    39   145 0.73 ACNH67_003255
ACNH67_003255-T1     -            761 35557                -            569   1.7e-10   38.4   0.0   2   5    0.0016      0.24    8.2   0.0    34   122   194   281   168   292 0.84 ACNH67_003255
ACNH67_003255-T1     -            761 35557                -            569   1.7e-10   38.4   0.0   3   5      0.31        47    0.7   0.1   227   258   435   466   414   526 0.70 ACNH67_003255
ACNH67_003255-T1     -            761 35557                -            569   1.7e-10   38.4   0.0   4   5       2.8   4.3e+02   -2.5   0.0   227   254   510   537   499   538 0.81 ACNH67_003255
ACNH67_003255-T1     -            761 35557                -            569   1.7e-10   38.4   0.0   5   5   2.4e-07   3.7e-05   20.8   0.1    71   195   626   753   622   759 0.83 ACNH67_003255
ACNH67_003323-T1     -           1057 35557                -            569     2e-09   34.9   0.0   1   2   9.2e-10   1.4e-07   28.8   0.0    33   117    60   145    29   149 0.82 ACNH67_003323
ACNH67_003323-T1     -           1057 35557                -            569     2e-09   34.9   0.0   2   2       0.1        16    2.3   0.0    40    73   354   387   338   401 0.81 ACNH67_003323
ACNH67_002641-T1     -            638 35557                -            569   3.6e-09   34.1   0.0   1   4     0.084        13    2.5   0.0    47    71   330   354   323   374 0.82 ACNH67_002641
ACNH67_002641-T1     -            638 35557                -            569   3.6e-09   34.1   0.0   2   4    0.0087       1.3    5.8   0.0    56   114   398   458   388   464 0.80 ACNH67_002641
ACNH67_002641-T1     -            638 35557                -            569   3.6e-09   34.1   0.0   3   4    0.0011      0.16    8.8   0.0    38   118   468   547   465   550 0.84 ACNH67_002641
ACNH67_002641-T1     -            638 35557                -            569   3.6e-09   34.1   0.0   4   4   4.2e-05    0.0064   13.4   0.0    29   113   544   627   542   631 0.89 ACNH67_002641
ACNH67_004370-T1     -            954 35557                -            569     2e-08   31.6   0.0   1   2     0.012       1.9    5.3   0.0    38   116    14    90     6    96 0.88 ACNH67_004370
ACNH67_004370-T1     -            954 35557                -            569     2e-08   31.6   0.0   2   2   3.2e-08   4.8e-06   23.8   0.0    37   199    97   272    91   341 0.79 ACNH67_004370
ACNH67_001215-T1     -            442 35557                -            569   4.4e-08   30.5   0.0   1   2   5.1e-09   7.9e-07   26.4   0.0    64   201   141   279   128   290 0.83 ACNH67_001215
ACNH67_001215-T1     -            442 35557                -            569   4.4e-08   30.5   0.0   2   2      0.14        22    1.8   0.0   157   201   385   429   308   439 0.71 ACNH67_001215
ACNH67_000155-T1     -            566 35557                -            569   1.9e-07   28.4   1.5   1   2   1.9e-08   2.9e-06   24.5   0.8    37   193   273   433   257   449 0.80 ACNH67_000155
ACNH67_000155-T1     -            566 35557                -            569   1.9e-07   28.4   1.5   2   2       0.1        16    2.2   0.0    48   110   504   565   497   566 0.70 ACNH67_000155
ACNH67_004486-T1     -            363 35557                -            569   1.2e-06   25.7   0.0   1   2    0.0007      0.11    9.4   0.0   160   271     8   120     3   139 0.79 ACNH67_004486
ACNH67_004486-T1     -            363 35557                -            569   1.2e-06   25.7   0.0   2   2   2.6e-05     0.004   14.1   0.0    52   121   189   255   183   273 0.91 ACNH67_004486
ACNH67_002822-T1     -            388 35557                -            569     3e-06   24.4   0.0   1   3   0.00011     0.018   12.0   0.0    38   106    70   145    56   151 0.81 ACNH67_002822
ACNH67_002822-T1     -            388 35557                -            569     3e-06   24.4   0.0   2   3      0.09        14    2.4   0.0   159   193   166   200   148   254 0.52 ACNH67_002822
ACNH67_002822-T1     -            388 35557                -            569     3e-06   24.4   0.0   3   3    0.0086       1.3    5.8   0.0   199   277   273   356   265   370 0.74 ACNH67_002822
ACNH67_004196-T1     -            656 35557                -            569   6.2e-05   20.1   0.0   1   1   6.9e-07   0.00011   19.3   0.0    38   165    80   216    77   227 0.83 ACNH67_004196
ACNH67_001454-T1     -            807 35557                -            569   0.00021   18.3   0.0   1   2   0.00041     0.063   10.2   0.0    43   192   135   291   106   297 0.73 ACNH67_001454
ACNH67_001454-T1     -            807 35557                -            569   0.00021   18.3   0.0   2   2   0.00089      0.14    9.1   0.1    41   195   227   383   219   387 0.73 ACNH67_001454
ACNH67_001763-T1     -            450 35557                -            569   0.00049   17.1   0.0   1   1   6.1e-06   0.00093   16.2   0.0    42   114   319   399   308   419 0.79 ACNH67_001763
ACNH67_004756-T1     -            986 35557                -            569    0.0012   15.9   0.4   1   2   2.1e-05    0.0032   14.5   0.2    37    99   224   288   213   292 0.83 ACNH67_004756
ACNH67_004756-T1     -            986 35557                -            569    0.0012   15.9   0.4   2   2       2.6     4e+02   -2.4   0.0   154   198   765   809   758   814 0.86 ACNH67_004756
ACNH67_003296-T1     -            565 35557                -            569    0.0012   15.9   0.1   1   4     0.038       5.9    3.7   0.0    47   114   118   185   105   189 0.81 ACNH67_003296
ACNH67_003296-T1     -            565 35557                -            569    0.0012   15.9   0.1   2   4    0.0073       1.1    6.1   0.0    34    68   192   227   185   234 0.87 ACNH67_003296
ACNH67_003296-T1     -            565 35557                -            569    0.0012   15.9   0.1   3   4         2     3e+02   -2.0   0.0    79   114   283   320   280   327 0.73 ACNH67_003296
ACNH67_003296-T1     -            565 35557                -            569    0.0012   15.9   0.1   4   4       0.2        30    1.3   0.0    34    68   330   364   308   375 0.84 ACNH67_003296
ACNH67_001061-T1     -            496 35557                -            569    0.0014   15.7   0.1   1   2       2.3   3.5e+02   -2.2   0.0   228   256   209   238   201   243 0.75 ACNH67_001061
ACNH67_001061-T1     -            496 35557                -            569    0.0014   15.7   0.1   2   2   3.9e-05    0.0059   13.6   0.0    52   116   276   341   266   489 0.79 ACNH67_001061
ACNH67_002373-T1     -            845 35557                -            569    0.0015   15.6   0.0   1   2   2.6e-05     0.004   14.1   0.0    36   181   478   633   470   642 0.77 ACNH67_002373
ACNH67_002373-T1     -            845 35557                -            569    0.0015   15.6   0.0   2   2       2.1   3.2e+02   -2.1   0.0    49    67   736   754   724   763 0.86 ACNH67_002373
ACNH67_004094-T1     -           1385 35557                -            569    0.0016   15.4   0.0   1   3      0.59        90   -0.3   0.0    72   112   506   548   475   552 0.66 ACNH67_004094
ACNH67_004094-T1     -           1385 35557                -            569    0.0016   15.4   0.0   2   3      0.53        81   -0.1   0.0    38    74   562   598   554   599 0.92 ACNH67_004094
ACNH67_004094-T1     -           1385 35557                -            569    0.0016   15.4   0.0   3   3   0.00043     0.066   10.1   0.0    45   114   806   873   795   968 0.67 ACNH67_004094
ACNH67_001450-T1     -            491 35557                -            569    0.0025   14.8   0.0   1   3   0.00026      0.04   10.8   0.0    37   112    86   164    83   181 0.84 ACNH67_001450
ACNH67_001450-T1     -            491 35557                -            569    0.0025   14.8   0.0   2   3      0.26        40    0.9   0.0    49    69   200   220   176   227 0.69 ACNH67_001450
ACNH67_001450-T1     -            491 35557                -            569    0.0025   14.8   0.0   3   3       3.3   5.1e+02   -2.7   0.0   127   219   252   352   242   361 0.52 ACNH67_001450
ACNH67_000829-T1     -            430 35557                -            569    0.0046   13.9   0.1   1   2      0.34        51    0.6   0.0    46   111   155   225   147   229 0.62 ACNH67_000829
ACNH67_000829-T1     -            430 35557                -            569    0.0046   13.9   0.1   2   2     0.021       3.1    4.6   0.0   123   197   301   377   254   384 0.89 ACNH67_000829
ACNH67_004907-T1     -            362 35557                -            569    0.0058   13.6   0.0   1   3   0.00053     0.081    9.8   0.0   101   202    30   131    10   185 0.62 ACNH67_004907
ACNH67_004907-T1     -            362 35557                -            569    0.0058   13.6   0.0   2   3    0.0007      0.11    9.4   0.0    81   171    92   186    88   224 0.68 ACNH67_004907
ACNH67_004907-T1     -            362 35557                -            569    0.0058   13.6   0.0   3   3       5.2   7.9e+02   -3.4   0.0    47    67   273   293   268   325 0.72 ACNH67_004907
ACNH67_003547-T1     -            160 35557                -            569     0.017   12.0   0.0   1   1   0.00015     0.023   11.6   0.0    71   200     9   144     6   153 0.76 ACNH67_003547
ACNH67_005513-T1     -           1050 35557                -            569     0.036   11.0   0.0   1   1   0.00035     0.054   10.4   0.0    55   194   836   977   822   986 0.86 ACNH67_005513
ACNH67_000310-T1     -            401 35557                -            569     0.047   10.6   0.0   1   2   0.00083      0.13    9.2   0.0    53   196    93   233    83   248 0.60 ACNH67_000310
ACNH67_000310-T1     -            401 35557                -            569     0.047   10.6   0.0   2   2       2.1   3.2e+02   -2.1   0.0    92   123   251   282   237   355 0.51 ACNH67_000310
#
# Program:         hmmsearch
# Version:         3.1b2 (February 2015)
# Pipeline mode:   SEARCH
# Query file:      /home/edouard/GregarineStuff/Lgryllorum_Genome_analysis/Funannotate/Run_v3/species_train/annotate_results/busco_downloads/lineages/apicomplexa_odb12/hmms/35557at5794.hmm
# Target file:     /home/edouard/GregarineStuff/Lgryllorum_Genome_analysis/Funannotate/Run_v3/species_train/annotate_results/Leidyana_gryllorum.proteins.fa
# Option settings: hmmsearch --domtblout /home/edouard/GregarineStuff/Lgryllorum_Genome_analysis/Funannotate/Run_v3/species_train/annotate_results/busco/run_apicomplexa_odb12/hmmer_output/initial_run_results/35557at5794.out --cpu 1 /home/edouard/GregarineStuff/Lgryllorum_Genome_analysis/Funannotate/Run_v3/species_train/annotate_results/busco_downloads/lineages/apicomplexa_odb12/hmms/35557at5794.hmm /home/edouard/GregarineStuff/Lgryllorum_Genome_analysis/Funannotate/Run_v3/species_train/annotate_results/Leidyana_gryllorum.proteins.fa 
# Current dir:     /home/edouard/GregarineStuff/Lgryllorum_Genome_analysis/Funannotate/Run_v3/species_train/annotate_results
# Date:            Tue Apr  1 17:37:58 2025
# [ok]
