#                                                                            --- full sequence --- -------------- this domain -------------   hmm coord   ali coord   env coord
# target name        accession   tlen query name           accession   qlen   E-value  score  bias   #  of  c-Evalue  i-Evalue  score  bias  from    to  from    to  from    to  acc description of target
#------------------- ---------- ----- -------------------- ---------- ----- --------- ------ ----- --- --- --------- --------- ------ ----- ----- ----- ----- ----- ----- ----- ---- ---------------------
ACNH67_002353-T1     -            240 35745                -            201   5.3e-69  230.1   0.2   1   1   1.5e-71   6.5e-69  229.8   0.2     6   200    25   226    21   227 0.94 ACNH67_002353
ACNH67_001827-T1     -            265 35745                -            201   6.2e-42  141.7   0.0   1   1     2e-44   8.5e-42  141.3   0.0     9   193    57   244    50   249 0.95 ACNH67_001827
ACNH67_002616-T1     -            286 35745                -            201   1.4e-40  137.3   0.2   1   1   4.3e-43   1.9e-40  136.9   0.2     4   192    37   225    34   233 0.95 ACNH67_002616
ACNH67_003251-T1     -            194 35745                -            201   7.6e-17   59.8   0.0   1   1   2.2e-19   9.6e-17   59.5   0.0    13   171     3   166     2   188 0.89 ACNH67_003251
ACNH67_004987-T1     -            205 35745                -            201   1.9e-15   55.3   0.0   1   1   5.6e-18   2.5e-15   54.9   0.0    10   186     7   188     4   200 0.90 ACNH67_004987
ACNH67_002569-T1     -            244 35745                -            201   3.4e-15   54.4   0.0   1   1   9.8e-18   4.3e-15   54.1   0.0     4   183    17   202    14   219 0.83 ACNH67_002569
ACNH67_004875-T1     -            242 35745                -            201   5.2e-14   50.6   0.0   1   1   1.6e-16   7.1e-14   50.1   0.0     4   168    23   192    20   208 0.88 ACNH67_004875
ACNH67_003652-T1     -            220 35745                -            201   1.3e-13   49.3   0.0   1   1   5.9e-16   2.6e-13   48.3   0.0     8   171    21   197    16   205 0.81 ACNH67_003652
ACNH67_004197-T1     -            235 35745                -            201     3e-13   48.1   0.0   1   1   9.1e-16     4e-13   47.7   0.0    10   170    31   195    22   206 0.84 ACNH67_004197
ACNH67_003517-T1     -            148 35745                -            201   4.1e-11   41.1   0.0   1   1   1.1e-13   4.8e-11   40.9   0.0    11   102    16   107    11   131 0.92 ACNH67_003517
ACNH67_002146-T1     -            201 35745                -            201   2.4e-08   32.1   0.0   1   1   7.7e-11   3.4e-08   31.6   0.0    43   172    14   149     9   160 0.87 ACNH67_002146
ACNH67_002441-T1     -            264 35745                -            201     2e-07   29.1   0.0   1   1   6.6e-10   2.9e-07   28.6   0.0     4   125    25   148    22   172 0.86 ACNH67_002441
ACNH67_001233-T1     -            279 35745                -            201   7.1e-05   20.7   0.0   1   1   2.1e-07   9.3e-05   20.4   0.0    10    80    34   103    25   152 0.84 ACNH67_001233
#
# Program:         hmmsearch
# Version:         3.1b2 (February 2015)
# Pipeline mode:   SEARCH
# Query file:      /home/edouard/GregarineStuff/Lgryllorum_Genome_analysis/Funannotate/Run_v3/species_train/annotate_results/busco_downloads/lineages/apicomplexa_odb12/hmms/35745at5794.hmm
# Target file:     /home/edouard/GregarineStuff/Lgryllorum_Genome_analysis/Funannotate/Run_v3/species_train/annotate_results/Leidyana_gryllorum.proteins.fa
# Option settings: hmmsearch --domtblout /home/edouard/GregarineStuff/Lgryllorum_Genome_analysis/Funannotate/Run_v3/species_train/annotate_results/busco/run_apicomplexa_odb12/hmmer_output/initial_run_results/35745at5794.out --cpu 1 /home/edouard/GregarineStuff/Lgryllorum_Genome_analysis/Funannotate/Run_v3/species_train/annotate_results/busco_downloads/lineages/apicomplexa_odb12/hmms/35745at5794.hmm /home/edouard/GregarineStuff/Lgryllorum_Genome_analysis/Funannotate/Run_v3/species_train/annotate_results/Leidyana_gryllorum.proteins.fa 
# Current dir:     /home/edouard/GregarineStuff/Lgryllorum_Genome_analysis/Funannotate/Run_v3/species_train/annotate_results
# Date:            Tue Apr  1 17:37:59 2025
# [ok]
