#                                                                            --- full sequence --- -------------- this domain -------------   hmm coord   ali coord   env coord
# target name        accession   tlen query name           accession   qlen   E-value  score  bias   #  of  c-Evalue  i-Evalue  score  bias  from    to  from    to  from    to  acc description of target
#------------------- ---------- ----- -------------------- ---------- ----- --------- ------ ----- --- --- --------- --------- ------ ----- ----- ----- ----- ----- ----- ----- ---- ---------------------
ACNH67_004063-T1     -            480 36223                -            261   1.8e-95  317.5   0.9   1   2   2.9e-09   2.8e-06   25.2   0.0     2    33    63    94    62   100 0.88 ACNH67_004063
ACNH67_004063-T1     -            480 36223                -            261   1.8e-95  317.5   0.9   2   2   2.4e-90   2.3e-87  291.0   0.1    31   254   139   369   126   375 0.92 ACNH67_004063
ACNH67_003292-T1     -           1767 36223                -            261   1.3e-27   95.1   0.1   1   1   2.3e-30   2.1e-27   94.4   0.1    48   232   868  1062   856  1076 0.86 ACNH67_003292
ACNH67_004904-T1     -            525 36223                -            261   8.4e-27   92.4   1.9   1   2      0.25   2.4e+02   -0.8   0.0     9    33    69    93    62   112 0.74 ACNH67_004904
ACNH67_004904-T1     -            525 36223                -            261   8.4e-27   92.4   1.9   2   2   6.2e-29   5.9e-26   89.7   2.0    74   225   275   430   221   444 0.90 ACNH67_004904
ACNH67_002366-T1     -            396 36223                -            261   1.1e-13   49.4   0.3   1   2     0.022        21    2.7   0.0    15    71    27    90    18    94 0.71 ACNH67_002366
ACNH67_002366-T1     -            396 36223                -            261   1.1e-13   49.4   0.3   2   2   3.6e-15   3.4e-12   44.6   0.2    73   231   121   294   113   306 0.80 ACNH67_002366
ACNH67_001784-T1     -            393 36223                -            261   8.2e-12   43.3   0.0   1   2   0.00026      0.24    9.0   0.0    53   107   138   195   131   205 0.77 ACNH67_001784
ACNH67_001784-T1     -            393 36223                -            261   8.2e-12   43.3   0.0   2   2   2.3e-11   2.2e-08   32.1   0.0   115   225   242   358   228   372 0.71 ACNH67_001784
ACNH67_004975-T1     -            448 36223                -            261     3e-06   25.1   0.1   1   1     5e-09   4.7e-06   24.4   0.1    47   213    78   240    47   256 0.74 ACNH67_004975
#
# Program:         hmmsearch
# Version:         3.1b2 (February 2015)
# Pipeline mode:   SEARCH
# Query file:      /home/edouard/GregarineStuff/Lgryllorum_Genome_analysis/Funannotate/Run_v3/species_train/annotate_results/busco_downloads/lineages/apicomplexa_odb12/hmms/36223at5794.hmm
# Target file:     /home/edouard/GregarineStuff/Lgryllorum_Genome_analysis/Funannotate/Run_v3/species_train/annotate_results/Leidyana_gryllorum.proteins.fa
# Option settings: hmmsearch --domtblout /home/edouard/GregarineStuff/Lgryllorum_Genome_analysis/Funannotate/Run_v3/species_train/annotate_results/busco/run_apicomplexa_odb12/hmmer_output/initial_run_results/36223at5794.out --cpu 1 /home/edouard/GregarineStuff/Lgryllorum_Genome_analysis/Funannotate/Run_v3/species_train/annotate_results/busco_downloads/lineages/apicomplexa_odb12/hmms/36223at5794.hmm /home/edouard/GregarineStuff/Lgryllorum_Genome_analysis/Funannotate/Run_v3/species_train/annotate_results/Leidyana_gryllorum.proteins.fa 
# Current dir:     /home/edouard/GregarineStuff/Lgryllorum_Genome_analysis/Funannotate/Run_v3/species_train/annotate_results
# Date:            Tue Apr  1 17:38:02 2025
# [ok]
