#                                                                            --- full sequence --- -------------- this domain -------------   hmm coord   ali coord   env coord
# target name        accession   tlen query name           accession   qlen   E-value  score  bias   #  of  c-Evalue  i-Evalue  score  bias  from    to  from    to  from    to  acc description of target
#------------------- ---------- ----- -------------------- ---------- ----- --------- ------ ----- --- --- --------- --------- ------ ----- ----- ----- ----- ----- ----- ----- ---- ---------------------
ACNH67_005120-T1     -            577 36848                -            421   1.8e-49  167.1   0.0   1   2   4.8e-27   9.4e-25   85.7   0.1     6    83    20   101    15   111 0.89 ACNH67_005120
ACNH67_005120-T1     -            577 36848                -            421   1.8e-49  167.1   0.0   2   2   2.9e-24   5.6e-22   76.5   0.0    96   409   194   562   178   573 0.72 ACNH67_005120
ACNH67_001630-T1     -            355 36848                -            421   3.6e-31  106.8   0.7   1   1   2.4e-33   4.7e-31  106.4   0.7    12    99     2    95     1   105 0.88 ACNH67_001630
ACNH67_004451-T1     -            282 36848                -            421   3.6e-31  106.8   1.7   1   1   2.4e-33   4.6e-31  106.5   1.7    10    89    36   117    28   156 0.86 ACNH67_004451
ACNH67_004206-T1     -            955 36848                -            421   1.5e-27   94.9   0.0   1   5   1.2e-08   2.4e-06   25.1   0.0   118   208    37   132    27   149 0.83 ACNH67_004206
ACNH67_004206-T1     -            955 36848                -            421   1.5e-27   94.9   0.0   2   5    0.0011      0.21    8.8   0.0   109   190   369   454   350   477 0.73 ACNH67_004206
ACNH67_004206-T1     -            955 36848                -            421   1.5e-27   94.9   0.0   3   5   1.4e-12   2.8e-10   38.0   0.0   111   229   524   644   484   677 0.79 ACNH67_004206
ACNH67_004206-T1     -            955 36848                -            421   1.5e-27   94.9   0.0   4   5    0.0091       1.8    5.7   0.0   133   205   742   816   731   824 0.73 ACNH67_004206
ACNH67_004206-T1     -            955 36848                -            421   1.5e-27   94.9   0.0   5   5   0.00062      0.12    9.5   0.0   111   201   844   939   835   950 0.77 ACNH67_004206
ACNH67_005458-T1     -            244 36848                -            421   3.6e-24   83.8   0.6   1   1   2.8e-26   5.5e-24   83.1   0.6    11    81     3    74     1    83 0.92 ACNH67_005458
ACNH67_005124-T1     -            400 36848                -            421   1.4e-23   81.8   0.2   1   1   1.2e-25   2.3e-23   81.1   0.2     8    85   103   182    97   199 0.88 ACNH67_005124
ACNH67_003236-T1     -            412 36848                -            421   1.9e-23   81.4   1.2   1   1   1.4e-25   2.8e-23   80.8   1.2    11    85    25    98    21   110 0.91 ACNH67_003236
ACNH67_000478-T1     -            404 36848                -            421   2.7e-21   74.3   0.2   1   1   1.8e-23   3.5e-21   73.9   0.2    10    76     5    75     1    83 0.89 ACNH67_000478
ACNH67_001542-T1     -            591 36848                -            421   1.7e-20   71.6   1.4   1   1   1.5e-22     3e-20   70.9   1.4     9    82   230   306   223   317 0.89 ACNH67_001542
ACNH67_001543-T1     -            566 36848                -            421   6.8e-20   69.7   1.1   1   1   5.5e-22   1.1e-19   69.0   1.1    12    82   182   255   175   265 0.89 ACNH67_001543
ACNH67_001899-T1     -            625 36848                -            421   7.1e-19   66.3   0.0   1   1   6.6e-21   1.3e-18   65.5   0.0     6    82   123   202   118   220 0.88 ACNH67_001899
ACNH67_004239-T1     -            727 36848                -            421   2.3e-16   58.0   0.0   1   1   1.8e-18   3.5e-16   57.4   0.0    10   208   164   377   156   418 0.79 ACNH67_004239
ACNH67_002391-T1     -            565 36848                -            421   4.4e-15   53.8   0.0   1   1   3.4e-17   6.6e-15   53.2   0.0    12    90     4    86     1   103 0.85 ACNH67_002391
ACNH67_001156-T1     -            438 36848                -            421   1.5e-10   38.9   0.0   1   1   1.6e-12   3.1e-10   37.8   0.0   117   258    44   195    23   259 0.74 ACNH67_001156
ACNH67_000825-T1     -            412 36848                -            421   1.6e-10   38.8   0.0   1   2      0.02         4    4.5   0.0   110   156    35    84    20    97 0.78 ACNH67_000825
ACNH67_000825-T1     -            412 36848                -            421   1.6e-10   38.8   0.0   2   2   9.1e-11   1.8e-08   32.1   0.0   113   182   165   235   148   292 0.82 ACNH67_000825
ACNH67_004740-T1     -            594 36848                -            421     1e-09   36.1   0.0   1   2    0.0097       1.9    5.6   0.0   152   255    83   191    17   202 0.61 ACNH67_004740
ACNH67_004740-T1     -            594 36848                -            421     1e-09   36.1   0.0   2   2   2.2e-09   4.4e-07   27.5   0.0   108   203   464   566   452   579 0.82 ACNH67_004740
ACNH67_003686-T1     -            531 36848                -            421   2.1e-09   35.1   0.0   1   1   1.7e-11   3.3e-09   34.5   0.0   100   221    57   188    41   192 0.83 ACNH67_003686
ACNH67_001064-T1     -            322 36848                -            421   2.6e-09   34.8   0.6   1   1   1.8e-11   3.6e-09   34.3   0.6    15    76   184   247   172   292 0.78 ACNH67_001064
ACNH67_003896-T1     -            214 36848                -            421   5.5e-09   33.7   0.0   1   1   3.7e-11   7.1e-09   33.4   0.0   120   200    44   126    23   133 0.82 ACNH67_003896
ACNH67_003897-T1     -            157 36848                -            421   7.9e-08   29.9   0.0   1   1   4.6e-10     9e-08   29.7   0.0   117   201    43   128    13   135 0.80 ACNH67_003897
ACNH67_001062-T1     -           1824 36848                -            421   1.1e-07   29.4   0.0   1   1   9.1e-10   1.8e-07   28.8   0.0    13    77    54   120    46   133 0.92 ACNH67_001062
ACNH67_000618-T1     -            547 36848                -            421     5e-07   27.3   0.0   1   2     0.015       2.8    5.0   0.0   111   236    59   195    30   207 0.63 ACNH67_000618
ACNH67_000618-T1     -            547 36848                -            421     5e-07   27.3   0.0   2   2   3.4e-07   6.6e-05   20.3   0.0   119   201   450   544   436   547 0.80 ACNH67_000618
ACNH67_001104-T1     -            627 36848                -            421   9.1e-07   26.4   0.1   1   1   6.8e-08   1.3e-05   22.6   0.1     7    73    94   178    88   180 0.76 ACNH67_001104
ACNH67_000451-T1     -            916 36848                -            421   1.7e-06   25.6   1.1   1   1   1.4e-08   2.7e-06   24.9   1.1    26    74    36    87    27   123 0.86 ACNH67_000451
ACNH67_005070-T1     -            143 36848                -            421   5.6e-06   23.8   0.0   1   1   3.4e-08   6.7e-06   23.6   0.0    15    48    28    61    17    81 0.87 ACNH67_005070
ACNH67_004209-T1     -            131 36848                -            421   0.00019   18.8   0.0   1   1     1e-06    0.0002   18.7   0.0   120   201    26   113     2   125 0.81 ACNH67_004209
ACNH67_001149-T1     -            355 36848                -            421   0.00022   18.6   0.0   1   1   1.5e-06    0.0003   18.1   0.0   120   181   245   309   210   319 0.82 ACNH67_001149
ACNH67_001088-T1     -            110 36848                -            421    0.0025   15.1   0.0   1   1   1.4e-05    0.0028   14.9   0.0   109   182    12    86     4   106 0.78 ACNH67_001088
ACNH67_004758-T1     -             81 36848                -            421     0.043   11.0   0.0   1   1   0.00022     0.044   11.0   0.0    16    46    30    60    20    77 0.89 ACNH67_004758
#
# Program:         hmmsearch
# Version:         3.1b2 (February 2015)
# Pipeline mode:   SEARCH
# Query file:      /home/edouard/GregarineStuff/Lgryllorum_Genome_analysis/Funannotate/Run_v3/species_train/annotate_results/busco_downloads/lineages/apicomplexa_odb12/hmms/36848at5794.hmm
# Target file:     /home/edouard/GregarineStuff/Lgryllorum_Genome_analysis/Funannotate/Run_v3/species_train/annotate_results/Leidyana_gryllorum.proteins.fa
# Option settings: hmmsearch --domtblout /home/edouard/GregarineStuff/Lgryllorum_Genome_analysis/Funannotate/Run_v3/species_train/annotate_results/busco/run_apicomplexa_odb12/hmmer_output/initial_run_results/36848at5794.out --cpu 1 /home/edouard/GregarineStuff/Lgryllorum_Genome_analysis/Funannotate/Run_v3/species_train/annotate_results/busco_downloads/lineages/apicomplexa_odb12/hmms/36848at5794.hmm /home/edouard/GregarineStuff/Lgryllorum_Genome_analysis/Funannotate/Run_v3/species_train/annotate_results/Leidyana_gryllorum.proteins.fa 
# Current dir:     /home/edouard/GregarineStuff/Lgryllorum_Genome_analysis/Funannotate/Run_v3/species_train/annotate_results
# Date:            Tue Apr  1 17:38:03 2025
# [ok]
