#                                                                            --- full sequence --- -------------- this domain -------------   hmm coord   ali coord   env coord
# target name        accession   tlen query name           accession   qlen   E-value  score  bias   #  of  c-Evalue  i-Evalue  score  bias  from    to  from    to  from    to  acc description of target
#------------------- ---------- ----- -------------------- ---------- ----- --------- ------ ----- --- --- --------- --------- ------ ----- ----- ----- ----- ----- ----- ----- ---- ---------------------
ACNH67_000035-T1     -            316 36929                -            337   2.4e-79  265.2   0.0   1   1     2e-80   1.4e-77  259.3   0.0    54   318     5   291     2   308 0.83 ACNH67_000035
ACNH67_003081-T1     -            393 36929                -            337   7.2e-08   30.2   0.1   1   1   1.6e-10   1.1e-07   29.5   0.1    80   171   123   217   117   225 0.67 ACNH67_003081
ACNH67_000101-T1     -            750 36929                -            337   3.4e-05   21.4   0.0   1   1   9.5e-08   6.8e-05   20.4   0.0    77   171    96   191    90   199 0.76 ACNH67_000101
ACNH67_005544-T1     -            617 36929                -            337    0.0039   14.6   0.2   1   3      0.01       7.2    3.9   0.0    86   108   157   179   142   184 0.81 ACNH67_005544
ACNH67_005544-T1     -            617 36929                -            337    0.0039   14.6   0.2   2   3    0.0013      0.92    6.8   0.0    85   114   362   391   303   431 0.74 ACNH67_005544
ACNH67_005544-T1     -            617 36929                -            337    0.0039   14.6   0.2   3   3      0.27   1.9e+02   -0.8   0.0    86   131   567   614   556   617 0.82 ACNH67_005544
ACNH67_005548-T1     -            619 36929                -            337     0.018   12.4   0.1   1   3   0.00018      0.13    9.6   0.0    85   120   131   166   112   196 0.72 ACNH67_005548
ACNH67_005548-T1     -            619 36929                -            337     0.018   12.4   0.1   2   3      0.21   1.5e+02   -0.5   0.0    82   112   336   366   331   404 0.76 ACNH67_005548
ACNH67_005548-T1     -            619 36929                -            337     0.018   12.4   0.1   3   3         3   2.1e+03   -4.2   0.0    86   103   544   561   530   569 0.80 ACNH67_005548
ACNH67_004780-T1     -            202 36929                -            337     0.031   11.7   0.0   1   1   4.9e-05     0.035   11.5   0.0    47   105   105   159    71   193 0.75 ACNH67_004780
ACNH67_001146-T1     -            260 36929                -            337     0.044   11.1   2.7   1   2   8.6e-05     0.061   10.7   0.0    76   176    14   108     5   111 0.78 ACNH67_001146
ACNH67_001146-T1     -            260 36929                -            337     0.044   11.1   2.7   2   2       1.5   1.1e+03   -3.3   3.7   155   172   126   143   114   155 0.48 ACNH67_001146
ACNH67_005467-T1     -             88 36929                -            337     0.049   11.0   0.1   1   1   8.4e-05      0.06   10.7   0.1   227   275    21    69    16    77 0.89 ACNH67_005467
#
# Program:         hmmsearch
# Version:         3.1b2 (February 2015)
# Pipeline mode:   SEARCH
# Query file:      /home/edouard/GregarineStuff/Lgryllorum_Genome_analysis/Funannotate/Run_v3/species_train/annotate_results/busco_downloads/lineages/apicomplexa_odb12/hmms/36929at5794.hmm
# Target file:     /home/edouard/GregarineStuff/Lgryllorum_Genome_analysis/Funannotate/Run_v3/species_train/annotate_results/Leidyana_gryllorum.proteins.fa
# Option settings: hmmsearch --domtblout /home/edouard/GregarineStuff/Lgryllorum_Genome_analysis/Funannotate/Run_v3/species_train/annotate_results/busco/run_apicomplexa_odb12/hmmer_output/initial_run_results/36929at5794.out --cpu 1 /home/edouard/GregarineStuff/Lgryllorum_Genome_analysis/Funannotate/Run_v3/species_train/annotate_results/busco_downloads/lineages/apicomplexa_odb12/hmms/36929at5794.hmm /home/edouard/GregarineStuff/Lgryllorum_Genome_analysis/Funannotate/Run_v3/species_train/annotate_results/Leidyana_gryllorum.proteins.fa 
# Current dir:     /home/edouard/GregarineStuff/Lgryllorum_Genome_analysis/Funannotate/Run_v3/species_train/annotate_results
# Date:            Tue Apr  1 17:38:04 2025
# [ok]
