#                                                                            --- full sequence --- -------------- this domain -------------   hmm coord   ali coord   env coord
# target name        accession   tlen query name           accession   qlen   E-value  score  bias   #  of  c-Evalue  i-Evalue  score  bias  from    to  from    to  from    to  acc description of target
#------------------- ---------- ----- -------------------- ---------- ----- --------- ------ ----- --- --- --------- --------- ------ ----- ----- ----- ----- ----- ----- ----- ---- ---------------------
ACNH67_004680-T1     -            353 37256                -            312  1.2e-133  443.5   0.0   1   2       1.6   1.3e+03   -3.5   0.3     5    15    25    35    23    38 0.81 ACNH67_004680
ACNH67_004680-T1     -            353 37256                -            312  1.2e-133  443.5   0.0   2   2  1.5e-136  1.2e-133  443.5   0.0    18   285    60   330    55   340 0.96 ACNH67_004680
ACNH67_001334-T1     -            444 37256                -            312   2.2e-06   25.4  10.7   1   2   8.1e-05     0.066   10.7   2.4   248   295   156   206   136   214 0.84 ACNH67_001334
ACNH67_001334-T1     -            444 37256                -            312   2.2e-06   25.4  10.7   2   2   1.8e-07   0.00015   19.4   1.4   251   308   217   274   208   278 0.89 ACNH67_001334
ACNH67_000537-T1     -            450 37256                -            312   2.9e-05   21.7   0.0   1   1   5.6e-08   4.5e-05   21.1   0.0   128   182    23    78    16   110 0.78 ACNH67_000537
ACNH67_003212-T1     -            482 37256                -            312   0.00016   19.2   1.2   1   3    0.0027       2.2    5.7   0.0   147   182    29    64    22    75 0.81 ACNH67_003212
ACNH67_003212-T1     -            482 37256                -            312   0.00016   19.2   1.2   2   3      0.16   1.3e+02   -0.2   0.1   262   297   325   360   315   374 0.80 ACNH67_003212
ACNH67_003212-T1     -            482 37256                -            312   0.00016   19.2   1.2   3   3   9.7e-05     0.079   10.4   0.1   148   176   381   409   374   423 0.83 ACNH67_003212
ACNH67_001909-T1     -            397 37256                -            312    0.0019   15.7   0.0   1   1   3.5e-06    0.0029   15.2   0.0   151   221   259   326   237   336 0.85 ACNH67_001909
ACNH67_000019-T1     -            167 37256                -            312     0.011   13.2   1.1   1   1   2.3e-05     0.018   12.5   1.1   245   302   113   164   104   167 0.81 ACNH67_000019
ACNH67_000187-T1     -            352 37256                -            312      0.05   11.1   0.2   1   1   0.00012     0.097   10.1   0.2   247   276   283   312   278   322 0.86 ACNH67_000187
#
# Program:         hmmsearch
# Version:         3.1b2 (February 2015)
# Pipeline mode:   SEARCH
# Query file:      /home/edouard/GregarineStuff/Lgryllorum_Genome_analysis/Funannotate/Run_v3/species_train/annotate_results/busco_downloads/lineages/apicomplexa_odb12/hmms/37256at5794.hmm
# Target file:     /home/edouard/GregarineStuff/Lgryllorum_Genome_analysis/Funannotate/Run_v3/species_train/annotate_results/Leidyana_gryllorum.proteins.fa
# Option settings: hmmsearch --domtblout /home/edouard/GregarineStuff/Lgryllorum_Genome_analysis/Funannotate/Run_v3/species_train/annotate_results/busco/run_apicomplexa_odb12/hmmer_output/initial_run_results/37256at5794.out --cpu 1 /home/edouard/GregarineStuff/Lgryllorum_Genome_analysis/Funannotate/Run_v3/species_train/annotate_results/busco_downloads/lineages/apicomplexa_odb12/hmms/37256at5794.hmm /home/edouard/GregarineStuff/Lgryllorum_Genome_analysis/Funannotate/Run_v3/species_train/annotate_results/Leidyana_gryllorum.proteins.fa 
# Current dir:     /home/edouard/GregarineStuff/Lgryllorum_Genome_analysis/Funannotate/Run_v3/species_train/annotate_results
# Date:            Tue Apr  1 17:38:04 2025
# [ok]
