#                                                                            --- full sequence --- -------------- this domain -------------   hmm coord   ali coord   env coord
# target name        accession   tlen query name           accession   qlen   E-value  score  bias   #  of  c-Evalue  i-Evalue  score  bias  from    to  from    to  from    to  acc description of target
#------------------- ---------- ----- -------------------- ---------- ----- --------- ------ ----- --- --- --------- --------- ------ ----- ----- ----- ----- ----- ----- ----- ---- ---------------------
ACNH67_001883-T1     -            573 37309                -            348   1.1e-97  325.4   0.0   1   2   1.3e-45   3.4e-43  146.2   0.0   115   336    19   239    16   243 0.88 ACNH67_001883
ACNH67_001883-T1     -            573 37309                -            348   1.1e-97  325.4   0.0   2   2   4.1e-55   1.1e-52  177.4   0.0    69   345   245   528   239   531 0.87 ACNH67_001883
ACNH67_001002-T1     -            453 37309                -            348     3e-55  185.8   0.0   1   1   1.6e-57   4.2e-55  185.3   0.0    47   290   171   416   150   423 0.88 ACNH67_001002
ACNH67_002875-T1     -            780 37309                -            348   2.7e-50  169.5   0.0   1   2   0.00053      0.14    9.3   0.0   106   179   183   260   171   280 0.72 ACNH67_002875
ACNH67_002875-T1     -            780 37309                -            348   2.7e-50  169.5   0.0   2   2   3.9e-49     1e-46  157.7   0.0    70   335   498   762   487   777 0.87 ACNH67_002875
ACNH67_001812-T1     -            393 37309                -            348   2.1e-49  166.6   0.3   1   2      0.82   2.1e+02   -1.1   0.2   303   306    25    28     4    75 0.44 ACNH67_001812
ACNH67_001812-T1     -            393 37309                -            348   2.1e-49  166.6   0.3   2   2   2.4e-51   6.2e-49  165.0   0.0    69   292   133   357   103   365 0.86 ACNH67_001812
ACNH67_004448-T1     -            424 37309                -            348   1.7e-48  163.6   0.2   1   2      0.22        58    0.7   0.1   236   266    21    51    14    66 0.80 ACNH67_004448
ACNH67_004448-T1     -            424 37309                -            348   1.7e-48  163.6   0.2   2   2   5.5e-50   1.4e-47  160.6   0.0    44   290   139   389   124   405 0.88 ACNH67_004448
ACNH67_000479-T1     -            398 37309                -            348   1.7e-46  157.0   0.0   1   1     1e-48   2.6e-46  156.4   0.0    64   294   129   363    88   396 0.84 ACNH67_000479
ACNH67_004969-T1     -            448 37309                -            348   4.1e-45  152.5   0.0   1   1   2.4e-47   6.1e-45  151.9   0.0    59   290   177   411   147   421 0.84 ACNH67_004969
ACNH67_002025-T1     -            396 37309                -            348   9.6e-45  151.3   0.0   1   1   5.8e-47   1.5e-44  150.6   0.0    45   289   114   359    90   366 0.88 ACNH67_002025
ACNH67_004898-T1     -            637 37309                -            348   2.5e-40  136.7   0.1   1   2   4.4e-24   1.1e-21   75.4   0.0    74   335   263   539   256   549 0.79 ACNH67_004898
ACNH67_004898-T1     -            637 37309                -            348   2.5e-40  136.7   0.1   2   2   5.3e-19   1.4e-16   58.7   0.0    71   159   548   637   539   637 0.95 ACNH67_004898
ACNH67_003933-T1     -            772 37309                -            348   3.7e-35  119.7   0.0   1   2   3.1e-34     8e-32  108.8   0.0    55   333   223   511   205   523 0.83 ACNH67_003933
ACNH67_003933-T1     -            772 37309                -            348   3.7e-35  119.7   0.0   2   2   0.00079       0.2    8.8   0.0   109   227   557   676   551   719 0.88 ACNH67_003933
ACNH67_005214-T1     -            349 37309                -            348     5e-34  116.0   0.0   1   1   2.7e-36   6.9e-34  115.5   0.0    43   249   126   339   102   348 0.85 ACNH67_005214
ACNH67_004164-T1     -            793 37309                -            348   2.5e-31  107.1   0.0   1   1   1.8e-33   4.5e-31  106.3   0.0    69   290   318   546   311   554 0.87 ACNH67_004164
ACNH67_001704-T1     -            126 37309                -            348   3.5e-22   77.0   0.0   1   1   1.4e-24   3.6e-22   77.0   0.0    38   118    40   125     6   126 0.79 ACNH67_001704
ACNH67_000848-T1     -            553 37309                -            348   5.7e-19   66.5   0.0   1   3       5.1   1.3e+03   -3.8   3.9     7    69    65   127    54   159 0.63 ACNH67_000848
ACNH67_000848-T1     -            553 37309                -            348   5.7e-19   66.5   0.0   2   3       8.6   2.2e+03   -4.5   4.3    44    58   159   173    98   237 0.51 ACNH67_000848
ACNH67_000848-T1     -            553 37309                -            348   5.7e-19   66.5   0.0   3   3   2.2e-21   5.7e-19   66.5   0.0   106   255   320   469   314   475 0.92 ACNH67_000848
ACNH67_004899-T1     -            163 37309                -            348   3.6e-13   47.4   0.1   1   1   2.2e-15   5.7e-13   46.8   0.1   200   250     1    52     1   142 0.82 ACNH67_004899
ACNH67_003508-T1     -            351 37309                -            348   1.2e-07   29.2   0.0   1   1   3.6e-09   9.1e-07   26.3   0.0   103   266   155   342   147   350 0.75 ACNH67_003508
ACNH67_003570-T1     -           1069 37309                -            348   0.00031   18.0   0.0   1   1   1.9e-06   0.00048   17.4   0.0   114   223   928  1052   911  1061 0.73 ACNH67_003570
ACNH67_001661-T1     -            467 37309                -            348    0.0041   14.3   0.0   1   1   3.1e-05    0.0081   13.4   0.0   103   152    71   122    60   130 0.74 ACNH67_001661
ACNH67_004083-T1     -            458 37309                -            348     0.013   12.7   0.0   1   1   9.8e-05     0.025   11.8   0.0   105   159    65   121    53   126 0.88 ACNH67_004083
ACNH67_002666-T1     -            989 37309                -            348     0.015   12.5   0.1   1   2   0.00021     0.054   10.7   0.0    71   141   460   531   443   542 0.87 ACNH67_002666
ACNH67_002666-T1     -            989 37309                -            348     0.015   12.5   0.1   2   2       1.3   3.3e+02   -1.8   0.0    30    88   568   626   539   634 0.74 ACNH67_002666
ACNH67_001884-T1     -            262 37309                -            348      0.02   12.1   0.0   1   1   0.00013     0.033   11.4   0.0    71   118   200   248   188   255 0.88 ACNH67_001884
ACNH67_003590-T1     -            235 37309                -            348     0.056   10.6   0.0   1   1    0.0003     0.078   10.1   0.0   265   336    53   127    45   138 0.82 ACNH67_003590
#
# Program:         hmmsearch
# Version:         3.1b2 (February 2015)
# Pipeline mode:   SEARCH
# Query file:      /home/edouard/GregarineStuff/Lgryllorum_Genome_analysis/Funannotate/Run_v3/species_train/annotate_results/busco_downloads/lineages/apicomplexa_odb12/hmms/37309at5794.hmm
# Target file:     /home/edouard/GregarineStuff/Lgryllorum_Genome_analysis/Funannotate/Run_v3/species_train/annotate_results/Leidyana_gryllorum.proteins.fa
# Option settings: hmmsearch --domtblout /home/edouard/GregarineStuff/Lgryllorum_Genome_analysis/Funannotate/Run_v3/species_train/annotate_results/busco/run_apicomplexa_odb12/hmmer_output/initial_run_results/37309at5794.out --cpu 1 /home/edouard/GregarineStuff/Lgryllorum_Genome_analysis/Funannotate/Run_v3/species_train/annotate_results/busco_downloads/lineages/apicomplexa_odb12/hmms/37309at5794.hmm /home/edouard/GregarineStuff/Lgryllorum_Genome_analysis/Funannotate/Run_v3/species_train/annotate_results/Leidyana_gryllorum.proteins.fa 
# Current dir:     /home/edouard/GregarineStuff/Lgryllorum_Genome_analysis/Funannotate/Run_v3/species_train/annotate_results
# Date:            Tue Apr  1 17:38:05 2025
# [ok]
