#                                                                            --- full sequence --- -------------- this domain -------------   hmm coord   ali coord   env coord
# target name        accession   tlen query name           accession   qlen   E-value  score  bias   #  of  c-Evalue  i-Evalue  score  bias  from    to  from    to  from    to  acc description of target
#------------------- ---------- ----- -------------------- ---------- ----- --------- ------ ----- --- --- --------- --------- ------ ----- ----- ----- ----- ----- ----- ----- ---- ---------------------
ACNH67_003643-T1     -            323 40580                -            328  7.3e-108  358.7   2.2   1   1  2.1e-109  4.9e-107  356.0   2.2    27   325     1   319     1   322 0.91 ACNH67_003643
ACNH67_004725-T1     -           1708 40580                -            328   7.4e-68  227.3   0.1   1   1   5.2e-70   1.2e-67  226.5   0.1    28   304  1415  1681  1406  1704 0.90 ACNH67_004725
ACNH67_003685-T1     -            581 40580                -            328   6.7e-49  165.0   0.0   1   2   3.2e-07   7.6e-05   20.2   0.0    71    94     2    25     1    28 0.93 ACNH67_003685
ACNH67_003685-T1     -            581 40580                -            328   6.7e-49  165.0   0.0   2   2   1.7e-44     4e-42  142.7   0.0   108   322   147   364   142   370 0.92 ACNH67_003685
ACNH67_001850-T1     -            352 40580                -            328   9.3e-42  141.5   1.2   1   2   2.1e-17   4.9e-15   53.7   0.0     4    74     1    71     1    83 0.92 ACNH67_001850
ACNH67_001850-T1     -            352 40580                -            328   9.3e-42  141.5   1.2   2   2   4.7e-27   1.1e-24   85.4   1.8   106   289   123   310    96   345 0.78 ACNH67_001850
ACNH67_001506-T1     -            691 40580                -            328   2.8e-16   57.8   0.0   1   1   2.3e-18   5.5e-16   56.8   0.0     3   217   160   368   158   377 0.83 ACNH67_001506
ACNH67_001661-T1     -            467 40580                -            328   1.7e-05   22.3   0.7   1   3   5.5e-06    0.0013   16.1   0.0    29    61    64    98    48   102 0.76 ACNH67_001661
ACNH67_001661-T1     -            467 40580                -            328   1.7e-05   22.3   0.7   2   3      0.22        52    1.0   0.0   115   138   309   332   302   346 0.91 ACNH67_001661
ACNH67_001661-T1     -            467 40580                -            328   1.7e-05   22.3   0.7   3   3      0.15        36    1.5   0.1   180   230   386   436   364   461 0.77 ACNH67_001661
ACNH67_004898-T1     -            637 40580                -            328   5.9e-05   20.5   0.0   1   2     7e-05     0.017   12.5   0.0    40    64   306   330   300   343 0.86 ACNH67_004898
ACNH67_004898-T1     -            637 40580                -            328   5.9e-05   20.5   0.0   2   2    0.0089       2.1    5.6   0.0    40    60   587   607   575   611 0.89 ACNH67_004898
ACNH67_000848-T1     -            553 40580                -            328   0.00035   18.0   0.0   1   1   2.8e-06   0.00067   17.1   0.0    37    59   318   342   297   345 0.83 ACNH67_000848
ACNH67_002025-T1     -            396 40580                -            328    0.0016   15.9   0.0   1   2     3e-05    0.0072   13.7   0.0    40    60   179   199   148   204 0.91 ACNH67_002025
ACNH67_002025-T1     -            396 40580                -            328    0.0016   15.9   0.0   2   2       1.1   2.6e+02   -1.3   0.0   206   268   314   381   298   385 0.68 ACNH67_002025
ACNH67_001812-T1     -            393 40580                -            328    0.0019   15.5   0.5   1   2       1.9   4.6e+02   -2.1   0.1   177   260    32    52     8    77 0.48 ACNH67_001812
ACNH67_001812-T1     -            393 40580                -            328    0.0019   15.5   0.5   2   2   1.8e-05    0.0043   14.4   0.0    40    61   174   195   160   209 0.88 ACNH67_001812
ACNH67_001959-T1     -            956 40580                -            328    0.0035   14.7   0.0   1   1   3.9e-05    0.0091   13.3   0.0    38    65   403   430   391   454 0.81 ACNH67_001959
ACNH67_003933-T1     -            772 40580                -            328    0.0037   14.6   0.0   1   2   7.7e-05     0.018   12.3   0.0    37    65   276   304   248   310 0.80 ACNH67_003933
ACNH67_003933-T1     -            772 40580                -            328    0.0037   14.6   0.0   2   2      0.83     2e+02   -0.9   0.0    34    58   551   575   536   578 0.78 ACNH67_003933
ACNH67_003666-T1     -           1061 40580                -            328    0.0044   14.4   0.0   1   1   3.6e-05    0.0085   13.4   0.0    37    61   216   240   200   249 0.87 ACNH67_003666
ACNH67_001883-T1     -            573 40580                -            328    0.0049   14.2   1.3   1   3       5.9   1.4e+03   -3.7   0.1    46    60    19    33    18    34 0.89 ACNH67_001883
ACNH67_001883-T1     -            573 40580                -            328    0.0049   14.2   1.3   2   3      0.81   1.9e+02   -0.9   0.0   124   151    50    77    46    83 0.80 ACNH67_001883
ACNH67_001883-T1     -            573 40580                -            328    0.0049   14.2   1.3   3   3   6.7e-05     0.016   12.5   0.1    40    60   286   306   278   311 0.90 ACNH67_001883
ACNH67_002432-T1     -           4929 40580                -            328    0.0054   14.1   0.0   1   4     0.025       5.8    4.1   0.0    39    59   363   383   338   404 0.77 ACNH67_002432
ACNH67_002432-T1     -           4929 40580                -            328    0.0054   14.1   0.0   2   4       3.1   7.3e+02   -2.8   0.0    36    57   825   846   812   849 0.77 ACNH67_002432
ACNH67_002432-T1     -           4929 40580                -            328    0.0054   14.1   0.0   3   4      0.12        28    1.9   0.0    41    80  1132  1166  1112  1192 0.83 ACNH67_002432
ACNH67_002432-T1     -           4929 40580                -            328    0.0054   14.1   0.0   4   4     0.065        15    2.7   0.0    38    58  1573  1593  1555  1610 0.77 ACNH67_002432
ACNH67_004083-T1     -            458 40580                -            328     0.008   13.5   0.9   1   3   0.00041     0.096   10.0   0.0    24    61    51    90    43    98 0.81 ACNH67_004083
ACNH67_004083-T1     -            458 40580                -            328     0.008   13.5   0.9   2   3      0.33        77    0.4   0.0   114   138   290   314   261   335 0.71 ACNH67_004083
ACNH67_004083-T1     -            458 40580                -            328     0.008   13.5   0.9   3   3      0.87   2.1e+02   -1.0   0.1   120   138   373   392   348   417 0.61 ACNH67_004083
ACNH67_004969-T1     -            448 40580                -            328    0.0083   13.5   0.0   1   1   6.1e-05     0.014   12.7   0.0    40    60   230   250   202   255 0.92 ACNH67_004969
ACNH67_000479-T1     -            398 40580                -            328    0.0089   13.4   0.0   1   1   6.5e-05     0.015   12.6   0.0    40    60   177   197   150   201 0.89 ACNH67_000479
ACNH67_003508-T1     -            351 40580                -            328     0.014   12.8   0.0   1   1     9e-05     0.021   12.1   0.0    40    59   161   180   131   192 0.79 ACNH67_003508
ACNH67_001002-T1     -            453 40580                -            328     0.025   11.9   0.0   1   1   0.00018     0.042   11.1   0.0    39    59   232   252   204   258 0.88 ACNH67_001002
ACNH67_004448-T1     -            424 40580                -            328     0.029   11.7   0.1   1   1   0.00027     0.064   10.5   0.1    40    60   207   227   199   234 0.87 ACNH67_004448
ACNH67_005214-T1     -            349 40580                -            328     0.036   11.4   0.0   1   1   0.00027     0.063   10.6   0.0    40    59   195   214   189   217 0.88 ACNH67_005214
ACNH67_000721-T1     -            305 40580                -            328     0.042   11.1   0.0   1   1   0.00027     0.064   10.5   0.0    24    57    65    98    60   108 0.83 ACNH67_000721
ACNH67_004631-T1     -            662 40580                -            328     0.059   10.7   0.0   1   1   0.00041     0.097   10.0   0.0    21    57    58    94    48    98 0.82 ACNH67_004631
#
# Program:         hmmsearch
# Version:         3.1b2 (February 2015)
# Pipeline mode:   SEARCH
# Query file:      /home/edouard/GregarineStuff/Lgryllorum_Genome_analysis/Funannotate/Run_v3/species_train/annotate_results/busco_downloads/lineages/apicomplexa_odb12/hmms/40580at5794.hmm
# Target file:     /home/edouard/GregarineStuff/Lgryllorum_Genome_analysis/Funannotate/Run_v3/species_train/annotate_results/Leidyana_gryllorum.proteins.fa
# Option settings: hmmsearch --domtblout /home/edouard/GregarineStuff/Lgryllorum_Genome_analysis/Funannotate/Run_v3/species_train/annotate_results/busco/run_apicomplexa_odb12/hmmer_output/initial_run_results/40580at5794.out --cpu 1 /home/edouard/GregarineStuff/Lgryllorum_Genome_analysis/Funannotate/Run_v3/species_train/annotate_results/busco_downloads/lineages/apicomplexa_odb12/hmms/40580at5794.hmm /home/edouard/GregarineStuff/Lgryllorum_Genome_analysis/Funannotate/Run_v3/species_train/annotate_results/Leidyana_gryllorum.proteins.fa 
# Current dir:     /home/edouard/GregarineStuff/Lgryllorum_Genome_analysis/Funannotate/Run_v3/species_train/annotate_results
# Date:            Tue Apr  1 17:38:08 2025
# [ok]
