#                                                                            --- full sequence --- -------------- this domain -------------   hmm coord   ali coord   env coord
# target name        accession   tlen query name           accession   qlen   E-value  score  bias   #  of  c-Evalue  i-Evalue  score  bias  from    to  from    to  from    to  acc description of target
#------------------- ---------- ----- -------------------- ---------- ----- --------- ------ ----- --- --- --------- --------- ------ ----- ----- ----- ----- ----- ----- ----- ---- ---------------------
ACNH67_002495-T1     -            856 4079                 -            147   8.5e-70  231.2   0.2   1   1   7.6e-72   1.3e-69  230.6   0.2     6   139   639   772   634   779 0.94 ACNH67_002495
ACNH67_002393-T1     -            683 4079                 -            147   6.7e-24   82.3   0.1   1   4   3.7e-07   6.3e-05   20.7   0.0    48    97    12    61     6    66 0.93 ACNH67_002393
ACNH67_002393-T1     -            683 4079                 -            147   6.7e-24   82.3   0.1   2   4   2.5e-10   4.3e-08   31.0   0.0    49   118   145   213   138   221 0.89 ACNH67_002393
ACNH67_002393-T1     -            683 4079                 -            147   6.7e-24   82.3   0.1   3   4         1   1.7e+02   -0.1   0.0    59    77   245   263   231   328 0.69 ACNH67_002393
ACNH67_002393-T1     -            683 4079                 -            147   6.7e-24   82.3   0.1   4   4   2.5e-08   4.3e-06   24.5   0.0    59   127   407   474   399   488 0.86 ACNH67_002393
ACNH67_004592-T1     -            718 4079                 -            147   2.1e-22   77.4   0.0   1   5   1.9e-08   3.2e-06   24.9   0.0    71   125    37    91    20   117 0.86 ACNH67_004592
ACNH67_004592-T1     -            718 4079                 -            147   2.1e-22   77.4   0.0   2   5     0.014       2.4    5.9   0.0    59   127   216   285   178   307 0.78 ACNH67_004592
ACNH67_004592-T1     -            718 4079                 -            147   2.1e-22   77.4   0.0   3   5     0.068        12    3.6   0.0    41    76   403   438   376   464 0.80 ACNH67_004592
ACNH67_004592-T1     -            718 4079                 -            147   2.1e-22   77.4   0.0   4   5     7e-06    0.0012   16.6   0.0    34   142   504   624   491   632 0.81 ACNH67_004592
ACNH67_004592-T1     -            718 4079                 -            147   2.1e-22   77.4   0.0   5   5   1.9e-06   0.00032   18.4   0.0    50   110   641   700   628   710 0.84 ACNH67_004592
ACNH67_002500-T1     -            211 4079                 -            147   2.4e-21   74.0   0.0   1   2     9e-09   1.5e-06   26.0   0.0    46   111    21    86     9   106 0.90 ACNH67_002500
ACNH67_002500-T1     -            211 4079                 -            147   2.4e-21   74.0   0.0   2   2   5.8e-15   9.9e-13   46.1   0.0    49   124   111   186   107   201 0.94 ACNH67_002500
ACNH67_004487-T1     -            380 4079                 -            147   5.1e-18   63.2   0.0   1   2   1.8e-07   3.1e-05   21.7   0.0    48   106    63   121    46   143 0.90 ACNH67_004487
ACNH67_004487-T1     -            380 4079                 -            147   5.1e-18   63.2   0.0   2   2   7.1e-13   1.2e-10   39.3   0.0    43   125   228   310   219   324 0.90 ACNH67_004487
ACNH67_004797-T1     -            396 4079                 -            147   7.8e-15   52.9   0.0   1   3   4.2e-07   7.3e-05   20.5   0.0    48   139    23   114    13   123 0.77 ACNH67_004797
ACNH67_004797-T1     -            396 4079                 -            147   7.8e-15   52.9   0.0   2   3   6.8e-10   1.2e-07   29.6   0.0    49   122   124   200   112   213 0.86 ACNH67_004797
ACNH67_004797-T1     -            396 4079                 -            147   7.8e-15   52.9   0.0   3   3       3.8   6.5e+02   -2.0   0.0    61    75   328   342   325   367 0.76 ACNH67_004797
ACNH67_004134-T1     -            621 4079                 -            147     2e-14   51.5   0.0   1   3   0.00028     0.047   11.4   0.0    67   131   175   238   169   254 0.83 ACNH67_004134
ACNH67_004134-T1     -            621 4079                 -            147     2e-14   51.5   0.0   2   3   3.5e-07     6e-05   20.8   0.0    48   122   261   334   250   339 0.91 ACNH67_004134
ACNH67_004134-T1     -            621 4079                 -            147     2e-14   51.5   0.0   3   3   1.6e-05    0.0028   15.4   0.0    66   124   394   451   391   454 0.92 ACNH67_004134
ACNH67_004698-T1     -            460 4079                 -            147   1.7e-13   48.5   0.0   1   2   0.00023     0.039   11.7   0.0    49   100   106   157   100   169 0.88 ACNH67_004698
ACNH67_004698-T1     -            460 4079                 -            147   1.7e-13   48.5   0.0   2   2   2.4e-11   4.2e-09   34.3   0.0    49   121   205   277   199   281 0.95 ACNH67_004698
ACNH67_001540-T1     -            330 4079                 -            147   7.1e-13   46.5   0.0   1   1   5.8e-15   9.9e-13   46.1   0.0    34   125    87   177    56   188 0.81 ACNH67_001540
ACNH67_004179-T1     -            426 4079                 -            147   1.9e-12   45.1   0.0   1   2   1.6e-05    0.0028   15.4   0.0    43   106   109   171    85   195 0.80 ACNH67_004179
ACNH67_004179-T1     -            426 4079                 -            147   1.9e-12   45.1   0.0   2   2   2.9e-09     5e-07   27.5   0.0    49   134   248   331   244   340 0.87 ACNH67_004179
ACNH67_002845-T1     -            567 4079                 -            147   7.7e-12   43.2   0.0   1   2   3.1e-09   5.3e-07   27.5   0.0    48   109   190   254   180   270 0.82 ACNH67_002845
ACNH67_002845-T1     -            567 4079                 -            147   7.7e-12   43.2   0.0   2   2   5.1e-05    0.0088   13.8   0.0    37   103   273   338   256   343 0.81 ACNH67_002845
ACNH67_000830-T1     -            367 4079                 -            147   4.6e-11   40.7   0.0   1   3   3.9e-08   6.6e-06   23.9   0.0    39   132    90   185    85   195 0.82 ACNH67_000830
ACNH67_000830-T1     -            367 4079                 -            147   4.6e-11   40.7   0.0   2   3       9.4   1.6e+03   -3.3   0.0    16    43   239   266   231   268 0.74 ACNH67_000830
ACNH67_000830-T1     -            367 4079                 -            147   4.6e-11   40.7   0.0   3   3     5e-05    0.0086   13.8   0.0    42   123   290   365   284   367 0.86 ACNH67_000830
ACNH67_000421-T1     -            851 4079                 -            147   5.8e-11   40.3   0.0   1   1     1e-12   1.8e-10   38.8   0.0    48   124    44   120    36   138 0.92 ACNH67_000421
ACNH67_004319-T1     -            163 4079                 -            147   6.8e-09   33.6   0.0   1   1   4.9e-11   8.4e-09   33.3   0.0    48   133    71   156    63   163 0.90 ACNH67_004319
ACNH67_002655-T1     -            421 4079                 -            147     1e-08   33.0   0.0   1   3   1.7e-07   2.9e-05   21.9   0.0    45   104    32    92     8    97 0.85 ACNH67_002655
ACNH67_002655-T1     -            421 4079                 -            147     1e-08   33.0   0.0   2   3    0.0053      0.91    7.2   0.0    57   139   260   336   245   344 0.78 ACNH67_002655
ACNH67_002655-T1     -            421 4079                 -            147     1e-08   33.0   0.0   3   3       3.8   6.6e+02   -2.0   0.0    36    60   376   401   371   407 0.77 ACNH67_002655
ACNH67_001641-T1     -            276 4079                 -            147   1.5e-08   32.5   0.0   1   1   1.6e-10   2.8e-08   31.6   0.0    50   113   193   256   184   271 0.88 ACNH67_001641
ACNH67_002556-T1     -           1967 4079                 -            147   1.6e-08   32.4   0.0   1   3      0.89   1.5e+02    0.0   0.0    61    84  1543  1564  1522  1595 0.71 ACNH67_002556
ACNH67_002556-T1     -           1967 4079                 -            147   1.6e-08   32.4   0.0   2   3     0.019       3.2    5.5   0.0    45    91  1705  1752  1700  1757 0.87 ACNH67_002556
ACNH67_002556-T1     -           1967 4079                 -            147   1.6e-08   32.4   0.0   3   3   1.7e-07   2.9e-05   21.8   0.0    43   127  1835  1918  1830  1925 0.93 ACNH67_002556
ACNH67_002995-T1     -            211 4079                 -            147   2.1e-07   28.8   0.0   1   1   1.9e-09   3.2e-07   28.2   0.0    49   134    65   150    54   159 0.84 ACNH67_002995
ACNH67_003758-T1     -            409 4079                 -            147   2.1e-06   25.5   0.0   1   1   2.2e-08   3.8e-06   24.7   0.0    47   107   189   249   184   272 0.89 ACNH67_003758
ACNH67_005452-T1     -            524 4079                 -            147   3.3e-06   24.9   0.0   1   1   3.1e-08   5.3e-06   24.2   0.0    43   106   109   172    96   211 0.84 ACNH67_005452
ACNH67_004646-T1     -            221 4079                 -            147     8e-06   23.7   0.0   1   2   0.00013     0.023   12.4   0.0    50   121    26    96    13   103 0.89 ACNH67_004646
ACNH67_004646-T1     -            221 4079                 -            147     8e-06   23.7   0.0   2   2    0.0013      0.22    9.3   0.0    49   110   138   198   133   211 0.88 ACNH67_004646
ACNH67_003464-T1     -           1814 4079                 -            147   1.8e-05   22.5   0.0   1   3      0.12        20    2.9   0.0    72   117  1423  1467  1395  1483 0.71 ACNH67_003464
ACNH67_003464-T1     -           1814 4079                 -            147   1.8e-05   22.5   0.0   2   3         7   1.2e+03   -2.9   0.0    46    72  1482  1508  1473  1510 0.86 ACNH67_003464
ACNH67_003464-T1     -           1814 4079                 -            147   1.8e-05   22.5   0.0   3   3   8.6e-06    0.0015   16.3   0.0    43   124  1669  1751  1661  1758 0.90 ACNH67_003464
ACNH67_002310-T1     -            271 4079                 -            147   2.8e-05   21.9   0.0   1   1   2.7e-07   4.6e-05   21.2   0.0    49    98    54   103    39   112 0.90 ACNH67_002310
ACNH67_000045-T1     -            253 4079                 -            147   4.9e-05   21.1   0.0   1   1   4.3e-07   7.3e-05   20.5   0.0    49   120   114   184   102   194 0.84 ACNH67_000045
ACNH67_001826-T1     -            103 4079                 -            147   6.5e-05   20.7   0.0   1   1   3.8e-07   6.6e-05   20.7   0.0    59   100    22    63    11    96 0.88 ACNH67_001826
ACNH67_000777-T1     -            294 4079                 -            147   0.00044   18.0   0.0   1   1     5e-06   0.00085   17.1   0.0    44   123     4    77     2    84 0.91 ACNH67_000777
ACNH67_004707-T1     -            185 4079                 -            147    0.0017   16.1   0.0   1   1   1.4e-05    0.0025   15.6   0.0    47   120    93   165    87   172 0.83 ACNH67_004707
ACNH67_002129-T1     -            163 4079                 -            147    0.0019   15.9   0.0   1   1   1.5e-05    0.0026   15.5   0.0    47   105    78   133    62   148 0.83 ACNH67_002129
ACNH67_004212-T1     -            275 4079                 -            147    0.0043   14.8   0.0   1   1   3.3e-05    0.0056   14.4   0.0    51   138    82   169    76   178 0.84 ACNH67_004212
ACNH67_001548-T1     -            189 4079                 -            147    0.0078   13.9   0.0   1   1   7.4e-05     0.013   13.3   0.0    72   102     6    36     2    42 0.88 ACNH67_001548
ACNH67_004386-T1     -            133 4079                 -            147     0.017   12.8   0.0   1   1   0.00013     0.022   12.5   0.0    48   122    35   109    30   123 0.83 ACNH67_004386
ACNH67_004681-T2     -           1826 4079                 -            147     0.029   12.1   0.0   1   1   0.00036     0.062   11.0   0.0    49   123    33   102    28   129 0.80 ACNH67_004681
ACNH67_003649-T1     -            129 4079                 -            147     0.032   12.0   0.0   1   1    0.0003     0.051   11.3   0.0    56   121    11    73     4    80 0.83 ACNH67_003649
#
# Program:         hmmsearch
# Version:         3.1b2 (February 2015)
# Pipeline mode:   SEARCH
# Query file:      /home/edouard/GregarineStuff/Lgryllorum_Genome_analysis/Funannotate/Run_v3/species_train/annotate_results/busco_downloads/lineages/apicomplexa_odb12/hmms/4079at5794.hmm
# Target file:     /home/edouard/GregarineStuff/Lgryllorum_Genome_analysis/Funannotate/Run_v3/species_train/annotate_results/Leidyana_gryllorum.proteins.fa
# Option settings: hmmsearch --domtblout /home/edouard/GregarineStuff/Lgryllorum_Genome_analysis/Funannotate/Run_v3/species_train/annotate_results/busco/run_apicomplexa_odb12/hmmer_output/initial_run_results/4079at5794.out --cpu 1 /home/edouard/GregarineStuff/Lgryllorum_Genome_analysis/Funannotate/Run_v3/species_train/annotate_results/busco_downloads/lineages/apicomplexa_odb12/hmms/4079at5794.hmm /home/edouard/GregarineStuff/Lgryllorum_Genome_analysis/Funannotate/Run_v3/species_train/annotate_results/Leidyana_gryllorum.proteins.fa 
# Current dir:     /home/edouard/GregarineStuff/Lgryllorum_Genome_analysis/Funannotate/Run_v3/species_train/annotate_results
# Date:            Tue Apr  1 17:38:09 2025
# [ok]
