#                                                                            --- full sequence --- -------------- this domain -------------   hmm coord   ali coord   env coord
# target name        accession   tlen query name           accession   qlen   E-value  score  bias   #  of  c-Evalue  i-Evalue  score  bias  from    to  from    to  from    to  acc description of target
#------------------- ---------- ----- -------------------- ---------- ----- --------- ------ ----- --- --- --------- --------- ------ ----- ----- ----- ----- ----- ----- ----- ---- ---------------------
ACNH67_003835-T1     -            323 40823                -            304  3.3e-167  553.5   2.3   1   1  5.7e-169    4e-167  553.2   2.3    19   298    11   291     2   297 0.96 ACNH67_003835
ACNH67_000204-T1     -            289 40823                -            304    5e-118  392.0   0.1   1   1  8.2e-120  5.8e-118  391.8   0.1    58   294     1   238     1   248 0.96 ACNH67_000204
ACNH67_003228-T1     -            301 40823                -            304  1.3e-109  364.4   0.6   1   1  2.2e-111  1.5e-109  364.1   0.6    82   296     1   215     1   220 0.98 ACNH67_003228
ACNH67_003613-T1     -            401 40823                -            304  5.9e-109  362.2   3.4   1   2   6.7e-21   4.8e-19   67.0   0.1     5    73    16    84    13    90 0.95 ACNH67_003613
ACNH67_003613-T1     -            401 40823                -            304  5.9e-109  362.2   3.4   2   2   2.3e-89   1.6e-87  291.8   0.8    74   284   149   386   138   398 0.90 ACNH67_003613
ACNH67_005260-T1     -            397 40823                -            304   1.9e-19   68.3   0.1   1   1   4.7e-21   3.3e-19   67.5   0.1     3   168   104   277   102   297 0.78 ACNH67_005260
ACNH67_004409-T1     -           2132 40823                -            304   3.9e-19   67.3   0.3   1   1   9.1e-21   6.4e-19   66.5   0.3     5   160  1627  1786  1625  1832 0.83 ACNH67_004409
ACNH67_004293-T1     -            322 40823                -            304   2.7e-15   54.6   0.1   1   1   1.7e-16   1.2e-14   52.5   0.1     6   216    38   253    35   265 0.73 ACNH67_004293
ACNH67_005244-T1     -            386 40823                -            304   1.3e-13   49.1   0.1   1   2     9e-05    0.0064   14.0   0.0     6    51    21    68    16    80 0.81 ACNH67_005244
ACNH67_005244-T1     -            386 40823                -            304   1.3e-13   49.1   0.1   2   2   1.4e-10     1e-08   33.0   0.0    93   166   124   196   103   218 0.76 ACNH67_005244
ACNH67_001409-T1     -            502 40823                -            304   5.9e-13   46.9   0.2   1   1   1.7e-14   1.2e-12   45.9   0.2     4   163    34   203    33   273 0.83 ACNH67_001409
ACNH67_000126-T1     -            665 40823                -            304   9.9e-13   46.2   0.0   1   1   2.2e-14   1.6e-12   45.6   0.0     9   220   207   416   202   437 0.70 ACNH67_000126
ACNH67_003675-T1     -            596 40823                -            304   3.4e-12   44.5   0.0   1   1   1.6e-13   1.2e-11   42.7   0.0     6   180   152   322   148   393 0.69 ACNH67_003675
ACNH67_005221-T1     -            316 40823                -            304   3.4e-12   44.5   0.0   1   1   6.3e-14   4.5e-12   44.1   0.0     7   154    38   190    34   228 0.83 ACNH67_005221
ACNH67_004661-T1     -            883 40823                -            304   4.7e-12   44.0   0.0   1   1   9.9e-14     7e-12   43.4   0.0     7   157   118   269   113   297 0.76 ACNH67_004661
ACNH67_004832-T1     -            867 40823                -            304   1.6e-11   42.2   0.1   1   1   3.6e-13   2.6e-11   41.6   0.1     4   175   537   729   534   745 0.73 ACNH67_004832
ACNH67_001062-T1     -           1824 40823                -            304   2.7e-11   41.5   0.4   1   1   8.2e-13   5.8e-11   40.4   0.1     9   153  1243  1391  1238  1449 0.79 ACNH67_001062
ACNH67_001032-T1     -            605 40823                -            304   3.4e-11   41.2   0.1   1   1   7.5e-13   5.3e-11   40.5   0.1     6   187   136   313   132   349 0.76 ACNH67_001032
ACNH67_003730-T1     -            286 40823                -            304   3.5e-11   41.1   0.0   1   1   6.3e-13   4.4e-11   40.8   0.0     8   158     3   152     1   184 0.77 ACNH67_003730
ACNH67_001150-T1     -            290 40823                -            304   3.8e-11   41.0   0.1   1   1   8.8e-13   6.2e-11   40.3   0.1    67   166    45   146     4   219 0.77 ACNH67_001150
ACNH67_002687-T1     -            638 40823                -            304   3.1e-10   38.0   0.0   1   1   7.1e-12     5e-10   37.3   0.0     5   164   171   336   168   348 0.78 ACNH67_002687
ACNH67_003062-T1     -            577 40823                -            304   4.3e-10   37.5   0.0   1   1   1.4e-11     1e-09   36.3   0.0     6   157    68   220    66   236 0.69 ACNH67_003062
ACNH67_005347-T1     -            346 40823                -            304   4.7e-10   37.4   0.0   1   1   9.7e-12   6.9e-10   36.9   0.0     8   154    37   188    31   201 0.71 ACNH67_005347
ACNH67_002049-T1     -            352 40823                -            304   6.4e-10   37.0   0.2   1   1   1.3e-11   9.5e-10   36.4   0.2     8   158   106   259   103   267 0.73 ACNH67_002049
ACNH67_004244-T1     -            846 40823                -            304     1e-09   36.3   0.3   1   2    0.0012     0.083   10.3   0.0     6    44    42    80    38    85 0.87 ACNH67_004244
ACNH67_004244-T1     -            846 40823                -            304     1e-09   36.3   0.3   2   2   8.8e-08   6.2e-06   23.9   0.0   106   163   225   279   207   315 0.80 ACNH67_004244
ACNH67_002756-T1     -            373 40823                -            304   1.3e-09   36.0   0.1   1   1     3e-11   2.1e-09   35.3   0.1     8   160    49   199    45   220 0.83 ACNH67_002756
ACNH67_004049-T1     -            914 40823                -            304   2.8e-09   34.9   0.0   1   1   6.9e-11   4.9e-09   34.1   0.0     8   151   319   462   316   474 0.71 ACNH67_004049
ACNH67_005582-T1     -            631 40823                -            304   3.8e-09   34.4   0.1   1   1     1e-10   7.1e-09   33.6   0.1     9   161   169   327   162   336 0.74 ACNH67_005582
ACNH67_004277-T1     -            378 40823                -            304   8.3e-09   33.3   1.0   1   1   2.5e-10   1.8e-08   32.2   1.0    68   166   131   227    62   245 0.66 ACNH67_004277
ACNH67_002686-T1     -            701 40823                -            304   8.7e-09   33.3   0.1   1   1   6.2e-10   4.4e-08   31.0   0.1     8   164   194   370   188   384 0.61 ACNH67_002686
ACNH67_000838-T1     -            320 40823                -            304   9.5e-09   33.1   0.0   1   1     2e-10   1.4e-08   32.6   0.0    99   158   135   195   130   204 0.84 ACNH67_000838
ACNH67_001203-T1     -           1491 40823                -            304   9.7e-09   33.1   0.0   1   1   3.5e-10   2.5e-08   31.8   0.0     7   217  1220  1431  1216  1480 0.79 ACNH67_001203
ACNH67_003858-T1     -            525 40823                -            304   2.5e-08   31.8   1.9   1   1   6.9e-10   4.9e-08   30.8   1.8     4   156     8   161     5   173 0.74 ACNH67_003858
ACNH67_000097-T1     -            410 40823                -            304   2.9e-08   31.5   0.1   1   1   1.4e-09     1e-07   29.7   0.1     7   136    50   190    47   193 0.72 ACNH67_000097
ACNH67_003262-T1     -           1267 40823                -            304   3.4e-08   31.3   0.0   1   1   7.6e-10   5.4e-08   30.7   0.0     9   158    16   171    11   184 0.72 ACNH67_003262
ACNH67_004295-T1     -            623 40823                -            304   3.6e-08   31.2   0.0   1   2    0.0065      0.46    7.9   0.0     8    49    56   100    52   121 0.76 ACNH67_004295
ACNH67_004295-T1     -            623 40823                -            304   3.6e-08   31.2   0.0   2   2   6.2e-07   4.4e-05   21.1   0.0   100   157   230   284   204   290 0.84 ACNH67_004295
ACNH67_004964-T1     -            442 40823                -            304   5.5e-08   30.6   0.4   1   1   1.9e-09   1.4e-07   29.4   0.4     5   166    29   194    26   200 0.71 ACNH67_004964
ACNH67_003806-T1     -            484 40823                -            304   2.7e-07   28.3   0.1   1   1   5.6e-09     4e-07   27.8   0.1     8   154   159   306   155   321 0.81 ACNH67_003806
ACNH67_000223-T1     -            347 40823                -            304   4.2e-07   27.7   0.1   1   2   1.7e-05    0.0012   16.4   0.0     7    63   102   154    97   162 0.83 ACNH67_000223
ACNH67_000223-T1     -            347 40823                -            304   4.2e-07   27.7   0.1   2   2    0.0024      0.17    9.3   0.0   119   140   228   249   209   268 0.81 ACNH67_000223
ACNH67_002957-T1     -            477 40823                -            304   4.4e-07   27.7   0.2   1   1     4e-08   2.9e-06   25.0   0.2    12   163    13   177     1   199 0.71 ACNH67_002957
ACNH67_003394-T1     -            537 40823                -            304   6.1e-07   27.2   0.0   1   1   1.3e-08   9.4e-07   26.6   0.0   109   215   180   285   156   295 0.75 ACNH67_003394
ACNH67_004794-T2     -           1125 40823                -            304   7.8e-07   26.9   0.0   1   1   1.6e-08   1.2e-06   26.3   0.0   104   212   500   610   453   620 0.78 ACNH67_004794
ACNH67_004794-T1     -           1179 40823                -            304   8.3e-07   26.8   0.0   1   1   1.8e-08   1.2e-06   26.2   0.0   104   212   500   610   453   620 0.78 ACNH67_004794
ACNH67_002523-T1     -            677 40823                -            304   9.8e-07   26.5   0.6   1   1   3.4e-08   2.4e-06   25.3   0.0   112   220   471   565   447   589 0.84 ACNH67_002523
ACNH67_004527-T1     -            526 40823                -            304     1e-06   26.4   0.0   1   1   2.2e-08   1.6e-06   25.8   0.0    80   159    59   135     3   183 0.76 ACNH67_004527
ACNH67_002903-T1     -            600 40823                -            304   1.1e-06   26.4   0.0   1   2   1.2e-06   8.5e-05   20.2   0.0    77   136   230   288   201   296 0.73 ACNH67_002903
ACNH67_002903-T1     -            600 40823                -            304   1.1e-06   26.4   0.0   2   2     0.096       6.8    4.1   0.0   147   211   320   384   314   405 0.84 ACNH67_002903
ACNH67_002685-T1     -            740 40823                -            304   1.3e-06   26.1   0.1   1   1     4e-08   2.8e-06   25.0   0.0    86   157   489   557   468   632 0.73 ACNH67_002685
ACNH67_004985-T1     -            726 40823                -            304   1.4e-06   26.0   0.0   1   1   4.8e-08   3.4e-06   24.8   0.0    87   157   478   553   468   631 0.70 ACNH67_004985
ACNH67_004075-T1     -            655 40823                -            304   1.6e-06   25.8   0.0   1   1     5e-08   3.5e-06   24.7   0.0    80   155   253   328   241   348 0.79 ACNH67_004075
ACNH67_000828-T1     -            471 40823                -            304   1.8e-06   25.7   0.0   1   2     7e-08     5e-06   24.2   0.0   106   172   144   208   136   246 0.84 ACNH67_000828
ACNH67_000828-T1     -            471 40823                -            304   1.8e-06   25.7   0.0   2   2       6.2   4.4e+02   -1.9   0.0   125   147   249   271   240   276 0.81 ACNH67_000828
ACNH67_003146-T1     -            655 40823                -            304   2.1e-06   25.4   0.0   1   1   4.8e-08   3.4e-06   24.7   0.0    95   159   406   470   394   477 0.88 ACNH67_003146
ACNH67_003077-T1     -            558 40823                -            304   3.6e-06   24.7   0.1   1   1   8.3e-08   5.9e-06   24.0   0.1    79   163   285   369   202   388 0.85 ACNH67_003077
ACNH67_000199-T1     -            563 40823                -            304   4.3e-06   24.4   0.0   1   1   1.8e-07   1.3e-05   22.9   0.0    11   214   241   471   233   476 0.69 ACNH67_000199
ACNH67_005443-T1     -            702 40823                -            304   7.1e-06   23.7   0.0   1   1   1.5e-07   1.1e-05   23.1   0.0    73   165   115   213    44   289 0.69 ACNH67_005443
ACNH67_002848-T1     -            852 40823                -            304   8.2e-06   23.5   0.0   1   3      0.33        23    2.3   0.0     7    42    91   128    83   145 0.80 ACNH67_002848
ACNH67_002848-T1     -            852 40823                -            304   8.2e-06   23.5   0.0   2   3     7e-06   0.00049   17.7   0.0    62   138   175   257   165   260 0.85 ACNH67_002848
ACNH67_002848-T1     -            852 40823                -            304   8.2e-06   23.5   0.0   3   3       5.5   3.9e+02   -1.7   0.0    71    93   615   637   613   642 0.83 ACNH67_002848
ACNH67_005579-T1     -            415 40823                -            304   1.4e-05   22.7   0.1   1   1     2e-05    0.0014   16.2   0.1    10   161   165   306   157   314 0.64 ACNH67_005579
ACNH67_002437-T1     -            340 40823                -            304   1.9e-05   22.3   0.0   1   1   4.3e-07     3e-05   21.6   0.0     7    57   272   323   268   332 0.88 ACNH67_002437
ACNH67_004408-T1     -            773 40823                -            304   2.4e-05   22.0   0.0   1   1   5.6e-07     4e-05   21.2   0.0    64   214   101   250    31   277 0.68 ACNH67_004408
ACNH67_004412-T1     -            387 40823                -            304   3.9e-05   21.3   0.0   1   1     8e-07   5.7e-05   20.7   0.0    97   206    68   167    56   185 0.74 ACNH67_004412
ACNH67_001310-T1     -            406 40823                -            304   0.00012   19.7   0.0   1   2     0.045       3.2    5.1   0.0     8    39    19    50    15    64 0.84 ACNH67_001310
ACNH67_001310-T1     -            406 40823                -            304   0.00012   19.7   0.0   2   2    0.0003     0.021   12.3   0.0   104   138   157   191   147   200 0.84 ACNH67_001310
ACNH67_000564-T1     -            871 40823                -            304   0.00014   19.5   0.0   1   2     0.011      0.75    7.2   0.0     6    43   491   527   485   534 0.85 ACNH67_000564
ACNH67_000564-T1     -            871 40823                -            304   0.00014   19.5   0.0   2   2    0.0014       0.1   10.0   0.0   111   205   630   719   618   736 0.74 ACNH67_000564
ACNH67_000225-T1     -            904 40823                -            304   0.00018   19.1   0.0   1   1   6.2e-06   0.00044   17.8   0.0     8   150    38   190    34   200 0.69 ACNH67_000225
ACNH67_002902-T1     -            327 40823                -            304    0.0002   18.9   0.0   1   1   8.7e-06   0.00062   17.3   0.0    12   155    23   174    13   240 0.75 ACNH67_002902
ACNH67_000353-T1     -            981 40823                -            304   0.00021   18.9   0.0   1   1   5.2e-06   0.00037   18.1   0.0    80   158   747   822   664   828 0.62 ACNH67_000353
ACNH67_003188-T1     -            329 40823                -            304   0.00027   18.5   0.0   1   1   6.2e-06   0.00044   17.8   0.0    75   171    26   120    15   183 0.72 ACNH67_003188
ACNH67_002277-T1     -            486 40823                -            304   0.00037   18.1   0.0   1   2      0.13       9.5    3.6   0.0     7    48   141   182   135   189 0.91 ACNH67_002277
ACNH67_002277-T1     -            486 40823                -            304   0.00037   18.1   0.0   2   2   0.00031     0.022   12.3   0.0   112   155   269   312   247   320 0.84 ACNH67_002277
ACNH67_002436-T1     -            305 40823                -            304   0.00039   18.0   0.0   1   1   7.9e-06   0.00056   17.5   0.0   109   153    28    72     5    84 0.81 ACNH67_002436
ACNH67_004098-T1     -            363 40823                -            304   0.00046   17.8   0.0   1   1     1e-05   0.00071   17.1   0.0    74   164   241   327   232   341 0.78 ACNH67_004098
ACNH67_004268-T1     -            912 40823                -            304   0.00056   17.5   0.0   1   1   1.8e-05    0.0013   16.3   0.0    88   213   688   817   672   857 0.76 ACNH67_004268
ACNH67_002165-T1     -           1516 40823                -            304   0.00062   17.3   0.0   1   3      0.16        11    3.3   0.0     9    41   711   743   706   754 0.84 ACNH67_002165
ACNH67_002165-T1     -           1516 40823                -            304   0.00062   17.3   0.0   2   3    0.0073      0.51    7.7   0.0   113   136   930   955   924   958 0.82 ACNH67_002165
ACNH67_002165-T1     -           1516 40823                -            304   0.00062   17.3   0.0   3   3      0.42        30    2.0   0.0   130   209  1332  1417  1310  1436 0.71 ACNH67_002165
ACNH67_003054-T1     -            700 40823                -            304   0.00076   17.0   0.0   1   1   1.6e-05    0.0011   16.5   0.0    80   210   195   316   123   342 0.73 ACNH67_003054
ACNH67_004114-T1     -            514 40823                -            304     0.001   16.6   0.0   1   1   2.2e-05    0.0016   16.0   0.0   106   157    54   103    10   109 0.76 ACNH67_004114
ACNH67_001957-T1     -            771 40823                -            304     0.001   16.6   0.0   1   1   2.8e-05     0.002   15.7   0.0    97   136   526   565   517   571 0.88 ACNH67_001957
ACNH67_004036-T1     -            504 40823                -            304    0.0013   16.3   0.0   1   1   3.3e-05    0.0023   15.4   0.0     8   135   184   318   179   325 0.80 ACNH67_004036
ACNH67_002396-T1     -           1379 40823                -            304    0.0017   15.9   0.1   1   1     4e-05    0.0028   15.2   0.1   106   154  1102  1146  1090  1155 0.83 ACNH67_002396
ACNH67_002449-T1     -            467 40823                -            304    0.0047   14.5   0.1   1   2       6.5   4.6e+02   -2.0   0.0    78    98   114   132   110   137 0.76 ACNH67_002449
ACNH67_002449-T1     -            467 40823                -            304    0.0047   14.5   0.1   2   2   0.00026     0.018   12.5   0.0   106   136   171   201   164   226 0.88 ACNH67_002449
ACNH67_003204-T1     -           1467 40823                -            304     0.011   13.2   0.0   1   1   0.00026     0.018   12.5   0.0   111   136   417   442   394   453 0.87 ACNH67_003204
ACNH67_000503-T1     -           1158 40823                -            304     0.013   13.0   0.0   1   1   0.00033     0.024   12.1   0.0   118   276   994  1156   973  1158 0.83 ACNH67_000503
ACNH67_004099-T1     -            462 40823                -            304     0.019   12.4   0.0   1   1   0.00047     0.034   11.6   0.0   111   155   105   147    79   156 0.77 ACNH67_004099
ACNH67_000598-T1     -           1026 40823                -            304      0.05   11.1   0.0   1   1    0.0012     0.085   10.3   0.0    92   136   746   790   738   794 0.84 ACNH67_000598
ACNH67_004979-T1     -            251 40823                -            304     0.055   10.9   0.0   1   2       3.6   2.5e+02   -1.1   0.0     7    33   115   141   111   152 0.78 ACNH67_004979
ACNH67_004979-T1     -            251 40823                -            304     0.055   10.9   0.0   2   2    0.0027      0.19    9.1   0.0   111   131   223   243   212   249 0.89 ACNH67_004979
ACNH67_003409-T1     -           1358 40823                -            304     0.071   10.6   0.0   1   1     0.002      0.14    9.6   0.0   100   215   866   978   768  1042 0.61 ACNH67_003409
#
# Program:         hmmsearch
# Version:         3.1b2 (February 2015)
# Pipeline mode:   SEARCH
# Query file:      /home/edouard/GregarineStuff/Lgryllorum_Genome_analysis/Funannotate/Run_v3/species_train/annotate_results/busco_downloads/lineages/apicomplexa_odb12/hmms/40823at5794.hmm
# Target file:     /home/edouard/GregarineStuff/Lgryllorum_Genome_analysis/Funannotate/Run_v3/species_train/annotate_results/Leidyana_gryllorum.proteins.fa
# Option settings: hmmsearch --domtblout /home/edouard/GregarineStuff/Lgryllorum_Genome_analysis/Funannotate/Run_v3/species_train/annotate_results/busco/run_apicomplexa_odb12/hmmer_output/initial_run_results/40823at5794.out --cpu 1 /home/edouard/GregarineStuff/Lgryllorum_Genome_analysis/Funannotate/Run_v3/species_train/annotate_results/busco_downloads/lineages/apicomplexa_odb12/hmms/40823at5794.hmm /home/edouard/GregarineStuff/Lgryllorum_Genome_analysis/Funannotate/Run_v3/species_train/annotate_results/Leidyana_gryllorum.proteins.fa 
# Current dir:     /home/edouard/GregarineStuff/Lgryllorum_Genome_analysis/Funannotate/Run_v3/species_train/annotate_results
# Date:            Tue Apr  1 17:38:10 2025
# [ok]
