#                                                                            --- full sequence --- -------------- this domain -------------   hmm coord   ali coord   env coord
# target name        accession   tlen query name           accession   qlen   E-value  score  bias   #  of  c-Evalue  i-Evalue  score  bias  from    to  from    to  from    to  acc description of target
#------------------- ---------- ----- -------------------- ---------- ----- --------- ------ ----- --- --- --------- --------- ------ ----- ----- ----- ----- ----- ----- ----- ---- ---------------------
ACNH67_001363-T1     -            480 41420                -            225   1.8e-42  143.2   0.0   1   2   9.3e-38   5.8e-35  118.6   0.0     3   160     7   188     5   193 0.77 ACNH67_001363
ACNH67_001363-T1     -            480 41420                -            225   1.8e-42  143.2   0.0   2   2   3.4e-08   2.1e-05   21.9   0.0   155   204   215   264   207   294 0.79 ACNH67_001363
ACNH67_001632-T1     -            426 41420                -            225   1.7e-30  104.0   0.0   1   2   1.7e-28   1.1e-25   88.3   0.0    16   131    27   143    14   166 0.91 ACNH67_001632
ACNH67_001632-T1     -            426 41420                -            225   1.7e-30  104.0   0.0   2   2   1.2e-05    0.0077   13.6   0.0   171   222   279   333   274   336 0.84 ACNH67_001632
ACNH67_001627-T1     -           1064 41420                -            225   2.6e-30  103.4   0.5   1   3   8.5e-09   5.4e-06   23.9   0.1     4   136    22   151    19   157 0.85 ACNH67_001627
ACNH67_001627-T1     -           1064 41420                -            225   2.6e-30  103.4   0.5   2   3     0.058        37    1.5   0.0   171   206   381   416   358   419 0.87 ACNH67_001627
ACNH67_001627-T1     -           1064 41420                -            225   2.6e-30  103.4   0.5   3   3   4.4e-24   2.8e-21   73.9   0.0    12   137   445   583   437   604 0.79 ACNH67_001627
ACNH67_002723-T1     -            618 41420                -            225     1e-24   85.2   0.0   1   1   2.9e-27   1.8e-24   84.3   0.0    23   156     3   151     1   158 0.81 ACNH67_002723
ACNH67_003714-T1     -           1061 41420                -            225   1.9e-09   35.2   0.0   1   2   3.9e-10   2.4e-07   28.3   0.0    22    76   530   584   518   618 0.87 ACNH67_003714
ACNH67_003714-T1     -           1061 41420                -            225   1.9e-09   35.2   0.0   2   2    0.0077       4.9    4.4   0.0   102   127   664   689   644   710 0.79 ACNH67_003714
ACNH67_002702-T1     -            562 41420                -            225   5.7e-05   20.5   0.1   1   2   2.7e-07   0.00017   19.0   0.1     2    95     4    95     3   122 0.91 ACNH67_002702
ACNH67_002702-T1     -            562 41420                -            225   5.7e-05   20.5   0.1   2   2      0.94   5.9e+02   -2.4   0.0   171   192   529   550   521   552 0.82 ACNH67_002702
ACNH67_001992-T1     -            816 41420                -            225     0.021   12.1   0.0   1   1   6.4e-05     0.041   11.2   0.0    24    50    66    92    46    97 0.82 ACNH67_001992
ACNH67_002535-T1     -            231 41420                -            225     0.031   11.6   0.0   1   1   6.3e-05      0.04   11.2   0.0     5    56    13    61     9   108 0.86 ACNH67_002535
ACNH67_000343-T1     -            352 41420                -            225      0.17    9.2   3.7   1   2    0.0042       2.7    5.3   1.0    24    46   177   199   171   210 0.85 ACNH67_000343
ACNH67_000343-T1     -            352 41420                -            225      0.17    9.2   3.7   2   2    0.0068       4.3    4.6   0.1    81   124   206   249   202   255 0.87 ACNH67_000343
#
# Program:         hmmsearch
# Version:         3.1b2 (February 2015)
# Pipeline mode:   SEARCH
# Query file:      /home/edouard/GregarineStuff/Lgryllorum_Genome_analysis/Funannotate/Run_v3/species_train/annotate_results/busco_downloads/lineages/apicomplexa_odb12/hmms/41420at5794.hmm
# Target file:     /home/edouard/GregarineStuff/Lgryllorum_Genome_analysis/Funannotate/Run_v3/species_train/annotate_results/Leidyana_gryllorum.proteins.fa
# Option settings: hmmsearch --domtblout /home/edouard/GregarineStuff/Lgryllorum_Genome_analysis/Funannotate/Run_v3/species_train/annotate_results/busco/run_apicomplexa_odb12/hmmer_output/initial_run_results/41420at5794.out --cpu 1 /home/edouard/GregarineStuff/Lgryllorum_Genome_analysis/Funannotate/Run_v3/species_train/annotate_results/busco_downloads/lineages/apicomplexa_odb12/hmms/41420at5794.hmm /home/edouard/GregarineStuff/Lgryllorum_Genome_analysis/Funannotate/Run_v3/species_train/annotate_results/Leidyana_gryllorum.proteins.fa 
# Current dir:     /home/edouard/GregarineStuff/Lgryllorum_Genome_analysis/Funannotate/Run_v3/species_train/annotate_results
# Date:            Tue Apr  1 17:38:11 2025
# [ok]
