#                                                                            --- full sequence --- -------------- this domain -------------   hmm coord   ali coord   env coord
# target name        accession   tlen query name           accession   qlen   E-value  score  bias   #  of  c-Evalue  i-Evalue  score  bias  from    to  from    to  from    to  acc description of target
#------------------- ---------- ----- -------------------- ---------- ----- --------- ------ ----- --- --- --------- --------- ------ ----- ----- ----- ----- ----- ----- ----- ---- ---------------------
ACNH67_000456-T1     -            658 41802                -            658    7e-203  673.6   0.1   1   1    9e-206  8.5e-203  673.3   0.1    31   656    17   656     3   658 0.92 ACNH67_000456
ACNH67_004909-T1     -            637 41802                -            658   3.7e-20   69.8   0.0   1   2   1.9e-06    0.0018   14.7   0.0   149   480    81   419    75   461 0.75 ACNH67_004909
ACNH67_004909-T1     -            637 41802                -            658   3.7e-20   69.8   0.0   2   2   1.1e-17     1e-14   51.9   0.0   508   635   503   633   494   636 0.90 ACNH67_004909
ACNH67_002257-T1     -           8107 41802                -            658   1.9e-16   57.6   0.5   1   3   1.2e-08   1.1e-05   22.0   0.0    96   174   130   209   123   216 0.90 ACNH67_002257
ACNH67_002257-T1     -           8107 41802                -            658   1.9e-16   57.6   0.5   2   3   2.7e-06    0.0025   14.2   0.0   264   297   287   320   265   332 0.87 ACNH67_002257
ACNH67_002257-T1     -           8107 41802                -            658   1.9e-16   57.6   0.5   3   3   6.5e-06    0.0061   12.9   0.1   501   631   640   794   633   803 0.66 ACNH67_002257
ACNH67_001905-T1     -            713 41802                -            658   9.2e-15   52.0   0.4   1   3    0.0064       6.1    3.0   0.2   147   207    75   135    69   144 0.83 ACNH67_001905
ACNH67_001905-T1     -            713 41802                -            658   9.2e-15   52.0   0.4   2   3    0.0027       2.6    4.3   0.0   271   311   196   237   190   314 0.57 ACNH67_001905
ACNH67_001905-T1     -            713 41802                -            658   9.2e-15   52.0   0.4   3   3   2.5e-14   2.4e-11   40.7   0.0   507   628   584   707   571   711 0.91 ACNH67_001905
ACNH67_002306-T1     -           1270 41802                -            658     0.014   11.7   0.0   1   1   2.2e-05     0.021   11.2   0.0   266   306   836   876   788   880 0.86 ACNH67_002306
ACNH67_004546-T1     -            415 41802                -            658     0.029   10.7   0.0   1   1   3.8e-05     0.036   10.4   0.0   264   291   259   284   189   316 0.76 ACNH67_004546
#
# Program:         hmmsearch
# Version:         3.1b2 (February 2015)
# Pipeline mode:   SEARCH
# Query file:      /home/edouard/GregarineStuff/Lgryllorum_Genome_analysis/Funannotate/Run_v3/species_train/annotate_results/busco_downloads/lineages/apicomplexa_odb12/hmms/41802at5794.hmm
# Target file:     /home/edouard/GregarineStuff/Lgryllorum_Genome_analysis/Funannotate/Run_v3/species_train/annotate_results/Leidyana_gryllorum.proteins.fa
# Option settings: hmmsearch --domtblout /home/edouard/GregarineStuff/Lgryllorum_Genome_analysis/Funannotate/Run_v3/species_train/annotate_results/busco/run_apicomplexa_odb12/hmmer_output/initial_run_results/41802at5794.out --cpu 1 /home/edouard/GregarineStuff/Lgryllorum_Genome_analysis/Funannotate/Run_v3/species_train/annotate_results/busco_downloads/lineages/apicomplexa_odb12/hmms/41802at5794.hmm /home/edouard/GregarineStuff/Lgryllorum_Genome_analysis/Funannotate/Run_v3/species_train/annotate_results/Leidyana_gryllorum.proteins.fa 
# Current dir:     /home/edouard/GregarineStuff/Lgryllorum_Genome_analysis/Funannotate/Run_v3/species_train/annotate_results
# Date:            Tue Apr  1 17:38:12 2025
# [ok]
