#                                                                            --- full sequence --- -------------- this domain -------------   hmm coord   ali coord   env coord
# target name        accession   tlen query name           accession   qlen   E-value  score  bias   #  of  c-Evalue  i-Evalue  score  bias  from    to  from    to  from    to  acc description of target
#------------------- ---------- ----- -------------------- ---------- ----- --------- ------ ----- --- --- --------- --------- ------ ----- ----- ----- ----- ----- ----- ----- ---- ---------------------
ACNH67_003156-T1     -            490 41938                -            401  1.6e-175  582.5   1.7   1   2       2.2   2.5e+02   -1.0   0.0     5    58    12    66     9    88 0.63 ACNH67_003156
ACNH67_003156-T1     -            490 41938                -            401  1.6e-175  582.5   1.7   2   2  2.5e-177  2.8e-175  581.6   0.9    80   398   147   465   112   468 0.94 ACNH67_003156
ACNH67_001323-T1     -            521 41938                -            401   1.1e-37  128.6  17.9   1   3   1.5e-18   1.8e-16   58.7   3.8    93   267   117   318    78   324 0.75 ACNH67_001323
ACNH67_001323-T1     -            521 41938                -            401   1.1e-37  128.6  17.9   2   3   3.3e-12   3.8e-10   37.9   1.4   123   296   247   428   245   429 0.81 ACNH67_001323
ACNH67_001323-T1     -            521 41938                -            401   1.1e-37  128.6  17.9   3   3   6.1e-18   7.1e-16   56.7   0.2   102   217   402   519   399   521 0.96 ACNH67_001323
ACNH67_004652-T1     -            353 41938                -            401   1.1e-34  118.6  16.3   1   2   1.9e-20   2.1e-18   65.0   7.0   101   265    10   194     2   194 0.83 ACNH67_004652
ACNH67_004652-T1     -            353 41938                -            401   1.1e-34  118.6  16.3   2   2   5.8e-21   6.7e-19   66.7   1.8   102   342   112   346   110   352 0.80 ACNH67_004652
ACNH67_003831-T1     -           1286 41938                -            401   1.5e-34  118.3   8.5   1   2   7.2e-26   8.3e-24   82.9   1.6   104   220    22   138     9   148 0.94 ACNH67_003831
ACNH67_003831-T1     -           1286 41938                -            401   1.5e-34  118.3   8.5   2   2     2e-12   2.3e-10   38.6   0.9   187   270   178   263   168   288 0.58 ACNH67_003831
ACNH67_001408-T1     -            960 41938                -            401   1.2e-27   95.5  12.1   1   3   1.7e-05     0.002   15.7   0.5   150   263   148   270   141   288 0.80 ACNH67_001408
ACNH67_001408-T1     -            960 41938                -            401   1.2e-27   95.5  12.1   2   3       0.4        46    1.4   0.0   205   230   388   413   369   455 0.51 ACNH67_001408
ACNH67_001408-T1     -            960 41938                -            401   1.2e-27   95.5  12.1   3   3   3.4e-25   3.9e-23   80.6   3.2   109   311   584   796   569   801 0.85 ACNH67_001408
ACNH67_002641-T1     -            638 41938                -            401     2e-27   94.8   1.4   1   3       1.8     2e+02   -0.8   0.0   328   355   333   360   325   368 0.78 ACNH67_002641
ACNH67_002641-T1     -            638 41938                -            401     2e-27   94.8   1.4   2   3   3.8e-26   4.3e-24   83.8   0.5   144   301   423   583   402   588 0.91 ACNH67_002641
ACNH67_002641-T1     -            638 41938                -            401     2e-27   94.8   1.4   3   3    0.0023      0.27    8.7   0.0    94   134   585   625   576   629 0.86 ACNH67_002641
ACNH67_004370-T1     -            954 41938                -            401   1.1e-26   92.3   3.9   1   2   5.5e-15   6.4e-13   47.0   1.7   102   263    11   174     2   181 0.91 ACNH67_004370
ACNH67_004370-T1     -            954 41938                -            401   1.1e-26   92.3   3.9   2   2   2.1e-14   2.4e-12   45.1   0.0   226   315   189   279   186   307 0.78 ACNH67_004370
ACNH67_005283-T1     -           1266 41938                -            401   7.9e-25   86.2   0.9   1   3   3.4e-12     4e-10   37.8   0.2   171   289   280   413   272   433 0.81 ACNH67_005283
ACNH67_005283-T1     -           1266 41938                -            401   7.9e-25   86.2   0.9   2   3     0.059       6.8    4.1   0.0   273   295   817   839   805   851 0.89 ACNH67_005283
ACNH67_005283-T1     -           1266 41938                -            401   7.9e-25   86.2   0.9   3   3   4.3e-12     5e-10   37.5   0.0    82   230   888  1040   852  1055 0.87 ACNH67_005283
ACNH67_000155-T1     -            566 41938                -            401   5.7e-22   76.8   3.4   1   2   1.9e-13   2.2e-11   41.9   1.1   181   300   266   388   261   393 0.85 ACNH67_000155
ACNH67_000155-T1     -            566 41938                -            401   5.7e-22   76.8   3.4   2   2   1.1e-10   1.2e-08   32.9   0.1   136   301   393   566   389   566 0.86 ACNH67_000155
ACNH67_004094-T1     -           1385 41938                -            401   2.2e-20   71.6   0.2   1   3   4.5e-06   0.00052   17.7   0.1    95   168   506   583   481   599 0.66 ACNH67_004094
ACNH67_004094-T1     -           1385 41938                -            401   2.2e-20   71.6   0.2   2   3       1.5   1.7e+02   -0.5   0.0   109   155   733   780   724   783 0.82 ACNH67_004094
ACNH67_004094-T1     -           1385 41938                -            401   2.2e-20   71.6   0.2   3   3   9.1e-16     1e-13   49.6   0.0   117   265   811   972   807  1031 0.81 ACNH67_004094
ACNH67_001061-T1     -            496 41938                -            401   3.1e-20   71.1   0.4   1   3     0.033       3.9    4.9   0.0   194   225   208   240   192   245 0.81 ACNH67_001061
ACNH67_001061-T1     -            496 41938                -            401   3.1e-20   71.1   0.4   2   3   3.7e-16   4.3e-14   50.9   0.0   194   286   266   363   242   366 0.81 ACNH67_001061
ACNH67_001061-T1     -            496 41938                -            401   3.1e-20   71.1   0.4   3   3   0.00013     0.015   12.9   0.0   203   298   366   464   349   485 0.74 ACNH67_001061
ACNH67_001454-T1     -            807 41938                -            401   1.2e-16   59.3   2.0   1   2   3.2e-16   3.7e-14   51.1   0.1   158   344   141   333   132   335 0.81 ACNH67_001454
ACNH67_001454-T1     -            807 41938                -            401   1.2e-16   59.3   2.0   2   2     0.088        10    3.5   0.3   102   134   349   381   342   389 0.90 ACNH67_001454
ACNH67_001808-T1     -            441 41938                -            401   3.4e-15   54.5   1.7   1   4      0.91   1.1e+02    0.2   0.0   244   262   190   208   167   212 0.62 ACNH67_001808
ACNH67_001808-T1     -            441 41938                -            401   3.4e-15   54.5   1.7   2   4     0.028       3.2    5.2   0.1   204   222   251   269   246   295 0.86 ACNH67_001808
ACNH67_001808-T1     -            441 41938                -            401   3.4e-15   54.5   1.7   3   4   3.2e-12   3.6e-10   37.9   0.1   204   262   299   359   285   370 0.87 ACNH67_001808
ACNH67_001808-T1     -            441 41938                -            401   3.4e-15   54.5   1.7   4   4     0.014       1.7    6.1   0.0   140   185   377   422   373   430 0.87 ACNH67_001808
ACNH67_000131-T1     -            297 41938                -            401   7.4e-15   53.4   0.0   1   3   0.00016     0.019   12.5   0.0   205   240    12    47     8    57 0.89 ACNH67_000131
ACNH67_000131-T1     -            297 41938                -            401   7.4e-15   53.4   0.0   2   3   1.2e-10   1.4e-08   32.7   0.0   204   311   129   241   121   255 0.54 ACNH67_000131
ACNH67_000131-T1     -            297 41938                -            401   7.4e-15   53.4   0.0   3   3     0.046       5.3    4.5   0.0   226   261   258   293   252   296 0.79 ACNH67_000131
ACNH67_003323-T1     -           1057 41938                -            401   1.9e-14   52.1   2.5   1   3   5.4e-09   6.3e-07   27.3   0.0    98   178    58   140    17   151 0.85 ACNH67_003323
ACNH67_003323-T1     -           1057 41938                -            401   1.9e-14   52.1   2.5   2   3      0.93   1.1e+02    0.2   0.0   213   271   205   264   201   279 0.82 ACNH67_003323
ACNH67_003323-T1     -           1057 41938                -            401   1.9e-14   52.1   2.5   3   3   2.1e-07   2.5e-05   22.0   0.1   161   262   279   383   274   388 0.81 ACNH67_003323
ACNH67_002774-T1     -           1020 41938                -            401   2.9e-14   51.4   0.8   1   2     0.093        11    3.5   0.0   246   281   137   173    81   178 0.78 ACNH67_002774
ACNH67_002774-T1     -           1020 41938                -            401   2.9e-14   51.4   0.8   2   2   7.3e-16   8.4e-14   49.9   0.8   120   292   137   309   132   339 0.84 ACNH67_002774
ACNH67_003296-T1     -            565 41938                -            401   2.9e-13   48.1   1.2   1   1   6.2e-15   7.2e-13   46.8   1.2   106   344   110   362    97   371 0.80 ACNH67_003296
ACNH67_002121-T1     -           1538 41938                -            401     7e-13   46.9   8.5   1   5   0.00024     0.027   12.0   0.0   235   284   452   503   447   516 0.86 ACNH67_002121
ACNH67_002121-T1     -           1538 41938                -            401     7e-13   46.9   8.5   2   5      0.19        22    2.5   0.0   160   178   537   555   524   568 0.84 ACNH67_002121
ACNH67_002121-T1     -           1538 41938                -            401     7e-13   46.9   8.5   3   5   0.00025     0.029   11.9   0.1   189   241   821   871   813   883 0.85 ACNH67_002121
ACNH67_002121-T1     -           1538 41938                -            401     7e-13   46.9   8.5   4   5   4.8e-07   5.6e-05   20.9   1.0   248   301   905   957   896  1014 0.76 ACNH67_002121
ACNH67_002121-T1     -           1538 41938                -            401     7e-13   46.9   8.5   5   5         2   2.3e+02   -0.9   0.0   234   262   986  1015   978  1025 0.64 ACNH67_002121
ACNH67_004907-T1     -            362 41938                -            401   8.8e-13   46.6   0.1   1   2   1.8e-09   2.1e-07   28.8   0.1   188   262    92   168    21   202 0.80 ACNH67_004907
ACNH67_004907-T1     -            362 41938                -            401   8.8e-13   46.6   0.1   2   2   4.1e-05    0.0048   14.5   0.0   192   239   267   315   228   330 0.77 ACNH67_004907
ACNH67_003547-T1     -            160 41938                -            401     2e-12   45.4   0.5   1   1     2e-14   2.3e-12   45.2   0.5   107   235    23   158    12   160 0.81 ACNH67_003547
ACNH67_001215-T1     -            442 41938                -            401   5.9e-11   40.5   0.4   1   2   7.6e-11   8.7e-09   33.4   0.1   226   396   154   321   149   325 0.82 ACNH67_001215
ACNH67_001215-T1     -            442 41938                -            401   5.9e-11   40.5   0.4   2   2     0.028       3.2    5.2   0.0   161   221   359   424   340   433 0.73 ACNH67_001215
ACNH67_005169-T1     -            638 41938                -            401   3.2e-10   38.1   0.1   1   2         2   2.3e+02   -0.9   0.1   247   262    67    82    60    89 0.71 ACNH67_005169
ACNH67_005169-T1     -            638 41938                -            401   3.2e-10   38.1   0.1   2   2     2e-11   2.3e-09   35.3   0.0   102   220   239   362   181   385 0.80 ACNH67_005169
ACNH67_005513-T1     -           1050 41938                -            401   4.1e-10   37.8   0.1   1   1     2e-11   2.3e-09   35.3   0.1   127   300   800   975   791  1026 0.77 ACNH67_005513
ACNH67_003819-T1     -            843 41938                -            401   7.2e-10   37.0   1.7   1   1   3.3e-11   3.8e-09   34.6   1.7    96   301     3   219     1   226 0.72 ACNH67_003819
ACNH67_004196-T1     -            656 41938                -            401     3e-09   34.9   4.1   1   3   9.3e-10   1.1e-07   29.8   0.1   184   271    75   172    68   177 0.77 ACNH67_004196
ACNH67_004196-T1     -            656 41938                -            401     3e-09   34.9   4.1   2   3     0.039       4.5    4.7   0.0   210   284   246   324   191   331 0.75 ACNH67_004196
ACNH67_004196-T1     -            656 41938                -            401     3e-09   34.9   4.1   3   3       7.8     9e+02   -2.9   0.4    29    89   498   530   458   573 0.48 ACNH67_004196
ACNH67_004557-T1     -            555 41938                -            401   8.9e-09   33.4   0.1   1   4       1.5   1.7e+02   -0.5   0.0   330   351   261   282   251   292 0.73 ACNH67_004557
ACNH67_004557-T1     -            555 41938                -            401   8.9e-09   33.4   0.1   2   4   4.7e-07   5.5e-05   20.9   0.0   243   355   315   430   306   442 0.77 ACNH67_004557
ACNH67_004557-T1     -            555 41938                -            401   8.9e-09   33.4   0.1   3   4      0.61        71    0.8   0.0   156   194   448   486   434   494 0.71 ACNH67_004557
ACNH67_004557-T1     -            555 41938                -            401   8.9e-09   33.4   0.1   4   4     0.011       1.2    6.6   0.0   154   215   489   550   460   553 0.92 ACNH67_004557
ACNH67_001450-T1     -            491 41938                -            401   7.2e-08   30.4   0.4   1   1   1.8e-09   2.1e-07   28.9   0.2   105   220    87   220    81   224 0.81 ACNH67_001450
ACNH67_001222-T1     -            444 41938                -            401   8.9e-08   30.1   4.4   1   3   4.8e-07   5.5e-05   20.9   0.5   181   296   156   283   131   288 0.78 ACNH67_001222
ACNH67_001222-T1     -            444 41938                -            401   8.9e-08   30.1   4.4   2   3   2.1e-06   0.00025   18.7   0.2   165   248   236   319   234   325 0.79 ACNH67_001222
ACNH67_001222-T1     -            444 41938                -            401   8.9e-08   30.1   4.4   3   3      0.02       2.3    5.7   0.0   206   222   370   386   359   433 0.81 ACNH67_001222
ACNH67_004555-T1     -            472 41938                -            401   6.5e-07   27.2   0.0   1   3       7.6   8.8e+02   -2.8   0.0   327   348    76    99    63   101 0.68 ACNH67_004555
ACNH67_004555-T1     -            472 41938                -            401   6.5e-07   27.2   0.0   2   3   5.7e-08   6.5e-06   23.9   0.0   118   221   155   270   145   328 0.79 ACNH67_004555
ACNH67_004555-T1     -            472 41938                -            401   6.5e-07   27.2   0.0   3   3      0.86        99    0.3   0.0   203   229   304   332   285   340 0.69 ACNH67_004555
ACNH67_002822-T1     -            388 41938                -            401     8e-07   26.9   1.1   1   2   7.3e-06   0.00085   17.0   0.3   147   260    70   200    68   248 0.76 ACNH67_002822
ACNH67_002822-T1     -            388 41938                -            401     8e-07   26.9   1.1   2   2     0.015       1.8    6.0   0.0    94   138   338   387   296   388 0.78 ACNH67_002822
ACNH67_000423-T1     -            216 41938                -            401   1.7e-06   25.9   0.0   1   1   1.9e-08   2.2e-06   25.5   0.0   183   263    47   130    29   144 0.88 ACNH67_000423
ACNH67_002373-T1     -            845 41938                -            401   2.4e-06   25.3   0.4   1   2   1.2e-07   1.4e-05   22.8   0.3   187   284   478   582   470   599 0.76 ACNH67_002373
ACNH67_002373-T1     -            845 41938                -            401   2.4e-06   25.3   0.4   2   2       1.1   1.3e+02   -0.1   0.0   118   178   697   756   687   770 0.65 ACNH67_002373
ACNH67_001763-T1     -            450 41938                -            401   2.8e-06   25.2   0.6   1   2       2.1   2.4e+02   -1.0   0.0   326   341   206   221   181   228 0.85 ACNH67_001763
ACNH67_001763-T1     -            450 41938                -            401   2.8e-06   25.2   0.6   2   2   1.2e-07   1.4e-05   22.8   0.4   181   300   264   393   255   401 0.72 ACNH67_001763
ACNH67_005019-T1     -            391 41938                -            401   2.9e-06   25.1   0.1   1   3     0.021       2.5    5.6   0.0   159   180    40    61    37    69 0.84 ACNH67_005019
ACNH67_005019-T1     -            391 41938                -            401   2.9e-06   25.1   0.1   2   3   0.00021     0.025   12.1   0.1   196   271    98   172    89   180 0.74 ACNH67_005019
ACNH67_005019-T1     -            391 41938                -            401   2.9e-06   25.1   0.1   3   3     0.093        11    3.5   0.0   192   232   289   329   281   335 0.86 ACNH67_005019
ACNH67_005180-T1     -            581 41938                -            401   3.8e-06   24.7   0.1   1   2   0.00052      0.06   10.9   0.0   175   223   210   258   204   275 0.90 ACNH67_005180
ACNH67_005180-T1     -            581 41938                -            401   3.8e-06   24.7   0.1   2   2   0.00041     0.047   11.2   0.0   104   136   275   308   267   312 0.76 ACNH67_005180
ACNH67_004486-T1     -            363 41938                -            401     1e-05   23.3   0.2   1   2      0.15        18    2.7   0.0   193   218    16    41     9    50 0.63 ACNH67_004486
ACNH67_004486-T1     -            363 41938                -            401     1e-05   23.3   0.2   2   2   1.1e-05    0.0013   16.3   0.1   205   279   191   263   180   315 0.73 ACNH67_004486
ACNH67_000829-T1     -            430 41938                -            401   2.2e-05   22.2   1.1   1   3       7.3   8.4e+02   -2.8   0.0   192   220    33    64    30    65 0.59 ACNH67_000829
ACNH67_000829-T1     -            430 41938                -            401   2.2e-05   22.2   1.1   2   3   0.00025     0.029   11.9   0.2   142   268    93   233    87   237 0.75 ACNH67_000829
ACNH67_000829-T1     -            430 41938                -            401   2.2e-05   22.2   1.1   3   3      0.21        24    2.3   0.0   191   227   254   290   249   354 0.67 ACNH67_000829
ACNH67_005089-T1     -            618 41938                -            401   2.8e-05   21.9   0.0   1   1   5.1e-07   5.9e-05   20.8   0.0   181   282   253   365   243   373 0.77 ACNH67_005089
ACNH67_003255-T1     -            761 41938                -            401   9.8e-05   20.1   0.2   1   3      0.29        34    1.8   0.0   108   134    66    92    48   117 0.62 ACNH67_003255
ACNH67_003255-T1     -            761 41938                -            401   9.8e-05   20.1   0.2   2   3     0.029       3.3    5.1   0.0   102   217   152   269   131   282 0.79 ACNH67_003255
ACNH67_003255-T1     -            761 41938                -            401   9.8e-05   20.1   0.2   3   3     0.002      0.23    9.0   0.1   184   277   632   727   621   755 0.45 ACNH67_003255
ACNH67_004666-T1     -            620 41938                -            401    0.0001   20.0   1.5   1   3   2.6e-05     0.003   15.2   0.3   168   273   296   406   291   417 0.81 ACNH67_004666
ACNH67_004666-T1     -            620 41938                -            401    0.0001   20.0   1.5   2   3      0.94   1.1e+02    0.1   0.0   317   350   433   466   408   474 0.75 ACNH67_004666
ACNH67_004666-T1     -            620 41938                -            401    0.0001   20.0   1.5   3   3      0.43        50    1.3   0.0   205   247   509   550   485   579 0.59 ACNH67_004666
ACNH67_005054-T1     -            865 41938                -            401   0.00022   18.9   0.1   1   1   4.3e-06   0.00049   17.7   0.1   189   261   284   359   273   366 0.81 ACNH67_005054
ACNH67_004768-T1     -           1488 41938                -            401   0.00023   18.8   0.0   1   1   3.5e-06   0.00041   18.0   0.0   187   261  1357  1432  1353  1436 0.91 ACNH67_004768
ACNH67_005088-T1     -            673 41938                -            401   0.00031   18.4   0.0   1   1     5e-06   0.00058   17.5   0.0   217   305   271   360   259   392 0.81 ACNH67_005088
ACNH67_004756-T1     -            986 41938                -            401   0.00081   17.0   3.2   1   2   0.00018     0.021   12.4   0.1   102   139   222   259   211   277 0.84 ACNH67_004756
ACNH67_004756-T1     -            986 41938                -            401   0.00081   17.0   3.2   2   2     0.079       9.1    3.7   0.3   136   240   872   973   860   982 0.76 ACNH67_004756
ACNH67_000780-T1     -            335 41938                -            401    0.0011   16.6   0.1   1   2     3e-05    0.0034   15.0   0.0   161   261    63   162    52   174 0.76 ACNH67_000780
ACNH67_000780-T1     -            335 41938                -            401    0.0011   16.6   0.1   2   2       6.5   7.5e+02   -2.6   0.0   328   342   231   245   217   300 0.66 ACNH67_000780
ACNH67_004183-T1     -            952 41938                -            401    0.0031   15.1   0.5   1   1    0.0002     0.023   12.2   0.5   118   313   104   324    95   353 0.69 ACNH67_004183
ACNH67_001778-T1     -            572 41938                -            401    0.0033   15.0   0.0   1   2     0.011       1.3    6.5   0.0   293   357   189   257   166   269 0.72 ACNH67_001778
ACNH67_001778-T1     -            572 41938                -            401    0.0033   15.0   0.0   2   2     0.018       2.1    5.8   0.0   110   185   411   488   372   535 0.67 ACNH67_001778
ACNH67_005480-T1     -           1211 41938                -            401      0.01   13.4   0.2   1   1   0.00014     0.016   12.7   0.2   162   261   854   956   844   969 0.75 ACNH67_005480
ACNH67_001948-T1     -            667 41938                -            401      0.03   11.9   0.0   1   1   0.00065     0.075   10.6   0.0   223   268   188   233   175   238 0.90 ACNH67_001948
#
# Program:         hmmsearch
# Version:         3.1b2 (February 2015)
# Pipeline mode:   SEARCH
# Query file:      /home/edouard/GregarineStuff/Lgryllorum_Genome_analysis/Funannotate/Run_v3/species_train/annotate_results/busco_downloads/lineages/apicomplexa_odb12/hmms/41938at5794.hmm
# Target file:     /home/edouard/GregarineStuff/Lgryllorum_Genome_analysis/Funannotate/Run_v3/species_train/annotate_results/Leidyana_gryllorum.proteins.fa
# Option settings: hmmsearch --domtblout /home/edouard/GregarineStuff/Lgryllorum_Genome_analysis/Funannotate/Run_v3/species_train/annotate_results/busco/run_apicomplexa_odb12/hmmer_output/initial_run_results/41938at5794.out --cpu 1 /home/edouard/GregarineStuff/Lgryllorum_Genome_analysis/Funannotate/Run_v3/species_train/annotate_results/busco_downloads/lineages/apicomplexa_odb12/hmms/41938at5794.hmm /home/edouard/GregarineStuff/Lgryllorum_Genome_analysis/Funannotate/Run_v3/species_train/annotate_results/Leidyana_gryllorum.proteins.fa 
# Current dir:     /home/edouard/GregarineStuff/Lgryllorum_Genome_analysis/Funannotate/Run_v3/species_train/annotate_results
# Date:            Tue Apr  1 17:38:13 2025
# [ok]
