#                                                                            --- full sequence --- -------------- this domain -------------   hmm coord   ali coord   env coord
# target name        accession   tlen query name           accession   qlen   E-value  score  bias   #  of  c-Evalue  i-Evalue  score  bias  from    to  from    to  from    to  acc description of target
#------------------- ---------- ----- -------------------- ---------- ----- --------- ------ ----- --- --- --------- --------- ------ ----- ----- ----- ----- ----- ----- ----- ---- ---------------------
ACNH67_002493-T1     -           1156 43215                -            773  4.8e-264  876.5   0.2   1   3  6.9e-150  3.3e-147  490.1   0.0     3   341     7   373     5   411 0.89 ACNH67_002493
ACNH67_002493-T1     -           1156 43215                -            773  4.8e-264  876.5   0.2   2   3      0.36   1.7e+02   -1.6   0.1   392   416   690   714   676   740 0.78 ACNH67_002493
ACNH67_002493-T1     -           1156 43215                -            773  4.8e-264  876.5   0.2   3   3  2.8e-117  1.3e-114  382.3   0.8   386   772   732  1145   707  1146 0.85 ACNH67_002493
ACNH67_000818-T1     -            729 43215                -            773   1.6e-11   41.4   0.0   1   3    0.0024       1.1    5.6   0.0   120   163   180   227   176   240 0.82 ACNH67_000818
ACNH67_000818-T1     -            729 43215                -            773   1.6e-11   41.4   0.0   2   3   4.1e-11   1.9e-08   31.2   0.0   209   285   299   374   293   385 0.85 ACNH67_000818
ACNH67_000818-T1     -            729 43215                -            773   1.6e-11   41.4   0.0   3   3      0.11        51    0.1   0.0   422   493   564   641   546   648 0.77 ACNH67_000818
ACNH67_000819-T1     -            186 43215                -            773   5.5e-08   29.7   0.0   1   1   1.5e-10   7.2e-08   29.4   0.0   539   624    20   105    13   109 0.93 ACNH67_000819
ACNH67_003840-T1     -            323 43215                -            773     0.006   13.1   0.0   1   1   1.9e-05    0.0088   12.5   0.0   128   189   170   239   167   266 0.80 ACNH67_003840
ACNH67_001011-T1     -            196 43215                -            773    0.0066   12.9   0.0   1   1     2e-05    0.0095   12.4   0.0    61    88     3    30     1    42 0.88 ACNH67_001011
ACNH67_000541-T1     -            499 43215                -            773    0.0067   12.9   0.1   1   1   3.3e-05     0.016   11.7   0.1    57    94   299   336   292   357 0.83 ACNH67_000541
ACNH67_001467-T1     -            894 43215                -            773     0.019   11.4   0.1   1   1   5.7e-05     0.027   10.9   0.1    55    83   337   365   329   371 0.80 ACNH67_001467
ACNH67_005531-T1     -            412 43215                -            773     0.039   10.4   0.0   1   1   0.00012     0.055    9.9   0.0    59    88   238   267   231   283 0.81 ACNH67_005531
ACNH67_002875-T1     -            780 43215                -            773     0.053   10.0   0.0   1   2    0.0088       4.2    3.7   0.0    66    84   186   204   181   209 0.89 ACNH67_002875
ACNH67_002875-T1     -            780 43215                -            773     0.053   10.0   0.0   2   2    0.0078       3.7    3.9   0.0    55    84   527   556   506   564 0.76 ACNH67_002875
ACNH67_003508-T1     -            351 43215                -            773     0.074    9.5   0.0   1   1   0.00026      0.12    8.8   0.0    62    90   157   185   138   197 0.77 ACNH67_003508
ACNH67_002772-T1     -            660 43215                -            773       0.1    9.0   0.0   1   1   0.00031      0.15    8.5   0.0    61    89    33    61    16    82 0.85 ACNH67_002772
ACNH67_004026-T1     -            477 43215                -            773       7.3    2.9  12.6   1   1      0.02       9.6    2.5  12.6   714   765   130   181   107   188 0.83 ACNH67_004026
#
# Program:         hmmsearch
# Version:         3.1b2 (February 2015)
# Pipeline mode:   SEARCH
# Query file:      /home/edouard/GregarineStuff/Lgryllorum_Genome_analysis/Funannotate/Run_v3/species_train/annotate_results/busco_downloads/lineages/apicomplexa_odb12/hmms/43215at5794.hmm
# Target file:     /home/edouard/GregarineStuff/Lgryllorum_Genome_analysis/Funannotate/Run_v3/species_train/annotate_results/Leidyana_gryllorum.proteins.fa
# Option settings: hmmsearch --domtblout /home/edouard/GregarineStuff/Lgryllorum_Genome_analysis/Funannotate/Run_v3/species_train/annotate_results/busco/run_apicomplexa_odb12/hmmer_output/initial_run_results/43215at5794.out --cpu 1 /home/edouard/GregarineStuff/Lgryllorum_Genome_analysis/Funannotate/Run_v3/species_train/annotate_results/busco_downloads/lineages/apicomplexa_odb12/hmms/43215at5794.hmm /home/edouard/GregarineStuff/Lgryllorum_Genome_analysis/Funannotate/Run_v3/species_train/annotate_results/Leidyana_gryllorum.proteins.fa 
# Current dir:     /home/edouard/GregarineStuff/Lgryllorum_Genome_analysis/Funannotate/Run_v3/species_train/annotate_results
# Date:            Tue Apr  1 17:38:15 2025
# [ok]
