#                                                                            --- full sequence --- -------------- this domain -------------   hmm coord   ali coord   env coord
# target name        accession   tlen query name           accession   qlen   E-value  score  bias   #  of  c-Evalue  i-Evalue  score  bias  from    to  from    to  from    to  acc description of target
#------------------- ---------- ----- -------------------- ---------- ----- --------- ------ ----- --- --- --------- --------- ------ ----- ----- ----- ----- ----- ----- ----- ---- ---------------------
ACNH67_004036-T1     -            504 43552                -            337  9.4e-116  384.8   0.0   1   1  1.9e-117  1.2e-115  384.5   0.0     3   334   165   502   163   504 0.93 ACNH67_004036
ACNH67_004832-T1     -            867 43552                -            337   4.4e-57  191.9   0.1   1   1   8.6e-57   5.4e-55  185.1   0.1    11   334   529   857   520   860 0.83 ACNH67_004832
ACNH67_003077-T1     -            558 43552                -            337   5.5e-50  168.6   1.7   1   2   1.7e-44   1.1e-42  144.6   1.0     7   269   188   441   183   482 0.85 ACNH67_003077
ACNH67_003077-T1     -            558 43552                -            337   5.5e-50  168.6   1.7   2   2   7.7e-05    0.0048   14.3   0.0   303   334   515   546   499   549 0.89 ACNH67_003077
ACNH67_002848-T1     -            852 43552                -            337   2.3e-47  160.0   0.0   1   2   1.9e-19   1.2e-17   62.3   0.0    20   158    90   259    79   277 0.75 ACNH67_002848
ACNH67_002848-T1     -            852 43552                -            337   2.3e-47  160.0   0.0   2   2   2.2e-27   1.3e-25   88.4   0.0   167   334   536   710   523   712 0.80 ACNH67_002848
ACNH67_005260-T1     -            397 43552                -            337   5.6e-29   99.5   0.0   1   2   3.1e-14   1.9e-12   45.2   0.0    21   157   108   249   104   253 0.86 ACNH67_005260
ACNH67_005260-T1     -            397 43552                -            337   5.6e-29   99.5   0.0   2   2   6.5e-17   4.1e-15   54.0   0.0   175   324   248   395   244   397 0.81 ACNH67_005260
ACNH67_005244-T1     -            386 43552                -            337     4e-27   93.4   0.1   1   1   1.7e-25     1e-23   82.2   0.1    19   334    20   322    11   324 0.78 ACNH67_005244
ACNH67_003858-T1     -            525 43552                -            337   2.1e-24   84.5   3.6   1   2   1.4e-23   8.4e-22   75.9   2.1    19   255     9   235     2   248 0.76 ACNH67_003858
ACNH67_003858-T1     -            525 43552                -            337   2.1e-24   84.5   3.6   2   2      0.11       6.6    4.0   0.0   308   334   278   304   258   307 0.90 ACNH67_003858
ACNH67_004277-T1     -            378 43552                -            337   2.6e-23   80.9   0.0   1   2   1.7e-11   1.1e-09   36.1   0.1    21   157    65   203    45   206 0.81 ACNH67_004277
ACNH67_004277-T1     -            378 43552                -            337   2.6e-23   80.9   0.0   2   2   4.4e-13   2.7e-11   41.4   0.0   180   334   206   356   201   358 0.77 ACNH67_004277
ACNH67_003730-T1     -            286 43552                -            337   3.1e-23   80.7   0.1   1   3   6.3e-16   3.9e-14   50.7   0.1    20   158     1   137     1   144 0.83 ACNH67_003730
ACNH67_003730-T1     -            286 43552                -            337   3.1e-23   80.7   0.1   2   3   2.2e-07   1.4e-05   22.6   0.0   199   255   161   218   136   222 0.76 ACNH67_003730
ACNH67_003730-T1     -            286 43552                -            337   3.1e-23   80.7   0.1   3   3     0.081         5    4.3   0.0   308   334   259   285   247   286 0.89 ACNH67_003730
ACNH67_000126-T1     -            665 43552                -            337   3.1e-23   80.6   1.0   1   2   2.7e-21   1.7e-19   68.3   0.3    20   239   204   410   197   417 0.79 ACNH67_000126
ACNH67_000126-T1     -            665 43552                -            337   3.1e-23   80.6   1.0   2   2     0.045       2.8    5.2   0.0   308   334   441   467   418   470 0.89 ACNH67_000126
ACNH67_005221-T1     -            316 43552                -            337     2e-22   78.0   0.5   1   1   1.4e-21     9e-20   69.3   0.5    21   236    38   243    31   270 0.77 ACNH67_005221
ACNH67_002523-T1     -            677 43552                -            337   5.5e-22   76.5   0.6   1   2   6.3e-11   3.9e-09   34.3   0.4    18   160   359   501   348   503 0.80 ACNH67_002523
ACNH67_002523-T1     -            677 43552                -            337   5.5e-22   76.5   0.6   2   2   4.4e-13   2.8e-11   41.4   0.0   181   239   502   560   498   584 0.92 ACNH67_002523
ACNH67_004409-T1     -           2132 43552                -            337   8.9e-22   75.9   0.2   1   2   5.1e-20   3.2e-18   64.2   0.1    11   249  1619  1841  1611  1851 0.81 ACNH67_004409
ACNH67_004409-T1     -           2132 43552                -            337   8.9e-22   75.9   0.2   2   2     0.024       1.5    6.1   0.0   305   334  1860  1889  1853  1892 0.89 ACNH67_004409
ACNH67_000097-T1     -            410 43552                -            337   1.5e-21   75.1   0.0   1   2   3.5e-09   2.2e-07   28.6   0.0    21   155    50   191    37   203 0.75 ACNH67_000097
ACNH67_000097-T1     -            410 43552                -            337   1.5e-21   75.1   0.0   2   2   4.9e-13     3e-11   41.2   0.0   178   334   249   401   221   404 0.68 ACNH67_000097
ACNH67_003675-T1     -            596 43552                -            337   1.2e-20   72.1   1.6   1   2   7.3e-20   4.5e-18   63.7   0.4    23   243   155   359   144   376 0.80 ACNH67_003675
ACNH67_003675-T1     -            596 43552                -            337   1.2e-20   72.1   1.6   2   2      0.49        31    1.8   0.0   308   334   386   412   363   414 0.87 ACNH67_003675
ACNH67_001957-T1     -            771 43552                -            337   5.9e-20   69.9   0.0   1   2   4.1e-11   2.5e-09   34.9   0.0    17   174   409   585   397   604 0.73 ACNH67_001957
ACNH67_001957-T1     -            771 43552                -            337   5.9e-20   69.9   0.0   2   2   6.6e-10   4.1e-08   30.9   0.0   179   334   618   769   603   771 0.72 ACNH67_001957
ACNH67_001409-T1     -            502 43552                -            337   7.7e-20   69.5   0.7   1   2   3.3e-18   2.1e-16   58.2   0.1    13   238    29   243    17   248 0.77 ACNH67_001409
ACNH67_001409-T1     -            502 43552                -            337   7.7e-20   69.5   0.7   2   2      0.13       7.8    3.7   0.1   306   335   274   303   269   305 0.91 ACNH67_001409
ACNH67_002756-T1     -            373 43552                -            337   1.2e-19   68.8   0.7   1   2   1.1e-15   6.7e-14   50.0   0.1    21   231    48   238    38   241 0.81 ACNH67_002756
ACNH67_002756-T1     -            373 43552                -            337   1.2e-19   68.8   0.7   2   2    0.0038      0.24    8.7   0.0   307   334   336   363   314   365 0.91 ACNH67_002756
ACNH67_001062-T1     -           1824 43552                -            337     2e-19   68.1   1.2   1   2   6.1e-18   3.8e-16   57.4   0.8    23   238  1243  1443  1231  1447 0.79 ACNH67_001062
ACNH67_001062-T1     -           1824 43552                -            337     2e-19   68.1   1.2   2   2     0.026       1.6    5.9   0.0   305   333  1476  1504  1471  1507 0.87 ACNH67_001062
ACNH67_002449-T1     -            467 43552                -            337   3.7e-19   67.2   0.4   1   5      0.14       8.5    3.6   0.0    20    53     1    36     1    42 0.81 ACNH67_002449
ACNH67_002449-T1     -            467 43552                -            337   3.7e-19   67.2   0.4   2   5       1.6     1e+02    0.1   0.0    85   112   102   131    95   138 0.71 ACNH67_002449
ACNH67_002449-T1     -            467 43552                -            337   3.7e-19   67.2   0.4   3   5   7.8e-06   0.00048   17.5   0.0   119   192   166   228   158   233 0.86 ACNH67_002449
ACNH67_002449-T1     -            467 43552                -            337   3.7e-19   67.2   0.4   4   5   7.6e-11   4.7e-09   34.0   0.0   195   263   263   332   257   369 0.80 ACNH67_002449
ACNH67_002449-T1     -            467 43552                -            337   3.7e-19   67.2   0.4   5   5     0.075       4.7    4.5   0.0   304   334   429   459   410   462 0.89 ACNH67_002449
ACNH67_003806-T1     -            484 43552                -            337   3.7e-18   64.0   0.1   1   2   1.6e-13   9.8e-12   42.8   0.1     9   157   146   294   138   296 0.78 ACNH67_003806
ACNH67_003806-T1     -            484 43552                -            337   3.7e-18   64.0   0.1   2   2   1.5e-06   9.4e-05   19.9   0.0   177   236   294   356   292   366 0.81 ACNH67_003806
ACNH67_004114-T1     -            514 43552                -            337   7.3e-18   63.0   0.0   1   2    0.0036      0.22    8.8   0.0   123   157    53    87     5   102 0.76 ACNH67_004114
ACNH67_004114-T1     -            514 43552                -            337   7.3e-18   63.0   0.0   2   2   2.4e-16   1.5e-14   52.1   0.0   195   335   195   336   190   338 0.86 ACNH67_004114
ACNH67_001032-T1     -            605 43552                -            337   1.2e-17   62.2   3.1   1   2   6.2e-13   3.9e-11   40.9   2.2    18   235   134   335   119   350 0.77 ACNH67_001032
ACNH67_001032-T1     -            605 43552                -            337   1.2e-17   62.2   3.1   2   2   8.8e-05    0.0055   14.1   0.0   305   335   368   398   357   399 0.89 ACNH67_001032
ACNH67_004295-T1     -            623 43552                -            337   1.5e-17   62.0   0.0   1   2      0.17        11    3.3   0.0     8    45    42    79    37   116 0.79 ACNH67_004295
ACNH67_004295-T1     -            623 43552                -            337   1.5e-17   62.0   0.0   2   2   1.4e-17   8.7e-16   56.2   0.0   113   333   225   451   196   454 0.75 ACNH67_004295
ACNH67_004964-T1     -            442 43552                -            337   1.7e-17   61.8   6.6   1   2   2.2e-17   1.4e-15   55.5   4.1    21   232    31   255    23   258 0.73 ACNH67_004964
ACNH67_004964-T1     -            442 43552                -            337   1.7e-17   61.8   6.6   2   2      0.04       2.5    5.4   0.0   307   334   351   378   291   381 0.85 ACNH67_004964
ACNH67_004293-T1     -            322 43552                -            337   4.3e-17   60.5   0.6   1   2   5.4e-13   3.3e-11   41.1   0.3    21   238    39   250    27   259 0.76 ACNH67_004293
ACNH67_004293-T1     -            322 43552                -            337   4.3e-17   60.5   0.6   2   2   0.00021     0.013   12.8   0.0   307   334   281   308   276   310 0.91 ACNH67_004293
ACNH67_004049-T1     -            914 43552                -            337   1.4e-16   58.8   1.9   1   3   9.8e-13   6.1e-11   40.2   0.0    14   157   311   453   300   464 0.82 ACNH67_004049
ACNH67_004049-T1     -            914 43552                -            337   1.4e-16   58.8   1.9   2   3     0.019       1.2    6.4   0.2   201   239   515   553   503   560 0.84 ACNH67_004049
ACNH67_004049-T1     -            914 43552                -            337   1.4e-16   58.8   1.9   3   3    0.0014     0.087   10.1   0.2   275   334   564   620   553   623 0.73 ACNH67_004049
ACNH67_000353-T1     -            981 43552                -            337     4e-16   57.3   0.0   1   2   6.3e-10   3.9e-08   31.0   0.0    11   156   656   805   649   808 0.78 ACNH67_000353
ACNH67_000353-T1     -            981 43552                -            337     4e-16   57.3   0.0   2   2   6.5e-08   4.1e-06   24.4   0.0   179   244   808   873   805   911 0.85 ACNH67_000353
ACNH67_001045-T1     -            528 43552                -            337   4.9e-15   53.7   0.4   1   1   5.1e-13   3.2e-11   41.2   0.4   119   334   233   416   226   419 0.79 ACNH67_001045
ACNH67_005347-T1     -            346 43552                -            337   6.8e-15   53.2   0.5   1   2   1.5e-10   9.1e-09   33.1   0.1    25   162    40   181    23   184 0.83 ACNH67_005347
ACNH67_005347-T1     -            346 43552                -            337   6.8e-15   53.2   0.5   2   2   1.3e-06   7.9e-05   20.1   0.0   180   235   179   234   175   250 0.90 ACNH67_005347
ACNH67_003262-T1     -           1267 43552                -            337   8.3e-15   52.9   0.6   1   3   1.4e-07   8.5e-06   23.3   0.1    22   175    15   176     6   180 0.69 ACNH67_003262
ACNH67_003262-T1     -           1267 43552                -            337   8.3e-15   52.9   0.6   2   3   1.8e-08   1.1e-06   26.2   0.0   181   239   159   220   156   239 0.76 ACNH67_003262
ACNH67_003262-T1     -           1267 43552                -            337   8.3e-15   52.9   0.6   3   3      0.76        48    1.1   0.0   305   334   245   274   242   276 0.89 ACNH67_003262
ACNH67_005582-T1     -            631 43552                -            337   1.3e-14   52.3   0.4   1   2   1.2e-13   7.7e-12   43.2   0.1    26   240   172   374   161   379 0.75 ACNH67_005582
ACNH67_005582-T1     -            631 43552                -            337   1.3e-14   52.3   0.4   2   2       0.6        37    1.5   0.0   307   334   403   430   381   433 0.84 ACNH67_005582
ACNH67_002049-T1     -            352 43552                -            337   1.5e-14   52.1   0.1   1   2   9.7e-11     6e-09   33.7   0.1    15   160    99   246    91   249 0.75 ACNH67_002049
ACNH67_002049-T1     -            352 43552                -            337   1.5e-14   52.1   0.1   2   2   7.9e-06   0.00049   17.5   0.0   180   234   246   300   242   310 0.92 ACNH67_002049
ACNH67_002685-T1     -            740 43552                -            337   1.7e-14   51.9   0.2   1   1   7.2e-16   4.5e-14   50.5   0.0    95   239   480   627   454   657 0.83 ACNH67_002685
ACNH67_005443-T1     -            702 43552                -            337   2.1e-14   51.6   0.3   1   2   1.7e-13   1.1e-11   42.7   0.0    19   257    42   271    33   282 0.77 ACNH67_005443
ACNH67_005443-T1     -            702 43552                -            337   2.1e-14   51.6   0.3   2   2         9   5.6e+02   -2.4   0.0   263   292   402   431   393   443 0.73 ACNH67_005443
ACNH67_004412-T1     -            387 43552                -            337   2.1e-14   51.6   1.0   1   2   9.8e-07   6.1e-05   20.5   0.1    48   156     3   109     1   112 0.80 ACNH67_004412
ACNH67_004412-T1     -            387 43552                -            337   2.1e-14   51.6   1.0   2   2   1.4e-09   8.7e-08   29.9   0.0   178   242   111   178   107   189 0.81 ACNH67_004412
ACNH67_004408-T1     -            773 43552                -            337   2.2e-14   51.5   0.1   1   1   9.9e-15   6.2e-13   46.8   0.1    25   241    36   252    15   261 0.71 ACNH67_004408
ACNH67_001150-T1     -            290 43552                -            337   2.5e-14   51.4   2.5   1   2     8e-11     5e-09   33.9   1.3    43   233     5   179     2   189 0.83 ACNH67_001150
ACNH67_001150-T1     -            290 43552                -            337   2.5e-14   51.4   2.5   2   2    0.0016       0.1    9.9   0.0   304   334   212   242   187   245 0.80 ACNH67_001150
ACNH67_002903-T1     -            600 43552                -            337   2.5e-14   51.4   0.0   1   1     9e-16   5.6e-14   50.2   0.0    85   234   220   382   210   405 0.76 ACNH67_002903
ACNH67_000225-T1     -            904 43552                -            337   2.6e-14   51.3   0.0   1   1     2e-15   1.3e-13   49.1   0.0    13   235    29   276    19   286 0.78 ACNH67_000225
ACNH67_002957-T1     -            477 43552                -            337   8.2e-14   49.7   0.0   1   2   4.4e-06   0.00028   18.3   0.1    25   162    12   161     5   171 0.79 ACNH67_002957
ACNH67_002957-T1     -            477 43552                -            337   8.2e-14   49.7   0.0   2   2   1.4e-09     9e-08   29.8   0.0   195   335   178   319   155   321 0.76 ACNH67_002957
ACNH67_004075-T1     -            655 43552                -            337   2.4e-13   48.1   2.3   1   3       1.8   1.1e+02   -0.1   0.0    17    53   111   151    99   178 0.66 ACNH67_004075
ACNH67_004075-T1     -            655 43552                -            337   2.4e-13   48.1   2.3   2   3   6.4e-11     4e-09   34.3   0.1    92   250   248   389   239   405 0.79 ACNH67_004075
ACNH67_004075-T1     -            655 43552                -            337   2.4e-13   48.1   2.3   3   3     0.029       1.8    5.8   0.0   307   334   409   436   399   439 0.89 ACNH67_004075
ACNH67_004244-T1     -            846 43552                -            337   3.2e-13   47.7   2.1   1   2   0.00019     0.012   13.0   0.1   122   157   223   258   211   261 0.82 ACNH67_004244
ACNH67_004244-T1     -            846 43552                -            337   3.2e-13   47.7   2.1   2   2   6.2e-11   3.8e-09   34.3   0.0   179   330   260   395   256   401 0.73 ACNH67_004244
ACNH67_001203-T1     -           1491 43552                -            337   7.8e-13   46.5   0.0   1   1   1.1e-12   6.8e-11   40.1   0.0    19   247  1218  1436  1209  1454 0.80 ACNH67_001203
ACNH67_003062-T1     -            577 43552                -            337   7.8e-13   46.4   0.0   1   2   6.9e-11   4.3e-09   34.2   0.0    16   157    64   202    58   271 0.81 ACNH67_003062
ACNH67_003062-T1     -            577 43552                -            337   7.8e-13   46.4   0.0   2   2     0.014      0.86    6.9   0.0   307   335   299   327   280   329 0.91 ACNH67_003062
ACNH67_000828-T1     -            471 43552                -            337   1.1e-12   46.0   0.8   1   3     0.086       5.3    4.3   0.0    23    53    18    48     8    88 0.82 ACNH67_000828
ACNH67_000828-T1     -            471 43552                -            337   1.1e-12   46.0   0.8   2   3     1e-09   6.5e-08   30.3   0.1   119   233   139   243   134   251 0.87 ACNH67_000828
ACNH67_000828-T1     -            471 43552                -            337   1.1e-12   46.0   0.8   3   3      0.67        41    1.3   0.0   308   334   315   341   305   344 0.89 ACNH67_000828
ACNH67_002687-T1     -            638 43552                -            337   1.6e-12   45.4   0.0   1   3     1e-10   6.4e-09   33.6   0.0    19   157   171   311   159   339 0.82 ACNH67_002687
ACNH67_002687-T1     -            638 43552                -            337   1.6e-12   45.4   0.0   2   3     0.068       4.3    4.6   0.0   201   235   376   409   370   415 0.88 ACNH67_002687
ACNH67_002687-T1     -            638 43552                -            337   1.6e-12   45.4   0.0   3   3      0.18        11    3.2   0.0   307   334   460   487   452   490 0.90 ACNH67_002687
ACNH67_003146-T1     -            655 43552                -            337   1.6e-12   45.4   0.0   1   3     8e-08     5e-06   24.1   0.0   119   170   412   463   388   473 0.85 ACNH67_003146
ACNH67_003146-T1     -            655 43552                -            337   1.6e-12   45.4   0.0   2   3   0.00073     0.045   11.1   0.0   165   234   492   566   478   571 0.78 ACNH67_003146
ACNH67_003146-T1     -            655 43552                -            337   1.6e-12   45.4   0.0   3   3     0.018       1.1    6.5   0.0   306   334   595   623   583   626 0.91 ACNH67_003146
ACNH67_002902-T1     -            327 43552                -            337   2.2e-12   44.9   0.1   1   1   1.1e-13   6.9e-12   43.3   0.1    11   241     8   241     1   249 0.67 ACNH67_002902
ACNH67_000199-T1     -            563 43552                -            337   3.7e-12   44.2   0.0   1   1   1.2e-13   7.2e-12   43.3   0.0    26   242   242   474   222   493 0.73 ACNH67_000199
ACNH67_004527-T1     -            526 43552                -            337   4.5e-12   44.0   0.0   1   2     3e-08   1.9e-06   25.5   0.1    41   156     3   117     1   120 0.78 ACNH67_004527
ACNH67_004527-T1     -            526 43552                -            337   4.5e-12   44.0   0.0   2   2   1.2e-05   0.00073   17.0   0.0   178   247   119   190   116   242 0.77 ACNH67_004527
ACNH67_003054-T1     -            700 43552                -            337     5e-12   43.8   0.7   1   2   4.9e-06   0.00031   18.2   0.2    28   158   125   257   121   261 0.81 ACNH67_003054
ACNH67_003054-T1     -            700 43552                -            337     5e-12   43.8   0.7   2   2   3.3e-08     2e-06   25.4   0.0   177   249   256   330   254   338 0.86 ACNH67_003054
ACNH67_000223-T1     -            347 43552                -            337     6e-12   43.5   0.0   1   1   1.2e-13   7.8e-12   43.2   0.0     7   163    88   254    82   268 0.79 ACNH67_000223
ACNH67_004661-T1     -            883 43552                -            337   1.5e-11   42.2   0.0   1   2   1.7e-09   1.1e-07   29.6   0.0    21   234   118   312   104   326 0.74 ACNH67_004661
ACNH67_004661-T1     -            883 43552                -            337   1.5e-11   42.2   0.0   2   2     0.023       1.4    6.2   0.0   308   335   346   373   340   375 0.85 ACNH67_004661
ACNH67_002686-T1     -            701 43552                -            337   2.9e-11   41.3   0.0   1   3     6e-09   3.7e-07   27.8   0.0    20   158   192   346   181   365 0.76 ACNH67_002686
ACNH67_002686-T1     -            701 43552                -            337   2.9e-11   41.3   0.0   2   3     0.074       4.6    4.5   0.0   201   235   410   443   403   449 0.88 ACNH67_002686
ACNH67_002686-T1     -            701 43552                -            337   2.9e-11   41.3   0.0   3   3     0.076       4.7    4.4   0.0   308   334   482   508   476   511 0.89 ACNH67_002686
ACNH67_002436-T1     -            305 43552                -            337   5.5e-11   40.4   0.0   1   2   1.8e-09   1.1e-07   29.5   0.0   103   245     6   130     3   138 0.84 ACNH67_002436
ACNH67_002436-T1     -            305 43552                -            337   5.5e-11   40.4   0.0   2   2      0.37        23    2.2   0.0   308   334   156   182   145   185 0.85 ACNH67_002436
ACNH67_003394-T1     -            537 43552                -            337   1.6e-10   38.8   0.0   1   2   3.8e-10   2.3e-08   31.7   0.0   125   235   178   280   170   296 0.82 ACNH67_003394
ACNH67_003394-T1     -            537 43552                -            337   1.6e-10   38.8   0.0   2   2      0.08         5    4.4   0.0   307   333   315   341   306   344 0.90 ACNH67_003394
ACNH67_003204-T1     -           1467 43552                -            337   1.6e-09   35.5   0.0   1   3       7.4   4.6e+02   -2.1   0.0    23    44    21    42    12    46 0.78 ACNH67_003204
ACNH67_003204-T1     -           1467 43552                -            337   1.6e-09   35.5   0.0   2   3   1.2e-07   7.6e-06   23.5   0.0   111   192   400   475   380   481 0.78 ACNH67_003204
ACNH67_003204-T1     -           1467 43552                -            337   1.6e-09   35.5   0.0   3   3    0.0044      0.27    8.5   0.0   200   231   504   536   493   548 0.90 ACNH67_003204
ACNH67_002165-T1     -           1516 43552                -            337   4.3e-09   34.2   0.1   1   4      0.24        15    2.8   0.0    15    54   703   744   687   750 0.78 ACNH67_002165
ACNH67_002165-T1     -           1516 43552                -            337   4.3e-09   34.2   0.1   2   4   0.00078     0.049   11.0   0.0   124   155   923   956   920   968 0.85 ACNH67_002165
ACNH67_002165-T1     -           1516 43552                -            337   4.3e-09   34.2   0.1   3   4   2.8e-05    0.0018   15.7   0.0   199   234  1382  1417  1374  1424 0.89 ACNH67_002165
ACNH67_002165-T1     -           1516 43552                -            337   4.3e-09   34.2   0.1   4   4       9.5   5.9e+02   -2.5   0.0   307   335  1485  1513  1481  1515 0.87 ACNH67_002165
ACNH67_001470-T1     -            477 43552                -            337   6.2e-09   33.6   0.0   1   1   1.5e-10     9e-09   33.1   0.0    23   167   296   447   281   460 0.82 ACNH67_001470
ACNH67_005579-T1     -            415 43552                -            337   1.3e-08   32.6   0.2   1   3      0.23        14    2.9   0.0    26    83   167   224   156   258 0.74 ACNH67_005579
ACNH67_005579-T1     -            415 43552                -            337   1.3e-08   32.6   0.2   2   3   9.3e-08   5.8e-06   23.9   0.0   174   240   284   353   268   359 0.83 ACNH67_005579
ACNH67_005579-T1     -            415 43552                -            337   1.3e-08   32.6   0.2   3   3      0.44        27    1.9   0.0   307   334   382   409   361   412 0.84 ACNH67_005579
ACNH67_000503-T1     -           1158 43552                -            337   1.6e-08   32.3   0.0   1   1   5.8e-10   3.6e-08   31.1   0.0    29   244   880  1099   873  1103 0.68 ACNH67_000503
ACNH67_004099-T1     -            462 43552                -            337   3.7e-08   31.1   0.1   1   3   2.3e-05    0.0014   16.0   0.1    73   159    50   135    35   154 0.86 ACNH67_004099
ACNH67_004099-T1     -            462 43552                -            337   3.7e-08   31.1   0.1   2   3     0.001     0.063   10.6   0.0   217   235   205   223   185   233 0.88 ACNH67_004099
ACNH67_004099-T1     -            462 43552                -            337   3.7e-08   31.1   0.1   3   3       1.3        82    0.4   0.0   305   333   252   280   247   283 0.84 ACNH67_004099
ACNH67_004985-T1     -            726 43552                -            337   7.9e-08   30.0   0.1   1   2   1.6e-07     1e-05   23.1   0.0    20   157   383   530   377   541 0.76 ACNH67_004985
ACNH67_004985-T1     -            726 43552                -            337   7.9e-08   30.0   0.1   2   2     0.079       4.9    4.4   0.0   201   236   584   619   571   628 0.87 ACNH67_004985
ACNH67_000204-T1     -            289 43552                -            337   9.6e-08   29.7   0.0   1   1     9e-09   5.6e-07   27.2   0.0    94   159    20    84    11   233 0.82 ACNH67_000204
ACNH67_003835-T1     -            323 43552                -            337     7e-07   26.9   0.3   1   1     6e-08   3.7e-06   24.5   0.4    97   159    73   134    68   213 0.86 ACNH67_003835
ACNH67_004098-T1     -            363 43552                -            337   1.5e-06   25.8   0.5   1   2   2.7e-07   1.7e-05   22.4   0.6    44   158   186   306   174   313 0.70 ACNH67_004098
ACNH67_004098-T1     -            363 43552                -            337   1.5e-06   25.8   0.5   2   2      0.34        21    2.3   0.0   179   209   307   344   303   345 0.64 ACNH67_004098
ACNH67_004794-T2     -           1125 43552                -            337   2.8e-06   24.9   0.0   1   2       3.2     2e+02   -0.9   0.0    25    72   367   420   357   430 0.72 ACNH67_004794
ACNH67_004794-T2     -           1125 43552                -            337   2.8e-06   24.9   0.0   2   2   3.7e-07   2.3e-05   21.9   0.0   124   234   502   607   484   617 0.79 ACNH67_004794
ACNH67_004794-T1     -           1179 43552                -            337   3.1e-06   24.7   0.0   1   2       3.4   2.1e+02   -1.0   0.0    25    72   367   420   357   430 0.72 ACNH67_004794
ACNH67_004794-T1     -           1179 43552                -            337   3.1e-06   24.7   0.0   2   2   3.9e-07   2.4e-05   21.8   0.0   124   234   502   607   483   617 0.79 ACNH67_004794
ACNH67_001310-T1     -            406 43552                -            337   6.5e-06   23.7   0.4   1   4    0.0063      0.39    8.0   0.0    13    56    10    55     2    67 0.78 ACNH67_001310
ACNH67_001310-T1     -            406 43552                -            337   6.5e-06   23.7   0.4   2   4    0.0035      0.22    8.8   0.0   127   157   162   192   156   210 0.85 ACNH67_001310
ACNH67_001310-T1     -            406 43552                -            337   6.5e-06   23.7   0.4   3   4       9.4   5.8e+02   -2.4   0.0   174   193   271   290   257   295 0.79 ACNH67_001310
ACNH67_001310-T1     -            406 43552                -            337   6.5e-06   23.7   0.4   4   4      0.32        20    2.4   0.2   218   230   322   334   316   343 0.78 ACNH67_001310
ACNH67_003821-T1     -            326 43552                -            337     1e-05   23.0   0.1   1   2   7.8e-06   0.00048   17.5   0.1    93   158    43   110    40   122 0.81 ACNH67_003821
ACNH67_003821-T1     -            326 43552                -            337     1e-05   23.0   0.1   2   2      0.16        10    3.3   0.0   306   334   264   292   262   295 0.89 ACNH67_003821
ACNH67_003409-T1     -           1358 43552                -            337   1.4e-05   22.6   0.3   1   1     1e-05   0.00063   17.2   0.0    27   158   773   908   763   976 0.83 ACNH67_003409
ACNH67_003188-T1     -            329 43552                -            337   1.4e-05   22.6   0.4   1   3   1.8e-05    0.0011   16.4   0.3    93   161    27    94    11   114 0.76 ACNH67_003188
ACNH67_003188-T1     -            329 43552                -            337   1.4e-05   22.6   0.4   2   3      0.89        55    0.9   0.0   177   197    90   110    88   130 0.62 ACNH67_003188
ACNH67_003188-T1     -            329 43552                -            337   1.4e-05   22.6   0.4   3   3      0.16        10    3.3   0.0   304   335   193   224   186   226 0.89 ACNH67_003188
ACNH67_002277-T1     -            486 43552                -            337   1.9e-05   22.2   0.0   1   2   4.1e-05    0.0025   15.2   0.0    62   161   195   301   140   310 0.67 ACNH67_002277
ACNH67_002277-T1     -            486 43552                -            337   1.9e-05   22.2   0.0   2   2     0.069       4.3    4.6   0.0   218   234   360   376   357   404 0.92 ACNH67_002277
ACNH67_003228-T1     -            301 43552                -            337   2.1e-05   22.0   0.0   1   1   5.2e-07   3.2e-05   21.4   0.0   101   160     3    61     1    81 0.87 ACNH67_003228
ACNH67_003764-T1     -           1625 43552                -            337   4.1e-05   21.1   0.2   1   2     0.018       1.1    6.5   0.0   125   159  1440  1474  1434  1488 0.87 ACNH67_003764
ACNH67_003764-T1     -           1625 43552                -            337   4.1e-05   21.1   0.2   2   2   0.00038     0.024   12.0   0.0   206   236  1552  1586  1541  1595 0.79 ACNH67_003764
ACNH67_004268-T1     -            912 43552                -            337   0.00016   19.2   0.0   1   2    0.0013      0.08   10.2   0.0    48   162   629   747   625   766 0.73 ACNH67_004268
ACNH67_004268-T1     -            912 43552                -            337   0.00016   19.2   0.0   2   2     0.015      0.94    6.7   0.0   303   335   861   893   846   895 0.88 ACNH67_004268
ACNH67_002171-T1     -            365 43552                -            337   0.00021   18.7   0.1   1   2   0.00068     0.043   11.2   0.1   129   162   184   217   167   285 0.75 ACNH67_002171
ACNH67_002171-T1     -            365 43552                -            337   0.00021   18.7   0.1   2   2      0.61        38    1.5   0.0   306   329   332   355   315   359 0.88 ACNH67_002171
ACNH67_000396-T1     -            132 43552                -            337   0.00053   17.4   0.0   1   1   9.8e-06   0.00061   17.2   0.0   203   257    30    83    27   108 0.81 ACNH67_000396
ACNH67_000838-T1     -            320 43552                -            337    0.0019   15.6   0.0   1   1   0.00043     0.027   11.8   0.0   118   234   136   241   130   248 0.68 ACNH67_000838
ACNH67_003613-T1     -            401 43552                -            337     0.005   14.2   0.1   1   2       1.2        74    0.5   0.0    23    72    20    70     6    80 0.73 ACNH67_003613
ACNH67_003613-T1     -            401 43552                -            337     0.005   14.2   0.1   2   2    0.0012     0.074   10.4   0.1    92   160   150   231   134   246 0.64 ACNH67_003613
ACNH67_002749-T1     -            939 43552                -            337    0.0065   13.8   0.8   1   3      0.11       6.8    3.9   0.0   116   157   253   298   204   310 0.75 ACNH67_002749
ACNH67_002749-T1     -            939 43552                -            337    0.0065   13.8   0.8   2   3      0.13       8.4    3.6   0.0   217   238   380   401   378   406 0.88 ACNH67_002749
ACNH67_002749-T1     -            939 43552                -            337    0.0065   13.8   0.8   3   3      0.22        14    2.9   0.0   305   335   442   472   423   474 0.84 ACNH67_002749
ACNH67_004979-T1     -            251 43552                -            337    0.0084   13.5   0.0   1   2     0.014       0.9    6.8   0.0    18    44   112   138   104   162 0.86 ACNH67_004979
ACNH67_004979-T1     -            251 43552                -            337    0.0084   13.5   0.0   2   2     0.063       3.9    4.7   0.0   128   149   222   243   213   248 0.89 ACNH67_004979
ACNH67_002437-T1     -            340 43552                -            337     0.012   12.9   0.0   1   1   0.00029     0.018   12.4   0.0    23    76   274   329   260   338 0.84 ACNH67_002437
ACNH67_000564-T1     -            871 43552                -            337     0.013   12.8   0.0   1   3       0.5        31    1.7   0.0    21    52   492   524   480   541 0.84 ACNH67_000564
ACNH67_000564-T1     -            871 43552                -            337     0.013   12.8   0.0   2   3      0.03       1.8    5.8   0.0   127   160   628   663   622   675 0.81 ACNH67_000564
ACNH67_000564-T1     -            871 43552                -            337     0.013   12.8   0.0   3   3      0.63        39    1.4   0.0   201   233   690   722   662   725 0.68 ACNH67_000564
ACNH67_002396-T1     -           1379 43552                -            337     0.024   12.0   0.0   1   3       8.2   5.1e+02   -2.3   0.0    29    86   786   848   774   853 0.73 ACNH67_002396
ACNH67_002396-T1     -           1379 43552                -            337     0.024   12.0   0.0   2   3    0.0021      0.13    9.5   0.0   128   159  1106  1137  1102  1145 0.89 ACNH67_002396
ACNH67_002396-T1     -           1379 43552                -            337     0.024   12.0   0.0   3   3       8.6   5.3e+02   -2.3   0.0   196   252  1202  1252  1200  1258 0.76 ACNH67_002396
ACNH67_005066-T1     -            607 43552                -            337     0.031   11.6   0.1   1   2    0.0031      0.19    9.0   0.0   132   170   203   241   182   249 0.80 ACNH67_005066
ACNH67_005066-T1     -            607 43552                -            337     0.031   11.6   0.1   2   2       1.8   1.1e+02   -0.1   0.0    85   129   331   375   323   379 0.83 ACNH67_005066
ACNH67_001532-T1     -            468 43552                -            337     0.031   11.6   0.0   1   2       2.7   1.7e+02   -0.7   0.0    20    53    26    61    18    73 0.82 ACNH67_001532
ACNH67_001532-T1     -            468 43552                -            337     0.031   11.6   0.0   2   2    0.0028      0.17    9.2   0.0   303   335   286   318   248   320 0.77 ACNH67_001532
ACNH67_001205-T1     -            176 43552                -            337     0.038   11.3   0.0   1   1   0.00094     0.059   10.7   0.0   181   231    22    83     4    86 0.57 ACNH67_001205
ACNH67_003528-T1     -            119 43552                -            337     0.047   11.0   0.0   1   1    0.0012     0.074   10.4   0.0   171   194    39    62    30    70 0.85 ACNH67_003528
ACNH67_001469-T1     -            259 43552                -            337     0.072   10.4   0.1   1   1    0.0016       0.1    9.9   0.1   207   232     3    28     1    40 0.79 ACNH67_001469
#
# Program:         hmmsearch
# Version:         3.1b2 (February 2015)
# Pipeline mode:   SEARCH
# Query file:      /home/edouard/GregarineStuff/Lgryllorum_Genome_analysis/Funannotate/Run_v3/species_train/annotate_results/busco_downloads/lineages/apicomplexa_odb12/hmms/43552at5794.hmm
# Target file:     /home/edouard/GregarineStuff/Lgryllorum_Genome_analysis/Funannotate/Run_v3/species_train/annotate_results/Leidyana_gryllorum.proteins.fa
# Option settings: hmmsearch --domtblout /home/edouard/GregarineStuff/Lgryllorum_Genome_analysis/Funannotate/Run_v3/species_train/annotate_results/busco/run_apicomplexa_odb12/hmmer_output/initial_run_results/43552at5794.out --cpu 1 /home/edouard/GregarineStuff/Lgryllorum_Genome_analysis/Funannotate/Run_v3/species_train/annotate_results/busco_downloads/lineages/apicomplexa_odb12/hmms/43552at5794.hmm /home/edouard/GregarineStuff/Lgryllorum_Genome_analysis/Funannotate/Run_v3/species_train/annotate_results/Leidyana_gryllorum.proteins.fa 
# Current dir:     /home/edouard/GregarineStuff/Lgryllorum_Genome_analysis/Funannotate/Run_v3/species_train/annotate_results
# Date:            Tue Apr  1 17:38:18 2025
# [ok]
