#                                                                            --- full sequence --- -------------- this domain -------------   hmm coord   ali coord   env coord
# target name        accession   tlen query name           accession   qlen   E-value  score  bias   #  of  c-Evalue  i-Evalue  score  bias  from    to  from    to  from    to  acc description of target
#------------------- ---------- ----- -------------------- ---------- ----- --------- ------ ----- --- --- --------- --------- ------ ----- ----- ----- ----- ----- ----- ----- ---- ---------------------
ACNH67_000088-T1     -            466 438                  -            403  3.8e-243  804.9   0.1   1   1  2.4e-245  4.7e-243  804.6   0.1    11   403    74   466    64   466 0.98 ACNH67_000088
ACNH67_001796-T1     -            394 438                  -            403  1.7e-104  348.3   0.5   1   1    1e-106    2e-104  348.1   0.5    31   396    25   393     3   394 0.96 ACNH67_001796
ACNH67_004945-T1     -            439 438                  -            403   1.9e-91  305.3   1.3   1   1   1.2e-93   2.3e-91  305.0   1.3    29   402    53   436    35   437 0.94 ACNH67_004945
ACNH67_001998-T1     -            861 438                  -            403   5.2e-64  214.9   0.0   1   2   4.6e-34   8.9e-32  108.8   0.0    36   203   435   610   426   613 0.91 ACNH67_001998
ACNH67_001998-T1     -            861 438                  -            403   5.2e-64  214.9   0.0   2   2   1.1e-32   2.1e-30  104.3   0.0   179   397   615   828   609   832 0.89 ACNH67_001998
ACNH67_001597-T1     -            490 438                  -            403   9.2e-61  204.2   0.4   1   1   2.6e-62     5e-60  201.8   0.4    29   396    75   474    49   479 0.84 ACNH67_001597
ACNH67_003972-T1     -            469 438                  -            403   9.5e-60  200.9   0.0   1   1   6.3e-62   1.2e-59  200.5   0.0    27   389    57   422    31   434 0.92 ACNH67_003972
ACNH67_004375-T1     -            229 438                  -            403   1.2e-59  200.5   0.1   1   1     7e-62   1.4e-59  200.4   0.1   175   398     1   226     1   229 0.97 ACNH67_004375
ACNH67_002442-T1     -            669 438                  -            403   5.1e-59  198.5   0.0   1   1   3.8e-61   7.4e-59  198.0   0.0    40   392   203   572   191   580 0.89 ACNH67_002442
ACNH67_004323-T1     -            965 438                  -            403   9.8e-58  194.3   0.3   1   1   7.9e-60   1.5e-57  193.6   0.3    40   379    44   390    21   407 0.92 ACNH67_004323
ACNH67_000205-T1     -            668 438                  -            403   3.2e-57  192.6   0.0   1   1   2.2e-59   4.3e-57  192.2   0.0    31   396   212   593   189   598 0.89 ACNH67_000205
ACNH67_001782-T1     -            672 438                  -            403   2.9e-55  186.1   0.0   1   1   2.1e-57     4e-55  185.7   0.0    59   398     2   353     1   357 0.91 ACNH67_001782
ACNH67_003305-T1     -            505 438                  -            403   9.6e-51  171.3   0.0   1   1   6.2e-53   1.2e-50  170.9   0.0    50   367    82   408    33   430 0.90 ACNH67_003305
ACNH67_002293-T1     -           1575 438                  -            403   2.7e-50  169.8   0.0   1   1   2.1e-52   4.2e-50  169.1   0.0    43   399   528   897   524   901 0.89 ACNH67_002293
ACNH67_002835-T1     -            524 438                  -            403   1.4e-47  160.8   0.0   1   1   1.1e-48   2.1e-46  157.0   0.0    37   380    53   431    40   448 0.82 ACNH67_002835
ACNH67_003103-T1     -            777 438                  -            403   3.8e-47  159.4   0.0   1   1   2.9e-49   5.6e-47  158.9   0.0    31   370    19   372    11   401 0.82 ACNH67_003103
ACNH67_004869-T1     -            791 438                  -            403   5.9e-45  152.2   0.1   1   1   4.6e-47     9e-45  151.6   0.1    35   379    91   443    83   455 0.89 ACNH67_004869
ACNH67_005515-T1     -            447 438                  -            403   8.2e-42  141.8   0.1   1   1   5.6e-44   1.1e-41  141.4   0.1    50   374    19   362     5   378 0.87 ACNH67_005515
ACNH67_003764-T1     -           1625 438                  -            403   9.5e-41  138.3   0.3   1   3     5e-09   9.9e-07   26.3   0.0    30    93     3    68     1    76 0.92 ACNH67_003764
ACNH67_003764-T1     -           1625 438                  -            403   9.5e-41  138.3   0.3   2   3   2.7e-09   5.2e-07   27.2   0.1    97   217    94   243    82   256 0.74 ACNH67_003764
ACNH67_003764-T1     -           1625 438                  -            403   9.5e-41  138.3   0.3   3   3   3.6e-25   7.1e-23   79.5   0.0   268   377   608   717   601   733 0.93 ACNH67_003764
ACNH67_000490-T1     -            401 438                  -            403   2.9e-36  123.6   0.0   1   1     2e-38   3.8e-36  123.2   0.0    31   223   125   320   119   353 0.89 ACNH67_000490
ACNH67_000687-T1     -            732 438                  -            403   3.8e-36  123.2   0.1   1   3   1.2e-09   2.3e-07   28.4   0.0    31    94     3    65     1    78 0.90 ACNH67_000687
ACNH67_000687-T1     -            732 438                  -            403   3.8e-36  123.2   0.1   2   3   3.9e-12   7.7e-10   36.5   0.0    89   214   266   398   258   417 0.84 ACNH67_000687
ACNH67_000687-T1     -            732 438                  -            403   3.8e-36  123.2   0.1   3   3   1.4e-17   2.8e-15   54.5   0.0   289   381   530   622   470   633 0.81 ACNH67_000687
ACNH67_004374-T1     -            167 438                  -            403   1.2e-32  111.6   0.1   1   1   7.8e-35   1.5e-32  111.3   0.1    30   162    26   158    17   165 0.97 ACNH67_004374
ACNH67_005174-T1     -            778 438                  -            403   6.3e-26   89.5   0.2   1   3   8.2e-19   1.6e-16   58.6   0.1    42   206   129   311   122   327 0.85 ACNH67_005174
ACNH67_005174-T1     -            778 438                  -            403   6.3e-26   89.5   0.2   2   3     0.038       7.3    3.7   0.0   257   286   413   442   341   469 0.82 ACNH67_005174
ACNH67_005174-T1     -            778 438                  -            403   6.3e-26   89.5   0.2   3   3   3.5e-08   6.8e-06   23.5   0.0   295   360   567   633   559   655 0.85 ACNH67_005174
ACNH67_001663-T1     -           1000 438                  -            403   6.6e-26   89.5   0.2   1   3   0.00027     0.052   10.8   0.0    54    95   113   155    98   169 0.80 ACNH67_001663
ACNH67_001663-T1     -           1000 438                  -            403   6.6e-26   89.5   0.2   2   3   1.4e-14   2.7e-12   44.6   0.1   101   193   183   277   171   291 0.86 ACNH67_001663
ACNH67_001663-T1     -           1000 438                  -            403   6.6e-26   89.5   0.2   3   3   3.7e-10   7.3e-08   30.0   0.0   290   368   706   785   695   800 0.88 ACNH67_001663
ACNH67_003408-T1     -            846 438                  -            403   2.5e-24   84.3   0.0   1   2     5e-14   9.7e-12   42.8   0.0    45   227    28   264    16   276 0.70 ACNH67_003408
ACNH67_003408-T1     -            846 438                  -            403   2.5e-24   84.3   0.0   2   2   7.1e-11   1.4e-08   32.4   0.0   297   382   410   500   403   515 0.80 ACNH67_003408
ACNH67_000779-T1     -            607 438                  -            403   2.6e-21   74.3   0.1   1   3   1.1e-13   2.1e-11   41.7   0.0    35   186    49   222    36   240 0.68 ACNH67_000779
ACNH67_000779-T1     -            607 438                  -            403   2.6e-21   74.3   0.1   2   3       1.2   2.4e+02   -1.3   0.2   268   325   353   410   323   415 0.81 ACNH67_000779
ACNH67_000779-T1     -            607 438                  -            403   2.6e-21   74.3   0.1   3   3   7.4e-10   1.4e-07   29.1   0.0   325   386   446   511   435   522 0.83 ACNH67_000779
ACNH67_004331-T1     -            690 438                  -            403   6.3e-17   59.9   0.1   1   3      0.84   1.6e+02   -0.8   0.0    99   114     6    21     4    43 0.89 ACNH67_004331
ACNH67_004331-T1     -            690 438                  -            403   6.3e-17   59.9   0.1   2   3    0.0031       0.6    7.2   0.0   164   191    94   121    71   136 0.77 ACNH67_004331
ACNH67_004331-T1     -            690 438                  -            403   6.3e-17   59.9   0.1   3   3     7e-16   1.4e-13   48.9   0.0   207   360   190   351   182   365 0.82 ACNH67_004331
ACNH67_000489-T1     -            616 438                  -            403   8.6e-17   59.4   0.0   1   1   5.8e-19   1.1e-16   59.0   0.0   297   402     5   110     1   111 0.85 ACNH67_000489
ACNH67_003944-T1     -           1814 438                  -            403   4.7e-09   33.9   0.1   1   1     5e-11   9.7e-09   32.9   0.1   293   384   936  1027   922  1043 0.88 ACNH67_003944
ACNH67_004637-T1     -           2175 438                  -            403     0.044   11.0   0.0   1   1    0.0008      0.16    9.2   0.0   298   381   661   755   650   780 0.74 ACNH67_004637
#
# Program:         hmmsearch
# Version:         3.1b2 (February 2015)
# Pipeline mode:   SEARCH
# Query file:      /home/edouard/GregarineStuff/Lgryllorum_Genome_analysis/Funannotate/Run_v3/species_train/annotate_results/busco_downloads/lineages/apicomplexa_odb12/hmms/438at5794.hmm
# Target file:     /home/edouard/GregarineStuff/Lgryllorum_Genome_analysis/Funannotate/Run_v3/species_train/annotate_results/Leidyana_gryllorum.proteins.fa
# Option settings: hmmsearch --domtblout /home/edouard/GregarineStuff/Lgryllorum_Genome_analysis/Funannotate/Run_v3/species_train/annotate_results/busco/run_apicomplexa_odb12/hmmer_output/initial_run_results/438at5794.out --cpu 1 /home/edouard/GregarineStuff/Lgryllorum_Genome_analysis/Funannotate/Run_v3/species_train/annotate_results/busco_downloads/lineages/apicomplexa_odb12/hmms/438at5794.hmm /home/edouard/GregarineStuff/Lgryllorum_Genome_analysis/Funannotate/Run_v3/species_train/annotate_results/Leidyana_gryllorum.proteins.fa 
# Current dir:     /home/edouard/GregarineStuff/Lgryllorum_Genome_analysis/Funannotate/Run_v3/species_train/annotate_results
# Date:            Tue Apr  1 17:38:19 2025
# [ok]
