#                                                                            --- full sequence --- -------------- this domain -------------   hmm coord   ali coord   env coord
# target name        accession   tlen query name           accession   qlen   E-value  score  bias   #  of  c-Evalue  i-Evalue  score  bias  from    to  from    to  from    to  acc description of target
#------------------- ---------- ----- -------------------- ---------- ----- --------- ------ ----- --- --- --------- --------- ------ ----- ----- ----- ----- ----- ----- ----- ---- ---------------------
ACNH67_002805-T1     -           1060 44136                -            449   5.9e-11   40.2  84.8   1   5   9.8e-06    0.0039   14.4  11.1   179   291   547   656   519   659 0.85 ACNH67_002805
ACNH67_002805-T1     -           1060 44136                -            449   5.9e-11   40.2  84.8   2   5   3.1e-07   0.00012   19.4  14.1   182   293   655   763   651   765 0.95 ACNH67_002805
ACNH67_002805-T1     -           1060 44136                -            449   5.9e-11   40.2  84.8   3   5   0.00037      0.15    9.2  11.5   181   263   717   796   712   800 0.88 ACNH67_002805
ACNH67_002805-T1     -           1060 44136                -            449   5.9e-11   40.2  84.8   4   5   7.4e-05      0.03   11.5  26.8   167   297   787   914   769   923 0.87 ACNH67_002805
ACNH67_002805-T1     -           1060 44136                -            449   5.9e-11   40.2  84.8   5   5   0.00096      0.39    7.8  15.3   176   307   901  1029   897  1040 0.87 ACNH67_002805
ACNH67_003762-T1     -            522 44136                -            449   3.8e-06   24.4  28.6   1   2   2.7e-08   1.1e-05   22.8  14.4   148   285     6   143     1   153 0.94 ACNH67_003762
ACNH67_003762-T1     -            522 44136                -            449   3.8e-06   24.4  28.6   2   2    0.0013      0.51    7.4   6.2   173   227   286   340   247   408 0.71 ACNH67_003762
ACNH67_005199-T1     -            300 44136                -            449    0.0059   13.8   8.7   1   1   2.7e-05     0.011   12.9   8.7   176   252    31   107    27   125 0.77 ACNH67_005199
ACNH67_005040-T1     -            692 44136                -            449    0.0099   13.1  49.6   1   3      0.16        66    0.5   1.6   247   274   385   412   383   434 0.68 ACNH67_005040
ACNH67_005040-T1     -            692 44136                -            449    0.0099   13.1  49.6   2   3   4.4e-05     0.018   12.3  25.7   143   283   429   567   426   579 0.90 ACNH67_005040
ACNH67_005040-T1     -            692 44136                -            449    0.0099   13.1  49.6   3   3   2.4e-05    0.0096   13.1  19.6   167   301   531   669   530   689 0.81 ACNH67_005040
ACNH67_003773-T1     -            256 44136                -            449     0.029   11.6   0.0   1   1   9.4e-05     0.038   11.2   0.0   248   347    30   128    28   149 0.86 ACNH67_003773
ACNH67_000521-T1     -            163 44136                -            449      0.04   11.1  12.8   1   1   0.00012     0.049   10.8  12.8   155   288    13   146     5   154 0.87 ACNH67_000521
ACNH67_002476-T1     -            287 44136                -            449     0.047   10.9  18.2   1   1   0.00041      0.17    9.0  18.2   260   433    52   222    37   239 0.70 ACNH67_002476
ACNH67_005516-T1     -            505 44136                -            449      0.12    9.6  42.0   1   3    0.0062       2.5    5.2   3.3   153   237    87   170    80   176 0.86 ACNH67_005516
ACNH67_005516-T1     -            505 44136                -            449      0.12    9.6  42.0   2   3   0.00078      0.32    8.1  19.5   179   303   182   309   177   319 0.73 ACNH67_005516
ACNH67_005516-T1     -            505 44136                -            449      0.12    9.6  42.0   3   3   0.00094      0.38    7.9   3.5   172   289   340   470   330   500 0.44 ACNH67_005516
ACNH67_002804-T1     -            779 44136                -            449      0.38    7.9  26.3   1   2   0.00069      0.28    8.3  15.2   130   296   521   690   511   707 0.68 ACNH67_002804
ACNH67_002804-T1     -            779 44136                -            449      0.38    7.9  26.3   2   2     0.046        19    2.3   6.8   173   238   706   771   682   776 0.85 ACNH67_002804
ACNH67_001660-T1     -            268 44136                -            449      0.41    7.8   9.4   1   2     0.012       4.9    4.2   1.0   190   273    15   103     7   104 0.74 ACNH67_001660
ACNH67_001660-T1     -            268 44136                -            449      0.41    7.8   9.4   2   2   0.00056      0.23    8.6   6.7   166   235    76   145    69   158 0.90 ACNH67_001660
ACNH67_002800-T1     -            795 44136                -            449      0.89    6.6  42.8   1   1    0.0051       2.1    5.4  42.8   176   430   498   751   492   768 0.77 ACNH67_002800
ACNH67_005527-T1     -           1000 44136                -            449       3.9    4.5  78.4   1   5    0.0073         3    4.9  11.2   167   266   334   435   327   450 0.75 ACNH67_005527
ACNH67_005527-T1     -           1000 44136                -            449       3.9    4.5  78.4   2   5   0.00038      0.15    9.2  16.5   186   304   500   619   486   631 0.74 ACNH67_005527
ACNH67_005527-T1     -           1000 44136                -            449       3.9    4.5  78.4   3   5      0.18        73    0.3  21.1   177   310   610   748   607   756 0.76 ACNH67_005527
ACNH67_005527-T1     -           1000 44136                -            449       3.9    4.5  78.4   4   5     0.049        20    2.2  11.4   180   275   687   791   680   793 0.75 ACNH67_005527
ACNH67_005527-T1     -           1000 44136                -            449       3.9    4.5  78.4   5   5     0.016       6.6    3.8  11.9   169   275   751   857   734   874 0.55 ACNH67_005527
ACNH67_000487-T1     -            800 44136                -            449       8.8    3.4  37.3   1   2      0.76   3.1e+02   -1.7  10.4   228   430   313   380   291   395 0.35 ACNH67_000487
ACNH67_000487-T1     -            800 44136                -            449       8.8    3.4  37.3   2   2   0.00029      0.12    9.6  19.8   165   296   400   529   387   550 0.81 ACNH67_000487
ACNH67_000218-T1     -            357 44136                -            449       9.7    3.2  43.2   1   2    0.0039       1.6    5.8  31.8   122   291    19   191    10   210 0.81 ACNH67_000218
ACNH67_000218-T1     -            357 44136                -            449       9.7    3.2  43.2   2   2     0.038        15    2.6   3.1   223   281   250   308   237   356 0.57 ACNH67_000218
#
# Program:         hmmsearch
# Version:         3.1b2 (February 2015)
# Pipeline mode:   SEARCH
# Query file:      /home/edouard/GregarineStuff/Lgryllorum_Genome_analysis/Funannotate/Run_v3/species_train/annotate_results/busco_downloads/lineages/apicomplexa_odb12/hmms/44136at5794.hmm
# Target file:     /home/edouard/GregarineStuff/Lgryllorum_Genome_analysis/Funannotate/Run_v3/species_train/annotate_results/Leidyana_gryllorum.proteins.fa
# Option settings: hmmsearch --domtblout /home/edouard/GregarineStuff/Lgryllorum_Genome_analysis/Funannotate/Run_v3/species_train/annotate_results/busco/run_apicomplexa_odb12/hmmer_output/initial_run_results/44136at5794.out --cpu 1 /home/edouard/GregarineStuff/Lgryllorum_Genome_analysis/Funannotate/Run_v3/species_train/annotate_results/busco_downloads/lineages/apicomplexa_odb12/hmms/44136at5794.hmm /home/edouard/GregarineStuff/Lgryllorum_Genome_analysis/Funannotate/Run_v3/species_train/annotate_results/Leidyana_gryllorum.proteins.fa 
# Current dir:     /home/edouard/GregarineStuff/Lgryllorum_Genome_analysis/Funannotate/Run_v3/species_train/annotate_results
# Date:            Tue Apr  1 17:38:21 2025
# [ok]
