#                                                                            --- full sequence --- -------------- this domain -------------   hmm coord   ali coord   env coord
# target name        accession   tlen query name           accession   qlen   E-value  score  bias   #  of  c-Evalue  i-Evalue  score  bias  from    to  from    to  from    to  acc description of target
#------------------- ---------- ----- -------------------- ---------- ----- --------- ------ ----- --- --- --------- --------- ------ ----- ----- ----- ----- ----- ----- ----- ---- ---------------------
ACNH67_001306-T1     -            377 44402                -            348   7.3e-71  237.4   0.0   1   2   2.9e-07   4.3e-05   21.1   0.0    28   117     8   112     5   115 0.79 ACNH67_001306
ACNH67_001306-T1     -            377 44402                -            348   7.3e-71  237.4   0.0   2   2   1.8e-65   2.6e-63  212.5   0.0   123   347   138   374   125   375 0.87 ACNH67_001306
ACNH67_004797-T1     -            396 44402                -            348   9.5e-29   98.9   0.0   1   3   1.1e-09   1.5e-07   29.1   0.1   118   206    17   105    11   118 0.84 ACNH67_004797
ACNH67_004797-T1     -            396 44402                -            348   9.5e-29   98.9   0.0   2   3     4e-10   5.8e-08   30.5   0.0   133   210   135   212   110   218 0.86 ACNH67_004797
ACNH67_004797-T1     -            396 44402                -            348   9.5e-29   98.9   0.0   3   3   1.1e-11   1.7e-09   35.6   0.0   248   341   304   392   254   394 0.86 ACNH67_004797
ACNH67_002393-T1     -            683 44402                -            348     2e-28   97.8   0.0   1   4   1.3e-05    0.0019   15.7   0.0   116   173     4    61     2    66 0.93 ACNH67_002393
ACNH67_002393-T1     -            683 44402                -            348     2e-28   97.8   0.0   2   4   1.3e-11   1.9e-09   35.4   0.0   102   193   122   212   112   223 0.83 ACNH67_002393
ACNH67_002393-T1     -            683 44402                -            348     2e-28   97.8   0.0   3   4   5.3e-07   7.6e-05   20.3   0.0   122   212   232   319   218   328 0.84 ACNH67_002393
ACNH67_002393-T1     -            683 44402                -            348     2e-28   97.8   0.0   4   4   3.4e-07   4.9e-05   20.9   0.1   133   202   405   473   396   483 0.89 ACNH67_002393
ACNH67_004592-T1     -            718 44402                -            348     4e-27   93.5   0.4   1   5   1.7e-07   2.4e-05   21.9   0.0   119   200     7    90     3   115 0.86 ACNH67_004592
ACNH67_004592-T1     -            718 44402                -            348     4e-27   93.5   0.4   2   5   4.4e-08   6.4e-06   23.8   0.0   108   206   189   288   175   297 0.84 ACNH67_004592
ACNH67_004592-T1     -            718 44402                -            348     4e-27   93.5   0.4   3   5       7.8   1.1e+03   -3.3   0.0   124   154   410   440   407   449 0.83 ACNH67_004592
ACNH67_004592-T1     -            718 44402                -            348     4e-27   93.5   0.4   4   5   3.5e-05    0.0051   14.3   0.0   121   200   515   606   504   624 0.75 ACNH67_004592
ACNH67_004592-T1     -            718 44402                -            348     4e-27   93.5   0.4   5   5   4.2e-09   6.1e-07   27.2   0.0   116   188   631   702   621   711 0.89 ACNH67_004592
ACNH67_001293-T1     -            621 44402                -            348   1.7e-23   81.6   0.0   1   3   3.1e-14   4.5e-12   44.0   0.0    22   119    68   162    62   170 0.84 ACNH67_001293
ACNH67_001293-T1     -            621 44402                -            348   1.7e-23   81.6   0.0   2   3   7.3e-07   0.00011   19.8   0.0   116   163   205   252   193   255 0.86 ACNH67_001293
ACNH67_001293-T1     -            621 44402                -            348   1.7e-23   81.6   0.0   3   3   6.7e-05    0.0097   13.3   0.0   154   207   288   343   283   354 0.78 ACNH67_001293
ACNH67_004487-T1     -            380 44402                -            348   4.6e-23   80.2   0.0   1   3      0.94   1.4e+02   -0.3   0.0   163   193     2    32     1    54 0.76 ACNH67_004487
ACNH67_004487-T1     -            380 44402                -            348   4.6e-23   80.2   0.0   2   3   1.1e-12   1.7e-10   38.9   0.0   118   187    57   126    44   144 0.94 ACNH67_004487
ACNH67_004487-T1     -            380 44402                -            348   4.6e-23   80.2   0.0   3   3   2.7e-12   3.9e-10   37.7   0.0   121   202   230   311   211   330 0.87 ACNH67_004487
ACNH67_002500-T1     -            211 44402                -            348   3.7e-22   77.2   0.0   1   2   1.4e-12     2e-10   38.6   0.0   119   205    18   104    10   108 0.93 ACNH67_002500
ACNH67_002500-T1     -            211 44402                -            348   3.7e-22   77.2   0.0   2   2   4.6e-12   6.7e-10   36.9   0.0   124   209   110   195   103   204 0.90 ACNH67_002500
ACNH67_004134-T1     -            621 44402                -            348   1.5e-19   68.6   0.0   1   3   5.7e-05    0.0083   13.6   0.0   145   198   177   229   167   244 0.85 ACNH67_004134
ACNH67_004134-T1     -            621 44402                -            348   1.5e-19   68.6   0.0   2   3   7.1e-12     1e-09   36.3   0.0   115   226   252   364   235   368 0.86 ACNH67_004134
ACNH67_004134-T1     -            621 44402                -            348   1.5e-19   68.6   0.0   3   3   2.1e-05     0.003   15.0   0.0   140   197   392   448   389   462 0.86 ACNH67_004134
ACNH67_003464-T1     -           1814 44402                -            348   4.8e-18   63.7   0.0   1   2   2.7e-06   0.00039   18.0   0.0   123   218  1396  1492  1385  1501 0.90 ACNH67_003464
ACNH67_003464-T1     -           1814 44402                -            348   4.8e-18   63.7   0.0   2   2   7.1e-14     1e-11   42.9   0.0   122   202  1672  1753  1660  1765 0.91 ACNH67_003464
ACNH67_004857-T1     -            181 44402                -            348   3.8e-17   60.7   0.0   1   1   3.3e-19   4.9e-17   60.4   0.0   260   343     1    86     1    89 0.93 ACNH67_004857
ACNH67_004698-T1     -            460 44402                -            348   7.3e-15   53.2   0.0   1   2   2.3e-06   0.00033   18.2   0.0   121   181   102   162    91   171 0.93 ACNH67_004698
ACNH67_004698-T1     -            460 44402                -            348   7.3e-15   53.2   0.0   2   2   8.3e-11   1.2e-08   32.8   0.0   122   199   202   279   197   287 0.96 ACNH67_004698
ACNH67_004294-T1     -            382 44402                -            348   1.1e-14   52.7   0.0   1   2   5.1e-11   7.4e-09   33.5   0.0    22   123   130   231   118   243 0.84 ACNH67_004294
ACNH67_004294-T1     -            382 44402                -            348   1.1e-14   52.7   0.0   2   2   4.7e-06   0.00068   17.1   0.0   243   324   267   349   254   368 0.82 ACNH67_004294
ACNH67_002845-T1     -            567 44402                -            348   1.1e-14   52.6   0.0   1   2   2.2e-08   3.2e-06   24.8   0.0   115   190   181   259   174   272 0.84 ACNH67_002845
ACNH67_002845-T1     -            567 44402                -            348   1.1e-14   52.6   0.0   2   2   1.3e-08   1.8e-06   25.6   0.0   120   177   279   336   272   342 0.90 ACNH67_002845
ACNH67_003758-T1     -            409 44402                -            348   2.2e-14   51.6   0.1   1   2   3.8e-15   5.5e-13   47.1   0.0    61   205   127   271    58   280 0.82 ACNH67_003758
ACNH67_003758-T1     -            409 44402                -            348   2.2e-14   51.6   0.1   2   2       0.2        29    1.9   0.1     6    42   317   353   312   356 0.84 ACNH67_003758
ACNH67_004646-T1     -            221 44402                -            348     7e-13   46.7   0.0   1   2   1.2e-09   1.8e-07   28.9   0.0   118   196    18    95     6   106 0.87 ACNH67_004646
ACNH67_004646-T1     -            221 44402                -            348     7e-13   46.7   0.0   2   2   1.1e-05    0.0017   15.9   0.0   120   197   133   209   121   219 0.90 ACNH67_004646
ACNH67_004858-T1     -            401 44402                -            348   3.6e-12   44.4   0.0   1   1   3.8e-14   5.5e-12   43.8   0.0    22   117   226   317   216   322 0.84 ACNH67_004858
ACNH67_004179-T1     -            426 44402                -            348   5.8e-11   40.4   0.0   1   2   1.1e-06   0.00016   19.2   0.0   116   187   106   179     7   197 0.85 ACNH67_004179
ACNH67_004179-T1     -            426 44402                -            348   5.8e-11   40.4   0.0   2   2     1e-06   0.00015   19.3   0.0   121   181   244   303   234   335 0.87 ACNH67_004179
ACNH67_002495-T1     -            856 44402                -            348   8.9e-11   39.8   0.0   1   1   9.2e-13   1.3e-10   39.2   0.0   120   197   677   754   658   769 0.89 ACNH67_002495
ACNH67_004319-T1     -            163 44402                -            348     4e-10   37.6   0.0   1   1   3.4e-12   4.9e-10   37.4   0.0   113   202    60   149    43   160 0.87 ACNH67_004319
ACNH67_000421-T1     -            851 44402                -            348   1.2e-09   36.1   0.0   1   1   1.8e-11   2.6e-09   35.0   0.0   116   204    36   124    20   134 0.90 ACNH67_000421
ACNH67_002655-T1     -            421 44402                -            348     4e-09   34.3   0.0   1   3   2.9e-07   4.2e-05   21.1   0.0   114   187    25    99    15   141 0.86 ACNH67_002655
ACNH67_002655-T1     -            421 44402                -            348     4e-09   34.3   0.0   2   3       1.6   2.4e+02   -1.1   0.0   109   144   113   148   101   153 0.74 ACNH67_002655
ACNH67_002655-T1     -            421 44402                -            348     4e-09   34.3   0.0   3   3   0.00078      0.11    9.8   0.0   115   202   242   323   231   340 0.80 ACNH67_002655
ACNH67_004212-T1     -            275 44402                -            348     5e-08   30.7   0.0   1   1   4.4e-10   6.4e-08   30.4   0.0   122   205    77   160    54   169 0.86 ACNH67_004212
ACNH67_002995-T1     -            211 44402                -            348   9.1e-08   29.9   0.0   1   1   8.6e-10   1.3e-07   29.4   0.0   120   212    60   152    41   159 0.91 ACNH67_002995
ACNH67_001641-T1     -            276 44402                -            348   1.6e-07   29.1   0.0   1   1   1.6e-09   2.3e-07   28.5   0.0   110   203   177   270   168   275 0.93 ACNH67_001641
ACNH67_001826-T1     -            103 44402                -            348   2.6e-07   28.4   0.0   1   1   1.9e-09   2.8e-07   28.3   0.0   117   182     4    69     1    82 0.88 ACNH67_001826
ACNH67_002310-T1     -            271 44402                -            348   2.7e-07   28.3   0.0   1   1   2.8e-09   4.1e-07   27.7   0.0   120   190    49   123    38   144 0.78 ACNH67_002310
ACNH67_004386-T1     -            133 44402                -            348   1.9e-06   25.6   0.0   1   1   1.5e-08   2.2e-06   25.3   0.0   109   195    21   106    14   120 0.91 ACNH67_004386
ACNH67_005285-T1     -           1266 44402                -            348   2.1e-06   25.4   0.0   1   1   2.3e-08   3.3e-06   24.8   0.0   104   191    67   157    61   167 0.89 ACNH67_005285
ACNH67_001390-T1     -            542 44402                -            348   2.5e-06   25.1   0.0   1   1   3.2e-08   4.7e-06   24.3   0.0   117   203    36   122    29   193 0.93 ACNH67_001390
ACNH67_001540-T1     -            330 44402                -            348   3.1e-06   24.9   0.0   1   1   3.2e-08   4.6e-06   24.3   0.0   119   197    96   173    83   182 0.88 ACNH67_001540
ACNH67_005452-T1     -            524 44402                -            348   3.7e-06   24.6   0.0   1   1   3.6e-08   5.2e-06   24.1   0.0   122   198   112   188    91   209 0.88 ACNH67_005452
ACNH67_000830-T1     -            367 44402                -            348   4.6e-06   24.3   0.0   1   2   6.6e-07   9.6e-05   19.9   0.0   120   210    96   187    69   191 0.84 ACNH67_000830
ACNH67_000830-T1     -            367 44402                -            348   4.6e-06   24.3   0.0   2   2       0.2        28    2.0   0.0   120   193   292   359   282   366 0.80 ACNH67_000830
ACNH67_002556-T1     -           1967 44402                -            348   1.1e-05   23.1   0.0   1   1   1.6e-07   2.3e-05   22.0   0.0   113   197  1829  1912  1824  1927 0.89 ACNH67_002556
ACNH67_000045-T1     -            253 44402                -            348   1.2e-05   22.9   0.0   1   1   1.1e-07   1.6e-05   22.5   0.0   117   185   106   174    95   196 0.83 ACNH67_000045
ACNH67_000813-T1     -            561 44402                -            348   0.00014   19.4   0.0   1   1   1.4e-06    0.0002   18.9   0.0   115   197    46   125    30   142 0.85 ACNH67_000813
ACNH67_001684-T1     -            228 44402                -            348    0.0018   15.8   0.1   1   1   1.8e-05    0.0026   15.2   0.1   233   333   129   223   123   227 0.82 ACNH67_001684
ACNH67_000399-T1     -            286 44402                -            348    0.0033   14.9   0.2   1   1   3.9e-05    0.0057   14.1   0.2   263   343    77   153    74   156 0.91 ACNH67_000399
ACNH67_003649-T1     -            129 44402                -            348    0.0047   14.4   0.0   1   1     5e-05    0.0073   13.8   0.0   124   189     3    65     1    76 0.87 ACNH67_003649
ACNH67_004707-T1     -            185 44402                -            348    0.0063   14.0   0.0   1   1   5.7e-05    0.0083   13.6   0.0   122   197    92   166    69   179 0.87 ACNH67_004707
#
# Program:         hmmsearch
# Version:         3.1b2 (February 2015)
# Pipeline mode:   SEARCH
# Query file:      /home/edouard/GregarineStuff/Lgryllorum_Genome_analysis/Funannotate/Run_v3/species_train/annotate_results/busco_downloads/lineages/apicomplexa_odb12/hmms/44402at5794.hmm
# Target file:     /home/edouard/GregarineStuff/Lgryllorum_Genome_analysis/Funannotate/Run_v3/species_train/annotate_results/Leidyana_gryllorum.proteins.fa
# Option settings: hmmsearch --domtblout /home/edouard/GregarineStuff/Lgryllorum_Genome_analysis/Funannotate/Run_v3/species_train/annotate_results/busco/run_apicomplexa_odb12/hmmer_output/initial_run_results/44402at5794.out --cpu 1 /home/edouard/GregarineStuff/Lgryllorum_Genome_analysis/Funannotate/Run_v3/species_train/annotate_results/busco_downloads/lineages/apicomplexa_odb12/hmms/44402at5794.hmm /home/edouard/GregarineStuff/Lgryllorum_Genome_analysis/Funannotate/Run_v3/species_train/annotate_results/Leidyana_gryllorum.proteins.fa 
# Current dir:     /home/edouard/GregarineStuff/Lgryllorum_Genome_analysis/Funannotate/Run_v3/species_train/annotate_results
# Date:            Tue Apr  1 17:38:23 2025
# [ok]
