#                                                                            --- full sequence --- -------------- this domain -------------   hmm coord   ali coord   env coord
# target name        accession   tlen query name           accession   qlen   E-value  score  bias   #  of  c-Evalue  i-Evalue  score  bias  from    to  from    to  from    to  acc description of target
#------------------- ---------- ----- -------------------- ---------- ----- --------- ------ ----- --- --- --------- --------- ------ ----- ----- ----- ----- ----- ----- ----- ---- ---------------------
ACNH67_003972-T1     -            469 47873                -            411  2.3e-150  499.3   0.1   1   1  1.7e-152  2.9e-150  499.0   0.1     7   404    54   451    48   461 0.94 ACNH67_003972
ACNH67_003305-T1     -            505 47873                -            411   9.4e-95  316.1   0.3   1   1   7.4e-97   1.3e-94  315.7   0.3     8   355    57   412    49   449 0.93 ACNH67_003305
ACNH67_001796-T1     -            394 47873                -            411   6.8e-92  306.7   0.1   1   1   5.3e-94     9e-92  306.3   0.1    10   376    21   389    13   392 0.97 ACNH67_001796
ACNH67_001998-T1     -            861 47873                -            411   1.7e-88  295.5   0.0   1   2   2.3e-48   3.9e-46  156.0   0.0    16   187   432   610   426   614 0.90 ACNH67_001998
ACNH67_001998-T1     -            861 47873                -            411   1.7e-88  295.5   0.0   2   2   8.6e-43   1.5e-40  137.6   0.0   162   367   614   814   610   832 0.92 ACNH67_001998
ACNH67_004323-T1     -            965 47873                -            411   2.3e-84  281.9   0.5   1   1     2e-86   3.5e-84  281.3   0.5     4   378    24   405    21   437 0.91 ACNH67_004323
ACNH67_000088-T1     -            466 47873                -            411   6.6e-84  280.4   0.0   1   1   4.8e-86   8.2e-84  280.1   0.0     5   376    85   455    81   462 0.97 ACNH67_000088
ACNH67_004945-T1     -            439 47873                -            411   7.1e-82  273.7   0.5   1   1   5.5e-84   9.4e-82  273.3   0.5    12   380    53   430    47   438 0.92 ACNH67_004945
ACNH67_002442-T1     -            669 47873                -            411     1e-81  273.2   0.0   1   1   9.2e-84   1.6e-81  272.6   0.0    19   358   199   554   184   580 0.90 ACNH67_002442
ACNH67_000205-T1     -            668 47873                -            411   2.9e-81  271.7   0.0   1   1   2.6e-83   4.4e-81  271.1   0.0    14   357   212   569   208   598 0.90 ACNH67_000205
ACNH67_002835-T1     -            524 47873                -            411   1.7e-79  265.9   0.0   1   2   5.9e-21     1e-18   65.7   0.0    11    79    44   112    39   126 0.93 ACNH67_002835
ACNH67_002835-T1     -            524 47873                -            411   1.7e-79  265.9   0.0   2   2   3.4e-61   5.9e-59  198.2   0.0    85   359   138   426   129   479 0.85 ACNH67_002835
ACNH67_005515-T1     -            447 47873                -            411   1.6e-78  262.6   0.0   1   1   1.2e-80     2e-78  262.4   0.0    18   405     4   419     1   425 0.89 ACNH67_005515
ACNH67_001782-T1     -            672 47873                -            411   6.4e-72  240.9   0.0   1   1     5e-74   8.6e-72  240.5   0.0    42   375     2   346     1   370 0.92 ACNH67_001782
ACNH67_002293-T1     -           1575 47873                -            411   1.9e-69  232.8   0.0   1   1   1.7e-71   2.8e-69  232.2   0.0    28   372   530   886   515   903 0.87 ACNH67_002293
ACNH67_003103-T1     -            777 47873                -            411   4.7e-68  228.2   0.0   1   1   4.1e-70   7.1e-68  227.6   0.0     4   356     9   374     6   397 0.87 ACNH67_003103
ACNH67_004869-T1     -            791 47873                -            411   1.8e-56  190.1   0.1   1   1   1.5e-58   2.5e-56  189.6   0.1    19   359    92   439    81   488 0.88 ACNH67_004869
ACNH67_001663-T1     -           1000 47873                -            411   5.6e-55  185.1   0.9   1   5   1.2e-09     2e-07   28.5   0.0     9    79    84   156    77   165 0.84 ACNH67_001663
ACNH67_001663-T1     -           1000 47873                -            411   5.6e-55  185.1   0.9   2   5   9.2e-25   1.6e-22   78.2   0.1    84   191   183   290   174   308 0.90 ACNH67_001663
ACNH67_001663-T1     -           1000 47873                -            411   5.6e-55  185.1   0.9   3   5       1.2   2.1e+02   -1.2   0.0   189   222   508   540   502   549 0.81 ACNH67_001663
ACNH67_001663-T1     -           1000 47873                -            411   5.6e-55  185.1   0.9   4   5       0.2        35    1.4   0.0   222   276   581   638   575   664 0.80 ACNH67_001663
ACNH67_001663-T1     -           1000 47873                -            411   5.6e-55  185.1   0.9   5   5   1.7e-22   2.9e-20   70.8   0.0   276   356   707   789   695   800 0.89 ACNH67_001663
ACNH67_000687-T1     -            732 47873                -            411   6.9e-55  184.8   1.6   1   3   9.1e-21   1.6e-18   65.1   0.1    14    78     3    66     1    80 0.92 ACNH67_000687
ACNH67_000687-T1     -            732 47873                -            411   6.9e-55  184.8   1.6   2   3     2e-17   3.4e-15   54.1   0.0    75   225   269   426   263   439 0.81 ACNH67_000687
ACNH67_000687-T1     -            732 47873                -            411   6.9e-55  184.8   1.6   3   3     9e-20   1.5e-17   61.8   0.1   238   357   478   614   469   623 0.86 ACNH67_000687
ACNH67_005174-T1     -            778 47873                -            411     3e-52  176.1   0.2   1   3   7.2e-36   1.2e-33  114.8   0.1    17   198   121   326   106   352 0.79 ACNH67_005174
ACNH67_005174-T1     -            778 47873                -            411     3e-52  176.1   0.2   2   3    0.0063       1.1    6.3   0.0   237   293   404   463   397   480 0.72 ACNH67_005174
ACNH67_005174-T1     -            778 47873                -            411     3e-52  176.1   0.2   3   3   1.6e-16   2.7e-14   51.1   0.0   273   378   560   668   550   689 0.85 ACNH67_005174
ACNH67_003764-T1     -           1625 47873                -            411   5.1e-48  162.2   0.7   1   3     6e-09     1e-06   26.2   0.0    19    75    11    67     1    74 0.88 ACNH67_003764
ACNH67_003764-T1     -           1625 47873                -            411   5.1e-48  162.2   0.7   2   3   2.3e-16     4e-14   50.6   0.2    79   205    93   247    88   257 0.73 ACNH67_003764
ACNH67_003764-T1     -           1625 47873                -            411   5.1e-48  162.2   0.7   3   3   6.7e-25   1.1e-22   78.7   0.0   239   377   592   734   583   749 0.85 ACNH67_003764
ACNH67_003408-T1     -            846 47873                -            411   1.3e-47  160.9   0.0   1   3   1.2e-27   2.1e-25   87.7   0.0    27   218    27   271     4   282 0.72 ACNH67_003408
ACNH67_003408-T1     -            846 47873                -            411   1.3e-47  160.9   0.0   2   3   0.00038     0.065   10.3   0.0   223   281   313   371   306   387 0.87 ACNH67_003408
ACNH67_003408-T1     -            846 47873                -            411   1.3e-47  160.9   0.0   3   3   4.2e-17   7.2e-15   53.0   0.0   281   355   409   489   386   517 0.83 ACNH67_003408
ACNH67_000490-T1     -            401 47873                -            411   7.8e-47  158.3   0.0   1   1   6.2e-49   1.1e-46  157.9   0.0    14   235   125   350   120   381 0.84 ACNH67_000490
ACNH67_004375-T1     -            229 47873                -            411   4.7e-46  155.7   0.1   1   1   3.2e-48   5.5e-46  155.5   0.1   159   377     1   221     1   227 0.97 ACNH67_004375
ACNH67_001597-T1     -            490 47873                -            411   1.7e-39  134.1   2.4   1   1   1.2e-40     2e-38  130.6   2.4     5   377    68   471    64   488 0.82 ACNH67_001597
ACNH67_000779-T1     -            607 47873                -            411   5.6e-29   99.5   1.9   1   3   2.4e-16   4.2e-14   50.5   0.0    20   187    51   240    34   297 0.71 ACNH67_000779
ACNH67_000779-T1     -            607 47873                -            411   5.6e-29   99.5   1.9   2   3   2.7e-06   0.00047   17.4   0.1   231   310   328   410   300   414 0.75 ACNH67_000779
ACNH67_000779-T1     -            607 47873                -            411   5.6e-29   99.5   1.9   3   3   3.1e-09   5.4e-07   27.1   0.0   312   367   448   508   441   550 0.78 ACNH67_000779
ACNH67_004331-T1     -            690 47873                -            411   1.6e-27   94.7   0.2   1   2   2.7e-07   4.7e-05   20.7   0.0    84   182     8   128     4   137 0.66 ACNH67_004331
ACNH67_004331-T1     -            690 47873                -            411   1.6e-27   94.7   0.2   2   2   4.2e-22   7.2e-20   69.5   0.1   191   345   190   352   184   363 0.81 ACNH67_004331
ACNH67_004374-T1     -            167 47873                -            411   5.3e-27   93.0   0.1   1   1   3.8e-29   6.5e-27   92.7   0.1    12   144    25   157    17   163 0.96 ACNH67_004374
ACNH67_000489-T1     -            616 47873                -            411   6.2e-25   86.2   0.1   1   1   4.9e-27   8.3e-25   85.7   0.1   280   357     3    81     1    94 0.95 ACNH67_000489
ACNH67_003944-T1     -           1814 47873                -            411     2e-05   21.9   0.1   1   1   2.1e-07   3.6e-05   21.1   0.1   279   374   935  1036   897  1073 0.72 ACNH67_003944
ACNH67_000681-T1     -           2074 47873                -            411   0.00018   18.8   0.0   1   1     2e-06   0.00034   17.9   0.0    35   185  1047  1200  1041  1245 0.77 ACNH67_000681
ACNH67_003550-T1     -           1888 47873                -            411   0.00019   18.7   0.1   1   1   1.9e-06   0.00032   18.0   0.1   252   367  1063  1178  1042  1196 0.75 ACNH67_003550
ACNH67_004064-T1     -           1659 47873                -            411    0.0026   14.9   0.0   1   1   2.5e-05    0.0042   14.3   0.0   253   328  1508  1585  1489  1631 0.81 ACNH67_004064
ACNH67_002880-T1     -           1241 47873                -            411    0.0037   14.4   0.1   1   2   5.7e-05    0.0098   13.1   0.0    40   104   267   330   262   370 0.87 ACNH67_002880
ACNH67_002880-T1     -           1241 47873                -            411    0.0037   14.4   0.1   2   2         3   5.1e+02   -2.5   0.1   273   327   622   676   593   682 0.72 ACNH67_002880
ACNH67_000124-T1     -           1224 47873                -            411     0.023   11.8   0.1   1   2       2.5   4.4e+02   -2.3   0.0   319   339   743   763   731   766 0.84 ACNH67_000124
ACNH67_000124-T1     -           1224 47873                -            411     0.023   11.8   0.1   2   2   0.00044     0.075   10.1   0.0   252   346   843   941   819  1004 0.73 ACNH67_000124
#
# Program:         hmmsearch
# Version:         3.1b2 (February 2015)
# Pipeline mode:   SEARCH
# Query file:      /home/edouard/GregarineStuff/Lgryllorum_Genome_analysis/Funannotate/Run_v3/species_train/annotate_results/busco_downloads/lineages/apicomplexa_odb12/hmms/47873at5794.hmm
# Target file:     /home/edouard/GregarineStuff/Lgryllorum_Genome_analysis/Funannotate/Run_v3/species_train/annotate_results/Leidyana_gryllorum.proteins.fa
# Option settings: hmmsearch --domtblout /home/edouard/GregarineStuff/Lgryllorum_Genome_analysis/Funannotate/Run_v3/species_train/annotate_results/busco/run_apicomplexa_odb12/hmmer_output/initial_run_results/47873at5794.out --cpu 1 /home/edouard/GregarineStuff/Lgryllorum_Genome_analysis/Funannotate/Run_v3/species_train/annotate_results/busco_downloads/lineages/apicomplexa_odb12/hmms/47873at5794.hmm /home/edouard/GregarineStuff/Lgryllorum_Genome_analysis/Funannotate/Run_v3/species_train/annotate_results/Leidyana_gryllorum.proteins.fa 
# Current dir:     /home/edouard/GregarineStuff/Lgryllorum_Genome_analysis/Funannotate/Run_v3/species_train/annotate_results
# Date:            Tue Apr  1 17:38:25 2025
# [ok]
