#                                                                            --- full sequence --- -------------- this domain -------------   hmm coord   ali coord   env coord
# target name        accession   tlen query name           accession   qlen   E-value  score  bias   #  of  c-Evalue  i-Evalue  score  bias  from    to  from    to  from    to  acc description of target
#------------------- ---------- ----- -------------------- ---------- ----- --------- ------ ----- --- --- --------- --------- ------ ----- ----- ----- ----- ----- ----- ----- ---- ---------------------
ACNH67_001408-T1     -            960 48601                -            765   1.3e-89  299.6   8.2   1   4      0.19        20    1.3   0.0   352   385   148   181   144   190 0.74 ACNH67_001408
ACNH67_001408-T1     -            960 48601                -            765   1.3e-89  299.6   8.2   2   4     5e-17   5.4e-15   52.8   0.3   114   197   193   280   187   321 0.86 ACNH67_001408
ACNH67_001408-T1     -            960 48601                -            765   1.3e-89  299.6   8.2   3   4   2.1e-05    0.0022   14.4   0.0   228   295   380   461   341   474 0.70 ACNH67_001408
ACNH67_001408-T1     -            960 48601                -            765   1.3e-89  299.6   8.2   4   4   2.7e-71   2.9e-69  232.3   0.5   359   759   542   957   529   959 0.90 ACNH67_001408
ACNH67_001323-T1     -            521 48601                -            765   2.5e-44  149.8   4.6   1   6     5e-12   5.3e-10   36.3   0.0   345   401   125   181   114   183 0.95 ACNH67_001323
ACNH67_001323-T1     -            521 48601                -            765   2.5e-44  149.8   4.6   2   6   8.4e-10     9e-08   28.9   0.0   450   504   171   232   171   235 0.84 ACNH67_001323
ACNH67_001323-T1     -            521 48601                -            765   2.5e-44  149.8   4.6   3   6   2.5e-07   2.7e-05   20.8   0.1   359   424   239   312   234   313 0.83 ACNH67_001323
ACNH67_001323-T1     -            521 48601                -            765   2.5e-44  149.8   4.6   4   6    0.0019       0.2    7.9   0.0   363   402   296   335   292   339 0.89 ACNH67_001323
ACNH67_001323-T1     -            521 48601                -            765   2.5e-44  149.8   4.6   5   6   3.8e-17     4e-15   53.2   0.8   466   560   378   476   374   482 0.91 ACNH67_001323
ACNH67_001323-T1     -            521 48601                -            765   2.5e-44  149.8   4.6   6   6    0.0006     0.064    9.6   0.0   344   378   486   520   479   521 0.92 ACNH67_001323
ACNH67_005283-T1     -           1266 48601                -            765   9.9e-32  108.2   0.0   1   4   2.8e-08   2.9e-06   23.9   0.0   328   400   278   349   264   356 0.88 ACNH67_005283
ACNH67_005283-T1     -           1266 48601                -            765   9.9e-32  108.2   0.0   2   4   7.3e-06   0.00078   15.9   0.0   364   424   369   427   365   444 0.73 ACNH67_005283
ACNH67_005283-T1     -           1266 48601                -            765   9.9e-32  108.2   0.0   3   4   1.2e-19   1.3e-17   61.5   0.0   362   570   788   993   781   995 0.90 ACNH67_005283
ACNH67_005283-T1     -           1266 48601                -            765   9.9e-32  108.2   0.0   4   4       0.3        32    0.6   0.0   462   480  1012  1030  1004  1049 0.68 ACNH67_005283
ACNH67_003156-T1     -            490 48601                -            765   1.5e-30  104.3   0.6   1   5   8.2e-16   8.7e-14   48.8   0.0   346   428   169   248   162   253 0.94 ACNH67_003156
ACNH67_003156-T1     -            490 48601                -            765   1.5e-30  104.3   0.6   2   5   7.7e-07   8.2e-05   19.1   0.0   347   401   254   308   248   313 0.80 ACNH67_003156
ACNH67_003156-T1     -            490 48601                -            765   1.5e-30  104.3   0.6   3   5   6.2e-10   6.7e-08   29.4   0.1   348   425   297   370   295   389 0.86 ACNH67_003156
ACNH67_003156-T1     -            490 48601                -            765   1.5e-30  104.3   0.6   4   5      0.13        14    1.8   0.0   221   260   384   423   380   428 0.82 ACNH67_003156
ACNH67_003156-T1     -            490 48601                -            765   1.5e-30  104.3   0.6   5   5     0.013       1.4    5.1   0.0   345   378   429   462   418   467 0.80 ACNH67_003156
ACNH67_003831-T1     -           1286 48601                -            765   2.5e-29  100.2   3.5   1   4   5.3e-06   0.00057   16.4   0.0   331   402     6    76     2    79 0.87 ACNH67_003831
ACNH67_003831-T1     -           1286 48601                -            765   2.5e-29  100.2   3.5   2   4   4.1e-13   4.4e-11   39.9   0.1   443   522    58   138    56   145 0.92 ACNH67_003831
ACNH67_003831-T1     -           1286 48601                -            765   2.5e-29  100.2   3.5   3   4   6.3e-15   6.8e-13   45.9   0.3   443   522   173   255   159   264 0.91 ACNH67_003831
ACNH67_003831-T1     -           1286 48601                -            765   2.5e-29  100.2   3.5   4   4      0.37        39    0.4   0.0   643   684  1075  1116  1069  1119 0.88 ACNH67_003831
ACNH67_002641-T1     -            638 48601                -            765   9.5e-27   91.7   0.0   1   3     0.024       2.5    4.3   0.0   345   385   317   357   302   369 0.78 ACNH67_002641
ACNH67_002641-T1     -            638 48601                -            765   9.5e-27   91.7   0.0   2   3     4e-20   4.3e-18   63.1   0.0   448   581   424   561   409   574 0.91 ACNH67_002641
ACNH67_002641-T1     -            638 48601                -            765   9.5e-27   91.7   0.0   3   3   1.2e-11   1.3e-09   35.1   0.0   465   559   526   624   526   629 0.89 ACNH67_002641
ACNH67_004652-T1     -            353 48601                -            765   9.4e-23   78.5   2.3   1   3   2.1e-13   2.2e-11   40.9   0.2   389   520    12   144     3   149 0.82 ACNH67_004652
ACNH67_004652-T1     -            353 48601                -            765   9.4e-23   78.5   2.3   2   3   1.9e-08     2e-06   24.5   0.0   347   427   200   275   196   290 0.80 ACNH67_004652
ACNH67_004652-T1     -            353 48601                -            765   9.4e-23   78.5   2.3   3   3       1.3   1.3e+02   -1.4   0.0   355   381   326   352   318   353 0.72 ACNH67_004652
ACNH67_004094-T1     -           1385 48601                -            765   2.9e-20   70.2   0.1   1   3   1.2e-05    0.0012   15.2   0.0   450   519   518   590   503   595 0.84 ACNH67_004094
ACNH67_004094-T1     -           1385 48601                -            765   2.9e-20   70.2   0.1   2   3   3.8e-16     4e-14   49.9   0.0   361   521   811   966   808   968 0.85 ACNH67_004094
ACNH67_004094-T1     -           1385 48601                -            765   2.9e-20   70.2   0.1   3   3       1.6   1.7e+02   -1.8   0.0   619   650  1228  1259  1224  1265 0.81 ACNH67_004094
ACNH67_004370-T1     -            954 48601                -            765   8.8e-20   68.6   0.2   1   2      0.02       2.2    4.5   0.0   344   424     9    86     4    94 0.87 ACNH67_004370
ACNH67_004370-T1     -            954 48601                -            765   8.8e-20   68.6   0.2   2   2   1.2e-19   1.3e-17   61.5   0.0   346   524    95   270    88   276 0.91 ACNH67_004370
ACNH67_000155-T1     -            566 48601                -            765   7.6e-19   65.5   2.8   1   3   1.6e-12   1.8e-10   37.9   0.6   443   530   267   357   258   368 0.63 ACNH67_000155
ACNH67_000155-T1     -            566 48601                -            765   7.6e-19   65.5   2.8   2   3   3.7e-06    0.0004   16.9   0.1   123   185   376   434   373   445 0.91 ACNH67_000155
ACNH67_000155-T1     -            566 48601                -            765   7.6e-19   65.5   2.8   3   3   0.00089     0.095    9.0   0.0   359   423   504   566   501   566 0.86 ACNH67_000155
ACNH67_003255-T1     -            761 48601                -            765   8.9e-19   65.3   3.2   1   6     0.013       1.4    5.1   0.0   345   379    59    93    45   104 0.88 ACNH67_003255
ACNH67_003255-T1     -            761 48601                -            765   8.9e-19   65.3   3.2   2   6   0.00024     0.025   10.9   0.0   456   513   115   177   111   182 0.80 ACNH67_003255
ACNH67_003255-T1     -            761 48601                -            765   8.9e-19   65.3   3.2   3   6   1.2e-06   0.00013   18.5   0.0   343   422   192   269   179   269 0.86 ACNH67_003255
ACNH67_003255-T1     -            761 48601                -            765   8.9e-19   65.3   3.2   4   6    0.0019       0.2    7.9   0.0   456   489   247   280   237   282 0.88 ACNH67_003255
ACNH67_003255-T1     -            761 48601                -            765   8.9e-19   65.3   3.2   5   6      0.57        61   -0.3   0.0   540   565   439   464   402   508 0.72 ACNH67_003255
ACNH67_003255-T1     -            761 48601                -            765   8.9e-19   65.3   3.2   6   6   3.2e-07   3.4e-05   20.4   0.3   449   561   636   752   627   755 0.86 ACNH67_003255
ACNH67_001061-T1     -            496 48601                -            765   1.2e-16   58.3   0.1   1   1   2.8e-18     3e-16   57.0   0.1   410   614   220   440   191   475 0.79 ACNH67_001061
ACNH67_001454-T1     -            807 48601                -            765   4.7e-16   56.3   0.0   1   4      0.11        12    2.1   0.0   353   383   134   164   124   171 0.90 ACNH67_001454
ACNH67_001454-T1     -            807 48601                -            765   4.7e-16   56.3   0.0   2   4   2.3e-06   0.00024   17.6   0.0   360   403   191   236   179   238 0.87 ACNH67_001454
ACNH67_001454-T1     -            807 48601                -            765   4.7e-16   56.3   0.0   3   4   1.9e-10   2.1e-08   31.0   0.1   348   445   223   314   223   320 0.88 ACNH67_001454
ACNH67_001454-T1     -            807 48601                -            765   4.7e-16   56.3   0.0   4   4    0.0025      0.27    7.5   0.0   365   431   321   389   310   398 0.82 ACNH67_001454
ACNH67_002121-T1     -           1538 48601                -            765   6.2e-15   52.6   1.4   1   5   5.4e-06   0.00058   16.3   0.0   360   400   461   501   449   508 0.85 ACNH67_002121
ACNH67_002121-T1     -           1538 48601                -            765   6.2e-15   52.6   1.4   2   5      0.22        24    1.1   0.0   361   382   536   557   506   576 0.70 ACNH67_002121
ACNH67_002121-T1     -           1538 48601                -            765   6.2e-15   52.6   1.4   3   5   0.00073     0.078    9.3   0.0   305   404   777   874   763   883 0.82 ACNH67_002121
ACNH67_002121-T1     -           1538 48601                -            765   6.2e-15   52.6   1.4   4   5   8.4e-06    0.0009   15.7   0.1   545   593   902   950   897   959 0.67 ACNH67_002121
ACNH67_002121-T1     -           1538 48601                -            765   6.2e-15   52.6   1.4   5   5     0.038       4.1    3.6   0.0   160   194   989  1023   984  1033 0.76 ACNH67_002121
ACNH67_003323-T1     -           1057 48601                -            765   6.8e-15   52.5   0.0   1   3   3.1e-09   3.3e-07   27.1   0.0   344   433    60   148    47   155 0.86 ACNH67_003323
ACNH67_003323-T1     -           1057 48601                -            765   6.8e-15   52.5   0.0   2   3    0.0072      0.76    6.0   0.0   321   479   281   338   229   344 0.50 ACNH67_003323
ACNH67_003323-T1     -           1057 48601                -            765   6.8e-15   52.5   0.0   3   3     2e-06   0.00021   17.8   0.0   328   385   331   388   331   409 0.84 ACNH67_003323
ACNH67_000131-T1     -            297 48601                -            765   1.8e-13   47.8   0.0   1   2   5.3e-05    0.0057   13.1   0.0   361   398     8    45     2    54 0.86 ACNH67_000131
ACNH67_000131-T1     -            297 48601                -            765   1.8e-13   47.8   0.0   2   2   1.2e-10   1.2e-08   31.8   0.0   363   520   128   292   120   296 0.82 ACNH67_000131
ACNH67_001808-T1     -            441 48601                -            765   8.1e-13   45.6   0.0   1   2    0.0016      0.18    8.1   0.0   169   250   191   266   183   272 0.84 ACNH67_001808
ACNH67_001808-T1     -            441 48601                -            765   8.1e-13   45.6   0.0   2   2   9.2e-12   9.9e-10   35.4   0.0   364   481   299   415   289   422 0.92 ACNH67_001808
ACNH67_004196-T1     -            656 48601                -            765   1.4e-12   44.8   0.3   1   3   1.4e-13   1.5e-11   41.4   0.1   449   529    79   170    36   216 0.83 ACNH67_004196
ACNH67_004196-T1     -            656 48601                -            765   1.4e-12   44.8   0.3   2   3      0.35        37    0.4   0.0   176   196   246   266   181   279 0.55 ACNH67_004196
ACNH67_004196-T1     -            656 48601                -            765   1.4e-12   44.8   0.3   3   3      0.62        66   -0.4   0.0   551   568   245   263   232   298 0.77 ACNH67_004196
ACNH67_003547-T1     -            160 48601                -            765   1.4e-11   41.5   1.3   1   2   3.3e-06   0.00035   17.0   0.2   521   562     8    52     7    62 0.86 ACNH67_003547
ACNH67_003547-T1     -            160 48601                -            765   1.4e-11   41.5   1.3   2   2   7.9e-09   8.5e-07   25.7   0.1   336   425    51   139    50   157 0.88 ACNH67_003547
ACNH67_001215-T1     -            442 48601                -            765   2.6e-11   40.6   2.3   1   2   5.3e-06   0.00057   16.4   0.2   488   530   155   198   143   212 0.84 ACNH67_001215
ACNH67_001215-T1     -            442 48601                -            765   2.6e-11   40.6   2.3   2   2   2.5e-08   2.6e-06   24.1   0.1   322   519   217   420   208   431 0.74 ACNH67_001215
ACNH67_002822-T1     -            388 48601                -            765   6.4e-11   39.3   0.0   1   4   1.8e-05    0.0019   14.6   0.0   436   502    56   126    45   131 0.75 ACNH67_002822
ACNH67_002822-T1     -            388 48601                -            765   6.4e-11   39.3   0.0   2   4   8.4e-06    0.0009   15.7   0.2   445   515   111   194   105   199 0.80 ACNH67_002822
ACNH67_002822-T1     -            388 48601                -            765   6.4e-11   39.3   0.0   3   4   0.00013     0.013   11.8   0.1   465   515   136   194   133   252 0.83 ACNH67_002822
ACNH67_002822-T1     -            388 48601                -            765   6.4e-11   39.3   0.0   4   4     0.003      0.32    7.3   0.0   393   482   300   386   292   388 0.67 ACNH67_002822
ACNH67_002774-T1     -           1020 48601                -            765   7.2e-11   39.2   0.0   1   2    0.0048      0.51    6.6   0.0   350   443    75   171    45   177 0.78 ACNH67_002774
ACNH67_002774-T1     -           1020 48601                -            765   7.2e-11   39.2   0.0   2   2     3e-10   3.2e-08   30.4   0.1   450   523   208   279   191   293 0.83 ACNH67_002774
ACNH67_004486-T1     -            363 48601                -            765   9.7e-11   38.7   0.0   1   2   3.1e-06   0.00034   17.1   0.0   346   385     9    48     3    54 0.90 ACNH67_004486
ACNH67_004486-T1     -            363 48601                -            765   9.7e-11   38.7   0.0   2   2   6.8e-07   7.2e-05   19.3   0.0   345   391   212   258   158   270 0.85 ACNH67_004486
ACNH67_003819-T1     -            843 48601                -            765   1.1e-10   38.6   0.1   1   2   5.6e-12   5.9e-10   36.1   0.2   408   593    28   212     4   223 0.76 ACNH67_003819
ACNH67_003819-T1     -            843 48601                -            765   1.1e-10   38.6   0.1   2   2       3.2   3.5e+02   -2.8   0.0   410   431   317   338   252   356 0.66 ACNH67_003819
ACNH67_003296-T1     -            565 48601                -            765   3.4e-10   36.9   1.9   1   4    0.0011      0.12    8.7   0.0   350   427   110   186   101   194 0.85 ACNH67_003296
ACNH67_003296-T1     -            565 48601                -            765   3.4e-10   36.9   1.9   2   4   8.5e-06   0.00091   15.7   0.1   350   426   245   320   236   326 0.80 ACNH67_003296
ACNH67_003296-T1     -            565 48601                -            765   3.4e-10   36.9   1.9   3   4      0.12        13    1.9   0.0   345   379   330   364   320   386 0.83 ACNH67_003296
ACNH67_003296-T1     -            565 48601                -            765   3.4e-10   36.9   1.9   4   4      0.36        38    0.4   0.0   622   683   430   491   424   495 0.90 ACNH67_003296
ACNH67_000829-T1     -            430 48601                -            765   5.5e-09   32.9   0.4   1   3   0.00016     0.017   11.5   0.0   334   379    83   128    67   133 0.84 ACNH67_000829
ACNH67_000829-T1     -            430 48601                -            765   5.5e-09   32.9   0.4   2   3   0.00017     0.018   11.4   0.1   453   526   150   231   147   234 0.81 ACNH67_000829
ACNH67_000829-T1     -            430 48601                -            765   5.5e-09   32.9   0.4   3   3      0.14        15    1.7   0.0   353   401   256   304   252   321 0.85 ACNH67_000829
ACNH67_002373-T1     -            845 48601                -            765   3.7e-08   30.2   0.0   1   3   2.5e-07   2.6e-05   20.8   0.0   345   426   476   561   468   569 0.71 ACNH67_002373
ACNH67_002373-T1     -            845 48601                -            765   3.7e-08   30.2   0.0   2   3     0.014       1.5    5.0   0.0   341   388   625   672   618   711 0.86 ACNH67_002373
ACNH67_002373-T1     -            845 48601                -            765   3.7e-08   30.2   0.0   3   3      0.86        92   -0.9   0.0   319   379   697   755   685   761 0.72 ACNH67_002373
ACNH67_001006-T1     -            849 48601                -            765   3.7e-08   30.2   0.1   1   5      0.98     1e+02   -1.1   0.0    85   108    25    48    20    59 0.80 ACNH67_001006
ACNH67_001006-T1     -            849 48601                -            765   3.7e-08   30.2   0.1   2   5    0.0013      0.14    8.5   0.0   362   427    80   146    77   158 0.78 ACNH67_001006
ACNH67_001006-T1     -            849 48601                -            765   3.7e-08   30.2   0.1   3   5   1.5e-05    0.0016   14.9   0.0   115   177   280   342   273   346 0.93 ACNH67_001006
ACNH67_001006-T1     -            849 48601                -            765   3.7e-08   30.2   0.1   4   5       1.9     2e+02   -2.0   0.1    94   112   386   404   382   410 0.87 ACNH67_001006
ACNH67_001006-T1     -            849 48601                -            765   3.7e-08   30.2   0.1   5   5      0.43        46    0.1   0.0   401   438   533   569   522   598 0.71 ACNH67_001006
ACNH67_005054-T1     -            865 48601                -            765   8.2e-08   29.1   0.0   1   1   1.2e-09   1.3e-07   28.4   0.0   344   424   279   359   263   367 0.89 ACNH67_005054
ACNH67_005513-T1     -           1050 48601                -            765   1.9e-07   27.9   0.0   1   4      0.72        77   -0.6   0.0   548   569   795   816   789   821 0.71 ACNH67_005513
ACNH67_005513-T1     -           1050 48601                -            765   1.9e-07   27.9   0.0   2   4     1e-07   1.1e-05   22.0   0.0   346   425   816   892   799   900 0.89 ACNH67_005513
ACNH67_005513-T1     -           1050 48601                -            765   1.9e-07   27.9   0.0   3   4      0.48        52   -0.0   0.0   223   260   906   943   897   945 0.84 ACNH67_005513
ACNH67_005513-T1     -           1050 48601                -            765   1.9e-07   27.9   0.0   4   4     0.091       9.7    2.4   0.0   366   449   920  1002   908  1016 0.59 ACNH67_005513
ACNH67_001450-T1     -            491 48601                -            765     2e-07   27.8   0.0   1   2   0.00064     0.068    9.5   0.0   349   382    87   120    83   130 0.91 ACNH67_001450
ACNH67_001450-T1     -            491 48601                -            765     2e-07   27.8   0.0   2   2   8.4e-06   0.00089   15.7   0.0   387   480   184   277   176   285 0.84 ACNH67_001450
ACNH67_004907-T1     -            362 48601                -            765     3e-07   27.2   0.0   1   4      0.07       7.4    2.7   0.0   394   429    12    46     5    62 0.79 ACNH67_004907
ACNH67_004907-T1     -            362 48601                -            765     3e-07   27.2   0.0   2   4   2.2e-05    0.0023   14.3   0.0   347   392    91   136    74   149 0.82 ACNH67_004907
ACNH67_004907-T1     -            362 48601                -            765     3e-07   27.2   0.0   3   4       1.2   1.3e+02   -1.3   0.0   124   144   152   172   136   180 0.77 ACNH67_004907
ACNH67_004907-T1     -            362 48601                -            765     3e-07   27.2   0.0   4   4     0.016       1.8    4.8   0.0   352   405   267   321   250   331 0.76 ACNH67_004907
ACNH67_005169-T1     -            638 48601                -            765   6.8e-07   26.0   1.8   1   3      0.83        89   -0.8   0.0   170   185    66    81    44   100 0.60 ACNH67_005169
ACNH67_005169-T1     -            638 48601                -            765   6.8e-07   26.0   1.8   2   3   9.6e-08     1e-05   22.1   0.1   529   583   281   336   280   374 0.78 ACNH67_005169
ACNH67_005169-T1     -            638 48601                -            765   6.8e-07   26.0   1.8   3   3      0.11        12    2.1   0.1   335   388   360   411   337   416 0.81 ACNH67_005169
ACNH67_005089-T1     -            618 48601                -            765   7.4e-07   25.9   0.1   1   1   1.6e-08   1.7e-06   24.7   0.1   318   389   283   354   254   360 0.72 ACNH67_005089
ACNH67_004756-T1     -            986 48601                -            765   1.1e-06   25.3   1.0   1   2   6.3e-08   6.7e-06   22.7   0.1   437   502   212   281   200   287 0.78 ACNH67_004756
ACNH67_004756-T1     -            986 48601                -            765   1.1e-06   25.3   1.0   2   2      0.34        36    0.5   0.1   358   401   931   974   907   983 0.79 ACNH67_004756
ACNH67_004183-T1     -            952 48601                -            765   1.4e-06   25.0   0.0   1   2    0.0053      0.56    6.4   0.0   351   403    93   147    71   164 0.57 ACNH67_004183
ACNH67_004183-T1     -            952 48601                -            765   1.4e-06   25.0   0.0   2   2   8.8e-06   0.00094   15.6   0.0   346   476   184   310   161   315 0.81 ACNH67_004183
ACNH67_005180-T1     -            581 48601                -            765   1.4e-05   21.7   0.0   1   1     2e-07   2.1e-05   21.1   0.0   354   447   229   329   194   333 0.81 ACNH67_005180
ACNH67_001948-T1     -            667 48601                -            765     2e-05   21.1   0.1   1   2       8.3   8.8e+02   -4.1   0.0   453   475    29    50    27    56 0.73 ACNH67_001948
ACNH67_001948-T1     -            667 48601                -            765     2e-05   21.1   0.1   2   2   3.6e-07   3.8e-05   20.2   0.0   344   391   191   238   156   246 0.79 ACNH67_001948
ACNH67_005480-T1     -           1211 48601                -            765   2.4e-05   20.9   0.2   1   1   3.5e-07   3.7e-05   20.3   0.2   439   515   874   949   845   952 0.86 ACNH67_005480
ACNH67_000780-T1     -            335 48601                -            765   3.4e-05   20.4   0.0   1   2   0.00011     0.011   12.1   0.0   532   598    91   160    78   174 0.73 ACNH67_000780
ACNH67_000780-T1     -            335 48601                -            765   3.4e-05   20.4   0.0   2   2    0.0087      0.93    5.7   0.0   349   485   177   310   165   313 0.73 ACNH67_000780
ACNH67_005019-T1     -            391 48601                -            765   0.00022   17.7   0.1   1   3      0.36        39    0.4   0.0   408   432    42    66    34    74 0.60 ACNH67_005019
ACNH67_005019-T1     -            391 48601                -            765   0.00022   17.7   0.1   2   3   6.7e-05    0.0072   12.7   0.2   313   423    96   200    82   206 0.82 ACNH67_005019
ACNH67_005019-T1     -            391 48601                -            765   0.00022   17.7   0.1   3   3      0.42        45    0.1   0.0   352   397   289   334   240   341 0.73 ACNH67_005019
ACNH67_004557-T1     -            555 48601                -            765   0.00025   17.5   0.0   1   3     0.062       6.7    2.9   0.0   351   383   249   281   240   289 0.86 ACNH67_004557
ACNH67_004557-T1     -            555 48601                -            765   0.00025   17.5   0.0   2   3   0.00017     0.018   11.4   0.0   124   175   318   366   307   385 0.72 ACNH67_004557
ACNH67_004557-T1     -            555 48601                -            765   0.00025   17.5   0.0   3   3       4.2   4.5e+02   -3.2   0.0   349   389   482   522   449   527 0.58 ACNH67_004557
ACNH67_001763-T1     -            450 48601                -            765   0.00036   17.0   0.9   1   2   0.00018     0.019   11.3   0.0   148   184   267   303   201   319 0.82 ACNH67_001763
ACNH67_001763-T1     -            450 48601                -            765   0.00036   17.0   0.9   2   2     0.062       6.7    2.9   0.5   361   406   329   371   314   394 0.61 ACNH67_001763
ACNH67_005088-T1     -            673 48601                -            765   0.00037   17.0   0.0   1   2      0.14        15    1.8   0.0   387   435   147   195   140   226 0.83 ACNH67_005088
ACNH67_005088-T1     -            673 48601                -            765   0.00037   17.0   0.0   2   2     6e-05    0.0064   12.9   0.0   347   398   284   335   230   357 0.65 ACNH67_005088
ACNH67_004555-T1     -            472 48601                -            765   0.00052   16.5   0.0   1   3         6   6.4e+02   -3.6   0.0   126   140    84    98    76   104 0.72 ACNH67_004555
ACNH67_004555-T1     -            472 48601                -            765   0.00052   16.5   0.0   2   3     0.042       4.4    3.5   0.0   342   381   135   174   121   197 0.87 ACNH67_004555
ACNH67_004555-T1     -            472 48601                -            765   0.00052   16.5   0.0   3   3    0.0004     0.043   10.1   0.0   123   186   201   269   197   275 0.72 ACNH67_004555
ACNH67_001222-T1     -            444 48601                -            765   0.00069   16.1   0.2   1   2   2.2e-05    0.0023   14.3   0.1   364   430   233   297   165   312 0.75 ACNH67_001222
ACNH67_001222-T1     -            444 48601                -            765   0.00069   16.1   0.2   2   2         1   1.1e+02   -1.2   0.0   548   564   370   387   360   431 0.62 ACNH67_001222
ACNH67_003729-T1     -            288 48601                -            765    0.0016   14.9   0.0   1   3     0.059       6.3    3.0   0.0   344   401    16    79     2    92 0.79 ACNH67_003729
ACNH67_003729-T1     -            288 48601                -            765    0.0016   14.9   0.0   2   3      0.32        34    0.6   0.0   265   286   160   181   142   190 0.67 ACNH67_003729
ACNH67_003729-T1     -            288 48601                -            765    0.0016   14.9   0.0   3   3    0.0033      0.35    7.1   0.2   146   189   191   234   188   241 0.90 ACNH67_003729
ACNH67_000423-T1     -            216 48601                -            765    0.0019   14.6   0.0   1   1   8.9e-05    0.0095   12.3   0.0   482   581    43   148    19   168 0.62 ACNH67_000423
ACNH67_001778-T1     -            572 48601                -            765    0.0022   14.4   0.0   1   3    0.0049      0.53    6.5   0.0   124   161   231   268   227   283 0.71 ACNH67_001778
ACNH67_001778-T1     -            572 48601                -            765    0.0022   14.4   0.0   2   3       1.3   1.4e+02   -1.5   0.0   231   248   295   312   275   321 0.73 ACNH67_001778
ACNH67_001778-T1     -            572 48601                -            765    0.0022   14.4   0.0   3   3     0.034       3.6    3.8   0.0   230   300   460   535   453   545 0.66 ACNH67_001778
ACNH67_004666-T1     -            620 48601                -            765    0.0058   13.0   0.1   1   3    0.0024      0.26    7.6   0.0   328   429   297   402   285   415 0.63 ACNH67_004666
ACNH67_004666-T1     -            620 48601                -            765    0.0058   13.0   0.1   2   3         2   2.1e+02   -2.1   0.0   542   568   443   469   432   472 0.72 ACNH67_004666
ACNH67_004666-T1     -            620 48601                -            765    0.0058   13.0   0.1   3   3     0.088       9.4    2.4   0.0   336   430   472   571   464   590 0.72 ACNH67_004666
ACNH67_004093-T1     -            518 48601                -            765    0.0059   13.0   0.0   1   1   8.3e-05    0.0089   12.4   0.0   122   194   247   321   227   338 0.81 ACNH67_004093
ACNH67_003904-T1     -            389 48601                -            765     0.006   13.0   0.1   1   3         2   2.2e+02   -2.1   0.0   355   389    68   100    19   136 0.69 ACNH67_003904
ACNH67_003904-T1     -            389 48601                -            765     0.006   13.0   0.1   2   3      0.88        94   -0.9   0.0   123   140   189   206   177   210 0.59 ACNH67_003904
ACNH67_003904-T1     -            389 48601                -            765     0.006   13.0   0.1   3   3   0.00039     0.042   10.2   0.0   571   615   340   385   312   388 0.86 ACNH67_003904
ACNH67_003284-T1     -           1082 48601                -            765    0.0079   12.6   0.6   1   4       1.1   1.2e+02   -1.3   0.0   125   158    57    90    53   100 0.76 ACNH67_003284
ACNH67_003284-T1     -           1082 48601                -            765    0.0079   12.6   0.6   2   4     0.074       7.9    2.7   0.0   231   260   181   210   166   219 0.77 ACNH67_003284
ACNH67_003284-T1     -           1082 48601                -            765    0.0079   12.6   0.6   3   4    0.0075       0.8    5.9   0.0   155   187   261   293   258   300 0.86 ACNH67_003284
ACNH67_003284-T1     -           1082 48601                -            765    0.0079   12.6   0.6   4   4       2.7   2.9e+02   -2.5   0.0   125   149   473   497   453   595 0.59 ACNH67_003284
#
# Program:         hmmsearch
# Version:         3.1b2 (February 2015)
# Pipeline mode:   SEARCH
# Query file:      /home/edouard/GregarineStuff/Lgryllorum_Genome_analysis/Funannotate/Run_v3/species_train/annotate_results/busco_downloads/lineages/apicomplexa_odb12/hmms/48601at5794.hmm
# Target file:     /home/edouard/GregarineStuff/Lgryllorum_Genome_analysis/Funannotate/Run_v3/species_train/annotate_results/Leidyana_gryllorum.proteins.fa
# Option settings: hmmsearch --domtblout /home/edouard/GregarineStuff/Lgryllorum_Genome_analysis/Funannotate/Run_v3/species_train/annotate_results/busco/run_apicomplexa_odb12/hmmer_output/initial_run_results/48601at5794.out --cpu 1 /home/edouard/GregarineStuff/Lgryllorum_Genome_analysis/Funannotate/Run_v3/species_train/annotate_results/busco_downloads/lineages/apicomplexa_odb12/hmms/48601at5794.hmm /home/edouard/GregarineStuff/Lgryllorum_Genome_analysis/Funannotate/Run_v3/species_train/annotate_results/Leidyana_gryllorum.proteins.fa 
# Current dir:     /home/edouard/GregarineStuff/Lgryllorum_Genome_analysis/Funannotate/Run_v3/species_train/annotate_results
# Date:            Tue Apr  1 17:38:27 2025
# [ok]
