#                                                                            --- full sequence --- -------------- this domain -------------   hmm coord   ali coord   env coord
# target name        accession   tlen query name           accession   qlen   E-value  score  bias   #  of  c-Evalue  i-Evalue  score  bias  from    to  from    to  from    to  acc description of target
#------------------- ---------- ----- -------------------- ---------- ----- --------- ------ ----- --- --- --------- --------- ------ ----- ----- ----- ----- ----- ----- ----- ---- ---------------------
ACNH67_000986-T1     -            524 48712                -            452  1.3e-105  352.1   1.0   1   2   1.1e-73     7e-71  237.6   0.0     1   174     3   181     3   243 0.89 ACNH67_000986
ACNH67_000986-T1     -            524 48712                -            452  1.3e-105  352.1   1.0   2   2   2.4e-35   1.5e-32  111.3   2.2   246   452   318   523   269   523 0.75 ACNH67_000986
ACNH67_001935-T1     -            214 48712                -            452   7.6e-52  174.8   0.0   1   1   1.4e-54   8.7e-52  174.7   0.0     2   168    41   214    40   214 0.92 ACNH67_001935
ACNH67_002230-T1     -            167 48712                -            452   7.3e-41  138.7   0.0   1   1   1.2e-43   7.9e-41  138.5   0.0     2   167     2   166     1   167 0.91 ACNH67_002230
ACNH67_003631-T1     -            173 48712                -            452   5.7e-27   92.8   0.0   1   1   1.2e-29   7.6e-27   92.4   0.0    16   164    25   168    20   170 0.93 ACNH67_003631
ACNH67_002123-T1     -            208 48712                -            452   2.4e-23   80.9   0.0   1   1   4.9e-26   3.1e-23   80.5   0.0    14   174    44   195    41   204 0.88 ACNH67_002123
ACNH67_002299-T1     -            495 48712                -            452   5.4e-22   76.5   0.2   1   2      0.19   1.2e+02   -0.5   0.4   244   279   234   269   196   298 0.60 ACNH67_002299
ACNH67_002299-T1     -            495 48712                -            452   5.4e-22   76.5   0.2   2   2   3.9e-24   2.4e-21   74.3   0.0    17   157   307   443   303   487 0.87 ACNH67_002299
ACNH67_005054-T1     -            865 48712                -            452   3.4e-21   73.8   0.0   1   1   8.3e-24   5.2e-21   73.2   0.0    16   162   713   853   709   863 0.89 ACNH67_005054
ACNH67_002495-T1     -            856 48712                -            452   2.3e-16   57.9   0.2   1   2   0.00017      0.11    9.5   0.1    16    59   432   467   425   480 0.81 ACNH67_002495
ACNH67_002495-T1     -            856 48712                -            452   2.3e-16   57.9   0.2   2   2   1.3e-15   7.9e-13   46.2   0.0    79   157   517   598   511   610 0.82 ACNH67_002495
ACNH67_000452-T1     -            493 48712                -            452   4.3e-09   33.9   0.0   1   2   6.9e-12   4.3e-09   33.9   0.0    15   139    19   150    14   169 0.76 ACNH67_000452
ACNH67_000452-T1     -            493 48712                -            452   4.3e-09   33.9   0.0   2   2      0.84   5.3e+02   -2.6   2.8   203   257   390   415   351   434 0.46 ACNH67_000452
#
# Program:         hmmsearch
# Version:         3.1b2 (February 2015)
# Pipeline mode:   SEARCH
# Query file:      /home/edouard/GregarineStuff/Lgryllorum_Genome_analysis/Funannotate/Run_v3/species_train/annotate_results/busco_downloads/lineages/apicomplexa_odb12/hmms/48712at5794.hmm
# Target file:     /home/edouard/GregarineStuff/Lgryllorum_Genome_analysis/Funannotate/Run_v3/species_train/annotate_results/Leidyana_gryllorum.proteins.fa
# Option settings: hmmsearch --domtblout /home/edouard/GregarineStuff/Lgryllorum_Genome_analysis/Funannotate/Run_v3/species_train/annotate_results/busco/run_apicomplexa_odb12/hmmer_output/initial_run_results/48712at5794.out --cpu 1 /home/edouard/GregarineStuff/Lgryllorum_Genome_analysis/Funannotate/Run_v3/species_train/annotate_results/busco_downloads/lineages/apicomplexa_odb12/hmms/48712at5794.hmm /home/edouard/GregarineStuff/Lgryllorum_Genome_analysis/Funannotate/Run_v3/species_train/annotate_results/Leidyana_gryllorum.proteins.fa 
# Current dir:     /home/edouard/GregarineStuff/Lgryllorum_Genome_analysis/Funannotate/Run_v3/species_train/annotate_results
# Date:            Tue Apr  1 17:38:28 2025
# [ok]
