#                                                                            --- full sequence --- -------------- this domain -------------   hmm coord   ali coord   env coord
# target name        accession   tlen query name           accession   qlen   E-value  score  bias   #  of  c-Evalue  i-Evalue  score  bias  from    to  from    to  from    to  acc description of target
#------------------- ---------- ----- -------------------- ---------- ----- --------- ------ ----- --- --- --------- --------- ------ ----- ----- ----- ----- ----- ----- ----- ---- ---------------------
ACNH67_000421-T1     -            851 56595                -            157   6.3e-51  170.3   0.0   1   1   6.3e-53   1.1e-50  169.5   0.0     5   122    14   129    10   159 0.90 ACNH67_000421
ACNH67_002500-T1     -            211 56595                -            157   1.1e-22   78.6   0.0   1   2     2e-10   3.6e-08   31.4   0.0    37   112    23    98    16   110 0.91 ACNH67_002500
ACNH67_002500-T1     -            211 56595                -            157   1.1e-22   78.6   0.0   2   2   7.1e-15   1.3e-12   45.9   0.0    32   129   105   200    94   204 0.89 ACNH67_002500
ACNH67_004134-T1     -            621 56595                -            157   1.9e-22   77.8   0.0   1   3   6.4e-09   1.1e-06   26.5   0.0    55   109   174   227   168   232 0.93 ACNH67_004134
ACNH67_004134-T1     -            621 56595                -            157   1.9e-22   77.8   0.0   2   3   2.3e-09   4.1e-07   28.0   0.0    55   110   279   333   239   336 0.86 ACNH67_004134
ACNH67_004134-T1     -            621 56595                -            157   1.9e-22   77.8   0.0   3   3   1.1e-06   0.00019   19.3   0.0    55   109   394   447   390   451 0.94 ACNH67_004134
ACNH67_004487-T1     -            380 56595                -            157   1.2e-19   68.7   0.0   1   2   1.8e-09   3.2e-07   28.3   0.0    33   103    59   129    39   147 0.91 ACNH67_004487
ACNH67_004487-T1     -            380 56595                -            157   1.2e-19   68.7   0.0   2   2   1.7e-12   3.1e-10   38.1   0.0    38   110   234   306   231   320 0.93 ACNH67_004487
ACNH67_002393-T1     -            683 56595                -            157   1.4e-19   68.5   0.2   1   4   5.3e-05    0.0094   13.8   0.0    35    86    10    61     6    67 0.92 ACNH67_002393
ACNH67_002393-T1     -            683 56595                -            157   1.4e-19   68.5   0.2   2   4   7.8e-10   1.4e-07   29.5   0.0    38   109   145   215   139   231 0.91 ACNH67_002393
ACNH67_002393-T1     -            683 56595                -            157   1.4e-19   68.5   0.2   3   4    0.0011       0.2    9.5   0.0    38   110   235   303   228   348 0.87 ACNH67_002393
ACNH67_002393-T1     -            683 56595                -            157   1.4e-19   68.5   0.2   4   4   0.00059       0.1   10.4   0.0    46    95   405   453   391   467 0.83 ACNH67_002393
ACNH67_004797-T1     -            396 56595                -            157   1.5e-18   65.1   0.0   1   2   2.7e-10   4.8e-08   31.0   0.0    38   129    24   115    17   122 0.88 ACNH67_004797
ACNH67_004797-T1     -            396 56595                -            157   1.5e-18   65.1   0.0   2   2   1.7e-10     3e-08   31.7   0.0    38   122   124   211   119   223 0.87 ACNH67_004797
ACNH67_002845-T1     -            567 56595                -            157   6.1e-14   50.2   0.0   1   2     5e-09   8.9e-07   26.9   0.0    35    86   188   239   179   262 0.90 ACNH67_002845
ACNH67_002845-T1     -            567 56595                -            157   6.1e-14   50.2   0.0   2   2   3.4e-07     6e-05   20.9   0.0    38    87   284   333   276   339 0.92 ACNH67_002845
ACNH67_002495-T1     -            856 56595                -            157   2.3e-12   45.0   0.0   1   1   2.4e-14   4.2e-12   44.2   0.0    39   121   683   765   680   789 0.87 ACNH67_002495
ACNH67_004179-T1     -            426 56595                -            157     6e-12   43.7   0.0   1   2     6e-07   0.00011   20.1   0.0    38    89   115   165   111   217 0.91 ACNH67_004179
ACNH67_004179-T1     -            426 56595                -            157     6e-12   43.7   0.0   2   2   2.6e-07   4.5e-05   21.3   0.0    38    95   248   304   246   322 0.90 ACNH67_004179
ACNH67_004698-T1     -            460 56595                -            157   6.9e-11   40.2   0.0   1   2   3.6e-05    0.0064   14.3   0.0    38    89   106   157   100   162 0.93 ACNH67_004698
ACNH67_004698-T1     -            460 56595                -            157   6.9e-11   40.2   0.0   2   2   5.6e-08     1e-05   23.5   0.0    38    87   205   254   202   275 0.92 ACNH67_004698
ACNH67_004592-T1     -            718 56595                -            157   1.7e-09   35.7   0.6   1   4    0.0024      0.42    8.5   0.1    60   109    37    86    30    90 0.93 ACNH67_004592
ACNH67_004592-T1     -            718 56595                -            157   1.7e-09   35.7   0.6   2   4   4.4e-06   0.00077   17.3   0.0    43   121   211   290   206   328 0.84 ACNH67_004592
ACNH67_004592-T1     -            718 56595                -            157   1.7e-09   35.7   0.6   3   4       1.3   2.4e+02   -0.5   0.0    75   109   568   602   519   643 0.82 ACNH67_004592
ACNH67_004592-T1     -            718 56595                -            157   1.7e-09   35.7   0.6   4   4     0.043       7.5    4.4   0.0    51   107   653   708   632   710 0.84 ACNH67_004592
ACNH67_004646-T1     -            221 56595                -            157   4.8e-09   34.3   0.0   1   2     2e-07   3.6e-05   21.7   0.0    38   109    25    95    19   104 0.94 ACNH67_004646
ACNH67_004646-T1     -            221 56595                -            157   4.8e-09   34.3   0.0   2   2   0.00051     0.089   10.6   0.0    39   109   139   208   136   212 0.82 ACNH67_004646
ACNH67_003758-T1     -            409 56595                -            157   2.4e-08   32.0   0.0   1   1   2.5e-10   4.4e-08   31.1   0.0    38   134   191   287   188   310 0.83 ACNH67_003758
ACNH67_004319-T1     -            163 56595                -            157   2.7e-08   31.8   0.0   1   1   2.1e-10   3.7e-08   31.4   0.0    40   111    74   145    69   161 0.92 ACNH67_004319
ACNH67_004386-T1     -            133 56595                -            157   7.3e-08   30.4   0.0   1   1   4.7e-10   8.4e-08   30.2   0.0    20   110    18   108     9   128 0.93 ACNH67_004386
ACNH67_003649-T1     -            129 56595                -            157   1.4e-07   29.4   0.0   1   1   1.1e-09     2e-07   29.0   0.0    38   110     4    73     2    78 0.96 ACNH67_003649
ACNH67_005452-T1     -            524 56595                -            157   1.2e-06   26.4   0.0   1   1   1.1e-08     2e-06   25.8   0.0    38   109   115   186   112   198 0.92 ACNH67_005452
ACNH67_000045-T1     -            253 56595                -            157   2.6e-06   25.4   0.0   1   1   4.2e-08   7.5e-06   23.9   0.0    38   109   114   184   109   212 0.89 ACNH67_000045
ACNH67_002995-T1     -            211 56595                -            157   4.5e-05   21.3   0.0   1   1   3.8e-07   6.7e-05   20.8   0.0    38   110    65   137    60   181 0.87 ACNH67_002995
ACNH67_004212-T1     -            275 56595                -            157   6.5e-05   20.8   0.0   1   2   1.2e-06   0.00022   19.1   0.0    55   109    97   151    83   171 0.91 ACNH67_004212
ACNH67_004212-T1     -            275 56595                -            157   6.5e-05   20.8   0.0   2   2       4.6   8.1e+02   -2.2   0.1    24    34   246   256   239   257 0.82 ACNH67_004212
ACNH67_002655-T1     -            421 56595                -            157   0.00012   19.9   0.0   1   3   2.3e-05    0.0041   15.0   0.0    33    97    31    96    13   105 0.89 ACNH67_002655
ACNH67_002655-T1     -            421 56595                -            157   0.00012   19.9   0.0   2   3       2.5   4.4e+02   -1.4   0.0    37    53   128   144   125   151 0.84 ACNH67_002655
ACNH67_002655-T1     -            421 56595                -            157   0.00012   19.9   0.0   3   3      0.68   1.2e+02    0.5   0.0    62    83   168   189   166   192 0.91 ACNH67_002655
ACNH67_001540-T1     -            330 56595                -            157   0.00014   19.7   0.0   1   1   1.2e-06   0.00021   19.1   0.0    38   113   102   176   100   214 0.86 ACNH67_001540
ACNH67_001293-T1     -            621 56595                -            157    0.0002   19.2   0.0   1   3       3.5   6.3e+02   -1.9   0.0    37    56    74    93    68    99 0.80 ACNH67_001293
ACNH67_001293-T1     -            621 56595                -            157    0.0002   19.2   0.0   2   3   0.00029     0.052   11.4   0.0    38    77   214   253   212   254 0.94 ACNH67_001293
ACNH67_001293-T1     -            621 56595                -            157    0.0002   19.2   0.0   3   3     0.077        14    3.5   0.0    78   109   301   332   287   341 0.91 ACNH67_001293
ACNH67_001641-T1     -            276 56595                -            157   0.00024   19.0   0.0   1   1   2.4e-06   0.00042   18.2   0.0    46   100   200   254   185   271 0.82 ACNH67_001641
ACNH67_000830-T1     -            367 56595                -            157   0.00046   18.1   0.0   1   1   4.5e-06    0.0008   17.3   0.0    50   114   117   178   100   220 0.84 ACNH67_000830
ACNH67_001826-T1     -            103 56595                -            157    0.0028   15.5   0.0   1   1   1.6e-05    0.0029   15.5   0.0    41    85    15    59     5    91 0.85 ACNH67_001826
ACNH67_002310-T1     -            271 56595                -            157    0.0041   15.0   0.0   1   1   3.5e-05    0.0061   14.4   0.0    38    86    54   102    50   122 0.94 ACNH67_002310
ACNH67_002556-T1     -           1967 56595                -            157    0.0043   14.9   0.0   1   2         1   1.9e+02   -0.1   0.0    47    79  1719  1751  1711  1768 0.84 ACNH67_002556
ACNH67_002556-T1     -           1967 56595                -            157    0.0043   14.9   0.0   2   2   0.00022     0.038   11.8   0.0    36   110  1839  1912  1836  1918 0.94 ACNH67_002556
ACNH67_001131-T1     -            133 56595                -            157    0.0082   14.0   0.0   1   1   5.5e-05    0.0097   13.8   0.0    55   114    30    86     8   119 0.80 ACNH67_001131
ACNH67_000813-T1     -            561 56595                -            157     0.021   12.7   0.0   1   1   0.00018     0.032   12.1   0.0    38   116    56   131    50   150 0.81 ACNH67_000813
ACNH67_003464-T1     -           1814 56595                -            157     0.024   12.5   0.0   1   2      0.27        48    1.8   0.0    64    93  1426  1454  1405  1470 0.77 ACNH67_003464
ACNH67_003464-T1     -           1814 56595                -            157     0.024   12.5   0.0   2   2    0.0037      0.65    7.8   0.0    38   116  1675  1751  1664  1772 0.85 ACNH67_003464
ACNH67_002129-T1     -            163 56595                -            157     0.033   12.1   0.0   1   1   0.00023     0.041   11.7   0.0    27    98    70   137    56   150 0.72 ACNH67_002129
#
# Program:         hmmsearch
# Version:         3.1b2 (February 2015)
# Pipeline mode:   SEARCH
# Query file:      /home/edouard/GregarineStuff/Lgryllorum_Genome_analysis/Funannotate/Run_v3/species_train/annotate_results/busco_downloads/lineages/apicomplexa_odb12/hmms/56595at5794.hmm
# Target file:     /home/edouard/GregarineStuff/Lgryllorum_Genome_analysis/Funannotate/Run_v3/species_train/annotate_results/Leidyana_gryllorum.proteins.fa
# Option settings: hmmsearch --domtblout /home/edouard/GregarineStuff/Lgryllorum_Genome_analysis/Funannotate/Run_v3/species_train/annotate_results/busco/run_apicomplexa_odb12/hmmer_output/initial_run_results/56595at5794.out --cpu 1 /home/edouard/GregarineStuff/Lgryllorum_Genome_analysis/Funannotate/Run_v3/species_train/annotate_results/busco_downloads/lineages/apicomplexa_odb12/hmms/56595at5794.hmm /home/edouard/GregarineStuff/Lgryllorum_Genome_analysis/Funannotate/Run_v3/species_train/annotate_results/Leidyana_gryllorum.proteins.fa 
# Current dir:     /home/edouard/GregarineStuff/Lgryllorum_Genome_analysis/Funannotate/Run_v3/species_train/annotate_results
# Date:            Tue Apr  1 17:38:33 2025
# [ok]
