#                                                                            --- full sequence --- -------------- this domain -------------   hmm coord   ali coord   env coord
# target name        accession   tlen query name           accession   qlen   E-value  score  bias   #  of  c-Evalue  i-Evalue  score  bias  from    to  from    to  from    to  acc description of target
#------------------- ---------- ----- -------------------- ---------- ----- --------- ------ ----- --- --- --------- --------- ------ ----- ----- ----- ----- ----- ----- ----- ---- ---------------------
ACNH67_002500-T1     -            211 58968                -            203   5.4e-99  328.1   0.0   1   1    5e-101   6.6e-99  327.9   0.0     3   198    10   207     8   210 0.98 ACNH67_002500
ACNH67_002393-T1     -            683 58968                -            203   2.3e-52  175.9   0.0   1   4   3.8e-09     5e-07   27.8   0.0    16    68    12    64     5    67 0.58 ACNH67_002393
ACNH67_002393-T1     -            683 58968                -            203   2.3e-52  175.9   0.0   2   4   1.6e-23   2.1e-21   74.8   0.0    72   174   112   215   108   227 0.91 ACNH67_002393
ACNH67_002393-T1     -            683 58968                -            203   2.3e-52  175.9   0.0   3   4   1.2e-05    0.0016   16.4   0.0   102   165   233   294   226   301 0.91 ACNH67_002393
ACNH67_002393-T1     -            683 58968                -            203   2.3e-52  175.9   0.0   4   4   3.4e-16   4.5e-14   50.8   0.0   110   189   403   480   354   493 0.85 ACNH67_002393
ACNH67_004134-T1     -            621 58968                -            203   8.2e-36  121.8   0.0   1   3   1.3e-12   1.8e-10   39.1   0.0   118   176   171   229   164   238 0.92 ACNH67_004134
ACNH67_004134-T1     -            621 58968                -            203   8.2e-36  121.8   0.0   2   3   5.7e-14   7.5e-12   43.6   0.0    99   175   257   333   234   338 0.88 ACNH67_004134
ACNH67_004134-T1     -            621 58968                -            203   8.2e-36  121.8   0.0   3   3   2.1e-11   2.7e-09   35.2   0.0   118   176   391   449   389   457 0.94 ACNH67_004134
ACNH67_004592-T1     -            718 58968                -            203   1.7e-33  114.3   0.9   1   4   1.6e-10   2.1e-08   32.3   0.0   103   180    12    92     7    96 0.90 ACNH67_004592
ACNH67_004592-T1     -            718 58968                -            203   1.7e-33  114.3   0.9   2   4   1.1e-08   1.4e-06   26.4   0.0   104   191   206   295   180   306 0.86 ACNH67_004592
ACNH67_004592-T1     -            718 58968                -            203   1.7e-33  114.3   0.9   3   4      0.33        44    1.9   0.0   112   162   419   464   410   480 0.83 ACNH67_004592
ACNH67_004592-T1     -            718 58968                -            203   1.7e-33  114.3   0.9   4   4   3.2e-13   4.2e-11   41.2   0.1    12   171   514   707   503   718 0.76 ACNH67_004592
ACNH67_004487-T1     -            380 58968                -            203   2.3e-29  100.8   0.9   1   3   2.3e-05     0.003   15.5   0.0   141   192     2    54     1    60 0.84 ACNH67_004487
ACNH67_004487-T1     -            380 58968                -            203   2.3e-29  100.8   0.9   2   3   6.7e-13   8.8e-11   40.1   0.0   102   182    62   146    58   151 0.87 ACNH67_004487
ACNH67_004487-T1     -            380 58968                -            203   2.3e-29  100.8   0.9   3   3   1.3e-13   1.7e-11   42.4   0.1   101   177   231   308   221   326 0.91 ACNH67_004487
ACNH67_004797-T1     -            396 58968                -            203   1.7e-19   68.6   0.0   1   3   2.6e-10   3.4e-08   31.6   0.1    88   196    10   115     5   122 0.81 ACNH67_004797
ACNH67_004797-T1     -            396 58968                -            203   1.7e-19   68.6   0.0   2   3   1.4e-09   1.9e-07   29.2   0.0    17    91   124   201   119   215 0.78 ACNH67_004797
ACNH67_004797-T1     -            396 58968                -            203   1.7e-19   68.6   0.0   3   3      0.11        15    3.4   0.0   112   172   325   381   320   390 0.74 ACNH67_004797
ACNH67_002845-T1     -            567 58968                -            203   2.8e-17   61.3   0.0   1   2   2.4e-10   3.2e-08   31.8   0.0   102   159   189   247   181   253 0.88 ACNH67_002845
ACNH67_002845-T1     -            567 58968                -            203   2.8e-17   61.3   0.0   2   2   5.4e-09   7.1e-07   27.3   0.0   103   157   283   338   276   343 0.89 ACNH67_002845
ACNH67_004646-T1     -            221 58968                -            203   9.8e-17   59.5   0.0   1   2     2e-09   2.7e-07   28.7   0.0   103   175    24    96    13   105 0.95 ACNH67_004646
ACNH67_004646-T1     -            221 58968                -            203   9.8e-17   59.5   0.0   2   2   1.8e-09   2.3e-07   28.9   0.0    99   164   133   198   120   209 0.92 ACNH67_004646
ACNH67_004179-T1     -            426 58968                -            203   2.3e-15   55.1   0.0   1   2   5.5e-08   7.2e-06   24.1   0.0   104   160   115   171   109   183 0.92 ACNH67_004179
ACNH67_004179-T1     -            426 58968                -            203   2.3e-15   55.1   0.0   2   2     2e-09   2.7e-07   28.7   0.0   103   178   247   321   243   333 0.89 ACNH67_004179
ACNH67_003464-T1     -           1814 58968                -            203   2.3e-12   45.3   0.0   1   2   2.9e-06   0.00038   18.4   0.0   104   161  1398  1457  1392  1513 0.79 ACNH67_003464
ACNH67_003464-T1     -           1814 58968                -            203   2.3e-12   45.3   0.0   2   2   4.6e-08   6.1e-06   24.3   0.0   103   180  1674  1753  1664  1767 0.87 ACNH67_003464
ACNH67_000830-T1     -            367 58968                -            203   3.1e-12   44.8   0.1   1   2   1.4e-09   1.9e-07   29.2   0.0    97   181    94   180    61   187 0.76 ACNH67_000830
ACNH67_000830-T1     -            367 58968                -            203   3.1e-12   44.8   0.1   2   2   9.7e-05     0.013   13.5   0.0   104   178   297   366   294   367 0.89 ACNH67_000830
ACNH67_004698-T1     -            460 58968                -            203   3.9e-12   44.5   0.0   1   2   3.6e-05    0.0047   14.9   0.0    17   150   106   153    95   163 0.58 ACNH67_004698
ACNH67_004698-T1     -            460 58968                -            203   3.9e-12   44.5   0.0   2   2   5.3e-09     7e-07   27.4   0.0   103   177   204   279   202   287 0.89 ACNH67_004698
ACNH67_002995-T1     -            211 58968                -            203   9.1e-12   43.3   0.0   1   1   9.8e-14   1.3e-11   42.8   0.0   103   176    64   138    60   155 0.91 ACNH67_002995
ACNH67_004212-T1     -            275 58968                -            203   7.1e-11   40.4   0.0   1   1   7.6e-13     1e-10   39.9   0.0    13    97    76   160    68   164 0.92 ACNH67_004212
ACNH67_002556-T1     -           1967 58968                -            203   9.1e-11   40.1   0.4   1   3   0.00048     0.063   11.2   0.0    93   167  1519  1594  1509  1601 0.87 ACNH67_002556
ACNH67_002556-T1     -           1967 58968                -            203   9.1e-11   40.1   0.4   2   3      0.07       9.3    4.1   0.0   105   138  1710  1744  1680  1754 0.84 ACNH67_002556
ACNH67_002556-T1     -           1967 58968                -            203   9.1e-11   40.1   0.4   3   3   8.3e-07   0.00011   20.2   0.0   103   177  1840  1914  1838  1931 0.92 ACNH67_002556
ACNH67_001540-T1     -            330 58968                -            203   3.2e-10   38.3   0.0   1   1   3.6e-12   4.7e-10   37.7   0.0   101   178    99   176    90   185 0.91 ACNH67_001540
ACNH67_003758-T1     -            409 58968                -            203   4.7e-10   37.7   0.0   1   1   6.9e-12     9e-10   36.8   0.0   103   180   190   268   175   283 0.89 ACNH67_003758
ACNH67_005452-T1     -            524 58968                -            203     5e-10   37.6   0.0   1   1   6.1e-12     8e-10   37.0   0.0   101   175   112   187   107   211 0.89 ACNH67_005452
ACNH67_002495-T1     -            856 58968                -            203   1.4e-09   36.2   0.0   1   1   1.9e-11   2.5e-09   35.4   0.0   104   178   682   757   679   772 0.91 ACNH67_002495
ACNH67_005285-T1     -           1266 58968                -            203   2.9e-09   35.1   0.0   1   1   3.9e-11   5.1e-09   34.3   0.0   101   167    85   155    78   184 0.84 ACNH67_005285
ACNH67_004386-T1     -            133 58968                -            203   1.1e-08   33.3   0.0   1   1     1e-10   1.3e-08   33.0   0.0    14    90    33   109    27   120 0.90 ACNH67_004386
ACNH67_000421-T1     -            851 58968                -            203   2.2e-08   32.3   0.0   1   1   2.9e-10   3.8e-08   31.5   0.0   103   191    44   137    29   149 0.84 ACNH67_000421
ACNH67_002655-T1     -            421 58968                -            203   2.2e-08   32.3   0.0   1   4   0.00061      0.08   10.8   0.0   104   163    36    97    25   100 0.86 ACNH67_002655
ACNH67_002655-T1     -            421 58968                -            203   2.2e-08   32.3   0.0   2   4       2.3   3.1e+02   -0.9   0.0   103   120   128   145   113   149 0.81 ACNH67_002655
ACNH67_002655-T1     -            421 58968                -            203   2.2e-08   32.3   0.0   3   4      0.93   1.2e+02    0.5   0.0    41    64   169   191   129   196 0.73 ACNH67_002655
ACNH67_002655-T1     -            421 58968                -            203   2.2e-08   32.3   0.0   4   4   2.2e-05    0.0029   15.6   0.0   108   181   256   324   246   350 0.84 ACNH67_002655
ACNH67_000045-T1     -            253 58968                -            203   3.5e-08   31.6   0.0   1   1   4.1e-10   5.4e-08   31.0   0.0    10    89   107   185   103   195 0.82 ACNH67_000045
ACNH67_001131-T1     -            133 58968                -            203   3.8e-08   31.5   0.4   1   1     3e-09   3.9e-07   28.2   0.5   115   186    24    93     8   108 0.82 ACNH67_001131
ACNH67_003649-T1     -            129 58968                -            203     4e-08   31.4   0.0   1   1   3.7e-10   4.9e-08   31.1   0.0   104   178     4    76     1    90 0.88 ACNH67_003649
ACNH67_004319-T1     -            163 58968                -            203   4.3e-08   31.3   0.0   1   1   4.5e-10   5.9e-08   30.9   0.0   104   180    72   149    67   159 0.91 ACNH67_004319
ACNH67_001641-T1     -            276 58968                -            203   3.7e-07   28.3   0.0   1   1   4.7e-09   6.2e-07   27.5   0.0   104   181   192   270   181   275 0.67 ACNH67_001641
ACNH67_002310-T1     -            271 58968                -            203   5.2e-07   27.8   0.0   1   1   5.3e-09     7e-07   27.4   0.0   102   178    52   128    46   140 0.76 ACNH67_002310
ACNH67_002129-T1     -            163 58968                -            203   4.5e-06   24.7   0.0   1   1   4.6e-08   6.1e-06   24.3   0.0   102   172    78   146    70   158 0.69 ACNH67_002129
ACNH67_000813-T1     -            561 58968                -            203   1.7e-05   22.9   0.0   1   1     2e-07   2.6e-05   22.2   0.0    98   176    50   126    35   146 0.82 ACNH67_000813
ACNH67_005602-T1     -            390 58968                -            203   8.8e-05   20.5   0.0   1   1   1.5e-06    0.0002   19.4   0.0    92   160   184   249   176   263 0.80 ACNH67_005602
ACNH67_001826-T1     -            103 58968                -            203   0.00015   19.8   0.0   1   1   1.3e-06   0.00017   19.6   0.0   109   150    17    59    12    86 0.79 ACNH67_001826
ACNH67_000399-T1     -            286 58968                -            203    0.0003   18.8   0.0   1   1   3.2e-06   0.00042   18.3   0.0   118   177    86   145    66   156 0.87 ACNH67_000399
ACNH67_004681-T2     -           1826 58968                -            203   0.00047   18.1   0.0   1   1     8e-06    0.0011   17.0   0.0   104   162    33    91    27   130 0.84 ACNH67_004681
ACNH67_001390-T1     -            542 58968                -            203    0.0019   16.2   0.0   1   1   2.8e-05    0.0036   15.2   0.0    16    84    43   111    37   125 0.87 ACNH67_001390
ACNH67_001422-T1     -            642 58968                -            203     0.004   15.1   0.0   1   1   6.6e-05    0.0087   14.0   0.0   103   182   186   268   175   280 0.78 ACNH67_001422
ACNH67_004707-T1     -            185 58968                -            203     0.011   13.7   0.0   1   1   8.9e-05     0.012   13.6   0.0    17   160    95   151    51   167 0.64 ACNH67_004707
ACNH67_000832-T1     -           1485 58968                -            203     0.013   13.4   0.0   1   1    0.0002     0.026   12.4   0.0    89   159  1198  1270  1191  1273 0.82 ACNH67_000832
ACNH67_001293-T1     -            621 58968                -            203     0.021   12.8   0.0   1   4      0.23        31    2.4   0.0    15    73    73   137    66   151 0.58 ACNH67_001293
ACNH67_001293-T1     -            621 58968                -            203     0.021   12.8   0.0   2   4     0.039       5.1    4.9   0.0   103   138   213   248   208   255 0.90 ACNH67_001293
ACNH67_001293-T1     -            621 58968                -            203     0.021   12.8   0.0   3   4       9.9   1.3e+03   -2.9   0.0   143   178   301   336   297   346 0.77 ACNH67_001293
ACNH67_001293-T1     -            621 58968                -            203     0.021   12.8   0.0   4   4       1.2   1.6e+02    0.1   0.0    59    88   449   478   437   482 0.87 ACNH67_001293
ACNH67_004355-T1     -            423 58968                -            203     0.022   12.7   0.0   1   1   0.00027     0.036   12.0   0.0   106   168   172   242   161   270 0.72 ACNH67_004355
ACNH67_004294-T1     -            382 58968                -            203     0.045   11.7   0.0   1   2     0.088        12    3.8   0.0    57    77   186   206   177   230 0.64 ACNH67_004294
ACNH67_004294-T1     -            382 58968                -            203     0.045   11.7   0.0   2   2     0.026       3.4    5.5   0.0    58    94   327   363   321   370 0.91 ACNH67_004294
ACNH67_000777-T1     -            294 58968                -            203     0.059   11.3   0.0   1   1   0.00072     0.094   10.6   0.0   104   182     9    82     7    90 0.90 ACNH67_000777
#
# Program:         hmmsearch
# Version:         3.1b2 (February 2015)
# Pipeline mode:   SEARCH
# Query file:      /home/edouard/GregarineStuff/Lgryllorum_Genome_analysis/Funannotate/Run_v3/species_train/annotate_results/busco_downloads/lineages/apicomplexa_odb12/hmms/58968at5794.hmm
# Target file:     /home/edouard/GregarineStuff/Lgryllorum_Genome_analysis/Funannotate/Run_v3/species_train/annotate_results/Leidyana_gryllorum.proteins.fa
# Option settings: hmmsearch --domtblout /home/edouard/GregarineStuff/Lgryllorum_Genome_analysis/Funannotate/Run_v3/species_train/annotate_results/busco/run_apicomplexa_odb12/hmmer_output/initial_run_results/58968at5794.out --cpu 1 /home/edouard/GregarineStuff/Lgryllorum_Genome_analysis/Funannotate/Run_v3/species_train/annotate_results/busco_downloads/lineages/apicomplexa_odb12/hmms/58968at5794.hmm /home/edouard/GregarineStuff/Lgryllorum_Genome_analysis/Funannotate/Run_v3/species_train/annotate_results/Leidyana_gryllorum.proteins.fa 
# Current dir:     /home/edouard/GregarineStuff/Lgryllorum_Genome_analysis/Funannotate/Run_v3/species_train/annotate_results
# Date:            Tue Apr  1 17:38:35 2025
# [ok]
