#                                                                            --- full sequence --- -------------- this domain -------------   hmm coord   ali coord   env coord
# target name        accession   tlen query name           accession   qlen   E-value  score  bias   #  of  c-Evalue  i-Evalue  score  bias  from    to  from    to  from    to  acc description of target
#------------------- ---------- ----- -------------------- ---------- ----- --------- ------ ----- --- --- --------- --------- ------ ----- ----- ----- ----- ----- ----- ----- ---- ---------------------
ACNH67_000947-T1     -            553 61687                -            540  1.4e-268  890.2   3.2   1   1  2.9e-271  1.6e-268  889.9   3.2     4   537    10   550     8   553 0.97 ACNH67_000947
ACNH67_000390-T1     -            572 61687                -            540  2.7e-114  381.0   2.3   1   1  6.2e-117  3.5e-114  380.6   2.3     9   533    22   554    17   562 0.89 ACNH67_000390
ACNH67_004156-T1     -            531 61687                -            540  4.8e-108  360.3   5.5   1   1  1.2e-110  6.6e-108  359.9   5.5     7   536    12   528     7   530 0.92 ACNH67_004156
ACNH67_002988-T1     -           1169 61687                -            540  8.3e-103  343.0   3.6   1   1  2.3e-105  1.3e-102  342.4   3.6     8   531   630  1144   625  1152 0.95 ACNH67_002988
ACNH67_001451-T1     -            487 61687                -            540   1.3e-88  296.2  16.9   1   1   2.6e-91   1.5e-88  296.0  16.9    39   529     1   484     1   487 0.90 ACNH67_001451
ACNH67_001629-T1     -            552 61687                -            540   9.7e-74  247.1   0.1   1   1   2.2e-76   1.2e-73  246.7   0.1    17   531    21   545    12   551 0.91 ACNH67_001629
ACNH67_000500-T1     -            563 61687                -            540   1.5e-69  233.3   3.7   1   1   3.7e-72   2.1e-69  232.8   3.7    14   534    24   542    15   547 0.88 ACNH67_000500
ACNH67_004915-T1     -            265 61687                -            540   9.1e-53  177.9   1.4   1   1     2e-55   1.2e-52  177.5   1.4     8   237    22   247    16   251 0.93 ACNH67_004915
ACNH67_004914-T1     -            252 61687                -            540   1.8e-44  150.5   0.2   1   1   3.6e-47     2e-44  150.3   0.2   274   530     4   248     1   252 0.93 ACNH67_004914
ACNH67_004984-T1     -            559 61687                -            540   7.4e-12   42.9   2.8   1   4   4.7e-11   2.7e-08   31.1   0.0    11   144    29   165    21   187 0.86 ACNH67_004984
ACNH67_004984-T1     -            559 61687                -            540   7.4e-12   42.9   2.8   2   4      0.86   4.9e+02   -2.7   0.0   310   352   307   348   301   363 0.78 ACNH67_004984
ACNH67_004984-T1     -            559 61687                -            540   7.4e-12   42.9   2.8   3   4   0.00045      0.25    8.1   0.1   371   411   401   440   390   450 0.83 ACNH67_004984
ACNH67_004984-T1     -            559 61687                -            540   7.4e-12   42.9   2.8   4   4     0.043        24    1.6   0.0   476   537   491   553   466   556 0.76 ACNH67_004984
#
# Program:         hmmsearch
# Version:         3.1b2 (February 2015)
# Pipeline mode:   SEARCH
# Query file:      /home/edouard/GregarineStuff/Lgryllorum_Genome_analysis/Funannotate/Run_v3/species_train/annotate_results/busco_downloads/lineages/apicomplexa_odb12/hmms/61687at5794.hmm
# Target file:     /home/edouard/GregarineStuff/Lgryllorum_Genome_analysis/Funannotate/Run_v3/species_train/annotate_results/Leidyana_gryllorum.proteins.fa
# Option settings: hmmsearch --domtblout /home/edouard/GregarineStuff/Lgryllorum_Genome_analysis/Funannotate/Run_v3/species_train/annotate_results/busco/run_apicomplexa_odb12/hmmer_output/initial_run_results/61687at5794.out --cpu 1 /home/edouard/GregarineStuff/Lgryllorum_Genome_analysis/Funannotate/Run_v3/species_train/annotate_results/busco_downloads/lineages/apicomplexa_odb12/hmms/61687at5794.hmm /home/edouard/GregarineStuff/Lgryllorum_Genome_analysis/Funannotate/Run_v3/species_train/annotate_results/Leidyana_gryllorum.proteins.fa 
# Current dir:     /home/edouard/GregarineStuff/Lgryllorum_Genome_analysis/Funannotate/Run_v3/species_train/annotate_results
# Date:            Tue Apr  1 17:38:36 2025
# [ok]
