#                                                                            --- full sequence --- -------------- this domain -------------   hmm coord   ali coord   env coord
# target name        accession   tlen query name           accession   qlen   E-value  score  bias   #  of  c-Evalue  i-Evalue  score  bias  from    to  from    to  from    to  acc description of target
#------------------- ---------- ----- -------------------- ---------- ----- --------- ------ ----- --- --- --------- --------- ------ ----- ----- ----- ----- ----- ----- ----- ---- ---------------------
ACNH67_001061-T1     -            496 62823                -            445    3e-120  400.0   3.6   1   1  3.6e-122  3.7e-120  399.7   3.6    11   444    49   491    32   492 0.91 ACNH67_001061
ACNH67_001808-T1     -            441 62823                -            445   6.7e-32  108.8   0.1   1   1   3.7e-33   3.8e-31  106.3   0.0    61   424    18   396     5   416 0.78 ACNH67_001808
ACNH67_001323-T1     -            521 62823                -            445   6.4e-27   92.4   4.9   1   5   2.9e-08     3e-06   24.3   0.1   309   385   127   200   106   220 0.86 ACNH67_001323
ACNH67_001323-T1     -            521 62823                -            445   6.4e-27   92.4   4.9   2   5   7.2e-07   7.4e-05   19.7   0.6   281   366   186   282   182   310 0.81 ACNH67_001323
ACNH67_001323-T1     -            521 62823                -            445   6.4e-27   92.4   4.9   3   5       1.9     2e+02   -1.5   0.0   282   321   298   334   287   337 0.72 ACNH67_001323
ACNH67_001323-T1     -            521 62823                -            445   6.4e-27   92.4   4.9   4   5   1.8e-05    0.0018   15.1   0.0   327   371   377   421   370   424 0.90 ACNH67_001323
ACNH67_001323-T1     -            521 62823                -            445   6.4e-27   92.4   4.9   5   5   3.4e-13   3.5e-11   40.5   0.0   280   384   419   519   417   520 0.86 ACNH67_001323
ACNH67_002641-T1     -            638 62823                -            445   1.1e-20   71.9   1.1   1   2   6.9e-15   7.1e-13   46.1   0.5   233   386   394   541   334   543 0.87 ACNH67_002641
ACNH67_002641-T1     -            638 62823                -            445   1.1e-20   71.9   1.1   2   2   7.8e-11     8e-09   32.7   0.0   289   384   491   582   483   585 0.89 ACNH67_002641
ACNH67_001408-T1     -            960 62823                -            445   1.3e-19   68.3   6.0   1   3     0.034       3.5    4.3   0.1   174   348    99   274    93   285 0.74 ACNH67_001408
ACNH67_001408-T1     -            960 62823                -            445   1.3e-19   68.3   6.0   2   3      0.37        38    0.9   0.0   326   350   386   411   355   450 0.76 ACNH67_001408
ACNH67_001408-T1     -            960 62823                -            445   1.3e-19   68.3   6.0   3   3   3.4e-20   3.5e-18   63.6   1.1   186   385   607   786   583   822 0.84 ACNH67_001408
ACNH67_003156-T1     -            490 62823                -            445   4.4e-18   63.3   2.6   1   3   1.6e-06   0.00017   18.5   0.0   272   346   181   248   158   268 0.73 ACNH67_003156
ACNH67_003156-T1     -            490 62823                -            445   4.4e-18   63.3   2.6   2   3   5.1e-11   5.2e-09   33.4   0.1   279   384   269   367   260   369 0.86 ACNH67_003156
ACNH67_003156-T1     -            490 62823                -            445   4.4e-18   63.3   2.6   3   3   0.00055     0.057   10.2   0.1   315   390   385   467   374   482 0.67 ACNH67_003156
ACNH67_001222-T1     -            444 62823                -            445   9.1e-18   62.2   2.9   1   3   5.4e-07   5.6e-05   20.1   0.1   256   367   154   272   134   273 0.80 ACNH67_001222
ACNH67_001222-T1     -            444 62823                -            445   9.1e-18   62.2   2.9   2   3   1.9e-13     2e-11   41.4   0.1   170   345   175   336   171   349 0.84 ACNH67_001222
ACNH67_001222-T1     -            444 62823                -            445   9.1e-18   62.2   2.9   3   3   1.5e-05    0.0016   15.3   0.1   264   385   303   429   301   434 0.72 ACNH67_001222
ACNH67_002822-T1     -            388 62823                -            445   2.1e-16   57.8   2.4   1   3   4.8e-08     5e-06   23.5   0.0   235   340    86   199    79   203 0.81 ACNH67_002822
ACNH67_002822-T1     -            388 62823                -            445   2.1e-16   57.8   2.4   2   3      0.29        30    1.2   0.0   251   295   207   248   202   265 0.83 ACNH67_002822
ACNH67_002822-T1     -            388 62823                -            445   2.1e-16   57.8   2.4   3   3   2.1e-10   2.1e-08   31.4   0.1   264   342   299   384   272   388 0.81 ACNH67_002822
ACNH67_004094-T1     -           1385 62823                -            445   2.8e-16   57.3   0.1   1   5       4.8   4.9e+02   -2.8   0.0   313   333   346   366   335   372 0.70 ACNH67_004094
ACNH67_004094-T1     -           1385 62823                -            445   2.8e-16   57.3   0.1   2   5   2.8e-05    0.0028   14.5   0.0   289   343   495   549   484   615 0.56 ACNH67_004094
ACNH67_004094-T1     -           1385 62823                -            445   2.8e-16   57.3   0.1   3   5   2.4e-07   2.5e-05   21.3   0.0   266   343   798   872   788   882 0.82 ACNH67_004094
ACNH67_004094-T1     -           1385 62823                -            445   2.8e-16   57.3   0.1   4   5   7.7e-06   0.00079   16.3   0.0   306   386   884   966   874   967 0.80 ACNH67_004094
ACNH67_004094-T1     -           1385 62823                -            445   2.8e-16   57.3   0.1   5   5       8.5   8.7e+02   -3.6   0.0   225   386   988  1012   983  1016 0.48 ACNH67_004094
ACNH67_004370-T1     -            954 62823                -            445   4.4e-16   56.7   2.8   1   2   1.1e-11   1.1e-09   35.6   1.6   277   386    67   172    20   181 0.86 ACNH67_004370
ACNH67_004370-T1     -            954 62823                -            445   4.4e-16   56.7   2.8   2   2     1e-06    0.0001   19.2   0.0   310   387   193   268   183   279 0.83 ACNH67_004370
ACNH67_000155-T1     -            566 62823                -            445   1.1e-15   55.3   6.8   1   3   6.8e-10     7e-08   29.6   0.2   305   386   268   348   262   364 0.90 ACNH67_000155
ACNH67_000155-T1     -            566 62823                -            445   1.1e-15   55.3   6.8   2   3   0.00015     0.016   12.0   0.1   277   342   373   434   365   477 0.60 ACNH67_000155
ACNH67_000155-T1     -            566 62823                -            445   1.1e-15   55.3   6.8   3   3     7e-06   0.00072   16.4   0.4   325   384   507   565   460   566 0.88 ACNH67_000155
ACNH67_003831-T1     -           1286 62823                -            445   2.7e-15   54.1   2.0   1   3   2.3e-07   2.4e-05   21.3   0.1   291   385     6    94     2    96 0.77 ACNH67_003831
ACNH67_003831-T1     -           1286 62823                -            445   2.7e-15   54.1   2.0   2   3   6.1e-06   0.00063   16.6   0.1   283   342    82   137    80   147 0.89 ACNH67_003831
ACNH67_003831-T1     -           1286 62823                -            445   2.7e-15   54.1   2.0   3   3   2.9e-07     3e-05   21.0   0.4   267   344   184   256   169   265 0.69 ACNH67_003831
ACNH67_003296-T1     -            565 62823                -            445   1.9e-14   51.3   1.0   1   3     0.027       2.8    4.6   0.0   316   379   111   175    75   184 0.72 ACNH67_003296
ACNH67_003296-T1     -            565 62823                -            445   1.9e-14   51.3   1.0   2   3   1.5e-09   1.5e-07   28.5   0.1   235   353   125   238   118   250 0.85 ACNH67_003296
ACNH67_003296-T1     -            565 62823                -            445   1.9e-14   51.3   1.0   3   3     5e-07   5.1e-05   20.2   0.0   281   373   258   352   246   362 0.80 ACNH67_003296
ACNH67_001450-T1     -            491 62823                -            445   2.3e-14   51.0   0.2   1   2   6.8e-14     7e-12   42.8   0.0   233   347   101   224    80   232 0.82 ACNH67_001450
ACNH67_001450-T1     -            491 62823                -            445   2.3e-14   51.0   0.2   2   2      0.01       1.1    6.0   0.0   280   302   261   283   246   340 0.71 ACNH67_001450
ACNH67_004196-T1     -            656 62823                -            445   1.9e-12   44.7   0.4   1   2   2.5e-10   2.6e-08   31.1   0.2   260   345    77   165    56   185 0.72 ACNH67_004196
ACNH67_004196-T1     -            656 62823                -            445   1.9e-12   44.7   0.4   2   2   0.00021     0.021   11.6   0.0   273   357   183   270   177   277 0.78 ACNH67_004196
ACNH67_003323-T1     -           1057 62823                -            445   4.7e-12   43.4   0.3   1   3     0.015       1.5    5.5   0.0   212   296    59   139    46   155 0.80 ACNH67_003323
ACNH67_003323-T1     -           1057 62823                -            445   4.7e-12   43.4   0.3   2   3   2.1e-07   2.2e-05   21.4   0.0   337   386   206   254   200   258 0.94 ACNH67_003323
ACNH67_003323-T1     -           1057 62823                -            445   4.7e-12   43.4   0.3   3   3   1.6e-05    0.0017   15.2   0.0   291   384   249   337   249   355 0.89 ACNH67_003323
ACNH67_005180-T1     -            581 62823                -            445   4.5e-11   40.2   0.0   1   2   1.7e-09   1.8e-07   28.3   0.0   315   386   228   307   153   318 0.73 ACNH67_005180
ACNH67_005180-T1     -            581 62823                -            445   4.5e-11   40.2   0.0   2   2   0.00081     0.083    9.6   0.0   223   276   381   440   360   451 0.82 ACNH67_005180
ACNH67_000829-T1     -            430 62823                -            445   5.4e-11   39.9   0.1   1   3       4.3   4.4e+02   -2.6   0.0   280   297    47    64    43    78 0.83 ACNH67_000829
ACNH67_000829-T1     -            430 62823                -            445   5.4e-11   39.9   0.1   2   3    0.0002      0.02   11.7   0.1   233   321   112   198    92   237 0.59 ACNH67_000829
ACNH67_000829-T1     -            430 62823                -            445   5.4e-11   39.9   0.1   3   3   2.6e-08   2.7e-06   24.4   0.0   233   346   266   378   213   383 0.75 ACNH67_000829
ACNH67_004652-T1     -            353 62823                -            445     8e-11   39.3   4.1   1   4     0.056       5.8    3.6   0.2   264   301    74   108    22   125 0.54 ACNH67_004652
ACNH67_004652-T1     -            353 62823                -            445     8e-11   39.3   4.1   2   4   3.6e-09   3.7e-07   27.3   0.8   280   386   129   232   123   234 0.89 ACNH67_004652
ACNH67_004652-T1     -            353 62823                -            445     8e-11   39.3   4.1   3   4   3.2e-07   3.3e-05   20.9   0.1   271   413   166   297   164   309 0.78 ACNH67_004652
ACNH67_004652-T1     -            353 62823                -            445     8e-11   39.3   4.1   4   4      0.29        30    1.2   0.1   205   247   301   348   260   352 0.68 ACNH67_004652
ACNH67_000131-T1     -            297 62823                -            445     6e-10   36.5   0.0   1   3    0.0019       0.2    8.4   0.0   323   366     7    49     2    56 0.81 ACNH67_000131
ACNH67_000131-T1     -            297 62823                -            445     6e-10   36.5   0.0   2   3   1.5e-07   1.5e-05   22.0   0.0   325   394   127   197   121   208 0.80 ACNH67_000131
ACNH67_000131-T1     -            297 62823                -            445     6e-10   36.5   0.0   3   3      0.19        19    1.8   0.0   314   385   226   292   208   296 0.70 ACNH67_000131
ACNH67_004666-T1     -            620 62823                -            445   4.5e-09   33.6   1.3   1   3   6.6e-06   0.00068   16.5   0.0   287   357   296   363   291   380 0.89 ACNH67_004666
ACNH67_004666-T1     -            620 62823                -            445   4.5e-09   33.6   1.3   2   3     0.014       1.4    5.6   0.5   351   385   481   522   439   524 0.73 ACNH67_004666
ACNH67_004666-T1     -            620 62823                -            445   4.5e-09   33.6   1.3   3   3    0.0023      0.24    8.1   0.0   209   272   525   589   523   606 0.78 ACNH67_004666
ACNH67_001454-T1     -            807 62823                -            445     1e-08   32.4   7.9   1   2     1e-08   1.1e-06   25.8   0.0   325   395   193   261   188   268 0.88 ACNH67_001454
ACNH67_001454-T1     -            807 62823                -            445     1e-08   32.4   7.9   2   2   0.00093     0.096    9.4   0.4   278   340   317   380   272   389 0.51 ACNH67_001454
ACNH67_000593-T1     -           1399 62823                -            445   3.4e-08   30.7   0.0   1   1   6.3e-10   6.5e-08   29.8   0.0   225   387   163   327   155   337 0.85 ACNH67_000593
ACNH67_000780-T1     -            335 62823                -            445   5.4e-08   30.0   0.0   1   2   7.3e-07   7.5e-05   19.7   0.0   261   347    48   125    23   131 0.70 ACNH67_000780
ACNH67_000780-T1     -            335 62823                -            445   5.4e-08   30.0   0.0   2   2    0.0023      0.23    8.2   0.0   275   342   142   207   131   232 0.81 ACNH67_000780
ACNH67_003729-T1     -            288 62823                -            445   2.3e-07   28.0   0.0   1   2    0.0099         1    6.0   0.0   209   275    12    81     3    95 0.84 ACNH67_003729
ACNH67_003729-T1     -            288 62823                -            445   2.3e-07   28.0   0.0   2   2     7e-07   7.2e-05   19.7   0.0   230   296   161   230   153   256 0.84 ACNH67_003729
ACNH67_000423-T1     -            216 62823                -            445   2.4e-07   27.9   0.0   1   1   2.8e-09   2.9e-07   27.6   0.0   264   355    54   141    15   190 0.68 ACNH67_000423
ACNH67_005283-T1     -           1266 62823                -            445   4.3e-07   27.0   0.9   1   4     0.077       7.9    3.1   0.0   285   346   275   332   264   352 0.54 ACNH67_005283
ACNH67_005283-T1     -           1266 62823                -            445   4.3e-07   27.0   0.9   2   4     0.064       6.6    3.4   0.0   272   344   360   429   352   434 0.75 ACNH67_005283
ACNH67_005283-T1     -           1266 62823                -            445   4.3e-07   27.0   0.9   3   4      0.13        13    2.4   0.0   284   361   745   823   734   836 0.65 ACNH67_005283
ACNH67_005283-T1     -           1266 62823                -            445   4.3e-07   27.0   0.9   4   4   0.00032     0.033   10.9   0.1   267   341   915   983   906  1034 0.66 ACNH67_005283
ACNH67_001763-T1     -            450 62823                -            445   4.5e-07   27.0   0.1   1   1   6.3e-09   6.5e-07   26.5   0.1   261   388   268   399   256   440 0.80 ACNH67_001763
ACNH67_003547-T1     -            160 62823                -            445   5.7e-07   26.7   0.1   1   1   6.5e-09   6.7e-07   26.4   0.1   283   386    38   138    17   146 0.93 ACNH67_003547
ACNH67_004555-T1     -            472 62823                -            445   8.8e-07   26.0   0.0   1   1   3.5e-08   3.6e-06   24.0   0.0   278   344   199   270   152   280 0.79 ACNH67_004555
ACNH67_002121-T1     -           1538 62823                -            445   1.1e-06   25.7   2.1   1   4       1.1   1.1e+02   -0.7   0.0   173   268     3   101     1   111 0.69 ACNH67_002121
ACNH67_002121-T1     -           1538 62823                -            445   1.1e-06   25.7   2.1   2   4      0.66        68    0.0   0.1   319   361   457   498   448   527 0.69 ACNH67_002121
ACNH67_002121-T1     -           1538 62823                -            445   1.1e-06   25.7   2.1   3   4       4.4   4.5e+02   -2.7   0.1   373   386   541   554   537   557 0.80 ACNH67_002121
ACNH67_002121-T1     -           1538 62823                -            445   1.1e-06   25.7   2.1   4   4     1e-07   1.1e-05   22.5   0.1   222   344   844   960   837   968 0.87 ACNH67_002121
ACNH67_004907-T1     -            362 62823                -            445   2.4e-06   24.6   0.2   1   3   0.00023     0.024   11.4   0.1   263   385     9   122     2   123 0.82 ACNH67_004907
ACNH67_004907-T1     -            362 62823                -            445   2.4e-06   24.6   0.2   2   3   0.00066     0.068    9.9   0.0   260   348    90   173    78   201 0.75 ACNH67_004907
ACNH67_004907-T1     -            362 62823                -            445   2.4e-06   24.6   0.2   3   3    0.0073      0.75    6.5   0.0   315   378   268   330   261   332 0.70 ACNH67_004907
ACNH67_004486-T1     -            363 62823                -            445   1.1e-05   22.4   0.3   1   1     1e-06   0.00011   19.1   0.4   223   387    74   247    16   255 0.64 ACNH67_004486
ACNH67_003255-T1     -            761 62823                -            445   2.4e-05   21.3   2.7   1   4       1.5   1.6e+02   -1.2   0.0   321   345    73    96    63   120 0.71 ACNH67_003255
ACNH67_003255-T1     -            761 62823                -            445   2.4e-05   21.3   2.7   2   4       0.4        41    0.8   0.0   217   296   197   271   182   285 0.65 ACNH67_003255
ACNH67_003255-T1     -            761 62823                -            445   2.4e-05   21.3   2.7   3   4       7.1   7.3e+02   -3.4   0.1   166   191   437   462   427   482 0.67 ACNH67_003255
ACNH67_003255-T1     -            761 62823                -            445   2.4e-05   21.3   2.7   4   4   3.2e-06   0.00033   17.6   0.2   214   342   633   752   610   758 0.81 ACNH67_003255
ACNH67_001778-T1     -            572 62823                -            445   2.6e-05   21.2   0.0   1   2       4.1   4.2e+02   -2.6   0.0   325   341   297   313   290   326 0.75 ACNH67_001778
ACNH67_001778-T1     -            572 62823                -            445   2.6e-05   21.2   0.0   2   2     9e-07   9.3e-05   19.4   0.0   253   346   398   484   364   497 0.84 ACNH67_001778
ACNH67_005019-T1     -            391 62823                -            445   4.1e-05   20.5   1.3   1   2    0.0012      0.12    9.1   0.6   179   306    48   172    34   201 0.65 ACNH67_005019
ACNH67_005019-T1     -            391 62823                -            445   4.1e-05   20.5   1.3   2   2    0.0012      0.12    9.1   0.0   314   342   289   316   276   340 0.78 ACNH67_005019
ACNH67_005513-T1     -           1050 62823                -            445   4.9e-05   20.3   0.0   1   1   1.1e-06   0.00011   19.1   0.0   234   350   834   940   825   992 0.74 ACNH67_005513
ACNH67_005089-T1     -            618 62823                -            445   6.1e-05   20.0   0.5   1   1   1.2e-06   0.00012   19.0   0.5   313   393   264   351   236   365 0.80 ACNH67_005089
ACNH67_004557-T1     -            555 62823                -            445     7e-05   19.8   0.0   1   4      0.46        47    0.6   0.0   220   252   249   280   216   293 0.67 ACNH67_004557
ACNH67_004557-T1     -            555 62823                -            445     7e-05   19.8   0.0   2   4   1.4e-05    0.0015   15.4   0.0   234   378   318   368   303   390 0.66 ACNH67_004557
ACNH67_004557-T1     -            555 62823                -            445     7e-05   19.8   0.0   3   4       3.3   3.4e+02   -2.3   0.0   275   308   400   431   376   444 0.76 ACNH67_004557
ACNH67_004557-T1     -            555 62823                -            445     7e-05   19.8   0.0   4   4        10     1e+03   -3.9   0.0   278   294   536   552   525   553 0.82 ACNH67_004557
ACNH67_005169-T1     -            638 62823                -            445   9.3e-05   19.4   0.1   1   3      0.71        73   -0.1   0.1   321   342    60    81    27    89 0.73 ACNH67_005169
ACNH67_005169-T1     -            638 62823                -            445   9.3e-05   19.4   0.1   2   3   1.2e-05    0.0013   15.6   0.0   318   388   249   316   228   335 0.78 ACNH67_005169
ACNH67_005169-T1     -            638 62823                -            445   9.3e-05   19.4   0.1   3   3       1.7   1.7e+02   -1.3   0.0   312   344   372   404   332   410 0.69 ACNH67_005169
ACNH67_002286-T1     -            412 62823                -            445   0.00017   18.5   0.2   1   1     5e-06   0.00051   16.9   0.2   267   410    81   228    62   233 0.60 ACNH67_002286
ACNH67_001215-T1     -            442 62823                -            445   0.00028   17.8   1.6   1   4     0.053       5.5    3.6   0.1   351   386   155   189   143   196 0.78 ACNH67_001215
ACNH67_001215-T1     -            442 62823                -            445   0.00028   17.8   1.6   2   4    0.0062      0.64    6.7   0.0   279   383   214   318   193   321 0.80 ACNH67_001215
ACNH67_001215-T1     -            442 62823                -            445   0.00028   17.8   1.6   3   4      0.39        40    0.8   0.0   295   340   329   373   314   377 0.63 ACNH67_001215
ACNH67_001215-T1     -            442 62823                -            445   0.00028   17.8   1.6   4   4      0.14        14    2.2   0.0   215   260   389   433   377   440 0.77 ACNH67_001215
ACNH67_004093-T1     -            518 62823                -            445   0.00035   17.4   0.0   1   1   9.8e-06     0.001   15.9   0.0   265   346   180   268   166   322 0.77 ACNH67_004093
ACNH67_005054-T1     -            865 62823                -            445   0.00038   17.3   0.0   1   1   6.8e-06    0.0007   16.5   0.0   278   367   296   385   276   400 0.77 ACNH67_005054
ACNH67_002774-T1     -           1020 62823                -            445   0.00095   16.0   1.0   1   2      0.34        35    1.0   0.1   371   385   137   151    80   154 0.69 ACNH67_002774
ACNH67_002774-T1     -           1020 62823                -            445   0.00095   16.0   1.0   2   2     9e-05    0.0092   12.8   0.1   235   344   183   279   167   294 0.66 ACNH67_002774
ACNH67_003118-T1     -            489 62823                -            445     0.001   15.9   0.0   1   1   2.1e-05    0.0022   14.8   0.0   277   353   232   309   217   327 0.90 ACNH67_003118
ACNH67_004768-T1     -           1488 62823                -            445    0.0011   15.9   0.0   1   1   1.9e-05     0.002   15.0   0.0   324   385  1371  1431  1349  1444 0.81 ACNH67_004768
ACNH67_003819-T1     -            843 62823                -            445    0.0012   15.7   0.2   1   2       1.2   1.3e+02   -0.8   0.0   308   342   105   137    77   144 0.80 ACNH67_003819
ACNH67_003819-T1     -            843 62823                -            445    0.0012   15.7   0.2   2   2   5.3e-05    0.0054   13.5   0.1   222   294   151   218   142   228 0.84 ACNH67_003819
ACNH67_004183-T1     -            952 62823                -            445    0.0018   15.1   1.3   1   2   0.00051     0.053   10.3   0.0   232   346   104   223    92   237 0.78 ACNH67_004183
ACNH67_004183-T1     -            952 62823                -            445    0.0018   15.1   1.3   2   2     0.081       8.4    3.0   0.2   118   158   621   661   615   683 0.73 ACNH67_004183
ACNH67_003904-T1     -            389 62823                -            445     0.004   14.0   0.0   1   3       1.2   1.3e+02   -0.9   0.0   140   178    74   116    57   121 0.70 ACNH67_003904
ACNH67_003904-T1     -            389 62823                -            445     0.004   14.0   0.0   2   3   0.00038      0.04   10.7   0.0   315   346   178   209   169   213 0.89 ACNH67_003904
ACNH67_003904-T1     -            389 62823                -            445     0.004   14.0   0.0   3   3       1.6   1.6e+02   -1.2   0.0   282   340   312   368   304   380 0.67 ACNH67_003904
ACNH67_002373-T1     -            845 62823                -            445    0.0075   13.1   0.0   1   2   0.00044     0.045   10.5   0.0   311   410   480   581   467   591 0.64 ACNH67_002373
ACNH67_002373-T1     -            845 62823                -            445    0.0075   13.1   0.0   2   2       1.2   1.2e+02   -0.8   0.0   315   383   687   711   648   756 0.46 ACNH67_002373
ACNH67_004728-T1     -            394 62823                -            445    0.0087   12.9   0.1   1   2     0.049       5.1    3.7   0.1   312   337    27    52    10    73 0.81 ACNH67_004728
ACNH67_004728-T1     -            394 62823                -            445    0.0087   12.9   0.1   2   2    0.0093      0.96    6.1   0.0   276   330   187   245   181   254 0.80 ACNH67_004728
ACNH67_000310-T1     -            401 62823                -            445     0.011   12.5   0.0   1   2      0.63        65    0.1   0.0   224   250   207   232   194   235 0.81 ACNH67_000310
ACNH67_000310-T1     -            401 62823                -            445     0.011   12.5   0.0   2   2     0.001       0.1    9.3   0.0   319   355   248   284   241   297 0.83 ACNH67_000310
ACNH67_004756-T1     -            986 62823                -            445     0.014   12.2   0.5   1   3    0.0011      0.11    9.2   0.0   153   196   220   262   200   279 0.81 ACNH67_004756
ACNH67_004756-T1     -            986 62823                -            445     0.014   12.2   0.5   2   3         2     2e+02   -1.5   0.0   252   301   457   502   450   514 0.65 ACNH67_004756
ACNH67_004756-T1     -            986 62823                -            445     0.014   12.2   0.5   3   3       2.3   2.4e+02   -1.8   0.2   281   317   937   973   927   978 0.86 ACNH67_004756
ACNH67_005088-T1     -            673 62823                -            445     0.035   10.9   0.1   1   3       0.9        93   -0.4   0.0   323   375   165   218   143   222 0.83 ACNH67_005088
ACNH67_005088-T1     -            673 62823                -            445     0.035   10.9   0.1   2   3    0.0055      0.56    6.9   0.0   287   343   262   316   244   326 0.74 ACNH67_005088
ACNH67_005088-T1     -            673 62823                -            445     0.035   10.9   0.1   3   3       1.5   1.5e+02   -1.1   0.0   327   377   342   393   322   396 0.77 ACNH67_005088
#
# Program:         hmmsearch
# Version:         3.1b2 (February 2015)
# Pipeline mode:   SEARCH
# Query file:      /home/edouard/GregarineStuff/Lgryllorum_Genome_analysis/Funannotate/Run_v3/species_train/annotate_results/busco_downloads/lineages/apicomplexa_odb12/hmms/62823at5794.hmm
# Target file:     /home/edouard/GregarineStuff/Lgryllorum_Genome_analysis/Funannotate/Run_v3/species_train/annotate_results/Leidyana_gryllorum.proteins.fa
# Option settings: hmmsearch --domtblout /home/edouard/GregarineStuff/Lgryllorum_Genome_analysis/Funannotate/Run_v3/species_train/annotate_results/busco/run_apicomplexa_odb12/hmmer_output/initial_run_results/62823at5794.out --cpu 1 /home/edouard/GregarineStuff/Lgryllorum_Genome_analysis/Funannotate/Run_v3/species_train/annotate_results/busco_downloads/lineages/apicomplexa_odb12/hmms/62823at5794.hmm /home/edouard/GregarineStuff/Lgryllorum_Genome_analysis/Funannotate/Run_v3/species_train/annotate_results/Leidyana_gryllorum.proteins.fa 
# Current dir:     /home/edouard/GregarineStuff/Lgryllorum_Genome_analysis/Funannotate/Run_v3/species_train/annotate_results
# Date:            Tue Apr  1 17:38:37 2025
# [ok]
