#                                                                            --- full sequence --- -------------- this domain -------------   hmm coord   ali coord   env coord
# target name        accession   tlen query name           accession   qlen   E-value  score  bias   #  of  c-Evalue  i-Evalue  score  bias  from    to  from    to  from    to  acc description of target
#------------------- ---------- ----- -------------------- ---------- ----- --------- ------ ----- --- --- --------- --------- ------ ----- ----- ----- ----- ----- ----- ----- ---- ---------------------
ACNH67_004652-T1     -            353 68689                -            310    4e-136  451.5   7.5   1   2  1.2e-125  1.3e-123  410.4   6.7     2   275     2   287     1   296 0.92 ACNH67_004652
ACNH67_004652-T1     -            353 68689                -            310    4e-136  451.5   7.5   2   2   6.6e-13   7.4e-11   40.0   0.0   272   309   314   351   302   352 0.87 ACNH67_004652
ACNH67_001323-T1     -            521 68689                -            310   1.2e-43  147.7  13.7   1   3   7.3e-15   8.1e-13   46.5   0.1    58   135   124   201   112   231 0.80 ACNH67_001323
ACNH67_001323-T1     -            521 68689                -            310   1.2e-43  147.7  13.7   2   3   4.5e-07     5e-05   20.9   0.5    72   152   238   329   210   332 0.67 ACNH67_001323
ACNH67_001323-T1     -            521 68689                -            310   1.2e-43  147.7  13.7   3   3   1.9e-26   2.1e-24   84.5   2.6    77   218   376   519   371   521 0.91 ACNH67_001323
ACNH67_003156-T1     -            490 68689                -            310   7.9e-37  125.3  10.1   1   2   2.1e-21   2.3e-19   68.0   0.9     6   134   164   285   159   285 0.97 ACNH67_003156
ACNH67_003156-T1     -            490 68689                -            310   7.9e-37  125.3  10.1   2   2   4.8e-22   5.3e-20   70.1   2.6    80   260   273   463   268   467 0.85 ACNH67_003156
ACNH67_002641-T1     -            638 68689                -            310   8.1e-34  115.5   0.8   1   3     0.088       9.8    3.5   0.0   107   140   323   356   307   376 0.69 ACNH67_002641
ACNH67_002641-T1     -            638 68689                -            310   8.1e-34  115.5   0.8   2   3   2.6e-08   2.9e-06   25.0   0.1    38   123   404   486   386   488 0.81 ACNH67_002641
ACNH67_002641-T1     -            638 68689                -            310   8.1e-34  115.5   0.8   3   3   2.1e-29   2.3e-27   94.3   0.1    62   222   467   628   463   633 0.91 ACNH67_002641
ACNH67_003831-T1     -           1286 68689                -            310     9e-29   98.9   4.4   1   2   1.5e-19   1.7e-17   61.9   0.6    88   221     6   138     2   151 0.92 ACNH67_003831
ACNH67_003831-T1     -           1286 68689                -            310     9e-29   98.9   4.4   2   2   2.6e-12   2.8e-10   38.1   0.2   135   257   169   292   155   303 0.63 ACNH67_003831
ACNH67_001408-T1     -            960 68689                -            310     5e-28   96.4  12.0   1   4   8.8e-05    0.0098   13.4   0.0   191   252   146   211   131   217 0.83 ACNH67_001408
ACNH67_001408-T1     -            960 68689                -            310     5e-28   96.4  12.0   2   4   0.00066     0.074   10.5   0.2    80   134   207   267   203   282 0.79 ACNH67_001408
ACNH67_001408-T1     -            960 68689                -            310     5e-28   96.4  12.0   3   4      0.25        28    2.0   0.0    68   143   377   459   366   485 0.69 ACNH67_001408
ACNH67_001408-T1     -            960 68689                -            310     5e-28   96.4  12.0   4   4     9e-24   9.9e-22   75.7   1.7    66   277   583   804   536   816 0.82 ACNH67_001408
ACNH67_005283-T1     -           1266 68689                -            310   1.2e-25   88.6   0.3   1   4   4.9e-06   0.00055   17.5   0.0   174   239   281   348   264   352 0.65 ACNH67_005283
ACNH67_005283-T1     -           1266 68689                -            310   1.2e-25   88.6   0.3   2   4   3.1e-05    0.0034   14.9   0.0    77   132   368   424   362   439 0.85 ACNH67_005283
ACNH67_005283-T1     -           1266 68689                -            310   1.2e-25   88.6   0.3   3   4   2.3e-07   2.5e-05   21.9   0.1    13   231   727   952   716   955 0.58 ACNH67_005283
ACNH67_005283-T1     -           1266 68689                -            310   1.2e-25   88.6   0.3   4   4     4e-09   4.4e-07   27.6   0.0    67   146   958  1041   953  1048 0.88 ACNH67_005283
ACNH67_004094-T1     -           1385 68689                -            310   1.9e-24   84.7   0.1   1   3   2.5e-10   2.8e-08   31.6   0.1    36   134   494   591   448   605 0.62 ACNH67_004094
ACNH67_004094-T1     -           1385 68689                -            310   1.9e-24   84.7   0.1   2   3       6.8   7.5e+02   -2.7   0.0    64   112   730   779   688   783 0.57 ACNH67_004094
ACNH67_004094-T1     -           1385 68689                -            310   1.9e-24   84.7   0.1   3   3   1.5e-15   1.6e-13   48.7   0.0    67   273   802  1025   790  1047 0.75 ACNH67_004094
ACNH67_000155-T1     -            566 68689                -            310   1.6e-23   81.6   6.9   1   3   8.9e-14   9.9e-12   42.9   1.4    60   167   271   381   266   389 0.69 ACNH67_000155
ACNH67_000155-T1     -            566 68689                -            310   1.6e-23   81.6   6.9   2   3   6.9e-12   7.7e-10   36.7   0.0    78   232   377   536   373   545 0.87 ACNH67_000155
ACNH67_000155-T1     -            566 68689                -            310   1.6e-23   81.6   6.9   3   3     0.018         2    5.8   0.2   160   178   548   566   535   566 0.84 ACNH67_000155
ACNH67_004370-T1     -            954 68689                -            310   1.5e-21   75.2   6.5   1   4   1.5e-05    0.0017   15.9   0.5    57   178     8   127     6   127 0.76 ACNH67_004370
ACNH67_004370-T1     -            954 68689                -            310   1.5e-21   75.2   6.5   2   4   1.9e-09   2.1e-07   28.7   0.4    63   137    98   174    97   184 0.90 ACNH67_004370
ACNH67_004370-T1     -            954 68689                -            310   1.5e-21   75.2   6.5   3   4   1.3e-12   1.5e-10   39.1   0.0    59   139   190   271   179   289 0.89 ACNH67_004370
ACNH67_004370-T1     -            954 68689                -            310   1.5e-21   75.2   6.5   4   4       4.8   5.3e+02   -2.2   0.0   285   306   409   430   400   432 0.91 ACNH67_004370
ACNH67_000131-T1     -            297 68689                -            310   3.3e-20   70.8   1.6   1   3   6.5e-07   7.2e-05   20.4   0.1    75   117     8    50     2    58 0.89 ACNH67_000131
ACNH67_000131-T1     -            297 68689                -            310   3.3e-20   70.8   1.6   2   3   4.1e-12   4.5e-10   37.5   0.0   112   263    69   235    56   254 0.71 ACNH67_000131
ACNH67_000131-T1     -            297 68689                -            310   3.3e-20   70.8   1.6   3   3   0.00042     0.046   11.1   0.0   185   220   258   293   247   297 0.88 ACNH67_000131
ACNH67_004907-T1     -            362 68689                -            310   1.8e-19   68.4   0.1   1   3     1e-17   1.2e-15   55.8   0.2    65   189    11   133     4   148 0.84 ACNH67_004907
ACNH67_004907-T1     -            362 68689                -            310   1.8e-19   68.4   0.1   2   3       4.9   5.4e+02   -2.2   0.0   251   303   158   206   133   209 0.64 ACNH67_004907
ACNH67_004907-T1     -            362 68689                -            310   1.8e-19   68.4   0.1   3   3    0.0012      0.13    9.7   0.0   206   242   280   318   252   330 0.83 ACNH67_004907
ACNH67_001061-T1     -            496 68689                -            310   3.2e-18   64.2   1.4   1   2   7.3e-06   0.00081   16.9   0.0    92   138   249   295   225   303 0.82 ACNH67_001061
ACNH67_001061-T1     -            496 68689                -            310   3.2e-18   64.2   1.4   2   2   1.3e-14   1.4e-12   45.7   0.6    56   219   299   469   294   485 0.80 ACNH67_001061
ACNH67_003323-T1     -           1057 68689                -            310   3.5e-18   64.1   1.2   1   3   7.5e-09   8.3e-07   26.7   0.0    60   134    62   138    54   153 0.90 ACNH67_003323
ACNH67_003323-T1     -           1057 68689                -            310   3.5e-18   64.1   1.2   2   3      0.26        29    2.0   0.0   204   243   238   277   216   300 0.67 ACNH67_003323
ACNH67_003323-T1     -           1057 68689                -            310   3.5e-18   64.1   1.2   3   3   1.2e-10   1.4e-08   32.6   0.1    60   137   306   384   278   393 0.58 ACNH67_003323
ACNH67_001454-T1     -            807 68689                -            310   2.5e-17   61.3   1.7   1   1   7.4e-19   8.3e-17   59.6   1.7    71   307   138   381   131   385 0.71 ACNH67_001454
ACNH67_001215-T1     -            442 68689                -            310   1.3e-14   52.3   1.8   1   3   8.2e-08   9.1e-06   23.3   0.2    58   132   154   228   148   231 0.86 ACNH67_001215
ACNH67_001215-T1     -            442 68689                -            310   1.3e-14   52.3   1.8   2   3    0.0004     0.045   11.2   0.0    75   175   213   317   208   330 0.70 ACNH67_001215
ACNH67_001215-T1     -            442 68689                -            310   1.3e-14   52.3   1.8   3   3   6.9e-06   0.00077   17.0   0.0   140   228   336   430   329   439 0.83 ACNH67_001215
ACNH67_002774-T1     -           1020 68689                -            310   3.6e-14   50.9   0.9   1   2     0.029       3.3    5.1   0.0    73   135    84   152    75   168 0.74 ACNH67_002774
ACNH67_002774-T1     -           1020 68689                -            310   3.6e-14   50.9   0.9   2   2   1.8e-14     2e-12   45.2   1.8    31   219   139   319   136   334 0.78 ACNH67_002774
ACNH67_000829-T1     -            430 68689                -            310   7.3e-14   49.9   1.9   1   2     7e-15   7.7e-13   46.5   1.0    56   307    91   373    76   376 0.71 ACNH67_000829
ACNH67_000829-T1     -            430 68689                -            310   7.3e-14   49.9   1.9   2   2       7.6   8.4e+02   -2.8   0.0   194   219   403   428   394   429 0.83 ACNH67_000829
ACNH67_003255-T1     -            761 68689                -            310   7.3e-14   49.9   7.8   1   5     0.036       3.9    4.8   0.0   186   221    59    94    29   110 0.78 ACNH67_003255
ACNH67_003255-T1     -            761 68689                -            310   7.3e-14   49.9   7.8   2   5   2.5e-09   2.8e-07   28.3   0.0    61   281    61   291    57   305 0.76 ACNH67_003255
ACNH67_003255-T1     -            761 68689                -            310   7.3e-14   49.9   7.8   3   5       4.7   5.2e+02   -2.2   0.0    28   102   444   524   430   539 0.47 ACNH67_003255
ACNH67_003255-T1     -            761 68689                -            310   7.3e-14   49.9   7.8   4   5       5.4     6e+02   -2.4   0.1   195   207   564   576   559   578 0.86 ACNH67_003255
ACNH67_003255-T1     -            761 68689                -            310   7.3e-14   49.9   7.8   5   5   1.8e-07   1.9e-05   22.2   0.5    60   183   634   756   614   760 0.86 ACNH67_003255
ACNH67_003296-T1     -            565 68689                -            310   1.5e-13   48.9   6.2   1   2   3.7e-12   4.1e-10   37.6   1.0    59   220   105   273    86   278 0.82 ACNH67_003296
ACNH67_003296-T1     -            565 68689                -            310   1.5e-13   48.9   6.2   2   2   8.8e-05    0.0098   13.4   0.3    58   137   281   366   275   383 0.80 ACNH67_003296
ACNH67_002822-T1     -            388 68689                -            310   4.2e-13   47.4   8.4   1   2     6e-11   6.6e-09   33.6   2.3    62   186    69   208    51   243 0.69 ACNH67_002822
ACNH67_002822-T1     -            388 68689                -            310   4.2e-13   47.4   8.4   2   2   0.00045      0.05   11.0   2.0    59   220   215   384   205   388 0.56 ACNH67_002822
ACNH67_003547-T1     -            160 68689                -            310   5.3e-13   47.1   1.2   1   1   6.2e-14   6.8e-12   43.4   1.3    58   178    15   137    11   141 0.91 ACNH67_003547
ACNH67_001808-T1     -            441 68689                -            310   4.2e-12   44.1   6.2   1   2   5.6e-11   6.2e-09   33.7   0.7    24   178   187   357   168   358 0.57 ACNH67_001808
ACNH67_001808-T1     -            441 68689                -            310   4.2e-12   44.1   6.2   2   2   3.4e-07   3.8e-05   21.3   0.6    11   114   324   435   324   438 0.77 ACNH67_001808
ACNH67_004486-T1     -            363 68689                -            310   3.9e-11   40.9   0.2   1   3   5.4e-05     0.006   14.1   0.0   183   226     5    48     1    56 0.77 ACNH67_004486
ACNH67_004486-T1     -            363 68689                -            310   3.9e-11   40.9   0.2   2   3   2.7e-05     0.003   15.1   0.1   161   237   188   263   178   270 0.74 ACNH67_004486
ACNH67_004486-T1     -            363 68689                -            310   3.9e-11   40.9   0.2   3   3    0.0039      0.43    8.0   0.0   187   218   319   350   306   359 0.89 ACNH67_004486
ACNH67_002373-T1     -            845 68689                -            310     8e-11   39.9   0.0   1   3   1.7e-09   1.8e-07   28.9   0.0    98   186   473   566   459   595 0.78 ACNH67_002373
ACNH67_002373-T1     -            845 68689                -            310     8e-11   39.9   0.0   2   3     0.015       1.6    6.1   0.0   193   230   636   673   622   679 0.87 ACNH67_002373
ACNH67_002373-T1     -            845 68689                -            310     8e-11   39.9   0.0   3   3      0.69        77    0.6   0.0   242   260   736   755   691   768 0.68 ACNH67_002373
ACNH67_005169-T1     -            638 68689                -            310   2.1e-10   38.6   1.0   1   4      0.23        25    2.2   0.0   120   141    66    87    58   108 0.69 ACNH67_005169
ACNH67_005169-T1     -            638 68689                -            310   2.1e-10   38.6   1.0   2   4      0.77        85    0.4   0.0    63    95   242   274   229   279 0.80 ACNH67_005169
ACNH67_005169-T1     -            638 68689                -            310   2.1e-10   38.6   1.0   3   4   1.7e-08   1.9e-06   25.6   0.1    59   127   281   353   276   353 0.83 ACNH67_005169
ACNH67_005169-T1     -            638 68689                -            310   2.1e-10   38.6   1.0   4   4    0.0064      0.71    7.2   0.0   202   267   343   409   339   414 0.77 ACNH67_005169
ACNH67_003819-T1     -            843 68689                -            310   2.2e-10   38.5   2.5   1   2      0.41        45    1.3   0.1   182   221     4    45     1    54 0.69 ACNH67_003819
ACNH67_003819-T1     -            843 68689                -            310   2.2e-10   38.5   2.5   2   2   1.7e-11   1.9e-09   35.4   0.6    49   178    94   219    63   224 0.80 ACNH67_003819
ACNH67_005513-T1     -           1050 68689                -            310   4.1e-09   34.3   0.2   1   1   9.4e-11     1e-08   33.0   0.2    77   260   792   977   785   984 0.85 ACNH67_005513
ACNH67_004196-T1     -            656 68689                -            310   6.1e-09   33.7   1.4   1   2       4.8   5.4e+02   -2.2   0.0   195   219    29    52    27    66 0.70 ACNH67_004196
ACNH67_004196-T1     -            656 68689                -            310   6.1e-09   33.7   1.4   2   2   1.2e-10   1.3e-08   32.6   0.5    11   242    77   324    72   360 0.67 ACNH67_004196
ACNH67_005054-T1     -            865 68689                -            310   2.3e-08   31.8   0.1   1   1   4.7e-10   5.2e-08   30.7   0.1    62   136   283   360   272   369 0.89 ACNH67_005054
ACNH67_004183-T1     -            952 68689                -            310   2.4e-08   31.8   0.1   1   2   3.5e-08   3.9e-06   24.5   0.0   196   308    97   219    78   251 0.81 ACNH67_004183
ACNH67_004183-T1     -            952 68689                -            310   2.4e-08   31.8   0.1   2   2     0.036         4    4.8   0.0    96   152   275   331   264   345 0.78 ACNH67_004183
ACNH67_001450-T1     -            491 68689                -            310   5.1e-08   30.7   0.4   1   3   1.6e-05    0.0017   15.8   0.0   187   271    84   175    79   183 0.80 ACNH67_001450
ACNH67_001450-T1     -            491 68689                -            310   5.1e-08   30.7   0.4   2   3   0.00059     0.065   10.7   0.0    62    94   187   220   177   231 0.64 ACNH67_001450
ACNH67_001450-T1     -            491 68689                -            310   5.1e-08   30.7   0.4   3   3      0.98   1.1e+02    0.1   0.1   193   223   251   280   233   287 0.69 ACNH67_001450
ACNH67_001222-T1     -            444 68689                -            310     2e-07   28.7   2.2   1   2   2.5e-06   0.00028   18.4   0.1   141   245   209   316   170   327 0.84 ACNH67_001222
ACNH67_001222-T1     -            444 68689                -            310     2e-07   28.7   2.2   2   2    0.0034      0.38    8.1   0.4   190   233   353   396   343   438 0.64 ACNH67_001222
ACNH67_005089-T1     -            618 68689                -            310   5.1e-07   27.4   0.1   1   1   9.5e-09   1.1e-06   26.4   0.1    16   103   264   354   257   367 0.79 ACNH67_005089
ACNH67_005019-T1     -            391 68689                -            310     9e-07   26.6   0.2   1   3     0.032       3.5    5.0   0.0    77    97    42    62    15    74 0.87 ACNH67_005019
ACNH67_005019-T1     -            391 68689                -            310     9e-07   26.6   0.2   2   3   2.4e-05    0.0026   15.2   0.2    29   103   106   172    90   200 0.61 ACNH67_005019
ACNH67_005019-T1     -            391 68689                -            310     9e-07   26.6   0.2   3   3       0.2        22    2.4   0.0   109   160   290   341   277   360 0.70 ACNH67_005019
ACNH67_003729-T1     -            288 68689                -            310   9.8e-07   26.5   0.5   1   2   0.00067     0.075   10.5   0.0   185   219    16    52     5    83 0.78 ACNH67_003729
ACNH67_003729-T1     -            288 68689                -            310   9.8e-07   26.5   0.5   2   2   6.3e-05     0.007   13.8   0.2   164   223   165   233   156   246 0.78 ACNH67_003729
ACNH67_004557-T1     -            555 68689                -            310   2.3e-06   25.3   0.0   1   3      0.31        34    1.7   0.0   109   136   251   278   235   311 0.62 ACNH67_004557
ACNH67_004557-T1     -            555 68689                -            310   2.3e-06   25.3   0.0   2   3     3e-06   0.00033   18.2   0.0    71   147   312   389   303   442 0.74 ACNH67_004557
ACNH67_004557-T1     -            555 68689                -            310   2.3e-06   25.3   0.0   3   3      0.41        46    1.3   0.0    70   130   489   549   466   554 0.82 ACNH67_004557
ACNH67_004756-T1     -            986 68689                -            310   1.2e-05   22.9   1.8   1   4   2.7e-06   0.00029   18.4   0.1    98   185   218   309   191   334 0.75 ACNH67_004756
ACNH67_004756-T1     -            986 68689                -            310   1.2e-05   22.9   1.8   2   4      0.83        92    0.3   0.0   278   304   548   574   531   578 0.78 ACNH67_004756
ACNH67_004756-T1     -            986 68689                -            310   1.2e-05   22.9   1.8   3   4       1.9   2.1e+02   -0.9   0.0   201   216   741   756   721   784 0.77 ACNH67_004756
ACNH67_004756-T1     -            986 68689                -            310   1.2e-05   22.9   1.8   4   4       2.5   2.7e+02   -1.2   0.2    15    78   914   979   906   984 0.69 ACNH67_004756
ACNH67_002121-T1     -           1538 68689                -            310   1.5e-05   22.6  11.4   1   4      0.48        54    1.1   0.0    78   113   465   500   448   515 0.71 ACNH67_002121
ACNH67_002121-T1     -           1538 68689                -            310   1.5e-05   22.6  11.4   2   4       1.4   1.6e+02   -0.5   0.0   244   261   537   555   520   568 0.67 ACNH67_002121
ACNH67_002121-T1     -           1538 68689                -            310   1.5e-05   22.6  11.4   3   4     0.014       1.6    6.1   0.2   190   229   821   858   813   873 0.65 ACNH67_002121
ACNH67_002121-T1     -           1538 68689                -            310   1.5e-05   22.6  11.4   4   4   5.8e-06   0.00064   17.2   2.3    77   178   902  1013   889  1021 0.64 ACNH67_002121
ACNH67_001778-T1     -            572 68689                -            310   2.2e-05   22.1   0.1   1   4       3.3   3.7e+02   -1.7   0.0   164   197   230   265   221   274 0.59 ACNH67_001778
ACNH67_001778-T1     -            572 68689                -            310   2.2e-05   22.1   0.1   2   4       2.7     3e+02   -1.4   0.0   164   265   299   319   280   327 0.53 ACNH67_001778
ACNH67_001778-T1     -            572 68689                -            310   2.2e-05   22.1   0.1   3   4     0.007      0.78    7.1   0.0   193   270   365   445   350   470 0.70 ACNH67_001778
ACNH67_001778-T1     -            572 68689                -            310   2.2e-05   22.1   0.1   4   4   0.00054      0.06   10.8   0.0   206   266   466   526   450   541 0.80 ACNH67_001778
ACNH67_001763-T1     -            450 68689                -            310     3e-05   21.6   0.6   1   1   8.1e-07     9e-05   20.0   0.6   141   265   264   402   255   449 0.45 ACNH67_001763
ACNH67_004555-T1     -            472 68689                -            310     5e-05   20.9   0.0   1   1   2.5e-06   0.00028   18.5   0.0    93   181   225   322   136   329 0.62 ACNH67_004555
ACNH67_000423-T1     -            216 68689                -            310   7.4e-05   20.3   0.5   1   3   3.5e-06   0.00039   18.0   0.1    90   178    37   127    14   137 0.71 ACNH67_000423
ACNH67_000423-T1     -            216 68689                -            310   7.4e-05   20.3   0.5   2   3     0.023       2.6    5.4   0.1    71    95   106   130    94   168 0.85 ACNH67_000423
ACNH67_000423-T1     -            216 68689                -            310   7.4e-05   20.3   0.5   3   3      0.31        34    1.7   0.0   209   266   117   179   116   195 0.71 ACNH67_000423
ACNH67_001948-T1     -            667 68689                -            310   0.00024   18.6   0.2   1   2      0.95   1.1e+02    0.1   0.1   230   261    25    56     9   117 0.78 ACNH67_001948
ACNH67_001948-T1     -            667 68689                -            310   0.00024   18.6   0.2   2   2   1.8e-05     0.002   15.6   0.0    38   101   168   234   151   249 0.79 ACNH67_001948
ACNH67_005180-T1     -            581 68689                -            310    0.0008   16.9   0.0   1   3      0.12        14    3.0   0.0   276   307    95   124    82   127 0.80 ACNH67_005180
ACNH67_005180-T1     -            581 68689                -            310    0.0008   16.9   0.0   2   3   0.00079     0.088   10.2   0.0    22   179   232   307   204   316 0.41 ACNH67_005180
ACNH67_005180-T1     -            581 68689                -            310    0.0008   16.9   0.0   3   3       8.2   9.1e+02   -3.0   0.0   202   218   389   405   376   409 0.65 ACNH67_005180
ACNH67_002768-T1     -            762 68689                -            310   0.00087   16.8   0.1   1   3       2.7     3e+02   -1.4   0.0    62    93   319   350   312   355 0.59 ACNH67_002768
ACNH67_002768-T1     -            762 68689                -            310   0.00087   16.8   0.1   2   3   6.6e-05    0.0073   13.8   0.0   185   304   541   661   503   666 0.77 ACNH67_002768
ACNH67_002768-T1     -            762 68689                -            310   0.00087   16.8   0.1   3   3       5.4     6e+02   -2.4   0.0   108   133   736   761   731   762 0.61 ACNH67_002768
ACNH67_004976-T1     -            635 68689                -            310    0.0016   15.9   0.1   1   2         5   5.6e+02   -2.3   0.0   192   221    34    66    25    97 0.63 ACNH67_004976
ACNH67_004976-T1     -            635 68689                -            310    0.0016   15.9   0.1   2   2   4.1e-05    0.0045   14.5   0.0   190   254   331   398   307   426 0.75 ACNH67_004976
ACNH67_005480-T1     -           1211 68689                -            310    0.0031   15.0   0.1   1   1   5.7e-05    0.0063   14.0   0.1    32   135   857   956   839   969 0.82 ACNH67_005480
ACNH67_000780-T1     -            335 68689                -            310    0.0062   14.0   0.6   1   3       3.6     4e+02   -1.8   0.0   233   275    52    94    24   103 0.58 ACNH67_000780
ACNH67_000780-T1     -            335 68689                -            310    0.0062   14.0   0.6   2   3   0.00044     0.048   11.1   0.3   191   262    93   164    54   207 0.77 ACNH67_000780
ACNH67_000780-T1     -            335 68689                -            310    0.0062   14.0   0.6   3   3   0.00077     0.086   10.3   0.3    81   213   108   242   105   257 0.48 ACNH67_000780
ACNH67_003501-T1     -            322 68689                -            310    0.0079   13.7   0.1   1   1   0.00012     0.013   12.9   0.1    83   138   223   277   210   285 0.86 ACNH67_003501
ACNH67_004768-T1     -           1488 68689                -            310      0.02   12.3   0.2   1   1   0.00092       0.1   10.0   0.2   188   221  1357  1390  1352  1435 0.70 ACNH67_004768
#
# Program:         hmmsearch
# Version:         3.1b2 (February 2015)
# Pipeline mode:   SEARCH
# Query file:      /home/edouard/GregarineStuff/Lgryllorum_Genome_analysis/Funannotate/Run_v3/species_train/annotate_results/busco_downloads/lineages/apicomplexa_odb12/hmms/68689at5794.hmm
# Target file:     /home/edouard/GregarineStuff/Lgryllorum_Genome_analysis/Funannotate/Run_v3/species_train/annotate_results/Leidyana_gryllorum.proteins.fa
# Option settings: hmmsearch --domtblout /home/edouard/GregarineStuff/Lgryllorum_Genome_analysis/Funannotate/Run_v3/species_train/annotate_results/busco/run_apicomplexa_odb12/hmmer_output/initial_run_results/68689at5794.out --cpu 1 /home/edouard/GregarineStuff/Lgryllorum_Genome_analysis/Funannotate/Run_v3/species_train/annotate_results/busco_downloads/lineages/apicomplexa_odb12/hmms/68689at5794.hmm /home/edouard/GregarineStuff/Lgryllorum_Genome_analysis/Funannotate/Run_v3/species_train/annotate_results/Leidyana_gryllorum.proteins.fa 
# Current dir:     /home/edouard/GregarineStuff/Lgryllorum_Genome_analysis/Funannotate/Run_v3/species_train/annotate_results
# Date:            Tue Apr  1 17:38:40 2025
# [ok]
