#                                                                            --- full sequence --- -------------- this domain -------------   hmm coord   ali coord   env coord
# target name        accession   tlen query name           accession   qlen   E-value  score  bias   #  of  c-Evalue  i-Evalue  score  bias  from    to  from    to  from    to  acc description of target
#------------------- ---------- ----- -------------------- ---------- ----- --------- ------ ----- --- --- --------- --------- ------ ----- ----- ----- ----- ----- ----- ----- ---- ---------------------
ACNH67_001935-T1     -            214 68694                -            181   7.1e-84  278.1   0.0   1   1   1.3e-86   8.2e-84  277.9   0.0     3   181    31   214    29   214 0.95 ACNH67_001935
ACNH67_002230-T1     -            167 68694                -            181   9.9e-58  192.9   0.1   1   1   1.7e-60   1.1e-57  192.8   0.1    15   180     4   166     1   167 0.96 ACNH67_002230
ACNH67_000986-T1     -            524 68694                -            181   5.8e-55  183.9   0.0   1   1   1.3e-57   8.4e-55  183.4   0.0    12   179     3   173     1   174 0.94 ACNH67_000986
ACNH67_002123-T1     -            208 68694                -            181     2e-35  120.3   0.1   1   1   6.2e-38   3.9e-35  119.3   0.1    26   157    45   167    40   188 0.86 ACNH67_002123
ACNH67_005054-T1     -            865 68694                -            181   1.6e-31  107.6   0.0   1   1     5e-34   3.1e-31  106.6   0.0    27   173   713   851   708   857 0.86 ACNH67_005054
ACNH67_003631-T1     -            173 68694                -            181   1.3e-30  104.6   0.0   1   1   3.1e-33     2e-30  104.0   0.0    25   177    23   168    11   170 0.88 ACNH67_003631
ACNH67_002299-T1     -            495 68694                -            181   7.4e-26   89.1   0.0   1   1   2.6e-28   1.7e-25   88.0   0.0    27   168   306   439   298   450 0.84 ACNH67_002299
ACNH67_000452-T1     -            493 68694                -            181   2.8e-12   44.9   0.0   1   1   7.2e-14   4.5e-11   40.9   0.0    25   155    18   153    13   168 0.74 ACNH67_000452
ACNH67_002495-T1     -            856 68694                -            181   6.4e-12   43.7   0.0   1   2   0.00016     0.098   10.5   0.0    24    77   429   474   425   486 0.81 ACNH67_002495
ACNH67_002495-T1     -            856 68694                -            181   6.4e-12   43.7   0.0   2   2   9.3e-11   5.8e-08   30.8   0.0   104   168   530   594   519   606 0.81 ACNH67_002495
#
# Program:         hmmsearch
# Version:         3.1b2 (February 2015)
# Pipeline mode:   SEARCH
# Query file:      /home/edouard/GregarineStuff/Lgryllorum_Genome_analysis/Funannotate/Run_v3/species_train/annotate_results/busco_downloads/lineages/apicomplexa_odb12/hmms/68694at5794.hmm
# Target file:     /home/edouard/GregarineStuff/Lgryllorum_Genome_analysis/Funannotate/Run_v3/species_train/annotate_results/Leidyana_gryllorum.proteins.fa
# Option settings: hmmsearch --domtblout /home/edouard/GregarineStuff/Lgryllorum_Genome_analysis/Funannotate/Run_v3/species_train/annotate_results/busco/run_apicomplexa_odb12/hmmer_output/initial_run_results/68694at5794.out --cpu 1 /home/edouard/GregarineStuff/Lgryllorum_Genome_analysis/Funannotate/Run_v3/species_train/annotate_results/busco_downloads/lineages/apicomplexa_odb12/hmms/68694at5794.hmm /home/edouard/GregarineStuff/Lgryllorum_Genome_analysis/Funannotate/Run_v3/species_train/annotate_results/Leidyana_gryllorum.proteins.fa 
# Current dir:     /home/edouard/GregarineStuff/Lgryllorum_Genome_analysis/Funannotate/Run_v3/species_train/annotate_results
# Date:            Tue Apr  1 17:38:40 2025
# [ok]
