#                                                                            --- full sequence --- -------------- this domain -------------   hmm coord   ali coord   env coord
# target name        accession   tlen query name           accession   qlen   E-value  score  bias   #  of  c-Evalue  i-Evalue  score  bias  from    to  from    to  from    to  acc description of target
#------------------- ---------- ----- -------------------- ---------- ----- --------- ------ ----- --- --- --------- --------- ------ ----- ----- ----- ----- ----- ----- ----- ---- ---------------------
ACNH67_004528-T1     -            192 68715                -            191  4.2e-102  338.4   0.0   1   1  1.5e-104  4.6e-102  338.3   0.0     3   190     2   191     1   192 0.98 ACNH67_004528
ACNH67_002063-T1     -            184 68715                -            191   2.7e-36  123.8   0.1   1   1   2.1e-38   6.3e-36  122.6   0.1    10   188     8   178     3   181 0.91 ACNH67_002063
ACNH67_003894-T1     -            181 68715                -            191   9.3e-34  115.5   0.1   1   1   3.7e-36   1.1e-33  115.3   0.1    16   151    13   148     3   174 0.94 ACNH67_003894
ACNH67_001662-T1     -            210 68715                -            191   4.3e-07   28.5   0.1   1   1     2e-09   5.8e-07   28.1   0.1    24   157    11   152     6   164 0.77 ACNH67_001662
ACNH67_002776-T1     -            201 68715                -            191   6.3e-07   28.0   0.1   1   1   2.6e-09   7.6e-07   27.7   0.1    23   134    11   126     8   174 0.78 ACNH67_002776
ACNH67_002306-T1     -           1270 68715                -            191     1e-06   27.3   0.1   1   1     6e-09   1.8e-06   26.5   0.1    17   146   394   530   383   563 0.79 ACNH67_002306
ACNH67_001456-T1     -            219 68715                -            191   1.3e-05   23.7   0.0   1   1   6.1e-08   1.8e-05   23.2   0.0    17   137     8   133     3   150 0.77 ACNH67_001456
ACNH67_002788-T1     -            201 68715                -            191   1.5e-05   23.5   0.0   1   1   6.7e-08     2e-05   23.1   0.0    21   135     8   126     2   156 0.83 ACNH67_002788
ACNH67_001721-T1     -            149 68715                -            191   2.1e-05   23.0   0.0   1   1   8.8e-08   2.6e-05   22.7   0.0    22   141    12   137     8   147 0.74 ACNH67_001721
ACNH67_003893-T1     -            265 68715                -            191   0.00015   20.3   0.0   1   2   0.00013     0.039   12.4   0.0    85   132    98   144    21   157 0.59 ACNH67_003893
ACNH67_003893-T1     -            265 68715                -            191   0.00015   20.3   0.0   2   2     0.013         4    5.8   0.0   155   187   224   256   208   260 0.77 ACNH67_003893
ACNH67_002494-T1     -            206 68715                -            191   0.00018   20.0   0.1   1   1   7.7e-07   0.00023   19.6   0.1    22   137    14   133     9   179 0.72 ACNH67_002494
ACNH67_002251-T1     -            281 68715                -            191   0.00021   19.8   0.0   1   1     8e-06    0.0024   16.3   0.0    51   146    82   178    16   198 0.67 ACNH67_002251
ACNH67_003203-T1     -            220 68715                -            191   0.00042   18.8   0.0   1   2   3.3e-06   0.00098   17.6   0.0    22   139    17   137    13   161 0.82 ACNH67_003203
ACNH67_003203-T1     -            220 68715                -            191   0.00042   18.8   0.0   2   2       4.9   1.5e+03   -2.6   0.0   118   144   184   207   177   213 0.74 ACNH67_003203
ACNH67_003502-T1     -            480 68715                -            191   0.00086   17.8   0.0   1   1   4.7e-06    0.0014   17.1   0.0    21   140   278   402   266   411 0.77 ACNH67_003502
ACNH67_005137-T1     -            163 68715                -            191    0.0037   15.7   0.1   1   1   2.1e-05    0.0061   15.0   0.1    88   130   113   157   104   162 0.85 ACNH67_005137
ACNH67_002992-T1     -            528 68715                -            191     0.006   15.0   0.0   1   2     0.015       4.6    5.6   0.0    76   100   215   242   207   286 0.65 ACNH67_002992
ACNH67_002992-T1     -            528 68715                -            191     0.006   15.0   0.0   2   2     0.006       1.8    7.0   0.0    13    50   316   353   306   362 0.84 ACNH67_002992
ACNH67_001182-T1     -            150 68715                -            191     0.017   13.6   0.0   1   1     8e-05     0.024   13.1   0.0   124   149     6    31     1    40 0.89 ACNH67_001182
ACNH67_001893-T1     -            680 68715                -            191     0.028   12.8   0.0   1   2   0.00027     0.079   11.4   0.0    63   111    19    67    15    72 0.91 ACNH67_001893
ACNH67_001893-T1     -            680 68715                -            191     0.028   12.8   0.0   2   2       5.3   1.6e+03   -2.7   0.0   122   139    94   111    90   132 0.76 ACNH67_001893
ACNH67_001468-T1     -            254 68715                -            191     0.051   12.0   0.0   1   1   0.00026     0.079   11.4   0.0    62   136    58   131     7   157 0.75 ACNH67_001468
#
# Program:         hmmsearch
# Version:         3.1b2 (February 2015)
# Pipeline mode:   SEARCH
# Query file:      /home/edouard/GregarineStuff/Lgryllorum_Genome_analysis/Funannotate/Run_v3/species_train/annotate_results/busco_downloads/lineages/apicomplexa_odb12/hmms/68715at5794.hmm
# Target file:     /home/edouard/GregarineStuff/Lgryllorum_Genome_analysis/Funannotate/Run_v3/species_train/annotate_results/Leidyana_gryllorum.proteins.fa
# Option settings: hmmsearch --domtblout /home/edouard/GregarineStuff/Lgryllorum_Genome_analysis/Funannotate/Run_v3/species_train/annotate_results/busco/run_apicomplexa_odb12/hmmer_output/initial_run_results/68715at5794.out --cpu 1 /home/edouard/GregarineStuff/Lgryllorum_Genome_analysis/Funannotate/Run_v3/species_train/annotate_results/busco_downloads/lineages/apicomplexa_odb12/hmms/68715at5794.hmm /home/edouard/GregarineStuff/Lgryllorum_Genome_analysis/Funannotate/Run_v3/species_train/annotate_results/Leidyana_gryllorum.proteins.fa 
# Current dir:     /home/edouard/GregarineStuff/Lgryllorum_Genome_analysis/Funannotate/Run_v3/species_train/annotate_results
# Date:            Tue Apr  1 17:38:42 2025
# [ok]
