#                                                                            --- full sequence --- -------------- this domain -------------   hmm coord   ali coord   env coord
# target name        accession   tlen query name           accession   qlen   E-value  score  bias   #  of  c-Evalue  i-Evalue  score  bias  from    to  from    to  from    to  acc description of target
#------------------- ---------- ----- -------------------- ---------- ----- --------- ------ ----- --- --- --------- --------- ------ ----- ----- ----- ----- ----- ----- ----- ---- ---------------------
ACNH67_003220-T1     -            158 68711                -            159   1.4e-91  302.5   0.1   1   1   2.5e-94   1.5e-91  302.3   0.1     1   159     1   158     1   158 0.99 ACNH67_003220
ACNH67_002718-T1     -            178 68711                -            159   1.1e-36  124.1   0.0   1   1   2.3e-39   1.4e-36  123.7   0.0    36   151    36   149     9   156 0.92 ACNH67_002718
ACNH67_004300-T1     -            147 68711                -            159   5.5e-28   95.8   0.0   1   1   1.1e-30   6.7e-28   95.5   0.0     3   150     1   140     1   146 0.94 ACNH67_004300
ACNH67_000114-T1     -            165 68711                -            159   4.1e-26   89.7   0.0   1   1   1.5e-28   9.5e-26   88.5   0.0    35   151    32   160    23   164 0.90 ACNH67_000114
ACNH67_000981-T1     -            201 68711                -            159   3.5e-24   83.4   0.0   1   1   7.2e-27   4.5e-24   83.1   0.0    32   152    35   151     5   158 0.89 ACNH67_000981
ACNH67_004283-T1     -            150 68711                -            159   5.2e-20   69.9   0.0   1   1   9.8e-23   6.2e-20   69.6   0.0     6   131     5   122     1   144 0.84 ACNH67_004283
ACNH67_002641-T1     -            638 68711                -            159   1.1e-11   42.8   0.0   1   1   3.7e-14   2.3e-11   41.8   0.0    53   131    74   150    61   175 0.86 ACNH67_002641
ACNH67_004243-T1     -            492 68711                -            159   5.1e-07   27.7   0.1   1   2   7.4e-07   0.00046   18.0   0.0     6   121     3   114     1   133 0.76 ACNH67_004243
ACNH67_004243-T1     -            492 68711                -            159   5.1e-07   27.7   0.1   2   2    0.0014       0.9    7.4   0.0    58    88   319   349   302   383 0.78 ACNH67_004243
ACNH67_003483-T1     -            418 68711                -            159    0.0024   15.7   0.0   1   1   6.6e-06    0.0041   14.9   0.0    39   124    58   142    52   150 0.87 ACNH67_003483
#
# Program:         hmmsearch
# Version:         3.1b2 (February 2015)
# Pipeline mode:   SEARCH
# Query file:      /home/edouard/GregarineStuff/Lgryllorum_Genome_analysis/Funannotate/Run_v3/species_train/annotate_results/busco_downloads/lineages/apicomplexa_odb12/hmms/68711at5794.hmm
# Target file:     /home/edouard/GregarineStuff/Lgryllorum_Genome_analysis/Funannotate/Run_v3/species_train/annotate_results/Leidyana_gryllorum.proteins.fa
# Option settings: hmmsearch --domtblout /home/edouard/GregarineStuff/Lgryllorum_Genome_analysis/Funannotate/Run_v3/species_train/annotate_results/busco/run_apicomplexa_odb12/hmmer_output/initial_run_results/68711at5794.out --cpu 1 /home/edouard/GregarineStuff/Lgryllorum_Genome_analysis/Funannotate/Run_v3/species_train/annotate_results/busco_downloads/lineages/apicomplexa_odb12/hmms/68711at5794.hmm /home/edouard/GregarineStuff/Lgryllorum_Genome_analysis/Funannotate/Run_v3/species_train/annotate_results/Leidyana_gryllorum.proteins.fa 
# Current dir:     /home/edouard/GregarineStuff/Lgryllorum_Genome_analysis/Funannotate/Run_v3/species_train/annotate_results
# Date:            Tue Apr  1 17:38:42 2025
# [ok]
