#                                                                            --- full sequence --- -------------- this domain -------------   hmm coord   ali coord   env coord
# target name        accession   tlen query name           accession   qlen   E-value  score  bias   #  of  c-Evalue  i-Evalue  score  bias  from    to  from    to  from    to  acc description of target
#------------------- ---------- ----- -------------------- ---------- ----- --------- ------ ----- --- --- --------- --------- ------ ----- ----- ----- ----- ----- ----- ----- ---- ---------------------
ACNH67_005244-T1     -            386 68727                -            335  2.4e-158  524.9   0.0   1   1  5.1e-160  3.1e-158  524.5   0.0     6   333    16   360    11   362 0.94 ACNH67_005244
ACNH67_005260-T1     -            397 68727                -            335  5.3e-130  431.7   0.0   1   1  1.1e-131  6.7e-130  431.4   0.0    12   290   108   397   104   397 0.94 ACNH67_005260
ACNH67_003858-T1     -            525 68727                -            335   1.1e-61  207.1   0.0   1   1   2.2e-63   1.4e-61  206.8   0.0     5   306     4   312     1   343 0.84 ACNH67_003858
ACNH67_003730-T1     -            286 68727                -            335     2e-58  196.4   0.0   1   1   3.8e-60   2.3e-58  196.2   0.0    13   298     3   285     1   286 0.89 ACNH67_003730
ACNH67_000097-T1     -            410 68727                -            335   5.5e-56  188.4   0.0   1   2   3.9e-27   2.4e-25   87.7   0.0     7   148    45   192    40   197 0.84 ACNH67_000097
ACNH67_000097-T1     -            410 68727                -            335   5.5e-56  188.4   0.0   2   2   1.7e-30   1.1e-28   98.7   0.0   152   303   250   406   241   410 0.84 ACNH67_000097
ACNH67_004964-T1     -            442 68727                -            335   9.7e-50  167.8   5.9   1   3   4.6e-27   2.8e-25   87.4   0.8    12   166    31   186    23   192 0.87 ACNH67_004964
ACNH67_004964-T1     -            442 68727                -            335   9.7e-50  167.8   5.9   2   3   1.6e-12     1e-10   39.6   0.0   172   209   219   256   210   261 0.90 ACNH67_004964
ACNH67_004964-T1     -            442 68727                -            335   9.7e-50  167.8   5.9   3   3     3e-13   1.9e-11   42.0   0.1   221   327   299   408   292   415 0.81 ACNH67_004964
ACNH67_001957-T1     -            771 68727                -            335   2.6e-49  166.4   0.0   1   2   1.5e-20   9.3e-19   66.0   0.0    18   151   419   570   408   575 0.75 ACNH67_001957
ACNH67_001957-T1     -            771 68727                -            335   2.6e-49  166.4   0.0   2   2   3.1e-30   1.9e-28   97.9   0.0   143   298   609   769   605   770 0.83 ACNH67_001957
ACNH67_004277-T1     -            378 68727                -            335   1.7e-46  157.2   0.0   1   1   3.7e-48   2.3e-46  156.8   0.0     9   299    62   357    55   369 0.83 ACNH67_004277
ACNH67_002756-T1     -            373 68727                -            335   1.5e-45  154.0   0.4   1   2   3.8e-33   2.3e-31  107.4   0.1    12   213    48   244    39   249 0.88 ACNH67_002756
ACNH67_002756-T1     -            373 68727                -            335   1.5e-45  154.0   0.4   2   2   7.4e-14   4.6e-12   44.0   0.0   207   306   263   371   255   373 0.81 ACNH67_002756
ACNH67_002957-T1     -            477 68727                -            335   4.6e-43  145.9   0.0   1   1   7.9e-43   4.8e-41  139.2   0.0    16   301    12   321     4   333 0.80 ACNH67_002957
ACNH67_004295-T1     -            623 68727                -            335   3.7e-41  139.6   0.0   1   3   7.3e-07   4.5e-05   21.0   0.0     8    75    51   125    44   133 0.85 ACNH67_004295
ACNH67_004295-T1     -            623 68727                -            335   3.7e-41  139.6   0.0   2   3   1.9e-13   1.1e-11   42.7   0.0    83   166   203   285   197   296 0.92 ACNH67_004295
ACNH67_004295-T1     -            623 68727                -            335   3.7e-41  139.6   0.0   3   3   5.5e-22   3.4e-20   70.7   0.0   174   303   312   457   303   490 0.73 ACNH67_004295
ACNH67_005221-T1     -            316 68727                -            335   2.3e-40  137.0   0.0   1   1   5.4e-42   3.4e-40  136.5   0.0    12   239    38   268    31   301 0.85 ACNH67_005221
ACNH67_004661-T1     -            883 68727                -            335   3.1e-36  123.4   0.0   1   2   1.6e-34     1e-32  111.9   0.0    11   219   117   321   110   329 0.85 ACNH67_004661
ACNH67_004661-T1     -            883 68727                -            335   3.1e-36  123.4   0.0   2   2    0.0028      0.17    9.2   0.0   267   299   341   373   335   402 0.87 ACNH67_004661
ACNH67_003077-T1     -            558 68727                -            335   3.4e-35  120.0   0.1   1   2   4.3e-34   2.6e-32  110.5   0.1    16   240   208   436   198   485 0.77 ACNH67_003077
ACNH67_003077-T1     -            558 68727                -            335   3.4e-35  120.0   0.1   2   2      0.01      0.63    7.4   0.0   264   301   512   549   499   557 0.81 ACNH67_003077
ACNH67_004114-T1     -            514 68727                -            335   4.3e-35  119.7   0.0   1   2   7.9e-10   4.8e-08   30.8   0.1    59   163     1   101     1   108 0.81 ACNH67_004114
ACNH67_004114-T1     -            514 68727                -            335   4.3e-35  119.7   0.0   2   2   8.7e-27   5.3e-25   86.5   0.0   171   298   196   335   185   353 0.84 ACNH67_004114
ACNH67_004075-T1     -            655 68727                -            335   7.5e-33  112.3   0.1   1   3   3.7e-10   2.3e-08   31.8   0.0    13    71   117   180   110   182 0.81 ACNH67_004075
ACNH67_004075-T1     -            655 68727                -            335   7.5e-33  112.3   0.1   2   3   5.6e-19   3.5e-17   60.8   0.0   119   219   282   382   244   391 0.85 ACNH67_004075
ACNH67_004075-T1     -            655 68727                -            335   7.5e-33  112.3   0.1   3   3   2.4e-05    0.0015   16.0   0.0   265   299   403   437   388   459 0.85 ACNH67_004075
ACNH67_004832-T1     -            867 68727                -            335     5e-32  109.6   1.2   1   1   4.8e-33     3e-31  107.1   1.2    13   298   541   857   535   863 0.74 ACNH67_004832
ACNH67_004409-T1     -           2132 68727                -            335   1.2e-31  108.3   0.3   1   2   3.2e-27     2e-25   87.9   0.1    11   220  1628  1836  1620  1844 0.82 ACNH67_004409
ACNH67_004409-T1     -           2132 68727                -            335   1.2e-31  108.3   0.3   2   2   4.9e-06    0.0003   18.3   0.0   267   317  1858  1908  1850  1925 0.85 ACNH67_004409
ACNH67_000828-T1     -            471 68727                -            335     2e-31  107.6   0.0   1   1   8.3e-33   5.1e-31  106.3   0.0     8   307    12   350     7   367 0.78 ACNH67_000828
ACNH67_004293-T1     -            322 68727                -            335   3.9e-31  106.7   0.1   1   2   3.8e-29   2.3e-27   94.3   0.1     5   218    32   254    28   273 0.81 ACNH67_004293
ACNH67_004293-T1     -            322 68727                -            335   3.9e-31  106.7   0.1   2   2    0.0038      0.23    8.8   0.0   267   297   277   307   266   315 0.90 ACNH67_004293
ACNH67_001409-T1     -            502 68727                -            335     6e-31  106.1   0.0   1   2   4.7e-26   2.9e-24   84.1   0.0    12   216    37   245    28   257 0.79 ACNH67_001409
ACNH67_001409-T1     -            502 68727                -            335     6e-31  106.1   0.0   2   2   2.1e-06   0.00013   19.5   0.0   265   317   269   321   252   339 0.82 ACNH67_001409
ACNH67_002049-T1     -            352 68727                -            335   3.1e-30  103.7   0.0   1   1   6.8e-32   4.2e-30  103.3   0.0     9   221   102   311    93   320 0.82 ACNH67_002049
ACNH67_002449-T1     -            467 68727                -            335   5.1e-30  103.0   0.0   1   4         2   1.2e+02   -0.2   0.0    13    43     3    33     1    39 0.86 ACNH67_002449
ACNH67_002449-T1     -            467 68727                -            335   5.1e-30  103.0   0.0   2   4   1.3e-07     8e-06   23.5   0.0   115   161   170   224   160   232 0.81 ACNH67_002449
ACNH67_002449-T1     -            467 68727                -            335   5.1e-30  103.0   0.0   3   4     2e-16   1.2e-14   52.5   0.0   172   239   265   332   258   344 0.94 ACNH67_002449
ACNH67_002449-T1     -            467 68727                -            335   5.1e-30  103.0   0.0   4   4   5.4e-07   3.4e-05   21.4   0.0   250   303   408   464   405   467 0.76 ACNH67_002449
ACNH67_003675-T1     -            596 68727                -            335   1.3e-29  101.7   0.1   1   2   1.7e-26     1e-24   85.6   0.0     8   219   149   359   143   368 0.82 ACNH67_003675
ACNH67_003675-T1     -            596 68727                -            335   1.3e-29  101.7   0.1   2   2   0.00011    0.0065   13.9   0.0   262   301   376   415   360   436 0.83 ACNH67_003675
ACNH67_001032-T1     -            605 68727                -            335   4.7e-29   99.8   0.1   1   2   1.2e-27   7.3e-26   89.3   0.1    12   226   137   350   128   354 0.83 ACNH67_001032
ACNH67_001032-T1     -            605 68727                -            335   4.7e-29   99.8   0.1   2   2    0.0052      0.32    8.3   0.0   265   306   364   405   352   427 0.81 ACNH67_001032
ACNH67_003062-T1     -            577 68727                -            335   5.4e-29   99.6   0.0   1   2   5.4e-28   3.3e-26   90.5   0.0    12   216    69   269    62   285 0.84 ACNH67_003062
ACNH67_003062-T1     -            577 68727                -            335   5.4e-29   99.6   0.0   2   2     0.014      0.89    6.9   0.0   265   305   293   333   275   354 0.78 ACNH67_003062
ACNH67_001062-T1     -           1824 68727                -            335   7.8e-29   99.1   0.2   1   2   2.5e-27   1.5e-25   88.3   0.2     7   212  1236  1441  1230  1449 0.82 ACNH67_001062
ACNH67_001062-T1     -           1824 68727                -            335   7.8e-29   99.1   0.2   2   2    0.0044      0.27    8.6   0.0   264   301  1471  1508  1457  1527 0.80 ACNH67_001062
ACNH67_002523-T1     -            677 68727                -            335   1.1e-28   98.6   0.1   1   1   4.5e-30   2.8e-28   97.3   0.0    13   223   363   567   352   576 0.84 ACNH67_002523
ACNH67_003806-T1     -            484 68727                -            335   2.5e-27   94.2   0.0   1   1   6.2e-29   3.8e-27   93.6   0.0     7   215   153   359   147   368 0.83 ACNH67_003806
ACNH67_002687-T1     -            638 68727                -            335   4.7e-27   93.3   0.0   1   2   2.4e-21   1.5e-19   68.6   0.0     9   160   170   324   164   334 0.86 ACNH67_002687
ACNH67_002687-T1     -            638 68727                -            335   4.7e-27   93.3   0.0   2   2   1.7e-06   0.00011   19.8   0.0   178   308   378   497   367   522 0.75 ACNH67_002687
ACNH67_001150-T1     -            290 68727                -            335   7.8e-27   92.5   0.2   1   2   9.2e-26   5.6e-24   83.1   0.1    52   228    30   197     3   202 0.87 ACNH67_001150
ACNH67_001150-T1     -            290 68727                -            335   7.8e-27   92.5   0.2   2   2    0.0084      0.52    7.6   0.0   266   307   210   251   198   267 0.85 ACNH67_001150
ACNH67_002686-T1     -            701 68727                -            335   2.2e-26   91.0   0.0   1   3   1.8e-19   1.1e-17   62.5   0.0    10   160   191   358   184   367 0.77 ACNH67_002686
ACNH67_002686-T1     -            701 68727                -            335   2.2e-26   91.0   0.0   2   3     0.019       1.2    6.5   0.0   178   214   412   446   402   467 0.85 ACNH67_002686
ACNH67_002686-T1     -            701 68727                -            335   2.2e-26   91.0   0.0   3   3   7.4e-06   0.00046   17.7   0.0   268   308   478   518   465   543 0.85 ACNH67_002686
ACNH67_005443-T1     -            702 68727                -            335   6.3e-26   89.6   0.0   1   1   1.6e-27   9.6e-26   89.0   0.0    18   229    50   267    40   279 0.85 ACNH67_005443
ACNH67_000126-T1     -            665 68727                -            335   9.9e-26   88.9   0.4   1   2   1.9e-25   1.2e-23   82.1   0.1    11   219   204   414   201   425 0.81 ACNH67_000126
ACNH67_000126-T1     -            665 68727                -            335   9.9e-26   88.9   0.4   2   2     0.096       5.9    4.2   0.0   267   302   436   471   417   503 0.78 ACNH67_000126
ACNH67_003262-T1     -           1267 68727                -            335   1.4e-25   88.4   0.0   1   1   4.5e-27   2.7e-25   87.5   0.0     9   217    11   222     4   230 0.86 ACNH67_003262
ACNH67_005347-T1     -            346 68727                -            335   3.8e-25   87.0   0.0   1   2   1.3e-26     8e-25   85.9   0.0    13   220    37   243    29   255 0.81 ACNH67_005347
ACNH67_005347-T1     -            346 68727                -            335   3.8e-25   87.0   0.0   2   2       9.3   5.7e+02   -2.4   0.0   260   291   254   285   243   297 0.78 ACNH67_005347
ACNH67_004049-T1     -            914 68727                -            335   1.1e-24   85.5   0.2   1   2   5.6e-21   3.5e-19   67.4   0.0    12   163   318   466   309   473 0.85 ACNH67_004049
ACNH67_004049-T1     -            914 68727                -            335   1.1e-24   85.5   0.2   2   2   0.00057     0.035   11.5   0.3   247   301   569   623   507   636 0.71 ACNH67_004049
ACNH67_004036-T1     -            504 68727                -            335   2.5e-24   84.3   0.0   1   1   4.8e-24     3e-22   77.5   0.0    14   297   185   501   180   504 0.71 ACNH67_004036
ACNH67_001045-T1     -            528 68727                -            335   7.9e-24   82.7   0.0   1   1   1.8e-25   1.1e-23   82.1   0.0   115   305   237   423   227   451 0.87 ACNH67_001045
ACNH67_003394-T1     -            537 68727                -            335   8.6e-24   82.5   0.0   1   2   9.5e-23   5.8e-21   73.2   0.0    18   218    75   287    61   298 0.80 ACNH67_003394
ACNH67_003394-T1     -            537 68727                -            335   8.6e-24   82.5   0.0   2   2     0.012      0.74    7.1   0.0   266   297   310   341   304   360 0.86 ACNH67_003394
ACNH67_000353-T1     -            981 68727                -            335   9.7e-24   82.4   0.0   1   1   2.9e-25   1.8e-23   81.5   0.0    12   223   665   876   656   914 0.83 ACNH67_000353
ACNH67_004244-T1     -            846 68727                -            335   2.6e-23   81.0   1.7   1   2   5.7e-07   3.5e-05   21.4   0.9     6    81    37   132    33   137 0.73 ACNH67_004244
ACNH67_004244-T1     -            846 68727                -            335   2.6e-23   81.0   1.7   2   2   9.4e-17   5.8e-15   53.5   0.0   120   216   229   322   214   412 0.81 ACNH67_004244
ACNH67_004527-T1     -            526 68727                -            335   2.9e-23   80.8   0.0   1   2   2.1e-24   1.3e-22   78.6   0.0    35   225     4   192     1   198 0.81 ACNH67_004527
ACNH67_004527-T1     -            526 68727                -            335   2.9e-23   80.8   0.0   2   2       1.2        72    0.6   0.0   257   295   196   234   180   247 0.76 ACNH67_004527
ACNH67_005582-T1     -            631 68727                -            335   4.9e-23   80.0   0.5   1   2   7.1e-19   4.3e-17   60.5   0.1    15   214   170   372   161   385 0.79 ACNH67_005582
ACNH67_005582-T1     -            631 68727                -            335   4.9e-23   80.0   0.5   2   2   2.3e-05    0.0014   16.1   0.0   254   312   387   444   374   467 0.76 ACNH67_005582
ACNH67_003054-T1     -            700 68727                -            335   5.7e-21   73.3   0.0   1   2   4.4e-22   2.7e-20   71.1   0.0    17   226   123   331   116   338 0.77 ACNH67_003054
ACNH67_003054-T1     -            700 68727                -            335   5.7e-21   73.3   0.0   2   2       6.7   4.1e+02   -1.9   0.0   268   289   353   374   350   394 0.81 ACNH67_003054
ACNH67_001203-T1     -           1491 68727                -            335   2.6e-19   67.8   0.0   1   1   8.1e-21     5e-19   66.9   0.0    10   229  1218  1442  1212  1451 0.80 ACNH67_001203
ACNH67_005579-T1     -            415 68727                -            335     5e-19   66.9   0.3   1   3     5e-08   3.1e-06   24.8   0.0    15    74   165   230   156   236 0.81 ACNH67_005579
ACNH67_005579-T1     -            415 68727                -            335     5e-19   66.9   0.3   2   3   5.1e-08   3.2e-06   24.8   0.0   136   214   271   351   265   365 0.81 ACNH67_005579
ACNH67_005579-T1     -            415 68727                -            335     5e-19   66.9   0.3   3   3   8.7e-05    0.0053   14.2   0.0   254   299   366   410   353   415 0.85 ACNH67_005579
ACNH67_000225-T1     -            904 68727                -            335   2.6e-18   64.5   0.0   1   2   9.7e-15     6e-13   46.9   0.0     9   160    34   192    26   206 0.78 ACNH67_000225
ACNH67_000225-T1     -            904 68727                -            335   2.6e-18   64.5   0.0   2   2   4.8e-05     0.003   15.0   0.0   191   218   254   283   246   380 0.87 ACNH67_000225
ACNH67_004408-T1     -            773 68727                -            335   2.9e-18   64.4   0.0   1   2   3.1e-19   1.9e-17   61.7   0.0    38   218    67   253    23   258 0.71 ACNH67_004408
ACNH67_004408-T1     -            773 68727                -            335   2.9e-18   64.4   0.0   2   2         2   1.3e+02   -0.2   0.0   267   295   271   299   268   303 0.85 ACNH67_004408
ACNH67_002848-T1     -            852 68727                -            335   5.2e-18   63.5   0.1   1   3       4.6   2.8e+02   -1.3   0.0    11    43    90   124    87   150 0.81 ACNH67_002848
ACNH67_002848-T1     -            852 68727                -            335   5.2e-18   63.5   0.1   2   3   3.8e-07   2.3e-05   22.0   0.1    66   147   177   256   171   260 0.90 ACNH67_002848
ACNH67_002848-T1     -            852 68727                -            335   5.2e-18   63.5   0.1   3   3   7.9e-12   4.8e-10   37.3   0.0   138   300   533   712   530   726 0.72 ACNH67_002848
ACNH67_004794-T2     -           1125 68727                -            335   8.4e-18   62.9   0.0   1   3     0.027       1.7    6.0   0.0    10    48   361   399   354   432 0.81 ACNH67_004794
ACNH67_004794-T2     -           1125 68727                -            335   8.4e-18   62.9   0.0   2   3   1.7e-16   1.1e-14   52.6   0.0    79   214   468   611   458   628 0.80 ACNH67_004794
ACNH67_004794-T2     -           1125 68727                -            335   8.4e-18   62.9   0.0   3   3       2.2   1.4e+02   -0.3   0.0   267   311   642   686   626   703 0.76 ACNH67_004794
ACNH67_004794-T1     -           1179 68727                -            335   9.9e-18   62.6   0.0   1   3     0.029       1.8    5.9   0.0    10    48   361   399   354   432 0.81 ACNH67_004794
ACNH67_004794-T1     -           1179 68727                -            335   9.9e-18   62.6   0.0   2   3   1.9e-16   1.2e-14   52.5   0.0    79   214   468   611   459   628 0.80 ACNH67_004794
ACNH67_004794-T1     -           1179 68727                -            335   9.9e-18   62.6   0.0   3   3       2.4   1.5e+02   -0.4   0.0   267   311   642   686   626   702 0.75 ACNH67_004794
ACNH67_002165-T1     -           1516 68727                -            335   7.4e-17   59.8   0.1   1   4    0.0041      0.25    8.7   0.0    12    46   709   742   703   757 0.86 ACNH67_002165
ACNH67_002165-T1     -           1516 68727                -            335   7.4e-17   59.8   0.1   2   4   0.00045     0.028   11.8   0.0    49    98   832   876   827   894 0.82 ACNH67_002165
ACNH67_002165-T1     -           1516 68727                -            335   7.4e-17   59.8   0.1   3   4    0.0025      0.15    9.4   0.0   123   150   930   959   916   966 0.78 ACNH67_002165
ACNH67_002165-T1     -           1516 68727                -            335   7.4e-17   59.8   0.1   4   4   1.8e-07   1.1e-05   23.0   0.0   176   297  1384  1511  1376  1515 0.72 ACNH67_002165
ACNH67_004412-T1     -            387 68727                -            335   2.2e-16   58.2   0.0   1   1   6.1e-18   3.8e-16   57.4   0.0    54   211    19   171     3   189 0.79 ACNH67_004412
ACNH67_003146-T1     -            655 68727                -            335   2.5e-15   54.7   0.0   1   3     8e-07   4.9e-05   20.9   0.0   115   148   416   449   365   455 0.88 ACNH67_003146
ACNH67_003146-T1     -            655 68727                -            335   2.5e-15   54.7   0.0   2   3   5.2e-07   3.2e-05   21.5   0.0   149   214   503   570   470   583 0.73 ACNH67_003146
ACNH67_003146-T1     -            655 68727                -            335   2.5e-15   54.7   0.0   3   3    0.0043      0.27    8.6   0.0   266   298   591   623   578   639 0.88 ACNH67_003146
ACNH67_002685-T1     -            740 68727                -            335   7.1e-15   53.2   1.0   1   1   7.8e-15   4.8e-13   47.2   1.0    54   211   455   623   449   628 0.68 ACNH67_002685
ACNH67_003409-T1     -           1358 68727                -            335   2.4e-14   51.5   0.0   1   1     6e-16   3.7e-14   50.9   0.0   119   212   875   974   767   985 0.83 ACNH67_003409
ACNH67_000199-T1     -            563 68727                -            335   1.2e-13   49.2   0.0   1   1   3.3e-15     2e-13   48.4   0.0    12   211   237   467   230   475 0.72 ACNH67_000199
ACNH67_000223-T1     -            347 68727                -            335   1.7e-13   48.7   0.0   1   1   5.5e-15   3.4e-13   47.7   0.0     7   159    97   256    92   264 0.77 ACNH67_000223
ACNH67_000838-T1     -            320 68727                -            335   2.1e-13   48.4   0.0   1   1   7.4e-15   4.5e-13   47.3   0.0   114   216   141   247    70   263 0.79 ACNH67_000838
ACNH67_003188-T1     -            329 68727                -            335   2.1e-13   48.4   0.0   1   2   5.3e-14   3.3e-12   44.5   0.0   109   220    50   164    10   173 0.79 ACNH67_003188
ACNH67_003188-T1     -            329 68727                -            335   2.1e-13   48.4   0.0   2   2      0.45        28    2.0   0.0   266   298   191   223   167   257 0.85 ACNH67_003188
ACNH67_002277-T1     -            486 68727                -            335   2.4e-13   48.2   0.0   1   1   7.4e-13   4.5e-11   40.7   0.0    42   212   192   378   133   384 0.66 ACNH67_002277
ACNH67_002902-T1     -            327 68727                -            335   2.9e-13   47.9   0.0   1   1   8.2e-15   5.1e-13   47.1   0.0    18   220    24   244    12   249 0.70 ACNH67_002902
ACNH67_002436-T1     -            305 68727                -            335   3.9e-13   47.5   0.0   1   2   1.7e-13     1e-11   42.8   0.0   120   219    29   128    11   134 0.82 ACNH67_002436
ACNH67_002436-T1     -            305 68727                -            335   3.9e-13   47.5   0.0   2   2      0.29        18    2.6   0.0   268   299   152   183   147   206 0.90 ACNH67_002436
ACNH67_004099-T1     -            462 68727                -            335   3.2e-12   44.5   0.0   1   2   5.4e-10   3.3e-08   31.3   0.0   121   172   105   156    94   171 0.85 ACNH67_004099
ACNH67_004099-T1     -            462 68727                -            335   3.2e-12   44.5   0.0   2   2   0.00077     0.048   11.1   0.0   181   216   193   228   176   233 0.83 ACNH67_004099
ACNH67_002903-T1     -            600 68727                -            335   7.5e-12   43.3   0.7   1   3   8.4e-09   5.2e-07   27.4   0.1   103   146   245   288   242   295 0.90 ACNH67_002903
ACNH67_002903-T1     -            600 68727                -            335   7.5e-12   43.3   0.7   2   3    0.0011     0.068   10.6   0.0   179   212   352   384   318   390 0.89 ACNH67_002903
ACNH67_002903-T1     -            600 68727                -            335   7.5e-12   43.3   0.7   3   3       0.5        30    1.8   0.0   270   298   422   451   415   476 0.77 ACNH67_002903
ACNH67_003613-T1     -            401 68727                -            335   9.4e-10   36.4   0.0   1   2   0.00062     0.038   11.4   0.0    13    43    19    49    14    73 0.90 ACNH67_003613
ACNH67_003613-T1     -            401 68727                -            335   9.4e-10   36.4   0.0   2   2     2e-07   1.2e-05   22.9   0.0   125   165   204   246   177   260 0.83 ACNH67_003613
ACNH67_003228-T1     -            301 68727                -            335   2.9e-09   34.8   0.0   1   1   6.7e-11   4.1e-09   34.3   0.0   116   165    25    76    10    96 0.84 ACNH67_003228
ACNH67_000564-T1     -            871 68727                -            335   3.5e-09   34.5   0.0   1   2    0.0088      0.54    7.6   0.0     5    74   485   556   481   568 0.82 ACNH67_000564
ACNH67_000564-T1     -            871 68727                -            335   3.5e-09   34.5   0.0   2   2   5.1e-08   3.1e-06   24.8   0.0   124   211   633   724   627   733 0.82 ACNH67_000564
ACNH67_004985-T1     -            726 68727                -            335   6.9e-09   33.5   0.3   1   1   3.5e-10   2.2e-08   31.9   0.1    53   164   441   552   383   558 0.80 ACNH67_004985
ACNH67_003835-T1     -            323 68727                -            335   1.8e-08   32.2   0.0   1   1   3.9e-10   2.4e-08   31.8   0.0   105   165    88   150    61   174 0.84 ACNH67_003835
ACNH67_000204-T1     -            289 68727                -            335   3.1e-08   31.4   0.0   1   1   6.3e-10   3.9e-08   31.1   0.0   116   167    49   104    16   154 0.84 ACNH67_000204
ACNH67_004098-T1     -            363 68727                -            335   4.4e-08   30.9   0.1   1   1   1.1e-09   6.6e-08   30.3   0.1   107   184   263   344   255   347 0.74 ACNH67_004098
ACNH67_000503-T1     -           1158 68727                -            335   7.9e-08   30.1   0.0   1   1   5.1e-09   3.1e-07   28.1   0.0    14   211   874  1090   868  1095 0.69 ACNH67_000503
ACNH67_003204-T1     -           1467 68727                -            335   1.1e-07   29.6   0.0   1   3   4.9e-07     3e-05   21.6   0.0    81   147   379   443   374   452 0.79 ACNH67_003204
ACNH67_003204-T1     -           1467 68727                -            335   1.1e-07   29.6   0.0   2   3     0.094       5.8    4.2   0.0   174   214   503   543   486   565 0.82 ACNH67_003204
ACNH67_003204-T1     -           1467 68727                -            335   1.1e-07   29.6   0.0   3   3       5.8   3.6e+02   -1.7   0.0   266   293   568   595   549   614 0.80 ACNH67_003204
ACNH67_002396-T1     -           1379 68727                -            335   1.9e-07   28.8   0.0   1   1   6.2e-09   3.8e-07   27.8   0.0   120   165  1106  1149  1088  1239 0.83 ACNH67_002396
ACNH67_001470-T1     -            477 68727                -            335   6.9e-06   23.7   0.0   1   1   1.8e-07   1.1e-05   23.0   0.0    10   149   292   437   284   442 0.78 ACNH67_001470
ACNH67_002171-T1     -            365 68727                -            335   1.4e-05   22.7   0.0   1   1   1.5e-06   9.4e-05   19.9   0.0   123   293   186   355   178   360 0.75 ACNH67_002171
ACNH67_001532-T1     -            468 68727                -            335   2.5e-05   21.8   0.0   1   2   0.00063     0.039   11.3   0.0   125   214   153   251    25   256 0.80 ACNH67_001532
ACNH67_001532-T1     -            468 68727                -            335   2.5e-05   21.8   0.0   2   2    0.0074      0.46    7.8   0.0   267   298   286   317   262   330 0.89 ACNH67_001532
ACNH67_002437-T1     -            340 68727                -            335     3e-05   21.6   0.0   1   1   7.2e-07   4.4e-05   21.0   0.0    12    71   272   334   267   338 0.83 ACNH67_002437
ACNH67_001310-T1     -            406 68727                -            335   3.3e-05   21.4   0.1   1   3     0.035       2.1    5.6   0.0    12    45    18    51     8    60 0.88 ACNH67_001310
ACNH67_001310-T1     -            406 68727                -            335   3.3e-05   21.4   0.1   2   3   0.00086     0.053   10.9   0.0   121   146   164   189   158   193 0.84 ACNH67_001310
ACNH67_001310-T1     -            406 68727                -            335   3.3e-05   21.4   0.1   3   3       1.4        89    0.3   0.0   195   217   323   345   320   357 0.75 ACNH67_001310
ACNH67_005263-T1     -            643 68727                -            335   5.1e-05   20.8   0.0   1   1   1.7e-06   0.00011   19.8   0.0    54   150    83   171    72   189 0.79 ACNH67_005263
ACNH67_003764-T1     -           1625 68727                -            335   0.00019   18.9   0.1   1   2   1.6e-05   0.00099   16.6   0.0   125   161  1448  1483  1430  1490 0.85 ACNH67_003764
ACNH67_003764-T1     -           1625 68727                -            335   0.00019   18.9   0.1   2   2       3.2     2e+02   -0.8   0.0   194   216  1568  1590  1550  1594 0.84 ACNH67_003764
ACNH67_001205-T1     -            176 68727                -            335   0.00026   18.5   0.0   1   2   9.5e-06   0.00058   17.3   0.0   153   208    21    84    15    98 0.77 ACNH67_001205
ACNH67_001205-T1     -            176 68727                -            335   0.00026   18.5   0.0   2   2       7.4   4.5e+02   -2.0   0.0   253   291   110   148    99   164 0.75 ACNH67_001205
ACNH67_003821-T1     -            326 68727                -            335   0.00034   18.1   0.0   1   2   0.00019     0.012   13.1   0.2   128   165    88   123    66   130 0.87 ACNH67_003821
ACNH67_003821-T1     -            326 68727                -            335   0.00034   18.1   0.0   2   2      0.29        18    2.6   0.0   272   302   266   296   256   308 0.89 ACNH67_003821
ACNH67_002749-T1     -            939 68727                -            335   0.00046   17.7   0.0   1   2     4e-05    0.0024   15.3   0.0   108   168   253   316   235   321 0.81 ACNH67_002749
ACNH67_002749-T1     -            939 68727                -            335   0.00046   17.7   0.0   2   2       3.1   1.9e+02   -0.8   0.1   258   304   431   478   375   499 0.72 ACNH67_002749
ACNH67_004268-T1     -            912 68727                -            335    0.0048   14.3   0.0   1   2       3.5   2.1e+02   -0.9   0.0   121   164   714   760   709   806 0.83 ACNH67_004268
ACNH67_004268-T1     -            912 68727                -            335    0.0048   14.3   0.0   2   2   0.00035     0.021   12.2   0.0   265   305   859   899   839   907 0.81 ACNH67_004268
ACNH67_000396-T1     -            132 68727                -            335     0.012   13.0   0.0   1   1   0.00025     0.016   12.7   0.0   178   210    30    62    26    82 0.88 ACNH67_000396
ACNH67_001204-T1     -            729 68727                -            335     0.018   12.4   0.0   1   1   0.00051     0.032   11.6   0.0   121   150   687   721   672   724 0.81 ACNH67_001204
ACNH67_001469-T1     -            259 68727                -            335     0.025   12.0   0.0   1   1   0.00058     0.035   11.5   0.0   191   222    11    42     2    56 0.88 ACNH67_001469
ACNH67_000598-T1     -           1026 68727                -            335     0.027   11.9   0.0   1   1   0.00091     0.056   10.8   0.0   103   146   747   790   733   799 0.78 ACNH67_000598
ACNH67_004979-T1     -            251 68727                -            335     0.076   10.4   0.0   1   2       3.5   2.2e+02   -1.0   0.0    12    43   115   146   108   169 0.81 ACNH67_004979
ACNH67_004979-T1     -            251 68727                -            335     0.076   10.4   0.0   2   2    0.0045      0.28    8.5   0.0   120   140   222   242   207   245 0.90 ACNH67_004979
#
# Program:         hmmsearch
# Version:         3.1b2 (February 2015)
# Pipeline mode:   SEARCH
# Query file:      /home/edouard/GregarineStuff/Lgryllorum_Genome_analysis/Funannotate/Run_v3/species_train/annotate_results/busco_downloads/lineages/apicomplexa_odb12/hmms/68727at5794.hmm
# Target file:     /home/edouard/GregarineStuff/Lgryllorum_Genome_analysis/Funannotate/Run_v3/species_train/annotate_results/Leidyana_gryllorum.proteins.fa
# Option settings: hmmsearch --domtblout /home/edouard/GregarineStuff/Lgryllorum_Genome_analysis/Funannotate/Run_v3/species_train/annotate_results/busco/run_apicomplexa_odb12/hmmer_output/initial_run_results/68727at5794.out --cpu 1 /home/edouard/GregarineStuff/Lgryllorum_Genome_analysis/Funannotate/Run_v3/species_train/annotate_results/busco_downloads/lineages/apicomplexa_odb12/hmms/68727at5794.hmm /home/edouard/GregarineStuff/Lgryllorum_Genome_analysis/Funannotate/Run_v3/species_train/annotate_results/Leidyana_gryllorum.proteins.fa 
# Current dir:     /home/edouard/GregarineStuff/Lgryllorum_Genome_analysis/Funannotate/Run_v3/species_train/annotate_results
# Date:            Tue Apr  1 17:38:45 2025
# [ok]
