#                                                                            --- full sequence --- -------------- this domain -------------   hmm coord   ali coord   env coord
# target name        accession   tlen query name           accession   qlen   E-value  score  bias   #  of  c-Evalue  i-Evalue  score  bias  from    to  from    to  from    to  acc description of target
#------------------- ---------- ----- -------------------- ---------- ----- --------- ------ ----- --- --- --------- --------- ------ ----- ----- ----- ----- ----- ----- ----- ---- ---------------------
ACNH67_004486-T1     -            363 68721                -            322   4.8e-96  319.7   0.0   1   1   2.9e-96   3.6e-94  313.5   0.0     2   320     5   357     4   359 0.88 ACNH67_004486
ACNH67_001323-T1     -            521 68721                -            322     1e-31  108.3   9.2   1   7   1.8e-05    0.0023   15.2   0.1   280   317   124   161   119   162 0.89 ACNH67_001323
ACNH67_001323-T1     -            521 68721                -            322     1e-31  108.3   9.2   2   7   8.3e-07    0.0001   19.6   0.0   165   214   155   204   151   216 0.92 ACNH67_001323
ACNH67_001323-T1     -            521 68721                -            322     1e-31  108.3   9.2   3   7   9.6e-08   1.2e-05   22.7   0.1   130   191   220   281   202   285 0.90 ACNH67_001323
ACNH67_001323-T1     -            521 68721                -            322     1e-31  108.3   9.2   4   7    0.0039      0.48    7.5   0.0   156   193   299   336   295   340 0.86 ACNH67_001323
ACNH67_001323-T1     -            521 68721                -            322     1e-31  108.3   9.2   5   7   1.2e-06   0.00014   19.1   0.0   153   209   376   433   373   433 0.93 ACNH67_001323
ACNH67_001323-T1     -            521 68721                -            322     1e-31  108.3   9.2   6   7   6.6e-10   8.2e-08   29.8   0.1   153   212   419   478   416   488 0.91 ACNH67_001323
ACNH67_001323-T1     -            521 68721                -            322     1e-31  108.3   9.2   7   7     0.026       3.2    4.8   0.0   279   310   485   516   480   520 0.84 ACNH67_001323
ACNH67_004652-T1     -            353 68721                -            322     3e-26   90.3   9.2   1   6   5.1e-05    0.0063   13.7   0.1   170   220    62   112    34   115 0.75 ACNH67_004652
ACNH67_004652-T1     -            353 68721                -            322     3e-26   90.3   9.2   2   6     1e-09   1.3e-07   29.1   0.2   151   214    85   148    72   162 0.87 ACNH67_004652
ACNH67_004652-T1     -            353 68721                -            322     3e-26   90.3   9.2   3   6   2.6e-07   3.1e-05   21.3   0.2   153   213   129   192   125   199 0.87 ACNH67_004652
ACNH67_004652-T1     -            353 68721                -            322     3e-26   90.3   9.2   4   6   8.7e-11   1.1e-08   32.7   0.0   153   234   174   255   148   258 0.87 ACNH67_004652
ACNH67_004652-T1     -            353 68721                -            322     3e-26   90.3   9.2   5   6   2.3e-08   2.8e-06   24.7   0.0     7    91   200   283   196   297 0.89 ACNH67_004652
ACNH67_004652-T1     -            353 68721                -            322     3e-26   90.3   9.2   6   6     0.081        10    3.2   0.0   289   314   324   349   315   353 0.81 ACNH67_004652
ACNH67_001408-T1     -            960 68721                -            322   5.8e-19   66.4   8.5   1   6       5.6   6.9e+02   -2.9   0.0   153   171    98   116    71   121 0.81 ACNH67_001408
ACNH67_001408-T1     -            960 68721                -            322   5.8e-19   66.4   8.5   2   6     0.035       4.3    4.4   0.0   153   210   159   219   146   223 0.79 ACNH67_001408
ACNH67_001408-T1     -            960 68721                -            322   5.8e-19   66.4   8.5   3   6     0.011       1.4    6.0   0.1   159   264   210   327   206   328 0.66 ACNH67_001408
ACNH67_001408-T1     -            960 68721                -            322   5.8e-19   66.4   8.5   4   6      0.19        23    2.0   0.0   154   176   387   409   376   451 0.87 ACNH67_001408
ACNH67_001408-T1     -            960 68721                -            322   5.8e-19   66.4   8.5   5   6   2.8e-11   3.5e-09   34.3   0.3    77   221   560   712   532   721 0.67 ACNH67_001408
ACNH67_001408-T1     -            960 68721                -            322   5.8e-19   66.4   8.5   6   6   1.6e-07   1.9e-05   22.0   0.0   140   238   715   817   708   837 0.84 ACNH67_001408
ACNH67_005283-T1     -           1266 68721                -            322   1.8e-18   64.8   5.5   1   6     1e-07   1.3e-05   22.6   0.0   154   213   271   330   268   362 0.91 ACNH67_005283
ACNH67_005283-T1     -           1266 68721                -            322   1.8e-18   64.8   5.5   2   6      0.11        14    2.7   0.1   154   189   369   405   362   419 0.77 ACNH67_005283
ACNH67_005283-T1     -           1266 68721                -            322   1.8e-18   64.8   5.5   3   6      0.82     1e+02   -0.1   0.1    18    82   693   759   672   770 0.67 ACNH67_005283
ACNH67_005283-T1     -           1266 68721                -            322   1.8e-18   64.8   5.5   4   6     0.054       6.6    3.8   0.0   271   315   803   847   794   850 0.89 ACNH67_005283
ACNH67_005283-T1     -           1266 68721                -            322   1.8e-18   64.8   5.5   5   6     8e-05    0.0098   13.1   0.0   155   217   885   947   862   955 0.67 ACNH67_005283
ACNH67_005283-T1     -           1266 68721                -            322   1.8e-18   64.8   5.5   6   6     3e-06   0.00037   17.7   0.0   143   232   958  1051   952  1059 0.83 ACNH67_005283
ACNH67_004370-T1     -            954 68721                -            322   2.2e-18   64.5   4.3   1   3   1.3e-09   1.5e-07   28.9   0.3   121   222    37   140     5   152 0.89 ACNH67_004370
ACNH67_004370-T1     -            954 68721                -            322   2.2e-18   64.5   4.3   2   3   1.5e-11   1.8e-09   35.2   0.0   146   224   201   282   179   308 0.86 ACNH67_004370
ACNH67_004370-T1     -            954 68721                -            322   2.2e-18   64.5   4.3   3   3       1.7   2.1e+02   -1.2   0.1   291   314   408   431   400   436 0.83 ACNH67_004370
ACNH67_000155-T1     -            566 68721                -            322   6.4e-18   63.0   6.5   1   4   2.8e-11   3.5e-09   34.3   0.6   129   233   264   370   257   376 0.86 ACNH67_000155
ACNH67_000155-T1     -            566 68721                -            322   6.4e-18   63.0   6.5   2   4   0.00065      0.08   10.1   0.1    64   104   376   417   365   419 0.85 ACNH67_000155
ACNH67_000155-T1     -            566 68721                -            322   6.4e-18   63.0   6.5   3   4    0.0021      0.25    8.4   0.0     9    79   404   476   403   484 0.81 ACNH67_000155
ACNH67_000155-T1     -            566 68721                -            322   6.4e-18   63.0   6.5   4   4   2.1e-05    0.0026   15.0   0.0   154   210   509   566   501   566 0.86 ACNH67_000155
ACNH67_003831-T1     -           1286 68721                -            322   1.2e-17   62.1   7.3   1   3   7.3e-07     9e-05   19.8   0.5   155   217    39   101    14   105 0.93 ACNH67_003831
ACNH67_003831-T1     -           1286 68721                -            322   1.2e-17   62.1   7.3   2   3   1.7e-09   2.1e-07   28.4   1.2   119   213    44   139    43   148 0.91 ACNH67_003831
ACNH67_003831-T1     -           1286 68721                -            322   1.2e-17   62.1   7.3   3   3   8.7e-11   1.1e-08   32.7   0.5   146   223   184   266   167   277 0.83 ACNH67_003831
ACNH67_003156-T1     -            490 68721                -            322   1.1e-16   58.9   3.5   1   6     0.036       4.4    4.3   0.0   282   312   169   199   162   199 0.90 ACNH67_003156
ACNH67_003156-T1     -            490 68721                -            322   1.1e-16   58.9   3.5   2   6   1.7e-08     2e-06   25.2   0.1   154   221   187   254   181   258 0.94 ACNH67_003156
ACNH67_003156-T1     -            490 68721                -            322   1.1e-16   58.9   3.5   3   6    0.0052      0.64    7.1   0.0   282   314   253   285   248   293 0.89 ACNH67_003156
ACNH67_003156-T1     -            490 68721                -            322   1.1e-16   58.9   3.5   4   6    0.0054      0.67    7.0   0.0   157   189   274   306   270   312 0.87 ACNH67_003156
ACNH67_003156-T1     -            490 68721                -            322   1.1e-16   58.9   3.5   5   6   5.7e-05    0.0071   13.5   0.1   152   209   311   367   294   383 0.85 ACNH67_003156
ACNH67_003156-T1     -            490 68721                -            322   1.1e-16   58.9   3.5   6   6   0.00099      0.12    9.5   0.0   154   211   398   463   393   469 0.87 ACNH67_003156
ACNH67_003323-T1     -           1057 68721                -            322   1.4e-16   58.6   0.1   1   2   5.3e-08   6.6e-06   23.5   0.0   143   216    72   144    41   155 0.85 ACNH67_003323
ACNH67_003323-T1     -           1057 68721                -            322   1.4e-16   58.6   0.1   2   2   1.3e-10   1.6e-08   32.1   0.0    66   215   240   386   176   399 0.86 ACNH67_003323
ACNH67_004094-T1     -           1385 68721                -            322   1.8e-16   58.2   0.0   1   4   1.9e-05    0.0023   15.1   0.0   283   315   516   548   510   555 0.91 ACNH67_004094
ACNH67_004094-T1     -           1385 68721                -            322   1.8e-16   58.2   0.0   2   4       2.2   2.8e+02   -1.5   0.0    10    25   730   745   726   766 0.73 ACNH67_004094
ACNH67_004094-T1     -           1385 68721                -            322   1.8e-16   58.2   0.0   3   4   1.8e-08   2.2e-06   25.1   0.0   156   224   816   884   804   913 0.83 ACNH67_004094
ACNH67_004094-T1     -           1385 68721                -            322   1.8e-16   58.2   0.0   4   4   0.00041     0.051   10.7   0.0   160   245   912  1000   902  1016 0.76 ACNH67_004094
ACNH67_002641-T1     -            638 68721                -            322   5.3e-16   56.7   0.5   1   5       0.3        37    1.3   0.0     8    47   320   359   314   364 0.89 ACNH67_002641
ACNH67_002641-T1     -            638 68721                -            322   5.3e-16   56.7   0.5   2   5    0.0026      0.32    8.1   0.1   157   214   398   459   394   463 0.82 ACNH67_002641
ACNH67_002641-T1     -            638 68721                -            322   5.3e-16   56.7   0.5   3   5   7.6e-10   9.4e-08   29.6   0.2   126   219   454   549   452   551 0.78 ACNH67_002641
ACNH67_002641-T1     -            638 68721                -            322   5.3e-16   56.7   0.5   4   5   3.2e-09     4e-07   27.5   0.0   155   219   527   592   524   608 0.89 ACNH67_002641
ACNH67_002641-T1     -            638 68721                -            322   5.3e-16   56.7   0.5   5   5       0.3        37    1.3   0.0     5    41   592   628   590   635 0.83 ACNH67_002641
ACNH67_001454-T1     -            807 68721                -            322   4.4e-13   47.1   1.3   1   4    0.0025      0.31    8.2   0.0    11    46   132   167   123   170 0.88 ACNH67_001454
ACNH67_001454-T1     -            807 68721                -            322   4.4e-13   47.1   1.3   2   4    0.0077      0.94    6.6   0.0   281   313   176   208   171   213 0.83 ACNH67_001454
ACNH67_001454-T1     -            807 68721                -            322   4.4e-13   47.1   1.3   3   4   0.00033     0.041   11.0   0.0     5    42   220   255   214   265 0.83 ACNH67_001454
ACNH67_001454-T1     -            807 68721                -            322   4.4e-13   47.1   1.3   4   4   8.3e-06     0.001   16.3   0.4   155   230   279   354   276   368 0.81 ACNH67_001454
ACNH67_002822-T1     -            388 68721                -            322   1.6e-11   42.0   1.5   1   5   4.2e-05    0.0051   14.0   0.0   139   214    24   103     8   109 0.77 ACNH67_002822
ACNH67_002822-T1     -            388 68721                -            322   1.6e-11   42.0   1.5   2   5     0.072       8.9    3.4   0.0   175   206   110   146   103   154 0.65 ACNH67_002822
ACNH67_002822-T1     -            388 68721                -            322   1.6e-11   42.0   1.5   3   5   7.7e-05    0.0094   13.1   0.0   174   211   164   201   155   217 0.86 ACNH67_002822
ACNH67_002822-T1     -            388 68721                -            322   1.6e-11   42.0   1.5   4   5      0.04       4.9    4.2   0.0    46    79   215   248   205   265 0.80 ACNH67_002822
ACNH67_002822-T1     -            388 68721                -            322   1.6e-11   42.0   1.5   5   5      0.16        20    2.2   0.0   284   313   349   382   301   388 0.72 ACNH67_002822
ACNH67_003255-T1     -            761 68721                -            322   2.3e-10   38.1   3.1   1   5     0.063       7.8    3.5   0.0     8    52    62   107    57   136 0.62 ACNH67_003255
ACNH67_003255-T1     -            761 68721                -            322   2.3e-10   38.1   3.1   2   5       1.9   2.4e+02   -1.4   0.0   173   206   147   181   140   199 0.58 ACNH67_003255
ACNH67_003255-T1     -            761 68721                -            322   2.3e-10   38.1   3.1   3   5   4.8e-05    0.0059   13.8   0.0     7    90   196   281   190   286 0.67 ACNH67_003255
ACNH67_003255-T1     -            761 68721                -            322   2.3e-10   38.1   3.1   4   5      0.97   1.2e+02   -0.4   0.0   177   197   633   653   626   659 0.73 ACNH67_003255
ACNH67_003255-T1     -            761 68721                -            322   2.3e-10   38.1   3.1   5   5   3.1e-06   0.00039   17.7   0.3   106   210   647   751   637   756 0.77 ACNH67_003255
ACNH67_003296-T1     -            565 68721                -            322   5.1e-09   33.7   1.5   1   4    0.0001     0.013   12.7   0.0   139   218   109   190   105   211 0.79 ACNH67_003296
ACNH67_003296-T1     -            565 68721                -            322   5.1e-09   33.7   1.5   2   4     0.012       1.5    5.9   0.1   155   211   213   273   201   274 0.79 ACNH67_003296
ACNH67_003296-T1     -            565 68721                -            322   5.1e-09   33.7   1.5   3   4   5.2e-05    0.0064   13.7   0.0   151   215   255   322   249   346 0.81 ACNH67_003296
ACNH67_003296-T1     -            565 68721                -            322   5.1e-09   33.7   1.5   4   4      0.69        85    0.1   0.0   151   169   346   364   321   373 0.77 ACNH67_003296
ACNH67_003547-T1     -            160 68721                -            322   1.4e-08   32.3   0.1   1   2   0.00016     0.019   12.1   0.0   173   221    12    61     7    73 0.82 ACNH67_003547
ACNH67_003547-T1     -            160 68721                -            322   1.4e-08   32.3   0.1   2   2     2e-06   0.00024   18.3   0.0   155   212    81   139    63   145 0.82 ACNH67_003547
ACNH67_000131-T1     -            297 68721                -            322   2.7e-08   31.3   0.3   1   4     0.011       1.3    6.1   0.0   157   196    14    53     9   115 0.85 ACNH67_000131
ACNH67_000131-T1     -            297 68721                -            322   2.7e-08   31.3   0.3   2   4      0.15        18    2.3   0.0   157   190   132   165   127   174 0.89 ACNH67_000131
ACNH67_000131-T1     -            297 68721                -            322   2.7e-08   31.3   0.3   3   4   0.00015     0.018   12.2   0.0   119   175   180   238   172   250 0.84 ACNH67_000131
ACNH67_000131-T1     -            297 68721                -            322   2.7e-08   31.3   0.3   4   4     0.011       1.4    6.0   0.0   278   313   256   291   244   296 0.71 ACNH67_000131
ACNH67_000829-T1     -            430 68721                -            322   7.3e-08   29.9   0.5   1   3     0.014       1.7    5.7   0.1   177   211    94   128    71   145 0.64 ACNH67_000829
ACNH67_000829-T1     -            430 68721                -            322   7.3e-08   29.9   0.5   2   3   4.8e-05    0.0059   13.8   0.0   144   213   152   228   135   235 0.84 ACNH67_000829
ACNH67_000829-T1     -            430 68721                -            322   7.3e-08   29.9   0.5   3   3    0.0047      0.58    7.2   0.0    57   174   259   379   249   389 0.70 ACNH67_000829
ACNH67_004557-T1     -            555 68721                -            322   7.3e-08   29.9   0.0   1   5       6.6   8.1e+02   -3.1   0.0    74    96   103   125    59   160 0.71 ACNH67_004557
ACNH67_004557-T1     -            555 68721                -            322   7.3e-08   29.9   0.0   2   5      0.43        53    0.8   0.0   148   169   256   277   239   296 0.63 ACNH67_004557
ACNH67_004557-T1     -            555 68721                -            322   7.3e-08   29.9   0.0   3   5   2.2e-07   2.6e-05   21.5   0.0   152   218   316   383   302   400 0.87 ACNH67_004557
ACNH67_004557-T1     -            555 68721                -            322   7.3e-08   29.9   0.0   4   5      0.97   1.2e+02   -0.4   0.0   291   313   397   419   381   425 0.83 ACNH67_004557
ACNH67_004557-T1     -            555 68721                -            322   7.3e-08   29.9   0.0   5   5      0.33        41    1.2   0.0    28    90   459   522   442   547 0.72 ACNH67_004557
ACNH67_001215-T1     -            442 68721                -            322   9.2e-08   29.6   1.0   1   2   4.3e-06   0.00052   17.2   0.1   172   213   150   191   132   208 0.88 ACNH67_001215
ACNH67_001215-T1     -            442 68721                -            322   9.2e-08   29.6   1.0   2   2   0.00067     0.082   10.0   0.1    20   219   212   430   195   436 0.70 ACNH67_001215
ACNH67_004196-T1     -            656 68721                -            322   1.7e-07   28.7   1.1   1   2   1.6e-08     2e-06   25.2   0.2   134   224    75   175    63   185 0.78 ACNH67_004196
ACNH67_004196-T1     -            656 68721                -            322   1.7e-07   28.7   1.1   2   2      0.35        43    1.1   0.0   163   236   197   279   181   285 0.67 ACNH67_004196
ACNH67_003819-T1     -            843 68721                -            322   1.7e-07   28.7   0.1   1   2     0.014       1.7    5.7   0.0   154   218    82   144    64   159 0.82 ACNH67_003819
ACNH67_003819-T1     -            843 68721                -            322   1.7e-07   28.7   0.1   2   2   4.4e-07   5.4e-05   20.5   0.0   152   211   161   220   150   225 0.84 ACNH67_003819
ACNH67_004907-T1     -            362 68721                -            322   4.2e-07   27.4   3.9   1   5       1.1   1.4e+02   -0.6   0.0    60    82    21    43    10    64 0.70 ACNH67_004907
ACNH67_004907-T1     -            362 68721                -            322   4.2e-07   27.4   3.9   2   5     1e-05    0.0013   16.0   0.0     4    91    88   178    84   189 0.86 ACNH67_004907
ACNH67_004907-T1     -            362 68721                -            322   4.2e-07   27.4   3.9   3   5      0.17        21    2.1   0.1   289   315   185   211   183   214 0.85 ACNH67_004907
ACNH67_004907-T1     -            362 68721                -            322   4.2e-07   27.4   3.9   4   5     0.013       1.6    5.8   0.1   288   312   267   291   260   294 0.92 ACNH67_004907
ACNH67_004907-T1     -            362 68721                -            322   4.2e-07   27.4   3.9   5   5     0.015       1.8    5.6   0.1   157   203   282   330   277   339 0.76 ACNH67_004907
ACNH67_001808-T1     -            441 68721                -            322   1.5e-06   25.6   5.3   1   4     0.056       6.9    3.7   0.0   147   171   184   209   167   217 0.86 ACNH67_001808
ACNH67_001808-T1     -            441 68721                -            322   1.5e-06   25.6   5.3   2   4     0.024       2.9    4.9   0.0   155   173   252   270   233   291 0.81 ACNH67_001808
ACNH67_001808-T1     -            441 68721                -            322   1.5e-06   25.6   5.3   3   4   4.5e-06   0.00055   17.2   0.2   161   214   306   361   298   373 0.81 ACNH67_001808
ACNH67_001808-T1     -            441 68721                -            322   1.5e-06   25.6   5.3   4   4       3.2   3.9e+02   -2.1   0.0   180   212   383   415   378   426 0.64 ACNH67_001808
ACNH67_005089-T1     -            618 68721                -            322   2.7e-06   24.7   0.1   1   1   4.2e-08   5.1e-06   23.9   0.1   149   218   272   351   253   365 0.71 ACNH67_005089
ACNH67_002121-T1     -           1538 68721                -            322   4.4e-06   24.1   4.6   1   3    0.0012      0.15    9.2   0.0   153   189   464   500   450   506 0.87 ACNH67_002121
ACNH67_002121-T1     -           1538 68721                -            322   4.4e-06   24.1   4.6   2   3     0.013       1.6    5.8   0.1   153   189   835   869   819   874 0.78 ACNH67_002121
ACNH67_002121-T1     -           1538 68721                -            322   4.4e-06   24.1   4.6   3   3    0.0027      0.33    8.0   0.1   156   211   905   958   898   979 0.77 ACNH67_002121
ACNH67_002774-T1     -           1020 68721                -            322   7.3e-06   23.3   1.0   1   2     0.058       7.1    3.7   0.1   155   313   183   235   127   249 0.62 ACNH67_002774
ACNH67_002774-T1     -           1020 68721                -            322   7.3e-06   23.3   1.0   2   2   1.4e-06   0.00017   18.8   0.3   122   252   231   361   222   372 0.84 ACNH67_002774
ACNH67_005513-T1     -           1050 68721                -            322   1.7e-05   22.2   0.2   1   3      0.21        26    1.8   0.0   198   223   795   820   772   831 0.74 ACNH67_005513
ACNH67_005513-T1     -           1050 68721                -            322   1.7e-05   22.2   0.2   2   3   4.7e-05    0.0057   13.8   0.0   155   211   835   891   830   900 0.92 ACNH67_005513
ACNH67_005513-T1     -           1050 68721                -            322   1.7e-05   22.2   0.2   3   3       0.2        25    1.9   0.0   162   211   926   977   917   983 0.82 ACNH67_005513
ACNH67_005054-T1     -            865 68721                -            322   2.5e-05   21.6   0.0   1   3   1.2e-06   0.00015   19.1   0.0   145   220   290   368   274   405 0.75 ACNH67_005054
ACNH67_005054-T1     -            865 68721                -            322   2.5e-05   21.6   0.0   2   3       9.1   1.1e+03   -3.5   0.0   154   185   435   468   417   480 0.82 ACNH67_005054
ACNH67_005054-T1     -            865 68721                -            322   2.5e-05   21.6   0.0   3   3       1.6   1.9e+02   -1.0   0.0    64   105   498   538   484   555 0.76 ACNH67_005054
ACNH67_000780-T1     -            335 68721                -            322   6.7e-05   20.2   0.1   1   2     1e-05    0.0013   16.0   0.0   125   207    76   159    51   173 0.78 ACNH67_000780
ACNH67_000780-T1     -            335 68721                -            322   6.7e-05   20.2   0.1   2   2      0.26        32    1.5   0.0   154   176   192   214   185   242 0.85 ACNH67_000780
ACNH67_005088-T1     -            673 68721                -            322   0.00011   19.5   0.0   1   1   1.8e-06   0.00022   18.5   0.0    19   203   164   350   150   368 0.78 ACNH67_005088
ACNH67_001450-T1     -            491 68721                -            322   0.00013   19.2   0.1   1   2     0.014       1.7    5.7   0.0     8    79    86   163    80   181 0.56 ACNH67_001450
ACNH67_001450-T1     -            491 68721                -            322   0.00013   19.2   0.1   2   2   0.00038     0.046   10.9   0.0   280   316   183   220   177   222 0.84 ACNH67_001450
ACNH67_001778-T1     -            572 68721                -            322   0.00016   18.9   0.1   1   3     0.068       8.3    3.4   0.0   158   197   235   277   229   297 0.75 ACNH67_001778
ACNH67_001778-T1     -            572 68721                -            322   0.00016   18.9   0.1   2   3       0.9   1.1e+02   -0.2   0.0   154   172   299   317   285   323 0.77 ACNH67_001778
ACNH67_001778-T1     -            572 68721                -            322   0.00016   18.9   0.1   3   3   0.00044     0.054   10.6   0.0   161   220   427   489   407   511 0.76 ACNH67_001778
ACNH67_005019-T1     -            391 68721                -            322   0.00042   17.6   0.0   1   2     0.026       3.1    4.8   0.1   178   234   129   185    93   206 0.64 ACNH67_005019
ACNH67_005019-T1     -            391 68721                -            322   0.00042   17.6   0.0   2   2   0.00077     0.094    9.8   0.0    74   193   223   340   217   353 0.75 ACNH67_005019
ACNH67_003729-T1     -            288 68721                -            322   0.00052   17.3   0.0   1   2    0.0007     0.086   10.0   0.0   280   313    16    51     4    54 0.87 ACNH67_003729
ACNH67_003729-T1     -            288 68721                -            322   0.00052   17.3   0.0   2   2     0.026       3.2    4.8   0.0   154   214   165   233   162   250 0.71 ACNH67_003729
ACNH67_001763-T1     -            450 68721                -            322   0.00071   16.8   0.2   1   2     0.036       4.4    4.4   0.0   178   213   267   306   257   322 0.76 ACNH67_001763
ACNH67_001763-T1     -            450 68721                -            322   0.00071   16.8   0.2   2   2   0.00082       0.1    9.7   0.2   154   212   332   398   328   403 0.78 ACNH67_001763
ACNH67_004183-T1     -            952 68721                -            322    0.0011   16.2   0.0   1   2    0.0016       0.2    8.8   0.0   157   201   109   155   103   181 0.81 ACNH67_004183
ACNH67_004183-T1     -            952 68721                -            322    0.0011   16.2   0.0   2   2     0.039       4.8    4.2   0.0   172   205   275   308   272   325 0.84 ACNH67_004183
ACNH67_001948-T1     -            667 68721                -            322    0.0024   15.1   0.0   1   1   3.1e-05    0.0038   14.4   0.0   172   219   187   234   168   240 0.86 ACNH67_001948
ACNH67_005169-T1     -            638 68721                -            322    0.0031   14.7   1.1   1   4         1   1.2e+02   -0.4   0.1   195   213    65    83    61   106 0.81 ACNH67_005169
ACNH67_005169-T1     -            638 68721                -            322    0.0031   14.7   1.1   2   4   0.00028     0.035   11.3   0.0   153   222   256   325   251   338 0.81 ACNH67_005169
ACNH67_005169-T1     -            638 68721                -            322    0.0031   14.7   1.1   3   4         2   2.5e+02   -1.4   0.0   297   314   343   360   336   365 0.84 ACNH67_005169
ACNH67_005169-T1     -            638 68721                -            322    0.0031   14.7   1.1   4   4       3.3   4.1e+02   -2.1   0.0    21    45   385   408   368   410 0.58 ACNH67_005169
ACNH67_000423-T1     -            216 68721                -            322    0.0033   14.6   0.1   1   1   0.00016     0.019   12.1   0.1   138   216    52   133    47   162 0.79 ACNH67_000423
ACNH67_001309-T1     -            376 68721                -            322    0.0076   13.4   0.0   1   2   0.00078     0.096    9.8   0.0   163   220    55   116    45   157 0.82 ACNH67_001309
ACNH67_001309-T1     -            376 68721                -            322    0.0076   13.4   0.0   2   2      0.23        28    1.7   0.0    71   101   146   177   119   194 0.67 ACNH67_001309
ACNH67_001222-T1     -            444 68721                -            322      0.01   13.0   0.0   1   2    0.0076      0.94    6.6   0.0   260   314   235   290   210   296 0.77 ACNH67_001222
ACNH67_001222-T1     -            444 68721                -            322      0.01   13.0   0.0   2   2    0.0025      0.31    8.1   0.0    75   250   243   422   234   434 0.59 ACNH67_001222
ACNH67_002373-T1     -            845 68721                -            322     0.011   13.0   0.0   1   2       0.2        24    1.9   0.0   157   212   498   560   478   572 0.61 ACNH67_002373
ACNH67_002373-T1     -            845 68721                -            322     0.011   13.0   0.0   2   2    0.0033      0.41    7.8   0.0   106   176   695   762   629   775 0.69 ACNH67_002373
ACNH67_004756-T1     -            986 68721                -            322     0.033   11.3   0.3   1   2    0.0015      0.19    8.9   0.0   175   213   219   257   192   288 0.78 ACNH67_004756
ACNH67_004756-T1     -            986 68721                -            322     0.033   11.3   0.3   2   2       6.7   8.2e+02   -3.1   0.0     8    43   922   956   907   973 0.65 ACNH67_004756
ACNH67_005480-T1     -           1211 68721                -            322     0.071   10.2   0.1   1   2    0.0032       0.4    7.8   0.1   133   218   833   923   826   931 0.80 ACNH67_005480
ACNH67_005480-T1     -           1211 68721                -            322     0.071   10.2   0.1   2   2    0.0034      0.41    7.7   0.1   155   211   902   956   897   961 0.86 ACNH67_005480
#
# Program:         hmmsearch
# Version:         3.1b2 (February 2015)
# Pipeline mode:   SEARCH
# Query file:      /home/edouard/GregarineStuff/Lgryllorum_Genome_analysis/Funannotate/Run_v3/species_train/annotate_results/busco_downloads/lineages/apicomplexa_odb12/hmms/68721at5794.hmm
# Target file:     /home/edouard/GregarineStuff/Lgryllorum_Genome_analysis/Funannotate/Run_v3/species_train/annotate_results/Leidyana_gryllorum.proteins.fa
# Option settings: hmmsearch --domtblout /home/edouard/GregarineStuff/Lgryllorum_Genome_analysis/Funannotate/Run_v3/species_train/annotate_results/busco/run_apicomplexa_odb12/hmmer_output/initial_run_results/68721at5794.out --cpu 1 /home/edouard/GregarineStuff/Lgryllorum_Genome_analysis/Funannotate/Run_v3/species_train/annotate_results/busco_downloads/lineages/apicomplexa_odb12/hmms/68721at5794.hmm /home/edouard/GregarineStuff/Lgryllorum_Genome_analysis/Funannotate/Run_v3/species_train/annotate_results/Leidyana_gryllorum.proteins.fa 
# Current dir:     /home/edouard/GregarineStuff/Lgryllorum_Genome_analysis/Funannotate/Run_v3/species_train/annotate_results
# Date:            Tue Apr  1 17:38:44 2025
# [ok]
