#                                                                            --- full sequence --- -------------- this domain -------------   hmm coord   ali coord   env coord
# target name        accession   tlen query name           accession   qlen   E-value  score  bias   #  of  c-Evalue  i-Evalue  score  bias  from    to  from    to  from    to  acc description of target
#------------------- ---------- ----- -------------------- ---------- ----- --------- ------ ----- --- --- --------- --------- ------ ----- ----- ----- ----- ----- ----- ----- ---- ---------------------
ACNH67_001796-T1     -            394 68760                -            392    9e-215  711.2   2.2   1   1  6.3e-217  1.1e-214  711.0   2.2     3   388     6   393     4   394 0.98 ACNH67_001796
ACNH67_004375-T1     -            229 68760                -            392  9.3e-111  368.8   1.5   1   1    6e-113    1e-110  368.6   1.5   167   391     2   227     1   228 0.99 ACNH67_004375
ACNH67_000088-T1     -            466 68760                -            392    2e-107  357.8   0.1   1   1  1.4e-109  2.5e-107  357.5   0.1    20   389    92   460    75   463 0.98 ACNH67_000088
ACNH67_004945-T1     -            439 68760                -            392     1e-88  296.2   1.4   1   1   7.4e-91   1.3e-88  295.9   1.4    21   390    54   432    34   434 0.91 ACNH67_004945
ACNH67_001597-T1     -            490 68760                -            392     7e-77  257.2   1.0   1   1   8.5e-78   1.5e-75  252.9   1.0    22   389    77   475    59   478 0.84 ACNH67_001597
ACNH67_000205-T1     -            668 68760                -            392   1.5e-66  223.2   0.0   1   1   1.2e-68   2.1e-66  222.7   0.0    20   369   210   573   194   590 0.89 ACNH67_000205
ACNH67_001998-T1     -            861 68760                -            392   1.8e-66  222.9   0.0   1   2   2.4e-29   4.2e-27   93.4   0.0    24   193   432   609   423   614 0.88 ACNH67_001998
ACNH67_001998-T1     -            861 68760                -            392   1.8e-66  222.9   0.0   2   2   1.1e-39   1.9e-37  127.4   0.0   198   390   638   829   627   831 0.94 ACNH67_001998
ACNH67_003305-T1     -            505 68760                -            392   1.2e-64  216.9   0.1   1   1   9.2e-67   1.6e-64  216.6   0.1     9   371    48   420    40   443 0.90 ACNH67_003305
ACNH67_002442-T1     -            669 68760                -            392   1.2e-64  216.9   0.0   1   1   1.1e-66   1.9e-64  216.3   0.0    27   386   199   574   182   579 0.90 ACNH67_002442
ACNH67_001782-T1     -            672 68760                -            392   8.7e-63  210.8   0.0   1   1   7.2e-65   1.2e-62  210.3   0.0    52   388     4   351     1   355 0.90 ACNH67_001782
ACNH67_003972-T1     -            469 68760                -            392   2.6e-61  206.0   0.0   1   1   1.9e-63   3.3e-61  205.6   0.0    19   377    60   418    40   427 0.94 ACNH67_003972
ACNH67_002293-T1     -           1575 68760                -            392   9.3e-60  200.9   0.0   1   1   7.7e-62   1.3e-59  200.4   0.0    32   389   526   895   498   898 0.89 ACNH67_002293
ACNH67_002835-T1     -            524 68760                -            392   2.5e-57  192.9   0.0   1   1   1.3e-57   2.3e-55  186.4   0.0    25   369    50   428    40   438 0.85 ACNH67_002835
ACNH67_004374-T1     -            167 68760                -            392   1.2e-56  190.7   0.1   1   1   7.7e-59   1.3e-56  190.5   0.1    17   161    22   166     9   167 0.97 ACNH67_004374
ACNH67_004323-T1     -            965 68760                -            392   2.1e-53  180.0   0.0   1   1   1.8e-55   3.2e-53  179.4   0.0    14   375    26   394    16   405 0.91 ACNH67_004323
ACNH67_004869-T1     -            791 68760                -            392   7.4e-51  171.5   0.1   1   1   8.1e-53   1.4e-50  170.7   0.1    39   372   105   444    85   461 0.89 ACNH67_004869
ACNH67_003103-T1     -            777 68760                -            392   2.8e-50  169.6   0.0   1   1   2.3e-52   3.9e-50  169.2   0.0    15   377    10   387     2   401 0.86 ACNH67_003103
ACNH67_005515-T1     -            447 68760                -            392   1.9e-48  163.6   0.0   1   1   1.4e-50   2.4e-48  163.3   0.0    24   368     2   364     1   390 0.87 ACNH67_005515
ACNH67_003764-T1     -           1625 68760                -            392   3.6e-40  136.4   0.3   1   3   4.3e-08   7.3e-06   23.4   0.0    27    87    11    71     3    82 0.92 ACNH67_003764
ACNH67_003764-T1     -           1625 68760                -            392   3.6e-40  136.4   0.3   2   3   8.6e-12   1.5e-09   35.6   0.3    89   215    95   250    90   259 0.75 ACNH67_003764
ACNH67_003764-T1     -           1625 68760                -            392   3.6e-40  136.4   0.3   3   3   2.7e-22   4.6e-20   70.2   0.0   259   366   607   714   592   730 0.89 ACNH67_003764
ACNH67_000687-T1     -            732 68760                -            392   1.8e-38  130.8   0.0   1   3   4.5e-06   0.00078   16.7   0.0    21    92     2    72     1    85 0.89 ACNH67_000687
ACNH67_000687-T1     -            732 68760                -            392   1.8e-38  130.8   0.0   2   3   1.6e-17   2.8e-15   54.4   0.0    79   220   265   414   258   439 0.83 ACNH67_000687
ACNH67_000687-T1     -            732 68760                -            392   1.8e-38  130.8   0.0   3   3   6.3e-18   1.1e-15   55.8   0.0   280   366   529   615   474   626 0.87 ACNH67_000687
ACNH67_000490-T1     -            401 68760                -            392   1.2e-36  124.8   0.0   1   1   9.6e-39   1.7e-36  124.3   0.0    22   230   125   337   118   356 0.89 ACNH67_000490
ACNH67_001663-T1     -           1000 68760                -            392     3e-31  107.0   0.1   1   2   2.3e-16   3.9e-14   50.7   0.0    90   193   181   286    79   295 0.92 ACNH67_001663
ACNH67_001663-T1     -           1000 68760                -            392     3e-31  107.0   0.1   2   2   1.6e-16   2.8e-14   51.1   0.0   288   369   712   794   702   802 0.92 ACNH67_001663
ACNH67_005174-T1     -            778 68760                -            392   1.1e-24   85.4   0.0   1   2   3.8e-17   6.6e-15   53.2   0.0    14   198   110   312    98   327 0.80 ACNH67_005174
ACNH67_005174-T1     -            778 68760                -            392   1.1e-24   85.4   0.0   2   2   4.7e-10   8.1e-08   29.9   0.0   285   353   565   634   547   658 0.83 ACNH67_005174
ACNH67_000489-T1     -            616 68760                -            392     3e-24   84.0   0.0   1   1   2.5e-26   4.2e-24   83.5   0.0   289   377     5    93     2   108 0.90 ACNH67_000489
ACNH67_003408-T1     -            846 68760                -            392   9.5e-24   82.3   0.0   1   3   7.2e-06    0.0012   16.1   0.0    36   117    28   128     4   137 0.69 ACNH67_003408
ACNH67_003408-T1     -            846 68760                -            392   9.5e-24   82.3   0.0   2   3   2.3e-07     4e-05   21.0   0.0   148   224   193   270   178   285 0.86 ACNH67_003408
ACNH67_003408-T1     -            846 68760                -            392   9.5e-24   82.3   0.0   3   3   1.3e-12   2.3e-10   38.2   0.0   283   371   404   497   393   508 0.85 ACNH67_003408
ACNH67_004331-T1     -            690 68760                -            392   1.2e-17   62.2   0.0   1   3       1.1   1.9e+02   -1.0   0.0    90   105     6    21     3    30 0.89 ACNH67_004331
ACNH67_004331-T1     -            690 68760                -            392   1.2e-17   62.2   0.0   2   3       9.3   1.6e+03   -4.0   0.0   161   180   100   119    72   130 0.73 ACNH67_004331
ACNH67_004331-T1     -            690 68760                -            392   1.2e-17   62.2   0.0   3   3   3.9e-19   6.7e-17   59.7   0.1   225   352   217   351   186   373 0.83 ACNH67_004331
ACNH67_000779-T1     -            607 68760                -            392   3.6e-16   57.4   0.0   1   2   6.5e-10   1.1e-07   29.4   0.0    26   194    49   240    29   317 0.72 ACNH67_000779
ACNH67_000779-T1     -            607 68760                -            392   3.6e-16   57.4   0.0   2   2   7.6e-08   1.3e-05   22.6   0.0   319   373   448   506   440   519 0.86 ACNH67_000779
ACNH67_003944-T1     -           1814 68760                -            392   2.7e-08   31.4   0.0   1   2       3.5     6e+02   -2.6   0.0    94   215   691   823   666   833 0.54 ACNH67_003944
ACNH67_003944-T1     -           1814 68760                -            392   2.7e-08   31.4   0.0   2   2   4.3e-10   7.3e-08   30.0   0.0   276   369   925  1020   904  1039 0.82 ACNH67_003944
ACNH67_004637-T1     -           2175 68760                -            392    0.0005   17.4   0.0   1   2    0.0018      0.31    8.2   0.0   286   332   657   703   646   734 0.89 ACNH67_004637
ACNH67_004637-T1     -           2175 68760                -            392    0.0005   17.4   0.0   2   2    0.0064       1.1    6.4   0.0   284   365  1547  1640  1534  1649 0.74 ACNH67_004637
ACNH67_001758-T1     -           1560 68760                -            392   0.00069   16.9   0.0   1   1   7.8e-06    0.0013   16.0   0.0   286   360   929  1005   920  1026 0.76 ACNH67_001758
ACNH67_003550-T1     -           1888 68760                -            392    0.0023   15.2   0.1   1   2    0.0001     0.017   12.3   0.1   262   369  1066  1177  1050  1189 0.87 ACNH67_003550
ACNH67_003550-T1     -           1888 68760                -            392    0.0023   15.2   0.1   2   2      0.71   1.2e+02   -0.4   0.0    26    45  1590  1610  1573  1617 0.76 ACNH67_003550
ACNH67_002680-T1     -           2010 68760                -            392    0.0043   14.3   0.0   1   1   4.3e-05    0.0073   13.5   0.0   286   371   289   378   280   389 0.77 ACNH67_002680
ACNH67_000681-T1     -           2074 68760                -            392     0.028   11.6   0.1   1   2   0.00042     0.072   10.3   0.0    43   157  1047  1161  1044  1196 0.73 ACNH67_000681
ACNH67_000681-T1     -           2074 68760                -            392     0.028   11.6   0.1   2   2       5.7   9.7e+02   -3.3   0.1   257   354  1583  1678  1568  1681 0.69 ACNH67_000681
#
# Program:         hmmsearch
# Version:         3.1b2 (February 2015)
# Pipeline mode:   SEARCH
# Query file:      /home/edouard/GregarineStuff/Lgryllorum_Genome_analysis/Funannotate/Run_v3/species_train/annotate_results/busco_downloads/lineages/apicomplexa_odb12/hmms/68760at5794.hmm
# Target file:     /home/edouard/GregarineStuff/Lgryllorum_Genome_analysis/Funannotate/Run_v3/species_train/annotate_results/Leidyana_gryllorum.proteins.fa
# Option settings: hmmsearch --domtblout /home/edouard/GregarineStuff/Lgryllorum_Genome_analysis/Funannotate/Run_v3/species_train/annotate_results/busco/run_apicomplexa_odb12/hmmer_output/initial_run_results/68760at5794.out --cpu 1 /home/edouard/GregarineStuff/Lgryllorum_Genome_analysis/Funannotate/Run_v3/species_train/annotate_results/busco_downloads/lineages/apicomplexa_odb12/hmms/68760at5794.hmm /home/edouard/GregarineStuff/Lgryllorum_Genome_analysis/Funannotate/Run_v3/species_train/annotate_results/Leidyana_gryllorum.proteins.fa 
# Current dir:     /home/edouard/GregarineStuff/Lgryllorum_Genome_analysis/Funannotate/Run_v3/species_train/annotate_results
# Date:            Tue Apr  1 17:38:48 2025
# [ok]
