#                                                                            --- full sequence --- -------------- this domain -------------   hmm coord   ali coord   env coord
# target name        accession   tlen query name           accession   qlen   E-value  score  bias   #  of  c-Evalue  i-Evalue  score  bias  from    to  from    to  from    to  acc description of target
#------------------- ---------- ----- -------------------- ---------- ----- --------- ------ ----- --- --- --------- --------- ------ ----- ----- ----- ----- ----- ----- ----- ---- ---------------------
ACNH67_001367-T1     -            167 68787                -            152   6.7e-61  202.9   0.1   1   1   1.1e-63   7.9e-61  202.7   0.1     1   147     1   147     1   151 0.98 ACNH67_001367
ACNH67_000395-T1     -            150 68787                -            152   3.8e-38  129.0   0.1   1   1   6.2e-41   4.4e-38  128.8   0.1     1   134     1   138     1   149 0.91 ACNH67_000395
ACNH67_002727-T1     -            145 68787                -            152   2.2e-20   71.4   0.1   1   1   3.8e-23   2.7e-20   71.1   0.1     1   136     1   138     1   144 0.90 ACNH67_002727
ACNH67_004391-T1     -            251 68787                -            152   2.9e-06   25.5   1.7   1   1   6.1e-09   4.3e-06   24.9   1.7     5   145     5   147     1   158 0.83 ACNH67_004391
ACNH67_003316-T1     -            192 68787                -            152     7e-05   21.0   0.0   1   1   1.2e-07   8.7e-05   20.7   0.0    47   138    70   163    29   171 0.82 ACNH67_003316
ACNH67_004793-T1     -            433 68787                -            152    0.0004   18.6   0.3   1   1   1.1e-06   0.00081   17.6   0.2    59   139    58   137     5   150 0.77 ACNH67_004793
ACNH67_003278-T1     -            347 68787                -            152    0.0035   15.5   0.1   1   1     1e-05    0.0073   14.5   0.1    39   121    31   117     1   134 0.73 ACNH67_003278
ACNH67_004359-T1     -            793 68787                -            152     0.028   12.5   0.5   1   3    0.0043       3.1    5.9   0.1    70   103   113   146   107   175 0.88 ACNH67_004359
ACNH67_004359-T1     -            793 68787                -            152     0.028   12.5   0.5   2   3      0.23   1.6e+02    0.3   0.0    74    99   373   398   351   401 0.87 ACNH67_004359
ACNH67_004359-T1     -            793 68787                -            152     0.028   12.5   0.5   3   3     0.081        57    1.8   0.0    12    42   585   615   578   626 0.81 ACNH67_004359
#
# Program:         hmmsearch
# Version:         3.1b2 (February 2015)
# Pipeline mode:   SEARCH
# Query file:      /home/edouard/GregarineStuff/Lgryllorum_Genome_analysis/Funannotate/Run_v3/species_train/annotate_results/busco_downloads/lineages/apicomplexa_odb12/hmms/68787at5794.hmm
# Target file:     /home/edouard/GregarineStuff/Lgryllorum_Genome_analysis/Funannotate/Run_v3/species_train/annotate_results/Leidyana_gryllorum.proteins.fa
# Option settings: hmmsearch --domtblout /home/edouard/GregarineStuff/Lgryllorum_Genome_analysis/Funannotate/Run_v3/species_train/annotate_results/busco/run_apicomplexa_odb12/hmmer_output/initial_run_results/68787at5794.out --cpu 1 /home/edouard/GregarineStuff/Lgryllorum_Genome_analysis/Funannotate/Run_v3/species_train/annotate_results/busco_downloads/lineages/apicomplexa_odb12/hmms/68787at5794.hmm /home/edouard/GregarineStuff/Lgryllorum_Genome_analysis/Funannotate/Run_v3/species_train/annotate_results/Leidyana_gryllorum.proteins.fa 
# Current dir:     /home/edouard/GregarineStuff/Lgryllorum_Genome_analysis/Funannotate/Run_v3/species_train/annotate_results
# Date:            Tue Apr  1 17:38:50 2025
# [ok]
