#                                                                            --- full sequence --- -------------- this domain -------------   hmm coord   ali coord   env coord
# target name        accession   tlen query name           accession   qlen   E-value  score  bias   #  of  c-Evalue  i-Evalue  score  bias  from    to  from    to  from    to  acc description of target
#------------------- ---------- ----- -------------------- ---------- ----- --------- ------ ----- --- --- --------- --------- ------ ----- ----- ----- ----- ----- ----- ----- ---- ---------------------
ACNH67_004075-T1     -            655 68790                -            474  3.7e-221  733.0   0.1   1   2   4.9e-35   2.6e-33  113.6   0.0    12   100    93   182    84   185 0.92 ACNH67_004075
ACNH67_004075-T1     -            655 68790                -            474  3.7e-221  733.0   0.1   2   2  7.8e-188  4.1e-186  617.4   0.1   100   473   244   626   240   627 0.97 ACNH67_004075
ACNH67_003062-T1     -            577 68790                -            474  8.2e-157  520.8   0.0   1   1    2e-158  1.1e-156  520.4   0.0    39   472    73   525    56   527 0.92 ACNH67_003062
ACNH67_004409-T1     -           2132 68790                -            474    5e-133  442.4   5.3   1   2  4.4e-121  2.3e-119  397.3   0.7    35   401  1630  2018  1611  2035 0.88 ACNH67_004409
ACNH67_004409-T1     -           2132 68790                -            474    5e-133  442.4   5.3   2   2   8.5e-15   4.5e-13   46.8   0.3   391   471  2047  2121  2044  2123 0.93 ACNH67_004409
ACNH67_001032-T1     -            605 68790                -            474  4.5e-126  419.4   0.2   1   1    1e-127  5.5e-126  419.2   0.2    17   471   119   573   107   576 0.94 ACNH67_001032
ACNH67_003675-T1     -            596 68790                -            474  4.8e-118  393.0   0.2   1   2     0.064       3.4    4.4   0.1   393   470    33   116    30   119 0.78 ACNH67_003675
ACNH67_003675-T1     -            596 68790                -            474  4.8e-118  393.0   0.2   2   2  6.8e-118  3.6e-116  386.8   0.0    12   471   131   593   122   596 0.94 ACNH67_003675
ACNH67_000126-T1     -            665 68790                -            474  3.1e-117  390.3   0.7   1   2   2.3e-05    0.0012   15.7   0.1   408   470   102   167    77   170 0.80 ACNH67_000126
ACNH67_000126-T1     -            665 68790                -            474  3.1e-117  390.3   0.7   2   2  1.2e-113  6.3e-112  372.8   0.0    19   473   189   663   174   664 0.87 ACNH67_000126
ACNH67_001409-T1     -            502 68790                -            474  5.5e-117  389.5   0.1   1   1  2.3e-118  1.2e-116  388.3   0.1    41   472    43   497    30   499 0.88 ACNH67_001409
ACNH67_004661-T1     -            883 68790                -            474  4.4e-115  383.2   0.0   1   4   1.3e-90   6.7e-89  296.9   0.0    31   296   115   376    93   396 0.94 ACNH67_004661
ACNH67_004661-T1     -            883 68790                -            474  4.4e-115  383.2   0.0   2   4   7.8e-10   4.1e-08   30.5   0.0   297   371   491   566   476   569 0.89 ACNH67_004661
ACNH67_004661-T1     -            883 68790                -            474  4.4e-115  383.2   0.0   3   4   5.1e-14   2.7e-12   44.3   0.0   366   434   583   651   574   659 0.90 ACNH67_004661
ACNH67_004661-T1     -            883 68790                -            474  4.4e-115  383.2   0.0   4   4     0.019         1    6.1   0.0   440   466   731   757   725   763 0.86 ACNH67_004661
ACNH67_002686-T1     -            701 68790                -            474  2.7e-110  367.4   0.4   1   3     0.013      0.69    6.7   0.0   447   471    79   103    63   106 0.86 ACNH67_002686
ACNH67_002686-T1     -            701 68790                -            474  2.7e-110  367.4   0.4   2   3   3.5e-44   1.9e-42  143.7   0.0    40   202   198   384   178   390 0.85 ACNH67_002686
ACNH67_002686-T1     -            701 68790                -            474  2.7e-110  367.4   0.4   3   3   2.3e-65   1.2e-63  213.6   0.0   193   472   406   694   396   696 0.90 ACNH67_002686
ACNH67_002687-T1     -            638 68790                -            474   2.7e-93  311.3   0.2   1   3     0.011      0.57    6.9   0.0   447   471    78   102    63   105 0.86 ACNH67_002687
ACNH67_002687-T1     -            638 68790                -            474   2.7e-93  311.3   0.2   2   3   1.2e-49   6.2e-48  161.8   0.1    41   202   179   350   155   357 0.87 ACNH67_002687
ACNH67_002687-T1     -            638 68790                -            474   2.7e-93  311.3   0.2   3   3   1.4e-42   7.3e-41  138.5   0.0   194   406   373   607   361   610 0.81 ACNH67_002687
ACNH67_005582-T1     -            631 68790                -            474   3.5e-89  297.8   2.8   1   2     0.068       3.6    4.3   0.1   381   471    34   130    11   132 0.72 ACNH67_005582
ACNH67_005582-T1     -            631 68790                -            474   3.5e-89  297.8   2.8   2   2   3.8e-89     2e-87  292.0   0.6    40   472   172   630   160   631 0.88 ACNH67_005582
ACNH67_003394-T1     -            537 68790                -            474   7.5e-83  276.9   0.0   1   1   1.8e-84   9.6e-83  276.6   0.0    28   471    62   529    46   532 0.86 ACNH67_003394
ACNH67_004293-T1     -            322 68790                -            474     2e-71  239.2   0.0   1   1   5.1e-73   2.7e-71  238.8   0.0    28   293    33   309    10   320 0.90 ACNH67_004293
ACNH67_001150-T1     -            290 68790                -            474   7.2e-70  234.1   0.0   1   1   1.6e-71   8.3e-70  233.9   0.0    57   300     3   250     1   268 0.93 ACNH67_001150
ACNH67_001062-T1     -           1824 68790                -            474     1e-67  227.0   0.0   1   2     0.012      0.64    6.8   0.0   404   433   594   623   563   643 0.70 ACNH67_001062
ACNH67_001062-T1     -           1824 68790                -            474     1e-67  227.0   0.0   2   2   1.2e-66   6.2e-65  217.8   0.0    23   300  1230  1513  1216  1523 0.89 ACNH67_001062
ACNH67_004527-T1     -            526 68790                -            474   1.5e-59  200.1   0.0   1   1   3.8e-61     2e-59  199.7   0.0    56   293     2   238     1   261 0.93 ACNH67_004527
ACNH67_002523-T1     -            677 68790                -            474     4e-53  178.9   0.1   1   1   1.2e-54   6.5e-53  178.2   0.1    41   282   368   607   346   628 0.87 ACNH67_002523
ACNH67_005579-T1     -            415 68790                -            474   4.1e-50  169.0   0.1   1   2      0.22        12    2.6   0.1   381   471    34   125    11   127 0.72 ACNH67_005579
ACNH67_005579-T1     -            415 68790                -            474   4.1e-50  169.0   0.1   2   2   1.6e-49   8.6e-48  161.3   0.0    40   292   167   409   154   414 0.91 ACNH67_005579
ACNH67_003806-T1     -            484 68790                -            474   4.2e-50  168.9   0.0   1   1     1e-51   5.5e-50  168.5   0.0    41   280   164   401   132   427 0.91 ACNH67_003806
ACNH67_000353-T1     -            981 68790                -            474   1.3e-47  160.8   0.0   1   1     4e-49   2.1e-47  160.0   0.0    40   293   670   928   662   948 0.86 ACNH67_000353
ACNH67_004049-T1     -            914 68790                -            474   3.3e-47  159.4   0.0   1   2   3.4e-36   1.8e-34  117.4   0.0    16   185   301   467   289   473 0.90 ACNH67_004049
ACNH67_004049-T1     -            914 68790                -            474   3.3e-47  159.4   0.0   2   2   1.2e-12   6.2e-11   39.8   0.0   192   298   510   626   502   635 0.79 ACNH67_004049
ACNH67_005347-T1     -            346 68790                -            474   2.4e-46  156.5   0.1   1   1   5.9e-48   3.1e-46  156.2   0.1    41   291    42   296    31   306 0.84 ACNH67_005347
ACNH67_004408-T1     -            773 68790                -            474   7.3e-46  154.9   0.0   1   1   2.1e-47   1.1e-45  154.4   0.0    42   292    39   302    17   311 0.84 ACNH67_004408
ACNH67_002436-T1     -            305 68790                -            474   1.9e-45  153.6   0.0   1   1   4.5e-47   2.4e-45  153.3   0.0   111   294     1   184     1   192 0.96 ACNH67_002436
ACNH67_003146-T1     -            655 68790                -            474   2.7e-44  149.8   0.0   1   2   4.1e-19   2.2e-17   61.1   0.0    64   170   345   452   329   473 0.89 ACNH67_003146
ACNH67_003146-T1     -            655 68790                -            474   2.7e-44  149.8   0.0   2   2   7.5e-27     4e-25   86.6   0.0   170   293   503   624   483   633 0.87 ACNH67_003146
ACNH67_002049-T1     -            352 68790                -            474   2.9e-42  143.1   0.0   1   1   6.8e-44   3.6e-42  142.8   0.0    34   254   105   325    90   350 0.87 ACNH67_002049
ACNH67_002957-T1     -            477 68790                -            474   1.6e-41  140.6   0.0   1   2   1.2e-35   6.2e-34  115.6   0.1    35   245     8   235     5   256 0.80 ACNH67_002957
ACNH67_002957-T1     -            477 68790                -            474   1.6e-41  140.6   0.0   2   2   3.4e-07   1.8e-05   21.8   0.0   259   295   285   321   280   332 0.86 ACNH67_002957
ACNH67_003858-T1     -            525 68790                -            474   1.4e-40  137.5   0.1   1   2   1.4e-36   7.5e-35  118.7   0.2    29   245     6   230     2   238 0.86 ACNH67_003858
ACNH67_003858-T1     -            525 68790                -            474   1.4e-40  137.5   0.1   2   2   1.2e-05   0.00062   16.7   0.0   262   304   274   316   255   321 0.86 ACNH67_003858
ACNH67_002903-T1     -            600 68790                -            474     1e-38  131.4   0.0   1   2     3e-22   1.6e-20   71.4   0.0    54   167   172   290   163   296 0.88 ACNH67_002903
ACNH67_002903-T1     -            600 68790                -            474     1e-38  131.4   0.0   2   2     4e-18   2.1e-16   57.8   0.0   193   301   345   460   320   478 0.85 ACNH67_002903
ACNH67_003730-T1     -            286 68790                -            474   3.3e-37  126.4   0.0   1   1   5.2e-37   2.7e-35  120.1   0.0    39   291     6   284     1   286 0.80 ACNH67_003730
ACNH67_005443-T1     -            702 68790                -            474     4e-37  126.1   0.0   1   1     1e-38   5.4e-37  125.7   0.0    40   285    49   303    24   359 0.82 ACNH67_005443
ACNH67_003054-T1     -            700 68790                -            474   9.6e-37  124.9   0.0   1   1   2.4e-38   1.3e-36  124.5   0.0    39   297   122   392    87   420 0.83 ACNH67_003054
ACNH67_002165-T1     -           1516 68790                -            474   1.2e-36  124.6   0.2   1   6   8.5e-05    0.0045   13.9   0.0   374   433   225   284   222   298 0.76 ACNH67_002165
ACNH67_002165-T1     -           1516 68790                -            474   1.2e-36  124.6   0.2   2   6    0.0013     0.067   10.0   0.0    26    71   701   745   676   750 0.78 ACNH67_002165
ACNH67_002165-T1     -           1516 68790                -            474   1.2e-36  124.6   0.2   3   6     1e-07   5.3e-06   23.5   0.0    76   119   831   875   828   886 0.88 ACNH67_002165
ACNH67_002165-T1     -           1516 68790                -            474   1.2e-36  124.6   0.2   4   6   3.4e-06   0.00018   18.5   0.0   131   165   919   955   916   961 0.89 ACNH67_002165
ACNH67_002165-T1     -           1516 68790                -            474   1.2e-36  124.6   0.2   5   6     2e-08   1.1e-06   25.8   0.0   193   233  1380  1423  1369  1441 0.86 ACNH67_002165
ACNH67_002165-T1     -           1516 68790                -            474   1.2e-36  124.6   0.2   6   6   7.3e-08   3.8e-06   24.0   0.0   250   293  1469  1513  1455  1516 0.85 ACNH67_002165
ACNH67_004277-T1     -            378 68790                -            474   4.1e-36  122.8   0.0   1   2   3.6e-34   1.9e-32  110.7   0.0    31   245    62   278    41   297 0.86 ACNH67_004277
ACNH67_004277-T1     -            378 68790                -            474   4.1e-36  122.8   0.0   2   2    0.0012     0.061   10.1   0.0   260   293   324   357   312   366 0.91 ACNH67_004277
ACNH67_000097-T1     -            410 68790                -            474   5.1e-34  115.9   0.1   1   3   5.1e-17   2.7e-15   54.2   0.0    33   165    49   190    32   198 0.81 ACNH67_000097
ACNH67_000097-T1     -            410 68790                -            474   5.1e-34  115.9   0.1   2   3   1.4e-10   7.5e-09   32.9   0.0   173   244   250   324   245   337 0.88 ACNH67_000097
ACNH67_000097-T1     -            410 68790                -            474   5.1e-34  115.9   0.1   3   3   4.9e-08   2.6e-06   24.5   0.0   258   295   367   404   354   408 0.88 ACNH67_000097
ACNH67_003188-T1     -            329 68790                -            474   1.6e-32  111.0   0.0   1   1   3.9e-34   2.1e-32  110.6   0.0    94   294    16   225    12   257 0.81 ACNH67_003188
ACNH67_004964-T1     -            442 68790                -            474   2.9e-32  110.1   0.4   1   3   1.7e-24     9e-23   78.8   0.1    29   187    26   186    18   197 0.87 ACNH67_004964
ACNH67_004964-T1     -            442 68790                -            474   2.9e-32  110.1   0.4   2   3   0.00043     0.023   11.5   0.0   189   223   215   251   208   261 0.84 ACNH67_004964
ACNH67_004964-T1     -            442 68790                -            474   2.9e-32  110.1   0.4   3   3   1.6e-05   0.00084   16.3   0.0   257   298   343   384   335   410 0.81 ACNH67_004964
ACNH67_005260-T1     -            397 68790                -            474   3.8e-32  109.7   0.1   1   1   1.6e-33   8.4e-32  108.6   0.1    36   244   110   325   102   330 0.81 ACNH67_005260
ACNH67_003262-T1     -           1267 68790                -            474   5.4e-32  109.2   0.0   1   1   1.6e-33   8.6e-32  108.6   0.0    41   302    20   284    10   292 0.85 ACNH67_003262
ACNH67_004794-T2     -           1125 68790                -            474   1.2e-31  108.0   0.0   1   2     0.088       4.7    3.9   0.0    42    81   370   409   356   421 0.83 ACNH67_004794
ACNH67_004794-T2     -           1125 68790                -            474   1.2e-31  108.0   0.0   2   2   1.7e-31   8.9e-30  101.9   0.0    96   294   463   675   441   702 0.84 ACNH67_004794
ACNH67_004794-T1     -           1179 68790                -            474   1.4e-31  107.9   0.0   1   2     0.093       4.9    3.8   0.0    42    81   370   409   356   421 0.83 ACNH67_004794
ACNH67_004794-T1     -           1179 68790                -            474   1.4e-31  107.9   0.0   2   2   1.8e-31   9.6e-30  101.8   0.0    96   294   463   675   441   702 0.84 ACNH67_004794
ACNH67_005244-T1     -            386 68790                -            474   3.4e-31  106.6   0.0   1   2     6e-28   3.2e-26   90.2   0.4    34   245    22   247    13   253 0.80 ACNH67_005244
ACNH67_005244-T1     -            386 68790                -            474   3.4e-31  106.6   0.0   2   2   0.00024     0.013   12.4   0.0   259   296   289   326   281   356 0.85 ACNH67_005244
ACNH67_005221-T1     -            316 68790                -            474     1e-30  105.0   0.0   1   1   2.4e-32   1.3e-30  104.7   0.0    31   229    35   241    27   261 0.82 ACNH67_005221
ACNH67_002756-T1     -            373 68790                -            474   1.3e-30  104.7   0.1   1   2     1e-26   5.4e-25   86.1   0.0    41   224    54   236    46   248 0.83 ACNH67_002756
ACNH67_002756-T1     -            373 68790                -            474   1.3e-30  104.7   0.1   2   2   1.6e-05   0.00085   16.2   0.0   255   299   326   370   317   373 0.84 ACNH67_002756
ACNH67_000828-T1     -            471 68790                -            474   6.1e-29   99.2   0.0   1   3   4.9e-10   2.6e-08   31.1   0.0    41   123    22   112    12   130 0.78 ACNH67_000828
ACNH67_000828-T1     -            471 68790                -            474   6.1e-29   99.2   0.0   2   3   1.7e-15     9e-14   49.1   0.0   132   223   141   238   131   242 0.81 ACNH67_000828
ACNH67_000828-T1     -            471 68790                -            474   6.1e-29   99.2   0.0   3   3   3.1e-05    0.0017   15.3   0.0   259   303   308   352   302   372 0.83 ACNH67_000828
ACNH67_001957-T1     -            771 68790                -            474   2.2e-28   97.3   0.0   1   3   2.2e-16   1.2e-14   52.1   0.0    40   169   418   569   391   576 0.74 ACNH67_001957
ACNH67_001957-T1     -            771 68790                -            474   2.2e-28   97.3   0.0   2   3     2e-07     1e-05   22.5   0.0   169   239   614   687   604   705 0.83 ACNH67_001957
ACNH67_001957-T1     -            771 68790                -            474   2.2e-28   97.3   0.0   3   3   2.6e-06   0.00014   18.8   0.0   265   292   742   769   736   771 0.92 ACNH67_001957
ACNH67_003077-T1     -            558 68790                -            474   1.1e-27   95.0   0.0   1   2   2.1e-27   1.1e-25   88.4   0.1    31   261   200   438   178   469 0.82 ACNH67_003077
ACNH67_003077-T1     -            558 68790                -            474   1.1e-27   95.0   0.0   2   2     0.061       3.2    4.4   0.0   266   293   520   547   507   556 0.85 ACNH67_003077
ACNH67_004832-T1     -            867 68790                -            474   1.4e-27   94.7   0.3   1   2   1.7e-25     9e-24   82.1   0.2    35   245   541   767   520   771 0.83 ACNH67_004832
ACNH67_004832-T1     -            867 68790                -            474   1.4e-27   94.7   0.3   2   2   0.00094      0.05   10.4   0.0   262   292   827   857   818   863 0.87 ACNH67_004832
ACNH67_004412-T1     -            387 68790                -            474   1.4e-27   94.7   0.0   1   1   3.4e-29   1.8e-27   94.3   0.0    66   296     2   234     1   242 0.87 ACNH67_004412
ACNH67_004295-T1     -            623 68790                -            474   2.9e-26   90.3   0.3   1   3   7.8e-05    0.0041   14.0   0.0    18   100    39   123    24   127 0.78 ACNH67_004295
ACNH67_004295-T1     -            623 68790                -            474   2.9e-26   90.3   0.3   2   3   6.1e-17   3.2e-15   53.9   0.1   136   245   237   364   232   378 0.78 ACNH67_004295
ACNH67_004295-T1     -            623 68790                -            474   2.9e-26   90.3   0.3   3   3   3.3e-05    0.0018   15.2   0.0   262   293   422   453   409   468 0.86 ACNH67_004295
ACNH67_001203-T1     -           1491 68790                -            474   2.1e-25   87.5   0.0   1   2       9.4   4.9e+02   -2.8   0.0   414   467   829   881   818   886 0.78 ACNH67_001203
ACNH67_001203-T1     -           1491 68790                -            474   2.1e-25   87.5   0.0   2   2   1.2e-26   6.1e-25   86.0   0.0    42   284  1227  1477  1207  1486 0.87 ACNH67_001203
ACNH67_000199-T1     -            563 68790                -            474   4.5e-24   83.1   0.0   1   1   1.3e-25   6.9e-24   82.5   0.0    26   243   229   480   207   493 0.74 ACNH67_000199
ACNH67_003624-T1     -            145 68790                -            474   2.1e-23   80.9   4.7   1   1   4.4e-25   2.3e-23   80.7   4.7   329   472     3   144     1   145 0.85 ACNH67_003624
ACNH67_000225-T1     -            904 68790                -            474   3.8e-23   80.1   0.0   1   2   1.2e-18   6.1e-17   59.6   0.0    41   184    43   195    34   206 0.82 ACNH67_000225
ACNH67_000225-T1     -            904 68790                -            474   3.8e-23   80.1   0.0   2   2   3.5e-06   0.00018   18.4   0.0   211   292   257   350   222   390 0.72 ACNH67_000225
ACNH67_004244-T1     -            846 68790                -            474   6.3e-23   79.3   0.0   1   3    0.0073      0.38    7.5   0.0    42   102    50   126    29   134 0.65 ACNH67_004244
ACNH67_004244-T1     -            846 68790                -            474   6.3e-23   79.3   0.0   2   3       2.4   1.3e+02   -0.8   0.0   104   126   150   172   145   184 0.83 ACNH67_004244
ACNH67_004244-T1     -            846 68790                -            474   6.3e-23   79.3   0.0   3   3   6.1e-21   3.2e-19   67.1   0.0   125   247   215   334   210   426 0.78 ACNH67_004244
ACNH67_004099-T1     -            462 68790                -            474   1.4e-22   78.2   0.0   1   2     4e-17   2.1e-15   54.5   0.0    92   185    57   148    45   159 0.89 ACNH67_004099
ACNH67_004099-T1     -            462 68790                -            474   1.4e-22   78.2   0.0   2   2   3.7e-07   1.9e-05   21.7   0.0   188   235   179   228   167   280 0.83 ACNH67_004099
ACNH67_002449-T1     -            467 68790                -            474   3.4e-22   76.9   0.0   1   4      0.15         8    3.1   0.0    41    71     8    38     2    47 0.90 ACNH67_002449
ACNH67_002449-T1     -            467 68790                -            474   3.4e-22   76.9   0.0   2   4   7.4e-09   3.9e-07   27.2   0.0   118   167   152   203   148   234 0.78 ACNH67_002449
ACNH67_002449-T1     -            467 68790                -            474   3.4e-22   76.9   0.0   3   4   3.7e-07     2e-05   21.6   0.0   188   244   260   318   256   325 0.87 ACNH67_002449
ACNH67_002449-T1     -            467 68790                -            474   3.4e-22   76.9   0.0   4   4     2e-06    0.0001   19.2   0.0   259   294   426   461   410   465 0.88 ACNH67_002449
ACNH67_004098-T1     -            363 68790                -            474   4.7e-20   69.8   0.0   1   1   1.3e-21   7.1e-20   69.3   0.0    98   205   235   344   227   349 0.87 ACNH67_004098
ACNH67_003589-T1     -            106 68790                -            474   7.7e-20   69.1   0.3   1   1   1.7e-21   8.8e-20   69.0   0.3   329   423     3   101     1   105 0.84 ACNH67_003589
ACNH67_004114-T1     -            514 68790                -            474   6.2e-19   66.2   0.1   1   3   2.5e-10   1.3e-08   32.1   0.0   103   198    23   117     1   131 0.78 ACNH67_004114
ACNH67_004114-T1     -            514 68790                -            474   6.2e-19   66.2   0.1   2   3   1.5e-05   0.00081   16.3   0.0   191   245   195   251   182   303 0.82 ACNH67_004114
ACNH67_004114-T1     -            514 68790                -            474   6.2e-19   66.2   0.1   3   3   6.5e-05    0.0035   14.2   0.0   265   294   308   337   301   348 0.89 ACNH67_004114
ACNH67_000838-T1     -            320 68790                -            474   2.4e-18   64.2   0.0   1   1   5.8e-20   3.1e-18   63.9   0.0    76   283    72   293    61   310 0.83 ACNH67_000838
ACNH67_004988-T1     -            177 68790                -            474   3.6e-18   63.6   3.1   1   1   8.1e-20   4.3e-18   63.4   3.1   330   471    21   165    15   168 0.84 ACNH67_004988
ACNH67_000503-T1     -           1158 68790                -            474     4e-18   63.5   0.0   1   1   1.1e-19     6e-18   62.9   0.0    41   234   878  1094   870  1099 0.75 ACNH67_000503
ACNH67_002685-T1     -            740 68790                -            474   5.1e-18   63.2   0.0   1   2   4.6e-13   2.4e-11   41.1   0.0    78   192   452   563   440   569 0.85 ACNH67_002685
ACNH67_002685-T1     -            740 68790                -            474   5.1e-18   63.2   0.0   2   2   1.7e-06   8.8e-05   19.5   0.0   193   247   585   640   574   661 0.82 ACNH67_002685
ACNH67_004113-T1     -            168 68790                -            474   7.6e-18   62.6   0.1   1   1   1.8e-19   9.6e-18   62.2   0.1   329   472    11   161     8   163 0.87 ACNH67_004113
ACNH67_004985-T1     -            726 68790                -            474     8e-18   62.5   0.0   1   1   2.2e-18   1.1e-16   58.7   0.0    71   285   432   674   379   709 0.78 ACNH67_004985
ACNH67_001045-T1     -            528 68790                -            474   1.2e-17   62.0   0.0   1   2   1.8e-18   9.6e-17   58.9   0.0   133   245   236   349   225   365 0.85 ACNH67_001045
ACNH67_001045-T1     -            528 68790                -            474   1.2e-17   62.0   0.0   2   2         1        55    0.4   0.0   259   294   383   418   374   427 0.87 ACNH67_001045
ACNH67_000223-T1     -            347 68790                -            474   1.7e-17   61.4   0.0   1   1   4.5e-19   2.4e-17   60.9   0.0    37   189   105   265    94   274 0.77 ACNH67_000223
ACNH67_004036-T1     -            504 68790                -            474   4.7e-17   60.0   0.0   1   1     2e-18   1.1e-16   58.8   0.0    42   269   190   436   185   475 0.80 ACNH67_004036
ACNH67_003204-T1     -           1467 68790                -            474     5e-17   59.9   0.0   1   1   1.4e-17   7.6e-16   56.0   0.0   104   295   380   603   377   619 0.67 ACNH67_003204
ACNH67_004268-T1     -            912 68790                -            474   8.8e-16   55.8   0.0   1   1   5.6e-17     3e-15   54.0   0.0    36   301   610   901   594   910 0.73 ACNH67_004268
ACNH67_004279-T1     -            168 68790                -            474   7.4e-15   52.7   0.8   1   1   1.9e-16   9.8e-15   52.3   0.8   331   472    14   159    10   161 0.79 ACNH67_004279
ACNH67_003409-T1     -           1358 68790                -            474   1.8e-14   51.4   0.0   1   1   5.1e-16   2.7e-14   50.9   0.0    41   286   773  1037   767  1074 0.80 ACNH67_003409
ACNH67_002902-T1     -            327 68790                -            474   4.1e-13   47.0   0.0   1   1     4e-14   2.1e-12   44.6   0.0    38   284    21   285     7   292 0.73 ACNH67_002902
ACNH67_002848-T1     -            852 68790                -            474   1.5e-12   45.2   0.1   1   3     0.015       0.8    6.4   0.0   135   166   224   256   195   266 0.82 ACNH67_002848
ACNH67_002848-T1     -            852 68790                -            474   1.5e-12   45.2   0.1   2   3   5.9e-08   3.1e-06   24.3   0.0   157   234   533   608   530   617 0.84 ACNH67_002848
ACNH67_002848-T1     -            852 68790                -            474   1.5e-12   45.2   0.1   3   3   0.00091     0.048   10.5   0.0   265   296   683   714   664   735 0.80 ACNH67_002848
ACNH67_003835-T1     -            323 68790                -            474   2.1e-12   44.6   0.0   1   1   5.4e-14   2.9e-12   44.2   0.0   109   199    73   160    61   210 0.84 ACNH67_003835
ACNH67_003626-T1     -            138 68790                -            474   2.3e-12   44.5   0.0   1   1   5.2e-14   2.7e-12   44.3   0.0   339   470     6   136     2   138 0.90 ACNH67_003626
ACNH67_000269-T1     -            227 68790                -            474   3.7e-12   43.8   4.4   1   2   4.4e-09   2.3e-07   28.0   0.4   403   472    40   107    34   109 0.92 ACNH67_000269
ACNH67_000269-T1     -            227 68790                -            474   3.7e-12   43.8   4.4   2   2     7e-06   0.00037   17.4   0.2   420   472   173   223   138   225 0.83 ACNH67_000269
ACNH67_001470-T1     -            477 68790                -            474   4.2e-12   43.6   0.0   1   1   1.1e-13   5.8e-12   43.2   0.0    43   168   302   437   290   444 0.78 ACNH67_001470
ACNH67_000204-T1     -            289 68790                -            474   5.2e-12   43.3   0.0   1   1   1.2e-13   6.2e-12   43.1   0.0   127   238    41   162    13   199 0.76 ACNH67_000204
ACNH67_003228-T1     -            301 68790                -            474   5.8e-12   43.2   0.0   1   1   1.4e-13   7.6e-12   42.8   0.0   128   235    18   134     7   152 0.77 ACNH67_003228
ACNH67_005193-T1     -            100 68790                -            474     2e-11   41.4   2.0   1   1   4.1e-13   2.2e-11   41.3   2.0   376   473     2    98     1    99 0.88 ACNH67_005193
ACNH67_001532-T1     -            468 68790                -            474   3.1e-10   37.5   0.0   1   2      0.11       5.9    3.6   0.0    46    75    38    67    28    74 0.88 ACNH67_001532
ACNH67_001532-T1     -            468 68790                -            474   3.1e-10   37.5   0.0   2   2   3.8e-10     2e-08   31.5   0.0    99   295   107   320    96   328 0.72 ACNH67_001532
ACNH67_003613-T1     -            401 68790                -            474   6.5e-10   36.4   0.0   1   2     0.023       1.2    5.9   0.0    41    67    24    50    14    74 0.84 ACNH67_003613
ACNH67_003613-T1     -            401 68790                -            474   6.5e-10   36.4   0.0   2   2   3.3e-09   1.7e-07   28.4   0.0   143   187   203   247   183   276 0.85 ACNH67_003613
ACNH67_000564-T1     -            871 68790                -            474   5.7e-09   33.3   0.0   1   2    0.0011     0.057   10.2   0.0    38   107   495   562   468   582 0.79 ACNH67_000564
ACNH67_000564-T1     -            871 68790                -            474   5.7e-09   33.3   0.0   2   2   6.4e-07   3.4e-05   20.9   0.0   145   232   635   726   626   732 0.81 ACNH67_000564
ACNH67_002277-T1     -            486 68790                -            474   8.9e-09   32.7   0.1   1   1   7.3e-10   3.9e-08   30.6   0.1   137   234   265   381   193   387 0.70 ACNH67_002277
ACNH67_001310-T1     -            406 68790                -            474   1.5e-08   32.0   0.0   1   3       3.8     2e+02   -1.5   0.0    37    71    21    54     5    62 0.81 ACNH67_001310
ACNH67_001310-T1     -            406 68790                -            474   1.5e-08   32.0   0.0   2   3    0.0013     0.066   10.0   0.0   140   167   164   191   129   202 0.87 ACNH67_001310
ACNH67_001310-T1     -            406 68790                -            474   1.5e-08   32.0   0.0   3   3   3.3e-06   0.00018   18.5   0.0   212   284   321   394   270   404 0.85 ACNH67_001310
ACNH67_002396-T1     -           1379 68790                -            474   1.5e-08   31.9   0.0   1   2   1.5e-07   7.9e-06   23.0   0.0   136   183  1103  1146  1095  1154 0.84 ACNH67_002396
ACNH67_002396-T1     -           1379 68790                -            474   1.5e-08   31.9   0.0   2   2     0.014      0.72    6.6   0.0   193   228  1203  1237  1192  1245 0.81 ACNH67_002396
ACNH67_004979-T1     -            251 68790                -            474   1.7e-08   31.8   0.0   1   1   4.2e-10   2.2e-08   31.4   0.0    41   159   121   242   107   247 0.85 ACNH67_004979
ACNH67_001204-T1     -            729 68790                -            474     6e-07   26.6   0.0   1   1   1.6e-08   8.5e-07   26.1   0.0    45   165   586   717   570   725 0.71 ACNH67_001204
ACNH67_002187-T1     -            141 68790                -            474   6.9e-06   23.1   0.1   1   2       7.7   4.1e+02   -2.5   0.0    48    77    25    54    18    63 0.82 ACNH67_002187
ACNH67_002187-T1     -            141 68790                -            474   6.9e-06   23.1   0.1   2   2   2.5e-07   1.3e-05   22.2   0.0   394   468    64   135    59   140 0.81 ACNH67_002187
ACNH67_002437-T1     -            340 68790                -            474   7.8e-06   23.0   0.0   1   1   2.1e-07   1.1e-05   22.5   0.0    34   103   272   339   268   340 0.92 ACNH67_002437
ACNH67_004632-T1     -            140 68790                -            474   1.6e-05   21.9   0.0   1   1   3.3e-07   1.8e-05   21.8   0.0   338   451     7   121     3   140 0.75 ACNH67_004632
ACNH67_002171-T1     -            365 68790                -            474   2.3e-05   21.4   0.0   1   1   1.1e-06   5.9e-05   20.1   0.0   136   235   180   283   172   304 0.78 ACNH67_002171
ACNH67_005194-T1     -            584 68790                -            474   3.3e-05   20.9   0.0   1   1   1.1e-06   5.7e-05   20.1   0.0   331   471     2   148     1   151 0.88 ACNH67_005194
ACNH67_003431-T1     -            151 68790                -            474   3.6e-05   20.8   0.1   1   1   9.3e-07   4.9e-05   20.3   0.1   340   434    21   117    11   133 0.80 ACNH67_003431
ACNH67_002749-T1     -            939 68790                -            474   4.3e-05   20.5   0.0   1   2    0.0028      0.15    8.9   0.0   128   191   254   318   208   324 0.76 ACNH67_002749
ACNH67_002749-T1     -            939 68790                -            474   4.3e-05   20.5   0.0   2   2    0.0019       0.1    9.4   0.0   212   302   380   481   373   501 0.79 ACNH67_002749
ACNH67_003764-T1     -           1625 68790                -            474    0.0016   15.4   0.1   1   2     0.018      0.95    6.2   0.0   136   183  1440  1484  1430  1492 0.80 ACNH67_003764
ACNH67_003764-T1     -           1625 68790                -            474    0.0016   15.4   0.1   2   2     0.015      0.78    6.5   0.0   201   236  1551  1591  1546  1606 0.79 ACNH67_003764
ACNH67_000538-T1     -            208 68790                -            474     0.002   15.0   0.1   1   1   4.8e-05    0.0025   14.7   0.1   335   397   140   204   130   208 0.84 ACNH67_000538
ACNH67_004650-T1     -            365 68790                -            474    0.0054   13.6   0.0   1   1   0.00013    0.0071   13.2   0.0   395   468   206   277   187   283 0.81 ACNH67_004650
ACNH67_005263-T1     -            643 68790                -            474    0.0095   12.8   0.3   1   1   0.00066     0.035   10.9   0.3    77   169    79   170    68   245 0.77 ACNH67_005263
ACNH67_001865-T1     -           1020 68790                -            474      0.01   12.7   0.1   1   1   0.00031     0.016   12.0   0.1   339   393   453   508   446   515 0.57 ACNH67_001865
ACNH67_003410-T1     -           1316 68790                -            474     0.018   11.9   0.0   1   1   0.00051     0.027   11.3   0.0   341   404   623   687   615   757 0.72 ACNH67_003410
ACNH67_004184-T1     -            112 68790                -            474     0.062   10.1   0.0   1   1    0.0014     0.075    9.8   0.0   409   472    16    77     7    79 0.89 ACNH67_004184
ACNH67_000820-T1     -            791 68790                -            474     0.067   10.0   0.2   1   1    0.0019       0.1    9.4   0.2   335   410   212   287   195   292 0.89 ACNH67_000820
ACNH67_003821-T1     -            326 68790                -            474     0.068   10.0   0.0   1   2       1.9        99   -0.5   0.0   146   165    87   106    66   119 0.84 ACNH67_003821
ACNH67_003821-T1     -            326 68790                -            474     0.068   10.0   0.0   2   2    0.0059      0.31    7.8   0.0   264   294   264   294   209   300 0.80 ACNH67_003821
ACNH67_001513-T1     -            579 68790                -            474     0.071    9.9   0.0   1   1    0.0021      0.11    9.3   0.0   406   453   497   540   493   556 0.78 ACNH67_001513
#
# Program:         hmmsearch
# Version:         3.1b2 (February 2015)
# Pipeline mode:   SEARCH
# Query file:      /home/edouard/GregarineStuff/Lgryllorum_Genome_analysis/Funannotate/Run_v3/species_train/annotate_results/busco_downloads/lineages/apicomplexa_odb12/hmms/68790at5794.hmm
# Target file:     /home/edouard/GregarineStuff/Lgryllorum_Genome_analysis/Funannotate/Run_v3/species_train/annotate_results/Leidyana_gryllorum.proteins.fa
# Option settings: hmmsearch --domtblout /home/edouard/GregarineStuff/Lgryllorum_Genome_analysis/Funannotate/Run_v3/species_train/annotate_results/busco/run_apicomplexa_odb12/hmmer_output/initial_run_results/68790at5794.out --cpu 1 /home/edouard/GregarineStuff/Lgryllorum_Genome_analysis/Funannotate/Run_v3/species_train/annotate_results/busco_downloads/lineages/apicomplexa_odb12/hmms/68790at5794.hmm /home/edouard/GregarineStuff/Lgryllorum_Genome_analysis/Funannotate/Run_v3/species_train/annotate_results/Leidyana_gryllorum.proteins.fa 
# Current dir:     /home/edouard/GregarineStuff/Lgryllorum_Genome_analysis/Funannotate/Run_v3/species_train/annotate_results
# Date:            Tue Apr  1 17:38:51 2025
# [ok]
