#                                                                            --- full sequence --- -------------- this domain -------------   hmm coord   ali coord   env coord
# target name        accession   tlen query name           accession   qlen   E-value  score  bias   #  of  c-Evalue  i-Evalue  score  bias  from    to  from    to  from    to  acc description of target
#------------------- ---------- ----- -------------------- ---------- ----- --------- ------ ----- --- --- --------- --------- ------ ----- ----- ----- ----- ----- ----- ----- ---- ---------------------
ACNH67_001629-T1     -            552 68809                -            512  1.9e-245  813.6   0.6   1   1  3.9e-248  2.2e-245  813.4   0.6     2   512    18   549    17   549 0.95 ACNH67_001629
ACNH67_002988-T1     -           1169 68809                -            512   5.9e-87  290.7   5.5   1   1   1.5e-89   8.7e-87  290.2   5.5     5   507   639  1143   636  1148 0.93 ACNH67_002988
ACNH67_000947-T1     -            553 68809                -            512   3.8e-79  265.0   1.4   1   1   8.6e-82   4.9e-79  264.6   1.4     5   508    23   544    19   547 0.89 ACNH67_000947
ACNH67_004156-T1     -            531 68809                -            512     2e-70  236.2   5.2   1   1   4.9e-73   2.8e-70  235.7   5.2    11   508    28   523    19   526 0.89 ACNH67_004156
ACNH67_001451-T1     -            487 68809                -            512   6.3e-65  218.1  13.6   1   1   1.4e-67   7.6e-65  217.8  13.6    29   506     3   484     1   486 0.94 ACNH67_001451
ACNH67_000390-T1     -            572 68809                -            512   7.2e-61  204.7   2.5   1   1   6.8e-63   3.8e-60  202.3   2.5     4   511    29   555    26   556 0.86 ACNH67_000390
ACNH67_000500-T1     -            563 68809                -            512   1.9e-46  157.1   3.9   1   1   1.3e-48   7.5e-46  155.1   3.9     3   508    25   539    23   542 0.86 ACNH67_000500
ACNH67_004914-T1     -            252 68809                -            512   3.2e-41  139.8   0.2   1   1   7.2e-44   4.1e-41  139.5   0.2   267   506     4   247     2   250 0.94 ACNH67_004914
ACNH67_004915-T1     -            265 68809                -            512   2.6e-36  123.7   1.1   1   1   5.5e-39   3.1e-36  123.4   1.1     3   223    29   249    27   255 0.94 ACNH67_004915
ACNH67_004984-T1     -            559 68809                -            512   1.4e-20   71.8   1.8   1   3   9.7e-14   5.5e-11   40.1   0.0    14   128    44   162    34   199 0.88 ACNH67_004984
ACNH67_004984-T1     -            559 68809                -            512   1.4e-20   71.8   1.8   2   3      0.32   1.8e+02   -1.2   0.0   222   335   214   344   197   365 0.55 ACNH67_004984
ACNH67_004984-T1     -            559 68809                -            512   1.4e-20   71.8   1.8   3   3   1.1e-10     6e-08   30.1   0.1   358   499   401   538   383   546 0.91 ACNH67_004984
#
# Program:         hmmsearch
# Version:         3.1b2 (February 2015)
# Pipeline mode:   SEARCH
# Query file:      /home/edouard/GregarineStuff/Lgryllorum_Genome_analysis/Funannotate/Run_v3/species_train/annotate_results/busco_downloads/lineages/apicomplexa_odb12/hmms/68809at5794.hmm
# Target file:     /home/edouard/GregarineStuff/Lgryllorum_Genome_analysis/Funannotate/Run_v3/species_train/annotate_results/Leidyana_gryllorum.proteins.fa
# Option settings: hmmsearch --domtblout /home/edouard/GregarineStuff/Lgryllorum_Genome_analysis/Funannotate/Run_v3/species_train/annotate_results/busco/run_apicomplexa_odb12/hmmer_output/initial_run_results/68809at5794.out --cpu 1 /home/edouard/GregarineStuff/Lgryllorum_Genome_analysis/Funannotate/Run_v3/species_train/annotate_results/busco_downloads/lineages/apicomplexa_odb12/hmms/68809at5794.hmm /home/edouard/GregarineStuff/Lgryllorum_Genome_analysis/Funannotate/Run_v3/species_train/annotate_results/Leidyana_gryllorum.proteins.fa 
# Current dir:     /home/edouard/GregarineStuff/Lgryllorum_Genome_analysis/Funannotate/Run_v3/species_train/annotate_results
# Date:            Tue Apr  1 17:38:55 2025
# [ok]
