#                                                                            --- full sequence --- -------------- this domain -------------   hmm coord   ali coord   env coord
# target name        accession   tlen query name           accession   qlen   E-value  score  bias   #  of  c-Evalue  i-Evalue  score  bias  from    to  from    to  from    to  acc description of target
#------------------- ---------- ----- -------------------- ---------- ----- --------- ------ ----- --- --- --------- --------- ------ ----- ----- ----- ----- ----- ----- ----- ---- ---------------------
ACNH67_004494-T1     -            252 68814                -            252  5.5e-116  384.6   0.0   1   1  9.8e-119  6.1e-116  384.4   0.0     1   252     1   252     1   252 1.00 ACNH67_004494
ACNH67_004197-T1     -            235 68814                -            252   4.9e-46  155.4   0.0   1   1   9.5e-49     6e-46  155.1   0.0     9   247     5   233     3   235 0.94 ACNH67_004197
ACNH67_004875-T1     -            242 68814                -            252   1.2e-35  121.4   0.0   1   1   2.2e-38   1.4e-35  121.2   0.0     8   241     3   228     1   235 0.91 ACNH67_004875
ACNH67_001233-T1     -            279 68814                -            252   1.1e-24   85.5   0.0   1   2   3.1e-26   1.9e-23   81.4   0.0     6   171     5   161     1   166 0.92 ACNH67_001233
ACNH67_001233-T1     -            279 68814                -            252   1.1e-24   85.5   0.0   2   2     0.051        32    2.1   0.0   155   188   176   209   171   243 0.85 ACNH67_001233
ACNH67_002146-T1     -            201 68814                -            252   1.4e-21   75.3   0.0   1   1   2.6e-24   1.6e-21   75.1   0.0    65   245     5   187     1   193 0.86 ACNH67_002146
ACNH67_002441-T1     -            264 68814                -            252   5.2e-20   70.2   0.0   1   2   4.1e-18   2.6e-15   54.8   0.0     6   163     3   150     1   154 0.87 ACNH67_002441
ACNH67_002441-T1     -            264 68814                -            252   5.2e-20   70.2   0.0   2   2   2.3e-05     0.015   13.0   0.0   170   246   177   254   173   257 0.89 ACNH67_002441
ACNH67_003652-T1     -            220 68814                -            252     3e-19   67.7   0.0   1   1   6.1e-22   3.8e-19   67.3   0.0    37   231    25   219    20   220 0.87 ACNH67_003652
ACNH67_002616-T1     -            286 68814                -            252     2e-05   22.4   0.0   1   1   4.8e-08     3e-05   21.8   0.0    30   219    39   214    30   230 0.82 ACNH67_002616
ACNH67_001827-T1     -            265 68814                -            252     0.011   13.4   0.0   1   1   2.4e-05     0.015   13.0   0.0    60   165    78   180    57   205 0.83 ACNH67_001827
#
# Program:         hmmsearch
# Version:         3.1b2 (February 2015)
# Pipeline mode:   SEARCH
# Query file:      /home/edouard/GregarineStuff/Lgryllorum_Genome_analysis/Funannotate/Run_v3/species_train/annotate_results/busco_downloads/lineages/apicomplexa_odb12/hmms/68814at5794.hmm
# Target file:     /home/edouard/GregarineStuff/Lgryllorum_Genome_analysis/Funannotate/Run_v3/species_train/annotate_results/Leidyana_gryllorum.proteins.fa
# Option settings: hmmsearch --domtblout /home/edouard/GregarineStuff/Lgryllorum_Genome_analysis/Funannotate/Run_v3/species_train/annotate_results/busco/run_apicomplexa_odb12/hmmer_output/initial_run_results/68814at5794.out --cpu 1 /home/edouard/GregarineStuff/Lgryllorum_Genome_analysis/Funannotate/Run_v3/species_train/annotate_results/busco_downloads/lineages/apicomplexa_odb12/hmms/68814at5794.hmm /home/edouard/GregarineStuff/Lgryllorum_Genome_analysis/Funannotate/Run_v3/species_train/annotate_results/Leidyana_gryllorum.proteins.fa 
# Current dir:     /home/edouard/GregarineStuff/Lgryllorum_Genome_analysis/Funannotate/Run_v3/species_train/annotate_results
# Date:            Tue Apr  1 17:38:55 2025
# [ok]
