#                                                                            --- full sequence --- -------------- this domain -------------   hmm coord   ali coord   env coord
# target name        accession   tlen query name           accession   qlen   E-value  score  bias   #  of  c-Evalue  i-Evalue  score  bias  from    to  from    to  from    to  acc description of target
#------------------- ---------- ----- -------------------- ---------- ----- --------- ------ ----- --- --- --------- --------- ------ ----- ----- ----- ----- ----- ----- ----- ---- ---------------------
ACNH67_004893-T1     -            402 68831                -            432    4e-151  502.0   0.0   1   1  2.4e-153  2.2e-150  499.5   0.0     1   345     1   390     1   399 0.91 ACNH67_004893
ACNH67_004777-T1     -            442 68831                -            432  1.1e-108  362.2   0.0   1   1  1.4e-111  1.3e-108  361.9   0.0     3   424     2   429     1   434 0.94 ACNH67_004777
ACNH67_003245-T1     -            447 68831                -            432  2.4e-108  361.0   0.0   1   1  3.1e-111    3e-108  360.7   0.0     3   427     2   432     1   438 0.93 ACNH67_003245
ACNH67_004334-T1     -            446 68831                -            432   1.3e-84  282.8   0.0   1   1   1.7e-87   1.6e-84  282.5   0.0     3   407     2   423     1   442 0.91 ACNH67_004334
ACNH67_005200-T1     -            788 68831                -            432   1.9e-83  279.0   0.0   1   1   3.4e-86   3.2e-83  278.2   0.0    12   427   337   775   333   779 0.89 ACNH67_005200
ACNH67_000485-T1     -            466 68831                -            432   6.4e-19   66.4   0.0   1   2   3.1e-17   2.9e-14   51.0   0.0   121   246    13   142     3   187 0.87 ACNH67_000485
ACNH67_000485-T1     -            466 68831                -            432   6.4e-19   66.4   0.0   2   2   8.4e-06    0.0079   13.3   0.0   276   406   270   400   264   419 0.72 ACNH67_000485
#
# Program:         hmmsearch
# Version:         3.1b2 (February 2015)
# Pipeline mode:   SEARCH
# Query file:      /home/edouard/GregarineStuff/Lgryllorum_Genome_analysis/Funannotate/Run_v3/species_train/annotate_results/busco_downloads/lineages/apicomplexa_odb12/hmms/68831at5794.hmm
# Target file:     /home/edouard/GregarineStuff/Lgryllorum_Genome_analysis/Funannotate/Run_v3/species_train/annotate_results/Leidyana_gryllorum.proteins.fa
# Option settings: hmmsearch --domtblout /home/edouard/GregarineStuff/Lgryllorum_Genome_analysis/Funannotate/Run_v3/species_train/annotate_results/busco/run_apicomplexa_odb12/hmmer_output/initial_run_results/68831at5794.out --cpu 1 /home/edouard/GregarineStuff/Lgryllorum_Genome_analysis/Funannotate/Run_v3/species_train/annotate_results/busco_downloads/lineages/apicomplexa_odb12/hmms/68831at5794.hmm /home/edouard/GregarineStuff/Lgryllorum_Genome_analysis/Funannotate/Run_v3/species_train/annotate_results/Leidyana_gryllorum.proteins.fa 
# Current dir:     /home/edouard/GregarineStuff/Lgryllorum_Genome_analysis/Funannotate/Run_v3/species_train/annotate_results
# Date:            Tue Apr  1 17:38:58 2025
# [ok]
