#                                                                            --- full sequence --- -------------- this domain -------------   hmm coord   ali coord   env coord
# target name        accession   tlen query name           accession   qlen   E-value  score  bias   #  of  c-Evalue  i-Evalue  score  bias  from    to  from    to  from    to  acc description of target
#------------------- ---------- ----- -------------------- ---------- ----- --------- ------ ----- --- --- --------- --------- ------ ----- ----- ----- ----- ----- ----- ----- ---- ---------------------
ACNH67_004945-T1     -            439 68844                -            421  1.2e-235  780.3   4.4   1   1  1.2e-237  2.3e-235  779.4   4.4    20   421    36   439     1   439 0.96 ACNH67_004945
ACNH67_000088-T1     -            466 68844                -            421   7.4e-85  283.6   0.0   1   1   4.5e-87   8.7e-85  283.3   0.0    32   418    87   465    67   466 0.95 ACNH67_000088
ACNH67_001796-T1     -            394 68844                -            421   2.1e-80  268.9   1.2   1   1   1.2e-82   2.4e-80  268.7   1.2    39   412    25   393     3   394 0.94 ACNH67_001796
ACNH67_003972-T1     -            469 68844                -            421   2.4e-61  206.1   0.0   1   1   1.6e-63   3.1e-61  205.8   0.0    20   399    45   416    26   435 0.90 ACNH67_003972
ACNH67_001998-T1     -            861 68844                -            421   3.2e-59  199.1   0.0   1   1   8.3e-60   1.6e-57  193.5   0.0    45   392   436   808   418   831 0.82 ACNH67_001998
ACNH67_000205-T1     -            668 68844                -            421   4.8e-53  178.8   0.0   1   1   3.3e-55   6.4e-53  178.4   0.0    40   414   213   595   185   600 0.90 ACNH67_000205
ACNH67_002442-T1     -            669 68844                -            421   1.1e-52  177.7   0.0   1   1   7.4e-55   1.4e-52  177.2   0.0    48   410   203   574   171   583 0.84 ACNH67_002442
ACNH67_004375-T1     -            229 68844                -            421   3.4e-50  169.4   0.8   1   1     2e-52   3.8e-50  169.2   0.8   188   413     2   225     1   228 0.96 ACNH67_004375
ACNH67_001782-T1     -            672 68844                -            421   2.2e-46  156.8   0.0   1   1   1.5e-48   2.8e-46  156.5   0.0    68   400     3   339     1   360 0.84 ACNH67_001782
ACNH67_002835-T1     -            524 68844                -            421   2.4e-46  156.7   0.0   1   1     9e-48   1.8e-45  153.9   0.0    47   397    55   433    20   445 0.81 ACNH67_002835
ACNH67_003305-T1     -            505 68844                -            421   1.3e-44  151.0   0.0   1   1   8.3e-47   1.6e-44  150.7   0.0    47   387    71   413    36   446 0.88 ACNH67_003305
ACNH67_004323-T1     -            965 68844                -            421   1.6e-44  150.7   0.2   1   1   1.4e-46   2.8e-44  149.9   0.2    48   388    44   384    25   397 0.90 ACNH67_004323
ACNH67_001597-T1     -            490 68844                -            421   4.9e-44  149.1   0.1   1   1   1.2e-45   2.3e-43  146.9   0.1    39   415    77   477    62   483 0.80 ACNH67_001597
ACNH67_003103-T1     -            777 68844                -            421     5e-44  149.1   0.0   1   1   3.8e-46   7.5e-44  148.5   0.0    40   385    20   372     8   400 0.85 ACNH67_003103
ACNH67_000687-T1     -            732 68844                -            421   5.1e-41  139.2   0.0   1   3   1.4e-08   2.8e-06   24.7   0.0    38   114     2    77     1   108 0.90 ACNH67_000687
ACNH67_000687-T1     -            732 68844                -            421   5.1e-41  139.2   0.0   2   3   2.1e-16   4.1e-14   50.5   0.0   108   245   275   417   260   435 0.85 ACNH67_000687
ACNH67_000687-T1     -            732 68844                -            421   5.1e-41  139.2   0.0   3   3   2.5e-19     5e-17   60.2   0.0   308   394   534   620   526   630 0.88 ACNH67_000687
ACNH67_002293-T1     -           1575 68844                -            421   1.2e-40  138.0   0.0   1   1   9.6e-43   1.9e-40  137.3   0.0    47   417   524   899   516   903 0.88 ACNH67_002293
ACNH67_005515-T1     -            447 68844                -            421   2.6e-39  133.6   0.0   1   1   1.8e-41   3.6e-39  133.1   0.0    71   388    41   361    19   375 0.85 ACNH67_005515
ACNH67_003764-T1     -           1625 68844                -            421   1.2e-38  131.3   0.0   1   2   7.3e-22   1.4e-19   68.5   0.0    37   180     2   170     1   190 0.81 ACNH67_003764
ACNH67_003764-T1     -           1625 68844                -            421   1.2e-38  131.3   0.0   2   2     2e-18   3.9e-16   57.2   0.0   283   392   608   716   604   738 0.91 ACNH67_003764
ACNH67_004869-T1     -            791 68844                -            421   3.6e-36  123.2   0.1   1   1     3e-38   5.9e-36  122.5   0.1    48   390    96   439    88   445 0.84 ACNH67_004869
ACNH67_000490-T1     -            401 68844                -            421   2.8e-26   90.6   0.0   1   1   1.8e-28   3.5e-26   90.3   0.0    39   248   125   333    94   349 0.87 ACNH67_000490
ACNH67_005174-T1     -            778 68844                -            421   2.9e-25   87.3   0.0   1   3   1.1e-17   2.1e-15   54.8   0.0    37   254   116   353    97   370 0.75 ACNH67_005174
ACNH67_005174-T1     -            778 68844                -            421   2.9e-25   87.3   0.0   2   3     0.093        18    2.3   0.0   280   323   421   463   378   474 0.82 ACNH67_005174
ACNH67_005174-T1     -            778 68844                -            421   2.9e-25   87.3   0.0   3   3   5.1e-09     1e-06   26.2   0.0   309   391   566   649   552   664 0.82 ACNH67_005174
ACNH67_004374-T1     -            167 68844                -            421   1.3e-22   78.5   0.0   1   1   7.4e-25   1.5e-22   78.4   0.0    38   182    26   166    11   167 0.92 ACNH67_004374
ACNH67_001663-T1     -           1000 68844                -            421   1.1e-19   68.9   0.0   1   2   1.1e-09   2.2e-07   28.4   0.0    45   198    96   270    81   291 0.77 ACNH67_001663
ACNH67_001663-T1     -           1000 68844                -            421   1.1e-19   68.9   0.0   2   2   1.4e-11   2.7e-09   34.7   0.0   307   388   708   790   665   801 0.89 ACNH67_001663
ACNH67_000489-T1     -            616 68844                -            421   3.9e-19   67.1   0.0   1   1   2.6e-21   5.1e-19   66.7   0.0   310   392     3    85     1   111 0.89 ACNH67_000489
ACNH67_003408-T1     -            846 68844                -            421     1e-18   65.7   0.0   1   3     2e-11   3.8e-09   34.2   0.0    45   247    20   271    14   280 0.73 ACNH67_003408
ACNH67_003408-T1     -            846 68844                -            421     1e-18   65.7   0.0   2   3       1.1   2.2e+02   -1.3   0.0   257   313   317   373   303   378 0.85 ACNH67_003408
ACNH67_003408-T1     -            846 68844                -            421     1e-18   65.7   0.0   3   3   4.6e-09   8.9e-07   26.4   0.0   313   400   411   503   405   518 0.79 ACNH67_003408
ACNH67_000779-T1     -            607 68844                -            421     4e-17   60.4   0.0   1   2   5.6e-12   1.1e-09   35.9   0.0    44   217    50   241    44   301 0.82 ACNH67_000779
ACNH67_000779-T1     -            607 68844                -            421     4e-17   60.4   0.0   2   2   1.1e-07   2.1e-05   21.8   0.0   342   401   448   507   431   526 0.77 ACNH67_000779
ACNH67_004331-T1     -            690 68844                -            421   2.2e-16   58.0   0.0   1   2     0.017       3.3    4.7   0.0   108   147     5    44     3   119 0.53 ACNH67_004331
ACNH67_004331-T1     -            690 68844                -            421   2.2e-16   58.0   0.0   2   2   3.9e-16   7.7e-14   49.6   0.0   220   382   190   358   185   384 0.82 ACNH67_004331
ACNH67_003944-T1     -           1814 68844                -            421   0.00029   18.1   0.0   1   1   2.8e-06   0.00054   17.2   0.0   310   391   938  1019   890  1037 0.88 ACNH67_003944
ACNH67_003036-T1     -           3230 68844                -            421    0.0022   15.2   0.0   1   2     0.022       4.2    4.4   0.0   161   197   212   248   207   263 0.92 ACNH67_003036
ACNH67_003036-T1     -           3230 68844                -            421    0.0022   15.2   0.0   2   2    0.0021      0.41    7.7   0.0   317   379  1362  1426  1344  1442 0.81 ACNH67_003036
#
# Program:         hmmsearch
# Version:         3.1b2 (February 2015)
# Pipeline mode:   SEARCH
# Query file:      /home/edouard/GregarineStuff/Lgryllorum_Genome_analysis/Funannotate/Run_v3/species_train/annotate_results/busco_downloads/lineages/apicomplexa_odb12/hmms/68844at5794.hmm
# Target file:     /home/edouard/GregarineStuff/Lgryllorum_Genome_analysis/Funannotate/Run_v3/species_train/annotate_results/Leidyana_gryllorum.proteins.fa
# Option settings: hmmsearch --domtblout /home/edouard/GregarineStuff/Lgryllorum_Genome_analysis/Funannotate/Run_v3/species_train/annotate_results/busco/run_apicomplexa_odb12/hmmer_output/initial_run_results/68844at5794.out --cpu 1 /home/edouard/GregarineStuff/Lgryllorum_Genome_analysis/Funannotate/Run_v3/species_train/annotate_results/busco_downloads/lineages/apicomplexa_odb12/hmms/68844at5794.hmm /home/edouard/GregarineStuff/Lgryllorum_Genome_analysis/Funannotate/Run_v3/species_train/annotate_results/Leidyana_gryllorum.proteins.fa 
# Current dir:     /home/edouard/GregarineStuff/Lgryllorum_Genome_analysis/Funannotate/Run_v3/species_train/annotate_results
# Date:            Tue Apr  1 17:39:00 2025
# [ok]
