#                                                                            --- full sequence --- -------------- this domain -------------   hmm coord   ali coord   env coord
# target name        accession   tlen query name           accession   qlen   E-value  score  bias   #  of  c-Evalue  i-Evalue  score  bias  from    to  from    to  from    to  acc description of target
#------------------- ---------- ----- -------------------- ---------- ----- --------- ------ ----- --- --- --------- --------- ------ ----- ----- ----- ----- ----- ----- ----- ---- ---------------------
ACNH67_002988-T1     -           1169 68889                -            528    8e-263  870.8   6.3   1   2      0.16        90   -0.5   0.0   482   511    84   113    75   129 0.75 ACNH67_002988
ACNH67_002988-T1     -           1169 68889                -            528    8e-263  870.8   6.3   2   2  2.9e-265  1.7e-262  869.8   5.1     6   525   624  1150   619  1153 0.97 ACNH67_002988
ACNH67_001451-T1     -            487 68889                -            528   4.9e-99  330.3  15.0   1   1  9.7e-102   5.5e-99  330.2  15.0    43   518     1   485     1   487 0.95 ACNH67_001451
ACNH67_000390-T1     -            572 68889                -            528     6e-99  330.1   5.2   1   1  2.5e-101   1.4e-98  328.8   5.2     3   519    10   552     8   561 0.88 ACNH67_000390
ACNH67_000947-T1     -            553 68889                -            528   4.6e-93  310.6   2.1   1   1   1.1e-95   6.4e-93  310.2   2.1     5   519     7   544     3   552 0.89 ACNH67_000947
ACNH67_004156-T1     -            531 68889                -            528   6.2e-80  267.3   4.0   1   1   1.3e-82   7.5e-80  267.0   4.0    12   520    13   524     4   531 0.92 ACNH67_004156
ACNH67_001629-T1     -            552 68889                -            528   1.9e-77  259.1   0.5   1   1   4.3e-80   2.5e-77  258.7   0.5    18   519    18   545     5   551 0.87 ACNH67_001629
ACNH67_000500-T1     -            563 68889                -            528   5.1e-66  221.4   2.7   1   1   1.7e-68   9.6e-66  220.5   2.7    16   518    22   538    11   544 0.87 ACNH67_000500
ACNH67_004915-T1     -            265 68889                -            528     2e-53  179.8   2.6   1   1   4.5e-56   2.6e-53  179.5   2.6    11   243    21   249    10   255 0.95 ACNH67_004915
ACNH67_004914-T1     -            252 68889                -            528   8.9e-46  154.6   0.3   1   1   1.9e-48   1.1e-45  154.3   0.3   275   517     1   247     1   251 0.95 ACNH67_004914
ACNH67_004984-T1     -            559 68889                -            528   2.6e-17   60.6   1.3   1   2   9.9e-10   5.6e-07   26.6   0.0    24   143    38   161    20   190 0.88 ACNH67_004984
ACNH67_004984-T1     -            559 68889                -            528   2.6e-17   60.6   1.3   2   2   1.2e-11     7e-09   32.8   0.3   371   525   402   553   386   556 0.86 ACNH67_004984
#
# Program:         hmmsearch
# Version:         3.1b2 (February 2015)
# Pipeline mode:   SEARCH
# Query file:      /home/edouard/GregarineStuff/Lgryllorum_Genome_analysis/Funannotate/Run_v3/species_train/annotate_results/busco_downloads/lineages/apicomplexa_odb12/hmms/68889at5794.hmm
# Target file:     /home/edouard/GregarineStuff/Lgryllorum_Genome_analysis/Funannotate/Run_v3/species_train/annotate_results/Leidyana_gryllorum.proteins.fa
# Option settings: hmmsearch --domtblout /home/edouard/GregarineStuff/Lgryllorum_Genome_analysis/Funannotate/Run_v3/species_train/annotate_results/busco/run_apicomplexa_odb12/hmmer_output/initial_run_results/68889at5794.out --cpu 1 /home/edouard/GregarineStuff/Lgryllorum_Genome_analysis/Funannotate/Run_v3/species_train/annotate_results/busco_downloads/lineages/apicomplexa_odb12/hmms/68889at5794.hmm /home/edouard/GregarineStuff/Lgryllorum_Genome_analysis/Funannotate/Run_v3/species_train/annotate_results/Leidyana_gryllorum.proteins.fa 
# Current dir:     /home/edouard/GregarineStuff/Lgryllorum_Genome_analysis/Funannotate/Run_v3/species_train/annotate_results
# Date:            Tue Apr  1 17:39:04 2025
# [ok]
