#                                                                            --- full sequence --- -------------- this domain -------------   hmm coord   ali coord   env coord
# target name        accession   tlen query name           accession   qlen   E-value  score  bias   #  of  c-Evalue  i-Evalue  score  bias  from    to  from    to  from    to  acc description of target
#------------------- ---------- ----- -------------------- ---------- ----- --------- ------ ----- --- --- --------- --------- ------ ----- ----- ----- ----- ----- ----- ----- ---- ---------------------
ACNH67_002992-T1     -            528 68895                -            471  1.1e-188  625.8   2.8   1   1  1.8e-191  1.5e-188  625.4   2.8     7   452    21   485    15   505 0.89 ACNH67_002992
ACNH67_000541-T1     -            499 68895                -            471   2.5e-45  153.2   0.1   1   2   4.1e-23   3.3e-20   70.3   0.1   155   279   110   231    75   249 0.77 ACNH67_000541
ACNH67_000541-T1     -            499 68895                -            471   2.5e-45  153.2   0.1   2   2   3.6e-26   2.9e-23   80.4   0.0   295   459   304   475   302   484 0.88 ACNH67_000541
ACNH67_004971-T1     -            811 68895                -            471   3.1e-25   86.9   0.4   1   3     0.098        79   -0.2   0.0   132   191    55   117    50   124 0.77 ACNH67_004971
ACNH67_004971-T1     -            811 68895                -            471   3.1e-25   86.9   0.4   2   3   1.6e-14   1.3e-11   42.0   0.0   188   269   246   325   202   348 0.77 ACNH67_004971
ACNH67_004971-T1     -            811 68895                -            471   3.1e-25   86.9   0.4   3   3   3.3e-14   2.7e-11   41.0   0.0   299   362   666   732   663   780 0.82 ACNH67_004971
ACNH67_001577-T1     -            712 68895                -            471   0.00013   18.9   0.0   1   2   2.1e-06    0.0017   15.2   0.0   301   356   183   240   180   267 0.77 ACNH67_001577
ACNH67_001577-T1     -            712 68895                -            471   0.00013   18.9   0.0   2   2     0.044        36    1.0   0.1   224   251   282   310   258   334 0.77 ACNH67_001577
ACNH67_004407-T1     -            366 68895                -            471    0.0011   15.9   0.0   1   1   2.4e-06     0.002   15.0   0.0   298   356    65   125    58   139 0.73 ACNH67_004407
ACNH67_002552-T1     -            341 68895                -            471     0.003   14.4   0.0   1   1   1.1e-05    0.0088   12.9   0.0   298   353    64   121    58   129 0.81 ACNH67_002552
ACNH67_005015-T1     -            394 68895                -            471    0.0043   13.9   0.0   1   1   9.4e-06    0.0076   13.1   0.0   294   321    19    46    12    51 0.87 ACNH67_005015
#
# Program:         hmmsearch
# Version:         3.1b2 (February 2015)
# Pipeline mode:   SEARCH
# Query file:      /home/edouard/GregarineStuff/Lgryllorum_Genome_analysis/Funannotate/Run_v3/species_train/annotate_results/busco_downloads/lineages/apicomplexa_odb12/hmms/68895at5794.hmm
# Target file:     /home/edouard/GregarineStuff/Lgryllorum_Genome_analysis/Funannotate/Run_v3/species_train/annotate_results/Leidyana_gryllorum.proteins.fa
# Option settings: hmmsearch --domtblout /home/edouard/GregarineStuff/Lgryllorum_Genome_analysis/Funannotate/Run_v3/species_train/annotate_results/busco/run_apicomplexa_odb12/hmmer_output/initial_run_results/68895at5794.out --cpu 1 /home/edouard/GregarineStuff/Lgryllorum_Genome_analysis/Funannotate/Run_v3/species_train/annotate_results/busco_downloads/lineages/apicomplexa_odb12/hmms/68895at5794.hmm /home/edouard/GregarineStuff/Lgryllorum_Genome_analysis/Funannotate/Run_v3/species_train/annotate_results/Leidyana_gryllorum.proteins.fa 
# Current dir:     /home/edouard/GregarineStuff/Lgryllorum_Genome_analysis/Funannotate/Run_v3/species_train/annotate_results
# Date:            Tue Apr  1 17:39:06 2025
# [ok]
