#                                                                            --- full sequence --- -------------- this domain -------------   hmm coord   ali coord   env coord
# target name        accession   tlen query name           accession   qlen   E-value  score  bias   #  of  c-Evalue  i-Evalue  score  bias  from    to  from    to  from    to  acc description of target
#------------------- ---------- ----- -------------------- ---------- ----- --------- ------ ----- --- --- --------- --------- ------ ----- ----- ----- ----- ----- ----- ----- ---- ---------------------
ACNH67_001889-T1     -           1105 68892                -           1071         0 1498.3   0.0   1   1         0         0 1498.1   0.0    71  1069   113  1102    64  1105 0.94 ACNH67_001889
ACNH67_001902-T1     -           1782 68892                -           1071   1.6e-67  226.4   1.1   1   5   3.8e-05     0.071    9.1   0.0   143   247    10   101     3   125 0.80 ACNH67_001902
ACNH67_001902-T1     -           1782 68892                -           1071   1.6e-67  226.4   1.1   2   5   2.9e-22   5.4e-19   65.7   0.0   338   607   680   971   672   981 0.80 ACNH67_001902
ACNH67_001902-T1     -           1782 68892                -           1071   1.6e-67  226.4   1.1   3   5   3.8e-41   7.2e-38  128.2   0.0   611   791  1034  1211  1021  1218 0.92 ACNH67_001902
ACNH67_001902-T1     -           1782 68892                -           1071   1.6e-67  226.4   1.1   4   5   2.6e-07   0.00048   16.2   0.0   796   825  1245  1274  1234  1293 0.84 ACNH67_001902
ACNH67_001902-T1     -           1782 68892                -           1071   1.6e-67  226.4   1.1   5   5     0.096   1.8e+02   -2.2   2.0   989  1056  1706  1772  1696  1781 0.73 ACNH67_001902
ACNH67_003311-T1     -           1534 68892                -           1071   5.7e-47  158.4   0.0   1   2     0.011        21    0.9   0.0   343   430   639   723   469   747 0.66 ACNH67_003311
ACNH67_003311-T1     -           1534 68892                -           1071   5.7e-47  158.4   0.0   2   2   3.4e-49   6.5e-46  154.9   0.0   549   902   895  1240   885  1270 0.81 ACNH67_003311
#
# Program:         hmmsearch
# Version:         3.1b2 (February 2015)
# Pipeline mode:   SEARCH
# Query file:      /home/edouard/GregarineStuff/Lgryllorum_Genome_analysis/Funannotate/Run_v3/species_train/annotate_results/busco_downloads/lineages/apicomplexa_odb12/hmms/68892at5794.hmm
# Target file:     /home/edouard/GregarineStuff/Lgryllorum_Genome_analysis/Funannotate/Run_v3/species_train/annotate_results/Leidyana_gryllorum.proteins.fa
# Option settings: hmmsearch --domtblout /home/edouard/GregarineStuff/Lgryllorum_Genome_analysis/Funannotate/Run_v3/species_train/annotate_results/busco/run_apicomplexa_odb12/hmmer_output/initial_run_results/68892at5794.out --cpu 1 /home/edouard/GregarineStuff/Lgryllorum_Genome_analysis/Funannotate/Run_v3/species_train/annotate_results/busco_downloads/lineages/apicomplexa_odb12/hmms/68892at5794.hmm /home/edouard/GregarineStuff/Lgryllorum_Genome_analysis/Funannotate/Run_v3/species_train/annotate_results/Leidyana_gryllorum.proteins.fa 
# Current dir:     /home/edouard/GregarineStuff/Lgryllorum_Genome_analysis/Funannotate/Run_v3/species_train/annotate_results
# Date:            Tue Apr  1 17:39:05 2025
# [ok]
