#                                                                            --- full sequence --- -------------- this domain -------------   hmm coord   ali coord   env coord
# target name        accession   tlen query name           accession   qlen   E-value  score  bias   #  of  c-Evalue  i-Evalue  score  bias  from    to  from    to  from    to  acc description of target
#------------------- ---------- ----- -------------------- ---------- ----- --------- ------ ----- --- --- --------- --------- ------ ----- ----- ----- ----- ----- ----- ----- ---- ---------------------
ACNH67_001776-T1     -            326 68893                -            262   2.4e-85  284.4  10.7   1   1   2.7e-88     3e-85  284.1  10.7     4   260    56   323    53   325 0.94 ACNH67_001776
ACNH67_003289-T1     -            320 68893                -            262     3e-10   38.3   7.1   1   2   9.6e-06     0.011   13.5   2.6    10   122    71   184    66   187 0.87 ACNH67_003289
ACNH67_003289-T1     -            320 68893                -            262     3e-10   38.3   7.1   2   2   6.9e-10   7.8e-07   27.1   0.1   170   240   219   289   203   309 0.79 ACNH67_003289
ACNH67_005025-T1     -            435 68893                -            262   2.5e-06   25.4   0.3   1   1   3.7e-09   4.2e-06   24.7   0.3   174   235   273   334   263   339 0.93 ACNH67_005025
ACNH67_001794-T1     -            258 68893                -            262   5.4e-06   24.3   1.6   1   2     0.041        46    1.6   0.0    50   106    48   108     4   115 0.63 ACNH67_001794
ACNH67_001794-T1     -            258 68893                -            262   5.4e-06   24.3   1.6   2   2   2.6e-08   2.9e-05   21.9   0.3   159   254   158   252   147   258 0.85 ACNH67_001794
ACNH67_003905-T1     -            444 68893                -            262     0.004   14.9   0.8   1   1   7.8e-06    0.0088   13.8   0.8   169   250   354   434   329   439 0.73 ACNH67_003905
#
# Program:         hmmsearch
# Version:         3.1b2 (February 2015)
# Pipeline mode:   SEARCH
# Query file:      /home/edouard/GregarineStuff/Lgryllorum_Genome_analysis/Funannotate/Run_v3/species_train/annotate_results/busco_downloads/lineages/apicomplexa_odb12/hmms/68893at5794.hmm
# Target file:     /home/edouard/GregarineStuff/Lgryllorum_Genome_analysis/Funannotate/Run_v3/species_train/annotate_results/Leidyana_gryllorum.proteins.fa
# Option settings: hmmsearch --domtblout /home/edouard/GregarineStuff/Lgryllorum_Genome_analysis/Funannotate/Run_v3/species_train/annotate_results/busco/run_apicomplexa_odb12/hmmer_output/initial_run_results/68893at5794.out --cpu 1 /home/edouard/GregarineStuff/Lgryllorum_Genome_analysis/Funannotate/Run_v3/species_train/annotate_results/busco_downloads/lineages/apicomplexa_odb12/hmms/68893at5794.hmm /home/edouard/GregarineStuff/Lgryllorum_Genome_analysis/Funannotate/Run_v3/species_train/annotate_results/Leidyana_gryllorum.proteins.fa 
# Current dir:     /home/edouard/GregarineStuff/Lgryllorum_Genome_analysis/Funannotate/Run_v3/species_train/annotate_results
# Date:            Tue Apr  1 17:39:05 2025
# [ok]
