#                                                                            --- full sequence --- -------------- this domain -------------   hmm coord   ali coord   env coord
# target name        accession   tlen query name           accession   qlen   E-value  score  bias   #  of  c-Evalue  i-Evalue  score  bias  from    to  from    to  from    to  acc description of target
#------------------- ---------- ----- -------------------- ---------- ----- --------- ------ ----- --- --- --------- --------- ------ ----- ----- ----- ----- ----- ----- ----- ---- ---------------------
ACNH67_001796-T1     -            394 68894                -            390  2.4e-165  548.4   1.1   1   1  1.7e-167    3e-165  548.1   1.1    14   385    21   393    14   394 0.98 ACNH67_001796
ACNH67_004375-T1     -            229 68894                -            390  1.1e-137  457.3   3.5   1   1  7.2e-140  1.2e-137  457.2   3.5   162   390     1   229     1   229 1.00 ACNH67_004375
ACNH67_000088-T1     -            466 68894                -            390   6.2e-98  326.5   0.0   1   1  4.4e-100   7.5e-98  326.2   0.0    17   387    93   461    81   464 0.98 ACNH67_000088
ACNH67_004945-T1     -            439 68894                -            390   5.1e-87  290.5   0.8   1   1     4e-89   6.8e-87  290.1   0.8    17   387    54   432    46   434 0.92 ACNH67_004945
ACNH67_004374-T1     -            167 68894                -            390   8.1e-78  260.2   0.4   1   1   5.3e-80   9.2e-78  260.1   0.4     4   158    13   167    10   167 0.98 ACNH67_004374
ACNH67_001597-T1     -            490 68894                -            390   1.8e-70  236.0   0.8   1   1     7e-72   1.2e-69  233.3   0.8     8   385    67   474    61   478 0.87 ACNH67_001597
ACNH67_001998-T1     -            861 68894                -            390     2e-62  209.5   0.0   1   2   3.7e-26   6.3e-24   82.8   0.0    19   188   431   608   425   613 0.89 ACNH67_001998
ACNH67_001998-T1     -            861 68894                -            390     2e-62  209.5   0.0   2   2   6.9e-39   1.2e-36  124.7   0.0   166   385   615   827   610   831 0.85 ACNH67_001998
ACNH67_000205-T1     -            668 68894                -            390   1.7e-61  206.5   0.0   1   1   1.3e-63   2.3e-61  206.1   0.0    18   370   212   578   202   597 0.86 ACNH67_000205
ACNH67_002442-T1     -            669 68894                -            390   2.1e-61  206.2   0.0   1   1   1.7e-63   2.9e-61  205.8   0.0    17   385   192   576   183   581 0.88 ACNH67_002442
ACNH67_003972-T1     -            469 68894                -            390   2.9e-60  202.4   0.0   1   1   2.3e-62   3.9e-60  202.0   0.0    14   373    57   417    46   423 0.94 ACNH67_003972
ACNH67_003305-T1     -            505 68894                -            390   8.2e-59  197.7   0.0   1   1   6.2e-61   1.1e-58  197.3   0.0     9   387    54   438    46   441 0.90 ACNH67_003305
ACNH67_004323-T1     -            965 68894                -            390   1.4e-58  196.9   0.0   1   1   1.4e-60   2.4e-58  196.1   0.0    17   375    33   397    21   405 0.87 ACNH67_004323
ACNH67_001782-T1     -            672 68894                -            390   5.9e-57  191.5   0.0   1   1   4.2e-59   7.3e-57  191.3   0.0    46   389     2   355     1   356 0.90 ACNH67_001782
ACNH67_002293-T1     -           1575 68894                -            390   7.5e-57  191.2   0.0   1   1   6.3e-59   1.1e-56  190.7   0.0    29   384   527   893   513   898 0.90 ACNH67_002293
ACNH67_002835-T1     -            524 68894                -            390   2.6e-52  176.3   0.0   1   1   3.7e-53   6.3e-51  171.7   0.0    21   371    50   434    35   445 0.82 ACNH67_002835
ACNH67_004869-T1     -            791 68894                -            390   3.8e-51  172.4   0.0   1   1   4.5e-53   7.8e-51  171.4   0.0    35   369   105   444    82   464 0.88 ACNH67_004869
ACNH67_005515-T1     -            447 68894                -            390   3.1e-45  153.0   0.0   1   1   2.4e-47   4.2e-45  152.5   0.0    22   366     4   365     1   391 0.83 ACNH67_005515
ACNH67_003764-T1     -           1625 68894                -            390   1.6e-43  147.3   0.3   1   2   1.8e-19     3e-17   60.8   0.4    23   211    11   250     1   256 0.76 ACNH67_003764
ACNH67_003764-T1     -           1625 68894                -            390   1.6e-43  147.3   0.3   2   2   5.7e-24   9.8e-22   75.6   0.0   251   365   603   716   579   727 0.91 ACNH67_003764
ACNH67_003103-T1     -            777 68894                -            390   8.1e-42  141.7   0.0   1   1   6.6e-44   1.1e-41  141.2   0.0    18   351    19   363     5   397 0.84 ACNH67_003103
ACNH67_000687-T1     -            732 68894                -            390   1.3e-40  137.7   0.0   1   3   1.4e-09   2.3e-07   28.3   0.0    17    89     2    73     1    84 0.93 ACNH67_000687
ACNH67_000687-T1     -            732 68894                -            390   1.3e-40  137.7   0.0   2   3   2.9e-17   4.9e-15   53.5   0.0    75   221   265   419   258   438 0.87 ACNH67_000687
ACNH67_000687-T1     -            732 68894                -            390   1.3e-40  137.7   0.0   3   3   7.8e-17   1.3e-14   52.1   0.0   278   366   530   618   473   623 0.90 ACNH67_000687
ACNH67_000490-T1     -            401 68894                -            390   4.5e-35  119.5   0.0   1   1   3.6e-37   6.2e-35  119.1   0.0    18   227   125   338   121   351 0.90 ACNH67_000490
ACNH67_001663-T1     -           1000 68894                -            390   3.5e-34  116.6   0.0   1   3   8.9e-19   1.5e-16   58.5   0.0    21   187    93   284    75   296 0.77 ACNH67_001663
ACNH67_001663-T1     -           1000 68894                -            390   3.5e-34  116.6   0.0   2   3       0.7   1.2e+02   -0.4   0.0   190   223   506   538   498   556 0.74 ACNH67_001663
ACNH67_001663-T1     -           1000 68894                -            390   3.5e-34  116.6   0.0   3   3   1.6e-15   2.8e-13   47.7   0.0   283   364   710   792   697   802 0.89 ACNH67_001663
ACNH67_005174-T1     -            778 68894                -            390   2.8e-27   93.9   0.0   1   3   1.5e-19   2.6e-17   61.1   0.0    13   215   113   340   101   356 0.77 ACNH67_005174
ACNH67_005174-T1     -            778 68894                -            390   2.8e-27   93.9   0.0   2   3       1.8     3e+02   -1.7   0.0   257   307   424   474   407   479 0.79 ACNH67_005174
ACNH67_005174-T1     -            778 68894                -            390   2.8e-27   93.9   0.0   3   3   5.4e-10   9.2e-08   29.6   0.0   281   349   564   633   555   657 0.86 ACNH67_005174
ACNH67_000489-T1     -            616 68894                -            390   4.3e-25   86.7   0.0   1   1   3.4e-27   5.8e-25   86.2   0.0   286   385     5   104     2   109 0.92 ACNH67_000489
ACNH67_003408-T1     -            846 68894                -            390   4.5e-22   76.7   0.0   1   4   7.5e-06    0.0013   16.0   0.0    32   117    28   132     7   165 0.67 ACNH67_003408
ACNH67_003408-T1     -            846 68894                -            390   4.5e-22   76.7   0.0   2   4   5.2e-06    0.0009   16.5   0.0   143   227   192   277   176   320 0.81 ACNH67_003408
ACNH67_003408-T1     -            846 68894                -            390   4.5e-22   76.7   0.0   3   4       3.7   6.4e+02   -2.8   0.0   258   273   344   359   334   363 0.85 ACNH67_003408
ACNH67_003408-T1     -            846 68894                -            390   4.5e-22   76.7   0.0   4   4   1.9e-12   3.2e-10   37.7   0.0   279   373   403   502   394   515 0.84 ACNH67_003408
ACNH67_000779-T1     -            607 68894                -            390   5.1e-18   63.4   0.0   1   2   3.3e-13   5.6e-11   40.2   0.0    23   190    50   240    31   318 0.70 ACNH67_000779
ACNH67_000779-T1     -            607 68894                -            390   5.1e-18   63.4   0.0   2   2   1.6e-06   0.00028   18.1   0.0   317   368   449   504   442   517 0.86 ACNH67_000779
ACNH67_004331-T1     -            690 68894                -            390   1.1e-17   62.2   0.1   1   3         8   1.4e+03   -3.9   0.0    87   101     7    21     6    49 0.85 ACNH67_004331
ACNH67_004331-T1     -            690 68894                -            390   1.1e-17   62.2   0.1   2   3       3.1   5.4e+02   -2.6   0.0   157   176   100   119    91   128 0.79 ACNH67_004331
ACNH67_004331-T1     -            690 68894                -            390   1.1e-17   62.2   0.1   3   3   2.6e-19   4.5e-17   60.3   0.0   212   349   208   351   171   374 0.81 ACNH67_004331
ACNH67_003944-T1     -           1814 68894                -            390   6.6e-11   39.9   0.1   1   2    0.0089       1.5    5.8   0.0    62   213   665   825   658   836 0.68 ACNH67_003944
ACNH67_003944-T1     -           1814 68894                -            390   6.6e-11   39.9   0.1   2   2   1.2e-10   2.1e-08   31.7   0.1   268   380   920  1034   902  1045 0.76 ACNH67_003944
ACNH67_004064-T1     -           1659 68894                -            390     3e-05   21.3   0.1   1   2      0.26        44    1.0   0.0   197   248  1217  1268  1207  1306 0.78 ACNH67_004064
ACNH67_004064-T1     -           1659 68894                -            390     3e-05   21.3   0.1   2   2     2e-06   0.00035   17.8   0.0   245   369  1496  1626  1477  1633 0.82 ACNH67_004064
ACNH67_000873-T1     -            891 68894                -            390    0.0017   15.6   0.0   1   1   2.3e-05     0.004   14.3   0.0   242   332   672   766   660   801 0.76 ACNH67_000873
ACNH67_002880-T1     -           1241 68894                -            390    0.0024   15.1   0.0   1   2   0.00015     0.026   11.6   0.0    44   100   267   322   262   340 0.86 ACNH67_002880
ACNH67_002880-T1     -           1241 68894                -            390    0.0024   15.1   0.0   2   2      0.31        53    0.7   0.0   258   332   596   677   568   685 0.76 ACNH67_002880
ACNH67_001758-T1     -           1560 68894                -            390    0.0078   13.4   0.0   1   2      0.25        42    1.1   0.0    77   108   837   868   827   891 0.82 ACNH67_001758
ACNH67_001758-T1     -           1560 68894                -            390    0.0078   13.4   0.0   2   2   0.00073      0.12    9.4   0.0   283   357   929  1005   922  1025 0.81 ACNH67_001758
ACNH67_000124-T1     -           1224 68894                -            390     0.026   11.7   0.1   1   1   0.00037     0.064   10.4   0.1   243   353   828   943   797   963 0.86 ACNH67_000124
#
# Program:         hmmsearch
# Version:         3.1b2 (February 2015)
# Pipeline mode:   SEARCH
# Query file:      /home/edouard/GregarineStuff/Lgryllorum_Genome_analysis/Funannotate/Run_v3/species_train/annotate_results/busco_downloads/lineages/apicomplexa_odb12/hmms/68894at5794.hmm
# Target file:     /home/edouard/GregarineStuff/Lgryllorum_Genome_analysis/Funannotate/Run_v3/species_train/annotate_results/Leidyana_gryllorum.proteins.fa
# Option settings: hmmsearch --domtblout /home/edouard/GregarineStuff/Lgryllorum_Genome_analysis/Funannotate/Run_v3/species_train/annotate_results/busco/run_apicomplexa_odb12/hmmer_output/initial_run_results/68894at5794.out --cpu 1 /home/edouard/GregarineStuff/Lgryllorum_Genome_analysis/Funannotate/Run_v3/species_train/annotate_results/busco_downloads/lineages/apicomplexa_odb12/hmms/68894at5794.hmm /home/edouard/GregarineStuff/Lgryllorum_Genome_analysis/Funannotate/Run_v3/species_train/annotate_results/Leidyana_gryllorum.proteins.fa 
# Current dir:     /home/edouard/GregarineStuff/Lgryllorum_Genome_analysis/Funannotate/Run_v3/species_train/annotate_results
# Date:            Tue Apr  1 17:39:06 2025
# [ok]
