#                                                                            --- full sequence --- -------------- this domain -------------   hmm coord   ali coord   env coord
# target name        accession   tlen query name           accession   qlen   E-value  score  bias   #  of  c-Evalue  i-Evalue  score  bias  from    to  from    to  from    to  acc description of target
#------------------- ---------- ----- -------------------- ---------- ----- --------- ------ ----- --- --- --------- --------- ------ ----- ----- ----- ----- ----- ----- ----- ---- ---------------------
ACNH67_003831-T1     -           1286 68909                -           1006  6.7e-278  923.4  23.7   1   5  3.6e-167    5e-165  549.8  13.4    28   320     1   306     1   318 0.95 ACNH67_003831
ACNH67_003831-T1     -           1286 68909                -           1006  6.7e-278  923.4  23.7   2   5     0.057       7.9    2.9   0.1   335   373   348   386   338   419 0.82 ACNH67_003831
ACNH67_003831-T1     -           1286 68909                -           1006  6.7e-278  923.4  23.7   3   5   1.3e-82   1.7e-80  270.0   0.1   390   734   452   811   396   823 0.88 ACNH67_003831
ACNH67_003831-T1     -           1286 68909                -           1006  6.7e-278  923.4  23.7   4   5   6.4e-07   8.9e-05   19.3   0.0   718   818   928  1028   923  1033 0.90 ACNH67_003831
ACNH67_003831-T1     -           1286 68909                -           1006  6.7e-278  923.4  23.7   5   5   2.5e-26   3.5e-24   83.6   0.9   811  1006  1049  1274  1029  1274 0.79 ACNH67_003831
ACNH67_004370-T1     -            954 68909                -           1006     2e-91  306.2   3.7   1   2   5.4e-72   7.5e-70  234.8   1.7     4   335    10   336     8   344 0.91 ACNH67_004370
ACNH67_004370-T1     -            954 68909                -           1006     2e-91  306.2   3.7   2   2   1.4e-22     2e-20   71.1   0.0   477   723   540   797   529   823 0.86 ACNH67_004370
ACNH67_003156-T1     -            490 68909                -           1006   7.9e-33  112.2   6.7   1   3   1.8e-19   2.6e-17   60.8   1.2    48   152   170   274   164   274 0.97 ACNH67_003156
ACNH67_003156-T1     -            490 68909                -           1006   7.9e-33  112.2   6.7   2   3   8.2e-20   1.1e-17   62.0   1.8    34   163   240   368   239   379 0.96 ACNH67_003156
ACNH67_003156-T1     -            490 68909                -           1006   7.9e-33  112.2   6.7   3   3    0.0041      0.56    6.8   0.0    18    79   393   462   378   466 0.82 ACNH67_003156
ACNH67_001323-T1     -            521 68909                -           1006   8.9e-29   98.8   9.6   1   4   2.8e-14   3.8e-12   43.7   0.1    43   164   122   259   113   259 0.84 ACNH67_001323
ACNH67_001323-T1     -            521 68909                -           1006   8.9e-29   98.8   9.6   2   4    0.0002     0.027   11.1   0.2    64   138   243   328   234   333 0.78 ACNH67_001323
ACNH67_001323-T1     -            521 68909                -           1006   8.9e-29   98.8   9.6   3   4   1.7e-08   2.3e-06   24.6   0.2   108   163   378   434   376   436 0.95 ACNH67_001323
ACNH67_001323-T1     -            521 68909                -           1006   8.9e-29   98.8   9.6   4   4   3.4e-12   4.7e-10   36.8   0.5    33   120   430   519   427   520 0.85 ACNH67_001323
ACNH67_002641-T1     -            638 68909                -           1006   4.6e-27   93.1   4.4   1   2   1.3e-12   1.8e-10   38.2   1.3    87   166   421   500   398   506 0.91 ACNH67_002641
ACNH67_002641-T1     -            638 68909                -           1006   4.6e-27   93.1   4.4   2   2   3.9e-20   5.4e-18   63.1   0.1    31   164   491   626   489   635 0.93 ACNH67_002641
ACNH67_005283-T1     -           1266 68909                -           1006   2.5e-19   67.5   4.9   1   3   4.9e-17   6.8e-15   52.8   0.6    24   136   272   398   268   446 0.86 ACNH67_005283
ACNH67_005283-T1     -           1266 68909                -           1006   2.5e-19   67.5   4.9   2   3       5.3   7.3e+02   -3.6   0.1    49    80   816   847   811   849 0.89 ACNH67_005283
ACNH67_005283-T1     -           1266 68909                -           1006   2.5e-19   67.5   4.9   3   3   1.1e-05    0.0015   15.3   0.0    28   166   889  1032   872  1058 0.72 ACNH67_005283
ACNH67_004652-T1     -            353 68909                -           1006   9.7e-18   62.2   6.3   1   4     3e-08   4.2e-06   23.7   0.1   212   273    37   108    32   118 0.80 ACNH67_004652
ACNH67_004652-T1     -            353 68909                -           1006   9.7e-18   62.2   6.3   2   4   2.6e-10   3.6e-08   30.6   0.4    90   166   113   192   109   194 0.81 ACNH67_004652
ACNH67_004652-T1     -            353 68909                -           1006   9.7e-18   62.2   6.3   3   4   1.7e-06   0.00024   17.9   0.2    34   120   186   270   185   282 0.82 ACNH67_004652
ACNH67_004652-T1     -            353 68909                -           1006   9.7e-18   62.2   6.3   4   4      0.23        32    0.9   0.0   246   274   249   278   244   302 0.68 ACNH67_004652
ACNH67_001061-T1     -            496 68909                -           1006   4.5e-17   60.0   8.2   1   2   2.2e-11     3e-09   34.1   0.1   149   306   219   378   214   383 0.69 ACNH67_001061
ACNH67_001061-T1     -            496 68909                -           1006   4.5e-17   60.0   8.2   2   2   4.5e-12   6.2e-10   36.4   3.7     5   218   256   482   253   486 0.80 ACNH67_001061
ACNH67_000155-T1     -            566 68909                -           1006   3.7e-16   57.0   6.2   1   3   8.5e-10   1.2e-07   28.9   1.8   192   280   269   360   265   366 0.78 ACNH67_000155
ACNH67_000155-T1     -            566 68909                -           1006   3.7e-16   57.0   6.2   2   3   2.6e-05    0.0035   14.0   0.0    24    80   378   434   364   437 0.81 ACNH67_000155
ACNH67_000155-T1     -            566 68909                -           1006   3.7e-16   57.0   6.2   3   3   1.9e-05    0.0026   14.5   0.2    17    79   503   566   501   566 0.89 ACNH67_000155
ACNH67_001408-T1     -            960 68909                -           1006     4e-15   53.6  10.6   1   4     0.016       2.3    4.8   0.2    10   102   147   242   143   272 0.74 ACNH67_001408
ACNH67_001408-T1     -            960 68909                -           1006     4e-15   53.6  10.6   2   4   8.5e-12   1.2e-09   35.5   0.1   112   169   650   707   596   720 0.91 ACNH67_001408
ACNH67_001408-T1     -            960 68909                -           1006     4e-15   53.6  10.6   3   4   1.7e-06   0.00023   18.0   0.7    12    79   718   786   711   793 0.90 ACNH67_001408
ACNH67_001408-T1     -            960 68909                -           1006     4e-15   53.6  10.6   4   4      0.42        57    0.1   0.1   748   819   785   855   783   915 0.72 ACNH67_001408
ACNH67_002822-T1     -            388 68909                -           1006   2.8e-13   47.5   2.7   1   2   1.5e-13   2.1e-11   41.3   0.8    48   178    68   215    64   226 0.81 ACNH67_002822
ACNH67_002822-T1     -            388 68909                -           1006   2.8e-13   47.5   2.7   2   2     0.012       1.7    5.1   0.0    48    80   348   384   341   387 0.76 ACNH67_002822
ACNH67_004094-T1     -           1385 68909                -           1006   1.3e-11   42.0   0.0   1   3    0.0011      0.16    8.6   1.3    57   122   525   592   487   597 0.66 ACNH67_004094
ACNH67_004094-T1     -           1385 68909                -           1006   1.3e-11   42.0   0.0   2   3   5.2e-07   7.2e-05   19.6   0.0   114   165   821   872   814   892 0.87 ACNH67_004094
ACNH67_004094-T1     -           1385 68909                -           1006   1.3e-11   42.0   0.0   3   3    0.0012      0.16    8.5   0.0    68   127   909   971   902  1018 0.70 ACNH67_004094
ACNH67_002774-T1     -           1020 68909                -           1006     2e-11   41.3   0.5   1   1   2.6e-13   3.6e-11   40.5   0.5    48   268   203   277   186   294 0.59 ACNH67_002774
ACNH67_001454-T1     -            807 68909                -           1006   4.4e-10   36.9   0.1   1   3     4e-08   5.5e-06   23.3   0.0   210   268   194   252   191   260 0.93 ACNH67_001454
ACNH67_001454-T1     -            807 68909                -           1006   4.4e-10   36.9   0.1   2   3    0.0049      0.68    6.5   0.0   239   270   263   295   255   307 0.81 ACNH67_001454
ACNH67_001454-T1     -            807 68909                -           1006   4.4e-10   36.9   0.1   3   3     0.054       7.4    3.0   0.0    62    86   317   341   315   381 0.74 ACNH67_001454
ACNH67_004196-T1     -            656 68909                -           1006   7.3e-10   36.2   0.5   1   2   5.3e-12   7.3e-10   36.2   0.5    46   129    76   169    72   177 0.83 ACNH67_004196
ACNH67_004196-T1     -            656 68909                -           1006   7.3e-10   36.2   0.5   2   2      0.65        90   -0.5   1.4   683   765   493   580   450   612 0.63 ACNH67_004196
ACNH67_004907-T1     -            362 68909                -           1006   1.4e-09   35.3   1.1   1   3     0.074        10    2.6   0.1   146   189    23    66    13    70 0.81 ACNH67_004907
ACNH67_004907-T1     -            362 68909                -           1006   1.4e-09   35.3   1.1   2   3   5.7e-05    0.0079   12.9   0.0   133   166    92   125    77   160 0.81 ACNH67_004907
ACNH67_004907-T1     -            362 68909                -           1006   1.4e-09   35.3   1.1   3   3   3.1e-06   0.00043   17.1   0.1    53    89   267   303   263   305 0.96 ACNH67_004907
ACNH67_001808-T1     -            441 68909                -           1006   5.1e-08   30.1   1.2   1   3      0.38        53    0.2   0.1   200   227   182   208   167   211 0.67 ACNH67_001808
ACNH67_001808-T1     -            441 68909                -           1006   5.1e-08   30.1   1.2   2   3     0.003      0.41    7.2   0.0    64    81   250   267   235   276 0.89 ACNH67_001808
ACNH67_001808-T1     -            441 68909                -           1006   5.1e-08   30.1   1.2   3   3   5.5e-07   7.5e-05   19.6   0.0    14    81   289   359   278   366 0.65 ACNH67_001808
ACNH67_001450-T1     -            491 68909                -           1006   2.8e-07   27.6   0.7   1   2      0.37        50    0.3   0.1    29    43   108   122    86   181 0.65 ACNH67_001450
ACNH67_001450-T1     -            491 68909                -           1006   2.8e-07   27.6   0.7   2   2   8.8e-09   1.2e-06   25.5   0.1   133   222   187   273   183   283 0.74 ACNH67_001450
ACNH67_001215-T1     -            442 68909                -           1006   2.8e-07   27.6   0.3   1   2   5.2e-06   0.00072   16.3   0.1   214   271   133   192   128   200 0.84 ACNH67_001215
ACNH67_001215-T1     -            442 68909                -           1006   2.8e-07   27.6   0.3   2   2   0.00097      0.13    8.8   0.0   180   229   375   425   355   432 0.76 ACNH67_001215
ACNH67_003296-T1     -            565 68909                -           1006   7.9e-07   26.1   0.2   1   2   4.7e-06   0.00065   16.5   0.1    53   120   156   225   113   226 0.86 ACNH67_003296
ACNH67_003296-T1     -            565 68909                -           1006   7.9e-07   26.1   0.2   2   2     0.002      0.28    7.8   0.1   140   303   205   357   203   371 0.54 ACNH67_003296
ACNH67_005169-T1     -            638 68909                -           1006   6.8e-06   23.0   0.7   1   2     0.013       1.8    5.1   0.3   251   268    64    81    61    91 0.69 ACNH67_005169
ACNH67_005169-T1     -            638 68909                -           1006   6.8e-06   23.0   0.7   2   2   6.2e-06   0.00086   16.1   0.0    30    94   264   328   245   330 0.52 ACNH67_005169
ACNH67_002121-T1     -           1538 68909                -           1006   6.8e-06   23.0   8.3   1   4      0.12        16    1.9   0.0    63    93   463   493   450   505 0.65 ACNH67_002121
ACNH67_002121-T1     -           1538 68909                -           1006   6.8e-06   23.0   8.3   2   4     0.027       3.7    4.0   0.0   141   169   531   559   519   571 0.72 ACNH67_002121
ACNH67_002121-T1     -           1538 68909                -           1006   6.8e-06   23.0   8.3   3   4      0.83   1.1e+02   -0.9   0.1    50    93   821   862   816   874 0.68 ACNH67_002121
ACNH67_002121-T1     -           1538 68909                -           1006   6.8e-06   23.0   8.3   4   4   1.2e-06   0.00016   18.5   1.2   209   273   901   963   898   975 0.85 ACNH67_002121
ACNH67_003323-T1     -           1057 68909                -           1006   2.3e-05   21.3   0.8   1   3      0.01       1.4    5.4   0.1    29    80    87   139    58   145 0.74 ACNH67_003323
ACNH67_003323-T1     -           1057 68909                -           1006   2.3e-05   21.3   0.8   2   3       5.8   7.9e+02   -3.7   0.0    51    72   184   205   183   211 0.87 ACNH67_003323
ACNH67_003323-T1     -           1057 68909                -           1006   2.3e-05   21.3   0.8   3   3   3.3e-05    0.0046   13.7   0.1    83   164   297   382   277   396 0.66 ACNH67_003323
ACNH67_000131-T1     -            297 68909                -           1006   3.4e-05   20.7   0.2   1   3     0.047       6.4    3.2   0.1   253   280    11    38     7    69 0.70 ACNH67_000131
ACNH67_000131-T1     -            297 68909                -           1006   3.4e-05   20.7   0.2   2   3   0.00046     0.064    9.9   0.0    62   123   126   190   121   210 0.71 ACNH67_000131
ACNH67_000131-T1     -            297 68909                -           1006   3.4e-05   20.7   0.2   3   3     0.035       4.8    3.7   0.0   128   164   257   293   252   296 0.92 ACNH67_000131
ACNH67_003547-T1     -            160 68909                -           1006   3.5e-05   20.7   1.2   1   1   4.2e-07   5.7e-05   20.0   1.2    30   125    43   141    24   152 0.86 ACNH67_003547
ACNH67_003501-T1     -            322 68909                -           1006   5.7e-05   20.0   0.1   1   1   6.7e-07   9.2e-05   19.3   0.1   200   278   207   284   193   292 0.87 ACNH67_003501
ACNH67_005180-T1     -            581 68909                -           1006   0.00012   18.9   0.0   1   1   1.3e-06   0.00018   18.3   0.0    14    81   230   308   225   311 0.88 ACNH67_005180
ACNH67_004486-T1     -            363 68909                -           1006   0.00015   18.6   0.0   1   3      0.17        23    1.4   0.0   237   283     9    57     2    60 0.72 ACNH67_004486
ACNH67_004486-T1     -            363 68909                -           1006   0.00015   18.6   0.0   2   3       1.4     2e+02   -1.7   0.1   414   451    86   124    72   134 0.75 ACNH67_004486
ACNH67_004486-T1     -            363 68909                -           1006   0.00015   18.6   0.0   3   3   2.9e-05    0.0039   13.9   0.0    20    86   187   252   181   259 0.77 ACNH67_004486
ACNH67_001948-T1     -            667 68909                -           1006   0.00068   16.4   0.0   1   1     7e-06   0.00096   15.9   0.0   127   165   189   227   185   240 0.85 ACNH67_001948
ACNH67_003819-T1     -            843 68909                -           1006   0.00091   16.0   0.7   1   2   4.3e-05    0.0059   13.3   0.1    10    99    69   156    61   160 0.86 ACNH67_003819
ACNH67_003819-T1     -            843 68909                -           1006   0.00091   16.0   0.7   2   2      0.25        34    0.9   0.1    67   120   165   218   159   221 0.76 ACNH67_003819
ACNH67_004557-T1     -            555 68909                -           1006     0.003   14.3   0.2   1   3       2.1   2.9e+02   -2.3   0.1   695   764   116   182   106   205 0.62 ACNH67_004557
ACNH67_004557-T1     -            555 68909                -           1006     0.003   14.3   0.2   2   3   0.00025     0.034   10.8   0.0     7   170   246   427   241   484 0.63 ACNH67_004557
ACNH67_004557-T1     -            555 68909                -           1006     0.003   14.3   0.2   3   3      0.34        46    0.4   0.0    15    77   489   551   477   554 0.88 ACNH67_004557
ACNH67_005089-T1     -            618 68909                -           1006    0.0039   13.9   0.1   1   1     4e-05    0.0055   13.4   0.1   125   178   305   358   285   374 0.88 ACNH67_005089
ACNH67_004756-T1     -            986 68909                -           1006    0.0043   13.7   0.5   1   2   5.9e-05    0.0082   12.8   0.1   222   299   205   290   192   296 0.75 ACNH67_004756
ACNH67_004756-T1     -            986 68909                -           1006    0.0043   13.7   0.5   2   2       5.5   7.6e+02   -3.6   0.0   194   220   920   946   914   949 0.86 ACNH67_004756
ACNH67_005513-T1     -           1050 68909                -           1006     0.008   12.9   0.5   1   2     0.063       8.7    2.8   0.0   255   279   795   819   790   824 0.92 ACNH67_005513
ACNH67_005513-T1     -           1050 68909                -           1006     0.008   12.9   0.5   2   2    0.0023      0.32    7.6   0.1    39    80   850   891   835   944 0.83 ACNH67_005513
ACNH67_002373-T1     -            845 68909                -           1006    0.0089   12.7   0.2   1   2   0.00019     0.026   11.2   0.1   131   167   524   562   518   569 0.85 ACNH67_002373
ACNH67_002373-T1     -            845 68909                -           1006    0.0089   12.7   0.2   2   2       1.7   2.3e+02   -1.9   0.0     4    36   722   753   697   759 0.64 ACNH67_002373
ACNH67_000780-T1     -            335 68909                -           1006     0.012   12.3   0.1   1   1   0.00021     0.029   11.0   0.0   244   298    95   151    85   185 0.76 ACNH67_000780
ACNH67_000778-T1     -            404 68909                -           1006     0.015   12.0   0.0   1   1   0.00015      0.02   11.5   0.0   210   277   202   269   169   272 0.89 ACNH67_000778
ACNH67_002768-T1     -            762 68909                -           1006     0.047   10.3   3.1   1   3      0.34        46    0.4   0.0     6    25   583   602   580   607 0.82 ACNH67_002768
ACNH67_002768-T1     -            762 68909                -           1006     0.047   10.3   3.1   2   3       5.2   7.2e+02   -3.5   0.1    13    35   684   706   679   708 0.90 ACNH67_002768
ACNH67_002768-T1     -            762 68909                -           1006     0.047   10.3   3.1   3   3   0.00053     0.073    9.7   0.1    96   120   737   761   731   762 0.90 ACNH67_002768
ACNH67_005019-T1     -            391 68909                -           1006     0.057   10.0   0.0   1   3      0.29        40    0.6   0.0   105   124    41    60    38    70 0.70 ACNH67_005019
ACNH67_005019-T1     -            391 68909                -           1006     0.057   10.0   0.0   2   3    0.0079       1.1    5.8   0.0   140   165   137   163   129   181 0.69 ACNH67_005019
ACNH67_005019-T1     -            391 68909                -           1006     0.057   10.0   0.0   3   3       1.2   1.6e+02   -1.4   0.0   138   165   290   317   288   347 0.56 ACNH67_005019
ACNH67_001763-T1     -            450 68909                -           1006     0.062    9.9   0.2   1   2    0.0097       1.3    5.5   0.0   150   184   290   324   285   340 0.61 ACNH67_001763
ACNH67_001763-T1     -            450 68909                -           1006     0.062    9.9   0.2   2   2      0.12        17    1.9   0.1    30    84   339   401   325   418 0.57 ACNH67_001763
ACNH67_003729-T1     -            288 68909                -           1006      0.12    9.0   0.5   1   2      0.14        20    1.6   0.1    46    79    17    52    11    73 0.89 ACNH67_003729
ACNH67_003729-T1     -            288 68909                -           1006      0.12    9.0   0.5   2   2    0.0093       1.3    5.6   0.1   127   165   189   231   185   242 0.82 ACNH67_003729
#
# Program:         hmmsearch
# Version:         3.1b2 (February 2015)
# Pipeline mode:   SEARCH
# Query file:      /home/edouard/GregarineStuff/Lgryllorum_Genome_analysis/Funannotate/Run_v3/species_train/annotate_results/busco_downloads/lineages/apicomplexa_odb12/hmms/68909at5794.hmm
# Target file:     /home/edouard/GregarineStuff/Lgryllorum_Genome_analysis/Funannotate/Run_v3/species_train/annotate_results/Leidyana_gryllorum.proteins.fa
# Option settings: hmmsearch --domtblout /home/edouard/GregarineStuff/Lgryllorum_Genome_analysis/Funannotate/Run_v3/species_train/annotate_results/busco/run_apicomplexa_odb12/hmmer_output/initial_run_results/68909at5794.out --cpu 1 /home/edouard/GregarineStuff/Lgryllorum_Genome_analysis/Funannotate/Run_v3/species_train/annotate_results/busco_downloads/lineages/apicomplexa_odb12/hmms/68909at5794.hmm /home/edouard/GregarineStuff/Lgryllorum_Genome_analysis/Funannotate/Run_v3/species_train/annotate_results/Leidyana_gryllorum.proteins.fa 
# Current dir:     /home/edouard/GregarineStuff/Lgryllorum_Genome_analysis/Funannotate/Run_v3/species_train/annotate_results
# Date:            Tue Apr  1 17:39:09 2025
# [ok]
