#                                                                            --- full sequence --- -------------- this domain -------------   hmm coord   ali coord   env coord
# target name        accession   tlen query name           accession   qlen   E-value  score  bias   #  of  c-Evalue  i-Evalue  score  bias  from    to  from    to  from    to  acc description of target
#------------------- ---------- ----- -------------------- ---------- ----- --------- ------ ----- --- --- --------- --------- ------ ----- ----- ----- ----- ----- ----- ----- ---- ---------------------
ACNH67_003470-T1     -            604 68918                -            502  2.7e-143  476.5   7.8   1   2     6e-89   6.8e-86  287.1   3.1    29   288    21   276     5   279 0.90 ACNH67_003470
ACNH67_003470-T1     -            604 68918                -            502  2.7e-143  476.5   7.8   2   2   1.4e-60   1.5e-57  193.6   0.2   321   489   275   443   273   445 0.98 ACNH67_003470
ACNH67_004320-T1     -            514 68918                -            502   1.5e-08   32.0   0.0   1   1   2.2e-11   2.5e-08   31.3   0.0   364   472   376   484   365   509 0.87 ACNH67_004320
ACNH67_001703-T1     -            395 68918                -            502    0.0001   19.4   0.3   1   2      0.84   9.6e+02   -3.6   0.1    36    53    75    92    35   113 0.52 ACNH67_001703
ACNH67_001703-T1     -            395 68918                -            502    0.0001   19.4   0.3   2   2   1.5e-07   0.00017   18.6   0.0   383   494   278   389   267   394 0.90 ACNH67_001703
ACNH67_002614-T1     -            496 68918                -            502   0.00038   17.5   0.2   1   1   5.8e-07   0.00065   16.7   0.2   412   471   410   466   331   494 0.83 ACNH67_002614
ACNH67_002188-T1     -            509 68918                -            502   0.00042   17.3   1.5   1   2    0.0088       9.9    2.9   0.3   269   285   302   318   297   325 0.87 ACNH67_002188
ACNH67_002188-T1     -            509 68918                -            502   0.00042   17.3   1.5   2   2     7e-06    0.0079   13.1   0.1   358   438   367   447   332   450 0.82 ACNH67_002188
#
# Program:         hmmsearch
# Version:         3.1b2 (February 2015)
# Pipeline mode:   SEARCH
# Query file:      /home/edouard/GregarineStuff/Lgryllorum_Genome_analysis/Funannotate/Run_v3/species_train/annotate_results/busco_downloads/lineages/apicomplexa_odb12/hmms/68918at5794.hmm
# Target file:     /home/edouard/GregarineStuff/Lgryllorum_Genome_analysis/Funannotate/Run_v3/species_train/annotate_results/Leidyana_gryllorum.proteins.fa
# Option settings: hmmsearch --domtblout /home/edouard/GregarineStuff/Lgryllorum_Genome_analysis/Funannotate/Run_v3/species_train/annotate_results/busco/run_apicomplexa_odb12/hmmer_output/initial_run_results/68918at5794.out --cpu 1 /home/edouard/GregarineStuff/Lgryllorum_Genome_analysis/Funannotate/Run_v3/species_train/annotate_results/busco_downloads/lineages/apicomplexa_odb12/hmms/68918at5794.hmm /home/edouard/GregarineStuff/Lgryllorum_Genome_analysis/Funannotate/Run_v3/species_train/annotate_results/Leidyana_gryllorum.proteins.fa 
# Current dir:     /home/edouard/GregarineStuff/Lgryllorum_Genome_analysis/Funannotate/Run_v3/species_train/annotate_results
# Date:            Tue Apr  1 17:39:11 2025
# [ok]
