#                                                                            --- full sequence --- -------------- this domain -------------   hmm coord   ali coord   env coord
# target name        accession   tlen query name           accession   qlen   E-value  score  bias   #  of  c-Evalue  i-Evalue  score  bias  from    to  from    to  from    to  acc description of target
#------------------- ---------- ----- -------------------- ---------- ----- --------- ------ ----- --- --- --------- --------- ------ ----- ----- ----- ----- ----- ----- ----- ---- ---------------------
ACNH67_000500-T1     -            563 68923                -            541  1.1e-214  712.3   1.3   1   1  2.3e-217  1.3e-214  712.1   1.3     1   540     1   555     1   556 0.99 ACNH67_000500
ACNH67_000947-T1     -            553 68923                -            541  1.5e-101  338.9   0.5   1   1  3.7e-104  2.1e-101  338.4   0.5    23   526    19   546    13   549 0.95 ACNH67_000947
ACNH67_002988-T1     -           1169 68923                -            541   4.3e-99  330.8   2.5   1   1  1.2e-101     7e-99  330.1   2.5    26   522   638  1142   624  1154 0.92 ACNH67_002988
ACNH67_000390-T1     -            572 68923                -            541   2.2e-83  279.0   4.5   1   1   1.9e-85   1.1e-82  276.7   4.5    11   534    15   561     8   566 0.85 ACNH67_000390
ACNH67_001451-T1     -            487 68923                -            541   1.1e-81  273.3  15.5   1   1   2.2e-84   1.2e-81  273.2  15.5    49   525     1   487     1   487 0.92 ACNH67_001451
ACNH67_004156-T1     -            531 68923                -            541   2.7e-76  255.5   3.8   1   1     6e-79   3.4e-76  255.2   3.8    35   526    30   525     4   528 0.92 ACNH67_004156
ACNH67_001629-T1     -            552 68923                -            541   4.2e-62  208.7   0.0   1   1     1e-64   5.6e-62  208.3   0.0    23   524    17   545    11   550 0.88 ACNH67_001629
ACNH67_004915-T1     -            265 68923                -            541     2e-39  133.9   0.3   1   1   4.5e-42   2.5e-39  133.5   0.3    24   254    28   258    15   262 0.89 ACNH67_004915
ACNH67_004914-T1     -            252 68923                -            541   3.6e-39  133.0   0.2   1   1   7.8e-42   4.4e-39  132.7   0.2   278   523     2   248     1   250 0.94 ACNH67_004914
ACNH67_004984-T1     -            559 68923                -            541   1.4e-10   38.7   0.1   1   2   2.3e-08   1.3e-05   22.2   0.0    31   144    39   156    11   189 0.87 ACNH67_004984
ACNH67_004984-T1     -            559 68923                -            541   1.4e-10   38.7   0.1   2   2   6.2e-06    0.0035   14.2   0.2   373   506   404   529   377   549 0.79 ACNH67_004984
#
# Program:         hmmsearch
# Version:         3.1b2 (February 2015)
# Pipeline mode:   SEARCH
# Query file:      /home/edouard/GregarineStuff/Lgryllorum_Genome_analysis/Funannotate/Run_v3/species_train/annotate_results/busco_downloads/lineages/apicomplexa_odb12/hmms/68923at5794.hmm
# Target file:     /home/edouard/GregarineStuff/Lgryllorum_Genome_analysis/Funannotate/Run_v3/species_train/annotate_results/Leidyana_gryllorum.proteins.fa
# Option settings: hmmsearch --domtblout /home/edouard/GregarineStuff/Lgryllorum_Genome_analysis/Funannotate/Run_v3/species_train/annotate_results/busco/run_apicomplexa_odb12/hmmer_output/initial_run_results/68923at5794.out --cpu 1 /home/edouard/GregarineStuff/Lgryllorum_Genome_analysis/Funannotate/Run_v3/species_train/annotate_results/busco_downloads/lineages/apicomplexa_odb12/hmms/68923at5794.hmm /home/edouard/GregarineStuff/Lgryllorum_Genome_analysis/Funannotate/Run_v3/species_train/annotate_results/Leidyana_gryllorum.proteins.fa 
# Current dir:     /home/edouard/GregarineStuff/Lgryllorum_Genome_analysis/Funannotate/Run_v3/species_train/annotate_results
# Date:            Tue Apr  1 17:39:12 2025
# [ok]
