#                                                                            --- full sequence --- -------------- this domain -------------   hmm coord   ali coord   env coord
# target name        accession   tlen query name           accession   qlen   E-value  score  bias   #  of  c-Evalue  i-Evalue  score  bias  from    to  from    to  from    to  acc description of target
#------------------- ---------- ----- -------------------- ---------- ----- --------- ------ ----- --- --- --------- --------- ------ ----- ----- ----- ----- ----- ----- ----- ---- ---------------------
ACNH67_002393-T1     -            683 69012                -            487  1.8e-195  648.8  22.9   1   5   2.3e-31   3.1e-29  100.6   0.1     3    61     7    65     5    69 0.97 ACNH67_002393
ACNH67_002393-T1     -            683 69012                -            487  1.8e-195  648.8  22.9   2   5     5e-93   6.8e-91  303.9   0.1    62   249   110   299   107   307 0.97 ACNH67_002393
ACNH67_002393-T1     -            683 69012                -            487  1.8e-195  648.8  22.9   3   5   5.4e-11   7.3e-09   33.4   1.8   229   296   316   383   301   387 0.82 ACNH67_002393
ACNH67_002393-T1     -            683 69012                -            487  1.8e-195  648.8  22.9   4   5   4.2e-38   5.6e-36  122.8   0.1   295   384   405   494   402   514 0.90 ACNH67_002393
ACNH67_002393-T1     -            683 69012                -            487  1.8e-195  648.8  22.9   5   5   2.3e-31   3.1e-29  100.6   1.6   414   487   608   681   569   681 0.77 ACNH67_002393
ACNH67_004134-T1     -            621 69012                -            487   5.8e-44  149.1   0.0   1   4      0.69        94    0.0   0.0   184   221   106   147    99   151 0.73 ACNH67_004134
ACNH67_004134-T1     -            621 69012                -            487   5.8e-44  149.1   0.0   2   4   2.3e-15   3.2e-13   47.8   0.0   110   168   170   228   165   235 0.94 ACNH67_004134
ACNH67_004134-T1     -            621 69012                -            487   5.8e-44  149.1   0.0   3   4   6.4e-17   8.7e-15   52.9   0.0    83   203   248   367   236   374 0.90 ACNH67_004134
ACNH67_004134-T1     -            621 69012                -            487   5.8e-44  149.1   0.0   4   4   9.2e-14   1.2e-11   42.5   0.0   113   168   393   448   387   463 0.94 ACNH67_004134
ACNH67_004592-T1     -            718 69012                -            487   6.2e-41  139.2   7.1   1   5   1.8e-08   2.5e-06   25.0   0.0   279   358     5    87     1   118 0.68 ACNH67_004592
ACNH67_004592-T1     -            718 69012                -            487   6.2e-41  139.2   7.1   2   5   5.7e-10   7.7e-08   30.0   0.4   263   400   180   327   151   349 0.70 ACNH67_004592
ACNH67_004592-T1     -            718 69012                -            487   6.2e-41  139.2   7.1   3   5   1.5e-07   2.1e-05   22.0   0.0   188   321   414   553   409   562 0.77 ACNH67_004592
ACNH67_004592-T1     -            718 69012                -            487   6.2e-41  139.2   7.1   4   5   0.00044      0.06   10.6   0.0   133   166   568   601   558   610 0.86 ACNH67_004592
ACNH67_004592-T1     -            718 69012                -            487   6.2e-41  139.2   7.1   5   5   1.5e-18   2.1e-16   58.3   0.4   223   355   572   708   572   717 0.81 ACNH67_004592
ACNH67_002500-T1     -            211 69012                -            487   2.7e-37  127.1   0.0   1   1   2.6e-39   3.5e-37  126.8   0.0     6   175    21   190    17   198 0.93 ACNH67_002500
ACNH67_004487-T1     -            380 69012                -            487   3.2e-23   80.7   0.0   1   2   2.3e-12   3.2e-10   37.9   0.0   223   365     5   146     1   150 0.81 ACNH67_004487
ACNH67_004487-T1     -            380 69012                -            487   3.2e-23   80.7   0.0   2   2   3.1e-13   4.2e-11   40.8   0.0    95   168   232   306   225   318 0.90 ACNH67_004487
ACNH67_004179-T1     -            426 69012                -            487   5.7e-22   76.6   0.0   1   2   7.4e-10     1e-07   29.6   0.0   287   359   115   185    97   189 0.86 ACNH67_004179
ACNH67_004179-T1     -            426 69012                -            487   5.7e-22   76.6   0.0   2   2   1.7e-14   2.3e-12   44.9   0.0   281   362   242   322   229   345 0.88 ACNH67_004179
ACNH67_004797-T1     -            396 69012                -            487   3.1e-20   70.9   0.0   1   3   2.7e-06   0.00036   17.9   0.0    11    84    26    99    17   109 0.85 ACNH67_004797
ACNH67_004797-T1     -            396 69012                -            487   3.1e-20   70.9   0.0   2   3   2.1e-14   2.8e-12   44.6   0.0   269   368   107   209    95   230 0.78 ACNH67_004797
ACNH67_004797-T1     -            396 69012                -            487   3.1e-20   70.9   0.0   3   3     0.016       2.2    5.4   0.0   196   245   327   375   304   385 0.85 ACNH67_004797
ACNH67_004646-T1     -            221 69012                -            487   3.1e-20   70.9   0.0   1   2   2.7e-08   3.6e-06   24.5   0.0   281   358    19    96     4   105 0.78 ACNH67_004646
ACNH67_004646-T1     -            221 69012                -            487   3.1e-20   70.9   0.0   2   2   2.3e-14   3.1e-12   44.5   0.0   279   359   130   210   110   213 0.93 ACNH67_004646
ACNH67_000830-T1     -            367 69012                -            487   3.2e-16   57.7   0.0   1   2   4.2e-13   5.7e-11   40.3   0.1   285   380    99   196    80   246 0.73 ACNH67_000830
ACNH67_000830-T1     -            367 69012                -            487   3.2e-16   57.7   0.0   2   2   1.8e-05    0.0024   15.2   0.0     5    84   293   366   290   367 0.89 ACNH67_000830
ACNH67_003464-T1     -           1814 69012                -            487   9.5e-15   52.8   0.0   1   2   1.6e-07   2.2e-05   21.9   0.0    96   208  1397  1508  1390  1533 0.85 ACNH67_003464
ACNH67_003464-T1     -           1814 69012                -            487   9.5e-15   52.8   0.0   2   2   1.7e-09   2.4e-07   28.4   0.0   260   362  1646  1752  1591  1760 0.86 ACNH67_003464
ACNH67_002845-T1     -            567 69012                -            487   1.1e-14   52.5   0.0   1   2   6.7e-09     9e-07   26.5   0.0   279   343   183   248   176   253 0.86 ACNH67_002845
ACNH67_002845-T1     -            567 69012                -            487   1.1e-14   52.5   0.0   2   2   4.1e-08   5.5e-06   23.9   0.0   282   339   279   337   256   353 0.83 ACNH67_002845
ACNH67_002556-T1     -           1967 69012                -            487   6.2e-14   50.1   0.0   1   4         6   8.1e+02   -3.0   0.0   273   316  1390  1433  1386  1446 0.83 ACNH67_002556
ACNH67_002556-T1     -           1967 69012                -            487   6.2e-14   50.1   0.0   2   4   0.00015      0.02   12.2   0.0   160   257  1501  1605  1474  1614 0.75 ACNH67_002556
ACNH67_002556-T1     -           1967 69012                -            487   6.2e-14   50.1   0.0   3   4     0.032       4.3    4.5   0.0     3    51  1703  1752  1701  1762 0.79 ACNH67_002556
ACNH67_002556-T1     -           1967 69012                -            487   6.2e-14   50.1   0.0   4   4   1.9e-09   2.6e-07   28.3   0.0   285   359  1839  1913  1831  1916 0.95 ACNH67_002556
ACNH67_004698-T1     -            460 69012                -            487   3.7e-13   47.6   0.0   1   2   1.1e-05    0.0015   15.9   0.0   185   238   106   162    92   177 0.66 ACNH67_004698
ACNH67_004698-T1     -            460 69012                -            487   3.7e-13   47.6   0.0   2   2   8.4e-10   1.1e-07   29.5   0.0    96   168   204   277   198   282 0.75 ACNH67_004698
ACNH67_003758-T1     -            409 69012                -            487   7.9e-13   46.5   0.0   1   1     1e-14   1.4e-12   45.7   0.0   287   370   191   274   176   340 0.77 ACNH67_003758
ACNH67_002655-T1     -            421 69012                -            487   1.2e-11   42.5   0.0   1   3   0.00016     0.022   12.0   0.0     6    68    33    96    28   104 0.88 ACNH67_002655
ACNH67_002655-T1     -            421 69012                -            487   1.2e-11   42.5   0.0   2   3    0.0087       1.2    6.3   0.0     8    55   128   190   123   198 0.73 ACNH67_002655
ACNH67_002655-T1     -            421 69012                -            487   1.2e-11   42.5   0.0   3   3   4.9e-07   6.6e-05   20.3   0.0   183   261   250   325   239   354 0.82 ACNH67_002655
ACNH67_002995-T1     -            211 69012                -            487   1.4e-11   42.3   0.3   1   1   1.4e-13   1.9e-11   41.9   0.3   287   386    65   162    57   198 0.72 ACNH67_002995
ACNH67_005285-T1     -           1266 69012                -            487   2.9e-11   41.3   0.0   1   1   3.4e-13   4.5e-11   40.7   0.0   278   358    79   163    37   170 0.79 ACNH67_005285
ACNH67_004681-T2     -           1826 69012                -            487     8e-11   39.8   0.2   1   1     6e-13     8e-11   39.8   0.2   269   384    15   129     3   151 0.81 ACNH67_004681
ACNH67_002495-T1     -            856 69012                -            487   3.1e-10   37.9   0.0   1   1   3.5e-12   4.7e-10   37.3   0.0    95   172   680   757   671   769 0.86 ACNH67_002495
ACNH67_005452-T1     -            524 69012                -            487   3.5e-10   37.7   0.0   1   1   3.8e-12   5.1e-10   37.2   0.0    95   168   113   187   108   196 0.92 ACNH67_005452
ACNH67_004386-T1     -            133 69012                -            487   2.7e-09   34.8   0.0   1   1   2.3e-11   3.2e-09   34.6   0.0     5    86    32   114    28   125 0.90 ACNH67_004386
ACNH67_002310-T1     -            271 69012                -            487   1.9e-08   32.0   0.0   1   1   1.8e-10   2.4e-08   31.7   0.0   285   340    52   108    38   144 0.81 ACNH67_002310
ACNH67_001540-T1     -            330 69012                -            487     2e-08   31.9   0.0   1   1   1.9e-10   2.5e-08   31.6   0.0   281   366    96   181    60   209 0.77 ACNH67_001540
ACNH67_001641-T1     -            276 69012                -            487   4.6e-08   30.7   0.1   1   2       2.2     3e+02   -1.6   0.1   353   405    35    87    15   112 0.58 ACNH67_001641
ACNH67_001641-T1     -            276 69012                -            487   4.6e-08   30.7   0.1   2   2     8e-10   1.1e-07   29.5   0.0   280   364   185   270   152   275 0.84 ACNH67_001641
ACNH67_001131-T1     -            133 69012                -            487   5.4e-08   30.5   0.0   1   1   4.8e-10   6.4e-08   30.3   0.0   286   387     8   111     3   128 0.80 ACNH67_001131
ACNH67_000813-T1     -            561 69012                -            487   4.7e-07   27.4   0.0   1   1   4.8e-09   6.4e-07   27.0   0.0   185   265    56   136    42   155 0.78 ACNH67_000813
ACNH67_003649-T1     -            129 69012                -            487   5.1e-07   27.3   0.0   1   1   1.5e-08   2.1e-06   25.3   0.0   111   168    18    73    15    85 0.82 ACNH67_003649
ACNH67_000045-T1     -            253 69012                -            487   5.6e-07   27.2   0.0   1   1   5.3e-09   7.1e-07   26.8   0.0     6    81   111   185    96   199 0.68 ACNH67_000045
ACNH67_004319-T1     -            163 69012                -            487   8.9e-07   26.5   0.0   1   1     8e-09   1.1e-06   26.2   0.0    99   173    74   150    57   160 0.80 ACNH67_004319
ACNH67_002129-T1     -            163 69012                -            487   1.4e-06   25.8   0.0   1   1   1.3e-08   1.7e-06   25.6   0.0     7    80    78   148    72   157 0.86 ACNH67_002129
ACNH67_004707-T1     -            185 69012                -            487   2.1e-06   25.3   0.0   1   1   1.7e-08   2.3e-06   25.1   0.0   283   352    91   160    36   168 0.85 ACNH67_004707
ACNH67_004212-T1     -            275 69012                -            487   2.2e-06   25.2   0.0   1   1   2.2e-08   2.9e-06   24.8   0.0   277   379    70   173    63   190 0.85 ACNH67_004212
ACNH67_000421-T1     -            851 69012                -            487   3.5e-06   24.6   0.1   1   1     5e-08   6.7e-06   23.6   0.1    95   168    43   117    37   128 0.82 ACNH67_000421
ACNH67_001826-T1     -            103 69012                -            487   9.3e-06   23.1   0.0   1   1   7.3e-08   9.8e-06   23.1   0.0   185   266    12    96     1   102 0.73 ACNH67_001826
ACNH67_001293-T1     -            621 69012                -            487   0.00014   19.3   0.1   1   3      0.18        25    1.9   0.0   288   320   215   247   207   255 0.60 ACNH67_001293
ACNH67_001293-T1     -            621 69012                -            487   0.00014   19.3   0.1   2   3      0.01       1.4    6.1   0.0   123   171   285   336   281   350 0.78 ACNH67_001293
ACNH67_001293-T1     -            621 69012                -            487   0.00014   19.3   0.1   3   3    0.0061      0.82    6.8   0.2   328   421   449   548   432   558 0.58 ACNH67_001293
ACNH67_001548-T1     -            189 69012                -            487   0.00048   17.5   0.0   1   1   4.9e-06   0.00066   17.0   0.0    33    84     7    59     4    67 0.80 ACNH67_001548
ACNH67_001422-T1     -            642 69012                -            487    0.0029   14.9   0.0   1   2   0.00011     0.015   12.6   0.0     8    88   186   268   179   278 0.82 ACNH67_001422
ACNH67_001422-T1     -            642 69012                -            487    0.0029   14.9   0.0   2   2       1.2   1.6e+02   -0.7   0.0   313   349   394   431   381   450 0.71 ACNH67_001422
ACNH67_001390-T1     -            542 69012                -            487    0.0048   14.2   0.0   1   2   3.6e-05    0.0048   14.2   0.0   286   379    43   137    36   214 0.66 ACNH67_001390
ACNH67_001390-T1     -            542 69012                -            487    0.0048   14.2   0.0   2   2       6.8   9.2e+02   -3.2   2.1   369   420   371   422   361   430 0.55 ACNH67_001390
ACNH67_000399-T1     -            286 69012                -            487    0.0086   13.4   0.0   1   1     8e-05     0.011   13.0   0.0    16   156    76   131    70   201 0.65 ACNH67_000399
ACNH67_004355-T1     -            423 69012                -            487     0.017   12.4   0.1   1   2       1.8   2.4e+02   -1.3   0.0   187   221   172   206   160   209 0.69 ACNH67_004355
ACNH67_004355-T1     -            423 69012                -            487     0.017   12.4   0.1   2   2   0.00037      0.05   10.8   0.1    47    91   215   261   182   265 0.80 ACNH67_004355
ACNH67_005240-T1     -            433 69012                -            487     0.026   11.8   0.0   1   1    0.0003     0.041   11.1   0.0   196   264   326   391   307   415 0.80 ACNH67_005240
ACNH67_002119-T1     -           1121 69012                -            487      0.32    8.2   3.2   1   1    0.0059       0.8    6.9   3.2   332   404   936  1007   926  1029 0.75 ACNH67_002119
#
# Program:         hmmsearch
# Version:         3.1b2 (February 2015)
# Pipeline mode:   SEARCH
# Query file:      /home/edouard/GregarineStuff/Lgryllorum_Genome_analysis/Funannotate/Run_v3/species_train/annotate_results/busco_downloads/lineages/apicomplexa_odb12/hmms/69012at5794.hmm
# Target file:     /home/edouard/GregarineStuff/Lgryllorum_Genome_analysis/Funannotate/Run_v3/species_train/annotate_results/Leidyana_gryllorum.proteins.fa
# Option settings: hmmsearch --domtblout /home/edouard/GregarineStuff/Lgryllorum_Genome_analysis/Funannotate/Run_v3/species_train/annotate_results/busco/run_apicomplexa_odb12/hmmer_output/initial_run_results/69012at5794.out --cpu 1 /home/edouard/GregarineStuff/Lgryllorum_Genome_analysis/Funannotate/Run_v3/species_train/annotate_results/busco_downloads/lineages/apicomplexa_odb12/hmms/69012at5794.hmm /home/edouard/GregarineStuff/Lgryllorum_Genome_analysis/Funannotate/Run_v3/species_train/annotate_results/Leidyana_gryllorum.proteins.fa 
# Current dir:     /home/edouard/GregarineStuff/Lgryllorum_Genome_analysis/Funannotate/Run_v3/species_train/annotate_results
# Date:            Tue Apr  1 17:39:21 2025
# [ok]
