#                                                                            --- full sequence --- -------------- this domain -------------   hmm coord   ali coord   env coord
# target name        accession   tlen query name           accession   qlen   E-value  score  bias   #  of  c-Evalue  i-Evalue  score  bias  from    to  from    to  from    to  acc description of target
#------------------- ---------- ----- -------------------- ---------- ----- --------- ------ ----- --- --- --------- --------- ------ ----- ----- ----- ----- ----- ----- ----- ---- ---------------------
ACNH67_000390-T1     -            572 69028                -            532  1.9e-256  849.9   7.5   1   1  1.9e-258  1.1e-255  847.4   7.5     6   530    10   558     6   560 0.95 ACNH67_000390
ACNH67_000947-T1     -            553 69028                -            532  1.7e-117  391.3   2.6   1   1    4e-120  2.2e-117  390.9   2.6    17   529    14   549     8   552 0.89 ACNH67_000947
ACNH67_002988-T1     -           1169 69028                -            532    2e-111  371.3   3.5   1   1  5.4e-114  3.1e-111  370.7   3.5     3   524   616  1144   614  1151 0.93 ACNH67_002988
ACNH67_004156-T1     -            531 69028                -            532  1.9e-110  368.1   5.5   1   1    4e-113  2.3e-110  367.8   5.5    11   526     7   525     1   530 0.93 ACNH67_004156
ACNH67_001451-T1     -            487 69028                -            532   4.5e-86  287.6  13.0   1   1   8.9e-89     5e-86  287.5  13.0    48   522     1   484     1   487 0.92 ACNH67_001451
ACNH67_000500-T1     -            563 69028                -            532   6.2e-64  214.6   3.9   1   1   2.3e-66   1.3e-63  213.5   3.9    10   523    10   538     1   544 0.83 ACNH67_000500
ACNH67_001629-T1     -            552 69028                -            532   1.7e-62  209.8   0.1   1   1   4.7e-65   2.7e-62  209.2   0.1    23   527    18   548     9   551 0.88 ACNH67_001629
ACNH67_004915-T1     -            265 69028                -            532   1.5e-53  180.4   1.4   1   1   3.1e-56   1.7e-53  180.1   1.4     7   241    10   244     4   251 0.89 ACNH67_004915
ACNH67_004914-T1     -            252 69028                -            532     6e-46  155.2   0.1   1   1   1.2e-48   6.6e-46  155.1   0.1   280   523     3   248     1   252 0.97 ACNH67_004914
ACNH67_004984-T1     -            559 69028                -            532   7.5e-22   75.7   0.7   1   2   4.9e-16   2.8e-13   47.4   0.0    29   141    38   156    22   243 0.89 ACNH67_004984
ACNH67_004984-T1     -            559 69028                -            532   7.5e-22   75.7   0.7   2   2   8.8e-10     5e-07   26.8   0.1   371   522   400   545   382   556 0.82 ACNH67_004984
#
# Program:         hmmsearch
# Version:         3.1b2 (February 2015)
# Pipeline mode:   SEARCH
# Query file:      /home/edouard/GregarineStuff/Lgryllorum_Genome_analysis/Funannotate/Run_v3/species_train/annotate_results/busco_downloads/lineages/apicomplexa_odb12/hmms/69028at5794.hmm
# Target file:     /home/edouard/GregarineStuff/Lgryllorum_Genome_analysis/Funannotate/Run_v3/species_train/annotate_results/Leidyana_gryllorum.proteins.fa
# Option settings: hmmsearch --domtblout /home/edouard/GregarineStuff/Lgryllorum_Genome_analysis/Funannotate/Run_v3/species_train/annotate_results/busco/run_apicomplexa_odb12/hmmer_output/initial_run_results/69028at5794.out --cpu 1 /home/edouard/GregarineStuff/Lgryllorum_Genome_analysis/Funannotate/Run_v3/species_train/annotate_results/busco_downloads/lineages/apicomplexa_odb12/hmms/69028at5794.hmm /home/edouard/GregarineStuff/Lgryllorum_Genome_analysis/Funannotate/Run_v3/species_train/annotate_results/Leidyana_gryllorum.proteins.fa 
# Current dir:     /home/edouard/GregarineStuff/Lgryllorum_Genome_analysis/Funannotate/Run_v3/species_train/annotate_results
# Date:            Tue Apr  1 17:39:21 2025
# [ok]
