#                                                                            --- full sequence --- -------------- this domain -------------   hmm coord   ali coord   env coord
# target name        accession   tlen query name           accession   qlen   E-value  score  bias   #  of  c-Evalue  i-Evalue  score  bias  from    to  from    to  from    to  acc description of target
#------------------- ---------- ----- -------------------- ---------- ----- --------- ------ ----- --- --- --------- --------- ------ ----- ----- ----- ----- ----- ----- ----- ---- ---------------------
ACNH67_001663-T1     -           1000 69033                -            488  5.9e-144  478.5   5.4   1   5   2.6e-11   4.1e-09   33.7   0.0    14    60   113   161   104   166 0.88 ACNH67_001663
ACNH67_001663-T1     -           1000 69033                -            488  5.9e-144  478.5   5.4   2   5   2.6e-48     4e-46  155.8   0.4    56   188   174   306   169   320 0.96 ACNH67_001663
ACNH67_001663-T1     -           1000 69033                -            488  5.9e-144  478.5   5.4   3   5   1.4e-08   2.2e-06   24.8   0.0   169   207   503   541   496   550 0.86 ACNH67_001663
ACNH67_001663-T1     -           1000 69033                -            488  5.9e-144  478.5   5.4   4   5   7.6e-18   1.2e-15   55.3   0.0   206   286   578   659   567   671 0.87 ACNH67_001663
ACNH67_001663-T1     -           1000 69033                -            488  5.9e-144  478.5   5.4   5   5   1.9e-62     3e-60  202.4   0.0   286   483   701   920   685   924 0.83 ACNH67_001663
ACNH67_003305-T1     -            505 69033                -            488  8.7e-107  355.9   2.4   1   2   4.9e-69   7.7e-67  224.1   1.6     8   264    80   330    74   333 0.94 ACNH67_003305
ACNH67_003305-T1     -            505 69033                -            488  8.7e-107  355.9   2.4   2   2   1.3e-40     2e-38  130.4   0.0   294   474   333   501   328   503 0.90 ACNH67_003305
ACNH67_003103-T1     -            777 69033                -            488   6.1e-83  277.2   0.0   1   2   4.2e-55   6.6e-53  178.2   0.0    14   263    42   287    35   291 0.90 ACNH67_003103
ACNH67_003103-T1     -            777 69033                -            488   6.1e-83  277.2   0.0   2   2   2.3e-30   3.6e-28   96.6   0.0   294   395   293   397   287   466 0.81 ACNH67_003103
ACNH67_003972-T1     -            469 69033                -            488   3.5e-66  222.0   1.1   1   2   1.6e-44   2.5e-42  143.3   0.2    18   264    88   323    79   327 0.90 ACNH67_003972
ACNH67_003972-T1     -            469 69033                -            488   3.5e-66  222.0   1.1   2   2   1.4e-24   2.1e-22   77.6   0.0   298   375   330   408   324   421 0.91 ACNH67_003972
ACNH67_002835-T1     -            524 69033                -            488   3.3e-64  215.5   0.6   1   2   1.4e-42   2.3e-40  136.8   0.5    23   264    80   337    71   343 0.83 ACNH67_002835
ACNH67_002835-T1     -            524 69033                -            488   3.3e-64  215.5   0.6   2   2   3.2e-24   5.1e-22   76.3   0.0   294   384   344   436   338   463 0.86 ACNH67_002835
ACNH67_001782-T1     -            672 69033                -            488   1.5e-62  210.0   0.0   1   2   4.2e-41   6.6e-39  132.0   0.0    19   254     2   235     1   242 0.90 ACNH67_001782
ACNH67_001782-T1     -            672 69033                -            488   1.5e-62  210.0   0.0   2   2   4.8e-24   7.5e-22   75.8   0.0   295   377   249   332   237   345 0.93 ACNH67_001782
ACNH67_001796-T1     -            394 69033                -            488   3.7e-62  208.7   4.8   1   2   1.4e-39   2.1e-37  127.0   1.0    21   255    56   278    43   286 0.85 ACNH67_001796
ACNH67_001796-T1     -            394 69033                -            488   3.7e-62  208.7   4.8   2   2   8.3e-27   1.3e-24   84.9   0.3   279   384   275   381   269   388 0.88 ACNH67_001796
ACNH67_003408-T1     -            846 69033                -            488   6.5e-59  198.0   0.0   1   3   2.4e-19   3.8e-17   60.3   0.0    20   196    43   264    31   275 0.70 ACNH67_003408
ACNH67_003408-T1     -            846 69033                -            488   6.5e-59  198.0   0.0   2   3   6.2e-40   9.7e-38  128.2   0.0   205   392   308   510   298   519 0.86 ACNH67_003408
ACNH67_003408-T1     -            846 69033                -            488   6.5e-59  198.0   0.0   3   3     0.029       4.6    3.9   0.0   424   475   582   631   569   641 0.85 ACNH67_003408
ACNH67_004323-T1     -            965 69033                -            488     4e-58  195.4   1.4   1   2   6.3e-42   9.9e-40  134.7   0.2    19   265    63   302    57   305 0.93 ACNH67_004323
ACNH67_004323-T1     -            965 69033                -            488     4e-58  195.4   1.4   2   2   3.5e-19   5.4e-17   59.7   0.1   297   380   307   391   301   395 0.89 ACNH67_004323
ACNH67_002442-T1     -            669 69033                -            488   4.4e-56  188.6   0.0   1   2   6.9e-34   1.1e-31  108.2   0.0    16   257   219   463   209   470 0.83 ACNH67_002442
ACNH67_002442-T1     -            669 69033                -            488   4.4e-56  188.6   0.0   2   2   4.6e-25   7.2e-23   79.1   0.0   290   382   469   562   456   573 0.87 ACNH67_002442
ACNH67_002293-T1     -           1575 69033                -            488   8.2e-55  184.5   0.0   1   2   1.5e-34   2.4e-32  110.4   0.0    24   225   550   748   536   777 0.84 ACNH67_002293
ACNH67_002293-T1     -           1575 69033                -            488   8.2e-55  184.5   0.0   2   2   6.3e-23   9.8e-21   72.1   0.0   285   370   782   868   768   900 0.83 ACNH67_002293
ACNH67_000205-T1     -            668 69033                -            488   1.3e-54  183.8   0.5   1   2   8.9e-33   1.4e-30  104.5   0.0    24   255   246   477   233   485 0.80 ACNH67_000205
ACNH67_000205-T1     -            668 69033                -            488   1.3e-54  183.8   0.5   2   2   7.9e-25   1.2e-22   78.3   0.2   283   378   478   574   465   601 0.86 ACNH67_000205
ACNH67_001998-T1     -            861 69033                -            488   1.4e-53  180.4   0.0   1   2   1.4e-30   2.3e-28   97.3   0.0    17   172   456   613   449   720 0.84 ACNH67_001998
ACNH67_001998-T1     -            861 69033                -            488   1.4e-53  180.4   0.0   2   2     2e-24   3.1e-22   77.0   0.1   288   400   718   831   672   842 0.85 ACNH67_001998
ACNH67_000088-T1     -            466 69033                -            488   5.2e-49  165.3   4.4   1   2   1.2e-34   1.8e-32  110.8   0.7    17   264   120   353   113   355 0.88 ACNH67_000088
ACNH67_000088-T1     -            466 69033                -            488   5.2e-49  165.3   4.4   2   2   3.2e-18     5e-16   56.6   0.3   293   373   355   436   347   453 0.89 ACNH67_000088
ACNH67_004945-T1     -            439 69033                -            488   3.8e-47  159.2   4.7   1   2   9.6e-31   1.5e-28   97.8   0.9    14   268    78   327    72   330 0.86 ACNH67_004945
ACNH67_004945-T1     -            439 69033                -            488   3.8e-47  159.2   4.7   2   2   2.5e-20     4e-18   63.5   0.1   297   391   329   426   326   435 0.87 ACNH67_004945
ACNH67_005174-T1     -            778 69033                -            488   4.5e-45  152.4   0.2   1   3     1e-27   1.6e-25   87.8   0.1    16   183   145   326   138   355 0.85 ACNH67_005174
ACNH67_005174-T1     -            778 69033                -            488   4.5e-45  152.4   0.2   2   3         1   1.6e+02   -1.2   0.0   205   261   384   443   364   464 0.72 ACNH67_005174
ACNH67_005174-T1     -            778 69033                -            488   4.5e-45  152.4   0.2   3   3   1.4e-19   2.1e-17   61.1   0.0   280   375   551   649   540   668 0.86 ACNH67_005174
ACNH67_004869-T1     -            791 69033                -            488   5.4e-45  152.1   1.3   1   2   1.2e-27   1.8e-25   87.7   1.5     8   264   105   354    98   356 0.79 ACNH67_004869
ACNH67_004869-T1     -            791 69033                -            488   5.4e-45  152.1   1.3   2   2   2.5e-20   3.9e-18   63.5   0.0   287   371   350   435   339   444 0.87 ACNH67_004869
ACNH67_005515-T1     -            447 69033                -            488   2.2e-44  150.1   0.0   1   2     1e-27   1.6e-25   87.9   0.0    26   266    45   280    38   290 0.88 ACNH67_005515
ACNH67_005515-T1     -            447 69033                -            488   2.2e-44  150.1   0.0   2   2   2.8e-19   4.4e-17   60.0   0.0   307   373   294   361   284   365 0.91 ACNH67_005515
ACNH67_000490-T1     -            401 69033                -            488   3.1e-39  133.1   0.0   1   1   2.5e-41     4e-39  132.7   0.0    17   221   151   349   134   365 0.90 ACNH67_000490
ACNH67_000687-T1     -            732 69033                -            488   8.3e-37  125.1   0.1   1   3   8.3e-06    0.0013   15.6   0.1    19    54    31    66    26    77 0.86 ACNH67_000687
ACNH67_000687-T1     -            732 69033                -            488   8.3e-37  125.1   0.1   2   3   3.2e-20     5e-18   63.2   0.0    65   225   278   439   269   443 0.87 ACNH67_000687
ACNH67_000687-T1     -            732 69033                -            488   8.3e-37  125.1   0.1   3   3   5.4e-14   8.5e-12   42.6   0.0   297   376   537   618   529   637 0.85 ACNH67_000687
ACNH67_004375-T1     -            229 69033                -            488   2.2e-34  117.1   2.0   1   2   4.9e-13   7.7e-11   39.4   0.1   141   258     1   112     1   120 0.86 ACNH67_004375
ACNH67_004375-T1     -            229 69033                -            488   2.2e-34  117.1   2.0   2   2   8.7e-25   1.4e-22   78.2   0.2   290   383   117   211   111   224 0.89 ACNH67_004375
ACNH67_001597-T1     -            490 69033                -            488   3.1e-30  103.4   5.3   1   2   1.6e-17   2.5e-15   54.2   0.5    15   252   101   329    89   338 0.77 ACNH67_001597
ACNH67_001597-T1     -            490 69033                -            488   3.1e-30  103.4   5.3   2   2     2e-15   3.2e-13   47.3   0.4   301   395   360   474   358   488 0.76 ACNH67_001597
ACNH67_000489-T1     -            616 69033                -            488   5.7e-24   82.7   0.1   1   1   5.2e-26   8.2e-24   82.2   0.1   298   374     5    82     2    97 0.92 ACNH67_000489
ACNH67_003764-T1     -           1625 69033                -            488   2.3e-23   80.7   0.4   1   2   6.9e-10   1.1e-07   29.1   0.0    22   191    38   248    22   259 0.70 ACNH67_003764
ACNH67_003764-T1     -           1625 69033                -            488   2.3e-23   80.7   0.4   2   2   2.4e-14   3.8e-12   43.7   0.1   298   375   637   715   620   737 0.86 ACNH67_003764
ACNH67_000779-T1     -            607 69033                -            488   2.1e-21   74.3   2.0   1   4   6.1e-12   9.6e-10   35.8   0.0    15    86    69   146    64   154 0.81 ACNH67_000779
ACNH67_000779-T1     -            607 69033                -            488   2.1e-21   74.3   2.0   2   4       0.1        16    2.1   0.1   217   254   175   212   162   220 0.82 ACNH67_000779
ACNH67_000779-T1     -            607 69033                -            488   2.1e-21   74.3   2.0   3   4    0.0041      0.64    6.7   0.2   138   199   208   285   198   295 0.57 ACNH67_000779
ACNH67_000779-T1     -            607 69033                -            488   2.1e-21   74.3   2.0   4   4   3.9e-09   6.1e-07   26.6   0.0   327   380   448   505   444   524 0.84 ACNH67_000779
ACNH67_004331-T1     -            690 69033                -            488   2.3e-21   74.2   0.2   1   3   4.5e-05     0.007   13.2   0.0    62   168     5   132     4   142 0.69 ACNH67_004331
ACNH67_004331-T1     -            690 69033                -            488   2.3e-21   74.2   0.2   2   3      0.66     1e+02   -0.6   0.0   212   255   224   267   191   281 0.79 ACNH67_004331
ACNH67_004331-T1     -            690 69033                -            488   2.3e-21   74.2   0.2   3   3   1.9e-17   2.9e-15   54.0   0.0   292   361   282   352   260   357 0.85 ACNH67_004331
ACNH67_004374-T1     -            167 69033                -            488     1e-16   58.8   0.2   1   1   8.6e-19   1.4e-16   58.4   0.2    19   125    56   156    46   163 0.88 ACNH67_004374
ACNH67_000124-T1     -           1224 69033                -            488   0.00016   18.6   0.1   1   1   1.8e-06   0.00029   17.8   0.1   290   370   865   949   849  1009 0.75 ACNH67_000124
ACNH67_003944-T1     -           1814 69033                -            488   0.00048   17.0   0.0   1   2      0.68   1.1e+02   -0.6   0.0    30   185   661   815   652   827 0.66 ACNH67_003944
ACNH67_003944-T1     -           1814 69033                -            488   0.00048   17.0   0.0   2   2   1.9e-05     0.003   14.4   0.0   293   364   936  1007   887  1047 0.81 ACNH67_003944
ACNH67_003550-T1     -           1888 69033                -            488    0.0059   13.4   0.0   1   1   7.2e-05     0.011   12.5   0.0   294   358  1089  1163  1048  1171 0.82 ACNH67_003550
ACNH67_003036-T1     -           3230 69033                -            488    0.0069   13.2   0.0   1   1   7.7e-05     0.012   12.4   0.0   319   360  1381  1421  1361  1491 0.83 ACNH67_003036
ACNH67_002880-T1     -           1241 69033                -            488     0.018   11.9   0.0   1   1    0.0002     0.031   11.1   0.0    24   182   275   442   261   454 0.64 ACNH67_002880
ACNH67_004664-T1     -           1214 69033                -            488     0.026   11.3   0.0   1   1   0.00028     0.045   10.5   0.0    17    44   126   153   118   168 0.81 ACNH67_004664
ACNH67_002419-T1     -            736 69033                -            488     0.031   11.1   1.1   1   2         8   1.3e+03   -4.1   0.1    26    40   102   116    92   120 0.72 ACNH67_002419
ACNH67_002419-T1     -            736 69033                -            488     0.031   11.1   1.1   2   2   0.00024     0.038   10.8   0.1   116   184   180   244   171   252 0.84 ACNH67_002419
ACNH67_004637-T1     -           2175 69033                -            488     0.032   11.0   0.2   1   4      0.38        60    0.2   0.0    13    82   351   424   343   565 0.70 ACNH67_004637
ACNH67_004637-T1     -           2175 69033                -            488     0.032   11.0   0.2   2   4       9.1   1.4e+03   -4.3   0.0   304   340   666   703   660   705 0.71 ACNH67_004637
ACNH67_004637-T1     -           2175 69033                -            488     0.032   11.0   0.2   3   4     0.017       2.6    4.7   0.0    25    45  1268  1290  1242  1303 0.70 ACNH67_004637
ACNH67_004637-T1     -           2175 69033                -            488     0.032   11.0   0.2   4   4      0.28        43    0.7   0.0   299   390  1553  1657  1535  1688 0.71 ACNH67_004637
ACNH67_000734-T1     -           1033 69033                -            488     0.068    9.9   0.0   1   1   0.00069      0.11    9.3   0.0   298   363   844   912   828   919 0.75 ACNH67_000734
#
# Program:         hmmsearch
# Version:         3.1b2 (February 2015)
# Pipeline mode:   SEARCH
# Query file:      /home/edouard/GregarineStuff/Lgryllorum_Genome_analysis/Funannotate/Run_v3/species_train/annotate_results/busco_downloads/lineages/apicomplexa_odb12/hmms/69033at5794.hmm
# Target file:     /home/edouard/GregarineStuff/Lgryllorum_Genome_analysis/Funannotate/Run_v3/species_train/annotate_results/Leidyana_gryllorum.proteins.fa
# Option settings: hmmsearch --domtblout /home/edouard/GregarineStuff/Lgryllorum_Genome_analysis/Funannotate/Run_v3/species_train/annotate_results/busco/run_apicomplexa_odb12/hmmer_output/initial_run_results/69033at5794.out --cpu 1 /home/edouard/GregarineStuff/Lgryllorum_Genome_analysis/Funannotate/Run_v3/species_train/annotate_results/busco_downloads/lineages/apicomplexa_odb12/hmms/69033at5794.hmm /home/edouard/GregarineStuff/Lgryllorum_Genome_analysis/Funannotate/Run_v3/species_train/annotate_results/Leidyana_gryllorum.proteins.fa 
# Current dir:     /home/edouard/GregarineStuff/Lgryllorum_Genome_analysis/Funannotate/Run_v3/species_train/annotate_results
# Date:            Tue Apr  1 17:39:22 2025
# [ok]
