#                                                                            --- full sequence --- -------------- this domain -------------   hmm coord   ali coord   env coord
# target name        accession   tlen query name           accession   qlen   E-value  score  bias   #  of  c-Evalue  i-Evalue  score  bias  from    to  from    to  from    to  acc description of target
#------------------- ---------- ----- -------------------- ---------- ----- --------- ------ ----- --- --- --------- --------- ------ ----- ----- ----- ----- ----- ----- ----- ---- ---------------------
ACNH67_004083-T1     -            458 69034                -            454  2.5e-218  723.5   1.9   1   1  4.5e-221  2.8e-218  723.4   1.9     4   443     7   449     4   458 0.98 ACNH67_004083
ACNH67_001661-T1     -            467 69034                -            454  3.9e-121  403.2   1.3   1   1  7.5e-124  4.7e-121  402.9   1.3    10   440    21   465    14   467 0.93 ACNH67_001661
ACNH67_004898-T1     -            637 69034                -            454   0.00022   18.3   0.0   1   2     0.016        10    3.0   0.0    63    87   304   325   297   329 0.82 ACNH67_004898
ACNH67_004898-T1     -            637 69034                -            454   0.00022   18.3   0.0   2   2   1.4e-05    0.0088   13.0   0.0    59   108   580   629   573   637 0.80 ACNH67_004898
ACNH67_001883-T1     -            573 69034                -            454    0.0022   15.0   0.0   1   2     0.014       8.6    3.2   0.0    70   114    18    62    15   100 0.75 ACNH67_001883
ACNH67_001883-T1     -            573 69034                -            454    0.0022   15.0   0.0   2   2   0.00018      0.11    9.4   0.0    58   109   279   329   274   339 0.80 ACNH67_001883
ACNH67_005194-T1     -            584 69034                -            454    0.0032   14.5   0.1   1   2   0.00017      0.11    9.4   0.0    61   118   172   230   151   237 0.83 ACNH67_005194
ACNH67_005194-T1     -            584 69034                -            454    0.0032   14.5   0.1   2   2      0.02        13    2.6   0.0   351   423   339   417   333   423 0.68 ACNH67_005194
ACNH67_000479-T1     -            398 69034                -            454    0.0038   14.2   0.0   1   1   9.3e-06    0.0058   13.6   0.0    62   100   174   211   166   272 0.88 ACNH67_000479
ACNH67_003933-T1     -            772 69034                -            454     0.006   13.6   0.0   1   2   0.00054      0.34    7.8   0.0    58    90   272   305   255   326 0.74 ACNH67_003933
ACNH67_003933-T1     -            772 69034                -            454     0.006   13.6   0.0   2   2     0.012       7.5    3.4   0.0    64   114   556   607   544   617 0.83 ACNH67_003933
ACNH67_001002-T1     -            453 69034                -            454     0.048   10.6   0.0   1   1   0.00017      0.11    9.5   0.0    61   100   229   267   184   281 0.80 ACNH67_001002
ACNH67_004164-T1     -            793 69034                -            454     0.057   10.4   0.0   1   1   0.00015     0.094    9.6   0.0    55   102   348   394   315   426 0.81 ACNH67_004164
#
# Program:         hmmsearch
# Version:         3.1b2 (February 2015)
# Pipeline mode:   SEARCH
# Query file:      /home/edouard/GregarineStuff/Lgryllorum_Genome_analysis/Funannotate/Run_v3/species_train/annotate_results/busco_downloads/lineages/apicomplexa_odb12/hmms/69034at5794.hmm
# Target file:     /home/edouard/GregarineStuff/Lgryllorum_Genome_analysis/Funannotate/Run_v3/species_train/annotate_results/Leidyana_gryllorum.proteins.fa
# Option settings: hmmsearch --domtblout /home/edouard/GregarineStuff/Lgryllorum_Genome_analysis/Funannotate/Run_v3/species_train/annotate_results/busco/run_apicomplexa_odb12/hmmer_output/initial_run_results/69034at5794.out --cpu 1 /home/edouard/GregarineStuff/Lgryllorum_Genome_analysis/Funannotate/Run_v3/species_train/annotate_results/busco_downloads/lineages/apicomplexa_odb12/hmms/69034at5794.hmm /home/edouard/GregarineStuff/Lgryllorum_Genome_analysis/Funannotate/Run_v3/species_train/annotate_results/Leidyana_gryllorum.proteins.fa 
# Current dir:     /home/edouard/GregarineStuff/Lgryllorum_Genome_analysis/Funannotate/Run_v3/species_train/annotate_results
# Date:            Tue Apr  1 17:39:23 2025
# [ok]
