#                                                                            --- full sequence --- -------------- this domain -------------   hmm coord   ali coord   env coord
# target name        accession   tlen query name           accession   qlen   E-value  score  bias   #  of  c-Evalue  i-Evalue  score  bias  from    to  from    to  from    to  acc description of target
#------------------- ---------- ----- -------------------- ---------- ----- --------- ------ ----- --- --- --------- --------- ------ ----- ----- ----- ----- ----- ----- ----- ---- ---------------------
ACNH67_004294-T1     -            382 69048                -            287    1e-124  413.6   0.5   1   3       7.8   4.4e+03   -5.2   5.7     8    33    21    46    14    49 0.71 ACNH67_004294
ACNH67_004294-T1     -            382 69048                -            287    1e-124  413.6   0.5   2   3  1.9e-106  1.1e-103  344.6   0.1    11   184    57   232    51   236 0.95 ACNH67_004294
ACNH67_004294-T1     -            382 69048                -            287    1e-124  413.6   0.5   3   3   2.7e-24   1.5e-21   75.1   0.0   184   285   266   369   259   371 0.90 ACNH67_004294
ACNH67_001293-T1     -            621 69048                -            287   3.6e-10   37.7   0.0   1   2   9.9e-11   5.6e-08   30.5   0.0    84   186    70   169    63   174 0.84 ACNH67_001293
ACNH67_001293-T1     -            621 69048                -            287   3.6e-10   37.7   0.0   2   2    0.0099       5.6    4.3   0.0   183   273   393   478   386   484 0.78 ACNH67_001293
ACNH67_004858-T1     -            401 69048                -            287   4.8e-10   37.3   0.0   1   1   1.7e-12   9.5e-10   36.3   0.0    87   180   231   320   222   336 0.82 ACNH67_004858
ACNH67_004592-T1     -            718 69048                -            287   5.7e-07   27.2   0.0   1   4     0.083        47    1.2   0.0   221   273    37    86    12    92 0.78 ACNH67_004592
ACNH67_004592-T1     -            718 69048                -            287   5.7e-07   27.2   0.0   2   4   0.00024      0.13    9.6   0.0   203   281   210   286   176   292 0.84 ACNH67_004592
ACNH67_004592-T1     -            718 69048                -            287   5.7e-07   27.2   0.0   3   4      0.62   3.5e+02   -1.6   0.0   245   273   448   476   441   487 0.86 ACNH67_004592
ACNH67_004592-T1     -            718 69048                -            287   5.7e-07   27.2   0.0   4   4   0.00017     0.099   10.0   0.0   138   264   571   701   565   715 0.69 ACNH67_004592
ACNH67_001306-T1     -            377 69048                -            287   9.4e-07   26.5   0.0   1   3      0.49   2.7e+02   -1.3   0.0    88   123     8    43     7    46 0.85 ACNH67_001306
ACNH67_001306-T1     -            377 69048                -            287   9.4e-07   26.5   0.0   2   3    0.0075       4.2    4.7   0.0   139   172    74   107    61   114 0.86 ACNH67_001306
ACNH67_001306-T1     -            377 69048                -            287   9.4e-07   26.5   0.0   3   3   4.8e-07   0.00027   18.4   0.0   183   272   266   358   256   368 0.85 ACNH67_001306
ACNH67_004797-T1     -            396 69048                -            287   2.1e-06   25.4   0.0   1   3     0.025        14    3.0   0.0   138   171    65    98    59   120 0.77 ACNH67_004797
ACNH67_004797-T1     -            396 69048                -            287   2.1e-06   25.4   0.0   2   3     0.023        13    3.1   0.0   138   173   167   203   161   220 0.80 ACNH67_004797
ACNH67_004797-T1     -            396 69048                -            287   2.1e-06   25.4   0.0   3   3   4.1e-06    0.0023   15.4   0.0   181   285   295   395   289   396 0.85 ACNH67_004797
ACNH67_004857-T1     -            181 69048                -            287   3.6e-06   24.6   0.0   1   1   8.7e-09   4.9e-06   24.1   0.0   202   281     2    83     1    87 0.88 ACNH67_004857
ACNH67_004212-T1     -            275 69048                -            287    0.0053   14.2   0.0   1   1   1.4e-05    0.0078   13.6   0.0   138   170   120   153   108   178 0.85 ACNH67_004212
ACNH67_000399-T1     -            286 69048                -            287    0.0054   14.2   0.0   1   1   1.6e-05     0.009   13.4   0.0   203   274    76   143    44   154 0.88 ACNH67_000399
ACNH67_002129-T1     -            163 69048                -            287      0.12    9.8   1.3   1   2       1.3   7.2e+02   -2.7   1.0    18    33    19    34    13    54 0.63 ACNH67_002129
ACNH67_002129-T1     -            163 69048                -            287      0.12    9.8   1.3   2   2   0.00022      0.12    9.7   0.0   125   154   102   133    99   148 0.86 ACNH67_002129
#
# Program:         hmmsearch
# Version:         3.1b2 (February 2015)
# Pipeline mode:   SEARCH
# Query file:      /home/edouard/GregarineStuff/Lgryllorum_Genome_analysis/Funannotate/Run_v3/species_train/annotate_results/busco_downloads/lineages/apicomplexa_odb12/hmms/69048at5794.hmm
# Target file:     /home/edouard/GregarineStuff/Lgryllorum_Genome_analysis/Funannotate/Run_v3/species_train/annotate_results/Leidyana_gryllorum.proteins.fa
# Option settings: hmmsearch --domtblout /home/edouard/GregarineStuff/Lgryllorum_Genome_analysis/Funannotate/Run_v3/species_train/annotate_results/busco/run_apicomplexa_odb12/hmmer_output/initial_run_results/69048at5794.out --cpu 1 /home/edouard/GregarineStuff/Lgryllorum_Genome_analysis/Funannotate/Run_v3/species_train/annotate_results/busco_downloads/lineages/apicomplexa_odb12/hmms/69048at5794.hmm /home/edouard/GregarineStuff/Lgryllorum_Genome_analysis/Funannotate/Run_v3/species_train/annotate_results/Leidyana_gryllorum.proteins.fa 
# Current dir:     /home/edouard/GregarineStuff/Lgryllorum_Genome_analysis/Funannotate/Run_v3/species_train/annotate_results
# Date:            Tue Apr  1 17:39:24 2025
# [ok]
