#                                                                            --- full sequence --- -------------- this domain -------------   hmm coord   ali coord   env coord
# target name        accession   tlen query name           accession   qlen   E-value  score  bias   #  of  c-Evalue  i-Evalue  score  bias  from    to  from    to  from    to  acc description of target
#------------------- ---------- ----- -------------------- ---------- ----- --------- ------ ----- --- --- --------- --------- ------ ----- ----- ----- ----- ----- ----- ----- ---- ---------------------
ACNH67_003081-T1     -            393 69047                -            353   1.2e-92  309.2   8.2   1   2   7.7e-29   2.6e-26   91.1   0.1     2   200     4   211     3   220 0.84 ACNH67_003081
ACNH67_003081-T1     -            393 69047                -            353   1.2e-92  309.2   8.2   2   2   6.2e-68   2.1e-65  219.7   6.2   177   353   215   393   206   393 0.91 ACNH67_003081
ACNH67_005544-T1     -            617 69047                -            353   9.4e-09   33.4   0.0   1   3   1.9e-05    0.0063   14.2   0.0    51   180    75   219    43   225 0.61 ACNH67_005544
ACNH67_005544-T1     -            617 69047                -            353   9.4e-09   33.4   0.0   2   3   0.00043      0.14    9.7   0.0    98   149   333   388   300   427 0.72 ACNH67_005544
ACNH67_005544-T1     -            617 69047                -            353   9.4e-09   33.4   0.0   3   3    0.0084       2.8    5.5   0.0    92   168   531   616   450   617 0.69 ACNH67_005544
ACNH67_000556-T1     -            751 69047                -            353   1.3e-06   26.3   0.0   1   3   0.00028     0.093   10.3   0.0    49   159   212   332   181   357 0.69 ACNH67_000556
ACNH67_000556-T1     -            751 69047                -            353   1.3e-06   26.3   0.0   2   3     0.014       4.8    4.7   0.0   123   177   492   550   451   596 0.77 ACNH67_000556
ACNH67_000556-T1     -            751 69047                -            353   1.3e-06   26.3   0.0   3   3     0.002      0.68    7.5   0.0    62   167   636   746   630   750 0.75 ACNH67_000556
ACNH67_005542-T1     -            645 69047                -            353   3.2e-05   21.7   0.0   1   3   0.00064      0.21    9.2   0.0    51   188    98   240    49   249 0.55 ACNH67_005542
ACNH67_005542-T1     -            645 69047                -            353   3.2e-05   21.7   0.0   2   3    0.0032       1.1    6.8   0.0   123   151   385   413   352   443 0.81 ACNH67_005542
ACNH67_005542-T1     -            645 69047                -            353   3.2e-05   21.7   0.0   3   3      0.12        39    1.7   0.0    50   148   508   616   466   644 0.65 ACNH67_005542
ACNH67_004780-T1     -            202 69047                -            353   0.00019   19.2   0.0   1   1   5.7e-07   0.00019   19.2   0.0   101   177   114   199    29   202 0.70 ACNH67_004780
ACNH67_005545-T1     -            620 69047                -            353   0.00026   18.8   0.0   1   3     0.039        13    3.3   0.0   125   159   155   189   139   221 0.73 ACNH67_005545
ACNH67_005545-T1     -            620 69047                -            353   0.00026   18.8   0.0   2   3   0.00032      0.11   10.1   0.0    44   172   270   414   256   427 0.61 ACNH67_005545
ACNH67_005545-T1     -            620 69047                -            353   0.00026   18.8   0.0   3   3      0.17        56    1.2   0.0   114   149   559   594   548   618 0.73 ACNH67_005545
ACNH67_005548-T1     -            619 69047                -            353   0.00026   18.7   0.0   1   3    0.0031         1    6.9   0.0   105   159   115   167    45   174 0.66 ACNH67_005548
ACNH67_005548-T1     -            619 69047                -            353   0.00026   18.7   0.0   2   3    0.0027      0.91    7.1   0.0   116   169   332   392   299   406 0.70 ACNH67_005548
ACNH67_005548-T1     -            619 69047                -            353   0.00026   18.7   0.0   3   3      0.26        85    0.6   0.0   125   176   545   595   529   613 0.69 ACNH67_005548
ACNH67_000035-T1     -            316 69047                -            353    0.0032   15.1   0.1   1   1   1.4e-05    0.0046   14.6   0.1   115   168    28    85    13   131 0.60 ACNH67_000035
ACNH67_004781-T1     -            203 69047                -            353    0.0099   13.5   0.0   1   1     3e-05      0.01   13.5   0.0   102   177   115   199    52   203 0.78 ACNH67_004781
ACNH67_003566-T1     -            216 69047                -            353     0.013   13.1   0.0   1   1   4.3e-05     0.014   13.0   0.0    49   162    73   194    24   216 0.64 ACNH67_003566
ACNH67_005541-T1     -            644 69047                -            353     0.013   13.1   0.0   1   3      0.27        89    0.5   0.0   125   178   180   239   162   245 0.76 ACNH67_005541
ACNH67_005541-T1     -            644 69047                -            353     0.013   13.1   0.0   2   3    0.0011      0.36    8.4   0.0   108   147   365   408   335   441 0.72 ACNH67_005541
ACNH67_005541-T1     -            644 69047                -            353     0.013   13.1   0.0   3   3      0.59     2e+02   -0.6   0.0   104   167   567   640   521   644 0.73 ACNH67_005541
ACNH67_001146-T1     -            260 69047                -            353     0.015   13.0   1.0   1   2    0.0001     0.035   11.7   0.0   115   187    15    89     8   110 0.68 ACNH67_001146
ACNH67_001146-T1     -            260 69047                -            353     0.015   13.0   1.0   2   2         1   3.4e+02   -1.4   1.0   171   198   124   145   116   166 0.47 ACNH67_001146
ACNH67_005543-T1     -            646 69047                -            353     0.016   12.9   0.0   1   3     0.047        16    3.0   0.0    87   151   124   189    70   222 0.64 ACNH67_005543
ACNH67_005543-T1     -            646 69047                -            353     0.016   12.9   0.0   2   3    0.0049       1.6    6.2   0.0   125   169   365   416   351   432 0.70 ACNH67_005543
ACNH67_005543-T1     -            646 69047                -            353     0.016   12.9   0.0   3   3         1   3.4e+02   -1.4   0.0   124   167   570   618   555   628 0.72 ACNH67_005543
ACNH67_003565-T1     -            207 69047                -            353      0.02   12.5   0.0   1   1   6.9e-05     0.023   12.3   0.0    52   160    59   177    36   207 0.59 ACNH67_003565
ACNH67_000101-T1     -            750 69047                -            353     0.021   12.4   0.0   1   1   0.00014     0.045   11.4   0.0   107   204    88   190    58   199 0.79 ACNH67_000101
ACNH67_005549-T1     -            796 69047                -            353     0.055   11.1   0.3   1   2         2   6.6e+02   -2.3   0.2   148   202   131   187   117   192 0.52 ACNH67_005549
ACNH67_005549-T1     -            796 69047                -            353     0.055   11.1   0.3   2   2   0.00048      0.16    9.6   0.0   110   176   712   785   704   795 0.67 ACNH67_005549
ACNH67_005547-T1     -            619 69047                -            353     0.069   10.8   0.0   1   3     0.027       9.1    3.8   0.0   108   171   137   202    42   223 0.66 ACNH67_005547
ACNH67_005547-T1     -            619 69047                -            353     0.069   10.8   0.0   2   3     0.024       8.1    4.0   0.0   108   143   341   380   317   423 0.62 ACNH67_005547
ACNH67_005547-T1     -            619 69047                -            353     0.069   10.8   0.0   3   3       2.3   7.7e+02   -2.5   0.0   183   213   529   559   517   564 0.76 ACNH67_005547
#
# Program:         hmmsearch
# Version:         3.1b2 (February 2015)
# Pipeline mode:   SEARCH
# Query file:      /home/edouard/GregarineStuff/Lgryllorum_Genome_analysis/Funannotate/Run_v3/species_train/annotate_results/busco_downloads/lineages/apicomplexa_odb12/hmms/69047at5794.hmm
# Target file:     /home/edouard/GregarineStuff/Lgryllorum_Genome_analysis/Funannotate/Run_v3/species_train/annotate_results/Leidyana_gryllorum.proteins.fa
# Option settings: hmmsearch --domtblout /home/edouard/GregarineStuff/Lgryllorum_Genome_analysis/Funannotate/Run_v3/species_train/annotate_results/busco/run_apicomplexa_odb12/hmmer_output/initial_run_results/69047at5794.out --cpu 1 /home/edouard/GregarineStuff/Lgryllorum_Genome_analysis/Funannotate/Run_v3/species_train/annotate_results/busco_downloads/lineages/apicomplexa_odb12/hmms/69047at5794.hmm /home/edouard/GregarineStuff/Lgryllorum_Genome_analysis/Funannotate/Run_v3/species_train/annotate_results/Leidyana_gryllorum.proteins.fa 
# Current dir:     /home/edouard/GregarineStuff/Lgryllorum_Genome_analysis/Funannotate/Run_v3/species_train/annotate_results
# Date:            Tue Apr  1 17:39:24 2025
# [ok]
