#                                                                            --- full sequence --- -------------- this domain -------------   hmm coord   ali coord   env coord
# target name        accession   tlen query name           accession   qlen   E-value  score  bias   #  of  c-Evalue  i-Evalue  score  bias  from    to  from    to  from    to  acc description of target
#------------------- ---------- ----- -------------------- ---------- ----- --------- ------ ----- --- --- --------- --------- ------ ----- ----- ----- ----- ----- ----- ----- ---- ---------------------
ACNH67_004915-T1     -            265 69043                -            529  6.9e-127  422.6   3.7   1   1  1.4e-129  8.1e-127  422.3   3.7     6   251     5   251     1   258 0.96 ACNH67_004915
ACNH67_004914-T1     -            252 69043                -            529  2.6e-115  384.4   0.7   1   1  5.1e-118  2.9e-115  384.2   0.7   281   528     1   251     1   252 0.98 ACNH67_004914
ACNH67_002988-T1     -           1169 69043                -            529  1.2e-107  359.0   7.2   1   1  3.2e-110  1.8e-107  358.5   7.2     9   525   619  1143   615  1146 0.94 ACNH67_002988
ACNH67_004156-T1     -            531 69043                -            529  1.3e-107  359.0   9.1   1   1    3e-110  1.7e-107  358.6   9.1    24   525    16   522     6   525 0.93 ACNH67_004156
ACNH67_000947-T1     -            553 69043                -            529  3.6e-103  344.3   4.5   1   1  8.9e-106    5e-103  343.8   4.5    22   525    15   543    12   547 0.89 ACNH67_000947
ACNH67_001451-T1     -            487 69043                -            529  1.9e-102  341.9  16.3   1   1  3.7e-105  2.1e-102  341.8  16.3    52   525     1   485     1   487 0.93 ACNH67_001451
ACNH67_000390-T1     -            572 69043                -            529   5.2e-91  304.2   6.6   1   1   1.6e-93   9.3e-91  303.4   6.6     5   526     6   552     3   555 0.87 ACNH67_000390
ACNH67_001629-T1     -            552 69043                -            529   2.5e-74  249.1   0.7   1   1   5.7e-77   3.2e-74  248.8   0.7    25   526    16   545     9   548 0.88 ACNH67_001629
ACNH67_000500-T1     -            563 69043                -            529   2.2e-61  206.4   4.2   1   1   7.7e-64   4.4e-61  205.4   4.2    24   487    21   482     9   541 0.86 ACNH67_000500
ACNH67_004984-T1     -            559 69043                -            529   8.7e-20   69.1   6.0   1   3   2.8e-14   1.6e-11   41.9   0.4    25   171    30   179    22   215 0.78 ACNH67_004984
ACNH67_004984-T1     -            559 69043                -            529   8.7e-20   69.1   6.0   2   3     0.024        14    2.5   0.1   321   371   309   359   285   384 0.76 ACNH67_004984
ACNH67_004984-T1     -            559 69043                -            529   8.7e-20   69.1   6.0   3   3   1.2e-09   6.8e-07   26.6   0.1   377   514   402   535   381   548 0.77 ACNH67_004984
#
# Program:         hmmsearch
# Version:         3.1b2 (February 2015)
# Pipeline mode:   SEARCH
# Query file:      /home/edouard/GregarineStuff/Lgryllorum_Genome_analysis/Funannotate/Run_v3/species_train/annotate_results/busco_downloads/lineages/apicomplexa_odb12/hmms/69043at5794.hmm
# Target file:     /home/edouard/GregarineStuff/Lgryllorum_Genome_analysis/Funannotate/Run_v3/species_train/annotate_results/Leidyana_gryllorum.proteins.fa
# Option settings: hmmsearch --domtblout /home/edouard/GregarineStuff/Lgryllorum_Genome_analysis/Funannotate/Run_v3/species_train/annotate_results/busco/run_apicomplexa_odb12/hmmer_output/initial_run_results/69043at5794.out --cpu 1 /home/edouard/GregarineStuff/Lgryllorum_Genome_analysis/Funannotate/Run_v3/species_train/annotate_results/busco_downloads/lineages/apicomplexa_odb12/hmms/69043at5794.hmm /home/edouard/GregarineStuff/Lgryllorum_Genome_analysis/Funannotate/Run_v3/species_train/annotate_results/Leidyana_gryllorum.proteins.fa 
# Current dir:     /home/edouard/GregarineStuff/Lgryllorum_Genome_analysis/Funannotate/Run_v3/species_train/annotate_results
# Date:            Tue Apr  1 17:39:23 2025
# [ok]
