#                                                                            --- full sequence --- -------------- this domain -------------   hmm coord   ali coord   env coord
# target name        accession   tlen query name           accession   qlen   E-value  score  bias   #  of  c-Evalue  i-Evalue  score  bias  from    to  from    to  from    to  acc description of target
#------------------- ---------- ----- -------------------- ---------- ----- --------- ------ ----- --- --- --------- --------- ------ ----- ----- ----- ----- ----- ----- ----- ---- ---------------------
ACNH67_001542-T1     -            591 69121                -            470  4.2e-137  455.9   7.6   1   2  4.9e-118  1.5e-115  384.8   1.1     7   388    63   469    57   477 0.86 ACNH67_001542
ACNH67_001542-T1     -            591 69121                -            470  4.2e-137  455.9   7.6   2   2   3.8e-24   1.2e-21   75.2   2.8   353   466   464   576   461   578 0.90 ACNH67_001542
ACNH67_001543-T1     -            566 69121                -            470  8.2e-126  418.6   3.6   1   2  4.2e-111  1.3e-108  361.9   0.8    23   389    32   418    10   427 0.84 ACNH67_001543
ACNH67_001543-T1     -            566 69121                -            470  8.2e-126  418.6   3.6   2   2   9.4e-19     3e-16   57.4   0.1   384   464   466   546   455   551 0.92 ACNH67_001543
ACNH67_004451-T1     -            282 69121                -            470   3.1e-23   80.4   1.2   1   1   1.3e-25     4e-23   80.1   1.2   159   232    38   112    27   126 0.91 ACNH67_004451
ACNH67_003236-T1     -            412 69121                -            470   8.9e-21   72.3   0.0   1   1   4.1e-23   1.3e-20   71.8   0.0   153   245    20   111    14   114 0.91 ACNH67_003236
ACNH67_001630-T1     -            355 69121                -            470   3.3e-20   70.4   1.7   1   1   1.3e-22   4.2e-20   70.1   1.7   160   228     3    76     1    79 0.87 ACNH67_001630
ACNH67_005124-T1     -            400 69121                -            470   2.9e-19   67.3   0.2   1   1   1.6e-21   4.9e-19   66.6   0.2   138   228    85   177    67   206 0.85 ACNH67_005124
ACNH67_005458-T1     -            244 69121                -            470   1.2e-16   58.7   1.0   1   2   3.9e-19   1.2e-16   58.7   1.0   161   222     6    68     3    75 0.93 ACNH67_005458
ACNH67_005458-T1     -            244 69121                -            470   1.2e-16   58.7   1.0   2   2      0.64     2e+02   -1.4   0.2   280   308   192   220   171   238 0.66 ACNH67_005458
ACNH67_000478-T1     -            404 69121                -            470   5.8e-16   56.4   0.1   1   1   2.6e-18   8.1e-16   56.0   0.1   159   224     7    75     2    79 0.91 ACNH67_000478
ACNH67_004239-T1     -            727 69121                -            470   4.5e-15   53.5   0.1   1   1   2.3e-17   7.3e-15   52.8   0.1   147   225   154   236   147   246 0.86 ACNH67_004239
ACNH67_001899-T1     -            625 69121                -            470   1.2e-13   48.8   0.1   1   1     6e-16   1.9e-13   48.2   0.1   161   225   131   197   120   206 0.89 ACNH67_001899
ACNH67_002391-T1     -            565 69121                -            470   1.4e-12   45.3   0.1   1   1   9.8e-15   3.1e-12   44.1   0.1   160   223     5    71     2    75 0.90 ACNH67_002391
ACNH67_005120-T1     -            577 69121                -            470   1.1e-11   42.3   0.3   1   1   5.3e-14   1.7e-11   41.7   0.3   161   229    28    99    24   102 0.90 ACNH67_005120
ACNH67_001104-T1     -            627 69121                -            470   5.8e-09   33.3   0.2   1   1   1.8e-11   5.8e-09   33.3   0.2   127   222    65   179    58   181 0.67 ACNH67_001104
ACNH67_001062-T1     -           1824 69121                -            470   3.3e-07   27.6   0.0   1   1   1.7e-09   5.2e-07   26.9   0.0   161   225    55   120    50   127 0.93 ACNH67_001062
ACNH67_001064-T1     -            322 69121                -            470     4e-07   27.3   0.2   1   2   1.3e-09     4e-07   27.3   0.2   163   222   185   245   170   254 0.88 ACNH67_001064
ACNH67_001064-T1     -            322 69121                -            470     4e-07   27.3   0.2   2   2      0.44   1.4e+02   -0.9   0.3   415   449   250   284   245   308 0.64 ACNH67_001064
ACNH67_005070-T1     -            143 69121                -            470   3.4e-06   24.2   0.0   1   1   1.2e-08   3.9e-06   24.0   0.0   163   198    29    64    13    83 0.86 ACNH67_005070
ACNH67_000451-T1     -            916 69121                -            470   1.3e-05   22.3   0.8   1   2   1.2e-07   3.9e-05   20.7   0.0   169   223    32    88    26    91 0.88 ACNH67_000451
ACNH67_000451-T1     -            916 69121                -            470   1.3e-05   22.3   0.8   2   2      0.51   1.6e+02   -1.1   0.1   133   169   163   199   154   203 0.68 ACNH67_000451
ACNH67_003934-T1     -           4208 69121                -            470     0.025   11.4   0.7   1   1   0.00013     0.042   10.7   0.7    34    96  3968  4035  3951  4043 0.79 ACNH67_003934
#
# Program:         hmmsearch
# Version:         3.1b2 (February 2015)
# Pipeline mode:   SEARCH
# Query file:      /home/edouard/GregarineStuff/Lgryllorum_Genome_analysis/Funannotate/Run_v3/species_train/annotate_results/busco_downloads/lineages/apicomplexa_odb12/hmms/69121at5794.hmm
# Target file:     /home/edouard/GregarineStuff/Lgryllorum_Genome_analysis/Funannotate/Run_v3/species_train/annotate_results/Leidyana_gryllorum.proteins.fa
# Option settings: hmmsearch --domtblout /home/edouard/GregarineStuff/Lgryllorum_Genome_analysis/Funannotate/Run_v3/species_train/annotate_results/busco/run_apicomplexa_odb12/hmmer_output/initial_run_results/69121at5794.out --cpu 1 /home/edouard/GregarineStuff/Lgryllorum_Genome_analysis/Funannotate/Run_v3/species_train/annotate_results/busco_downloads/lineages/apicomplexa_odb12/hmms/69121at5794.hmm /home/edouard/GregarineStuff/Lgryllorum_Genome_analysis/Funannotate/Run_v3/species_train/annotate_results/Leidyana_gryllorum.proteins.fa 
# Current dir:     /home/edouard/GregarineStuff/Lgryllorum_Genome_analysis/Funannotate/Run_v3/species_train/annotate_results
# Date:            Tue Apr  1 17:39:27 2025
# [ok]
