#                                                                            --- full sequence --- -------------- this domain -------------   hmm coord   ali coord   env coord
# target name        accession   tlen query name           accession   qlen   E-value  score  bias   #  of  c-Evalue  i-Evalue  score  bias  from    to  from    to  from    to  acc description of target
#------------------- ---------- ----- -------------------- ---------- ----- --------- ------ ----- --- --- --------- --------- ------ ----- ----- ----- ----- ----- ----- ----- ---- ---------------------
ACNH67_003867-T1     -            986 69136                -            695  2.4e-196  652.1   0.0   1   1  2.6e-199    5e-196  651.1   0.0     7   691   224   968   218   971 0.90 ACNH67_003867
ACNH67_003637-T1     -           1013 69136                -            695   1.6e-36  123.8   0.1   1   4       0.1   1.9e+02   -2.0   0.0    20    52     4    36     2    39 0.91 ACNH67_003637
ACNH67_003637-T1     -           1013 69136                -            695   1.6e-36  123.8   0.1   2   4     3e-08   5.7e-05   19.6   0.8    62   120    73   130    64   137 0.80 ACNH67_003637
ACNH67_003637-T1     -           1013 69136                -            695   1.6e-36  123.8   0.1   3   4     2e-08   3.8e-05   20.2   0.1   122   212   206   301   198   350 0.82 ACNH67_003637
ACNH67_003637-T1     -           1013 69136                -            695   1.6e-36  123.8   0.1   4   4   1.4e-25   2.7e-22   76.8   0.0   314   671   453   859   426   868 0.75 ACNH67_003637
ACNH67_003162-T1     -            875 69136                -            695   2.1e-22   77.2   0.1   1   2   5.1e-12   9.6e-09   32.0   0.1    23   187   126   282   108   289 0.84 ACNH67_003162
ACNH67_003162-T1     -            875 69136                -            695   2.1e-22   77.2   0.1   2   2   5.4e-15     1e-11   41.9   0.0   212   596   334   774   329   778 0.70 ACNH67_003162
#
# Program:         hmmsearch
# Version:         3.1b2 (February 2015)
# Pipeline mode:   SEARCH
# Query file:      /home/edouard/GregarineStuff/Lgryllorum_Genome_analysis/Funannotate/Run_v3/species_train/annotate_results/busco_downloads/lineages/apicomplexa_odb12/hmms/69136at5794.hmm
# Target file:     /home/edouard/GregarineStuff/Lgryllorum_Genome_analysis/Funannotate/Run_v3/species_train/annotate_results/Leidyana_gryllorum.proteins.fa
# Option settings: hmmsearch --domtblout /home/edouard/GregarineStuff/Lgryllorum_Genome_analysis/Funannotate/Run_v3/species_train/annotate_results/busco/run_apicomplexa_odb12/hmmer_output/initial_run_results/69136at5794.out --cpu 1 /home/edouard/GregarineStuff/Lgryllorum_Genome_analysis/Funannotate/Run_v3/species_train/annotate_results/busco_downloads/lineages/apicomplexa_odb12/hmms/69136at5794.hmm /home/edouard/GregarineStuff/Lgryllorum_Genome_analysis/Funannotate/Run_v3/species_train/annotate_results/Leidyana_gryllorum.proteins.fa 
# Current dir:     /home/edouard/GregarineStuff/Lgryllorum_Genome_analysis/Funannotate/Run_v3/species_train/annotate_results
# Date:            Tue Apr  1 17:39:28 2025
# [ok]
