#                                                                            --- full sequence --- -------------- this domain -------------   hmm coord   ali coord   env coord
# target name        accession   tlen query name           accession   qlen   E-value  score  bias   #  of  c-Evalue  i-Evalue  score  bias  from    to  from    to  from    to  acc description of target
#------------------- ---------- ----- -------------------- ---------- ----- --------- ------ ----- --- --- --------- --------- ------ ----- ----- ----- ----- ----- ----- ----- ---- ---------------------
ACNH67_004479-T1     -            651 69177                -            621         0 1094.4  14.6   1   1         0         0 1094.2  14.6     4   618    23   648    20   651 0.96 ACNH67_004479
ACNH67_003957-T1     -            641 69177                -            621  2.7e-283  939.0  10.2   1   1  1.7e-285  3.3e-283  938.7  10.2     6   609     3   613     1   618 0.98 ACNH67_003957
ACNH67_003960-T1     -            644 69177                -            621  2.6e-280  929.1  10.7   1   1  1.6e-282  3.1e-280  928.9  10.7     7   608     5   613     1   618 0.97 ACNH67_003960
ACNH67_003352-T1     -            603 69177                -            621  1.1e-203  676.0   5.2   1   1    7e-206  1.3e-203  675.7   5.2    26   608     4   582     1   596 0.92 ACNH67_003352
ACNH67_003958-T1     -            554 69177                -            621  8.7e-160  531.0   0.1   1   1  5.7e-162  1.1e-159  530.7   0.1     5   496     2   499     1   512 0.96 ACNH67_003958
ACNH67_000325-T1     -            533 69177                -            621  8.4e-123  408.8   0.6   1   1  5.2e-125  9.8e-123  408.6   0.6     5   516     5   528     1   533 0.92 ACNH67_000325
ACNH67_000327-T1     -            563 69177                -            621   4.3e-96  320.6   0.0   1   1   2.9e-98   5.5e-96  320.2   0.0     6   513     7   524     3   547 0.89 ACNH67_000327
ACNH67_004684-T1     -            509 69177                -            621   3.2e-94  314.4   0.1   1   1   2.1e-96     4e-94  314.1   0.1     7   484     9   493     3   501 0.94 ACNH67_004684
ACNH67_000326-T1     -            558 69177                -            621   2.8e-75  251.8   0.0   1   1   1.9e-77   3.6e-75  251.5   0.0     7   495     6   498     4   521 0.89 ACNH67_000326
ACNH67_004037-T1     -            737 69177                -            621   2.6e-69  232.1   5.3   1   3   6.1e-69   1.1e-66  223.4   0.3     7   408     2   417     1   434 0.90 ACNH67_004037
ACNH67_004037-T1     -            737 69177                -            621   2.6e-69  232.1   5.3   2   3      0.11        21    1.2   0.1   461   516   492   548   488   559 0.69 ACNH67_004037
ACNH67_004037-T1     -            737 69177                -            621   2.6e-69  232.1   5.3   3   3   0.00054       0.1    8.9   0.2   495   608   561   673   544   686 0.84 ACNH67_004037
ACNH67_003963-T1     -            406 69177                -            621   2.4e-68  228.9   0.0   1   1   1.5e-70   2.8e-68  228.7   0.0     8   378     5   385     1   404 0.93 ACNH67_003963
ACNH67_003959-T1     -            254 69177                -            621   3.7e-63  211.8   0.2   1   1   2.4e-65   4.5e-63  211.5   0.2   168   386     1   215     1   237 0.92 ACNH67_003959
ACNH67_001489-T1     -            607 69177                -            621   2.9e-62  208.9   0.0   1   1   1.9e-64   3.6e-62  208.5   0.0     5   513     3   515     1   526 0.91 ACNH67_001489
ACNH67_000324-T1     -            502 69177                -            621   1.7e-60  203.1   0.0   1   1   1.1e-62   2.1e-60  202.7   0.0     9   378     5   388     2   399 0.90 ACNH67_000324
ACNH67_000328-T1     -            757 69177                -            621   6.1e-60  201.2   0.0   1   2   6.7e-39   1.3e-36  124.2   0.0     9   372    12   391     8   398 0.88 ACNH67_000328
ACNH67_000328-T1     -            757 69177                -            621   6.1e-60  201.2   0.0   2   2   6.4e-24   1.2e-21   74.7   0.0   357   594   485   724   481   732 0.88 ACNH67_000328
ACNH67_004926-T1     -            560 69177                -            621   1.6e-58  196.5   0.0   1   1   9.9e-61   1.9e-58  196.3   0.0     6   515     4   506     1   535 0.92 ACNH67_004926
ACNH67_004927-T1     -            638 69177                -            621   1.1e-57  193.7   0.0   1   1   7.5e-60   1.4e-57  193.4   0.0     3   506     4   498     2   522 0.90 ACNH67_004927
ACNH67_004924-T1     -            653 69177                -            621   5.2e-53  178.3   0.0   1   2   1.1e-54     2e-52  176.3   0.0     6   382     2   387     1   436 0.87 ACNH67_004924
ACNH67_004924-T1     -            653 69177                -            621   5.2e-53  178.3   0.0   2   2      0.44        84   -0.8   0.0   529   603   512   584   500   588 0.86 ACNH67_004924
ACNH67_004931-T1     -            466 69177                -            621   1.1e-41  140.8   0.0   1   1   8.1e-44   1.5e-41  140.4   0.0   111   511     6   410     3   431 0.91 ACNH67_004931
ACNH67_004925-T1     -            550 69177                -            621   7.3e-38  128.2   0.0   1   1   1.2e-39   2.3e-37  126.6   0.0     6   484     4   478     1   486 0.83 ACNH67_004925
ACNH67_004929-T1     -            548 69177                -            621   7.7e-35  118.3   0.0   1   1     5e-37   9.5e-35  118.0   0.0     5   392     3   387     1   419 0.87 ACNH67_004929
ACNH67_003707-T1     -           1368 69177                -            621   1.6e-32  110.6   0.1   1   3   7.8e-17   1.5e-14   51.3   0.0     6   187    28   224    24   229 0.86 ACNH67_003707
ACNH67_003707-T1     -           1368 69177                -            621   1.6e-32  110.6   0.1   2   3   1.4e-14   2.6e-12   43.8   0.0   223   381   299   479   289   492 0.75 ACNH67_003707
ACNH67_003707-T1     -           1368 69177                -            621   1.6e-32  110.6   0.1   3   3   0.00023     0.043   10.1   0.4   520   601   755   839   740   856 0.72 ACNH67_003707
ACNH67_004930-T1     -            568 69177                -            621   1.7e-31  107.2   0.0   1   2   8.9e-22   1.7e-19   67.6   0.0     5   183     3   180     1   205 0.90 ACNH67_004930
ACNH67_004930-T1     -            568 69177                -            621   1.7e-31  107.2   0.0   2   2   1.1e-12     2e-10   37.6   0.0   296   510   307   516   264   544 0.80 ACNH67_004930
ACNH67_004289-T1     -            687 69177                -            621   8.8e-30  101.6   0.0   1   1   6.6e-32   1.3e-29  101.0   0.0     9   374     7   376     3   447 0.85 ACNH67_004289
ACNH67_002290-T1     -            767 69177                -            621     1e-13   48.5   0.0   1   1   8.9e-16   1.7e-13   47.8   0.0    42   377    19   353    12   367 0.76 ACNH67_002290
ACNH67_004169-T1     -            524 69177                -            621   1.7e-11   41.2   0.0   1   2   9.8e-05     0.018   11.3   0.0    87   177    32   125    24   138 0.78 ACNH67_004169
ACNH67_004169-T1     -            524 69177                -            621   1.7e-11   41.2   0.0   2   2   9.4e-10   1.8e-07   27.9   0.0   294   423   251   385   232   424 0.86 ACNH67_004169
ACNH67_004168-T1     -            477 69177                -            621     1e-09   35.3   0.0   1   2      0.27        50   -0.0   0.0   127   182    75   130    62   153 0.81 ACNH67_004168
ACNH67_004168-T1     -            477 69177                -            621     1e-09   35.3   0.0   2   2   3.3e-11   6.2e-09   32.7   0.0   294   422   234   368   216   433 0.66 ACNH67_004168
ACNH67_002163-T1     -            520 69177                -            621     1e-05   22.1   0.0   1   2       1.4   2.6e+02   -2.4   0.0    41    85    28    74    26    95 0.76 ACNH67_002163
ACNH67_002163-T1     -            520 69177                -            621     1e-05   22.1   0.0   2   2   1.3e-07   2.5e-05   20.8   0.0   279   359   351   432   333   451 0.76 ACNH67_002163
ACNH67_005638-T1     -            561 69177                -            621   2.8e-05   20.6   0.0   1   1   2.8e-07   5.2e-05   19.7   0.0   393   485   344   437   322   444 0.86 ACNH67_005638
ACNH67_005532-T1     -            822 69177                -            621   7.2e-05   19.3   0.6   1   2   7.4e-06    0.0014   15.0   0.0    10    72    34    97    29   173 0.81 ACNH67_005532
ACNH67_005532-T1     -            822 69177                -            621   7.2e-05   19.3   0.6   2   2      0.19        36    0.4   1.6   522   607   546   626   527   640 0.65 ACNH67_005532
#
# Program:         hmmsearch
# Version:         3.1b2 (February 2015)
# Pipeline mode:   SEARCH
# Query file:      /home/edouard/GregarineStuff/Lgryllorum_Genome_analysis/Funannotate/Run_v3/species_train/annotate_results/busco_downloads/lineages/apicomplexa_odb12/hmms/69177at5794.hmm
# Target file:     /home/edouard/GregarineStuff/Lgryllorum_Genome_analysis/Funannotate/Run_v3/species_train/annotate_results/Leidyana_gryllorum.proteins.fa
# Option settings: hmmsearch --domtblout /home/edouard/GregarineStuff/Lgryllorum_Genome_analysis/Funannotate/Run_v3/species_train/annotate_results/busco/run_apicomplexa_odb12/hmmer_output/initial_run_results/69177at5794.out --cpu 1 /home/edouard/GregarineStuff/Lgryllorum_Genome_analysis/Funannotate/Run_v3/species_train/annotate_results/busco_downloads/lineages/apicomplexa_odb12/hmms/69177at5794.hmm /home/edouard/GregarineStuff/Lgryllorum_Genome_analysis/Funannotate/Run_v3/species_train/annotate_results/Leidyana_gryllorum.proteins.fa 
# Current dir:     /home/edouard/GregarineStuff/Lgryllorum_Genome_analysis/Funannotate/Run_v3/species_train/annotate_results
# Date:            Tue Apr  1 17:39:37 2025
# [ok]
