#                                                                            --- full sequence --- -------------- this domain -------------   hmm coord   ali coord   env coord
# target name        accession   tlen query name           accession   qlen   E-value  score  bias   #  of  c-Evalue  i-Evalue  score  bias  from    to  from    to  from    to  acc description of target
#------------------- ---------- ----- -------------------- ---------- ----- --------- ------ ----- --- --- --------- --------- ------ ----- ----- ----- ----- ----- ----- ----- ---- ---------------------
ACNH67_002315-T1     -            476 69196                -            200   3.8e-42  142.2   0.0   1   4     7e-09   9.9e-06   23.3   0.0     2    42    24    65    23    69 0.91 ACNH67_002315
ACNH67_002315-T1     -            476 69196                -            200   3.8e-42  142.2   0.0   2   4   8.2e-32   1.2e-28   98.1   0.0    53   157   111   228    91   243 0.80 ACNH67_002315
ACNH67_002315-T1     -            476 69196                -            200   3.8e-42  142.2   0.0   3   4   1.3e-05     0.018   12.7   0.0   156   187   258   289   255   293 0.91 ACNH67_002315
ACNH67_002315-T1     -            476 69196                -            200   3.8e-42  142.2   0.0   4   4     0.018        26    2.3   0.0   185   200   366   381   349   381 0.81 ACNH67_002315
ACNH67_005354-T1     -            803 69196                -            200   2.4e-41  139.5   0.0   1   2   1.3e-42   1.8e-39  133.4   0.0     2   187   522   732   521   737 0.84 ACNH67_005354
ACNH67_005354-T1     -            803 69196                -            200   2.4e-41  139.5   0.0   2   2     0.008        11    3.5   0.0   187   200   779   792   765   792 0.87 ACNH67_005354
ACNH67_002254-T1     -            418 69196                -            200   8.9e-10   36.5   0.0   1   3   1.5e-07   0.00021   18.9   0.0     3    94    10   109     8   130 0.77 ACNH67_002254
ACNH67_002254-T1     -            418 69196                -            200   8.9e-10   36.5   0.0   2   3   5.3e-05     0.075   10.6   0.0    83   157   138   217   130   251 0.72 ACNH67_002254
ACNH67_002254-T1     -            418 69196                -            200   8.9e-10   36.5   0.0   3   3    0.0086        12    3.4   0.0   188   200   291   303   263   303 0.72 ACNH67_002254
ACNH67_001953-T1     -            432 69196                -            200     0.013   13.1   0.0   1   1   1.4e-05      0.02   12.5   0.0     2    44   254   296   253   312 0.90 ACNH67_001953
#
# Program:         hmmsearch
# Version:         3.1b2 (February 2015)
# Pipeline mode:   SEARCH
# Query file:      /home/edouard/GregarineStuff/Lgryllorum_Genome_analysis/Funannotate/Run_v3/species_train/annotate_results/busco_downloads/lineages/apicomplexa_odb12/hmms/69196at5794.hmm
# Target file:     /home/edouard/GregarineStuff/Lgryllorum_Genome_analysis/Funannotate/Run_v3/species_train/annotate_results/Leidyana_gryllorum.proteins.fa
# Option settings: hmmsearch --domtblout /home/edouard/GregarineStuff/Lgryllorum_Genome_analysis/Funannotate/Run_v3/species_train/annotate_results/busco/run_apicomplexa_odb12/hmmer_output/initial_run_results/69196at5794.out --cpu 1 /home/edouard/GregarineStuff/Lgryllorum_Genome_analysis/Funannotate/Run_v3/species_train/annotate_results/busco_downloads/lineages/apicomplexa_odb12/hmms/69196at5794.hmm /home/edouard/GregarineStuff/Lgryllorum_Genome_analysis/Funannotate/Run_v3/species_train/annotate_results/Leidyana_gryllorum.proteins.fa 
# Current dir:     /home/edouard/GregarineStuff/Lgryllorum_Genome_analysis/Funannotate/Run_v3/species_train/annotate_results
# Date:            Tue Apr  1 17:39:37 2025
# [ok]
