#                                                                            --- full sequence --- -------------- this domain -------------   hmm coord   ali coord   env coord
# target name        accession   tlen query name           accession   qlen   E-value  score  bias   #  of  c-Evalue  i-Evalue  score  bias  from    to  from    to  from    to  acc description of target
#------------------- ---------- ----- -------------------- ---------- ----- --------- ------ ----- --- --- --------- --------- ------ ----- ----- ----- ----- ----- ----- ----- ---- ---------------------
ACNH67_003203-T1     -            220 7878                 -            211  4.4e-112  371.0   0.0   1   1  1.2e-114    5e-112  370.8   0.0     2   209    10   217     9   219 0.99 ACNH67_003203
ACNH67_001662-T1     -            210 7878                 -            211   1.6e-31  107.8   0.1   1   1   4.2e-34   1.7e-31  107.7   0.1     8   175     8   177     1   207 0.88 ACNH67_001662
ACNH67_001456-T1     -            219 7878                 -            211   2.3e-30  104.0   0.0   1   1   7.2e-33   2.9e-30  103.7   0.0     6   186    10   200     6   213 0.84 ACNH67_001456
ACNH67_002776-T1     -            201 7878                 -            211   2.9e-30  103.7   0.1   1   1     9e-33   3.6e-30  103.3   0.1     8   171     9   175     3   189 0.93 ACNH67_002776
ACNH67_002494-T1     -            206 7878                 -            211   1.3e-28   98.2   0.0   1   1   3.8e-31   1.6e-28   98.0   0.0     8   168    13   176     6   197 0.90 ACNH67_002494
ACNH67_001721-T1     -            149 7878                 -            211   1.5e-26   91.5   0.0   1   1   4.6e-29   1.9e-26   91.2   0.0     8   128    11   133     5   145 0.91 ACNH67_001721
ACNH67_002788-T1     -            201 7878                 -            211   3.6e-25   87.0   0.1   1   1   1.1e-27   4.3e-25   86.7   0.1     5   162     5   165     1   177 0.86 ACNH67_002788
ACNH67_003502-T1     -            480 7878                 -            211     5e-23   80.0   0.0   1   2       2.7   1.1e+03   -2.8   0.0   145   179   212   246   210   258 0.79 ACNH67_003502
ACNH67_003502-T1     -            480 7878                 -            211     5e-23   80.0   0.0   2   2   3.3e-25   1.3e-22   78.6   0.0     7   173   277   451   271   473 0.84 ACNH67_003502
ACNH67_002306-T1     -           1270 7878                 -            211   2.6e-22   77.7   0.0   1   1   1.1e-24   4.4e-22   76.9   0.0     5   177   395   572   391   576 0.90 ACNH67_002306
ACNH67_001468-T1     -            254 7878                 -            211   1.6e-19   68.5   0.0   1   2   7.6e-22   3.1e-19   67.6   0.0     2   135     5   140     4   149 0.92 ACNH67_001468
ACNH67_001468-T1     -            254 7878                 -            211   1.6e-19   68.5   0.0   2   2       3.6   1.5e+03   -3.2   0.0   141   160   171   190   167   200 0.69 ACNH67_001468
ACNH67_001893-T1     -            680 7878                 -            211   1.1e-13   49.5   0.1   1   2   5.8e-16   2.3e-13   48.4   0.1    37   105     1    69     1    75 0.96 ACNH67_001893
ACNH67_001893-T1     -            680 7878                 -            211   1.1e-13   49.5   0.1   2   2       3.9   1.6e+03   -3.3   0.0   114   152    96   137    89   153 0.57 ACNH67_001893
ACNH67_003894-T1     -            181 7878                 -            211   1.2e-11   42.8   0.1   1   1   3.6e-14   1.5e-11   42.5   0.1     7   167    17   179    13   181 0.77 ACNH67_003894
ACNH67_004528-T1     -            192 7878                 -            211   5.9e-07   27.5   0.0   1   2   2.9e-09   1.2e-06   26.5   0.0     8   126    20   135    16   143 0.84 ACNH67_004528
ACNH67_004528-T1     -            192 7878                 -            211   5.9e-07   27.5   0.0   2   2       3.7   1.5e+03   -3.2   0.0    85   101   170   186   163   190 0.60 ACNH67_004528
ACNH67_002063-T1     -            184 7878                 -            211     9e-07   26.9   0.0   1   1   2.4e-09   9.8e-07   26.8   0.0     6    92    19   100    15   176 0.82 ACNH67_002063
#
# Program:         hmmsearch
# Version:         3.1b2 (February 2015)
# Pipeline mode:   SEARCH
# Query file:      /home/edouard/GregarineStuff/Lgryllorum_Genome_analysis/Funannotate/Run_v3/species_train/annotate_results/busco_downloads/lineages/apicomplexa_odb12/hmms/7878at5794.hmm
# Target file:     /home/edouard/GregarineStuff/Lgryllorum_Genome_analysis/Funannotate/Run_v3/species_train/annotate_results/Leidyana_gryllorum.proteins.fa
# Option settings: hmmsearch --domtblout /home/edouard/GregarineStuff/Lgryllorum_Genome_analysis/Funannotate/Run_v3/species_train/annotate_results/busco/run_apicomplexa_odb12/hmmer_output/initial_run_results/7878at5794.out --cpu 1 /home/edouard/GregarineStuff/Lgryllorum_Genome_analysis/Funannotate/Run_v3/species_train/annotate_results/busco_downloads/lineages/apicomplexa_odb12/hmms/7878at5794.hmm /home/edouard/GregarineStuff/Lgryllorum_Genome_analysis/Funannotate/Run_v3/species_train/annotate_results/Leidyana_gryllorum.proteins.fa 
# Current dir:     /home/edouard/GregarineStuff/Lgryllorum_Genome_analysis/Funannotate/Run_v3/species_train/annotate_results
# Date:            Tue Apr  1 17:39:38 2025
# [ok]
