#                                                                            --- full sequence --- -------------- this domain -------------   hmm coord   ali coord   env coord
# target name        accession   tlen query name           accession   qlen   E-value  score  bias   #  of  c-Evalue  i-Evalue  score  bias  from    to  from    to  from    to  acc description of target
#------------------- ---------- ----- -------------------- ---------- ----- --------- ------ ----- --- --- --------- --------- ------ ----- ----- ----- ----- ----- ----- ----- ---- ---------------------
ACNH67_001721-T1     -            149 8326                 -            165   3.7e-86  285.2   0.5   1   1   1.2e-88   4.4e-86  285.0   0.5     2   143     3   144     2   147 0.99 ACNH67_001721
ACNH67_001662-T1     -            210 8326                 -            165     8e-61  202.8   0.1   1   1   3.2e-63   1.2e-60  202.2   0.1     6   163     4   160     2   162 0.98 ACNH67_001662
ACNH67_002776-T1     -            201 8326                 -            165   5.7e-59  196.8   0.4   1   1   1.8e-61   6.7e-59  196.5   0.4     5   164     4   163     1   164 0.99 ACNH67_002776
ACNH67_002494-T1     -            206 8326                 -            165   7.8e-57  189.8   0.2   1   1   2.7e-59     1e-56  189.4   0.2     4   163     7   166     5   168 0.98 ACNH67_002494
ACNH67_001456-T1     -            219 8326                 -            165   1.3e-52  176.1   0.0   1   1   4.5e-55   1.7e-52  175.7   0.0     9   164    11   171     6   172 0.95 ACNH67_001456
ACNH67_002788-T1     -            201 8326                 -            165     7e-47  157.4   0.6   1   1   2.3e-49   8.8e-47  157.1   0.6    10   164     8   162     5   163 0.99 ACNH67_002788
ACNH67_003502-T1     -            480 8326                 -            165   2.5e-41  139.4   0.1   1   1   9.8e-44   3.7e-41  138.8   0.1    10   165   278   438   271   438 0.93 ACNH67_003502
ACNH67_002306-T1     -           1270 8326                 -            165   1.2e-35  120.9   0.0   1   1   5.3e-38     2e-35  120.2   0.0     7   163   395   553   390   555 0.95 ACNH67_002306
ACNH67_001468-T1     -            254 8326                 -            165   2.8e-34  116.5   0.0   1   2   5.7e-36   2.1e-33  113.6   0.0     9   153    10   159     4   167 0.90 ACNH67_001468
ACNH67_001468-T1     -            254 8326                 -            165   2.8e-34  116.5   0.0   2   2      0.23        87    1.0   0.0   141   163   166   188   159   190 0.83 ACNH67_001468
ACNH67_001893-T1     -            680 8326                 -            165   1.7e-31  107.4   0.0   1   2   4.5e-26   1.7e-23   81.4   0.0    41   110     3    72     1    80 0.96 ACNH67_001893
ACNH67_001893-T1     -            680 8326                 -            165   1.7e-31  107.4   0.0   2   2     2e-08   7.7e-06   23.9   0.0   111   164    90   144    83   145 0.91 ACNH67_001893
ACNH67_003203-T1     -            220 8326                 -            165   8.9e-24   82.3   0.0   1   1   3.5e-26   1.3e-23   81.7   0.0    10   163    16   166    12   167 0.93 ACNH67_003203
ACNH67_002063-T1     -            184 8326                 -            165   4.3e-11   41.0   0.0   1   1   1.4e-13   5.3e-11   40.7   0.0    11   159    22   169    17   174 0.83 ACNH67_002063
ACNH67_003894-T1     -            181 8326                 -            165   1.3e-08   33.0   0.1   1   1   4.2e-11   1.6e-08   32.7   0.1    11   138    19   140    15   164 0.77 ACNH67_003894
ACNH67_004528-T1     -            192 8326                 -            165   0.00015   19.8   0.0   1   2       1.6     6e+02   -1.7   0.0    11    29    21    39     7    47 0.79 ACNH67_004528
ACNH67_004528-T1     -            192 8326                 -            165   0.00015   19.8   0.0   2   2   1.1e-06   0.00043   18.3   0.0    58   129    63   135    54   143 0.89 ACNH67_004528
ACNH67_000555-T1     -            968 8326                 -            165     0.066   11.1   0.0   1   2      0.04        15    3.5   0.0    11    35   646   670   644   686 0.90 ACNH67_000555
ACNH67_000555-T1     -            968 8326                 -            165     0.066   11.1   0.0   2   2     0.013       4.8    5.1   0.0    80   157   806   894   794   902 0.66 ACNH67_000555
#
# Program:         hmmsearch
# Version:         3.1b2 (February 2015)
# Pipeline mode:   SEARCH
# Query file:      /home/edouard/GregarineStuff/Lgryllorum_Genome_analysis/Funannotate/Run_v3/species_train/annotate_results/busco_downloads/lineages/apicomplexa_odb12/hmms/8326at5794.hmm
# Target file:     /home/edouard/GregarineStuff/Lgryllorum_Genome_analysis/Funannotate/Run_v3/species_train/annotate_results/Leidyana_gryllorum.proteins.fa
# Option settings: hmmsearch --domtblout /home/edouard/GregarineStuff/Lgryllorum_Genome_analysis/Funannotate/Run_v3/species_train/annotate_results/busco/run_apicomplexa_odb12/hmmer_output/initial_run_results/8326at5794.out --cpu 1 /home/edouard/GregarineStuff/Lgryllorum_Genome_analysis/Funannotate/Run_v3/species_train/annotate_results/busco_downloads/lineages/apicomplexa_odb12/hmms/8326at5794.hmm /home/edouard/GregarineStuff/Lgryllorum_Genome_analysis/Funannotate/Run_v3/species_train/annotate_results/Leidyana_gryllorum.proteins.fa 
# Current dir:     /home/edouard/GregarineStuff/Lgryllorum_Genome_analysis/Funannotate/Run_v3/species_train/annotate_results
# Date:            Tue Apr  1 17:39:39 2025
# [ok]
