#                                                                            --- full sequence --- -------------- this domain -------------   hmm coord   ali coord   env coord
# target name        accession   tlen query name           accession   qlen   E-value  score  bias   #  of  c-Evalue  i-Evalue  score  bias  from    to  from    to  from    to  acc description of target
#------------------- ---------- ----- -------------------- ---------- ----- --------- ------ ----- --- --- --------- --------- ------ ----- ----- ----- ----- ----- ----- ----- ---- ---------------------
ACNH67_003463-T1     -           1569 8796                 -            456   2.8e-97  324.6   0.0   1   2   6.1e-42   1.2e-38  131.4   0.0    45   176   239   366   219   380 0.94 ACNH67_003463
ACNH67_003463-T1     -           1569 8796                 -            456   2.8e-97  324.6   0.0   2   2     7e-60   1.3e-56  190.6   0.0   175   413   398   650   393   663 0.84 ACNH67_003463
ACNH67_000973-T1     -           2022 8796                 -            456   0.00017   18.8   0.1   1   3    0.0054        10    3.0   0.0   179   214  1611  1646  1606  1663 0.84 ACNH67_000973
ACNH67_000973-T1     -           2022 8796                 -            456   0.00017   18.8   0.1   2   3     0.006        11    2.9   0.0   241   270  1709  1738  1687  1747 0.87 ACNH67_000973
ACNH67_000973-T1     -           2022 8796                 -            456   0.00017   18.8   0.1   3   3   0.00017      0.32    8.0   0.0   333   372  1865  1906  1856  1918 0.82 ACNH67_000973
ACNH67_001477-T1     -           1067 8796                 -            456   0.00021   18.5   0.0   1   3    0.0007       1.3    6.0   0.0   180   210   422   452   415   470 0.83 ACNH67_001477
ACNH67_001477-T1     -           1067 8796                 -            456   0.00021   18.5   0.0   2   3     0.032        60    0.5   0.0   243   270   521   548   496   555 0.82 ACNH67_001477
ACNH67_001477-T1     -           1067 8796                 -            456   0.00021   18.5   0.0   3   3   0.00028      0.54    7.3   0.0   334   358   675   699   666   718 0.72 ACNH67_001477
#
# Program:         hmmsearch
# Version:         3.1b2 (February 2015)
# Pipeline mode:   SEARCH
# Query file:      /home/edouard/GregarineStuff/Lgryllorum_Genome_analysis/Funannotate/Run_v3/species_train/annotate_results/busco_downloads/lineages/apicomplexa_odb12/hmms/8796at5794.hmm
# Target file:     /home/edouard/GregarineStuff/Lgryllorum_Genome_analysis/Funannotate/Run_v3/species_train/annotate_results/Leidyana_gryllorum.proteins.fa
# Option settings: hmmsearch --domtblout /home/edouard/GregarineStuff/Lgryllorum_Genome_analysis/Funannotate/Run_v3/species_train/annotate_results/busco/run_apicomplexa_odb12/hmmer_output/initial_run_results/8796at5794.out --cpu 1 /home/edouard/GregarineStuff/Lgryllorum_Genome_analysis/Funannotate/Run_v3/species_train/annotate_results/busco_downloads/lineages/apicomplexa_odb12/hmms/8796at5794.hmm /home/edouard/GregarineStuff/Lgryllorum_Genome_analysis/Funannotate/Run_v3/species_train/annotate_results/Leidyana_gryllorum.proteins.fa 
# Current dir:     /home/edouard/GregarineStuff/Lgryllorum_Genome_analysis/Funannotate/Run_v3/species_train/annotate_results
# Date:            Tue Apr  1 17:39:40 2025
# [ok]
