#                                                                            --- full sequence --- -------------- this domain -------------   hmm coord   ali coord   env coord
# target name        accession   tlen query name           accession   qlen   E-value  score  bias   #  of  c-Evalue  i-Evalue  score  bias  from    to  from    to  from    to  acc description of target
#------------------- ---------- ----- -------------------- ---------- ----- --------- ------ ----- --- --- --------- --------- ------ ----- ----- ----- ----- ----- ----- ----- ---- ---------------------
ACNH67_002624-T1     -            613 9558                 -            744  1.1e-136  455.6   0.0   1   1  1.4e-139  1.3e-136  455.4   0.0   175   714     2   574     1   596 0.90 ACNH67_002624
ACNH67_000057-T1     -            627 9558                 -            744  1.2e-115  386.1   0.0   1   1  1.6e-118  1.5e-115  385.7   0.0    87   584    21   514     3   541 0.81 ACNH67_000057
ACNH67_001089-T1     -            518 9558                 -            744   2.8e-36  123.7   0.2   1   3    0.0058       5.5    3.6   0.0    26   110   136   219   110   239 0.79 ACNH67_001089
ACNH67_001089-T1     -            518 9558                 -            744   2.8e-36  123.7   0.2   2   3   5.1e-31   4.8e-28   96.4   0.0   175   391   261   451   256   458 0.90 ACNH67_001089
ACNH67_001089-T1     -            518 9558                 -            744   2.8e-36  123.7   0.2   3   3   1.7e-07   0.00016   18.6   0.1   434   477   460   502   454   518 0.72 ACNH67_001089
ACNH67_000492-T1     -            371 9558                 -            744   5.7e-26   89.6   0.1   1   1   1.5e-27   1.4e-24   85.0   0.1   190   369   106   298   103   307 0.83 ACNH67_000492
ACNH67_001608-T1     -            686 9558                 -            744   5.2e-18   63.2   0.0   1   1   8.4e-21   7.9e-18   62.6   0.0   242   377   101   235    77   247 0.85 ACNH67_001608
ACNH67_005138-T1     -            499 9558                 -            744   1.3e-08   32.1   0.2   1   2   5.1e-08   4.8e-05   20.4   0.1   174   217   209   252   192   258 0.81 ACNH67_005138
ACNH67_005138-T1     -            499 9558                 -            744   1.3e-08   32.1   0.2   2   2   9.6e-05     0.091    9.5   0.0   324   370   391   436   359   453 0.84 ACNH67_005138
#
# Program:         hmmsearch
# Version:         3.1b2 (February 2015)
# Pipeline mode:   SEARCH
# Query file:      /home/edouard/GregarineStuff/Lgryllorum_Genome_analysis/Funannotate/Run_v3/species_train/annotate_results/busco_downloads/lineages/apicomplexa_odb12/hmms/9558at5794.hmm
# Target file:     /home/edouard/GregarineStuff/Lgryllorum_Genome_analysis/Funannotate/Run_v3/species_train/annotate_results/Leidyana_gryllorum.proteins.fa
# Option settings: hmmsearch --domtblout /home/edouard/GregarineStuff/Lgryllorum_Genome_analysis/Funannotate/Run_v3/species_train/annotate_results/busco/run_apicomplexa_odb12/hmmer_output/initial_run_results/9558at5794.out --cpu 1 /home/edouard/GregarineStuff/Lgryllorum_Genome_analysis/Funannotate/Run_v3/species_train/annotate_results/busco_downloads/lineages/apicomplexa_odb12/hmms/9558at5794.hmm /home/edouard/GregarineStuff/Lgryllorum_Genome_analysis/Funannotate/Run_v3/species_train/annotate_results/Leidyana_gryllorum.proteins.fa 
# Current dir:     /home/edouard/GregarineStuff/Lgryllorum_Genome_analysis/Funannotate/Run_v3/species_train/annotate_results
# Date:            Tue Apr  1 17:39:42 2025
# [ok]
