#                                                                            --- full sequence --- -------------- this domain -------------   hmm coord   ali coord   env coord
# target name        accession   tlen query name           accession   qlen   E-value  score  bias   #  of  c-Evalue  i-Evalue  score  bias  from    to  from    to  from    to  acc description of target
#------------------- ---------- ----- -------------------- ---------- ----- --------- ------ ----- --- --- --------- --------- ------ ----- ----- ----- ----- ----- ----- ----- ---- ---------------------
ACNH67_001156-T1     -            438 9722                 -            373  6.4e-110  365.6   0.0   1   1  5.8e-113  8.2e-110  365.2   0.0     3   369    11   416     9   419 0.87 ACNH67_001156
ACNH67_005120-T1     -            577 9722                 -            373   8.4e-10   36.1   0.0   1   3   4.3e-06    0.0061   13.5   0.0    40    84   221   267   209   273 0.84 ACNH67_005120
ACNH67_005120-T1     -            577 9722                 -            373   8.4e-10   36.1   0.0   2   3     0.061        87   -0.2   0.0   127   182   324   381   312   389 0.82 ACNH67_005120
ACNH67_005120-T1     -            577 9722                 -            373   8.4e-10   36.1   0.0   3   3   1.3e-07   0.00019   18.5   0.0   256   364   465   572   458   577 0.82 ACNH67_005120
ACNH67_004206-T1     -            955 9722                 -            373   1.7e-06   25.2   0.1   1   5     0.085   1.2e+02   -0.6   0.0   167   216    73   122    61   130 0.80 ACNH67_004206
ACNH67_004206-T1     -            955 9722                 -            373   1.7e-06   25.2   0.1   2   5      0.27   3.8e+02   -2.3   0.0   155   201   268   316   262   354 0.71 ACNH67_004206
ACNH67_004206-T1     -            955 9722                 -            373   1.7e-06   25.2   0.1   3   5     0.016        23    1.8   0.0    12    78   508   575   499   577 0.75 ACNH67_004206
ACNH67_004206-T1     -            955 9722                 -            373   1.7e-06   25.2   0.1   4   5   0.00032      0.45    7.4   0.0   175   216   573   613   564   617 0.85 ACNH67_004206
ACNH67_004206-T1     -            955 9722                 -            373   1.7e-06   25.2   0.1   5   5   3.8e-05     0.054   10.4   0.1   158   215   750   808   743   852 0.67 ACNH67_004206
ACNH67_003897-T1     -            157 9722                 -            373    0.0053   13.7   0.0   1   1   4.8e-06    0.0068   13.3   0.0   160   217    69   126    60   128 0.85 ACNH67_003897
#
# Program:         hmmsearch
# Version:         3.1b2 (February 2015)
# Pipeline mode:   SEARCH
# Query file:      /home/edouard/GregarineStuff/Lgryllorum_Genome_analysis/Funannotate/Run_v3/species_train/annotate_results/busco_downloads/lineages/apicomplexa_odb12/hmms/9722at5794.hmm
# Target file:     /home/edouard/GregarineStuff/Lgryllorum_Genome_analysis/Funannotate/Run_v3/species_train/annotate_results/Leidyana_gryllorum.proteins.fa
# Option settings: hmmsearch --domtblout /home/edouard/GregarineStuff/Lgryllorum_Genome_analysis/Funannotate/Run_v3/species_train/annotate_results/busco/run_apicomplexa_odb12/hmmer_output/initial_run_results/9722at5794.out --cpu 1 /home/edouard/GregarineStuff/Lgryllorum_Genome_analysis/Funannotate/Run_v3/species_train/annotate_results/busco_downloads/lineages/apicomplexa_odb12/hmms/9722at5794.hmm /home/edouard/GregarineStuff/Lgryllorum_Genome_analysis/Funannotate/Run_v3/species_train/annotate_results/Leidyana_gryllorum.proteins.fa 
# Current dir:     /home/edouard/GregarineStuff/Lgryllorum_Genome_analysis/Funannotate/Run_v3/species_train/annotate_results
# Date:            Tue Apr  1 17:39:43 2025
# [ok]
