#                                                                            --- full sequence --- -------------- this domain -------------   hmm coord   ali coord   env coord
# target name        accession   tlen query name           accession   qlen   E-value  score  bias   #  of  c-Evalue  i-Evalue  score  bias  from    to  from    to  from    to  acc description of target
#------------------- ---------- ----- -------------------- ---------- ----- --------- ------ ----- --- --- --------- --------- ------ ----- ----- ----- ----- ----- ----- ----- ---- ---------------------
ACNH67_004386-T1     -            133 9998                 -            153   1.2e-55  186.1   0.1   1   1     1e-57   1.3e-55  186.0   0.1     1   130     1   133     1   133 0.98 ACNH67_004386
ACNH67_004592-T1     -            718 9998                 -            153   5.8e-39  131.9   0.3   1   5   1.4e-07   1.8e-05   23.2   0.0    30   106     8    86     4    93 0.92 ACNH67_004592
ACNH67_004592-T1     -            718 9998                 -            153   5.8e-39  131.9   0.3   2   5   2.6e-11   3.3e-09   35.3   0.1    37   150   208   322   194   326 0.82 ACNH67_004592
ACNH67_004592-T1     -            718 9998                 -            153   5.8e-39  131.9   0.3   3   5       2.5   3.2e+02   -0.3   0.0    39    66   415   442   404   477 0.76 ACNH67_004592
ACNH67_004592-T1     -            718 9998                 -            153   5.8e-39  131.9   0.3   4   5     8e-14     1e-11   43.4   0.0    32   136   516   632   510   639 0.81 ACNH67_004592
ACNH67_004592-T1     -            718 9998                 -            153   5.8e-39  131.9   0.3   5   5     3e-07   3.9e-05   22.1   0.0    25   103   630   707   622   713 0.90 ACNH67_004592
ACNH67_002393-T1     -            683 9998                 -            153   1.5e-36  124.1   0.5   1   5   1.1e-17   1.4e-15   56.0   0.0    31    87     9    65     7    68 0.96 ACNH67_002393
ACNH67_002393-T1     -            683 9998                 -            153   1.5e-36  124.1   0.5   2   5      0.05       6.4    5.2   0.0    87   117   109   139   105   144 0.83 ACNH67_002393
ACNH67_002393-T1     -            683 9998                 -            153   1.5e-36  124.1   0.5   3   5   1.2e-06   0.00015   20.2   0.0    34   104   144   213   140   219 0.91 ACNH67_002393
ACNH67_002393-T1     -            683 9998                 -            153   1.5e-36  124.1   0.5   4   5     2e-06   0.00025   19.5   0.0    33   100   233   297   222   318 0.89 ACNH67_002393
ACNH67_002393-T1     -            683 9998                 -            153   1.5e-36  124.1   0.5   5   5   1.6e-05     0.002   16.5   0.0    42   101   404   462   400   485 0.82 ACNH67_002393
ACNH67_002500-T1     -            211 9998                 -            153   3.7e-24   83.9   0.0   1   2   1.5e-15     2e-13   49.0   0.0    32   110    21    99    17   110 0.91 ACNH67_002500
ACNH67_002500-T1     -            211 9998                 -            153   3.7e-24   83.9   0.0   2   2   9.4e-11   1.2e-08   33.5   0.0    32   109   108   185   100   196 0.90 ACNH67_002500
ACNH67_004487-T1     -            380 9998                 -            153   2.7e-18   64.8   0.0   1   3      0.51        66    1.9   0.0    75    98     4    27     2    38 0.89 ACNH67_004487
ACNH67_004487-T1     -            380 9998                 -            153   2.7e-18   64.8   0.0   2   3   9.7e-13   1.2e-10   39.9   0.0    33    97    62   126    58   129 0.95 ACNH67_004487
ACNH67_004487-T1     -            380 9998                 -            153   2.7e-18   64.8   0.0   3   3   2.7e-06   0.00034   19.0   0.0    36   106   235   305   200   313 0.86 ACNH67_004487
ACNH67_004646-T1     -            221 9998                 -            153     2e-17   62.0   0.0   1   2   3.1e-10     4e-08   31.8   0.0    32   111    22   100    16   113 0.90 ACNH67_004646
ACNH67_004646-T1     -            221 9998                 -            153     2e-17   62.0   0.0   2   2     4e-09   5.2e-07   28.2   0.0    33   112   136   214   127   219 0.92 ACNH67_004646
ACNH67_004797-T1     -            396 9998                 -            153     5e-17   60.7   0.0   1   2   1.2e-10   1.6e-08   33.1   0.0    33   113    22   102    12   119 0.88 ACNH67_004797
ACNH67_004797-T1     -            396 9998                 -            153     5e-17   60.7   0.0   2   2   3.8e-08   4.9e-06   25.0   0.0    32   106   121   198   106   205 0.87 ACNH67_004797
ACNH67_002845-T1     -            567 9998                 -            153   5.9e-17   60.5   0.0   1   2   9.7e-08   1.2e-05   23.7   0.0    32   106   188   260   179   271 0.85 ACNH67_002845
ACNH67_002845-T1     -            567 9998                 -            153   5.9e-17   60.5   0.0   2   2   4.5e-11   5.8e-09   34.5   0.0    28    89   277   338   274   342 0.94 ACNH67_002845
ACNH67_004698-T1     -            460 9998                 -            153   7.3e-16   56.9   0.0   1   2   1.5e-08   1.9e-06   26.3   0.0    32    91   103   162   100   177 0.89 ACNH67_004698
ACNH67_004698-T1     -            460 9998                 -            153   7.3e-16   56.9   0.0   2   2   3.9e-09   5.1e-07   28.2   0.0    29   109   199   279   196   287 0.94 ACNH67_004698
ACNH67_000045-T1     -            253 9998                 -            153   9.2e-16   56.6   0.0   1   1     1e-17   1.4e-15   56.1   0.0    32   123   111   201    99   209 0.86 ACNH67_000045
ACNH67_003464-T1     -           1814 9998                 -            153   1.3e-14   52.9   0.0   1   2   4.1e-08   5.2e-06   24.9   0.0    33   112  1396  1474  1393  1484 0.87 ACNH67_003464
ACNH67_003464-T1     -           1814 9998                 -            153   1.3e-14   52.9   0.0   2   2   3.1e-08     4e-06   25.3   0.0    32   108  1672  1749  1667  1757 0.94 ACNH67_003464
ACNH67_004212-T1     -            275 9998                 -            153   2.6e-13   48.6   0.0   1   1   3.9e-15     5e-13   47.7   0.0    33   137    78   182    68   197 0.87 ACNH67_004212
ACNH67_001540-T1     -            330 9998                 -            153   5.1e-13   47.7   0.0   1   1   5.8e-15   7.5e-13   47.2   0.0    33   120   100   186    84   212 0.87 ACNH67_001540
ACNH67_003758-T1     -            409 9998                 -            153   7.7e-13   47.1   0.0   1   1   1.1e-14   1.4e-12   46.3   0.0    32   109   188   265   177   275 0.95 ACNH67_003758
ACNH67_002129-T1     -            163 9998                 -            153   1.5e-11   43.0   0.1   1   1   1.7e-13   2.1e-11   42.4   0.1    33   106    78   148    74   158 0.92 ACNH67_002129
ACNH67_000421-T1     -            851 9998                 -            153   1.6e-11   42.9   0.0   1   1   2.7e-13   3.5e-11   41.7   0.0    29   111    39   121    28   157 0.93 ACNH67_000421
ACNH67_004319-T1     -            163 9998                 -            153   3.1e-11   41.9   0.0   1   1   3.3e-13   4.3e-11   41.4   0.0    43   109    80   146    69   160 0.91 ACNH67_004319
ACNH67_001641-T1     -            276 9998                 -            153   3.8e-11   41.6   0.7   1   2       4.5   5.8e+02   -1.2   0.3   117   138    40    61    33    75 0.67 ACNH67_001641
ACNH67_001641-T1     -            276 9998                 -            153   3.8e-11   41.6   0.7   2   2     8e-13     1e-10   40.2   0.0    33   113   190   270   184   274 0.93 ACNH67_001641
ACNH67_004134-T1     -            621 9998                 -            153   5.5e-11   41.1   0.0   1   3    0.0045      0.58    8.5   0.0    72   107   193   228   186   259 0.89 ACNH67_004134
ACNH67_004134-T1     -            621 9998                 -            153   5.5e-11   41.1   0.0   2   3   0.00089      0.11   10.8   0.0    33   107   260   333   242   338 0.82 ACNH67_004134
ACNH67_004134-T1     -            621 9998                 -            153   5.5e-11   41.1   0.0   3   3   6.7e-06   0.00086   17.7   0.0    49   106   391   447   380   454 0.88 ACNH67_004134
ACNH67_000830-T1     -            367 9998                 -            153   5.8e-11   41.0   0.0   1   2   1.4e-08   1.7e-06   26.5   0.0    29   108    95   175    83   186 0.79 ACNH67_000830
ACNH67_000830-T1     -            367 9998                 -            153   5.8e-11   41.0   0.0   2   2   0.00033     0.042   12.2   0.0    32   106   294   362   289   367 0.79 ACNH67_000830
ACNH67_001293-T1     -            621 9998                 -            153   1.1e-10   40.1   0.0   1   4     0.021       2.7    6.4   0.0    31    55    71    96    66   102 0.75 ACNH67_001293
ACNH67_001293-T1     -            621 9998                 -            153   1.1e-10   40.1   0.0   2   4     0.053       6.8    5.1   0.0    34    68   213   247   206   254 0.89 ACNH67_001293
ACNH67_001293-T1     -            621 9998                 -            153   1.1e-10   40.1   0.0   3   4   0.00025     0.033   12.6   0.0    71   111   297   337   288   349 0.89 ACNH67_001293
ACNH67_001293-T1     -            621 9998                 -            153   1.1e-10   40.1   0.0   4   4    0.0025      0.32    9.4   0.0    48   117   422   489   412   494 0.83 ACNH67_001293
ACNH67_004179-T1     -            426 9998                 -            153   1.2e-10   40.0   0.0   1   2   1.3e-05    0.0017   16.8   0.0    33   106   113   183   102   190 0.83 ACNH67_004179
ACNH67_004179-T1     -            426 9998                 -            153   1.2e-10   40.0   0.0   2   2     8e-07    0.0001   20.7   0.0    33   108   246   319   239   327 0.84 ACNH67_004179
ACNH67_003649-T1     -            129 9998                 -            153     9e-10   37.2   0.0   1   1   1.1e-11   1.4e-09   36.5   0.0    35   107     4    73     1    83 0.93 ACNH67_003649
ACNH67_002655-T1     -            421 9998                 -            153   2.7e-09   35.6   0.0   1   3   0.00081       0.1   11.0   0.0    29    95    30    97    21   103 0.91 ACNH67_002655
ACNH67_002655-T1     -            421 9998                 -            153   2.7e-09   35.6   0.0   2   3    0.0013      0.17   10.3   0.0    57    85   167   194   125   210 0.63 ACNH67_002655
ACNH67_002655-T1     -            421 9998                 -            153   2.7e-09   35.6   0.0   3   3    0.0066      0.85    8.0   0.0    42   109   259   320   246   353 0.86 ACNH67_002655
ACNH67_002995-T1     -            211 9998                 -            153   7.1e-09   34.2   0.0   1   1   8.8e-11   1.1e-08   33.6   0.0    34   108    64   138    57   153 0.94 ACNH67_002995
ACNH67_002495-T1     -            856 9998                 -            153   1.4e-08   33.3   0.0   1   1   2.3e-10   2.9e-08   32.2   0.0    34   115   681   762   678   792 0.86 ACNH67_002495
ACNH67_002556-T1     -           1967 9998                 -            153   1.6e-08   33.1   0.0   1   3       2.7   3.4e+02   -0.5   0.0    34    98  1530  1593  1505  1599 0.77 ACNH67_002556
ACNH67_002556-T1     -           1967 9998                 -            153   1.6e-08   33.1   0.0   2   3       1.6     2e+02    0.3   0.0    28    96  1702  1766  1690  1771 0.74 ACNH67_002556
ACNH67_002556-T1     -           1967 9998                 -            153   1.6e-08   33.1   0.0   3   3   6.8e-09   8.7e-07   27.5   0.0    32   116  1838  1921  1828  1932 0.89 ACNH67_002556
ACNH67_004707-T1     -            185 9998                 -            153   3.1e-08   32.2   0.0   1   2      0.32        42    2.5   0.1   100   127    47    74    39    90 0.85 ACNH67_004707
ACNH67_004707-T1     -            185 9998                 -            153   3.1e-08   32.2   0.0   2   2   3.6e-09   4.6e-07   28.3   0.0    34   111    94   170    68   176 0.85 ACNH67_004707
ACNH67_005285-T1     -           1266 9998                 -            153   6.3e-08   31.2   0.0   1   1   9.1e-10   1.2e-07   30.3   0.0    31   109    84   165    79   172 0.84 ACNH67_005285
ACNH67_000813-T1     -            561 9998                 -            153   6.8e-08   31.1   0.0   1   1   8.5e-10   1.1e-07   30.4   0.0    33   106    54   124    49   151 0.89 ACNH67_000813
ACNH67_005602-T1     -            390 9998                 -            153   2.5e-07   29.2   4.2   1   2   3.1e-09     4e-07   28.5   0.0    31   106   193   262   176   267 0.88 ACNH67_005602
ACNH67_005602-T1     -            390 9998                 -            153   2.5e-07   29.2   4.2   2   2      0.56        73    1.7   0.0    77   109   309   339   286   344 0.86 ACNH67_005602
ACNH67_005452-T1     -            524 9998                 -            153   3.8e-06   25.4   0.0   1   1   5.4e-08   6.9e-06   24.5   0.0    35   111   115   191   111   200 0.91 ACNH67_005452
ACNH67_001390-T1     -            542 9998                 -            153   5.8e-05   21.5   0.1   1   1   1.3e-06   0.00017   20.0   0.0    33   103    42   112    38   125 0.92 ACNH67_001390
ACNH67_004355-T1     -            423 9998                 -            153   0.00014   20.3   0.0   1   1     2e-06   0.00026   19.4   0.0    37   110   172   252   164   265 0.74 ACNH67_004355
ACNH67_004857-T1     -            181 9998                 -            153   0.00023   19.6   0.1   1   1   2.7e-06   0.00035   19.0   0.1    72   110    41    79    13   120 0.78 ACNH67_004857
ACNH67_002310-T1     -            271 9998                 -            153   0.00024   19.5   0.0   1   1   3.2e-06   0.00041   18.8   0.0    34   103    53   121    48   133 0.86 ACNH67_002310
ACNH67_001422-T1     -            642 9998                 -            153     0.001   17.5   0.0   1   1   1.9e-05    0.0024   16.3   0.0    32   109   184   263   174   278 0.84 ACNH67_001422
ACNH67_004681-T2     -           1826 9998                 -            153    0.0025   16.2   0.1   1   3    0.0004     0.051   12.0   0.0    36    96    34    93    27   103 0.89 ACNH67_004681
ACNH67_004681-T2     -           1826 9998                 -            153    0.0025   16.2   0.1   2   3       1.8   2.4e+02    0.1   0.1   122   148   649   675   631   680 0.80 ACNH67_004681
ACNH67_004681-T2     -           1826 9998                 -            153    0.0025   16.2   0.1   3   3         7     9e+02   -1.8   0.0    46   107  1510  1572  1506  1608 0.73 ACNH67_004681
ACNH67_000399-T1     -            286 9998                 -            153    0.0037   15.7   0.1   1   1   5.6e-05    0.0072   14.7   0.1    47   107    84   143    75   167 0.84 ACNH67_000399
ACNH67_003545-T1     -            409 9998                 -            153     0.012   14.1   0.0   1   1   0.00024     0.031   12.7   0.0    39   101    41   106    32   127 0.84 ACNH67_003545
ACNH67_001548-T1     -            189 9998                 -            153     0.021   13.3   0.0   1   1   0.00028     0.036   12.5   0.0    59   111     7    60     2    72 0.80 ACNH67_001548
ACNH67_002846-T1     -            127 9998                 -            153     0.029   12.8   0.0   1   1   0.00027     0.035   12.5   0.0    75   113     2    40     1    73 0.92 ACNH67_002846
ACNH67_001131-T1     -            133 9998                 -            153     0.033   12.6   0.0   1   1   0.00027     0.035   12.5   0.0    34   110     8    85     2   128 0.72 ACNH67_001131
ACNH67_004858-T1     -            401 9998                 -            153     0.042   12.3   0.0   1   1    0.0028      0.36    9.2   0.0    27   106   225   308   223   313 0.70 ACNH67_004858
#
# Program:         hmmsearch
# Version:         3.1b2 (February 2015)
# Pipeline mode:   SEARCH
# Query file:      /home/edouard/GregarineStuff/Lgryllorum_Genome_analysis/Funannotate/Run_v3/species_train/annotate_results/busco_downloads/lineages/apicomplexa_odb12/hmms/9998at5794.hmm
# Target file:     /home/edouard/GregarineStuff/Lgryllorum_Genome_analysis/Funannotate/Run_v3/species_train/annotate_results/Leidyana_gryllorum.proteins.fa
# Option settings: hmmsearch --domtblout /home/edouard/GregarineStuff/Lgryllorum_Genome_analysis/Funannotate/Run_v3/species_train/annotate_results/busco/run_apicomplexa_odb12/hmmer_output/initial_run_results/9998at5794.out --cpu 1 /home/edouard/GregarineStuff/Lgryllorum_Genome_analysis/Funannotate/Run_v3/species_train/annotate_results/busco_downloads/lineages/apicomplexa_odb12/hmms/9998at5794.hmm /home/edouard/GregarineStuff/Lgryllorum_Genome_analysis/Funannotate/Run_v3/species_train/annotate_results/Leidyana_gryllorum.proteins.fa 
# Current dir:     /home/edouard/GregarineStuff/Lgryllorum_Genome_analysis/Funannotate/Run_v3/species_train/annotate_results
# Date:            Tue Apr  1 17:39:43 2025
# [ok]
