IQ-TREE multicore version 2.3.3 COVID-edition for Linux x86 64-bit built Apr 25 2024
Developed by Bui Quang Minh, James Barbetti, Nguyen Lam Tung, Olga Chernomor,
Heiko Schmidt, Dominik Schrempf, Michael Woodhams, Ly Trong Nhan, Thomas Wong

Host:    bio-G8D0H5J-bapw (AVX, 62 GB RAM)
Command: iqtree2 -s bmge_output.fasta -m MFP -bb 1000 -T AUTO --prefix 18S_PutativeSeqs_iqtree -redo
Seed:    810755 (Using SPRNG - Scalable Parallel Random Number Generator)
Time:    Sun May 12 00:40:35 2024
Kernel:  AVX - auto-detect threads (24 CPU cores detected)

Reading alignment file bmge_output.fasta ... Fasta format detected
Reading fasta file: done in 0.00340295 secs using 80.52% CPU
Alignment most likely contains DNA/RNA sequences
Alignment has 102 sequences with 1045 columns, 791 distinct patterns
642 parsimony-informative, 146 singleton sites, 257 constant sites
                                                                Gap/Ambiguity  Composition  p-value
Analyzing sequences: done in 0.000154018 secs using 1991% CPU
   1  contig_455_polished                                               0.00%    passed     17.14%
   2  Consensus_Lgryllorum_PCR_Sanger                                   2.39%    passed     13.16%
   3  Cryptosporidium_hominis_DQ286403.1                               45.55%    passed      6.53%
   4  Cryptosporidium_parvum_AB089290.1                                 0.00%    passed     83.91%
   5  Cryptosporidium_muris_strain_Calf_genotype_IDVS-811_AF093496.1    0.00%    passed     91.97%
   6  Apicomplexa_sp._WKK-2018a_isolate_TRC_MH304758.1                  0.00%    passed     90.68%
   7  Apicomplexa_sp._WKK-2018a_isolate_wkC1_MH304760.1                 0.00%    passed     93.92%
   8  Apicomplexa_sp._WKK-2018a_isolate_2_MH304759.1                    0.00%    passed     77.95%
   9  Toxoplasma_gondii_M97703.1                                        0.00%    passed     94.18%
  10  Besnoitia_besnoiti_AY833646.1                                     0.00%    passed     92.46%
  11  Eimeria_tenella_AF026388.1                                        0.00%    passed     80.64%
  12  Babesia_bigemina_JQ437264.1                                       1.24%    passed     88.24%
  13  Theileria_parva_L02366.1                                          0.00%    passed     85.37%
  14  Theileria_orientalis_AB520957.1                                   0.00%    passed     87.89%
  15  Chromera_velia_strain_CMS22_DQ174731.1                            0.00%    passed     95.44%
  16  Colepismatophila_watsonae_FJ459738.1                              2.11%    passed     96.96%
  17  Stylocephalus_giganteus_FJ459761.1                                0.00%    passed     96.61%
  18  Ascogregarina_taiwanensis_from_Japan_DQ462454.1                   0.00%    passed     96.46%
  19  Paraschneideria_metamorphosa_FJ459755.1                           0.48%    passed     98.53%
  20  Apicystis_bombi_FN546182.1                                        1.53%    passed     87.20%
  21  Mattesia_geminata_AY334568.1                                      0.00%    passed     93.22%
  22  Ophryocystis_elektroscirrha_AF129883.1                            0.00%    passed     99.70%
  23  Geneiorhynchus_manifestus_FJ459739.1                              1.63%    passed     97.93%
  24  Syncystis_mirabilis_DQ176427.1                                    0.10%    passed     76.51%
  25  Prismatospora_evansi_FJ459756.1                                   0.00%    passed     95.08%
  26  Alveolata_sp._CCMP3155_HM245049.1                                 0.00%    passed     95.29%
  27  Selenidium_terebellae_AY196709.1                                  0.00%    passed     96.89%
  28  Selenidium_melongena_1_KC890799.1                                 0.00%    passed     99.10%
  29  Selenidium_pisinnus_FJ832162.1                                    0.00%    passed     92.77%
  30  Selenidium_orientale_FJ832161.1                                   0.00%    passed     90.72%
  31  Psychodiella_chagasi_FJ865354.1                                   0.00%    passed     97.33%
  32  Hoplorhynchus_acanthatholius_FJ459750.1                           0.00%    passed     94.75%
  33  Nematopsis_temporariae_isolate_Rd_E8_24L4_KT717659.1              4.50%    passed     62.97%
  34  Polyplicarum_citrusae_JX535336.1                                  0.29%    passed     53.49%
  35  Polyplicarum_curvarae_JX535340.1                                  0.10%    passed     31.39%
  36  Polyplicarum_translucidae_JX535348.1                              0.19%    passed     41.20%
  37  Polyplicarum_lacrimae_JX535344.1                                  0.10%    passed     35.96%
  38  Ancora_cf._sagittata_isolate_AncoraWSBS2010_KX982504.1            0.19%    passed     75.48%
  39  Amoebogregarina_nigra_FJ459737.1                                  0.00%    passed     44.77%
  40  Gregarina_blattarum_FJ459741.1                                    0.00%    passed     25.85%
  41  Gregarina_chortiocetes_L31841.1                                  32.54%    passed     46.55%
  42  Gregarina_caledia_L31799.1                                       32.54%    passed     33.87%
  43  Gregarina_tropica_FJ459749.1                                      1.82%    passed     28.24%
  44  Leidyana_erratica_FJ459752.1                                      5.84%    passed     14.56%
  45  Gregarina_kingi_FJ459746.1                                        0.67%    passed     88.31%
  46  Gregarina_coronata_FJ459743.1                                     0.10%    passed     86.57%
  47  Gregarina_diabrotica_FJ459745.1                                   1.82%    passed     95.68%
  48  Gregarina_sp._Phaedon_JF412715.1                                  0.00%    passed     95.31%
  49  Blabericola_cubensis_FJ459751.1                                   1.53%    passed     82.97%
  50  Blabericola_haasi_FJ459753.1                                      1.05%    passed     98.89%
  51  Blabericola_migratory_FJ459754.1                                  0.19%    passed     99.13%
  52  Gregarina_cloptoni_FJ459742.1                                     0.29%    passed     42.75%
  53  Gregarina_polymorpha_FJ459748.1                                   0.00%    passed     98.73%
  54  Gregarina_niphandrodes_FJ459747.1                                 0.00%    passed     98.51%
  55  Ammonia_beccarii_U07937.1                                         0.10%    passed     43.68%
  56  Paralecudina_anankea_KY678216.1_P                                 6.41%    passed     74.95%
  57  Gregarina_ormierei_isolate_BB2013_KJ736741.1                      0.00%    passed     49.41%
  58  Gregarina_basiconstrictonea_FJ459740.1                            4.11%    passed     75.83%
  59  Gregarina_cuneata_FJ459744.1                                      4.78%    passed     56.93%
  60  Enterocystis_dorypterygis_KY697695.1                              0.00%    passed     94.16%
  61  Selenidium_hollandei_thiswork                                     1.05%    passed     71.81%
  62  Selenidium_neosabellariae_KC110871.1                              0.00%    passed     74.61%
  63  Selenidium_boccardiellae_JN857969.1                               0.00%    passed     81.61%
  64  Selenidium_pendula_IF_thiswork                                    3.06%    passed     80.78%
  65  Selenidium_cf.mesnili_JN857968.1                                  0.10%    passed     81.65%
  66  Selenidium_sp1_KCW2013_KC110863.1                                 0.10%    passed     75.72%
  67  Selenidium_serpulae_DQ683562.1                                    0.10%    passed     83.05%
  68  Selenidium_sensimae_KC110869.1                                    0.10%    passed     82.90%
  69  Selenidium_sp2_KCW2013_KC110864.1                                 0.38%    passed     79.35%
  70  Protomagalhaensia_wolfi_FJ459758.1                                0.10%    passed     73.06%
  71  Protomagalhaensia_granulosae_FJ459757.1                           0.19%    failed      4.56%
  72  Veloxidium_leptosynaptae_JN857966.1                               0.38%    passed     89.15%
  73  Pterospora_schizosoma_DQ093793.1                                  0.38%    passed     77.63%
  74  Pterospora_floridiensis_DQ093794.1                                0.38%    passed     82.61%
  75  Lithocystis_sp_DQ093795.1                                         0.48%    passed     89.38%
  76  Difficilina_paranemertes__FJ832159.1                              0.38%    passed     71.71%
  77  Difficilina_tubulani_FJ832160.1                                   0.38%    passed     48.47%
  78  Lecudina_tuzetae_LN901449.1                                       3.44%    passed     77.26%
  79  Lankesteria_chelyosomae_EU670240.1                                0.38%    passed     76.35%
  80  Lankesteria_cystodytae_EU670241.1                                 0.48%    passed     75.30%
  81  Lankesteria_ascidiae_JX187607.1                                   0.38%    passed     71.68%
  82  Lankesteria_abbotti_DQ093796.1                                    1.24%    passed     45.43%
  83  HQ891113.2_Cephaloidophora_cf._communis_clone_4_1                 0.00%    passed     96.04%
  84  HQ876008.1_Cephaloidophora_cf._communis                           0.00%    passed     92.91%
  85  MG009200.1_Cephaloidophora_oradareae                              5.36%    passed     89.04%
  86  HQ891116.1_Heliospora_cf._longissima_clone_J30-1                 39.43%    passed     71.68%
  87  HQ891117.1_Heliospora_cf._longissima                             63.73%    passed     86.60%
  88  HQ891114.2_Heliospora_cf._longissima_clone_31-1                   0.48%    passed     97.35%
  89  HQ891115.2_Heliospora_cf._longissima_clone_J-1                    0.48%    passed     96.54%
  90  HQ876007.1_Heliospora_caprellae                                   0.48%    passed     95.75%
  91  FJ976721.1_Ganymedes_sp._SR-2010a                                 0.00%    passed     56.61%
  92  HQ876006.1_Thiriotia_pugettiae                                    0.10%    passed     21.18%
  93  LC034108.1_Thiriotia_sp._MS-2015_gene                             0.00%    passed     81.75%
  94  KU726617.1_Ganymedes_sp._KW-2016a                                 1.63%    passed     52.76%
  95  MG009199.1_Thiriotia_hyperdolphinae                               4.59%    passed      8.17%
  96  Loxomorpha_cf._harmothoe_MF537616.1                               9.38%    failed      3.76%
  97  Cuspisella_ishikariensis_MF537615.1                               0.00%    failed      0.02%
  98  Pg_genomeA                                                        0.38%    passed     28.58%
  99  Pg_genomeB                                                        0.38%    passed     28.58%
 100  Trichotokara_nothriae_GU592817.1                                  1.44%    passed     18.77%
 101  Trichotokara_japonica_JX426617.1                                  1.44%    passed     41.78%
 102  Trichotokara_eunicae_JX426618.1                                   1.53%    passed      8.31%
WARNING: 1 sequences contain more than 50% gaps/ambiguity
****  TOTAL                                                             2.93%  3 sequences failed composition chi2 test (p-value<5%; df=3)
NOTE: Pg_genomeB is identical to Pg_genomeA but kept for subsequent analysis


Create initial parsimony tree by phylogenetic likelihood library (PLL)... 0.063 seconds
Measuring multi-threading efficiency up to 24 CPU cores
Increase to 10 rounds for branch lengths
56 trees examined
Threads: 1 / Time: 24.561 sec / Speedup: 1.000 / Efficiency: 100% / LogL: -40006
Threads: 2 / Time: 18.311 sec / Speedup: 1.341 / Efficiency: 67% / LogL: -40006
Threads: 3 / Time: 15.317 sec / Speedup: 1.604 / Efficiency: 53% / LogL: -40006
Threads: 4 / Time: 12.667 sec / Speedup: 1.939 / Efficiency: 48% / LogL: -40006
BEST NUMBER OF THREADS: 3

Perform fast likelihood tree search using GTR+I+G model...
Estimate model parameters (epsilon = 5.000)
Perform nearest neighbor interchange...
Estimate model parameters (epsilon = 1.000)
1. Initial log-likelihood: -21114.545
Optimal log-likelihood: -21114.152
Rate parameters:  A-C: 1.14290  A-G: 3.20492  A-T: 1.69451  C-G: 0.59337  C-T: 5.35909  G-T: 1.00000
Base frequencies:  A: 0.280  C: 0.188  G: 0.273  T: 0.259
Proportion of invariable sites: 0.093
Gamma shape alpha: 0.704
Parameters optimization took 1 rounds (0.168 sec)
Time for fast ML tree search: 1.379 seconds

NOTE: ModelFinder requires 29 MB RAM!
ModelFinder will test up to 484 DNA models (sample size: 1045) ...
 No. Model         -LnL         df  AIC          AICc         BIC
  1  GTR+F         22829.302    209 46076.604    46181.730    47111.524
  2  GTR+F+I       22104.849    210 44629.698    44735.957    45669.570
  3  GTR+F+G4      21116.458    210 42652.916    42759.175    43692.788
  4  GTR+F+I+G4    21114.104    211 42650.209    42757.609    43695.033
  5  GTR+F+R2      21258.728    211 42939.456    43046.856    43984.280
  6  GTR+F+R3      21089.590    213 42605.181    42714.885    43659.908
  7  GTR+F+R4      21068.462    215 42566.924    42678.962    43631.555
  8  GTR+F+R5      21067.066    217 42568.132    42682.536    43642.666
 14  GTR+F+I+R2    21193.942    212 42811.884    42920.432    43861.659
 15  GTR+F+I+R3    21082.802    214 42593.604    42704.472    43653.283
 16  GTR+F+I+R4    21066.947    216 42565.894    42679.112    43635.477
 17  GTR+F+I+R5    21066.531    218 42569.063    42684.661    43648.549
 29  SYM+R4        21116.780    212 42657.559    42766.107    43707.335
 38  SYM+I+R4      21114.204    213 42654.408    42764.112    43709.136
 51  TVM+F+R4      21110.818    214 42649.637    42760.504    43709.316
 60  TVM+F+I+R4    21110.432    215 42650.864    42762.903    43715.495
 73  TVMe+R4       21120.136    211 42662.273    42769.672    43707.097
 82  TVMe+I+R4     21117.187    212 42658.373    42766.922    43708.149
 95  TIM3+F+R4     21108.278    213 42642.556    42752.260    43697.284
104  TIM3+F+I+R4   21107.502    214 42643.004    42753.871    43702.683
117  TIM3e+R4      21160.447    210 42740.894    42847.153    43780.766
126  TIM3e+I+R4    21159.826    211 42741.652    42849.051    43786.475
139  TIM2+F+R4     21091.207    213 42608.413    42718.117    43663.141
148  TIM2+F+I+R4   21090.167    214 42608.333    42719.201    43668.013
161  TIM2e+R4      21184.252    210 42788.504    42894.763    43828.376
170  TIM2e+I+R4    21183.045    211 42788.090    42895.490    43832.914
183  TIM+F+R4      21127.882    213 42681.765    42791.469    43736.492
192  TIM+F+I+R4    21127.203    214 42682.406    42793.273    43742.085
205  TIMe+R4       21222.901    210 42865.803    42972.062    43905.675
214  TIMe+I+R4     21222.743    211 42867.485    42974.885    43912.309
227  TPM3u+F+R4    21149.365    212 42722.730    42831.279    43772.506
236  TPM3u+F+I+R4  21149.930    213 42725.860    42835.564    43780.587
249  TPM3+R4       21163.730    209 42745.460    42850.586    43780.381
258  TPM3+I+R4     21163.323    210 42746.647    42852.906    43786.519
271  TPM2u+F+R4    21134.233    212 42692.466    42801.014    43742.241
280  TPM2u+F+I+R4  21134.487    213 42694.974    42804.678    43749.701
293  TPM2+R4       21187.124    209 42792.249    42897.374    43827.169
302  TPM2+I+R4     21186.235    210 42792.471    42898.730    43832.343
315  K3Pu+F+R4     21169.710    212 42763.420    42871.968    43813.195
324  K3Pu+F+I+R4   21170.637    213 42767.275    42876.979    43822.002
337  K3P+R4        21225.323    209 42868.646    42973.772    43903.567
346  K3P+I+R4      21225.578    210 42871.156    42977.415    43911.029
359  TN+F+R4       21130.626    212 42685.253    42793.801    43735.028
368  TN+F+I+R4     21130.033    213 42686.065    42795.769    43740.793
381  TNe+R4        21226.365    209 42870.730    42975.856    43905.650
390  TNe+I+R4      21226.286    210 42872.571    42978.830    43912.443
403  HKY+F+R4      21172.394    211 42766.788    42874.188    43811.612
412  HKY+F+I+R4    21173.332    212 42770.665    42879.213    43820.440
425  K2P+R4        21228.797    208 42873.595    42977.595    43903.564
434  K2P+I+R4      21229.136    209 42876.272    42981.398    43911.192
447  F81+F+R4      21862.498    210 44144.995    44251.254    45184.867
456  F81+F+I+R4    21862.846    211 44147.692    44255.092    45192.516
469  JC+R4         21907.674    207 44229.347    44332.229    45254.364
478  JC+I+R4       21908.166    208 44232.333    44336.333    45262.301
Akaike Information Criterion:           GTR+F+I+R4
Corrected Akaike Information Criterion: GTR+F+R4
Bayesian Information Criterion:         GTR+F+R4
Best-fit model: GTR+F+R4 chosen according to BIC

All model information printed to 18S_PutativeSeqs_iqtree.model.gz
CPU time for ModelFinder: 539.487 seconds (0h:8m:59s)
Wall-clock time for ModelFinder: 197.590 seconds (0h:3m:17s)
Generating 1000 samples for ultrafast bootstrap (seed: 810755)...

NOTE: 13 MB RAM (0 GB) is required!
Estimate model parameters (epsilon = 0.100)
1. Initial log-likelihood: -21068.462
Optimal log-likelihood: -21068.379
Rate parameters:  A-C: 1.11581  A-G: 3.18292  A-T: 1.67401  C-G: 0.59032  C-T: 5.38195  G-T: 1.00000
Base frequencies:  A: 0.280  C: 0.188  G: 0.273  T: 0.259
Site proportion and rates:  (0.517,0.150) (0.262,0.935) (0.169,2.422) (0.052,5.146)
Parameters optimization took 1 rounds (0.160 sec)
Wrote distance file to... 
Computing ML distances based on estimated model parameters...
Calculating distance matrix: done in 0.0260551 secs using 300.6% CPU
Computing ML distances took 0.026334 sec (of wall-clock time) 0.078990 sec (of CPU time)
WARNING: Some pairwise ML distances are too long (saturated)
Setting up auxiliary I and S matrices: done in 0.000230074 secs using 315.6% CPU
Computing RapidNJ tree took 0.002676 sec (of wall-clock time) 0.005731 sec (of CPU time)
Log-likelihood of RapidNJ tree: -21393.277
--------------------------------------------------------------------
|             INITIALIZING CANDIDATE TREE SET                      |
--------------------------------------------------------------------
Generating 98 parsimony trees... 2.634 second
Computing log-likelihood of 98 initial trees ... 3.936 seconds
Current best score: -21068.379

Do NNI search on 20 best initial trees
Estimate model parameters (epsilon = 0.100)
BETTER TREE FOUND at iteration 1: -21067.452
Estimate model parameters (epsilon = 0.100)
BETTER TREE FOUND at iteration 2: -21054.680
Estimate model parameters (epsilon = 0.100)
BETTER TREE FOUND at iteration 4: -21049.124
UPDATE BEST LOG-LIKELIHOOD: -21049.121
Iteration 10 / LogL: -21056.232 / Time: 0h:3m:33s
Iteration 20 / LogL: -21055.791 / Time: 0h:3m:40s
Finish initializing candidate tree set (18)
Current best tree score: -21049.121 / CPU time: 22.403
Number of iterations: 20
--------------------------------------------------------------------
|               OPTIMIZING CANDIDATE TREE SET                      |
--------------------------------------------------------------------
Iteration 30 / LogL: -21053.494 / Time: 0h:3m:47s (0h:1m:16s left)
Estimate model parameters (epsilon = 0.100)
BETTER TREE FOUND at iteration 39: -21048.872
Iteration 40 / LogL: -21049.717 / Time: 0h:3m:55s (0h:1m:35s left)
Estimate model parameters (epsilon = 0.100)
BETTER TREE FOUND at iteration 41: -21047.141
Iteration 50 / LogL: -21054.585 / Time: 0h:4m:3s (0h:1m:25s left)
Log-likelihood cutoff on original alignment: -21111.407
Iteration 60 / LogL: -21059.515 / Time: 0h:4m:11s (0h:1m:14s left)
UPDATE BEST LOG-LIKELIHOOD: -21047.139
Iteration 70 / LogL: -21047.949 / Time: 0h:4m:19s (0h:1m:3s left)
Estimate model parameters (epsilon = 0.100)
BETTER TREE FOUND at iteration 79: -21046.883
Iteration 80 / LogL: -21047.152 / Time: 0h:4m:27s (0h:1m:27s left)
Iteration 90 / LogL: -21060.233 / Time: 0h:4m:34s (0h:1m:17s left)
Iteration 100 / LogL: -21053.341 / Time: 0h:4m:42s (0h:1m:8s left)
Log-likelihood cutoff on original alignment: -21105.330
NOTE: Bootstrap correlation coefficient of split occurrence frequencies: 0.995
Estimate model parameters (epsilon = 0.100)
BETTER TREE FOUND at iteration 101: -21044.482
Iteration 110 / LogL: -21044.699 / Time: 0h:4m:48s (0h:1m:16s left)
UPDATE BEST LOG-LIKELIHOOD: -21044.475
Iteration 120 / LogL: -21049.524 / Time: 0h:4m:53s (0h:1m:5s left)
Iteration 130 / LogL: -21046.675 / Time: 0h:5m:0s (0h:0m:56s left)
Iteration 140 / LogL: -21044.581 / Time: 0h:5m:8s (0h:0m:48s left)
Estimate model parameters (epsilon = 0.100)
BETTER TREE FOUND at iteration 146: -21039.160
Iteration 150 / LogL: -21050.113 / Time: 0h:5m:17s (0h:1m:17s left)
Log-likelihood cutoff on original alignment: -21105.330
Estimate model parameters (epsilon = 0.100)
BETTER TREE FOUND at iteration 155: -21038.608
Iteration 160 / LogL: -21038.993 / Time: 0h:5m:25s (0h:1m:16s left)
UPDATE BEST LOG-LIKELIHOOD: -21038.606
Iteration 170 / LogL: -21038.611 / Time: 0h:5m:33s (0h:1m:8s left)
UPDATE BEST LOG-LIKELIHOOD: -21038.605
Iteration 180 / LogL: -21039.048 / Time: 0h:5m:40s (0h:0m:59s left)
Iteration 190 / LogL: -21038.635 / Time: 0h:5m:48s (0h:0m:51s left)
Iteration 200 / LogL: -21039.855 / Time: 0h:5m:55s (0h:0m:43s left)
Log-likelihood cutoff on original alignment: -21105.330
NOTE: Bootstrap correlation coefficient of split occurrence frequencies: 0.965
NOTE: UFBoot does not converge, continue at least 100 more iterations
Iteration 210 / LogL: -21040.575 / Time: 0h:6m:4s (0h:1m:11s left)
Iteration 220 / LogL: -21043.863 / Time: 0h:6m:11s (0h:1m:3s left)
Iteration 230 / LogL: -21044.819 / Time: 0h:6m:18s (0h:0m:55s left)
Iteration 240 / LogL: -21043.453 / Time: 0h:6m:23s (0h:0m:46s left)
Iteration 250 / LogL: -21039.546 / Time: 0h:6m:28s (0h:0m:38s left)
Log-likelihood cutoff on original alignment: -21105.330
Iteration 260 / LogL: -21038.608 / Time: 0h:6m:36s (0h:0m:30s left)
Iteration 270 / LogL: -21039.585 / Time: 0h:6m:43s (0h:0m:22s left)
Iteration 280 / LogL: -21051.524 / Time: 0h:6m:51s (0h:0m:15s left)
Iteration 290 / LogL: -21039.375 / Time: 0h:6m:58s (0h:0m:7s left)
Iteration 300 / LogL: -21048.016 / Time: 0h:7m:5s (0h:0m:0s left)
Log-likelihood cutoff on original alignment: -21105.330
NOTE: Bootstrap correlation coefficient of split occurrence frequencies: 0.979
NOTE: UFBoot does not converge, continue at least 100 more iterations
Iteration 310 / LogL: -21052.523 / Time: 0h:7m:14s (0h:1m:8s left)
Iteration 320 / LogL: -21091.236 / Time: 0h:7m:22s (0h:1m:1s left)
Iteration 330 / LogL: -21045.751 / Time: 0h:7m:30s (0h:0m:53s left)
Iteration 340 / LogL: -21039.094 / Time: 0h:7m:37s (0h:0m:46s left)
Iteration 350 / LogL: -21038.734 / Time: 0h:7m:44s (0h:0m:38s left)
Log-likelihood cutoff on original alignment: -21105.330
Iteration 360 / LogL: -21038.984 / Time: 0h:7m:52s (0h:0m:30s left)
Iteration 370 / LogL: -21060.609 / Time: 0h:7m:58s (0h:0m:22s left)
Iteration 380 / LogL: -21038.801 / Time: 0h:8m:2s (0h:0m:15s left)
Iteration 390 / LogL: -21041.650 / Time: 0h:8m:9s (0h:0m:7s left)
Iteration 400 / LogL: -21055.448 / Time: 0h:8m:17s (0h:0m:0s left)
Log-likelihood cutoff on original alignment: -21105.330
NOTE: Bootstrap correlation coefficient of split occurrence frequencies: 0.997
TREE SEARCH COMPLETED AFTER 400 ITERATIONS / Time: 0h:8m:18s

--------------------------------------------------------------------
|                    FINALIZING TREE SEARCH                        |
--------------------------------------------------------------------
Performs final model parameters optimization
Estimate model parameters (epsilon = 0.010)
1. Initial log-likelihood: -21038.605
2. Current log-likelihood: -21038.592
Optimal log-likelihood: -21038.580
Rate parameters:  A-C: 1.15574  A-G: 3.25130  A-T: 1.67198  C-G: 0.58120  C-T: 5.53175  G-T: 1.00000
Base frequencies:  A: 0.280  C: 0.188  G: 0.273  T: 0.259
Site proportion and rates:  (0.511,0.141) (0.260,0.905) (0.173,2.300) (0.056,5.263)
Parameters optimization took 2 rounds (0.439 sec)
BEST SCORE FOUND : -21038.580
Creating bootstrap support values...
Split supports printed to NEXUS file 18S_PutativeSeqs_iqtree.splits.nex
Total tree length: 5.530

Total number of iterations: 400
CPU time used for tree search: 881.142 sec (0h:14m:41s)
Wall-clock time used for tree search: 300.270 sec (0h:5m:0s)
Total CPU time used: 1424.406 sec (0h:23m:44s)
Total wall-clock time used: 499.374 sec (0h:8m:19s)

Computing bootstrap consensus tree...
Reading input file 18S_PutativeSeqs_iqtree.splits.nex...
102 taxa and 590 splits.
Consensus tree written to 18S_PutativeSeqs_iqtree.contree
Reading input trees file 18S_PutativeSeqs_iqtree.contree
Log-likelihood of consensus tree: -21038.940

Analysis results written to: 
  IQ-TREE report:                18S_PutativeSeqs_iqtree.iqtree
  Maximum-likelihood tree:       18S_PutativeSeqs_iqtree.treefile
  Likelihood distances:          18S_PutativeSeqs_iqtree.mldist

Ultrafast bootstrap approximation results written to:
  Split support values:          18S_PutativeSeqs_iqtree.splits.nex
  Consensus tree:                18S_PutativeSeqs_iqtree.contree
  Screen log file:               18S_PutativeSeqs_iqtree.log

Date and Time: Sun May 12 00:48:55 2024
